---- Performing inference on Ns100_pa_0.0005_boots/Ns100_pa_0.0005.15.polyDFE.txt using model B

---- Warning: mutation variability is not used when only one neutral and one selected fragment is available.
---- No mutation variability. Using Poisson likelihood.

---- Using provided initial values


-- Starting local optimization
 it       eps_an        theta_bar      S_d            b             r  2          r  3          r  4          r  5          r  6          r  7          r  8          r  9          r 10          r 11          r 12          r 13          r 14          r 15          r 16          r 17          r 18          r 19         ln lk             grad     status
  0      4.50e-06       0.00100     -400.00000       0.40000       1.00000       1.00000       1.00000       1.00000       1.00000       1.00000       1.00000       1.00000       1.00000       1.00000       1.00000       1.00000       1.00000       1.00000       1.00000       1.00000       1.00000       1.00000  -227124.8547622438   1642.14713   -2
167      4.50e-06       0.00931    -1175.52466       0.18922       0.95282       0.94440       0.92999       0.90104       0.88853       0.90330       0.86416       0.85428       0.89135       0.81076       0.84128       0.86457       0.93911       0.87620       0.84561       0.90538       0.89612       0.94553  -205.5947545003      0.00057   -3
-- Local optimization: stuck in the same solution


---- Best joint likelihood found -205.59475 with gradient 0.00057
-- Model: B
--     eps_an        eps_cont      theta_bar     a        
--    4.50e-06      0.00e+00       0.00931       -1.00000  
--      S_d            b             p_b           S_b      
--  -1175.52466       0.18922      0.00e+00      0.00e+00  
--     r  2          r  3          r  4          r  5          r  6          r  7          r  8          r  9          r 10          r 11          r 12          r 13          r 14          r 15          r 16          r 17          r 18          r 19     
--     0.95282       0.94440       0.92999       0.90104       0.88853       0.90330       0.86416       0.85428       0.89135       0.81076       0.84128       0.86457       0.93911       0.87620       0.84561       0.90538       0.89612       0.94553  

---- Expected P_neut(i), 0 < i < n (neutral SFS per site) 
E[P_neut(1)] = 0.009310
E[P_neut(2)] = 0.004435
E[P_neut(3)] = 0.002931
E[P_neut(4)] = 0.002165
E[P_neut(5)] = 0.001678
E[P_neut(6)] = 0.001379
E[P_neut(7)] = 0.001201
E[P_neut(8)] = 0.001006
E[P_neut(9)] = 0.000884
E[P_neut(10)] = 0.000830
E[P_neut(11)] = 0.000686
E[P_neut(12)] = 0.000653
E[P_neut(13)] = 0.000619
E[P_neut(14)] = 0.000625
E[P_neut(15)] = 0.000544
E[P_neut(16)] = 0.000492
E[P_neut(17)] = 0.000496
E[P_neut(18)] = 0.000464
E[P_neut(19)] = 0.000463

---- Expected P_sel(i), 0 < i < n (selected SFS per site) 
E[P_sel(1)] = 0.003662
E[P_sel(2)] = 0.001442
E[P_sel(3)] = 0.000871
E[P_sel(4)] = 0.000608
E[P_sel(5)] = 0.000452
E[P_sel(6)] = 0.000360
E[P_sel(7)] = 0.000305
E[P_sel(8)] = 0.000250
E[P_sel(9)] = 0.000215
E[P_sel(10)] = 0.000199
E[P_sel(11)] = 0.000162
E[P_sel(12)] = 0.000152
E[P_sel(13)] = 0.000142
E[P_sel(14)] = 0.000142
E[P_sel(15)] = 0.000122
E[P_sel(16)] = 0.000109
E[P_sel(17)] = 0.000109
E[P_sel(18)] = 0.000101
E[P_sel(19)] = 0.000100

---- Expected neutral and selected misattributed polymorphism per site
E[mis_neut] = 0.000465
E[mis_sel] = 0.000100

---- alpha_div = 0.313196
---- alpha_dfe = 0.000000



