---- Performing inference on Ns100_pa_0.0005_boots/Ns100_pa_0.0005.87.polyDFE.txt using model B

---- Warning: mutation variability is not used when only one neutral and one selected fragment is available.
---- No mutation variability. Using Poisson likelihood.

---- Using provided initial values


-- Starting local optimization
 it       eps_an        theta_bar      S_d            b             r  2          r  3          r  4          r  5          r  6          r  7          r  8          r  9          r 10          r 11          r 12          r 13          r 14          r 15          r 16          r 17          r 18          r 19         ln lk             grad     status
  0      4.50e-06       0.00100     -400.00000       0.40000       1.00000       1.00000       1.00000       1.00000       1.00000       1.00000       1.00000       1.00000       1.00000       1.00000       1.00000       1.00000       1.00000       1.00000       1.00000       1.00000       1.00000       1.00000  -225920.7425307095   1635.97804   -2
177      4.50e-06       0.00933    -1379.44700       0.18420       0.95889       0.93664       0.90869       0.90359       0.84486       0.89023       0.87831       0.84813       0.84944       0.83248       0.86610       0.87689       0.90315       0.89784       0.83177       0.88090       0.92617       0.92903  -192.9476227501      0.00111   -3
-- Local optimization: stuck in the same solution


---- Best joint likelihood found -192.94762 with gradient 0.00111
-- Model: B
--     eps_an        eps_cont      theta_bar     a        
--    4.50e-06      0.00e+00       0.00933       -1.00000  
--      S_d            b             p_b           S_b      
--  -1379.44700       0.18420      0.00e+00      0.00e+00  
--     r  2          r  3          r  4          r  5          r  6          r  7          r  8          r  9          r 10          r 11          r 12          r 13          r 14          r 15          r 16          r 17          r 18          r 19     
--     0.95889       0.93664       0.90869       0.90359       0.84486       0.89023       0.87831       0.84813       0.84944       0.83248       0.86610       0.87689       0.90315       0.89784       0.83177       0.88090       0.92617       0.92903  

---- Expected P_neut(i), 0 < i < n (neutral SFS per site) 
E[P_neut(1)] = 0.009333
E[P_neut(2)] = 0.004475
E[P_neut(3)] = 0.002914
E[P_neut(4)] = 0.002120
E[P_neut(5)] = 0.001687
E[P_neut(6)] = 0.001314
E[P_neut(7)] = 0.001187
E[P_neut(8)] = 0.001025
E[P_neut(9)] = 0.000880
E[P_neut(10)] = 0.000793
E[P_neut(11)] = 0.000706
E[P_neut(12)] = 0.000674
E[P_neut(13)] = 0.000630
E[P_neut(14)] = 0.000602
E[P_neut(15)] = 0.000559
E[P_neut(16)] = 0.000485
E[P_neut(17)] = 0.000484
E[P_neut(18)] = 0.000480
E[P_neut(19)] = 0.000456

---- Expected P_sel(i), 0 < i < n (selected SFS per site) 
E[P_sel(1)] = 0.003637
E[P_sel(2)] = 0.001448
E[P_sel(3)] = 0.000865
E[P_sel(4)] = 0.000595
E[P_sel(5)] = 0.000455
E[P_sel(6)] = 0.000343
E[P_sel(7)] = 0.000302
E[P_sel(8)] = 0.000255
E[P_sel(9)] = 0.000215
E[P_sel(10)] = 0.000191
E[P_sel(11)] = 0.000167
E[P_sel(12)] = 0.000157
E[P_sel(13)] = 0.000145
E[P_sel(14)] = 0.000137
E[P_sel(15)] = 0.000126
E[P_sel(16)] = 0.000108
E[P_sel(17)] = 0.000107
E[P_sel(18)] = 0.000105
E[P_sel(19)] = 0.000099

---- Expected neutral and selected misattributed polymorphism per site
E[mis_neut] = 0.000467
E[mis_sel] = 0.000101

---- alpha_div = 0.297371
---- alpha_dfe = 0.000000



