---- Performing inference on Ns100_pa_0.0005_boots/Ns100_pa_0.0005.72.polyDFE.txt using model B

---- Warning: mutation variability is not used when only one neutral and one selected fragment is available.
---- No mutation variability. Using Poisson likelihood.

---- Using provided initial values


-- Starting local optimization
 it       eps_an        theta_bar      S_d            b             r  2          r  3          r  4          r  5          r  6          r  7          r  8          r  9          r 10          r 11          r 12          r 13          r 14          r 15          r 16          r 17          r 18          r 19         ln lk             grad     status
  0      4.50e-06       0.00100     -400.00000       0.40000       1.00000       1.00000       1.00000       1.00000       1.00000       1.00000       1.00000       1.00000       1.00000       1.00000       1.00000       1.00000       1.00000       1.00000       1.00000       1.00000       1.00000       1.00000  -225845.4900061780   1633.90631   -2
207      4.50e-06       0.00934    -1158.71887       0.19141       0.96140       0.94498       0.90991       0.90329       0.86669       0.91263       0.88642       0.82552       0.82507       0.79816       0.87487       0.92229       0.87581       0.90665       0.82071       0.86034       0.92963       0.91112  -199.1570222644      0.00037   -3
-- Local optimization: stuck in the same solution


---- Best joint likelihood found -199.15702 with gradient 0.00037
-- Model: B
--     eps_an        eps_cont      theta_bar     a        
--    4.50e-06      0.00e+00       0.00934       -1.00000  
--      S_d            b             p_b           S_b      
--  -1158.71887       0.19141      0.00e+00      0.00e+00  
--     r  2          r  3          r  4          r  5          r  6          r  7          r  8          r  9          r 10          r 11          r 12          r 13          r 14          r 15          r 16          r 17          r 18          r 19     
--     0.96140       0.94498       0.90991       0.90329       0.86669       0.91263       0.88642       0.82552       0.82507       0.79816       0.87487       0.92229       0.87581       0.90665       0.82071       0.86034       0.92963       0.91112  

---- Expected P_neut(i), 0 < i < n (neutral SFS per site) 
E[P_neut(1)] = 0.009344
E[P_neut(2)] = 0.004492
E[P_neut(3)] = 0.002943
E[P_neut(4)] = 0.002126
E[P_neut(5)] = 0.001688
E[P_neut(6)] = 0.001350
E[P_neut(7)] = 0.001218
E[P_neut(8)] = 0.001035
E[P_neut(9)] = 0.000857
E[P_neut(10)] = 0.000771
E[P_neut(11)] = 0.000678
E[P_neut(12)] = 0.000681
E[P_neut(13)] = 0.000663
E[P_neut(14)] = 0.000585
E[P_neut(15)] = 0.000565
E[P_neut(16)] = 0.000479
E[P_neut(17)] = 0.000473
E[P_neut(18)] = 0.000483
E[P_neut(19)] = 0.000448

---- Expected P_sel(i), 0 < i < n (selected SFS per site) 
E[P_sel(1)] = 0.003655
E[P_sel(2)] = 0.001448
E[P_sel(3)] = 0.000867
E[P_sel(4)] = 0.000591
E[P_sel(5)] = 0.000450
E[P_sel(6)] = 0.000348
E[P_sel(7)] = 0.000306
E[P_sel(8)] = 0.000254
E[P_sel(9)] = 0.000206
E[P_sel(10)] = 0.000182
E[P_sel(11)] = 0.000158
E[P_sel(12)] = 0.000157
E[P_sel(13)] = 0.000150
E[P_sel(14)] = 0.000131
E[P_sel(15)] = 0.000125
E[P_sel(16)] = 0.000105
E[P_sel(17)] = 0.000103
E[P_sel(18)] = 0.000104
E[P_sel(19)] = 0.000096

---- Expected neutral and selected misattributed polymorphism per site
E[mis_neut] = 0.000467
E[mis_sel] = 0.000099

---- alpha_div = 0.317350
---- alpha_dfe = 0.000000



