---- Performing inference on Ns100_pa_0.0005_boots/Ns100_pa_0.0005.44.polyDFE.txt using model B

---- Warning: mutation variability is not used when only one neutral and one selected fragment is available.
---- No mutation variability. Using Poisson likelihood.

---- Using provided initial values


-- Starting local optimization
 it       eps_an        eps_cont      lambda        theta_bar      S_d            b             p_b           S_b           r  2          r  3          r  4          r  5          r  6          r  7          r  8          r  9          r 10          r 11          r 12          r 13          r 14          r 15          r 16          r 17          r 18          r 19          r 20         ln lk             grad     status
  0      4.50e-06      9.00e-07       0.00500       0.00100     -400.00000       0.40000       0.02000       4.00000       1.00000       1.00000       1.00000       1.00000       1.00000       1.00000       1.00000       1.00000       1.00000       1.00000       1.00000       1.00000       1.00000       1.00000       1.00000       1.00000       1.00000       1.00000       1.00000  -217664.1719900080   1580.59621   -2
163      4.49e-06      9.00e-07       0.00507       0.00920    -1152.68652       0.19173       0.00255      37.42121       0.95639       0.94804       0.91702       0.93975       0.88524       0.87857       0.90390       0.85296       0.88129       0.80859       0.87291       0.91571       0.92428       0.91924       0.85717       0.88879       0.89778       0.86172       0.82756  -220.2828536340      0.11028   -3
-- Local optimization: stuck in the same solution


---- Best joint likelihood found -220.28285 with gradient 0.11028
-- Model: B
--     eps_an        eps_cont      lambda        theta_bar     a        
--    4.49e-06      9.00e-07       0.00507       0.00920       -1.00000  
--      S_d            b             p_b           S_b      
--  -1152.68652       0.19173       0.00255      37.42121  
--     r  2          r  3          r  4          r  5          r  6          r  7          r  8          r  9          r 10          r 11          r 12          r 13          r 14          r 15          r 16          r 17          r 18          r 19          r 20     
--     0.95639       0.94804       0.91702       0.93975       0.88524       0.87857       0.90390       0.85296       0.88129       0.80859       0.87291       0.91571       0.92428       0.91924       0.85717       0.88879       0.89778       0.86172       0.82756  

---- Expected P_neut(i), 0 < i < n (neutral SFS per site) 
E[P_neut(1)] = 0.009197
E[P_neut(2)] = 0.004398
E[P_neut(3)] = 0.002906
E[P_neut(4)] = 0.002108
E[P_neut(5)] = 0.001729
E[P_neut(6)] = 0.001357
E[P_neut(7)] = 0.001154
E[P_neut(8)] = 0.001039
E[P_neut(9)] = 0.000872
E[P_neut(10)] = 0.000811
E[P_neut(11)] = 0.000676
E[P_neut(12)] = 0.000669
E[P_neut(13)] = 0.000648
E[P_neut(14)] = 0.000607
E[P_neut(15)] = 0.000564
E[P_neut(16)] = 0.000493
E[P_neut(17)] = 0.000481
E[P_neut(18)] = 0.000459
E[P_neut(19)] = 0.000417

---- Expected P_sel(i), 0 < i < n (selected SFS per site) 
E[P_sel(1)] = 0.003612
E[P_sel(2)] = 0.001426
E[P_sel(3)] = 0.000862
E[P_sel(4)] = 0.000591
E[P_sel(5)] = 0.000465
E[P_sel(6)] = 0.000354
E[P_sel(7)] = 0.000294
E[P_sel(8)] = 0.000259
E[P_sel(9)] = 0.000213
E[P_sel(10)] = 0.000195
E[P_sel(11)] = 0.000161
E[P_sel(12)] = 0.000157
E[P_sel(13)] = 0.000151
E[P_sel(14)] = 0.000141
E[P_sel(15)] = 0.000130
E[P_sel(16)] = 0.000114
E[P_sel(17)] = 0.000112
E[P_sel(18)] = 0.000109
E[P_sel(19)] = 0.000103

---- Expected D_neut and D_sel (neutral and selected divergence per site) 
E[D_neut] = 0.005450
E[D_sel] = 0.001646

---- Expected neutral and selected misattributed polymorphism per site
E[mis_neut] = 0.000381
E[mis_sel] = 0.000101

---- alpha_div = 0.316103
---- alpha_dfe = 0.313178



