---- Performing inference on Ns100_pa_0.0005_boots/Ns100_pa_0.0005.66.polyDFE.txt using model B

---- Warning: mutation variability is not used when only one neutral and one selected fragment is available.
---- No mutation variability. Using Poisson likelihood.

---- Using provided initial values


-- Starting local optimization
 it       eps_an        lambda        theta_bar      S_d            b             r  2          r  3          r  4          r  5          r  6          r  7          r  8          r  9          r 10          r 11          r 12          r 13          r 14          r 15          r 16          r 17          r 18          r 19          r 20         ln lk             grad     status
  0      4.50e-06       0.00500       0.00100     -400.00000       0.40000       1.00000       1.00000       1.00000       1.00000       1.00000       1.00000       1.00000       1.00000       1.00000       1.00000       1.00000       1.00000       1.00000       1.00000       1.00000       1.00000       1.00000       1.00000       1.00000  -233334.7019111103   1755.81911   -2
642      4.31e-06       0.00012       0.00930    -6083.83192       0.13916       0.94808       0.91671       0.88730       0.89220       0.84556       0.86842       0.81468       0.82942       0.80629       0.79007       0.80480       0.85104       0.89313       0.85387       0.78298       0.86074       0.85588       0.85721      12.50801  -451.1299758001      0.03944   -6
-- Local optimization: reached maximum running time allowed


---- Best joint likelihood found -451.12998 with gradient 0.03944
-- Model: B
--     eps_an        eps_cont      lambda        theta_bar     a        
--    4.31e-06      0.00e+00       0.00012       0.00930       -1.00000  
--      S_d            b             p_b           S_b      
--  -6083.83192       0.13916      0.00e+00      0.00e+00  
--     r  2          r  3          r  4          r  5          r  6          r  7          r  8          r  9          r 10          r 11          r 12          r 13          r 14          r 15          r 16          r 17          r 18          r 19          r 20     
--     0.94808       0.91671       0.88730       0.89220       0.84556       0.86842       0.81468       0.82942       0.80629       0.79007       0.80480       0.85104       0.89313       0.85387       0.78298       0.86074       0.85588       0.85721      12.50801  

---- Expected P_neut(i), 0 < i < n (neutral SFS per site) 
E[P_neut(1)] = 0.009304
E[P_neut(2)] = 0.004411
E[P_neut(3)] = 0.002843
E[P_neut(4)] = 0.002064
E[P_neut(5)] = 0.001660
E[P_neut(6)] = 0.001311
E[P_neut(7)] = 0.001154
E[P_neut(8)] = 0.000948
E[P_neut(9)] = 0.000857
E[P_neut(10)] = 0.000750
E[P_neut(11)] = 0.000668
E[P_neut(12)] = 0.000624
E[P_neut(13)] = 0.000609
E[P_neut(14)] = 0.000594
E[P_neut(15)] = 0.000530
E[P_neut(16)] = 0.000455
E[P_neut(17)] = 0.000471
E[P_neut(18)] = 0.000442
E[P_neut(19)] = 0.000420

---- Expected P_sel(i), 0 < i < n (selected SFS per site) 
E[P_sel(1)] = 0.003566
E[P_sel(2)] = 0.001470
E[P_sel(3)] = 0.000888
E[P_sel(4)] = 0.000619
E[P_sel(5)] = 0.000483
E[P_sel(6)] = 0.000372
E[P_sel(7)] = 0.000322
E[P_sel(8)] = 0.000260
E[P_sel(9)] = 0.000232
E[P_sel(10)] = 0.000200
E[P_sel(11)] = 0.000176
E[P_sel(12)] = 0.000163
E[P_sel(13)] = 0.000157
E[P_sel(14)] = 0.000152
E[P_sel(15)] = 0.000135
E[P_sel(16)] = 0.000115
E[P_sel(17)] = 0.000118
E[P_sel(18)] = 0.000110
E[P_sel(19)] = 0.000104

---- Expected D_neut and D_sel (neutral and selected divergence per site) 
E[D_neut] = 0.005936
E[D_sel] = 0.001459

---- Expected neutral and selected misattributed polymorphism per site
E[mis_neut] = 0.005819
E[mis_sel] = 0.001431

---- alpha_div = 1.495835
---- alpha_dfe = 0.000000



