---- Performing inference on Ns100_pa_0.0005_boots/Ns100_pa_0.0005.38.polyDFE.txt using model B

---- Warning: mutation variability is not used when only one neutral and one selected fragment is available.
---- No mutation variability. Using Poisson likelihood.

---- Using provided initial values


-- Starting local optimization
 it       eps_an        lambda        theta_bar      S_d            b             r  2          r  3          r  4          r  5          r  6          r  7          r  8          r  9          r 10          r 11          r 12          r 13          r 14          r 15          r 16          r 17          r 18          r 19          r 20         ln lk             grad     status
  0      4.50e-06       0.00500       0.00100     -400.00000       0.40000       1.00000       1.00000       1.00000       1.00000       1.00000       1.00000       1.00000       1.00000       1.00000       1.00000       1.00000       1.00000       1.00000       1.00000       1.00000       1.00000       1.00000       1.00000       1.00000  -235397.6507451166   1764.74525   -2
664      4.30e-06       0.00013       0.00948    -7487.94145       0.13586       0.93055       0.91286       0.88533       0.84189       0.84152       0.84566       0.83194       0.80605       0.83630       0.79775       0.81787       0.83400       0.83799       0.80045       0.77221       0.83074       0.80941       0.88604      12.21404  -403.5183695629      0.01185   -6
-- Local optimization: reached maximum running time allowed


---- Best joint likelihood found -403.51837 with gradient 0.01185
-- Model: B
--     eps_an        eps_cont      lambda        theta_bar     a        
--    4.30e-06      0.00e+00       0.00013       0.00948       -1.00000  
--      S_d            b             p_b           S_b      
--  -7487.94145       0.13586      0.00e+00      0.00e+00  
--     r  2          r  3          r  4          r  5          r  6          r  7          r  8          r  9          r 10          r 11          r 12          r 13          r 14          r 15          r 16          r 17          r 18          r 19          r 20     
--     0.93055       0.91286       0.88533       0.84189       0.84152       0.84566       0.83194       0.80605       0.83630       0.79775       0.81787       0.83400       0.83799       0.80045       0.77221       0.83074       0.80941       0.88604      12.21404  

---- Expected P_neut(i), 0 < i < n (neutral SFS per site) 
E[P_neut(1)] = 0.009475
E[P_neut(2)] = 0.004409
E[P_neut(3)] = 0.002883
E[P_neut(4)] = 0.002097
E[P_neut(5)] = 0.001595
E[P_neut(6)] = 0.001329
E[P_neut(7)] = 0.001145
E[P_neut(8)] = 0.000985
E[P_neut(9)] = 0.000849
E[P_neut(10)] = 0.000792
E[P_neut(11)] = 0.000687
E[P_neut(12)] = 0.000646
E[P_neut(13)] = 0.000608
E[P_neut(14)] = 0.000567
E[P_neut(15)] = 0.000506
E[P_neut(16)] = 0.000457
E[P_neut(17)] = 0.000463
E[P_neut(18)] = 0.000426
E[P_neut(19)] = 0.000442

---- Expected P_sel(i), 0 < i < n (selected SFS per site) 
E[P_sel(1)] = 0.003599
E[P_sel(2)] = 0.001462
E[P_sel(3)] = 0.000897
E[P_sel(4)] = 0.000627
E[P_sel(5)] = 0.000463
E[P_sel(6)] = 0.000377
E[P_sel(7)] = 0.000319
E[P_sel(8)] = 0.000270
E[P_sel(9)] = 0.000229
E[P_sel(10)] = 0.000211
E[P_sel(11)] = 0.000181
E[P_sel(12)] = 0.000169
E[P_sel(13)] = 0.000157
E[P_sel(14)] = 0.000145
E[P_sel(15)] = 0.000129
E[P_sel(16)] = 0.000116
E[P_sel(17)] = 0.000116
E[P_sel(18)] = 0.000106
E[P_sel(19)] = 0.000110

---- Expected D_neut and D_sel (neutral and selected divergence per site) 
E[D_neut] = 0.005914
E[D_sel] = 0.001457

---- Expected neutral and selected misattributed polymorphism per site
E[mis_neut] = 0.005787
E[mis_sel] = 0.001426

---- alpha_div = 1.455907
---- alpha_dfe = 0.000000



