---- Performing inference on Ns100_pa_0.0005_boots/Ns100_pa_0.0005.64.polyDFE.txt using model B

---- Warning: mutation variability is not used when only one neutral and one selected fragment is available.
---- No mutation variability. Using Poisson likelihood.

---- Using provided initial values


-- Starting local optimization
 it       eps_an        eps_cont      lambda        theta_bar      S_d            b             p_b           S_b           r  2          r  3          r  4          r  5          r  6          r  7          r  8          r  9          r 10          r 11          r 12          r 13          r 14          r 15          r 16          r 17          r 18          r 19          r 20         ln lk             grad     status
  0      4.50e-06      9.00e-07       0.00500       0.00100     -400.00000       0.40000       0.02000       4.00000       1.00000       1.00000       1.00000       1.00000       1.00000       1.00000       1.00000       1.00000       1.00000       1.00000       1.00000       1.00000       1.00000       1.00000       1.00000       1.00000       1.00000       1.00000       1.00000  -219144.6178133954   1587.09305   -2
 73      4.50e-06      9.00e-07       0.00508       0.00916     -778.10408       0.20792       0.00269      37.42844       0.97240       0.97629       0.93697       0.93572       0.90955       0.91203       0.89753       0.85246       0.86767       0.87033       0.85768       0.92498       0.87556       0.92383       0.87154       0.82800       0.88096       0.84591       0.88612  -219.0438482524      1.04283   -3
-- Local optimization: stuck in the same solution


---- Best joint likelihood found -219.04385 with gradient 1.04283
-- Model: B
--     eps_an        eps_cont      lambda        theta_bar     a        
--    4.50e-06      9.00e-07       0.00508       0.00916       -1.00000  
--      S_d            b             p_b           S_b      
--   -778.10408       0.20792       0.00269      37.42844  
--     r  2          r  3          r  4          r  5          r  6          r  7          r  8          r  9          r 10          r 11          r 12          r 13          r 14          r 15          r 16          r 17          r 18          r 19          r 20     
--     0.97240       0.97629       0.93697       0.93572       0.90955       0.91203       0.89753       0.85246       0.86767       0.87033       0.85768       0.92498       0.87556       0.92383       0.87154       0.82800       0.88096       0.84591       0.88612  

---- Expected P_neut(i), 0 < i < n (neutral SFS per site) 
E[P_neut(1)] = 0.009163
E[P_neut(2)] = 0.004455
E[P_neut(3)] = 0.002982
E[P_neut(4)] = 0.002146
E[P_neut(5)] = 0.001715
E[P_neut(6)] = 0.001389
E[P_neut(7)] = 0.001194
E[P_neut(8)] = 0.001028
E[P_neut(9)] = 0.000868
E[P_neut(10)] = 0.000795
E[P_neut(11)] = 0.000725
E[P_neut(12)] = 0.000655
E[P_neut(13)] = 0.000652
E[P_neut(14)] = 0.000573
E[P_neut(15)] = 0.000564
E[P_neut(16)] = 0.000499
E[P_neut(17)] = 0.000446
E[P_neut(18)] = 0.000448
E[P_neut(19)] = 0.000408

---- Expected P_sel(i), 0 < i < n (selected SFS per site) 
E[P_sel(1)] = 0.003666
E[P_sel(2)] = 0.001449
E[P_sel(3)] = 0.000881
E[P_sel(4)] = 0.000596
E[P_sel(5)] = 0.000456
E[P_sel(6)] = 0.000357
E[P_sel(7)] = 0.000298
E[P_sel(8)] = 0.000251
E[P_sel(9)] = 0.000208
E[P_sel(10)] = 0.000187
E[P_sel(11)] = 0.000168
E[P_sel(12)] = 0.000150
E[P_sel(13)] = 0.000148
E[P_sel(14)] = 0.000130
E[P_sel(15)] = 0.000127
E[P_sel(16)] = 0.000112
E[P_sel(17)] = 0.000101
E[P_sel(18)] = 0.000104
E[P_sel(19)] = 0.000098

---- Expected D_neut and D_sel (neutral and selected divergence per site) 
E[D_neut] = 0.005486
E[D_sel] = 0.001646

---- Expected neutral and selected misattributed polymorphism per site
E[mis_neut] = 0.000406
E[mis_sel] = 0.000106

---- alpha_div = 0.337270
---- alpha_dfe = 0.332118



