---- Performing inference on Ns100_pa_0.0005_boots/Ns100_pa_0.0005.72.polyDFE.txt using model B

---- Warning: mutation variability is not used when only one neutral and one selected fragment is available.
---- No mutation variability. Using Poisson likelihood.

---- Using provided initial values


-- Starting local optimization
 it       eps_an        eps_cont      lambda        theta_bar      S_d            b             p_b           S_b           r  2          r  3          r  4          r  5          r  6          r  7          r  8          r  9          r 10          r 11          r 12          r 13          r 14          r 15          r 16          r 17          r 18          r 19          r 20         ln lk             grad     status
  0      4.50e-06      9.00e-07       0.00500       0.00100     -400.00000       0.40000       0.02000       4.00000       1.00000       1.00000       1.00000       1.00000       1.00000       1.00000       1.00000       1.00000       1.00000       1.00000       1.00000       1.00000       1.00000       1.00000       1.00000       1.00000       1.00000       1.00000       1.00000  -219006.2217618867   1584.79316   -2
 96      4.49e-06      9.00e-07       0.00514       0.00944    -1546.35137       0.18375       0.00228      37.37151       0.95422       0.93800       0.90124       0.89531       0.85527       0.89875       0.87349       0.81281       0.80559       0.78442       0.86194       0.90721       0.85527       0.88268       0.79696       0.83026       0.88827       0.85600       0.85892  -227.6044045164      0.86553   -3
-- Local optimization: stuck in the same solution


---- Best joint likelihood found -227.60440 with gradient 0.86553
-- Model: B
--     eps_an        eps_cont      lambda        theta_bar     a        
--    4.49e-06      9.00e-07       0.00514       0.00944       -1.00000  
--      S_d            b             p_b           S_b      
--  -1546.35137       0.18375       0.00228      37.37151  
--     r  2          r  3          r  4          r  5          r  6          r  7          r  8          r  9          r 10          r 11          r 12          r 13          r 14          r 15          r 16          r 17          r 18          r 19          r 20     
--     0.95422       0.93800       0.90124       0.89531       0.85527       0.89875       0.87349       0.81281       0.80559       0.78442       0.86194       0.90721       0.85527       0.88268       0.79696       0.83026       0.88827       0.85600       0.85892  

---- Expected P_neut(i), 0 < i < n (neutral SFS per site) 
E[P_neut(1)] = 0.009444
E[P_neut(2)] = 0.004506
E[P_neut(3)] = 0.002953
E[P_neut(4)] = 0.002128
E[P_neut(5)] = 0.001691
E[P_neut(6)] = 0.001346
E[P_neut(7)] = 0.001213
E[P_neut(8)] = 0.001031
E[P_neut(9)] = 0.000853
E[P_neut(10)] = 0.000761
E[P_neut(11)] = 0.000673
E[P_neut(12)] = 0.000678
E[P_neut(13)] = 0.000659
E[P_neut(14)] = 0.000577
E[P_neut(15)] = 0.000556
E[P_neut(16)] = 0.000470
E[P_neut(17)] = 0.000461
E[P_neut(18)] = 0.000466
E[P_neut(19)] = 0.000426

---- Expected P_sel(i), 0 < i < n (selected SFS per site) 
E[P_sel(1)] = 0.003626
E[P_sel(2)] = 0.001439
E[P_sel(3)] = 0.000866
E[P_sel(4)] = 0.000591
E[P_sel(5)] = 0.000452
E[P_sel(6)] = 0.000349
E[P_sel(7)] = 0.000307
E[P_sel(8)] = 0.000256
E[P_sel(9)] = 0.000208
E[P_sel(10)] = 0.000183
E[P_sel(11)] = 0.000160
E[P_sel(12)] = 0.000159
E[P_sel(13)] = 0.000153
E[P_sel(14)] = 0.000133
E[P_sel(15)] = 0.000128
E[P_sel(16)] = 0.000108
E[P_sel(17)] = 0.000107
E[P_sel(18)] = 0.000110
E[P_sel(19)] = 0.000104

---- Expected D_neut and D_sel (neutral and selected divergence per site) 
E[D_neut] = 0.005545
E[D_sel] = 0.001624

---- Expected neutral and selected misattributed polymorphism per site
E[mis_neut] = 0.000406
E[mis_sel] = 0.000106

---- alpha_div = 0.306210
---- alpha_dfe = 0.288574



