---- Performing inference on Ns100_pa_0.0005_boots/Ns100_pa_0.0005.56.polyDFE.txt using model B

---- Warning: mutation variability is not used when only one neutral and one selected fragment is available.
---- No mutation variability. Using Poisson likelihood.

---- Using provided initial values


-- Starting local optimization
 it       eps_an        theta_bar      S_d            b             r  2          r  3          r  4          r  5          r  6          r  7          r  8          r  9          r 10          r 11          r 12          r 13          r 14          r 15          r 16          r 17          r 18          r 19         ln lk             grad     status
  0      4.50e-06       0.00100     -400.00000       0.40000       1.00000       1.00000       1.00000       1.00000       1.00000       1.00000       1.00000       1.00000       1.00000       1.00000       1.00000       1.00000       1.00000       1.00000       1.00000       1.00000       1.00000       1.00000  -225894.4582084793   1636.81628   -2
193      4.50e-06       0.00925    -1178.40915       0.18860       0.96482       0.94508       0.91801       0.92442       0.87257       0.88139       0.88236       0.85908       0.85321       0.83363       0.84236       0.87613       0.91784       0.88675       0.86601       0.89092       0.91191       0.92941  -193.9771204568      0.00099   -3
-- Local optimization: stuck in the same solution


---- Best joint likelihood found -193.97712 with gradient 0.00099
-- Model: B
--     eps_an        eps_cont      theta_bar     a        
--    4.50e-06      0.00e+00       0.00925       -1.00000  
--      S_d            b             p_b           S_b      
--  -1178.40915       0.18860      0.00e+00      0.00e+00  
--     r  2          r  3          r  4          r  5          r  6          r  7          r  8          r  9          r 10          r 11          r 12          r 13          r 14          r 15          r 16          r 17          r 18          r 19     
--     0.96482       0.94508       0.91801       0.92442       0.87257       0.88139       0.88236       0.85908       0.85321       0.83363       0.84236       0.87613       0.91784       0.88675       0.86601       0.89092       0.91191       0.92941  

---- Expected P_neut(i), 0 < i < n (neutral SFS per site) 
E[P_neut(1)] = 0.009254
E[P_neut(2)] = 0.004464
E[P_neut(3)] = 0.002915
E[P_neut(4)] = 0.002124
E[P_neut(5)] = 0.001711
E[P_neut(6)] = 0.001346
E[P_neut(7)] = 0.001165
E[P_neut(8)] = 0.001021
E[P_neut(9)] = 0.000883
E[P_neut(10)] = 0.000790
E[P_neut(11)] = 0.000701
E[P_neut(12)] = 0.000650
E[P_neut(13)] = 0.000624
E[P_neut(14)] = 0.000607
E[P_neut(15)] = 0.000547
E[P_neut(16)] = 0.000501
E[P_neut(17)] = 0.000485
E[P_neut(18)] = 0.000469
E[P_neut(19)] = 0.000453

---- Expected P_sel(i), 0 < i < n (selected SFS per site) 
E[P_sel(1)] = 0.003647
E[P_sel(2)] = 0.001455
E[P_sel(3)] = 0.000869
E[P_sel(4)] = 0.000598
E[P_sel(5)] = 0.000463
E[P_sel(6)] = 0.000352
E[P_sel(7)] = 0.000297
E[P_sel(8)] = 0.000254
E[P_sel(9)] = 0.000216
E[P_sel(10)] = 0.000190
E[P_sel(11)] = 0.000166
E[P_sel(12)] = 0.000152
E[P_sel(13)] = 0.000144
E[P_sel(14)] = 0.000138
E[P_sel(15)] = 0.000123
E[P_sel(16)] = 0.000112
E[P_sel(17)] = 0.000107
E[P_sel(18)] = 0.000103
E[P_sel(19)] = 0.000098

---- Expected neutral and selected misattributed polymorphism per site
E[mis_neut] = 0.000463
E[mis_sel] = 0.000100

---- alpha_div = 0.297466
---- alpha_dfe = 0.000000



