---- Performing inference on Ns100_pa_0.0005_boots/Ns100_pa_0.0005.48.polyDFE.txt using model B

---- Warning: mutation variability is not used when only one neutral and one selected fragment is available.
---- No mutation variability. Using Poisson likelihood.

---- Using provided initial values


-- Starting local optimization
 it       eps_an        theta_bar      S_d            b             r  2          r  3          r  4          r  5          r  6          r  7          r  8          r  9          r 10          r 11          r 12          r 13          r 14          r 15          r 16          r 17          r 18          r 19         ln lk             grad     status
  0      4.50e-06       0.00100     -400.00000       0.40000       1.00000       1.00000       1.00000       1.00000       1.00000       1.00000       1.00000       1.00000       1.00000       1.00000       1.00000       1.00000       1.00000       1.00000       1.00000       1.00000       1.00000       1.00000  -225809.5202648967   1634.89495   -2
197      4.50e-06       0.00930    -1233.85014       0.18863       0.96133       0.93850       0.93034       0.91445       0.88072       0.90758       0.87243       0.84305       0.87928       0.84430       0.84989       0.89034       0.88586       0.85982       0.85053       0.88900       0.90007       0.90599  -196.7044962159      0.00042   -3
-- Local optimization: stuck in the same solution


---- Best joint likelihood found -196.70450 with gradient 0.00042
-- Model: B
--     eps_an        eps_cont      theta_bar     a        
--    4.50e-06      0.00e+00       0.00930       -1.00000  
--      S_d            b             p_b           S_b      
--  -1233.85014       0.18863      0.00e+00      0.00e+00  
--     r  2          r  3          r  4          r  5          r  6          r  7          r  8          r  9          r 10          r 11          r 12          r 13          r 14          r 15          r 16          r 17          r 18          r 19     
--     0.96133       0.93850       0.93034       0.91445       0.88072       0.90758       0.87243       0.84305       0.87928       0.84430       0.84989       0.89034       0.88586       0.85982       0.85053       0.88900       0.90007       0.90599  

---- Expected P_neut(i), 0 < i < n (neutral SFS per site) 
E[P_neut(1)] = 0.009302
E[P_neut(2)] = 0.004471
E[P_neut(3)] = 0.002910
E[P_neut(4)] = 0.002163
E[P_neut(5)] = 0.001701
E[P_neut(6)] = 0.001365
E[P_neut(7)] = 0.001206
E[P_neut(8)] = 0.001014
E[P_neut(9)] = 0.000871
E[P_neut(10)] = 0.000818
E[P_neut(11)] = 0.000714
E[P_neut(12)] = 0.000659
E[P_neut(13)] = 0.000637
E[P_neut(14)] = 0.000589
E[P_neut(15)] = 0.000533
E[P_neut(16)] = 0.000494
E[P_neut(17)] = 0.000486
E[P_neut(18)] = 0.000465
E[P_neut(19)] = 0.000444

---- Expected P_sel(i), 0 < i < n (selected SFS per site) 
E[P_sel(1)] = 0.003635
E[P_sel(2)] = 0.001444
E[P_sel(3)] = 0.000860
E[P_sel(4)] = 0.000604
E[P_sel(5)] = 0.000456
E[P_sel(6)] = 0.000354
E[P_sel(7)] = 0.000305
E[P_sel(8)] = 0.000251
E[P_sel(9)] = 0.000211
E[P_sel(10)] = 0.000195
E[P_sel(11)] = 0.000167
E[P_sel(12)] = 0.000152
E[P_sel(13)] = 0.000146
E[P_sel(14)] = 0.000133
E[P_sel(15)] = 0.000119
E[P_sel(16)] = 0.000109
E[P_sel(17)] = 0.000107
E[P_sel(18)] = 0.000101
E[P_sel(19)] = 0.000095

---- Expected neutral and selected misattributed polymorphism per site
E[mis_neut] = 0.000465
E[mis_sel] = 0.000099

---- alpha_div = 0.316640
---- alpha_dfe = 0.000000



