---- Performing inference on Ns100_pa_0.0005_boots/Ns100_pa_0.0005.92.polyDFE.txt using model B

---- Warning: mutation variability is not used when only one neutral and one selected fragment is available.
---- No mutation variability. Using Poisson likelihood.

---- Using provided initial values


-- Starting local optimization
 it       eps_an        lambda        theta_bar      S_d            b             r  2          r  3          r  4          r  5          r  6          r  7          r  8          r  9          r 10          r 11          r 12          r 13          r 14          r 15          r 16          r 17          r 18          r 19          r 20         ln lk             grad     status
  0      4.50e-06       0.00500       0.00100     -400.00000       0.40000       1.00000       1.00000       1.00000       1.00000       1.00000       1.00000       1.00000       1.00000       1.00000       1.00000       1.00000       1.00000       1.00000       1.00000       1.00000       1.00000       1.00000       1.00000       1.00000  -234175.7365304754   1759.13755   -2
724      4.21e-06       0.00002       0.00949   -10129.79257       0.13092       0.93323       0.90920       0.86869       0.84808       0.83073       0.82927       0.80716       0.80484       0.81128       0.80464       0.80570       0.86289       0.83638       0.80476       0.77676       0.81434       0.79633       0.85019      12.46631  -420.5586194835      0.03053   -6
-- Local optimization: reached maximum running time allowed


---- Best joint likelihood found -420.55862 with gradient 0.03053
-- Model: B
--     eps_an        eps_cont      lambda        theta_bar     a        
--    4.21e-06      0.00e+00       0.00002       0.00949       -1.00000  
--      S_d            b             p_b           S_b      
-- -10129.79257       0.13092      0.00e+00      0.00e+00  
--     r  2          r  3          r  4          r  5          r  6          r  7          r  8          r  9          r 10          r 11          r 12          r 13          r 14          r 15          r 16          r 17          r 18          r 19          r 20     
--     0.93323       0.90920       0.86869       0.84808       0.83073       0.82927       0.80716       0.80484       0.81128       0.80464       0.80570       0.86289       0.83638       0.80476       0.77676       0.81434       0.79633       0.85019      12.46631  

---- Expected P_neut(i), 0 < i < n (neutral SFS per site) 
E[P_neut(1)] = 0.009493
E[P_neut(2)] = 0.004430
E[P_neut(3)] = 0.002877
E[P_neut(4)] = 0.002062
E[P_neut(5)] = 0.001610
E[P_neut(6)] = 0.001314
E[P_neut(7)] = 0.001125
E[P_neut(8)] = 0.000958
E[P_neut(9)] = 0.000849
E[P_neut(10)] = 0.000770
E[P_neut(11)] = 0.000694
E[P_neut(12)] = 0.000637
E[P_neut(13)] = 0.000630
E[P_neut(14)] = 0.000567
E[P_neut(15)] = 0.000509
E[P_neut(16)] = 0.000461
E[P_neut(17)] = 0.000455
E[P_neut(18)] = 0.000420
E[P_neut(19)] = 0.000425

---- Expected P_sel(i), 0 < i < n (selected SFS per site) 
E[P_sel(1)] = 0.003571
E[P_sel(2)] = 0.001462
E[P_sel(3)] = 0.000894
E[P_sel(4)] = 0.000616
E[P_sel(5)] = 0.000468
E[P_sel(6)] = 0.000373
E[P_sel(7)] = 0.000314
E[P_sel(8)] = 0.000263
E[P_sel(9)] = 0.000230
E[P_sel(10)] = 0.000206
E[P_sel(11)] = 0.000184
E[P_sel(12)] = 0.000167
E[P_sel(13)] = 0.000164
E[P_sel(14)] = 0.000146
E[P_sel(15)] = 0.000130
E[P_sel(16)] = 0.000117
E[P_sel(17)] = 0.000115
E[P_sel(18)] = 0.000105
E[P_sel(19)] = 0.000106

---- Expected D_neut and D_sel (neutral and selected divergence per site) 
E[D_neut] = 0.005941
E[D_sel] = 0.001473

---- Expected neutral and selected misattributed polymorphism per site
E[mis_neut] = 0.005917
E[mis_sel] = 0.001467

---- alpha_div = 1.680636
---- alpha_dfe = 0.000000



