---- Performing inference on Ns100_pa_0.0005_boots/Ns100_pa_0.0005.90.polyDFE.txt using model B

---- Warning: mutation variability is not used when only one neutral and one selected fragment is available.
---- No mutation variability. Using Poisson likelihood.

---- Using provided initial values


-- Starting local optimization
 it       eps_an        theta_bar      S_d            b             r  2          r  3          r  4          r  5          r  6          r  7          r  8          r  9          r 10          r 11          r 12          r 13          r 14          r 15          r 16          r 17          r 18          r 19         ln lk             grad     status
  0      4.50e-06       0.00100     -400.00000       0.40000       1.00000       1.00000       1.00000       1.00000       1.00000       1.00000       1.00000       1.00000       1.00000       1.00000       1.00000       1.00000       1.00000       1.00000       1.00000       1.00000       1.00000       1.00000  -226366.7565873523   1637.34785   -2
181      4.50e-06       0.00936    -1212.16470       0.18899       0.95514       0.93886       0.91140       0.89523       0.87573       0.88165       0.86662       0.84388       0.85124       0.84195       0.85114       0.85898       0.91163       0.88124       0.88544       0.87155       0.87110       0.92643  -204.5141059060      0.00036   -3
-- Local optimization: stuck in the same solution


---- Best joint likelihood found -204.51411 with gradient 0.00036
-- Model: B
--     eps_an        eps_cont      theta_bar     a        
--    4.50e-06      0.00e+00       0.00936       -1.00000  
--      S_d            b             p_b           S_b      
--  -1212.16470       0.18899      0.00e+00      0.00e+00  
--     r  2          r  3          r  4          r  5          r  6          r  7          r  8          r  9          r 10          r 11          r 12          r 13          r 14          r 15          r 16          r 17          r 18          r 19     
--     0.95514       0.93886       0.91140       0.89523       0.87573       0.88165       0.86662       0.84388       0.85124       0.84195       0.85114       0.85898       0.91163       0.88124       0.88544       0.87155       0.87110       0.92643  

---- Expected P_neut(i), 0 < i < n (neutral SFS per site) 
E[P_neut(1)] = 0.009358
E[P_neut(2)] = 0.004469
E[P_neut(3)] = 0.002929
E[P_neut(4)] = 0.002132
E[P_neut(5)] = 0.001675
E[P_neut(6)] = 0.001366
E[P_neut(7)] = 0.001179
E[P_neut(8)] = 0.001014
E[P_neut(9)] = 0.000877
E[P_neut(10)] = 0.000797
E[P_neut(11)] = 0.000716
E[P_neut(12)] = 0.000664
E[P_neut(13)] = 0.000618
E[P_neut(14)] = 0.000609
E[P_neut(15)] = 0.000550
E[P_neut(16)] = 0.000518
E[P_neut(17)] = 0.000480
E[P_neut(18)] = 0.000453
E[P_neut(19)] = 0.000456

---- Expected P_sel(i), 0 < i < n (selected SFS per site) 
E[P_sel(1)] = 0.003664
E[P_sel(2)] = 0.001446
E[P_sel(3)] = 0.000867
E[P_sel(4)] = 0.000596
E[P_sel(5)] = 0.000450
E[P_sel(6)] = 0.000355
E[P_sel(7)] = 0.000298
E[P_sel(8)] = 0.000251
E[P_sel(9)] = 0.000213
E[P_sel(10)] = 0.000190
E[P_sel(11)] = 0.000168
E[P_sel(12)] = 0.000154
E[P_sel(13)] = 0.000141
E[P_sel(14)] = 0.000138
E[P_sel(15)] = 0.000123
E[P_sel(16)] = 0.000115
E[P_sel(17)] = 0.000105
E[P_sel(18)] = 0.000098
E[P_sel(19)] = 0.000098

---- Expected neutral and selected misattributed polymorphism per site
E[mis_neut] = 0.000468
E[mis_sel] = 0.000100

---- alpha_div = 0.314206
---- alpha_dfe = 0.000000



