---- Performing inference on Ns100_pa_0.0005_boots/Ns100_pa_0.0005.36.polyDFE.txt using model B

---- Warning: mutation variability is not used when only one neutral and one selected fragment is available.
---- No mutation variability. Using Poisson likelihood.

---- Using provided initial values


-- Starting local optimization
 it       eps_an        eps_cont      theta_bar      S_d            b             p_b           S_b           r  2          r  3          r  4          r  5          r  6          r  7          r  8          r  9          r 10          r 11          r 12          r 13          r 14          r 15          r 16          r 17          r 18          r 19         ln lk             grad     status
  0      4.50e-06      9.00e-07       0.00100     -400.00000       0.40000       0.02000       4.00000       1.00000       1.00000       1.00000       1.00000       1.00000       1.00000       1.00000       1.00000       1.00000       1.00000       1.00000       1.00000       1.00000       1.00000       1.00000       1.00000       1.00000       1.00000  -216215.3575544406   1546.17841   -2
598      4.48e-06      9.00e-07       0.00929     -721.00610       0.23463       0.03562       0.68681       0.96304       0.96363       0.93094       0.93519       0.88425       0.89711       0.87221       0.84017       0.87665       0.81403       0.87588       0.90203       0.88659       0.87351       0.84155       0.88394       0.90936       0.93092  -192.8237114379      0.00285   -3
-- Local optimization: stuck in the same solution


---- Best joint likelihood found -192.82371 with gradient 0.00285
-- Model: B
--     eps_an        eps_cont      theta_bar     a        
--    4.48e-06      9.00e-07       0.00929       -1.00000  
--      S_d            b             p_b           S_b      
--   -721.00610       0.23463       0.03562       0.68681  
--     r  2          r  3          r  4          r  5          r  6          r  7          r  8          r  9          r 10          r 11          r 12          r 13          r 14          r 15          r 16          r 17          r 18          r 19     
--     0.96304       0.96363       0.93094       0.93519       0.88425       0.89711       0.87221       0.84017       0.87665       0.81403       0.87588       0.90203       0.88659       0.87351       0.84155       0.88394       0.90936       0.93092  

---- Expected P_neut(i), 0 < i < n (neutral SFS per site) 
E[P_neut(1)] = 0.009290
E[P_neut(2)] = 0.004474
E[P_neut(3)] = 0.002984
E[P_neut(4)] = 0.002162
E[P_neut(5)] = 0.001738
E[P_neut(6)] = 0.001369
E[P_neut(7)] = 0.001191
E[P_neut(8)] = 0.001013
E[P_neut(9)] = 0.000867
E[P_neut(10)] = 0.000814
E[P_neut(11)] = 0.000688
E[P_neut(12)] = 0.000678
E[P_neut(13)] = 0.000645
E[P_neut(14)] = 0.000588
E[P_neut(15)] = 0.000541
E[P_neut(16)] = 0.000489
E[P_neut(17)] = 0.000483
E[P_neut(18)] = 0.000469
E[P_neut(19)] = 0.000455

---- Expected P_sel(i), 0 < i < n (selected SFS per site) 
E[P_sel(1)] = 0.003664
E[P_sel(2)] = 0.001428
E[P_sel(3)] = 0.000865
E[P_sel(4)] = 0.000591
E[P_sel(5)] = 0.000455
E[P_sel(6)] = 0.000347
E[P_sel(7)] = 0.000294
E[P_sel(8)] = 0.000245
E[P_sel(9)] = 0.000206
E[P_sel(10)] = 0.000191
E[P_sel(11)] = 0.000159
E[P_sel(12)] = 0.000155
E[P_sel(13)] = 0.000146
E[P_sel(14)] = 0.000132
E[P_sel(15)] = 0.000121
E[P_sel(16)] = 0.000108
E[P_sel(17)] = 0.000106
E[P_sel(18)] = 0.000103
E[P_sel(19)] = 0.000099

---- Expected neutral and selected misattributed polymorphism per site
E[mis_neut] = 0.000465
E[mis_sel] = 0.000101

---- alpha_div = 0.437970
---- alpha_dfe = 0.227759



