---- Performing inference on Ns100_pa_0.0005_boots/Ns100_pa_0.0005.67.polyDFE.txt using model B

---- Warning: mutation variability is not used when only one neutral and one selected fragment is available.
---- No mutation variability. Using Poisson likelihood.

---- Using provided initial values


-- Starting local optimization
 it       eps_an        eps_cont      theta_bar      S_d            b             p_b           S_b           r  2          r  3          r  4          r  5          r  6          r  7          r  8          r  9          r 10          r 11          r 12          r 13          r 14          r 15          r 16          r 17          r 18          r 19         ln lk             grad     status
  0      4.50e-06      9.00e-07       0.00100     -400.00000       0.40000       0.02000       4.00000       1.00000       1.00000       1.00000       1.00000       1.00000       1.00000       1.00000       1.00000       1.00000       1.00000       1.00000       1.00000       1.00000       1.00000       1.00000       1.00000       1.00000       1.00000  -215622.0189510940   1544.03649   -2
1319      4.45e-06      9.00e-07       0.00924     -524.96838       0.33507       0.12741       0.04061       0.97284       0.97090       0.92929       0.92346       0.86452       0.87872       0.89643       0.85666       0.87650       0.85674       0.86837       0.86623       0.87753       0.87363       0.83331       0.87317       0.92395       0.95613  -191.3617472585      0.00084   -3
-- Local optimization: stuck in the same solution


---- Best joint likelihood found -191.36175 with gradient 0.00084
-- Model: B
--     eps_an        eps_cont      theta_bar     a        
--    4.45e-06      9.00e-07       0.00924       -1.00000  
--      S_d            b             p_b           S_b      
--   -524.96838       0.33507       0.12741       0.04061  
--     r  2          r  3          r  4          r  5          r  6          r  7          r  8          r  9          r 10          r 11          r 12          r 13          r 14          r 15          r 16          r 17          r 18          r 19     
--     0.97284       0.97090       0.92929       0.92346       0.86452       0.87872       0.89643       0.85666       0.87650       0.85674       0.86837       0.86623       0.87753       0.87363       0.83331       0.87317       0.92395       0.95613  

---- Expected P_neut(i), 0 < i < n (neutral SFS per site) 
E[P_neut(1)] = 0.009243
E[P_neut(2)] = 0.004496
E[P_neut(3)] = 0.002991
E[P_neut(4)] = 0.002147
E[P_neut(5)] = 0.001707
E[P_neut(6)] = 0.001332
E[P_neut(7)] = 0.001160
E[P_neut(8)] = 0.001036
E[P_neut(9)] = 0.000880
E[P_neut(10)] = 0.000810
E[P_neut(11)] = 0.000720
E[P_neut(12)] = 0.000669
E[P_neut(13)] = 0.000616
E[P_neut(14)] = 0.000579
E[P_neut(15)] = 0.000538
E[P_neut(16)] = 0.000481
E[P_neut(17)] = 0.000475
E[P_neut(18)] = 0.000474
E[P_neut(19)] = 0.000465

---- Expected P_sel(i), 0 < i < n (selected SFS per site) 
E[P_sel(1)] = 0.003655
E[P_sel(2)] = 0.001428
E[P_sel(3)] = 0.000865
E[P_sel(4)] = 0.000587
E[P_sel(5)] = 0.000449
E[P_sel(6)] = 0.000340
E[P_sel(7)] = 0.000290
E[P_sel(8)] = 0.000254
E[P_sel(9)] = 0.000212
E[P_sel(10)] = 0.000193
E[P_sel(11)] = 0.000169
E[P_sel(12)] = 0.000156
E[P_sel(13)] = 0.000142
E[P_sel(14)] = 0.000132
E[P_sel(15)] = 0.000122
E[P_sel(16)] = 0.000108
E[P_sel(17)] = 0.000106
E[P_sel(18)] = 0.000106
E[P_sel(19)] = 0.000103

---- Expected neutral and selected misattributed polymorphism per site
E[mis_neut] = 0.000462
E[mis_sel] = 0.000102

---- alpha_div = 0.701755
---- alpha_dfe = 0.593410



