---- Performing inference on Ns100_pa_0.0005_boots/Ns100_pa_0.0005.45.polyDFE.txt using model B

---- Warning: mutation variability is not used when only one neutral and one selected fragment is available.
---- No mutation variability. Using Poisson likelihood.

---- Using provided initial values


-- Starting local optimization
 it       eps_an        eps_cont      theta_bar      S_d            b             p_b           S_b           r  2          r  3          r  4          r  5          r  6          r  7          r  8          r  9          r 10          r 11          r 12          r 13          r 14          r 15          r 16          r 17          r 18          r 19         ln lk             grad     status
  0      4.50e-06      9.00e-07       0.00100     -400.00000       0.40000       0.02000       4.00000       1.00000       1.00000       1.00000       1.00000       1.00000       1.00000       1.00000       1.00000       1.00000       1.00000       1.00000       1.00000       1.00000       1.00000       1.00000       1.00000       1.00000       1.00000  -215856.6137331054   1545.61803   -2
824      3.96e-06      8.99e-07       0.00928     -695.95010       0.26660       0.08470       0.00854       0.96721       0.94236       0.92284       0.89886       0.87229       0.87035       0.88790       0.83735       0.86541       0.87657       0.85450       0.88454       0.88448       0.87413       0.87127       0.85963       0.85964       0.94654  -195.9147471733      0.00063   -3
-- Local optimization: stuck in the same solution


---- Best joint likelihood found -195.91475 with gradient 0.00063
-- Model: B
--     eps_an        eps_cont      theta_bar     a        
--    3.96e-06      8.99e-07       0.00928       -1.00000  
--      S_d            b             p_b           S_b      
--   -695.95010       0.26660       0.08470       0.00854  
--     r  2          r  3          r  4          r  5          r  6          r  7          r  8          r  9          r 10          r 11          r 12          r 13          r 14          r 15          r 16          r 17          r 18          r 19     
--     0.96721       0.94236       0.92284       0.89886       0.87229       0.87035       0.88790       0.83735       0.86541       0.87657       0.85450       0.88454       0.88448       0.87413       0.87127       0.85963       0.85964       0.94654  

---- Expected P_neut(i), 0 < i < n (neutral SFS per site) 
E[P_neut(1)] = 0.009284
E[P_neut(2)] = 0.004490
E[P_neut(3)] = 0.002916
E[P_neut(4)] = 0.002142
E[P_neut(5)] = 0.001669
E[P_neut(6)] = 0.001350
E[P_neut(7)] = 0.001154
E[P_neut(8)] = 0.001030
E[P_neut(9)] = 0.000864
E[P_neut(10)] = 0.000803
E[P_neut(11)] = 0.000740
E[P_neut(12)] = 0.000661
E[P_neut(13)] = 0.000632
E[P_neut(14)] = 0.000587
E[P_neut(15)] = 0.000541
E[P_neut(16)] = 0.000506
E[P_neut(17)] = 0.000469
E[P_neut(18)] = 0.000443
E[P_neut(19)] = 0.000463

---- Expected P_sel(i), 0 < i < n (selected SFS per site) 
E[P_sel(1)] = 0.003677
E[P_sel(2)] = 0.001445
E[P_sel(3)] = 0.000856
E[P_sel(4)] = 0.000594
E[P_sel(5)] = 0.000444
E[P_sel(6)] = 0.000348
E[P_sel(7)] = 0.000291
E[P_sel(8)] = 0.000254
E[P_sel(9)] = 0.000209
E[P_sel(10)] = 0.000192
E[P_sel(11)] = 0.000174
E[P_sel(12)] = 0.000154
E[P_sel(13)] = 0.000145
E[P_sel(14)] = 0.000133
E[P_sel(15)] = 0.000122
E[P_sel(16)] = 0.000113
E[P_sel(17)] = 0.000104
E[P_sel(18)] = 0.000097
E[P_sel(19)] = 0.000101

---- Expected neutral and selected misattributed polymorphism per site
E[mis_neut] = 0.000464
E[mis_sel] = 0.000101

---- alpha_div = 0.574591
---- alpha_dfe = 0.395141



