---- Performing inference on Ns100_pa_0.0005_boots/Ns100_pa_0.0005.53.polyDFE.txt using model B

---- Warning: mutation variability is not used when only one neutral and one selected fragment is available.
---- No mutation variability. Using Poisson likelihood.

---- Using provided initial values


-- Starting local optimization
 it       eps_an        theta_bar      S_d            b             r  2          r  3          r  4          r  5          r  6          r  7          r  8          r  9          r 10          r 11          r 12          r 13          r 14          r 15          r 16          r 17          r 18          r 19         ln lk             grad     status
  0      4.50e-06       0.00100     -400.00000       0.40000       1.00000       1.00000       1.00000       1.00000       1.00000       1.00000       1.00000       1.00000       1.00000       1.00000       1.00000       1.00000       1.00000       1.00000       1.00000       1.00000       1.00000       1.00000  -226025.3836308974   1636.11721   -2
168      4.50e-06       0.00927    -1253.66247       0.18825       0.95406       0.95317       0.93376       0.92809       0.87317       0.91142       0.88653       0.86955       0.85863       0.88422       0.89036       0.88203       0.88668       0.84487       0.83718       0.91056       0.90588       0.95930  -200.1575894777      0.00133   -3
-- Local optimization: stuck in the same solution


---- Best joint likelihood found -200.15759 with gradient 0.00133
-- Model: B
--     eps_an        eps_cont      theta_bar     a        
--    4.50e-06      0.00e+00       0.00927       -1.00000  
--      S_d            b             p_b           S_b      
--  -1253.66247       0.18825      0.00e+00      0.00e+00  
--     r  2          r  3          r  4          r  5          r  6          r  7          r  8          r  9          r 10          r 11          r 12          r 13          r 14          r 15          r 16          r 17          r 18          r 19     
--     0.95406       0.95317       0.93376       0.92809       0.87317       0.91142       0.88653       0.86955       0.85863       0.88422       0.89036       0.88203       0.88668       0.84487       0.83718       0.91056       0.90588       0.95930  

---- Expected P_neut(i), 0 < i < n (neutral SFS per site) 
E[P_neut(1)] = 0.009272
E[P_neut(2)] = 0.004423
E[P_neut(3)] = 0.002946
E[P_neut(4)] = 0.002164
E[P_neut(5)] = 0.001721
E[P_neut(6)] = 0.001349
E[P_neut(7)] = 0.001207
E[P_neut(8)] = 0.001027
E[P_neut(9)] = 0.000896
E[P_neut(10)] = 0.000796
E[P_neut(11)] = 0.000745
E[P_neut(12)] = 0.000688
E[P_neut(13)] = 0.000629
E[P_neut(14)] = 0.000587
E[P_neut(15)] = 0.000522
E[P_neut(16)] = 0.000485
E[P_neut(17)] = 0.000497
E[P_neut(18)] = 0.000467
E[P_neut(19)] = 0.000468

---- Expected P_sel(i), 0 < i < n (selected SFS per site) 
E[P_sel(1)] = 0.003618
E[P_sel(2)] = 0.001427
E[P_sel(3)] = 0.000870
E[P_sel(4)] = 0.000604
E[P_sel(5)] = 0.000461
E[P_sel(6)] = 0.000350
E[P_sel(7)] = 0.000305
E[P_sel(8)] = 0.000254
E[P_sel(9)] = 0.000217
E[P_sel(10)] = 0.000190
E[P_sel(11)] = 0.000175
E[P_sel(12)] = 0.000159
E[P_sel(13)] = 0.000144
E[P_sel(14)] = 0.000133
E[P_sel(15)] = 0.000117
E[P_sel(16)] = 0.000107
E[P_sel(17)] = 0.000109
E[P_sel(18)] = 0.000101
E[P_sel(19)] = 0.000101

---- Expected neutral and selected misattributed polymorphism per site
E[mis_neut] = 0.000464
E[mis_sel] = 0.000099

---- alpha_div = 0.308594
---- alpha_dfe = 0.000000



