---- Performing inference on Ns100_pa_0.0005_boots/Ns100_pa_0.0005.2.polyDFE.txt using model B

---- Warning: mutation variability is not used when only one neutral and one selected fragment is available.
---- No mutation variability. Using Poisson likelihood.

---- Using provided initial values


-- Starting local optimization
 it       eps_an        eps_cont      lambda        theta_bar      S_d            b             p_b           S_b           r  2          r  3          r  4          r  5          r  6          r  7          r  8          r  9          r 10          r 11          r 12          r 13          r 14          r 15          r 16          r 17          r 18          r 19          r 20         ln lk             grad     status
  0      4.50e-06      9.00e-07       0.00500       0.00100     -400.00000       0.40000       0.02000       4.00000       1.00000       1.00000       1.00000       1.00000       1.00000       1.00000       1.00000       1.00000       1.00000       1.00000       1.00000       1.00000       1.00000       1.00000       1.00000       1.00000       1.00000       1.00000       1.00000  -219421.6763483702   1588.44963   -2
 85      4.49e-06      9.00e-07       0.00514       0.00919     -849.55731       0.20355       0.00238      37.42788       0.97435       0.94386       0.93076       0.94207       0.88509       0.91413       0.90123       0.86192       0.89193       0.87013       0.90355       0.92055       0.88570       0.89456       0.83794       0.87776       0.88597       0.88198       0.88501  -215.3559247267      0.16698   -3
-- Local optimization: stuck in the same solution


---- Best joint likelihood found -215.35592 with gradient 0.16698
-- Model: B
--     eps_an        eps_cont      lambda        theta_bar     a        
--    4.49e-06      9.00e-07       0.00514       0.00919       -1.00000  
--      S_d            b             p_b           S_b      
--   -849.55731       0.20355       0.00238      37.42788  
--     r  2          r  3          r  4          r  5          r  6          r  7          r  8          r  9          r 10          r 11          r 12          r 13          r 14          r 15          r 16          r 17          r 18          r 19          r 20     
--     0.97435       0.94386       0.93076       0.94207       0.88509       0.91413       0.90123       0.86192       0.89193       0.87013       0.90355       0.92055       0.88570       0.89456       0.83794       0.87776       0.88597       0.88198       0.88501  

---- Expected P_neut(i), 0 < i < n (neutral SFS per site) 
E[P_neut(1)] = 0.009187
E[P_neut(2)] = 0.004476
E[P_neut(3)] = 0.002891
E[P_neut(4)] = 0.002138
E[P_neut(5)] = 0.001731
E[P_neut(6)] = 0.001355
E[P_neut(7)] = 0.001200
E[P_neut(8)] = 0.001035
E[P_neut(9)] = 0.000880
E[P_neut(10)] = 0.000819
E[P_neut(11)] = 0.000727
E[P_neut(12)] = 0.000692
E[P_neut(13)] = 0.000651
E[P_neut(14)] = 0.000581
E[P_neut(15)] = 0.000548
E[P_neut(16)] = 0.000481
E[P_neut(17)] = 0.000474
E[P_neut(18)] = 0.000452
E[P_neut(19)] = 0.000427

---- Expected P_sel(i), 0 < i < n (selected SFS per site) 
E[P_sel(1)] = 0.003664
E[P_sel(2)] = 0.001457
E[P_sel(3)] = 0.000856
E[P_sel(4)] = 0.000596
E[P_sel(5)] = 0.000462
E[P_sel(6)] = 0.000350
E[P_sel(7)] = 0.000302
E[P_sel(8)] = 0.000254
E[P_sel(9)] = 0.000212
E[P_sel(10)] = 0.000194
E[P_sel(11)] = 0.000170
E[P_sel(12)] = 0.000160
E[P_sel(13)] = 0.000149
E[P_sel(14)] = 0.000132
E[P_sel(15)] = 0.000124
E[P_sel(16)] = 0.000109
E[P_sel(17)] = 0.000108
E[P_sel(18)] = 0.000105
E[P_sel(19)] = 0.000102

---- Expected D_neut and D_sel (neutral and selected divergence per site) 
E[D_neut] = 0.005548
E[D_sel] = 0.001615

---- Expected neutral and selected misattributed polymorphism per site
E[mis_neut] = 0.000407
E[mis_sel] = 0.000105

---- alpha_div = 0.306800
---- alpha_dfe = 0.302721



