---- Performing inference on Ns100_pa_0.0005_boots/Ns100_pa_0.0005.33.polyDFE.txt using model B

---- Warning: mutation variability is not used when only one neutral and one selected fragment is available.
---- No mutation variability. Using Poisson likelihood.

---- Using provided initial values


-- Starting local optimization
 it       eps_an        eps_cont      lambda        theta_bar      S_d            b             p_b           S_b           r  2          r  3          r  4          r  5          r  6          r  7          r  8          r  9          r 10          r 11          r 12          r 13          r 14          r 15          r 16          r 17          r 18          r 19          r 20         ln lk             grad     status
  0      4.50e-06      9.00e-07       0.00500       0.00100     -400.00000       0.40000       0.02000       4.00000       1.00000       1.00000       1.00000       1.00000       1.00000       1.00000       1.00000       1.00000       1.00000       1.00000       1.00000       1.00000       1.00000       1.00000       1.00000       1.00000       1.00000       1.00000       1.00000  -219799.5317452685   1588.30452   -2
138      4.49e-06      9.00e-07       0.00509       0.00931     -865.55790       0.20559       0.00256      37.42714       0.96877       0.95812       0.93005       0.93538       0.87507       0.88949       0.86562       0.83852       0.90550       0.82274       0.87778       0.86842       0.90052       0.85017       0.83217       0.89420       0.89929       0.86839       0.89234  -213.8195313894      0.33379   -3
-- Local optimization: stuck in the same solution


---- Best joint likelihood found -213.81953 with gradient 0.33379
-- Model: B
--     eps_an        eps_cont      lambda        theta_bar     a        
--    4.49e-06      9.00e-07       0.00509       0.00931       -1.00000  
--      S_d            b             p_b           S_b      
--   -865.55790       0.20559       0.00256      37.42714  
--     r  2          r  3          r  4          r  5          r  6          r  7          r  8          r  9          r 10          r 11          r 12          r 13          r 14          r 15          r 16          r 17          r 18          r 19          r 20     
--     0.96877       0.95812       0.93005       0.93538       0.87507       0.88949       0.86562       0.83852       0.90550       0.82274       0.87778       0.86842       0.90052       0.85017       0.83217       0.89420       0.89929       0.86839       0.89234  

---- Expected P_neut(i), 0 < i < n (neutral SFS per site) 
E[P_neut(1)] = 0.009311
E[P_neut(2)] = 0.004510
E[P_neut(3)] = 0.002974
E[P_neut(4)] = 0.002165
E[P_neut(5)] = 0.001742
E[P_neut(6)] = 0.001358
E[P_neut(7)] = 0.001183
E[P_neut(8)] = 0.001007
E[P_neut(9)] = 0.000867
E[P_neut(10)] = 0.000843
E[P_neut(11)] = 0.000696
E[P_neut(12)] = 0.000681
E[P_neut(13)] = 0.000622
E[P_neut(14)] = 0.000599
E[P_neut(15)] = 0.000528
E[P_neut(16)] = 0.000484
E[P_neut(17)] = 0.000490
E[P_neut(18)] = 0.000465
E[P_neut(19)] = 0.000426

---- Expected P_sel(i), 0 < i < n (selected SFS per site) 
E[P_sel(1)] = 0.003675
E[P_sel(2)] = 0.001450
E[P_sel(3)] = 0.000869
E[P_sel(4)] = 0.000596
E[P_sel(5)] = 0.000459
E[P_sel(6)] = 0.000346
E[P_sel(7)] = 0.000293
E[P_sel(8)] = 0.000244
E[P_sel(9)] = 0.000206
E[P_sel(10)] = 0.000197
E[P_sel(11)] = 0.000160
E[P_sel(12)] = 0.000155
E[P_sel(13)] = 0.000140
E[P_sel(14)] = 0.000134
E[P_sel(15)] = 0.000118
E[P_sel(16)] = 0.000108
E[P_sel(17)] = 0.000110
E[P_sel(18)] = 0.000107
E[P_sel(19)] = 0.000101

---- Expected D_neut and D_sel (neutral and selected divergence per site) 
E[D_neut] = 0.005508
E[D_sel] = 0.001620

---- Expected neutral and selected misattributed polymorphism per site
E[mis_neut] = 0.000415
E[mis_sel] = 0.000107

---- alpha_div = 0.327946
---- alpha_dfe = 0.322918



