---- Performing inference on Ns100_pa_0.0005_boots/Ns100_pa_0.0005.9.polyDFE.txt using model B

---- Warning: mutation variability is not used when only one neutral and one selected fragment is available.
---- No mutation variability. Using Poisson likelihood.

---- Using provided initial values


-- Starting local optimization
 it       eps_an        theta_bar      S_d            b             r  2          r  3          r  4          r  5          r  6          r  7          r  8          r  9          r 10          r 11          r 12          r 13          r 14          r 15          r 16          r 17          r 18          r 19         ln lk             grad     status
  0      4.50e-06       0.00100     -400.00000       0.40000       1.00000       1.00000       1.00000       1.00000       1.00000       1.00000       1.00000       1.00000       1.00000       1.00000       1.00000       1.00000       1.00000       1.00000       1.00000       1.00000       1.00000       1.00000  -226818.4728342481   1641.21349   -2
179      4.50e-06       0.00932    -1339.70906       0.18432       0.95605       0.93633       0.92771       0.91467       0.86678       0.86944       0.85289       0.84432       0.85520       0.81662       0.85660       0.92584       0.87460       0.89283       0.82566       0.94617       0.90208       0.93160  -198.3361794620      0.00082   -3
-- Local optimization: stuck in the same solution


---- Best joint likelihood found -198.33618 with gradient 0.00082
-- Model: B
--     eps_an        eps_cont      theta_bar     a        
--    4.50e-06      0.00e+00       0.00932       -1.00000  
--      S_d            b             p_b           S_b      
--  -1339.70906       0.18432      0.00e+00      0.00e+00  
--     r  2          r  3          r  4          r  5          r  6          r  7          r  8          r  9          r 10          r 11          r 12          r 13          r 14          r 15          r 16          r 17          r 18          r 19     
--     0.95605       0.93633       0.92771       0.91467       0.86678       0.86944       0.85289       0.84432       0.85520       0.81662       0.85660       0.92584       0.87460       0.89283       0.82566       0.94617       0.90208       0.93160  

---- Expected P_neut(i), 0 < i < n (neutral SFS per site) 
E[P_neut(1)] = 0.009320
E[P_neut(2)] = 0.004455
E[P_neut(3)] = 0.002909
E[P_neut(4)] = 0.002162
E[P_neut(5)] = 0.001705
E[P_neut(6)] = 0.001346
E[P_neut(7)] = 0.001158
E[P_neut(8)] = 0.000994
E[P_neut(9)] = 0.000874
E[P_neut(10)] = 0.000797
E[P_neut(11)] = 0.000692
E[P_neut(12)] = 0.000665
E[P_neut(13)] = 0.000664
E[P_neut(14)] = 0.000582
E[P_neut(15)] = 0.000555
E[P_neut(16)] = 0.000481
E[P_neut(17)] = 0.000519
E[P_neut(18)] = 0.000467
E[P_neut(19)] = 0.000457

---- Expected P_sel(i), 0 < i < n (selected SFS per site) 
E[P_sel(1)] = 0.003649
E[P_sel(2)] = 0.001448
E[P_sel(3)] = 0.000867
E[P_sel(4)] = 0.000610
E[P_sel(5)] = 0.000462
E[P_sel(6)] = 0.000353
E[P_sel(7)] = 0.000296
E[P_sel(8)] = 0.000249
E[P_sel(9)] = 0.000215
E[P_sel(10)] = 0.000192
E[P_sel(11)] = 0.000165
E[P_sel(12)] = 0.000156
E[P_sel(13)] = 0.000154
E[P_sel(14)] = 0.000133
E[P_sel(15)] = 0.000126
E[P_sel(16)] = 0.000108
E[P_sel(17)] = 0.000115
E[P_sel(18)] = 0.000103
E[P_sel(19)] = 0.000100

---- Expected neutral and selected misattributed polymorphism per site
E[mis_neut] = 0.000466
E[mis_sel] = 0.000101

---- alpha_div = 0.293885
---- alpha_dfe = 0.000000



