---- Performing inference on Ns100_pa_0.0005_boots/Ns100_pa_0.0005.37.polyDFE.txt using model B

---- Warning: mutation variability is not used when only one neutral and one selected fragment is available.
---- No mutation variability. Using Poisson likelihood.

---- Using provided initial values


-- Starting local optimization
 it       eps_an        eps_cont      lambda        theta_bar      S_d            b             p_b           S_b           r  2          r  3          r  4          r  5          r  6          r  7          r  8          r  9          r 10          r 11          r 12          r 13          r 14          r 15          r 16          r 17          r 18          r 19          r 20         ln lk             grad     status
  0      4.50e-06      9.00e-07       0.00500       0.00100     -400.00000       0.40000       0.02000       4.00000       1.00000       1.00000       1.00000       1.00000       1.00000       1.00000       1.00000       1.00000       1.00000       1.00000       1.00000       1.00000       1.00000       1.00000       1.00000       1.00000       1.00000       1.00000       1.00000  -218013.8417826431   1581.48402   -2
113      4.49e-06      9.00e-07       0.00502       0.00937    -1607.01918       0.18098       0.00245      37.42435       0.96156       0.94125       0.89670       0.90663       0.85852       0.85834       0.86621       0.82542       0.83684       0.82298       0.82413       0.87104       0.86368       0.83918       0.84916       0.88397       0.84098       0.82744       0.83920  -222.8949503504      0.46371   -3
-- Local optimization: stuck in the same solution


---- Best joint likelihood found -222.89495 with gradient 0.46371
-- Model: B
--     eps_an        eps_cont      lambda        theta_bar     a        
--    4.49e-06      9.00e-07       0.00502       0.00937       -1.00000  
--      S_d            b             p_b           S_b      
--  -1607.01918       0.18098       0.00245      37.42435  
--     r  2          r  3          r  4          r  5          r  6          r  7          r  8          r  9          r 10          r 11          r 12          r 13          r 14          r 15          r 16          r 17          r 18          r 19          r 20     
--     0.96156       0.94125       0.89670       0.90663       0.85852       0.85834       0.86621       0.82542       0.83684       0.82298       0.82413       0.87104       0.86368       0.83918       0.84916       0.88397       0.84098       0.82744       0.83920  

---- Expected P_neut(i), 0 < i < n (neutral SFS per site) 
E[P_neut(1)] = 0.009367
E[P_neut(2)] = 0.004503
E[P_neut(3)] = 0.002939
E[P_neut(4)] = 0.002100
E[P_neut(5)] = 0.001698
E[P_neut(6)] = 0.001340
E[P_neut(7)] = 0.001149
E[P_neut(8)] = 0.001014
E[P_neut(9)] = 0.000859
E[P_neut(10)] = 0.000784
E[P_neut(11)] = 0.000701
E[P_neut(12)] = 0.000643
E[P_neut(13)] = 0.000628
E[P_neut(14)] = 0.000578
E[P_neut(15)] = 0.000524
E[P_neut(16)] = 0.000497
E[P_neut(17)] = 0.000487
E[P_neut(18)] = 0.000438
E[P_neut(19)] = 0.000408

---- Expected P_sel(i), 0 < i < n (selected SFS per site) 
E[P_sel(1)] = 0.003614
E[P_sel(2)] = 0.001450
E[P_sel(3)] = 0.000870
E[P_sel(4)] = 0.000590
E[P_sel(5)] = 0.000459
E[P_sel(6)] = 0.000352
E[P_sel(7)] = 0.000294
E[P_sel(8)] = 0.000255
E[P_sel(9)] = 0.000212
E[P_sel(10)] = 0.000191
E[P_sel(11)] = 0.000168
E[P_sel(12)] = 0.000153
E[P_sel(13)] = 0.000148
E[P_sel(14)] = 0.000136
E[P_sel(15)] = 0.000123
E[P_sel(16)] = 0.000116
E[P_sel(17)] = 0.000115
E[P_sel(18)] = 0.000105
E[P_sel(19)] = 0.000101

---- Expected D_neut and D_sel (neutral and selected divergence per site) 
E[D_neut] = 0.005410
E[D_sel] = 0.001634

---- Expected neutral and selected misattributed polymorphism per site
E[mis_neut] = 0.000393
E[mis_sel] = 0.000105

---- alpha_div = 0.303992
---- alpha_dfe = 0.301026



