---- Performing inference on Ns100_pa_0.0005_boots/Ns100_pa_0.0005.1.polyDFE.txt using model B

---- Warning: mutation variability is not used when only one neutral and one selected fragment is available.
---- No mutation variability. Using Poisson likelihood.

---- Using provided initial values


-- Starting local optimization
 it       eps_an        eps_cont      theta_bar      S_d            b             p_b           S_b           r  2          r  3          r  4          r  5          r  6          r  7          r  8          r  9          r 10          r 11          r 12          r 13          r 14          r 15          r 16          r 17          r 18          r 19         ln lk             grad     status
  0      4.50e-06      9.00e-07       0.00100     -400.00000       0.40000       0.02000       4.00000       1.00000       1.00000       1.00000       1.00000       1.00000       1.00000       1.00000       1.00000       1.00000       1.00000       1.00000       1.00000       1.00000       1.00000       1.00000       1.00000       1.00000       1.00000  -218062.8952094974   1557.45961   -2
1059      4.29e-06      9.00e-07       0.00919     -535.60292       0.31327       0.11509       0.00132       0.98596       0.96501       0.94048       0.94702       0.88833       0.90426       0.91565       0.87404       0.86385       0.84799       0.88005       0.89998       0.91152       0.91594       0.84702       0.89736       0.89485       0.90313  -199.0777651306      0.00161   -3
-- Local optimization: stuck in the same solution


---- Best joint likelihood found -199.07777 with gradient 0.00161
-- Model: B
--     eps_an        eps_cont      theta_bar     a        
--    4.29e-06      9.00e-07       0.00919       -1.00000  
--      S_d            b             p_b           S_b      
--   -535.60292       0.31327       0.11509       0.00132  
--     r  2          r  3          r  4          r  5          r  6          r  7          r  8          r  9          r 10          r 11          r 12          r 13          r 14          r 15          r 16          r 17          r 18          r 19     
--     0.98596       0.96501       0.94048       0.94702       0.88833       0.90426       0.91565       0.87404       0.86385       0.84799       0.88005       0.89998       0.91152       0.91594       0.84702       0.89736       0.89485       0.90313  

---- Expected P_neut(i), 0 < i < n (neutral SFS per site) 
E[P_neut(1)] = 0.009188
E[P_neut(2)] = 0.004529
E[P_neut(3)] = 0.002955
E[P_neut(4)] = 0.002160
E[P_neut(5)] = 0.001740
E[P_neut(6)] = 0.001360
E[P_neut(7)] = 0.001187
E[P_neut(8)] = 0.001052
E[P_neut(9)] = 0.000892
E[P_neut(10)] = 0.000794
E[P_neut(11)] = 0.000708
E[P_neut(12)] = 0.000674
E[P_neut(13)] = 0.000636
E[P_neut(14)] = 0.000598
E[P_neut(15)] = 0.000561
E[P_neut(16)] = 0.000486
E[P_neut(17)] = 0.000485
E[P_neut(18)] = 0.000457
E[P_neut(19)] = 0.000437

---- Expected P_sel(i), 0 < i < n (selected SFS per site) 
E[P_sel(1)] = 0.003674
E[P_sel(2)] = 0.001458
E[P_sel(3)] = 0.000866
E[P_sel(4)] = 0.000598
E[P_sel(5)] = 0.000462
E[P_sel(6)] = 0.000351
E[P_sel(7)] = 0.000299
E[P_sel(8)] = 0.000259
E[P_sel(9)] = 0.000216
E[P_sel(10)] = 0.000190
E[P_sel(11)] = 0.000167
E[P_sel(12)] = 0.000157
E[P_sel(13)] = 0.000147
E[P_sel(14)] = 0.000137
E[P_sel(15)] = 0.000127
E[P_sel(16)] = 0.000109
E[P_sel(17)] = 0.000108
E[P_sel(18)] = 0.000101
E[P_sel(19)] = 0.000096

---- Expected neutral and selected misattributed polymorphism per site
E[mis_neut] = 0.000459
E[mis_sel] = 0.000100

---- alpha_div = 0.663818
---- alpha_dfe = 0.530221



