---- Performing inference on Ns100_pa_0.0005_boots/Ns100_pa_0.0005.31.polyDFE.txt using model B

---- Warning: mutation variability is not used when only one neutral and one selected fragment is available.
---- No mutation variability. Using Poisson likelihood.

---- Using provided initial values


-- Starting local optimization
 it       eps_an        theta_bar      S_d            b             r  2          r  3          r  4          r  5          r  6          r  7          r  8          r  9          r 10          r 11          r 12          r 13          r 14          r 15          r 16          r 17          r 18          r 19         ln lk             grad     status
  0      4.50e-06       0.00100     -400.00000       0.40000       1.00000       1.00000       1.00000       1.00000       1.00000       1.00000       1.00000       1.00000       1.00000       1.00000       1.00000       1.00000       1.00000       1.00000       1.00000       1.00000       1.00000       1.00000  -225153.4939224569   1631.15904   -2
163      4.50e-06       0.00931    -1230.05199       0.18894       0.95357       0.94712       0.92119       0.90894       0.86840       0.89530       0.86836       0.83331       0.86489       0.81506       0.87630       0.87731       0.91807       0.86784       0.84300       0.90921       0.91499       0.93520  -199.3651147785      0.00068   -3
-- Local optimization: stuck in the same solution


---- Best joint likelihood found -199.36511 with gradient 0.00068
-- Model: B
--     eps_an        eps_cont      theta_bar     a        
--    4.50e-06      0.00e+00       0.00931       -1.00000  
--      S_d            b             p_b           S_b      
--  -1230.05199       0.18894      0.00e+00      0.00e+00  
--     r  2          r  3          r  4          r  5          r  6          r  7          r  8          r  9          r 10          r 11          r 12          r 13          r 14          r 15          r 16          r 17          r 18          r 19     
--     0.95357       0.94712       0.92119       0.90894       0.86840       0.89530       0.86836       0.83331       0.86489       0.81506       0.87630       0.87731       0.91807       0.86784       0.84300       0.90921       0.91499       0.93520  

---- Expected P_neut(i), 0 < i < n (neutral SFS per site) 
E[P_neut(1)] = 0.009309
E[P_neut(2)] = 0.004438
E[P_neut(3)] = 0.002939
E[P_neut(4)] = 0.002144
E[P_neut(5)] = 0.001692
E[P_neut(6)] = 0.001347
E[P_neut(7)] = 0.001191
E[P_neut(8)] = 0.001010
E[P_neut(9)] = 0.000862
E[P_neut(10)] = 0.000805
E[P_neut(11)] = 0.000690
E[P_neut(12)] = 0.000680
E[P_neut(13)] = 0.000628
E[P_neut(14)] = 0.000610
E[P_neut(15)] = 0.000539
E[P_neut(16)] = 0.000490
E[P_neut(17)] = 0.000498
E[P_neut(18)] = 0.000473
E[P_neut(19)] = 0.000458

---- Expected P_sel(i), 0 < i < n (selected SFS per site) 
E[P_sel(1)] = 0.003635
E[P_sel(2)] = 0.001432
E[P_sel(3)] = 0.000868
E[P_sel(4)] = 0.000598
E[P_sel(5)] = 0.000453
E[P_sel(6)] = 0.000349
E[P_sel(7)] = 0.000300
E[P_sel(8)] = 0.000249
E[P_sel(9)] = 0.000209
E[P_sel(10)] = 0.000192
E[P_sel(11)] = 0.000162
E[P_sel(12)] = 0.000157
E[P_sel(13)] = 0.000143
E[P_sel(14)] = 0.000138
E[P_sel(15)] = 0.000120
E[P_sel(16)] = 0.000108
E[P_sel(17)] = 0.000109
E[P_sel(18)] = 0.000103
E[P_sel(19)] = 0.000098

---- Expected neutral and selected misattributed polymorphism per site
E[mis_neut] = 0.000465
E[mis_sel] = 0.000099

---- alpha_div = 0.306287
---- alpha_dfe = 0.000000



