---- Performing inference on Ns100_pa_0.0005_boots/Ns100_pa_0.0005.91.polyDFE.txt using model B

---- Warning: mutation variability is not used when only one neutral and one selected fragment is available.
---- No mutation variability. Using Poisson likelihood.

---- Using provided initial values


-- Starting local optimization
 it       eps_an        lambda        theta_bar      S_d            b             r  2          r  3          r  4          r  5          r  6          r  7          r  8          r  9          r 10          r 11          r 12          r 13          r 14          r 15          r 16          r 17          r 18          r 19          r 20         ln lk             grad     status
  0      4.50e-06       0.00500       0.00100     -400.00000       0.40000       1.00000       1.00000       1.00000       1.00000       1.00000       1.00000       1.00000       1.00000       1.00000       1.00000       1.00000       1.00000       1.00000       1.00000       1.00000       1.00000       1.00000       1.00000       1.00000  -232965.6217298081   1752.53965   -2
559      4.42e-06       0.00034       0.00937    -6287.61474       0.13857       0.94209       0.91041       0.87659       0.86943       0.83057       0.83853       0.84989       0.80277       0.82446       0.78909       0.81703       0.82341       0.84895       0.85508       0.77362       0.84182       0.81939       0.82908      11.80128  -431.6738128221      0.02812   -6
-- Local optimization: reached maximum running time allowed


---- Best joint likelihood found -431.67381 with gradient 0.02812
-- Model: B
--     eps_an        eps_cont      lambda        theta_bar     a        
--    4.42e-06      0.00e+00       0.00034       0.00937       -1.00000  
--      S_d            b             p_b           S_b      
--  -6287.61474       0.13857      0.00e+00      0.00e+00  
--     r  2          r  3          r  4          r  5          r  6          r  7          r  8          r  9          r 10          r 11          r 12          r 13          r 14          r 15          r 16          r 17          r 18          r 19          r 20     
--     0.94209       0.91041       0.87659       0.86943       0.83057       0.83853       0.84989       0.80277       0.82446       0.78909       0.81703       0.82341       0.84895       0.85508       0.77362       0.84182       0.81939       0.82908      11.80128  

---- Expected P_neut(i), 0 < i < n (neutral SFS per site) 
E[P_neut(1)] = 0.009372
E[P_neut(2)] = 0.004415
E[P_neut(3)] = 0.002844
E[P_neut(4)] = 0.002054
E[P_neut(5)] = 0.001630
E[P_neut(6)] = 0.001297
E[P_neut(7)] = 0.001123
E[P_neut(8)] = 0.000996
E[P_neut(9)] = 0.000836
E[P_neut(10)] = 0.000773
E[P_neut(11)] = 0.000672
E[P_neut(12)] = 0.000638
E[P_neut(13)] = 0.000594
E[P_neut(14)] = 0.000568
E[P_neut(15)] = 0.000534
E[P_neut(16)] = 0.000453
E[P_neut(17)] = 0.000464
E[P_neut(18)] = 0.000427
E[P_neut(19)] = 0.000409

---- Expected P_sel(i), 0 < i < n (selected SFS per site) 
E[P_sel(1)] = 0.003588
E[P_sel(2)] = 0.001471
E[P_sel(3)] = 0.000889
E[P_sel(4)] = 0.000616
E[P_sel(5)] = 0.000474
E[P_sel(6)] = 0.000369
E[P_sel(7)] = 0.000313
E[P_sel(8)] = 0.000273
E[P_sel(9)] = 0.000226
E[P_sel(10)] = 0.000206
E[P_sel(11)] = 0.000177
E[P_sel(12)] = 0.000167
E[P_sel(13)] = 0.000154
E[P_sel(14)] = 0.000146
E[P_sel(15)] = 0.000136
E[P_sel(16)] = 0.000114
E[P_sel(17)] = 0.000116
E[P_sel(18)] = 0.000106
E[P_sel(19)] = 0.000101

---- Expected D_neut and D_sel (neutral and selected divergence per site) 
E[D_neut] = 0.005870
E[D_sel] = 0.001444

---- Expected neutral and selected misattributed polymorphism per site
E[mis_neut] = 0.005530
E[mis_sel] = 0.001361

---- alpha_div = 1.165171
---- alpha_dfe = 0.000000



