---- Performing inference on Ns100_pa_0.0005_boots/Ns100_pa_0.0005.2.polyDFE.txt using model B

---- Warning: mutation variability is not used when only one neutral and one selected fragment is available.
---- No mutation variability. Using Poisson likelihood.

---- Using provided initial values


-- Starting local optimization
 it       eps_an        eps_cont      theta_bar      S_d            b             p_b           S_b           r  2          r  3          r  4          r  5          r  6          r  7          r  8          r  9          r 10          r 11          r 12          r 13          r 14          r 15          r 16          r 17          r 18          r 19         ln lk             grad     status
  0      4.50e-06      9.00e-07       0.00100     -400.00000       0.40000       0.02000       4.00000       1.00000       1.00000       1.00000       1.00000       1.00000       1.00000       1.00000       1.00000       1.00000       1.00000       1.00000       1.00000       1.00000       1.00000       1.00000       1.00000       1.00000       1.00000  -216926.7775662172   1552.19191   -2
829      4.26e-06      9.01e-07       0.00919     -946.33022       0.19777       0.00232       0.23480       0.97152       0.94113       0.92706       0.93870       0.88173       0.91089       0.89819       0.85907       0.89009       0.86866       0.90298       0.92168       0.88875       0.89980       0.84562       0.89212       0.91094       0.92454  -194.8790946261      0.00100   -3
-- Local optimization: stuck in the same solution


---- Best joint likelihood found -194.87909 with gradient 0.00100
-- Model: B
--     eps_an        eps_cont      theta_bar     a        
--    4.26e-06      9.01e-07       0.00919       -1.00000  
--      S_d            b             p_b           S_b      
--   -946.33022       0.19777       0.00232       0.23480  
--     r  2          r  3          r  4          r  5          r  6          r  7          r  8          r  9          r 10          r 11          r 12          r 13          r 14          r 15          r 16          r 17          r 18          r 19     
--     0.97152       0.94113       0.92706       0.93870       0.88173       0.91089       0.89819       0.85907       0.89009       0.86866       0.90298       0.92168       0.88875       0.89980       0.84562       0.89212       0.91094       0.92454  

---- Expected P_neut(i), 0 < i < n (neutral SFS per site) 
E[P_neut(1)] = 0.009191
E[P_neut(2)] = 0.004465
E[P_neut(3)] = 0.002883
E[P_neut(4)] = 0.002130
E[P_neut(5)] = 0.001726
E[P_neut(6)] = 0.001351
E[P_neut(7)] = 0.001196
E[P_neut(8)] = 0.001032
E[P_neut(9)] = 0.000877
E[P_neut(10)] = 0.000818
E[P_neut(11)] = 0.000726
E[P_neut(12)] = 0.000692
E[P_neut(13)] = 0.000652
E[P_neut(14)] = 0.000583
E[P_neut(15)] = 0.000551
E[P_neut(16)] = 0.000486
E[P_neut(17)] = 0.000482
E[P_neut(18)] = 0.000465
E[P_neut(19)] = 0.000447

---- Expected P_sel(i), 0 < i < n (selected SFS per site) 
E[P_sel(1)] = 0.003662
E[P_sel(2)] = 0.001460
E[P_sel(3)] = 0.000859
E[P_sel(4)] = 0.000599
E[P_sel(5)] = 0.000465
E[P_sel(6)] = 0.000352
E[P_sel(7)] = 0.000303
E[P_sel(8)] = 0.000255
E[P_sel(9)] = 0.000213
E[P_sel(10)] = 0.000195
E[P_sel(11)] = 0.000170
E[P_sel(12)] = 0.000160
E[P_sel(13)] = 0.000149
E[P_sel(14)] = 0.000132
E[P_sel(15)] = 0.000123
E[P_sel(16)] = 0.000107
E[P_sel(17)] = 0.000105
E[P_sel(18)] = 0.000101
E[P_sel(19)] = 0.000096

---- Expected neutral and selected misattributed polymorphism per site
E[mis_neut] = 0.000460
E[mis_sel] = 0.000098

---- alpha_div = 0.304561
---- alpha_dfe = 0.012329



