---- Performing inference on Ns100_pa_0.0005_boots/Ns100_pa_0.0005.30.polyDFE.txt using model B

---- Warning: mutation variability is not used when only one neutral and one selected fragment is available.
---- No mutation variability. Using Poisson likelihood.

---- Using provided initial values


-- Starting local optimization
 it       eps_an        theta_bar      S_d            b             r  2          r  3          r  4          r  5          r  6          r  7          r  8          r  9          r 10          r 11          r 12          r 13          r 14          r 15          r 16          r 17          r 18          r 19         ln lk             grad     status
  0      4.50e-06       0.00100     -400.00000       0.40000       1.00000       1.00000       1.00000       1.00000       1.00000       1.00000       1.00000       1.00000       1.00000       1.00000       1.00000       1.00000       1.00000       1.00000       1.00000       1.00000       1.00000       1.00000  -224013.7429694038   1626.41584   -2
209      4.50e-06       0.00922    -1085.63964       0.19235       0.95624       0.95711       0.92647       0.91741       0.87051       0.88554       0.88636       0.83448       0.86446       0.85067       0.87504       0.88036       0.89616       0.90364       0.84928       0.91918       0.84280       0.93767  -196.3555154403      0.00042   -3
-- Local optimization: stuck in the same solution


---- Best joint likelihood found -196.35552 with gradient 0.00042
-- Model: B
--     eps_an        eps_cont      theta_bar     a        
--    4.50e-06      0.00e+00       0.00922       -1.00000  
--      S_d            b             p_b           S_b      
--  -1085.63964       0.19235      0.00e+00      0.00e+00  
--     r  2          r  3          r  4          r  5          r  6          r  7          r  8          r  9          r 10          r 11          r 12          r 13          r 14          r 15          r 16          r 17          r 18          r 19     
--     0.95624       0.95711       0.92647       0.91741       0.87051       0.88554       0.88636       0.83448       0.86446       0.85067       0.87504       0.88036       0.89616       0.90364       0.84928       0.91918       0.84280       0.93767  

---- Expected P_neut(i), 0 < i < n (neutral SFS per site) 
E[P_neut(1)] = 0.009221
E[P_neut(2)] = 0.004409
E[P_neut(3)] = 0.002942
E[P_neut(4)] = 0.002136
E[P_neut(5)] = 0.001692
E[P_neut(6)] = 0.001338
E[P_neut(7)] = 0.001167
E[P_neut(8)] = 0.001022
E[P_neut(9)] = 0.000855
E[P_neut(10)] = 0.000797
E[P_neut(11)] = 0.000713
E[P_neut(12)] = 0.000672
E[P_neut(13)] = 0.000624
E[P_neut(14)] = 0.000590
E[P_neut(15)] = 0.000556
E[P_neut(16)] = 0.000489
E[P_neut(17)] = 0.000499
E[P_neut(18)] = 0.000432
E[P_neut(19)] = 0.000455

---- Expected P_sel(i), 0 < i < n (selected SFS per site) 
E[P_sel(1)] = 0.003638
E[P_sel(2)] = 0.001433
E[P_sel(3)] = 0.000873
E[P_sel(4)] = 0.000598
E[P_sel(5)] = 0.000455
E[P_sel(6)] = 0.000348
E[P_sel(7)] = 0.000295
E[P_sel(8)] = 0.000253
E[P_sel(9)] = 0.000207
E[P_sel(10)] = 0.000190
E[P_sel(11)] = 0.000167
E[P_sel(12)] = 0.000155
E[P_sel(13)] = 0.000143
E[P_sel(14)] = 0.000133
E[P_sel(15)] = 0.000124
E[P_sel(16)] = 0.000108
E[P_sel(17)] = 0.000109
E[P_sel(18)] = 0.000094
E[P_sel(19)] = 0.000098

---- Expected neutral and selected misattributed polymorphism per site
E[mis_neut] = 0.000461
E[mis_sel] = 0.000098

---- alpha_div = 0.316070
---- alpha_dfe = 0.000000



