---- Performing inference on Ns100_pa_0.0005_boots/Ns100_pa_0.0005.39.polyDFE.txt using model B

---- Warning: mutation variability is not used when only one neutral and one selected fragment is available.
---- No mutation variability. Using Poisson likelihood.

---- Using provided initial values


-- Starting local optimization
 it       eps_an        eps_cont      theta_bar      S_d            b             p_b           S_b           r  2          r  3          r  4          r  5          r  6          r  7          r  8          r  9          r 10          r 11          r 12          r 13          r 14          r 15          r 16          r 17          r 18          r 19         ln lk             grad     status
  0      4.50e-06      9.00e-07       0.00100     -400.00000       0.40000       0.02000       4.00000       1.00000       1.00000       1.00000       1.00000       1.00000       1.00000       1.00000       1.00000       1.00000       1.00000       1.00000       1.00000       1.00000       1.00000       1.00000       1.00000       1.00000       1.00000  -216602.3732191410   1549.55366   -2
1373      3.58e-06      9.00e-07       0.00934    -1018.44595       0.22024       0.04791       0.03717       0.95625       0.93004       0.91343       0.90868       0.86538       0.88478       0.86036       0.83241       0.83264       0.85419       0.86553       0.88729       0.89536       0.88210       0.84860       0.90255       0.91177       0.89565  -199.9135266424      0.00570   -6
-- Local optimization: reached maximum running time allowed


---- Best joint likelihood found -199.91353 with gradient 0.00570
-- Model: B
--     eps_an        eps_cont      theta_bar     a        
--    3.58e-06      9.00e-07       0.00934       -1.00000  
--      S_d            b             p_b           S_b      
--  -1018.44595       0.22024       0.04791       0.03717  
--     r  2          r  3          r  4          r  5          r  6          r  7          r  8          r  9          r 10          r 11          r 12          r 13          r 14          r 15          r 16          r 17          r 18          r 19     
--     0.95625       0.93004       0.91343       0.90868       0.86538       0.88478       0.86036       0.83241       0.83264       0.85419       0.86553       0.88729       0.89536       0.88210       0.84860       0.90255       0.91177       0.89565  

---- Expected P_neut(i), 0 < i < n (neutral SFS per site) 
E[P_neut(1)] = 0.009340
E[P_neut(2)] = 0.004466
E[P_neut(3)] = 0.002896
E[P_neut(4)] = 0.002133
E[P_neut(5)] = 0.001698
E[P_neut(6)] = 0.001347
E[P_neut(7)] = 0.001181
E[P_neut(8)] = 0.001005
E[P_neut(9)] = 0.000864
E[P_neut(10)] = 0.000778
E[P_neut(11)] = 0.000725
E[P_neut(12)] = 0.000674
E[P_neut(13)] = 0.000638
E[P_neut(14)] = 0.000597
E[P_neut(15)] = 0.000549
E[P_neut(16)] = 0.000495
E[P_neut(17)] = 0.000496
E[P_neut(18)] = 0.000473
E[P_neut(19)] = 0.000440

---- Expected P_sel(i), 0 < i < n (selected SFS per site) 
E[P_sel(1)] = 0.003661
E[P_sel(2)] = 0.001442
E[P_sel(3)] = 0.000856
E[P_sel(4)] = 0.000597
E[P_sel(5)] = 0.000456
E[P_sel(6)] = 0.000351
E[P_sel(7)] = 0.000300
E[P_sel(8)] = 0.000250
E[P_sel(9)] = 0.000211
E[P_sel(10)] = 0.000187
E[P_sel(11)] = 0.000172
E[P_sel(12)] = 0.000158
E[P_sel(13)] = 0.000148
E[P_sel(14)] = 0.000137
E[P_sel(15)] = 0.000125
E[P_sel(16)] = 0.000111
E[P_sel(17)] = 0.000111
E[P_sel(18)] = 0.000105
E[P_sel(19)] = 0.000097

---- Expected neutral and selected misattributed polymorphism per site
E[mis_neut] = 0.000467
E[mis_sel] = 0.000102

---- alpha_div = 0.443516
---- alpha_dfe = 0.225332



