---- Performing inference on Ns100_pa_0.0005_boots/Ns100_pa_0.0005.54.polyDFE.txt using model B

---- Warning: mutation variability is not used when only one neutral and one selected fragment is available.
---- No mutation variability. Using Poisson likelihood.

---- Using provided initial values


-- Starting local optimization
 it       eps_an        theta_bar      S_d            b             r  2          r  3          r  4          r  5          r  6          r  7          r  8          r  9          r 10          r 11          r 12          r 13          r 14          r 15          r 16          r 17          r 18          r 19         ln lk             grad     status
  0      4.50e-06       0.00100     -400.00000       0.40000       1.00000       1.00000       1.00000       1.00000       1.00000       1.00000       1.00000       1.00000       1.00000       1.00000       1.00000       1.00000       1.00000       1.00000       1.00000       1.00000       1.00000       1.00000  -226236.1787338649   1638.97378   -2
166      4.50e-06       0.00922    -1155.55544       0.18890       0.96739       0.96126       0.93009       0.91810       0.88296       0.91996       0.88016       0.84749       0.84250       0.81677       0.84020       0.90400       0.92847       0.89212       0.82462       0.88702       0.89591       0.90739  -202.8303199593      0.00055   -3
-- Local optimization: stuck in the same solution


---- Best joint likelihood found -202.83032 with gradient 0.00055
-- Model: B
--     eps_an        eps_cont      theta_bar     a        
--    4.50e-06      0.00e+00       0.00922       -1.00000  
--      S_d            b             p_b           S_b      
--  -1155.55544       0.18890      0.00e+00      0.00e+00  
--     r  2          r  3          r  4          r  5          r  6          r  7          r  8          r  9          r 10          r 11          r 12          r 13          r 14          r 15          r 16          r 17          r 18          r 19     
--     0.96739       0.96126       0.93009       0.91810       0.88296       0.91996       0.88016       0.84749       0.84250       0.81677       0.84020       0.90400       0.92847       0.89212       0.82462       0.88702       0.89591       0.90739  

---- Expected P_neut(i), 0 < i < n (neutral SFS per site) 
E[P_neut(1)] = 0.009224
E[P_neut(2)] = 0.004462
E[P_neut(3)] = 0.002956
E[P_neut(4)] = 0.002145
E[P_neut(5)] = 0.001694
E[P_neut(6)] = 0.001357
E[P_neut(7)] = 0.001212
E[P_neut(8)] = 0.001015
E[P_neut(9)] = 0.000869
E[P_neut(10)] = 0.000777
E[P_neut(11)] = 0.000685
E[P_neut(12)] = 0.000646
E[P_neut(13)] = 0.000641
E[P_neut(14)] = 0.000612
E[P_neut(15)] = 0.000549
E[P_neut(16)] = 0.000475
E[P_neut(17)] = 0.000481
E[P_neut(18)] = 0.000459
E[P_neut(19)] = 0.000441

---- Expected P_sel(i), 0 < i < n (selected SFS per site) 
E[P_sel(1)] = 0.003644
E[P_sel(2)] = 0.001457
E[P_sel(3)] = 0.000883
E[P_sel(4)] = 0.000606
E[P_sel(5)] = 0.000459
E[P_sel(6)] = 0.000356
E[P_sel(7)] = 0.000310
E[P_sel(8)] = 0.000253
E[P_sel(9)] = 0.000213
E[P_sel(10)] = 0.000187
E[P_sel(11)] = 0.000162
E[P_sel(12)] = 0.000151
E[P_sel(13)] = 0.000148
E[P_sel(14)] = 0.000140
E[P_sel(15)] = 0.000124
E[P_sel(16)] = 0.000106
E[P_sel(17)] = 0.000107
E[P_sel(18)] = 0.000101
E[P_sel(19)] = 0.000096

---- Expected neutral and selected misattributed polymorphism per site
E[mis_neut] = 0.000461
E[mis_sel] = 0.000100

---- alpha_div = 0.304253
---- alpha_dfe = 0.000000



