---- Performing inference on Ns100_pa_0.0005_boots/Ns100_pa_0.0005.83.polyDFE.txt using model B

---- Warning: mutation variability is not used when only one neutral and one selected fragment is available.
---- No mutation variability. Using Poisson likelihood.

---- Using provided initial values


-- Starting local optimization
 it       eps_an        theta_bar      S_d            b             r  2          r  3          r  4          r  5          r  6          r  7          r  8          r  9          r 10          r 11          r 12          r 13          r 14          r 15          r 16          r 17          r 18          r 19         ln lk             grad     status
  0      4.50e-06       0.00100     -400.00000       0.40000       1.00000       1.00000       1.00000       1.00000       1.00000       1.00000       1.00000       1.00000       1.00000       1.00000       1.00000       1.00000       1.00000       1.00000       1.00000       1.00000       1.00000       1.00000  -227319.3559826944   1641.74676   -2
139      4.50e-06       0.00938    -1166.32621       0.19067       0.95944       0.92913       0.90909       0.91077       0.88853       0.89276       0.86123       0.83328       0.84275       0.83792       0.87766       0.88563       0.88136       0.91204       0.81621       0.89198       0.88821       0.91005  -194.5427818487      0.00029   -3
-- Local optimization: stuck in the same solution


---- Best joint likelihood found -194.54278 with gradient 0.00029
-- Model: B
--     eps_an        eps_cont      theta_bar     a        
--    4.50e-06      0.00e+00       0.00938       -1.00000  
--      S_d            b             p_b           S_b      
--  -1166.32621       0.19067      0.00e+00      0.00e+00  
--     r  2          r  3          r  4          r  5          r  6          r  7          r  8          r  9          r 10          r 11          r 12          r 13          r 14          r 15          r 16          r 17          r 18          r 19     
--     0.95944       0.92913       0.90909       0.91077       0.88853       0.89276       0.86123       0.83328       0.84275       0.83792       0.87766       0.88563       0.88136       0.91204       0.81621       0.89198       0.88821       0.91005  

---- Expected P_neut(i), 0 < i < n (neutral SFS per site) 
E[P_neut(1)] = 0.009381
E[P_neut(2)] = 0.004500
E[P_neut(3)] = 0.002905
E[P_neut(4)] = 0.002132
E[P_neut(5)] = 0.001709
E[P_neut(6)] = 0.001389
E[P_neut(7)] = 0.001196
E[P_neut(8)] = 0.001010
E[P_neut(9)] = 0.000869
E[P_neut(10)] = 0.000791
E[P_neut(11)] = 0.000715
E[P_neut(12)] = 0.000686
E[P_neut(13)] = 0.000639
E[P_neut(14)] = 0.000591
E[P_neut(15)] = 0.000570
E[P_neut(16)] = 0.000479
E[P_neut(17)] = 0.000492
E[P_neut(18)] = 0.000463
E[P_neut(19)] = 0.000449

---- Expected P_sel(i), 0 < i < n (selected SFS per site) 
E[P_sel(1)] = 0.003675
E[P_sel(2)] = 0.001455
E[P_sel(3)] = 0.000858
E[P_sel(4)] = 0.000595
E[P_sel(5)] = 0.000457
E[P_sel(6)] = 0.000360
E[P_sel(7)] = 0.000302
E[P_sel(8)] = 0.000249
E[P_sel(9)] = 0.000210
E[P_sel(10)] = 0.000188
E[P_sel(11)] = 0.000167
E[P_sel(12)] = 0.000158
E[P_sel(13)] = 0.000146
E[P_sel(14)] = 0.000133
E[P_sel(15)] = 0.000127
E[P_sel(16)] = 0.000105
E[P_sel(17)] = 0.000107
E[P_sel(18)] = 0.000100
E[P_sel(19)] = 0.000096

---- Expected neutral and selected misattributed polymorphism per site
E[mis_neut] = 0.000469
E[mis_sel] = 0.000100

---- alpha_div = 0.328096
---- alpha_dfe = 0.000000



