---- Performing inference on Ns100_pa_0.0005_boots/Ns100_pa_0.0005.29.polyDFE.txt using model B

---- Warning: mutation variability is not used when only one neutral and one selected fragment is available.
---- No mutation variability. Using Poisson likelihood.

---- Using provided initial values


-- Starting local optimization
 it       eps_an        eps_cont      theta_bar      S_d            b             p_b           S_b           r  2          r  3          r  4          r  5          r  6          r  7          r  8          r  9          r 10          r 11          r 12          r 13          r 14          r 15          r 16          r 17          r 18          r 19         ln lk             grad     status
  0      4.50e-06      9.00e-07       0.00100     -400.00000       0.40000       0.02000       4.00000       1.00000       1.00000       1.00000       1.00000       1.00000       1.00000       1.00000       1.00000       1.00000       1.00000       1.00000       1.00000       1.00000       1.00000       1.00000       1.00000       1.00000       1.00000  -216262.6942712401   1548.04222   -2
198      4.50e-06      9.00e-07       0.00918     -792.36052       0.21367       0.01209       1.86402       0.97612       0.95937       0.93396       0.90203       0.88930       0.91132       0.91368       0.86151       0.87936       0.89178       0.87154       0.93963       0.92364       0.87324       0.83000       0.93495       0.92627       0.91440  -197.2895714926      0.00073   -3
-- Local optimization: stuck in the same solution


---- Best joint likelihood found -197.28957 with gradient 0.00073
-- Model: B
--     eps_an        eps_cont      theta_bar     a        
--    4.50e-06      9.00e-07       0.00918       -1.00000  
--      S_d            b             p_b           S_b      
--   -792.36052       0.21367       0.01209       1.86402  
--     r  2          r  3          r  4          r  5          r  6          r  7          r  8          r  9          r 10          r 11          r 12          r 13          r 14          r 15          r 16          r 17          r 18          r 19     
--     0.97612       0.95937       0.93396       0.90203       0.88930       0.91132       0.91368       0.86151       0.87936       0.89178       0.87154       0.93963       0.92364       0.87324       0.83000       0.93495       0.92627       0.91440  

---- Expected P_neut(i), 0 < i < n (neutral SFS per site) 
E[P_neut(1)] = 0.009184
E[P_neut(2)] = 0.004483
E[P_neut(3)] = 0.002937
E[P_neut(4)] = 0.002144
E[P_neut(5)] = 0.001657
E[P_neut(6)] = 0.001361
E[P_neut(7)] = 0.001196
E[P_neut(8)] = 0.001049
E[P_neut(9)] = 0.000879
E[P_neut(10)] = 0.000808
E[P_neut(11)] = 0.000745
E[P_neut(12)] = 0.000667
E[P_neut(13)] = 0.000664
E[P_neut(14)] = 0.000606
E[P_neut(15)] = 0.000535
E[P_neut(16)] = 0.000476
E[P_neut(17)] = 0.000505
E[P_neut(18)] = 0.000473
E[P_neut(19)] = 0.000442

---- Expected P_sel(i), 0 < i < n (selected SFS per site) 
E[P_sel(1)] = 0.003647
E[P_sel(2)] = 0.001448
E[P_sel(3)] = 0.000863
E[P_sel(4)] = 0.000593
E[P_sel(5)] = 0.000439
E[P_sel(6)] = 0.000349
E[P_sel(7)] = 0.000299
E[P_sel(8)] = 0.000257
E[P_sel(9)] = 0.000211
E[P_sel(10)] = 0.000191
E[P_sel(11)] = 0.000174
E[P_sel(12)] = 0.000154
E[P_sel(13)] = 0.000152
E[P_sel(14)] = 0.000137
E[P_sel(15)] = 0.000120
E[P_sel(16)] = 0.000106
E[P_sel(17)] = 0.000112
E[P_sel(18)] = 0.000104
E[P_sel(19)] = 0.000097

---- Expected neutral and selected misattributed polymorphism per site
E[mis_neut] = 0.000459
E[mis_sel] = 0.000101

---- alpha_div = 0.384343
---- alpha_dfe = 0.121841



