---- Performing inference on Ns100_pa_0.0005_boots/Ns100_pa_0.0005.20.polyDFE.txt using model B

---- Warning: mutation variability is not used when only one neutral and one selected fragment is available.
---- No mutation variability. Using Poisson likelihood.

---- Using provided initial values


-- Starting local optimization
 it       eps_an        eps_cont      theta_bar      S_d            b             p_b           S_b           r  2          r  3          r  4          r  5          r  6          r  7          r  8          r  9          r 10          r 11          r 12          r 13          r 14          r 15          r 16          r 17          r 18          r 19         ln lk             grad     status
  0      4.50e-06      9.00e-07       0.00100     -400.00000       0.40000       0.02000       4.00000       1.00000       1.00000       1.00000       1.00000       1.00000       1.00000       1.00000       1.00000       1.00000       1.00000       1.00000       1.00000       1.00000       1.00000       1.00000       1.00000       1.00000       1.00000  -216480.5613786984   1549.12298   -2
775      4.43e-06      9.00e-07       0.00923     -890.50287       0.21001       0.01599       0.93299       0.97310       0.95777       0.92228       0.91859       0.90354       0.91141       0.88705       0.84350       0.85542       0.84675       0.86181       0.88773       0.93782       0.92064       0.83265       0.88373       0.92925       0.91848  -194.5414784435      0.00081   -3
-- Local optimization: stuck in the same solution


---- Best joint likelihood found -194.54148 with gradient 0.00081
-- Model: B
--     eps_an        eps_cont      theta_bar     a        
--    4.43e-06      9.00e-07       0.00923       -1.00000  
--      S_d            b             p_b           S_b      
--   -890.50287       0.21001       0.01599       0.93299  
--     r  2          r  3          r  4          r  5          r  6          r  7          r  8          r  9          r 10          r 11          r 12          r 13          r 14          r 15          r 16          r 17          r 18          r 19     
--     0.97310       0.95777       0.92228       0.91859       0.90354       0.91141       0.88705       0.84350       0.85542       0.84675       0.86181       0.88773       0.93782       0.92064       0.83265       0.88373       0.92925       0.91848  

---- Expected P_neut(i), 0 < i < n (neutral SFS per site) 
E[P_neut(1)] = 0.009228
E[P_neut(2)] = 0.004490
E[P_neut(3)] = 0.002946
E[P_neut(4)] = 0.002128
E[P_neut(5)] = 0.001695
E[P_neut(6)] = 0.001390
E[P_neut(7)] = 0.001202
E[P_neut(8)] = 0.001023
E[P_neut(9)] = 0.000865
E[P_neut(10)] = 0.000789
E[P_neut(11)] = 0.000710
E[P_neut(12)] = 0.000663
E[P_neut(13)] = 0.000630
E[P_neut(14)] = 0.000618
E[P_neut(15)] = 0.000566
E[P_neut(16)] = 0.000480
E[P_neut(17)] = 0.000480
E[P_neut(18)] = 0.000476
E[P_neut(19)] = 0.000446

---- Expected P_sel(i), 0 < i < n (selected SFS per site) 
E[P_sel(1)] = 0.003646
E[P_sel(2)] = 0.001450
E[P_sel(3)] = 0.000867
E[P_sel(4)] = 0.000591
E[P_sel(5)] = 0.000452
E[P_sel(6)] = 0.000358
E[P_sel(7)] = 0.000302
E[P_sel(8)] = 0.000252
E[P_sel(9)] = 0.000209
E[P_sel(10)] = 0.000188
E[P_sel(11)] = 0.000166
E[P_sel(12)] = 0.000153
E[P_sel(13)] = 0.000144
E[P_sel(14)] = 0.000140
E[P_sel(15)] = 0.000127
E[P_sel(16)] = 0.000107
E[P_sel(17)] = 0.000106
E[P_sel(18)] = 0.000105
E[P_sel(19)] = 0.000097

---- Expected neutral and selected misattributed polymorphism per site
E[mis_neut] = 0.000461
E[mis_sel] = 0.000100

---- alpha_div = 0.371281
---- alpha_dfe = 0.113849



