---- Performing inference on Ns100_pa_0.0005_boots/Ns100_pa_0.0005.29.polyDFE.txt using model B

---- Warning: mutation variability is not used when only one neutral and one selected fragment is available.
---- No mutation variability. Using Poisson likelihood.

---- Using provided initial values


-- Starting local optimization
 it       eps_an        eps_cont      lambda        theta_bar      S_d            b             p_b           S_b           r  2          r  3          r  4          r  5          r  6          r  7          r  8          r  9          r 10          r 11          r 12          r 13          r 14          r 15          r 16          r 17          r 18          r 19          r 20         ln lk             grad     status
  0      4.50e-06      9.00e-07       0.00500       0.00100     -400.00000       0.40000       0.02000       4.00000       1.00000       1.00000       1.00000       1.00000       1.00000       1.00000       1.00000       1.00000       1.00000       1.00000       1.00000       1.00000       1.00000       1.00000       1.00000       1.00000       1.00000       1.00000       1.00000  -218835.9277521398   1584.96063   -2
143      4.50e-06      9.00e-07       0.00499       0.00918     -815.54756       0.20728       0.00282      37.42806       0.97605       0.95999       0.93471       0.90339       0.89114       0.91362       0.91639       0.86510       0.88238       0.89548       0.87473       0.94262       0.92588       0.87385       0.82803       0.92707       0.90861       0.87968       0.88168  -211.8514968965      0.07619   -3
-- Local optimization: stuck in the same solution


---- Best joint likelihood found -211.85150 with gradient 0.07619
-- Model: B
--     eps_an        eps_cont      lambda        theta_bar     a        
--    4.50e-06      9.00e-07       0.00499       0.00918       -1.00000  
--      S_d            b             p_b           S_b      
--   -815.54756       0.20728       0.00282      37.42806  
--     r  2          r  3          r  4          r  5          r  6          r  7          r  8          r  9          r 10          r 11          r 12          r 13          r 14          r 15          r 16          r 17          r 18          r 19          r 20     
--     0.97605       0.95999       0.93471       0.90339       0.89114       0.91362       0.91639       0.86510       0.88238       0.89548       0.87473       0.94262       0.92588       0.87385       0.82803       0.92707       0.90861       0.87968       0.88168  

---- Expected P_neut(i), 0 < i < n (neutral SFS per site) 
E[P_neut(1)] = 0.009182
E[P_neut(2)] = 0.004481
E[P_neut(3)] = 0.002938
E[P_neut(4)] = 0.002146
E[P_neut(5)] = 0.001659
E[P_neut(6)] = 0.001364
E[P_neut(7)] = 0.001198
E[P_neut(8)] = 0.001052
E[P_neut(9)] = 0.000883
E[P_neut(10)] = 0.000810
E[P_neut(11)] = 0.000747
E[P_neut(12)] = 0.000669
E[P_neut(13)] = 0.000666
E[P_neut(14)] = 0.000607
E[P_neut(15)] = 0.000535
E[P_neut(16)] = 0.000475
E[P_neut(17)] = 0.000501
E[P_neut(18)] = 0.000464
E[P_neut(19)] = 0.000425

---- Expected P_sel(i), 0 < i < n (selected SFS per site) 
E[P_sel(1)] = 0.003648
E[P_sel(2)] = 0.001448
E[P_sel(3)] = 0.000863
E[P_sel(4)] = 0.000593
E[P_sel(5)] = 0.000439
E[P_sel(6)] = 0.000348
E[P_sel(7)] = 0.000298
E[P_sel(8)] = 0.000256
E[P_sel(9)] = 0.000210
E[P_sel(10)] = 0.000190
E[P_sel(11)] = 0.000173
E[P_sel(12)] = 0.000153
E[P_sel(13)] = 0.000151
E[P_sel(14)] = 0.000137
E[P_sel(15)] = 0.000120
E[P_sel(16)] = 0.000107
E[P_sel(17)] = 0.000114
E[P_sel(18)] = 0.000107
E[P_sel(19)] = 0.000103

---- Expected D_neut and D_sel (neutral and selected divergence per site) 
E[D_neut] = 0.005393
E[D_sel] = 0.001637

---- Expected neutral and selected misattributed polymorphism per site
E[mis_neut] = 0.000405
E[mis_sel] = 0.000106

---- alpha_div = 0.345720
---- alpha_dfe = 0.343836



