---- Performing inference on Ns100_pa_0.0005_boots/Ns100_pa_0.0005.63.polyDFE.txt using model B

---- Warning: mutation variability is not used when only one neutral and one selected fragment is available.
---- No mutation variability. Using Poisson likelihood.

---- Using provided initial values


-- Starting local optimization
 it       eps_an        eps_cont      theta_bar      S_d            b             p_b           S_b           r  2          r  3          r  4          r  5          r  6          r  7          r  8          r  9          r 10          r 11          r 12          r 13          r 14          r 15          r 16          r 17          r 18          r 19         ln lk             grad     status
  0      4.50e-06      9.00e-07       0.00100     -400.00000       0.40000       0.02000       4.00000       1.00000       1.00000       1.00000       1.00000       1.00000       1.00000       1.00000       1.00000       1.00000       1.00000       1.00000       1.00000       1.00000       1.00000       1.00000       1.00000       1.00000       1.00000  -217386.3814723011   1554.20708   -2
1345      4.42e-06      9.00e-07       0.00920     -607.95961       0.29224       0.10391       0.03047       0.97923       0.95158       0.94754       0.94259       0.88124       0.89849       0.89415       0.86821       0.88368       0.84306       0.88305       0.90604       0.90668       0.89344       0.87102       0.88885       0.92259       0.89082  -189.7226632783      0.00148   -3
-- Local optimization: stuck in the same solution


---- Best joint likelihood found -189.72266 with gradient 0.00148
-- Model: B
--     eps_an        eps_cont      theta_bar     a        
--    4.42e-06      9.00e-07       0.00920       -1.00000  
--      S_d            b             p_b           S_b      
--   -607.95961       0.29224       0.10391       0.03047  
--     r  2          r  3          r  4          r  5          r  6          r  7          r  8          r  9          r 10          r 11          r 12          r 13          r 14          r 15          r 16          r 17          r 18          r 19     
--     0.97923       0.95158       0.94754       0.94259       0.88124       0.89849       0.89415       0.86821       0.88368       0.84306       0.88305       0.90604       0.90668       0.89344       0.87102       0.88885       0.92259       0.89082  

---- Expected P_neut(i), 0 < i < n (neutral SFS per site) 
E[P_neut(1)] = 0.009198
E[P_neut(2)] = 0.004504
E[P_neut(3)] = 0.002918
E[P_neut(4)] = 0.002179
E[P_neut(5)] = 0.001734
E[P_neut(6)] = 0.001351
E[P_neut(7)] = 0.001181
E[P_neut(8)] = 0.001028
E[P_neut(9)] = 0.000887
E[P_neut(10)] = 0.000813
E[P_neut(11)] = 0.000705
E[P_neut(12)] = 0.000677
E[P_neut(13)] = 0.000641
E[P_neut(14)] = 0.000596
E[P_neut(15)] = 0.000548
E[P_neut(16)] = 0.000501
E[P_neut(17)] = 0.000481
E[P_neut(18)] = 0.000471
E[P_neut(19)] = 0.000431

---- Expected P_sel(i), 0 < i < n (selected SFS per site) 
E[P_sel(1)] = 0.003660
E[P_sel(2)] = 0.001450
E[P_sel(3)] = 0.000856
E[P_sel(4)] = 0.000604
E[P_sel(5)] = 0.000462
E[P_sel(6)] = 0.000350
E[P_sel(7)] = 0.000298
E[P_sel(8)] = 0.000254
E[P_sel(9)] = 0.000216
E[P_sel(10)] = 0.000195
E[P_sel(11)] = 0.000167
E[P_sel(12)] = 0.000158
E[P_sel(13)] = 0.000148
E[P_sel(14)] = 0.000137
E[P_sel(15)] = 0.000125
E[P_sel(16)] = 0.000113
E[P_sel(17)] = 0.000108
E[P_sel(18)] = 0.000105
E[P_sel(19)] = 0.000095

---- Expected neutral and selected misattributed polymorphism per site
E[mis_neut] = 0.000460
E[mis_sel] = 0.000101

---- alpha_div = 0.630207
---- alpha_dfe = 0.483169



