---- Performing inference on Ns100_pa_0.0005_boots/Ns100_pa_0.0005.96.polyDFE.txt using model B

---- Warning: mutation variability is not used when only one neutral and one selected fragment is available.
---- No mutation variability. Using Poisson likelihood.

---- Using provided initial values


-- Starting local optimization
 it       eps_an        theta_bar      S_d            b             r  2          r  3          r  4          r  5          r  6          r  7          r  8          r  9          r 10          r 11          r 12          r 13          r 14          r 15          r 16          r 17          r 18          r 19         ln lk             grad     status
  0      4.50e-06       0.00100     -400.00000       0.40000       1.00000       1.00000       1.00000       1.00000       1.00000       1.00000       1.00000       1.00000       1.00000       1.00000       1.00000       1.00000       1.00000       1.00000       1.00000       1.00000       1.00000       1.00000  -225320.4235052577   1631.61610   -2
146      4.50e-06       0.00924     -986.69453       0.19743       0.95764       0.95755       0.94206       0.93454       0.88134       0.91694       0.89589       0.84569       0.87914       0.83819       0.88187       0.88251       0.87467       0.88344       0.87834       0.91047       0.91000       0.93558  -200.4260726283      0.00040   -3
-- Local optimization: stuck in the same solution


---- Best joint likelihood found -200.42607 with gradient 0.00040
-- Model: B
--     eps_an        eps_cont      theta_bar     a        
--    4.50e-06      0.00e+00       0.00924       -1.00000  
--      S_d            b             p_b           S_b      
--   -986.69453       0.19743      0.00e+00      0.00e+00  
--     r  2          r  3          r  4          r  5          r  6          r  7          r  8          r  9          r 10          r 11          r 12          r 13          r 14          r 15          r 16          r 17          r 18          r 19     
--     0.95764       0.95755       0.94206       0.93454       0.88134       0.91694       0.89589       0.84569       0.87914       0.83819       0.88187       0.88251       0.87467       0.88344       0.87834       0.91047       0.91000       0.93558  

---- Expected P_neut(i), 0 < i < n (neutral SFS per site) 
E[P_neut(1)] = 0.009238
E[P_neut(2)] = 0.004423
E[P_neut(3)] = 0.002948
E[P_neut(4)] = 0.002176
E[P_neut(5)] = 0.001727
E[P_neut(6)] = 0.001357
E[P_neut(7)] = 0.001210
E[P_neut(8)] = 0.001034
E[P_neut(9)] = 0.000868
E[P_neut(10)] = 0.000812
E[P_neut(11)] = 0.000704
E[P_neut(12)] = 0.000679
E[P_neut(13)] = 0.000627
E[P_neut(14)] = 0.000577
E[P_neut(15)] = 0.000544
E[P_neut(16)] = 0.000507
E[P_neut(17)] = 0.000495
E[P_neut(18)] = 0.000467
E[P_neut(19)] = 0.000455

---- Expected P_sel(i), 0 < i < n (selected SFS per site) 
E[P_sel(1)] = 0.003642
E[P_sel(2)] = 0.001429
E[P_sel(3)] = 0.000868
E[P_sel(4)] = 0.000604
E[P_sel(5)] = 0.000459
E[P_sel(6)] = 0.000349
E[P_sel(7)] = 0.000302
E[P_sel(8)] = 0.000253
E[P_sel(9)] = 0.000208
E[P_sel(10)] = 0.000191
E[P_sel(11)] = 0.000163
E[P_sel(12)] = 0.000155
E[P_sel(13)] = 0.000141
E[P_sel(14)] = 0.000128
E[P_sel(15)] = 0.000119
E[P_sel(16)] = 0.000110
E[P_sel(17)] = 0.000106
E[P_sel(18)] = 0.000100
E[P_sel(19)] = 0.000096

---- Expected neutral and selected misattributed polymorphism per site
E[mis_neut] = 0.000462
E[mis_sel] = 0.000097

---- alpha_div = 0.325536
---- alpha_dfe = 0.000000



