---- Performing inference on Ns100_pa_0.0005_boots/Ns100_pa_0.0005.94.polyDFE.txt using model B

---- Warning: mutation variability is not used when only one neutral and one selected fragment is available.
---- No mutation variability. Using Poisson likelihood.

---- Using provided initial values


-- Starting local optimization
 it       eps_an        theta_bar      S_d            b             r  2          r  3          r  4          r  5          r  6          r  7          r  8          r  9          r 10          r 11          r 12          r 13          r 14          r 15          r 16          r 17          r 18          r 19         ln lk             grad     status
  0      4.50e-06       0.00100     -400.00000       0.40000       1.00000       1.00000       1.00000       1.00000       1.00000       1.00000       1.00000       1.00000       1.00000       1.00000       1.00000       1.00000       1.00000       1.00000       1.00000       1.00000       1.00000       1.00000  -225738.3789417979   1635.13099   -2
126      4.50e-06       0.00918     -910.00920       0.19904       0.96653       0.96549       0.93051       0.94349       0.88079       0.88991       0.89590       0.85401       0.90689       0.83822       0.92272       0.87239       0.92152       0.88725       0.87416       0.92527       0.91739       0.90994  -200.0639827374      0.00071   -3
-- Local optimization: stuck in the same solution


---- Best joint likelihood found -200.06398 with gradient 0.00071
-- Model: B
--     eps_an        eps_cont      theta_bar     a        
--    4.50e-06      0.00e+00       0.00918       -1.00000  
--      S_d            b             p_b           S_b      
--   -910.00920       0.19904      0.00e+00      0.00e+00  
--     r  2          r  3          r  4          r  5          r  6          r  7          r  8          r  9          r 10          r 11          r 12          r 13          r 14          r 15          r 16          r 17          r 18          r 19     
--     0.96653       0.96549       0.93051       0.94349       0.88079       0.88991       0.89590       0.85401       0.90689       0.83822       0.92272       0.87239       0.92152       0.88725       0.87416       0.92527       0.91739       0.90994  

---- Expected P_neut(i), 0 < i < n (neutral SFS per site) 
E[P_neut(1)] = 0.009179
E[P_neut(2)] = 0.004436
E[P_neut(3)] = 0.002954
E[P_neut(4)] = 0.002135
E[P_neut(5)] = 0.001732
E[P_neut(6)] = 0.001347
E[P_neut(7)] = 0.001167
E[P_neut(8)] = 0.001028
E[P_neut(9)] = 0.000871
E[P_neut(10)] = 0.000832
E[P_neut(11)] = 0.000699
E[P_neut(12)] = 0.000706
E[P_neut(13)] = 0.000616
E[P_neut(14)] = 0.000604
E[P_neut(15)] = 0.000543
E[P_neut(16)] = 0.000501
E[P_neut(17)] = 0.000500
E[P_neut(18)] = 0.000468
E[P_neut(19)] = 0.000440

---- Expected P_sel(i), 0 < i < n (selected SFS per site) 
E[P_sel(1)] = 0.003655
E[P_sel(2)] = 0.001446
E[P_sel(3)] = 0.000877
E[P_sel(4)] = 0.000597
E[P_sel(5)] = 0.000463
E[P_sel(6)] = 0.000348
E[P_sel(7)] = 0.000293
E[P_sel(8)] = 0.000252
E[P_sel(9)] = 0.000210
E[P_sel(10)] = 0.000197
E[P_sel(11)] = 0.000163
E[P_sel(12)] = 0.000162
E[P_sel(13)] = 0.000139
E[P_sel(14)] = 0.000135
E[P_sel(15)] = 0.000120
E[P_sel(16)] = 0.000110
E[P_sel(17)] = 0.000108
E[P_sel(18)] = 0.000100
E[P_sel(19)] = 0.000093

---- Expected neutral and selected misattributed polymorphism per site
E[mis_neut] = 0.000459
E[mis_sel] = 0.000097

---- alpha_div = 0.318393
---- alpha_dfe = 0.000000



