---- Performing inference on Ns100_pa_0.0005_boots/Ns100_pa_0.0005.81.polyDFE.txt using model B

---- Warning: mutation variability is not used when only one neutral and one selected fragment is available.
---- No mutation variability. Using Poisson likelihood.

---- Using provided initial values


-- Starting local optimization
 it       eps_an        eps_cont      theta_bar      S_d            b             p_b           S_b           r  2          r  3          r  4          r  5          r  6          r  7          r  8          r  9          r 10          r 11          r 12          r 13          r 14          r 15          r 16          r 17          r 18          r 19         ln lk             grad     status
  0      4.50e-06      9.00e-07       0.00100     -400.00000       0.40000       0.02000       4.00000       1.00000       1.00000       1.00000       1.00000       1.00000       1.00000       1.00000       1.00000       1.00000       1.00000       1.00000       1.00000       1.00000       1.00000       1.00000       1.00000       1.00000       1.00000  -215814.3971321332   1546.36236   -2
1489      4.39e-06      8.96e-07       0.00917     -409.45767       0.41316       0.16439       0.00434       0.96835       0.97108       0.94118       0.93440       0.89904       0.92986       0.87133       0.85167       0.86204       0.86430       0.86497       0.88283       0.88659       0.87547       0.84346       0.90222       0.85903       0.89323  -197.5017521415      0.00133   -3
-- Local optimization: stuck in the same solution


---- Best joint likelihood found -197.50175 with gradient 0.00133
-- Model: B
--     eps_an        eps_cont      theta_bar     a        
--    4.39e-06      8.96e-07       0.00917       -1.00000  
--      S_d            b             p_b           S_b      
--   -409.45767       0.41316       0.16439       0.00434  
--     r  2          r  3          r  4          r  5          r  6          r  7          r  8          r  9          r 10          r 11          r 12          r 13          r 14          r 15          r 16          r 17          r 18          r 19     
--     0.96835       0.97108       0.94118       0.93440       0.89904       0.92986       0.87133       0.85167       0.86204       0.86430       0.86497       0.88283       0.88659       0.87547       0.84346       0.90222       0.85903       0.89323  

---- Expected P_neut(i), 0 < i < n (neutral SFS per site) 
E[P_neut(1)] = 0.009173
E[P_neut(2)] = 0.004441
E[P_neut(3)] = 0.002969
E[P_neut(4)] = 0.002158
E[P_neut(5)] = 0.001714
E[P_neut(6)] = 0.001374
E[P_neut(7)] = 0.001219
E[P_neut(8)] = 0.000999
E[P_neut(9)] = 0.000868
E[P_neut(10)] = 0.000791
E[P_neut(11)] = 0.000721
E[P_neut(12)] = 0.000661
E[P_neut(13)] = 0.000623
E[P_neut(14)] = 0.000581
E[P_neut(15)] = 0.000535
E[P_neut(16)] = 0.000484
E[P_neut(17)] = 0.000487
E[P_neut(18)] = 0.000438
E[P_neut(19)] = 0.000431

---- Expected P_sel(i), 0 < i < n (selected SFS per site) 
E[P_sel(1)] = 0.003668
E[P_sel(2)] = 0.001416
E[P_sel(3)] = 0.000862
E[P_sel(4)] = 0.000594
E[P_sel(5)] = 0.000455
E[P_sel(6)] = 0.000355
E[P_sel(7)] = 0.000308
E[P_sel(8)] = 0.000249
E[P_sel(9)] = 0.000213
E[P_sel(10)] = 0.000192
E[P_sel(11)] = 0.000173
E[P_sel(12)] = 0.000157
E[P_sel(13)] = 0.000147
E[P_sel(14)] = 0.000136
E[P_sel(15)] = 0.000124
E[P_sel(16)] = 0.000112
E[P_sel(17)] = 0.000112
E[P_sel(18)] = 0.000100
E[P_sel(19)] = 0.000098

---- Expected neutral and selected misattributed polymorphism per site
E[mis_neut] = 0.000459
E[mis_sel] = 0.000104

---- alpha_div = 0.807904
---- alpha_dfe = 0.731770



