---- Performing inference on Ns100_pa_0.0005_boots/Ns100_pa_0.0005.50.polyDFE.txt using model B

---- Warning: mutation variability is not used when only one neutral and one selected fragment is available.
---- No mutation variability. Using Poisson likelihood.

---- Using provided initial values


-- Starting local optimization
 it       eps_an        theta_bar      S_d            b             r  2          r  3          r  4          r  5          r  6          r  7          r  8          r  9          r 10          r 11          r 12          r 13          r 14          r 15          r 16          r 17          r 18          r 19         ln lk             grad     status
  0      4.50e-06       0.00100     -400.00000       0.40000       1.00000       1.00000       1.00000       1.00000       1.00000       1.00000       1.00000       1.00000       1.00000       1.00000       1.00000       1.00000       1.00000       1.00000       1.00000       1.00000       1.00000       1.00000  -227033.7231085432   1639.42256   -2
183      4.50e-06       0.00935    -1115.46860       0.19346       0.95372       0.94937       0.93411       0.92575       0.87385       0.89106       0.87536       0.83000       0.87410       0.83424       0.84412       0.88148       0.92229       0.89365       0.86156       0.92995       0.91734       0.89452  -195.6584149688      0.00081   -3
-- Local optimization: stuck in the same solution


---- Best joint likelihood found -195.65841 with gradient 0.00081
-- Model: B
--     eps_an        eps_cont      theta_bar     a        
--    4.50e-06      0.00e+00       0.00935       -1.00000  
--      S_d            b             p_b           S_b      
--  -1115.46860       0.19346      0.00e+00      0.00e+00  
--     r  2          r  3          r  4          r  5          r  6          r  7          r  8          r  9          r 10          r 11          r 12          r 13          r 14          r 15          r 16          r 17          r 18          r 19     
--     0.95372       0.94937       0.93411       0.92575       0.87385       0.89106       0.87536       0.83000       0.87410       0.83424       0.84412       0.88148       0.92229       0.89365       0.86156       0.92995       0.91734       0.89452  

---- Expected P_neut(i), 0 < i < n (neutral SFS per site) 
E[P_neut(1)] = 0.009352
E[P_neut(2)] = 0.004460
E[P_neut(3)] = 0.002959
E[P_neut(4)] = 0.002184
E[P_neut(5)] = 0.001732
E[P_neut(6)] = 0.001362
E[P_neut(7)] = 0.001190
E[P_neut(8)] = 0.001023
E[P_neut(9)] = 0.000862
E[P_neut(10)] = 0.000817
E[P_neut(11)] = 0.000709
E[P_neut(12)] = 0.000658
E[P_neut(13)] = 0.000634
E[P_neut(14)] = 0.000616
E[P_neut(15)] = 0.000557
E[P_neut(16)] = 0.000504
E[P_neut(17)] = 0.000512
E[P_neut(18)] = 0.000477
E[P_neut(19)] = 0.000440

---- Expected P_sel(i), 0 < i < n (selected SFS per site) 
E[P_sel(1)] = 0.003656
E[P_sel(2)] = 0.001434
E[P_sel(3)] = 0.000869
E[P_sel(4)] = 0.000605
E[P_sel(5)] = 0.000460
E[P_sel(6)] = 0.000350
E[P_sel(7)] = 0.000298
E[P_sel(8)] = 0.000250
E[P_sel(9)] = 0.000207
E[P_sel(10)] = 0.000192
E[P_sel(11)] = 0.000164
E[P_sel(12)] = 0.000150
E[P_sel(13)] = 0.000143
E[P_sel(14)] = 0.000137
E[P_sel(15)] = 0.000123
E[P_sel(16)] = 0.000110
E[P_sel(17)] = 0.000110
E[P_sel(18)] = 0.000102
E[P_sel(19)] = 0.000093

---- Expected neutral and selected misattributed polymorphism per site
E[mis_neut] = 0.000468
E[mis_sel] = 0.000098

---- alpha_div = 0.316737
---- alpha_dfe = 0.000000



