---- Performing inference on Ns100_pa_0.0005_boots/Ns100_pa_0.0005.74.polyDFE.txt using model B

---- Warning: mutation variability is not used when only one neutral and one selected fragment is available.
---- No mutation variability. Using Poisson likelihood.

---- Using provided initial values


-- Starting local optimization
 it       eps_an        eps_cont      lambda        theta_bar      S_d            b             p_b           S_b           r  2          r  3          r  4          r  5          r  6          r  7          r  8          r  9          r 10          r 11          r 12          r 13          r 14          r 15          r 16          r 17          r 18          r 19          r 20         ln lk             grad     status
  0      4.50e-06      9.00e-07       0.00500       0.00100     -400.00000       0.40000       0.02000       4.00000       1.00000       1.00000       1.00000       1.00000       1.00000       1.00000       1.00000       1.00000       1.00000       1.00000       1.00000       1.00000       1.00000       1.00000       1.00000       1.00000       1.00000       1.00000       1.00000  -220669.3985365428   1594.62778   -2
132      4.49e-06      9.00e-07       0.00514       0.00922     -830.69535       0.20508       0.00255      37.42543       0.96957       0.95623       0.92294       0.92776       0.90596       0.91329       0.87875       0.86819       0.90385       0.86751       0.92125       0.86916       0.89991       0.93010       0.87068       0.86300       0.92697       0.89260       0.84410  -219.9806866900      0.20400   -3
-- Local optimization: stuck in the same solution


---- Best joint likelihood found -219.98069 with gradient 0.20400
-- Model: B
--     eps_an        eps_cont      lambda        theta_bar     a        
--    4.49e-06      9.00e-07       0.00514       0.00922       -1.00000  
--      S_d            b             p_b           S_b      
--   -830.69535       0.20508       0.00255      37.42543  
--     r  2          r  3          r  4          r  5          r  6          r  7          r  8          r  9          r 10          r 11          r 12          r 13          r 14          r 15          r 16          r 17          r 18          r 19          r 20     
--     0.96957       0.95623       0.92294       0.92776       0.90596       0.91329       0.87875       0.86819       0.90385       0.86751       0.92125       0.86916       0.89991       0.93010       0.87068       0.86300       0.92697       0.89260       0.84410  

---- Expected P_neut(i), 0 < i < n (neutral SFS per site) 
E[P_neut(1)] = 0.009216
E[P_neut(2)] = 0.004468
E[P_neut(3)] = 0.002938
E[P_neut(4)] = 0.002126
E[P_neut(5)] = 0.001710
E[P_neut(6)] = 0.001392
E[P_neut(7)] = 0.001202
E[P_neut(8)] = 0.001012
E[P_neut(9)] = 0.000889
E[P_neut(10)] = 0.000833
E[P_neut(11)] = 0.000727
E[P_neut(12)] = 0.000708
E[P_neut(13)] = 0.000616
E[P_neut(14)] = 0.000592
E[P_neut(15)] = 0.000571
E[P_neut(16)] = 0.000502
E[P_neut(17)] = 0.000468
E[P_neut(18)] = 0.000475
E[P_neut(19)] = 0.000433

---- Expected P_sel(i), 0 < i < n (selected SFS per site) 
E[P_sel(1)] = 0.003674
E[P_sel(2)] = 0.001452
E[P_sel(3)] = 0.000868
E[P_sel(4)] = 0.000591
E[P_sel(5)] = 0.000455
E[P_sel(6)] = 0.000358
E[P_sel(7)] = 0.000301
E[P_sel(8)] = 0.000248
E[P_sel(9)] = 0.000214
E[P_sel(10)] = 0.000197
E[P_sel(11)] = 0.000169
E[P_sel(12)] = 0.000163
E[P_sel(13)] = 0.000141
E[P_sel(14)] = 0.000134
E[P_sel(15)] = 0.000129
E[P_sel(16)] = 0.000113
E[P_sel(17)] = 0.000106
E[P_sel(18)] = 0.000110
E[P_sel(19)] = 0.000104

---- Expected D_neut and D_sel (neutral and selected divergence per site) 
E[D_neut] = 0.005533
E[D_sel] = 0.001640

---- Expected neutral and selected misattributed polymorphism per site
E[mis_neut] = 0.000389
E[mis_sel] = 0.000101

---- alpha_div = 0.323901
---- alpha_dfe = 0.319464



