---- Performing inference on Ns100_pa_0.0005_boots/Ns100_pa_0.0005.59.polyDFE.txt using model B

---- Warning: mutation variability is not used when only one neutral and one selected fragment is available.
---- No mutation variability. Using Poisson likelihood.

---- Using provided initial values


-- Starting local optimization
 it       eps_an        lambda        theta_bar      S_d            b             r  2          r  3          r  4          r  5          r  6          r  7          r  8          r  9          r 10          r 11          r 12          r 13          r 14          r 15          r 16          r 17          r 18          r 19          r 20         ln lk             grad     status
  0      4.50e-06       0.00500       0.00100     -400.00000       0.40000       1.00000       1.00000       1.00000       1.00000       1.00000       1.00000       1.00000       1.00000       1.00000       1.00000       1.00000       1.00000       1.00000       1.00000       1.00000       1.00000       1.00000       1.00000       1.00000  -232989.6464900930   1753.92637   -2
185      4.47e-06       0.00515       0.00948   -10407.74729       0.13012       0.92136       0.91070       0.85275       0.84837       0.83110       0.82072       0.81924       0.77025       0.83196       0.79099       0.80046       0.80424       0.85109       0.81265       0.80288       0.83880       0.81986       0.83601       1.77152  -454.2726544325      0.03229   -3
-- Local optimization: stuck in the same solution


---- Best joint likelihood found -454.27265 with gradient 0.03229
-- Model: B
--     eps_an        eps_cont      lambda        theta_bar     a        
--    4.47e-06      0.00e+00       0.00515       0.00948       -1.00000  
--      S_d            b             p_b           S_b      
-- -10407.74729       0.13012      0.00e+00      0.00e+00  
--     r  2          r  3          r  4          r  5          r  6          r  7          r  8          r  9          r 10          r 11          r 12          r 13          r 14          r 15          r 16          r 17          r 18          r 19          r 20     
--     0.92136       0.91070       0.85275       0.84837       0.83110       0.82072       0.81924       0.77025       0.83196       0.79099       0.80046       0.80424       0.85109       0.81265       0.80288       0.83880       0.81986       0.83601       1.77152  

---- Expected P_neut(i), 0 < i < n (neutral SFS per site) 
E[P_neut(1)] = 0.009479
E[P_neut(2)] = 0.004367
E[P_neut(3)] = 0.002877
E[P_neut(4)] = 0.002021
E[P_neut(5)] = 0.001608
E[P_neut(6)] = 0.001313
E[P_neut(7)] = 0.001111
E[P_neut(8)] = 0.000971
E[P_neut(9)] = 0.000811
E[P_neut(10)] = 0.000789
E[P_neut(11)] = 0.000682
E[P_neut(12)] = 0.000632
E[P_neut(13)] = 0.000586
E[P_neut(14)] = 0.000576
E[P_neut(15)] = 0.000514
E[P_neut(16)] = 0.000476
E[P_neut(17)] = 0.000468
E[P_neut(18)] = 0.000432
E[P_neut(19)] = 0.000417

---- Expected P_sel(i), 0 < i < n (selected SFS per site) 
E[P_sel(1)] = 0.003572
E[P_sel(2)] = 0.001445
E[P_sel(3)] = 0.000897
E[P_sel(4)] = 0.000606
E[P_sel(5)] = 0.000469
E[P_sel(6)] = 0.000374
E[P_sel(7)] = 0.000311
E[P_sel(8)] = 0.000267
E[P_sel(9)] = 0.000221
E[P_sel(10)] = 0.000212
E[P_sel(11)] = 0.000181
E[P_sel(12)] = 0.000166
E[P_sel(13)] = 0.000153
E[P_sel(14)] = 0.000149
E[P_sel(15)] = 0.000132
E[P_sel(16)] = 0.000121
E[P_sel(17)] = 0.000119
E[P_sel(18)] = 0.000109
E[P_sel(19)] = 0.000104

---- Expected D_neut and D_sel (neutral and selected divergence per site) 
E[D_neut] = 0.005988
E[D_sel] = 0.001485

---- Expected neutral and selected misattributed polymorphism per site
E[mis_neut] = 0.000840
E[mis_sel] = 0.000209

---- alpha_div = 0.212816
---- alpha_dfe = 0.000000



