---- Performing inference on Ns100_pa_0.0005_boots/Ns100_pa_0.0005.15.polyDFE.txt using model B

---- Warning: mutation variability is not used when only one neutral and one selected fragment is available.
---- No mutation variability. Using Poisson likelihood.

---- Using provided initial values


-- Starting local optimization
 it       eps_an        eps_cont      theta_bar      S_d            b             p_b           S_b           r  2          r  3          r  4          r  5          r  6          r  7          r  8          r  9          r 10          r 11          r 12          r 13          r 14          r 15          r 16          r 17          r 18          r 19         ln lk             grad     status
  0      4.50e-06      9.00e-07       0.00100     -400.00000       0.40000       0.02000       4.00000       1.00000       1.00000       1.00000       1.00000       1.00000       1.00000       1.00000       1.00000       1.00000       1.00000       1.00000       1.00000       1.00000       1.00000       1.00000       1.00000       1.00000       1.00000  -217526.5833996863   1554.31401   -2
357      4.50e-06      9.00e-07       0.00930    -1009.35173       0.20042       0.00938       1.28119       0.95544       0.94767       0.93332       0.90416       0.89138       0.90587       0.86625       0.85595       0.89263       0.81147       0.84149       0.86423       0.93813       0.87466       0.84346       0.90244       0.89248       0.94088  -205.3144311427      0.00311   -3
-- Local optimization: stuck in the same solution


---- Best joint likelihood found -205.31443 with gradient 0.00311
-- Model: B
--     eps_an        eps_cont      theta_bar     a        
--    4.50e-06      9.00e-07       0.00930       -1.00000  
--      S_d            b             p_b           S_b      
--  -1009.35173       0.20042       0.00938       1.28119  
--     r  2          r  3          r  4          r  5          r  6          r  7          r  8          r  9          r 10          r 11          r 12          r 13          r 14          r 15          r 16          r 17          r 18          r 19     
--     0.95544       0.94767       0.93332       0.90416       0.89138       0.90587       0.86625       0.85595       0.89263       0.81147       0.84149       0.86423       0.93813       0.87466       0.84346       0.90244       0.89248       0.94088  

---- Expected P_neut(i), 0 < i < n (neutral SFS per site) 
E[P_neut(1)] = 0.009297
E[P_neut(2)] = 0.004442
E[P_neut(3)] = 0.002937
E[P_neut(4)] = 0.002169
E[P_neut(5)] = 0.001681
E[P_neut(6)] = 0.001381
E[P_neut(7)] = 0.001203
E[P_neut(8)] = 0.001007
E[P_neut(9)] = 0.000884
E[P_neut(10)] = 0.000830
E[P_neut(11)] = 0.000686
E[P_neut(12)] = 0.000652
E[P_neut(13)] = 0.000618
E[P_neut(14)] = 0.000623
E[P_neut(15)] = 0.000542
E[P_neut(16)] = 0.000490
E[P_neut(17)] = 0.000494
E[P_neut(18)] = 0.000461
E[P_neut(19)] = 0.000460

---- Expected P_sel(i), 0 < i < n (selected SFS per site) 
E[P_sel(1)] = 0.003666
E[P_sel(2)] = 0.001440
E[P_sel(3)] = 0.000869
E[P_sel(4)] = 0.000606
E[P_sel(5)] = 0.000451
E[P_sel(6)] = 0.000359
E[P_sel(7)] = 0.000305
E[P_sel(8)] = 0.000249
E[P_sel(9)] = 0.000215
E[P_sel(10)] = 0.000199
E[P_sel(11)] = 0.000162
E[P_sel(12)] = 0.000152
E[P_sel(13)] = 0.000143
E[P_sel(14)] = 0.000142
E[P_sel(15)] = 0.000123
E[P_sel(16)] = 0.000110
E[P_sel(17)] = 0.000110
E[P_sel(18)] = 0.000102
E[P_sel(19)] = 0.000101

---- Expected neutral and selected misattributed polymorphism per site
E[mis_neut] = 0.000465
E[mis_sel] = 0.000102

---- alpha_div = 0.351843
---- alpha_dfe = 0.076566



