---- Performing inference on Ns100_pa_0.0005_boots/Ns100_pa_0.0005.51.polyDFE.txt using model B

---- Warning: mutation variability is not used when only one neutral and one selected fragment is available.
---- No mutation variability. Using Poisson likelihood.

---- Using provided initial values


-- Starting local optimization
 it       eps_an        theta_bar      S_d            b             r  2          r  3          r  4          r  5          r  6          r  7          r  8          r  9          r 10          r 11          r 12          r 13          r 14          r 15          r 16          r 17          r 18          r 19         ln lk             grad     status
  0      4.50e-06       0.00100     -400.00000       0.40000       1.00000       1.00000       1.00000       1.00000       1.00000       1.00000       1.00000       1.00000       1.00000       1.00000       1.00000       1.00000       1.00000       1.00000       1.00000       1.00000       1.00000       1.00000  -227846.1284467593   1646.70468   -2
174      4.50e-06       0.00931    -1212.45230       0.18738       0.95246       0.93296       0.92574       0.91402       0.88308       0.90090       0.88593       0.87569       0.85135       0.86104       0.86536       0.87111       0.90582       0.88182       0.85187       0.87343       0.91408       0.91714  -198.5588660864      0.00047   -3
-- Local optimization: stuck in the same solution


---- Best joint likelihood found -198.55887 with gradient 0.00047
-- Model: B
--     eps_an        eps_cont      theta_bar     a        
--    4.50e-06      0.00e+00       0.00931       -1.00000  
--      S_d            b             p_b           S_b      
--  -1212.45230       0.18738      0.00e+00      0.00e+00  
--     r  2          r  3          r  4          r  5          r  6          r  7          r  8          r  9          r 10          r 11          r 12          r 13          r 14          r 15          r 16          r 17          r 18          r 19     
--     0.95246       0.93296       0.92574       0.91402       0.88308       0.90090       0.88593       0.87569       0.85135       0.86104       0.86536       0.87111       0.90582       0.88182       0.85187       0.87343       0.91408       0.91714  

---- Expected P_neut(i), 0 < i < n (neutral SFS per site) 
E[P_neut(1)] = 0.009310
E[P_neut(2)] = 0.004434
E[P_neut(3)] = 0.002895
E[P_neut(4)] = 0.002155
E[P_neut(5)] = 0.001702
E[P_neut(6)] = 0.001370
E[P_neut(7)] = 0.001198
E[P_neut(8)] = 0.001031
E[P_neut(9)] = 0.000906
E[P_neut(10)] = 0.000793
E[P_neut(11)] = 0.000729
E[P_neut(12)] = 0.000671
E[P_neut(13)] = 0.000624
E[P_neut(14)] = 0.000602
E[P_neut(15)] = 0.000547
E[P_neut(16)] = 0.000496
E[P_neut(17)] = 0.000478
E[P_neut(18)] = 0.000473
E[P_neut(19)] = 0.000449

---- Expected P_sel(i), 0 < i < n (selected SFS per site) 
E[P_sel(1)] = 0.003667
E[P_sel(2)] = 0.001446
E[P_sel(3)] = 0.000865
E[P_sel(4)] = 0.000608
E[P_sel(5)] = 0.000461
E[P_sel(6)] = 0.000360
E[P_sel(7)] = 0.000306
E[P_sel(8)] = 0.000258
E[P_sel(9)] = 0.000222
E[P_sel(10)] = 0.000191
E[P_sel(11)] = 0.000173
E[P_sel(12)] = 0.000157
E[P_sel(13)] = 0.000144
E[P_sel(14)] = 0.000138
E[P_sel(15)] = 0.000124
E[P_sel(16)] = 0.000111
E[P_sel(17)] = 0.000106
E[P_sel(18)] = 0.000104
E[P_sel(19)] = 0.000098

---- Expected neutral and selected misattributed polymorphism per site
E[mis_neut] = 0.000465
E[mis_sel] = 0.000101

---- alpha_div = 0.307667
---- alpha_dfe = 0.000000



