---- Performing inference on Ns100_pa_0.0005_boots/Ns100_pa_0.0005.57.polyDFE.txt using model B

---- Warning: mutation variability is not used when only one neutral and one selected fragment is available.
---- No mutation variability. Using Poisson likelihood.

---- Using provided initial values


-- Starting local optimization
 it       eps_an        lambda        theta_bar      S_d            b             r  2          r  3          r  4          r  5          r  6          r  7          r  8          r  9          r 10          r 11          r 12          r 13          r 14          r 15          r 16          r 17          r 18          r 19          r 20         ln lk             grad     status
  0      4.50e-06       0.00500       0.00100     -400.00000       0.40000       1.00000       1.00000       1.00000       1.00000       1.00000       1.00000       1.00000       1.00000       1.00000       1.00000       1.00000       1.00000       1.00000       1.00000       1.00000       1.00000       1.00000       1.00000       1.00000  -234338.0183631686   1757.88887   -2
690      4.26e-06       0.00005       0.00947    -7695.34377       0.13602       0.94307       0.90959       0.87924       0.86370       0.82000       0.86314       0.83272       0.76743       0.79512       0.79707       0.79792       0.78643       0.82863       0.85952       0.80341       0.81344       0.85453       0.87015      12.40367  -444.4066052338      0.00462   -6
-- Local optimization: reached maximum running time allowed


---- Best joint likelihood found -444.40661 with gradient 0.00462
-- Model: B
--     eps_an        eps_cont      lambda        theta_bar     a        
--    4.26e-06      0.00e+00       0.00005       0.00947       -1.00000  
--      S_d            b             p_b           S_b      
--  -7695.34377       0.13602      0.00e+00      0.00e+00  
--     r  2          r  3          r  4          r  5          r  6          r  7          r  8          r  9          r 10          r 11          r 12          r 13          r 14          r 15          r 16          r 17          r 18          r 19          r 20     
--     0.94307       0.90959       0.87924       0.86370       0.82000       0.86314       0.83272       0.76743       0.79512       0.79707       0.79792       0.78643       0.82863       0.85952       0.80341       0.81344       0.85453       0.87015      12.40367  

---- Expected P_neut(i), 0 < i < n (neutral SFS per site) 
E[P_neut(1)] = 0.009474
E[P_neut(2)] = 0.004467
E[P_neut(3)] = 0.002872
E[P_neut(4)] = 0.002082
E[P_neut(5)] = 0.001636
E[P_neut(6)] = 0.001295
E[P_neut(7)] = 0.001168
E[P_neut(8)] = 0.000986
E[P_neut(9)] = 0.000808
E[P_neut(10)] = 0.000753
E[P_neut(11)] = 0.000686
E[P_neut(12)] = 0.000630
E[P_neut(13)] = 0.000573
E[P_neut(14)] = 0.000561
E[P_neut(15)] = 0.000543
E[P_neut(16)] = 0.000476
E[P_neut(17)] = 0.000453
E[P_neut(18)] = 0.000450
E[P_neut(19)] = 0.000434

---- Expected P_sel(i), 0 < i < n (selected SFS per site) 
E[P_sel(1)] = 0.003582
E[P_sel(2)] = 0.001474
E[P_sel(3)] = 0.000890
E[P_sel(4)] = 0.000619
E[P_sel(5)] = 0.000473
E[P_sel(6)] = 0.000365
E[P_sel(7)] = 0.000323
E[P_sel(8)] = 0.000269
E[P_sel(9)] = 0.000217
E[P_sel(10)] = 0.000200
E[P_sel(11)] = 0.000180
E[P_sel(12)] = 0.000164
E[P_sel(13)] = 0.000147
E[P_sel(14)] = 0.000143
E[P_sel(15)] = 0.000137
E[P_sel(16)] = 0.000120
E[P_sel(17)] = 0.000113
E[P_sel(18)] = 0.000112
E[P_sel(19)] = 0.000107

---- Expected D_neut and D_sel (neutral and selected divergence per site) 
E[D_neut] = 0.005929
E[D_sel] = 0.001453

---- Expected neutral and selected misattributed polymorphism per site
E[mis_neut] = 0.005876
E[mis_sel] = 0.001440

---- alpha_div = 1.611899
---- alpha_dfe = 0.000000



