---- Performing inference on Ns100_pa_0.0005_boots/Ns100_pa_0.0005.10.polyDFE.txt using model B

---- Warning: mutation variability is not used when only one neutral and one selected fragment is available.
---- No mutation variability. Using Poisson likelihood.

---- Using provided initial values


-- Starting local optimization
 it       eps_an        theta_bar      S_d            b             r  2          r  3          r  4          r  5          r  6          r  7          r  8          r  9          r 10          r 11          r 12          r 13          r 14          r 15          r 16          r 17          r 18          r 19         ln lk             grad     status
  0      4.50e-06       0.00100     -400.00000       0.40000       1.00000       1.00000       1.00000       1.00000       1.00000       1.00000       1.00000       1.00000       1.00000       1.00000       1.00000       1.00000       1.00000       1.00000       1.00000       1.00000       1.00000       1.00000  -225648.9696055829   1635.22430   -2
164      4.50e-06       0.00916     -978.68097       0.19598       0.96358       0.96033       0.93916       0.94165       0.90345       0.90954       0.88092       0.84833       0.87954       0.83870       0.86184       0.91373       0.95855       0.92634       0.86468       0.92679       0.91616       0.93493  -194.7619062490      0.00099   -3
-- Local optimization: stuck in the same solution


---- Best joint likelihood found -194.76191 with gradient 0.00099
-- Model: B
--     eps_an        eps_cont      theta_bar     a        
--    4.50e-06      0.00e+00       0.00916       -1.00000  
--      S_d            b             p_b           S_b      
--   -978.68097       0.19598      0.00e+00      0.00e+00  
--     r  2          r  3          r  4          r  5          r  6          r  7          r  8          r  9          r 10          r 11          r 12          r 13          r 14          r 15          r 16          r 17          r 18          r 19     
--     0.96358       0.96033       0.93916       0.94165       0.90345       0.90954       0.88092       0.84833       0.87954       0.83870       0.86184       0.91373       0.95855       0.92634       0.86468       0.92679       0.91616       0.93493  

---- Expected P_neut(i), 0 < i < n (neutral SFS per site) 
E[P_neut(1)] = 0.009163
E[P_neut(2)] = 0.004415
E[P_neut(3)] = 0.002933
E[P_neut(4)] = 0.002151
E[P_neut(5)] = 0.001726
E[P_neut(6)] = 0.001380
E[P_neut(7)] = 0.001191
E[P_neut(8)] = 0.001009
E[P_neut(9)] = 0.000864
E[P_neut(10)] = 0.000806
E[P_neut(11)] = 0.000699
E[P_neut(12)] = 0.000658
E[P_neut(13)] = 0.000644
E[P_neut(14)] = 0.000627
E[P_neut(15)] = 0.000566
E[P_neut(16)] = 0.000495
E[P_neut(17)] = 0.000500
E[P_neut(18)] = 0.000466
E[P_neut(19)] = 0.000451

---- Expected P_sel(i), 0 < i < n (selected SFS per site) 
E[P_sel(1)] = 0.003637
E[P_sel(2)] = 0.001439
E[P_sel(3)] = 0.000872
E[P_sel(4)] = 0.000603
E[P_sel(5)] = 0.000463
E[P_sel(6)] = 0.000358
E[P_sel(7)] = 0.000301
E[P_sel(8)] = 0.000249
E[P_sel(9)] = 0.000209
E[P_sel(10)] = 0.000191
E[P_sel(11)] = 0.000163
E[P_sel(12)] = 0.000152
E[P_sel(13)] = 0.000146
E[P_sel(14)] = 0.000141
E[P_sel(15)] = 0.000126
E[P_sel(16)] = 0.000109
E[P_sel(17)] = 0.000109
E[P_sel(18)] = 0.000101
E[P_sel(19)] = 0.000096

---- Expected neutral and selected misattributed polymorphism per site
E[mis_neut] = 0.000458
E[mis_sel] = 0.000097

---- alpha_div = 0.310268
---- alpha_dfe = 0.000000



