---- Performing inference on Ns100_pa_0.0005_boots/Ns100_pa_0.0005.26.polyDFE.txt using model B

---- Warning: mutation variability is not used when only one neutral and one selected fragment is available.
---- No mutation variability. Using Poisson likelihood.

---- Using provided initial values


-- Starting local optimization
 it       eps_an        lambda        theta_bar      S_d            b             r  2          r  3          r  4          r  5          r  6          r  7          r  8          r  9          r 10          r 11          r 12          r 13          r 14          r 15          r 16          r 17          r 18          r 19          r 20         ln lk             grad     status
  0      4.50e-06       0.00500       0.00100     -400.00000       0.40000       1.00000       1.00000       1.00000       1.00000       1.00000       1.00000       1.00000       1.00000       1.00000       1.00000       1.00000       1.00000       1.00000       1.00000       1.00000       1.00000       1.00000       1.00000       1.00000  -234795.1871129442   1761.50316   -2
680      4.25e-06       0.00005       0.00953    -8859.33953       0.13308       0.93650       0.90276       0.88167       0.85109       0.79969       0.84639       0.81694       0.76170       0.79039       0.76136       0.78595       0.79894       0.86025       0.81746       0.80942       0.82350       0.80527       0.83932      12.38414  -433.8629110669      0.00513   -6
-- Local optimization: reached maximum running time allowed


---- Best joint likelihood found -433.86291 with gradient 0.00513
-- Model: B
--     eps_an        eps_cont      lambda        theta_bar     a        
--    4.25e-06      0.00e+00       0.00005       0.00953       -1.00000  
--      S_d            b             p_b           S_b      
--  -8859.33953       0.13308      0.00e+00      0.00e+00  
--     r  2          r  3          r  4          r  5          r  6          r  7          r  8          r  9          r 10          r 11          r 12          r 13          r 14          r 15          r 16          r 17          r 18          r 19          r 20     
--     0.93650       0.90276       0.88167       0.85109       0.79969       0.84639       0.81694       0.76170       0.79039       0.76136       0.78595       0.79894       0.86025       0.81746       0.80942       0.82350       0.80527       0.83932      12.38414  

---- Expected P_neut(i), 0 < i < n (neutral SFS per site) 
E[P_neut(1)] = 0.009532
E[P_neut(2)] = 0.004463
E[P_neut(3)] = 0.002868
E[P_neut(4)] = 0.002101
E[P_neut(5)] = 0.001622
E[P_neut(6)] = 0.001270
E[P_neut(7)] = 0.001153
E[P_neut(8)] = 0.000973
E[P_neut(9)] = 0.000807
E[P_neut(10)] = 0.000753
E[P_neut(11)] = 0.000660
E[P_neut(12)] = 0.000624
E[P_neut(13)] = 0.000586
E[P_neut(14)] = 0.000586
E[P_neut(15)] = 0.000519
E[P_neut(16)] = 0.000482
E[P_neut(17)] = 0.000462
E[P_neut(18)] = 0.000426
E[P_neut(19)] = 0.000421

---- Expected P_sel(i), 0 < i < n (selected SFS per site) 
E[P_sel(1)] = 0.003600
E[P_sel(2)] = 0.001476
E[P_sel(3)] = 0.000892
E[P_sel(4)] = 0.000628
E[P_sel(5)] = 0.000471
E[P_sel(6)] = 0.000361
E[P_sel(7)] = 0.000321
E[P_sel(8)] = 0.000267
E[P_sel(9)] = 0.000218
E[P_sel(10)] = 0.000201
E[P_sel(11)] = 0.000174
E[P_sel(12)] = 0.000163
E[P_sel(13)] = 0.000152
E[P_sel(14)] = 0.000151
E[P_sel(15)] = 0.000133
E[P_sel(16)] = 0.000122
E[P_sel(17)] = 0.000116
E[P_sel(18)] = 0.000107
E[P_sel(19)] = 0.000105

---- Expected D_neut and D_sel (neutral and selected divergence per site) 
E[D_neut] = 0.005956
E[D_sel] = 0.001472

---- Expected neutral and selected misattributed polymorphism per site
E[mis_neut] = 0.005902
E[mis_sel] = 0.001459

---- alpha_div = 1.615284
---- alpha_dfe = 0.000000



