---- Performing inference on Ns100_pa_0.0005_boots/Ns100_pa_0.0005.20.polyDFE.txt using model B

---- Warning: mutation variability is not used when only one neutral and one selected fragment is available.
---- No mutation variability. Using Poisson likelihood.

---- Using provided initial values


-- Starting local optimization
 it       eps_an        eps_cont      lambda        theta_bar      S_d            b             p_b           S_b           r  2          r  3          r  4          r  5          r  6          r  7          r  8          r  9          r 10          r 11          r 12          r 13          r 14          r 15          r 16          r 17          r 18          r 19          r 20         ln lk             grad     status
  0      4.50e-06      9.00e-07       0.00500       0.00100     -400.00000       0.40000       0.02000       4.00000       1.00000       1.00000       1.00000       1.00000       1.00000       1.00000       1.00000       1.00000       1.00000       1.00000       1.00000       1.00000       1.00000       1.00000       1.00000       1.00000       1.00000       1.00000       1.00000  -219002.5026543367   1585.56084   -2
 86      4.49e-06      9.00e-07       0.00500       0.00927    -1057.14285       0.19658       0.00249      37.42931       0.96983       0.95443       0.91849       0.91487       0.89989       0.90777       0.88347       0.84007       0.85183       0.84291       0.85743       0.88249       0.93111       0.91209       0.82183       0.86737       0.90324       0.87734       1.04067  -212.6362464543      0.20232   -3
-- Local optimization: stuck in the same solution


---- Best joint likelihood found -212.63625 with gradient 0.20232
-- Model: B
--     eps_an        eps_cont      lambda        theta_bar     a        
--    4.49e-06      9.00e-07       0.00500       0.00927       -1.00000  
--      S_d            b             p_b           S_b      
--  -1057.14285       0.19658       0.00249      37.42931  
--     r  2          r  3          r  4          r  5          r  6          r  7          r  8          r  9          r 10          r 11          r 12          r 13          r 14          r 15          r 16          r 17          r 18          r 19          r 20     
--     0.96983       0.95443       0.91849       0.91487       0.89989       0.90777       0.88347       0.84007       0.85183       0.84291       0.85743       0.88249       0.93111       0.91209       0.82183       0.86737       0.90324       0.87734       1.04067  

---- Expected P_neut(i), 0 < i < n (neutral SFS per site) 
E[P_neut(1)] = 0.009268
E[P_neut(2)] = 0.004494
E[P_neut(3)] = 0.002949
E[P_neut(4)] = 0.002128
E[P_neut(5)] = 0.001696
E[P_neut(6)] = 0.001390
E[P_neut(7)] = 0.001202
E[P_neut(8)] = 0.001024
E[P_neut(9)] = 0.000865
E[P_neut(10)] = 0.000789
E[P_neut(11)] = 0.000710
E[P_neut(12)] = 0.000662
E[P_neut(13)] = 0.000629
E[P_neut(14)] = 0.000616
E[P_neut(15)] = 0.000564
E[P_neut(16)] = 0.000476
E[P_neut(17)] = 0.000473
E[P_neut(18)] = 0.000465
E[P_neut(19)] = 0.000428

---- Expected P_sel(i), 0 < i < n (selected SFS per site) 
E[P_sel(1)] = 0.003633
E[P_sel(2)] = 0.001448
E[P_sel(3)] = 0.000867
E[P_sel(4)] = 0.000591
E[P_sel(5)] = 0.000451
E[P_sel(6)] = 0.000358
E[P_sel(7)] = 0.000302
E[P_sel(8)] = 0.000251
E[P_sel(9)] = 0.000209
E[P_sel(10)] = 0.000187
E[P_sel(11)] = 0.000166
E[P_sel(12)] = 0.000153
E[P_sel(13)] = 0.000144
E[P_sel(14)] = 0.000141
E[P_sel(15)] = 0.000128
E[P_sel(16)] = 0.000108
E[P_sel(17)] = 0.000108
E[P_sel(18)] = 0.000108
E[P_sel(19)] = 0.000104

---- Expected D_neut and D_sel (neutral and selected divergence per site) 
E[D_neut] = 0.005486
E[D_sel] = 0.001622

---- Expected neutral and selected misattributed polymorphism per site
E[mis_neut] = 0.000482
E[mis_sel] = 0.000126

---- alpha_div = 0.315866
---- alpha_dfe = 0.312085



