---- Performing inference on Ns100_pa_0.0005_boots/Ns100_pa_0.0005.97.polyDFE.txt using model B

---- Warning: mutation variability is not used when only one neutral and one selected fragment is available.
---- No mutation variability. Using Poisson likelihood.

---- Using provided initial values


-- Starting local optimization
 it       eps_an        lambda        theta_bar      S_d            b             r  2          r  3          r  4          r  5          r  6          r  7          r  8          r  9          r 10          r 11          r 12          r 13          r 14          r 15          r 16          r 17          r 18          r 19          r 20         ln lk             grad     status
  0      4.50e-06       0.00500       0.00100     -400.00000       0.40000       1.00000       1.00000       1.00000       1.00000       1.00000       1.00000       1.00000       1.00000       1.00000       1.00000       1.00000       1.00000       1.00000       1.00000       1.00000       1.00000       1.00000       1.00000       1.00000  -233929.4317641976   1755.60567   -2
641      4.22e-06       0.00006       0.00945    -6278.66830       0.13980       0.93332       0.90678       0.88267       0.87427       0.83454       0.84817       0.81005       0.79071       0.81220       0.80199       0.84014       0.84054       0.83454       0.83038       0.80382       0.83687       0.80674       0.85796      12.47224  -435.5263700417      0.02293   -3
-- Local optimization: stuck in the same solution


---- Best joint likelihood found -435.52637 with gradient 0.02293
-- Model: B
--     eps_an        eps_cont      lambda        theta_bar     a        
--    4.22e-06      0.00e+00       0.00006       0.00945       -1.00000  
--      S_d            b             p_b           S_b      
--  -6278.66830       0.13980      0.00e+00      0.00e+00  
--     r  2          r  3          r  4          r  5          r  6          r  7          r  8          r  9          r 10          r 11          r 12          r 13          r 14          r 15          r 16          r 17          r 18          r 19          r 20     
--     0.93332       0.90678       0.88267       0.87427       0.83454       0.84817       0.81005       0.79071       0.81220       0.80199       0.84014       0.84054       0.83454       0.83038       0.80382       0.83687       0.80674       0.85796      12.47224  

---- Expected P_neut(i), 0 < i < n (neutral SFS per site) 
E[P_neut(1)] = 0.009453
E[P_neut(2)] = 0.004411
E[P_neut(3)] = 0.002857
E[P_neut(4)] = 0.002086
E[P_neut(5)] = 0.001653
E[P_neut(6)] = 0.001315
E[P_neut(7)] = 0.001145
E[P_neut(8)] = 0.000957
E[P_neut(9)] = 0.000831
E[P_neut(10)] = 0.000768
E[P_neut(11)] = 0.000689
E[P_neut(12)] = 0.000662
E[P_neut(13)] = 0.000611
E[P_neut(14)] = 0.000563
E[P_neut(15)] = 0.000523
E[P_neut(16)] = 0.000475
E[P_neut(17)] = 0.000465
E[P_neut(18)] = 0.000424
E[P_neut(19)] = 0.000427

---- Expected P_sel(i), 0 < i < n (selected SFS per site) 
E[P_sel(1)] = 0.003593
E[P_sel(2)] = 0.001458
E[P_sel(3)] = 0.000885
E[P_sel(4)] = 0.000620
E[P_sel(5)] = 0.000476
E[P_sel(6)] = 0.000370
E[P_sel(7)] = 0.000316
E[P_sel(8)] = 0.000260
E[P_sel(9)] = 0.000222
E[P_sel(10)] = 0.000203
E[P_sel(11)] = 0.000180
E[P_sel(12)] = 0.000171
E[P_sel(13)] = 0.000156
E[P_sel(14)] = 0.000143
E[P_sel(15)] = 0.000132
E[P_sel(16)] = 0.000119
E[P_sel(17)] = 0.000115
E[P_sel(18)] = 0.000104
E[P_sel(19)] = 0.000105

---- Expected D_neut and D_sel (neutral and selected divergence per site) 
E[D_neut] = 0.005959
E[D_sel] = 0.001450

---- Expected neutral and selected misattributed polymorphism per site
E[mis_neut] = 0.005895
E[mis_sel] = 0.001435

---- alpha_div = 1.585300
---- alpha_dfe = 0.000000



