---- Performing inference on Ns100_pa_0.0005_boots/Ns100_pa_0.0005.47.polyDFE.txt using model B

---- Warning: mutation variability is not used when only one neutral and one selected fragment is available.
---- No mutation variability. Using Poisson likelihood.

---- Using provided initial values


-- Starting local optimization
 it       eps_an        lambda        theta_bar      S_d            b             r  2          r  3          r  4          r  5          r  6          r  7          r  8          r  9          r 10          r 11          r 12          r 13          r 14          r 15          r 16          r 17          r 18          r 19          r 20         ln lk             grad     status
  0      4.50e-06       0.00500       0.00100     -400.00000       0.40000       1.00000       1.00000       1.00000       1.00000       1.00000       1.00000       1.00000       1.00000       1.00000       1.00000       1.00000       1.00000       1.00000       1.00000       1.00000       1.00000       1.00000       1.00000       1.00000  -233320.0696883576   1756.85549   -2
677      4.34e-06       0.00021       0.00931    -4857.77643       0.14362       0.94211       0.92272       0.87947       0.86636       0.83892       0.85126       0.84882       0.81909       0.79483       0.83775       0.81179       0.84214       0.88492       0.83706       0.83265       0.84680       0.88323       0.82755      12.64876  -432.2217097995      0.04439   -6
-- Local optimization: reached maximum running time allowed


---- Best joint likelihood found -432.22171 with gradient 0.04439
-- Model: B
--     eps_an        eps_cont      lambda        theta_bar     a        
--    4.34e-06      0.00e+00       0.00021       0.00931       -1.00000  
--      S_d            b             p_b           S_b      
--  -4857.77643       0.14362      0.00e+00      0.00e+00  
--     r  2          r  3          r  4          r  5          r  6          r  7          r  8          r  9          r 10          r 11          r 12          r 13          r 14          r 15          r 16          r 17          r 18          r 19          r 20     
--     0.94211       0.92272       0.87947       0.86636       0.83892       0.85126       0.84882       0.81909       0.79483       0.83775       0.81179       0.84214       0.88492       0.83706       0.83265       0.84680       0.88323       0.82755      12.64876  

---- Expected P_neut(i), 0 < i < n (neutral SFS per site) 
E[P_neut(1)] = 0.009308
E[P_neut(2)] = 0.004385
E[P_neut(3)] = 0.002863
E[P_neut(4)] = 0.002047
E[P_neut(5)] = 0.001613
E[P_neut(6)] = 0.001301
E[P_neut(7)] = 0.001132
E[P_neut(8)] = 0.000988
E[P_neut(9)] = 0.000847
E[P_neut(10)] = 0.000740
E[P_neut(11)] = 0.000709
E[P_neut(12)] = 0.000630
E[P_neut(13)] = 0.000603
E[P_neut(14)] = 0.000588
E[P_neut(15)] = 0.000519
E[P_neut(16)] = 0.000484
E[P_neut(17)] = 0.000464
E[P_neut(18)] = 0.000457
E[P_neut(19)] = 0.000405

---- Expected P_sel(i), 0 < i < n (selected SFS per site) 
E[P_sel(1)] = 0.003590
E[P_sel(2)] = 0.001464
E[P_sel(3)] = 0.000894
E[P_sel(4)] = 0.000612
E[P_sel(5)] = 0.000468
E[P_sel(6)] = 0.000368
E[P_sel(7)] = 0.000314
E[P_sel(8)] = 0.000269
E[P_sel(9)] = 0.000228
E[P_sel(10)] = 0.000196
E[P_sel(11)] = 0.000186
E[P_sel(12)] = 0.000163
E[P_sel(13)] = 0.000155
E[P_sel(14)] = 0.000150
E[P_sel(15)] = 0.000131
E[P_sel(16)] = 0.000121
E[P_sel(17)] = 0.000115
E[P_sel(18)] = 0.000113
E[P_sel(19)] = 0.000099

---- Expected D_neut and D_sel (neutral and selected divergence per site) 
E[D_neut] = 0.006101
E[D_sel] = 0.001488

---- Expected neutral and selected misattributed polymorphism per site
E[mis_neut] = 0.005887
E[mis_sel] = 0.001436

---- alpha_div = 1.325785
---- alpha_dfe = 0.000000



