---- Performing inference on Ns100_pa_0.0005_boots/Ns100_pa_0.0005.90.polyDFE.txt using model B

---- Warning: mutation variability is not used when only one neutral and one selected fragment is available.
---- No mutation variability. Using Poisson likelihood.

---- Using provided initial values


-- Starting local optimization
 it       eps_an        eps_cont      lambda        theta_bar      S_d            b             p_b           S_b           r  2          r  3          r  4          r  5          r  6          r  7          r  8          r  9          r 10          r 11          r 12          r 13          r 14          r 15          r 16          r 17          r 18          r 19          r 20         ln lk             grad     status
  0      4.50e-06      9.00e-07       0.00500       0.00100     -400.00000       0.40000       0.02000       4.00000       1.00000       1.00000       1.00000       1.00000       1.00000       1.00000       1.00000       1.00000       1.00000       1.00000       1.00000       1.00000       1.00000       1.00000       1.00000       1.00000       1.00000       1.00000       1.00000  -219243.6999007725   1585.73783   -2
 89      4.49e-06      9.00e-07       0.00497       0.00919     -620.77106       0.21941       0.00282      37.42921       0.97059       0.95998       0.93515       0.92063       0.90172       0.90840       0.89425       0.87024       0.87951       0.86859       0.87707       0.88496       0.93744       0.90232       0.90245       0.88399       0.87520       0.91314       0.86510  -224.5408942183      0.61409   -3
-- Local optimization: stuck in the same solution


---- Best joint likelihood found -224.54089 with gradient 0.61409
-- Model: B
--     eps_an        eps_cont      lambda        theta_bar     a        
--    4.49e-06      9.00e-07       0.00497       0.00919       -1.00000  
--      S_d            b             p_b           S_b      
--   -620.77106       0.21941       0.00282      37.42921  
--     r  2          r  3          r  4          r  5          r  6          r  7          r  8          r  9          r 10          r 11          r 12          r 13          r 14          r 15          r 16          r 17          r 18          r 19          r 20     
--     0.97059       0.95998       0.93515       0.92063       0.90172       0.90840       0.89425       0.87024       0.87951       0.86859       0.87707       0.88496       0.93744       0.90232       0.90245       0.88399       0.87520       0.91314       0.86510  

---- Expected P_neut(i), 0 < i < n (neutral SFS per site) 
E[P_neut(1)] = 0.009190
E[P_neut(2)] = 0.004460
E[P_neut(3)] = 0.002941
E[P_neut(4)] = 0.002149
E[P_neut(5)] = 0.001692
E[P_neut(6)] = 0.001381
E[P_neut(7)] = 0.001193
E[P_neut(8)] = 0.001027
E[P_neut(9)] = 0.000889
E[P_neut(10)] = 0.000808
E[P_neut(11)] = 0.000726
E[P_neut(12)] = 0.000672
E[P_neut(13)] = 0.000626
E[P_neut(14)] = 0.000615
E[P_neut(15)] = 0.000553
E[P_neut(16)] = 0.000518
E[P_neut(17)] = 0.000478
E[P_neut(18)] = 0.000447
E[P_neut(19)] = 0.000442

---- Expected P_sel(i), 0 < i < n (selected SFS per site) 
E[P_sel(1)] = 0.003712
E[P_sel(2)] = 0.001450
E[P_sel(3)] = 0.000863
E[P_sel(4)] = 0.000591
E[P_sel(5)] = 0.000444
E[P_sel(6)] = 0.000350
E[P_sel(7)] = 0.000293
E[P_sel(8)] = 0.000247
E[P_sel(9)] = 0.000209
E[P_sel(10)] = 0.000187
E[P_sel(11)] = 0.000165
E[P_sel(12)] = 0.000151
E[P_sel(13)] = 0.000140
E[P_sel(14)] = 0.000136
E[P_sel(15)] = 0.000122
E[P_sel(16)] = 0.000114
E[P_sel(17)] = 0.000106
E[P_sel(18)] = 0.000102
E[P_sel(19)] = 0.000105

---- Expected D_neut and D_sel (neutral and selected divergence per site) 
E[D_neut] = 0.005369
E[D_sel] = 0.001608

---- Expected neutral and selected misattributed polymorphism per site
E[mis_neut] = 0.000398
E[mis_sel] = 0.000103

---- alpha_div = 0.352440
---- alpha_dfe = 0.348981



