---- Performing inference on Ns100_pa_0.0005_boots/Ns100_pa_0.0005.66.polyDFE.txt using model B

---- Warning: mutation variability is not used when only one neutral and one selected fragment is available.
---- No mutation variability. Using Poisson likelihood.

---- Using provided initial values


-- Starting local optimization
 it       eps_an        eps_cont      lambda        theta_bar      S_d            b             p_b           S_b           r  2          r  3          r  4          r  5          r  6          r  7          r  8          r  9          r 10          r 11          r 12          r 13          r 14          r 15          r 16          r 17          r 18          r 19          r 20         ln lk             grad     status
  0      4.50e-06      9.00e-07       0.00500       0.00100     -400.00000       0.40000       0.02000       4.00000       1.00000       1.00000       1.00000       1.00000       1.00000       1.00000       1.00000       1.00000       1.00000       1.00000       1.00000       1.00000       1.00000       1.00000       1.00000       1.00000       1.00000       1.00000       1.00000  -218191.7125724664   1582.96701   -2
426      4.40e-06      9.00e-07       0.00509       0.00911     -939.29750       0.19708       0.00003    3755.38513       0.97782       0.95794       0.93422       0.94433       0.89851       0.92569       0.87051       0.88844       0.86517       0.84906       0.86607       0.91720       0.96363       0.92215       0.84638       0.93117       0.92657       0.92807       0.66796  -208.8275282020      0.00282   -3
-- Local optimization: stuck in the same solution


---- Best joint likelihood found -208.82753 with gradient 0.00282
-- Model: B
--     eps_an        eps_cont      lambda        theta_bar     a        
--    4.40e-06      9.00e-07       0.00509       0.00911       -1.00000  
--      S_d            b             p_b           S_b      
--   -939.29750       0.19708       0.00003    3755.38513  
--     r  2          r  3          r  4          r  5          r  6          r  7          r  8          r  9          r 10          r 11          r 12          r 13          r 14          r 15          r 16          r 17          r 18          r 19          r 20     
--     0.97782       0.95794       0.93422       0.94433       0.89851       0.92569       0.87051       0.88844       0.86517       0.84906       0.86607       0.91720       0.96363       0.92215       0.84638       0.93117       0.92657       0.92807       0.66796  

---- Expected P_neut(i), 0 < i < n (neutral SFS per site) 
E[P_neut(1)] = 0.009110
E[P_neut(2)] = 0.004454
E[P_neut(3)] = 0.002909
E[P_neut(4)] = 0.002128
E[P_neut(5)] = 0.001721
E[P_neut(6)] = 0.001364
E[P_neut(7)] = 0.001205
E[P_neut(8)] = 0.000991
E[P_neut(9)] = 0.000899
E[P_neut(10)] = 0.000788
E[P_neut(11)] = 0.000703
E[P_neut(12)] = 0.000658
E[P_neut(13)] = 0.000643
E[P_neut(14)] = 0.000627
E[P_neut(15)] = 0.000560
E[P_neut(16)] = 0.000482
E[P_neut(17)] = 0.000499
E[P_neut(18)] = 0.000469
E[P_neut(19)] = 0.000445

---- Expected P_sel(i), 0 < i < n (selected SFS per site) 
E[P_sel(1)] = 0.003631
E[P_sel(2)] = 0.001456
E[P_sel(3)] = 0.000867
E[P_sel(4)] = 0.000597
E[P_sel(5)] = 0.000463
E[P_sel(6)] = 0.000355
E[P_sel(7)] = 0.000305
E[P_sel(8)] = 0.000245
E[P_sel(9)] = 0.000218
E[P_sel(10)] = 0.000187
E[P_sel(11)] = 0.000165
E[P_sel(12)] = 0.000152
E[P_sel(13)] = 0.000146
E[P_sel(14)] = 0.000141
E[P_sel(15)] = 0.000125
E[P_sel(16)] = 0.000106
E[P_sel(17)] = 0.000109
E[P_sel(18)] = 0.000101
E[P_sel(19)] = 0.000095

---- Expected D_neut and D_sel (neutral and selected divergence per site) 
E[D_neut] = 0.005397
E[D_sel] = 0.001639

---- Expected neutral and selected misattributed polymorphism per site
E[mis_neut] = 0.000304
E[mis_sel] = 0.000065

---- alpha_div = 0.319316
---- alpha_dfe = 0.319267



