---- Performing inference on Ns100_pa_0.0005_boots/Ns100_pa_0.0005.52.polyDFE.txt using model B

---- Warning: mutation variability is not used when only one neutral and one selected fragment is available.
---- No mutation variability. Using Poisson likelihood.

---- Using provided initial values


-- Starting local optimization
 it       eps_an        theta_bar      S_d            b             r  2          r  3          r  4          r  5          r  6          r  7          r  8          r  9          r 10          r 11          r 12          r 13          r 14          r 15          r 16          r 17          r 18          r 19         ln lk             grad     status
  0      4.50e-06       0.00100     -400.00000       0.40000       1.00000       1.00000       1.00000       1.00000       1.00000       1.00000       1.00000       1.00000       1.00000       1.00000       1.00000       1.00000       1.00000       1.00000       1.00000       1.00000       1.00000       1.00000  -226871.9294449393   1640.69568   -2
138      4.50e-06       0.00921    -1002.71149       0.19584       0.97667       0.96970       0.94426       0.93328       0.87659       0.88456       0.89344       0.85306       0.88990       0.86723       0.86432       0.93835       0.91144       0.87874       0.85315       0.91626       0.92614       0.90733  -201.9695144468      0.00110   -3
-- Local optimization: stuck in the same solution


---- Best joint likelihood found -201.96951 with gradient 0.00110
-- Model: B
--     eps_an        eps_cont      theta_bar     a        
--    4.50e-06      0.00e+00       0.00921       -1.00000  
--      S_d            b             p_b           S_b      
--  -1002.71149       0.19584      0.00e+00      0.00e+00  
--     r  2          r  3          r  4          r  5          r  6          r  7          r  8          r  9          r 10          r 11          r 12          r 13          r 14          r 15          r 16          r 17          r 18          r 19     
--     0.97667       0.96970       0.94426       0.93328       0.87659       0.88456       0.89344       0.85306       0.88990       0.86723       0.86432       0.93835       0.91144       0.87874       0.85315       0.91626       0.92614       0.90733  

---- Expected P_neut(i), 0 < i < n (neutral SFS per site) 
E[P_neut(1)] = 0.009210
E[P_neut(2)] = 0.004498
E[P_neut(3)] = 0.002977
E[P_neut(4)] = 0.002174
E[P_neut(5)] = 0.001719
E[P_neut(6)] = 0.001346
E[P_neut(7)] = 0.001164
E[P_neut(8)] = 0.001029
E[P_neut(9)] = 0.000873
E[P_neut(10)] = 0.000820
E[P_neut(11)] = 0.000726
E[P_neut(12)] = 0.000663
E[P_neut(13)] = 0.000665
E[P_neut(14)] = 0.000600
E[P_neut(15)] = 0.000540
E[P_neut(16)] = 0.000491
E[P_neut(17)] = 0.000496
E[P_neut(18)] = 0.000474
E[P_neut(19)] = 0.000440

---- Expected P_sel(i), 0 < i < n (selected SFS per site) 
E[P_sel(1)] = 0.003641
E[P_sel(2)] = 0.001460
E[P_sel(3)] = 0.000881
E[P_sel(4)] = 0.000607
E[P_sel(5)] = 0.000460
E[P_sel(6)] = 0.000348
E[P_sel(7)] = 0.000293
E[P_sel(8)] = 0.000253
E[P_sel(9)] = 0.000210
E[P_sel(10)] = 0.000194
E[P_sel(11)] = 0.000169
E[P_sel(12)] = 0.000152
E[P_sel(13)] = 0.000151
E[P_sel(14)] = 0.000134
E[P_sel(15)] = 0.000119
E[P_sel(16)] = 0.000107
E[P_sel(17)] = 0.000108
E[P_sel(18)] = 0.000102
E[P_sel(19)] = 0.000094

---- Expected neutral and selected misattributed polymorphism per site
E[mis_neut] = 0.000461
E[mis_sel] = 0.000097

---- alpha_div = 0.319823
---- alpha_dfe = 0.000000



