---- Performing inference on Ns100_pa_0.0005_boots/Ns100_pa_0.0005.16.polyDFE.txt using model B

---- Warning: mutation variability is not used when only one neutral and one selected fragment is available.
---- No mutation variability. Using Poisson likelihood.

---- Using provided initial values


-- Starting local optimization
 it       eps_an        eps_cont      theta_bar      S_d            b             p_b           S_b           r  2          r  3          r  4          r  5          r  6          r  7          r  8          r  9          r 10          r 11          r 12          r 13          r 14          r 15          r 16          r 17          r 18          r 19         ln lk             grad     status
  0      4.50e-06      9.00e-07       0.00100     -400.00000       0.40000       0.02000       4.00000       1.00000       1.00000       1.00000       1.00000       1.00000       1.00000       1.00000       1.00000       1.00000       1.00000       1.00000       1.00000       1.00000       1.00000       1.00000       1.00000       1.00000       1.00000  -218714.1952550814   1559.45437   -2
584      4.38e-06      8.99e-07       0.00933    -1098.95624       0.19415       0.00211       0.26940       0.96482       0.94788       0.92528       0.91004       0.86980       0.90348       0.88092       0.86804       0.89029       0.87238       0.90969       0.91503       0.91798       0.87353       0.83874       0.86012       0.91816       0.91570  -207.0407200251      0.00150   -3
-- Local optimization: stuck in the same solution


---- Best joint likelihood found -207.04072 with gradient 0.00150
-- Model: B
--     eps_an        eps_cont      theta_bar     a        
--    4.38e-06      8.99e-07       0.00933       -1.00000  
--      S_d            b             p_b           S_b      
--  -1098.95624       0.19415       0.00211       0.26940  
--     r  2          r  3          r  4          r  5          r  6          r  7          r  8          r  9          r 10          r 11          r 12          r 13          r 14          r 15          r 16          r 17          r 18          r 19     
--     0.96482       0.94788       0.92528       0.91004       0.86980       0.90348       0.88092       0.86804       0.89029       0.87238       0.90969       0.91503       0.91798       0.87353       0.83874       0.86012       0.91816       0.91570  

---- Expected P_neut(i), 0 < i < n (neutral SFS per site) 
E[P_neut(1)] = 0.009328
E[P_neut(2)] = 0.004500
E[P_neut(3)] = 0.002947
E[P_neut(4)] = 0.002158
E[P_neut(5)] = 0.001698
E[P_neut(6)] = 0.001352
E[P_neut(7)] = 0.001204
E[P_neut(8)] = 0.001027
E[P_neut(9)] = 0.000900
E[P_neut(10)] = 0.000830
E[P_neut(11)] = 0.000740
E[P_neut(12)] = 0.000707
E[P_neut(13)] = 0.000657
E[P_neut(14)] = 0.000612
E[P_neut(15)] = 0.000543
E[P_neut(16)] = 0.000489
E[P_neut(17)] = 0.000472
E[P_neut(18)] = 0.000476
E[P_neut(19)] = 0.000450

---- Expected P_sel(i), 0 < i < n (selected SFS per site) 
E[P_sel(1)] = 0.003659
E[P_sel(2)] = 0.001453
E[P_sel(3)] = 0.000869
E[P_sel(4)] = 0.000601
E[P_sel(5)] = 0.000453
E[P_sel(6)] = 0.000349
E[P_sel(7)] = 0.000303
E[P_sel(8)] = 0.000252
E[P_sel(9)] = 0.000217
E[P_sel(10)] = 0.000197
E[P_sel(11)] = 0.000172
E[P_sel(12)] = 0.000162
E[P_sel(13)] = 0.000149
E[P_sel(14)] = 0.000137
E[P_sel(15)] = 0.000120
E[P_sel(16)] = 0.000107
E[P_sel(17)] = 0.000103
E[P_sel(18)] = 0.000102
E[P_sel(19)] = 0.000096

---- Expected neutral and selected misattributed polymorphism per site
E[mis_neut] = 0.000466
E[mis_sel] = 0.000099

---- alpha_div = 0.325297
---- alpha_dfe = 0.011462



