---- Performing inference on Ns100_pa_0.0005_boots/Ns100_pa_0.0005.43.polyDFE.txt using model B

---- Warning: mutation variability is not used when only one neutral and one selected fragment is available.
---- No mutation variability. Using Poisson likelihood.

---- Using provided initial values


-- Starting local optimization
 it       eps_an        theta_bar      S_d            b             r  2          r  3          r  4          r  5          r  6          r  7          r  8          r  9          r 10          r 11          r 12          r 13          r 14          r 15          r 16          r 17          r 18          r 19         ln lk             grad     status
  0      4.50e-06       0.00100     -400.00000       0.40000       1.00000       1.00000       1.00000       1.00000       1.00000       1.00000       1.00000       1.00000       1.00000       1.00000       1.00000       1.00000       1.00000       1.00000       1.00000       1.00000       1.00000       1.00000  -224522.5051853116   1628.20853   -2
142      4.50e-06       0.00927    -1214.47873       0.18946       0.96646       0.93870       0.91551       0.92343       0.87511       0.92117       0.88350       0.82946       0.87990       0.82008       0.88357       0.91552       0.84598       0.89602       0.87564       0.87712       0.86649       0.92210  -201.7286683340      0.00033   -3
-- Local optimization: stuck in the same solution


---- Best joint likelihood found -201.72867 with gradient 0.00033
-- Model: B
--     eps_an        eps_cont      theta_bar     a        
--    4.50e-06      0.00e+00       0.00927       -1.00000  
--      S_d            b             p_b           S_b      
--  -1214.47873       0.18946      0.00e+00      0.00e+00  
--     r  2          r  3          r  4          r  5          r  6          r  7          r  8          r  9          r 10          r 11          r 12          r 13          r 14          r 15          r 16          r 17          r 18          r 19     
--     0.96646       0.93870       0.91551       0.92343       0.87511       0.92117       0.88350       0.82946       0.87990       0.82008       0.88357       0.91552       0.84598       0.89602       0.87564       0.87712       0.86649       0.92210  

---- Expected P_neut(i), 0 < i < n (neutral SFS per site) 
E[P_neut(1)] = 0.009265
E[P_neut(2)] = 0.004477
E[P_neut(3)] = 0.002899
E[P_neut(4)] = 0.002121
E[P_neut(5)] = 0.001711
E[P_neut(6)] = 0.001351
E[P_neut(7)] = 0.001219
E[P_neut(8)] = 0.001023
E[P_neut(9)] = 0.000854
E[P_neut(10)] = 0.000815
E[P_neut(11)] = 0.000691
E[P_neut(12)] = 0.000682
E[P_neut(13)] = 0.000652
E[P_neut(14)] = 0.000560
E[P_neut(15)] = 0.000553
E[P_neut(16)] = 0.000507
E[P_neut(17)] = 0.000478
E[P_neut(18)] = 0.000446
E[P_neut(19)] = 0.000450

---- Expected P_sel(i), 0 < i < n (selected SFS per site) 
E[P_sel(1)] = 0.003619
E[P_sel(2)] = 0.001445
E[P_sel(3)] = 0.000856
E[P_sel(4)] = 0.000591
E[P_sel(5)] = 0.000458
E[P_sel(6)] = 0.000350
E[P_sel(7)] = 0.000307
E[P_sel(8)] = 0.000252
E[P_sel(9)] = 0.000206
E[P_sel(10)] = 0.000194
E[P_sel(11)] = 0.000162
E[P_sel(12)] = 0.000157
E[P_sel(13)] = 0.000149
E[P_sel(14)] = 0.000126
E[P_sel(15)] = 0.000123
E[P_sel(16)] = 0.000112
E[P_sel(17)] = 0.000104
E[P_sel(18)] = 0.000097
E[P_sel(19)] = 0.000097

---- Expected neutral and selected misattributed polymorphism per site
E[mis_neut] = 0.000463
E[mis_sel] = 0.000099

---- alpha_div = 0.321394
---- alpha_dfe = 0.000000



