---- Performing inference on Ns100_pa_0.0005_boots/Ns100_pa_0.0005.90.polyDFE.txt using model B

---- Warning: mutation variability is not used when only one neutral and one selected fragment is available.
---- No mutation variability. Using Poisson likelihood.

---- Using provided initial values


-- Starting local optimization
 it       eps_an        eps_cont      theta_bar      S_d            b             p_b           S_b           r  2          r  3          r  4          r  5          r  6          r  7          r  8          r  9          r 10          r 11          r 12          r 13          r 14          r 15          r 16          r 17          r 18          r 19         ln lk             grad     status
  0      4.50e-06      9.00e-07       0.00100     -400.00000       0.40000       0.02000       4.00000       1.00000       1.00000       1.00000       1.00000       1.00000       1.00000       1.00000       1.00000       1.00000       1.00000       1.00000       1.00000       1.00000       1.00000       1.00000       1.00000       1.00000       1.00000  -216815.2362185601   1550.12673   -2
257      4.49e-06      9.00e-07       0.00932     -801.72288       0.22464       0.03008       1.04869       0.96248       0.94778       0.92026       0.90356       0.88312       0.88815       0.87198       0.84798       0.85413       0.84350       0.85141       0.85778       0.90878       0.87690       0.87937       0.86388       0.86180       0.91450  -201.6245210722      0.01286   -3
-- Local optimization: stuck in the same solution


---- Best joint likelihood found -201.62452 with gradient 0.01286
-- Model: B
--     eps_an        eps_cont      theta_bar     a        
--    4.49e-06      9.00e-07       0.00932       -1.00000  
--      S_d            b             p_b           S_b      
--   -801.72288       0.22464       0.03008       1.04869  
--     r  2          r  3          r  4          r  5          r  6          r  7          r  8          r  9          r 10          r 11          r 12          r 13          r 14          r 15          r 16          r 17          r 18          r 19     
--     0.96248       0.94778       0.92026       0.90356       0.88312       0.88815       0.87198       0.84798       0.85413       0.84350       0.85141       0.85778       0.90878       0.87690       0.87937       0.86388       0.86180       0.91450  

---- Expected P_neut(i), 0 < i < n (neutral SFS per site) 
E[P_neut(1)] = 0.009325
E[P_neut(2)] = 0.004487
E[P_neut(3)] = 0.002946
E[P_neut(4)] = 0.002145
E[P_neut(5)] = 0.001685
E[P_neut(6)] = 0.001372
E[P_neut(7)] = 0.001183
E[P_neut(8)] = 0.001016
E[P_neut(9)] = 0.000879
E[P_neut(10)] = 0.000796
E[P_neut(11)] = 0.000715
E[P_neut(12)] = 0.000662
E[P_neut(13)] = 0.000615
E[P_neut(14)] = 0.000605
E[P_neut(15)] = 0.000545
E[P_neut(16)] = 0.000512
E[P_neut(17)] = 0.000474
E[P_neut(18)] = 0.000446
E[P_neut(19)] = 0.000449

---- Expected P_sel(i), 0 < i < n (selected SFS per site) 
E[P_sel(1)] = 0.003675
E[P_sel(2)] = 0.001440
E[P_sel(3)] = 0.000861
E[P_sel(4)] = 0.000592
E[P_sel(5)] = 0.000446
E[P_sel(6)] = 0.000353
E[P_sel(7)] = 0.000297
E[P_sel(8)] = 0.000250
E[P_sel(9)] = 0.000212
E[P_sel(10)] = 0.000190
E[P_sel(11)] = 0.000169
E[P_sel(12)] = 0.000154
E[P_sel(13)] = 0.000142
E[P_sel(14)] = 0.000139
E[P_sel(15)] = 0.000124
E[P_sel(16)] = 0.000116
E[P_sel(17)] = 0.000107
E[P_sel(18)] = 0.000101
E[P_sel(19)] = 0.000101

---- Expected neutral and selected misattributed polymorphism per site
E[mis_neut] = 0.000466
E[mis_sel] = 0.000104

---- alpha_div = 0.432254
---- alpha_dfe = 0.217225



