---- Performing inference on Ns100_pa_0.0005_boots/Ns100_pa_0.0005.75.polyDFE.txt using model B

---- Warning: mutation variability is not used when only one neutral and one selected fragment is available.
---- No mutation variability. Using Poisson likelihood.

---- Using provided initial values


-- Starting local optimization
 it       eps_an        eps_cont      theta_bar      S_d            b             p_b           S_b           r  2          r  3          r  4          r  5          r  6          r  7          r  8          r  9          r 10          r 11          r 12          r 13          r 14          r 15          r 16          r 17          r 18          r 19         ln lk             grad     status
  0      4.50e-06      9.00e-07       0.00100     -400.00000       0.40000       0.02000       4.00000       1.00000       1.00000       1.00000       1.00000       1.00000       1.00000       1.00000       1.00000       1.00000       1.00000       1.00000       1.00000       1.00000       1.00000       1.00000       1.00000       1.00000       1.00000  -216810.2521363254   1549.96517   -2
1321      4.36e-06      9.00e-07       0.00922     -449.61735       0.37487       0.14497       0.01976       0.97935       0.96360       0.93803       0.92816       0.87369       0.92786       0.89179       0.86543       0.89625       0.86189       0.87430       0.89002       0.91233       0.90809       0.83180       0.89923       0.93184       0.88717  -203.3320691643      0.00131   -3
-- Local optimization: stuck in the same solution


---- Best joint likelihood found -203.33207 with gradient 0.00131
-- Model: B
--     eps_an        eps_cont      theta_bar     a        
--    4.36e-06      9.00e-07       0.00922       -1.00000  
--      S_d            b             p_b           S_b      
--   -449.61735       0.37487       0.14497       0.01976  
--     r  2          r  3          r  4          r  5          r  6          r  7          r  8          r  9          r 10          r 11          r 12          r 13          r 14          r 15          r 16          r 17          r 18          r 19     
--     0.97935       0.96360       0.93803       0.92816       0.87369       0.92786       0.89179       0.86543       0.89625       0.86189       0.87430       0.89002       0.91233       0.90809       0.83180       0.89923       0.93184       0.88717  

---- Expected P_neut(i), 0 < i < n (neutral SFS per site) 
E[P_neut(1)] = 0.009218
E[P_neut(2)] = 0.004514
E[P_neut(3)] = 0.002961
E[P_neut(4)] = 0.002162
E[P_neut(5)] = 0.001711
E[P_neut(6)] = 0.001342
E[P_neut(7)] = 0.001222
E[P_neut(8)] = 0.001028
E[P_neut(9)] = 0.000886
E[P_neut(10)] = 0.000826
E[P_neut(11)] = 0.000722
E[P_neut(12)] = 0.000672
E[P_neut(13)] = 0.000631
E[P_neut(14)] = 0.000601
E[P_neut(15)] = 0.000558
E[P_neut(16)] = 0.000479
E[P_neut(17)] = 0.000488
E[P_neut(18)] = 0.000477
E[P_neut(19)] = 0.000430

---- Expected P_sel(i), 0 < i < n (selected SFS per site) 
E[P_sel(1)] = 0.003661
E[P_sel(2)] = 0.001431
E[P_sel(3)] = 0.000853
E[P_sel(4)] = 0.000589
E[P_sel(5)] = 0.000449
E[P_sel(6)] = 0.000342
E[P_sel(7)] = 0.000305
E[P_sel(8)] = 0.000252
E[P_sel(9)] = 0.000214
E[P_sel(10)] = 0.000197
E[P_sel(11)] = 0.000170
E[P_sel(12)] = 0.000157
E[P_sel(13)] = 0.000146
E[P_sel(14)] = 0.000138
E[P_sel(15)] = 0.000127
E[P_sel(16)] = 0.000108
E[P_sel(17)] = 0.000109
E[P_sel(18)] = 0.000107
E[P_sel(19)] = 0.000096

---- Expected neutral and selected misattributed polymorphism per site
E[mis_neut] = 0.000461
E[mis_sel] = 0.000102

---- alpha_div = 0.759746
---- alpha_dfe = 0.665828



