---- Performing inference on Ns100_pa_0.0005_boots/Ns100_pa_0.0005.77.polyDFE.txt using model B

---- Warning: mutation variability is not used when only one neutral and one selected fragment is available.
---- No mutation variability. Using Poisson likelihood.

---- Using provided initial values


-- Starting local optimization
 it       eps_an        lambda        theta_bar      S_d            b             r  2          r  3          r  4          r  5          r  6          r  7          r  8          r  9          r 10          r 11          r 12          r 13          r 14          r 15          r 16          r 17          r 18          r 19          r 20         ln lk             grad     status
  0      4.50e-06       0.00500       0.00100     -400.00000       0.40000       1.00000       1.00000       1.00000       1.00000       1.00000       1.00000       1.00000       1.00000       1.00000       1.00000       1.00000       1.00000       1.00000       1.00000       1.00000       1.00000       1.00000       1.00000       1.00000  -234054.2184217807   1758.97330   -2
672      4.28e-06       0.00008       0.00943    -8750.11058       0.13358       0.93511       0.89864       0.89775       0.85066       0.82360       0.84384       0.82079       0.79752       0.83299       0.81810       0.84356       0.82996       0.82795       0.80351       0.83853       0.85323       0.84645       0.87727      12.56303  -440.0206905325      0.00343   -6
-- Local optimization: reached maximum running time allowed


---- Best joint likelihood found -440.02069 with gradient 0.00343
-- Model: B
--     eps_an        eps_cont      lambda        theta_bar     a        
--    4.28e-06      0.00e+00       0.00008       0.00943       -1.00000  
--      S_d            b             p_b           S_b      
--  -8750.11058       0.13358      0.00e+00      0.00e+00  
--     r  2          r  3          r  4          r  5          r  6          r  7          r  8          r  9          r 10          r 11          r 12          r 13          r 14          r 15          r 16          r 17          r 18          r 19          r 20     
--     0.93511       0.89864       0.89775       0.85066       0.82360       0.84384       0.82079       0.79752       0.83299       0.81810       0.84356       0.82996       0.82795       0.80351       0.83853       0.85323       0.84645       0.87727      12.56303  

---- Expected P_neut(i), 0 < i < n (neutral SFS per site) 
E[P_neut(1)] = 0.009434
E[P_neut(2)] = 0.004411
E[P_neut(3)] = 0.002826
E[P_neut(4)] = 0.002117
E[P_neut(5)] = 0.001605
E[P_neut(6)] = 0.001295
E[P_neut(7)] = 0.001137
E[P_neut(8)] = 0.000968
E[P_neut(9)] = 0.000836
E[P_neut(10)] = 0.000786
E[P_neut(11)] = 0.000702
E[P_neut(12)] = 0.000663
E[P_neut(13)] = 0.000602
E[P_neut(14)] = 0.000558
E[P_neut(15)] = 0.000505
E[P_neut(16)] = 0.000494
E[P_neut(17)] = 0.000474
E[P_neut(18)] = 0.000444
E[P_neut(19)] = 0.000436

---- Expected P_sel(i), 0 < i < n (selected SFS per site) 
E[P_sel(1)] = 0.003559
E[P_sel(2)] = 0.001456
E[P_sel(3)] = 0.000877
E[P_sel(4)] = 0.000631
E[P_sel(5)] = 0.000465
E[P_sel(6)] = 0.000367
E[P_sel(7)] = 0.000316
E[P_sel(8)] = 0.000265
E[P_sel(9)] = 0.000225
E[P_sel(10)] = 0.000209
E[P_sel(11)] = 0.000185
E[P_sel(12)] = 0.000173
E[P_sel(13)] = 0.000156
E[P_sel(14)] = 0.000143
E[P_sel(15)] = 0.000129
E[P_sel(16)] = 0.000125
E[P_sel(17)] = 0.000119
E[P_sel(18)] = 0.000111
E[P_sel(19)] = 0.000108

---- Expected D_neut and D_sel (neutral and selected divergence per site) 
E[D_neut] = 0.006005
E[D_sel] = 0.001480

---- Expected neutral and selected misattributed polymorphism per site
E[mis_neut] = 0.005926
E[mis_sel] = 0.001461

---- alpha_div = 1.565974
---- alpha_dfe = 0.000000



