---- Performing inference on Ns100_pa_0.0005_boots/Ns100_pa_0.0005.46.polyDFE.txt using model B

---- Warning: mutation variability is not used when only one neutral and one selected fragment is available.
---- No mutation variability. Using Poisson likelihood.

---- Using provided initial values


-- Starting local optimization
 it       eps_an        lambda        theta_bar      S_d            b             r  2          r  3          r  4          r  5          r  6          r  7          r  8          r  9          r 10          r 11          r 12          r 13          r 14          r 15          r 16          r 17          r 18          r 19          r 20         ln lk             grad     status
  0      4.50e-06       0.00500       0.00100     -400.00000       0.40000       1.00000       1.00000       1.00000       1.00000       1.00000       1.00000       1.00000       1.00000       1.00000       1.00000       1.00000       1.00000       1.00000       1.00000       1.00000       1.00000       1.00000       1.00000       1.00000  -233643.0131846800   1755.91045   -2
116      4.50e-06       0.00551       0.00946    -8037.39396       0.13513       0.92122       0.89211       0.86808       0.87982       0.80855       0.84859       0.82529       0.81815       0.82785       0.80319       0.81160       0.82785       0.83362       0.84617       0.82560       0.84034       0.85912       0.88563       1.08602  -435.9391468947      0.04128   -3
-- Local optimization: stuck in the same solution


---- Best joint likelihood found -435.93915 with gradient 0.04128
-- Model: B
--     eps_an        eps_cont      lambda        theta_bar     a        
--    4.50e-06      0.00e+00       0.00551       0.00946       -1.00000  
--      S_d            b             p_b           S_b      
--  -8037.39396       0.13513      0.00e+00      0.00e+00  
--     r  2          r  3          r  4          r  5          r  6          r  7          r  8          r  9          r 10          r 11          r 12          r 13          r 14          r 15          r 16          r 17          r 18          r 19          r 20     
--     0.92122       0.89211       0.86808       0.87982       0.80855       0.84859       0.82529       0.81815       0.82785       0.80319       0.81160       0.82785       0.83362       0.84617       0.82560       0.84034       0.85912       0.88563       1.08602  

---- Expected P_neut(i), 0 < i < n (neutral SFS per site) 
E[P_neut(1)] = 0.009462
E[P_neut(2)] = 0.004358
E[P_neut(3)] = 0.002814
E[P_neut(4)] = 0.002053
E[P_neut(5)] = 0.001665
E[P_neut(6)] = 0.001275
E[P_neut(7)] = 0.001147
E[P_neut(8)] = 0.000976
E[P_neut(9)] = 0.000860
E[P_neut(10)] = 0.000783
E[P_neut(11)] = 0.000691
E[P_neut(12)] = 0.000640
E[P_neut(13)] = 0.000603
E[P_neut(14)] = 0.000563
E[P_neut(15)] = 0.000534
E[P_neut(16)] = 0.000488
E[P_neut(17)] = 0.000468
E[P_neut(18)] = 0.000452
E[P_neut(19)] = 0.000441

---- Expected P_sel(i), 0 < i < n (selected SFS per site) 
E[P_sel(1)] = 0.003575
E[P_sel(2)] = 0.001439
E[P_sel(3)] = 0.000872
E[P_sel(4)] = 0.000612
E[P_sel(5)] = 0.000481
E[P_sel(6)] = 0.000360
E[P_sel(7)] = 0.000318
E[P_sel(8)] = 0.000266
E[P_sel(9)] = 0.000231
E[P_sel(10)] = 0.000208
E[P_sel(11)] = 0.000182
E[P_sel(12)] = 0.000167
E[P_sel(13)] = 0.000155
E[P_sel(14)] = 0.000144
E[P_sel(15)] = 0.000135
E[P_sel(16)] = 0.000123
E[P_sel(17)] = 0.000117
E[P_sel(18)] = 0.000112
E[P_sel(19)] = 0.000109

---- Expected D_neut and D_sel (neutral and selected divergence per site) 
E[D_neut] = 0.006022
E[D_sel] = 0.001472

---- Expected neutral and selected misattributed polymorphism per site
E[mis_neut] = 0.000514
E[mis_sel] = 0.000126

---- alpha_div = 0.197407
---- alpha_dfe = 0.000000



