---- Performing inference on Ns100_pa_0.0005_boots/Ns100_pa_0.0005.98.polyDFE.txt using model B

---- Warning: mutation variability is not used when only one neutral and one selected fragment is available.
---- No mutation variability. Using Poisson likelihood.

---- Using provided initial values


-- Starting local optimization
 it       eps_an        lambda        theta_bar      S_d            b             r  2          r  3          r  4          r  5          r  6          r  7          r  8          r  9          r 10          r 11          r 12          r 13          r 14          r 15          r 16          r 17          r 18          r 19          r 20         ln lk             grad     status
  0      4.50e-06       0.00500       0.00100     -400.00000       0.40000       1.00000       1.00000       1.00000       1.00000       1.00000       1.00000       1.00000       1.00000       1.00000       1.00000       1.00000       1.00000       1.00000       1.00000       1.00000       1.00000       1.00000       1.00000       1.00000  -235699.3641863345   1766.59204   -2
692      4.33e-06       0.00004       0.00947    -5232.85923       0.14194       0.91845       0.89620       0.89448       0.86058       0.83276       0.85746       0.80578       0.79671       0.82293       0.81485       0.82502       0.86069       0.80897       0.81657       0.78529       0.84843       0.83161       0.83308      12.52539  -438.2375677905      0.00503   -3
-- Local optimization: stuck in the same solution


---- Best joint likelihood found -438.23757 with gradient 0.00503
-- Model: B
--     eps_an        eps_cont      lambda        theta_bar     a        
--    4.33e-06      0.00e+00       0.00004       0.00947       -1.00000  
--      S_d            b             p_b           S_b      
--  -5232.85923       0.14194      0.00e+00      0.00e+00  
--     r  2          r  3          r  4          r  5          r  6          r  7          r  8          r  9          r 10          r 11          r 12          r 13          r 14          r 15          r 16          r 17          r 18          r 19          r 20     
--     0.91845       0.89620       0.89448       0.86058       0.83276       0.85746       0.80578       0.79671       0.82293       0.81485       0.82502       0.86069       0.80897       0.81657       0.78529       0.84843       0.83161       0.83308      12.52539  

---- Expected P_neut(i), 0 < i < n (neutral SFS per site) 
E[P_neut(1)] = 0.009471
E[P_neut(2)] = 0.004350
E[P_neut(3)] = 0.002829
E[P_neut(4)] = 0.002118
E[P_neut(5)] = 0.001630
E[P_neut(6)] = 0.001315
E[P_neut(7)] = 0.001160
E[P_neut(8)] = 0.000954
E[P_neut(9)] = 0.000838
E[P_neut(10)] = 0.000779
E[P_neut(11)] = 0.000702
E[P_neut(12)] = 0.000651
E[P_neut(13)] = 0.000627
E[P_neut(14)] = 0.000547
E[P_neut(15)] = 0.000516
E[P_neut(16)] = 0.000465
E[P_neut(17)] = 0.000473
E[P_neut(18)] = 0.000438
E[P_neut(19)] = 0.000415

---- Expected P_sel(i), 0 < i < n (selected SFS per site) 
E[P_sel(1)] = 0.003649
E[P_sel(2)] = 0.001453
E[P_sel(3)] = 0.000885
E[P_sel(4)] = 0.000635
E[P_sel(5)] = 0.000474
E[P_sel(6)] = 0.000373
E[P_sel(7)] = 0.000323
E[P_sel(8)] = 0.000261
E[P_sel(9)] = 0.000226
E[P_sel(10)] = 0.000207
E[P_sel(11)] = 0.000185
E[P_sel(12)] = 0.000169
E[P_sel(13)] = 0.000162
E[P_sel(14)] = 0.000140
E[P_sel(15)] = 0.000131
E[P_sel(16)] = 0.000117
E[P_sel(17)] = 0.000118
E[P_sel(18)] = 0.000109
E[P_sel(19)] = 0.000102

---- Expected D_neut and D_sel (neutral and selected divergence per site) 
E[D_neut] = 0.005973
E[D_sel] = 0.001463

---- Expected neutral and selected misattributed polymorphism per site
E[mis_neut] = 0.005932
E[mis_sel] = 0.001453

---- alpha_div = 1.634984
---- alpha_dfe = 0.000000



