---- Performing inference on Ns100_pa_0.0005_boots/Ns100_pa_0.0005.89.polyDFE.txt using model B

---- Warning: mutation variability is not used when only one neutral and one selected fragment is available.
---- No mutation variability. Using Poisson likelihood.

---- Using provided initial values


-- Starting local optimization
 it       eps_an        eps_cont      theta_bar      S_d            b             p_b           S_b           r  2          r  3          r  4          r  5          r  6          r  7          r  8          r  9          r 10          r 11          r 12          r 13          r 14          r 15          r 16          r 17          r 18          r 19         ln lk             grad     status
  0      4.50e-06      9.00e-07       0.00100     -400.00000       0.40000       0.02000       4.00000       1.00000       1.00000       1.00000       1.00000       1.00000       1.00000       1.00000       1.00000       1.00000       1.00000       1.00000       1.00000       1.00000       1.00000       1.00000       1.00000       1.00000       1.00000  -215764.6263818532   1545.58241   -2
1289      4.35e-06      9.01e-07       0.00923     -768.86349       0.25881       0.08136       0.04855       0.96926       0.95391       0.92421       0.91668       0.88381       0.89721       0.91391       0.85770       0.87153       0.83118       0.90113       0.90565       0.92055       0.85829       0.84980       0.89113       0.91014       0.89670  -197.6884281105      0.00150   -3
-- Local optimization: stuck in the same solution


---- Best joint likelihood found -197.68843 with gradient 0.00150
-- Model: B
--     eps_an        eps_cont      theta_bar     a        
--    4.35e-06      9.01e-07       0.00923       -1.00000  
--      S_d            b             p_b           S_b      
--   -768.86349       0.25881       0.08136       0.04855  
--     r  2          r  3          r  4          r  5          r  6          r  7          r  8          r  9          r 10          r 11          r 12          r 13          r 14          r 15          r 16          r 17          r 18          r 19     
--     0.96926       0.95391       0.92421       0.91668       0.88381       0.89721       0.91391       0.85770       0.87153       0.83118       0.90113       0.90565       0.92055       0.85829       0.84980       0.89113       0.91014       0.89670  

---- Expected P_neut(i), 0 < i < n (neutral SFS per site) 
E[P_neut(1)] = 0.009227
E[P_neut(2)] = 0.004472
E[P_neut(3)] = 0.002934
E[P_neut(4)] = 0.002132
E[P_neut(5)] = 0.001692
E[P_neut(6)] = 0.001359
E[P_neut(7)] = 0.001183
E[P_neut(8)] = 0.001054
E[P_neut(9)] = 0.000879
E[P_neut(10)] = 0.000804
E[P_neut(11)] = 0.000697
E[P_neut(12)] = 0.000693
E[P_neut(13)] = 0.000643
E[P_neut(14)] = 0.000607
E[P_neut(15)] = 0.000528
E[P_neut(16)] = 0.000490
E[P_neut(17)] = 0.000484
E[P_neut(18)] = 0.000467
E[P_neut(19)] = 0.000436

---- Expected P_sel(i), 0 < i < n (selected SFS per site) 
E[P_sel(1)] = 0.003631
E[P_sel(2)] = 0.001435
E[P_sel(3)] = 0.000860
E[P_sel(4)] = 0.000591
E[P_sel(5)] = 0.000451
E[P_sel(6)] = 0.000351
E[P_sel(7)] = 0.000298
E[P_sel(8)] = 0.000261
E[P_sel(9)] = 0.000214
E[P_sel(10)] = 0.000192
E[P_sel(11)] = 0.000165
E[P_sel(12)] = 0.000162
E[P_sel(13)] = 0.000148
E[P_sel(14)] = 0.000139
E[P_sel(15)] = 0.000120
E[P_sel(16)] = 0.000110
E[P_sel(17)] = 0.000108
E[P_sel(18)] = 0.000103
E[P_sel(19)] = 0.000096

---- Expected neutral and selected misattributed polymorphism per site
E[mis_neut] = 0.000461
E[mis_sel] = 0.000101

---- alpha_div = 0.578530
---- alpha_dfe = 0.383783



