---- Performing inference on Ns100_pa_0.0005_boots/Ns100_pa_0.0005.28.polyDFE.txt using model B

---- Warning: mutation variability is not used when only one neutral and one selected fragment is available.
---- No mutation variability. Using Poisson likelihood.

---- Using provided initial values


-- Starting local optimization
 it       eps_an        eps_cont      theta_bar      S_d            b             p_b           S_b           r  2          r  3          r  4          r  5          r  6          r  7          r  8          r  9          r 10          r 11          r 12          r 13          r 14          r 15          r 16          r 17          r 18          r 19         ln lk             grad     status
  0      4.50e-06      9.00e-07       0.00100     -400.00000       0.40000       0.02000       4.00000       1.00000       1.00000       1.00000       1.00000       1.00000       1.00000       1.00000       1.00000       1.00000       1.00000       1.00000       1.00000       1.00000       1.00000       1.00000       1.00000       1.00000       1.00000  -217679.3509961119   1554.01966   -2
716      4.41e-06      9.00e-07       0.00930     -795.10629       0.24370       0.05641       0.47567       0.97945       0.94699       0.93273       0.94004       0.88398       0.90083       0.91993       0.83724       0.87203       0.82510       0.87893       0.88321       0.91057       0.90193       0.81793       0.89708       0.91916       0.91735  -194.0276619417      0.00154   -3
-- Local optimization: stuck in the same solution


---- Best joint likelihood found -194.02766 with gradient 0.00154
-- Model: B
--     eps_an        eps_cont      theta_bar     a        
--    4.41e-06      9.00e-07       0.00930       -1.00000  
--      S_d            b             p_b           S_b      
--   -795.10629       0.24370       0.05641       0.47567  
--     r  2          r  3          r  4          r  5          r  6          r  7          r  8          r  9          r 10          r 11          r 12          r 13          r 14          r 15          r 16          r 17          r 18          r 19     
--     0.97945       0.94699       0.93273       0.94004       0.88398       0.90083       0.91993       0.83724       0.87203       0.82510       0.87893       0.88321       0.91057       0.90193       0.81793       0.89708       0.91916       0.91735  

---- Expected P_neut(i), 0 < i < n (neutral SFS per site) 
E[P_neut(1)] = 0.009301
E[P_neut(2)] = 0.004555
E[P_neut(3)] = 0.002936
E[P_neut(4)] = 0.002169
E[P_neut(5)] = 0.001749
E[P_neut(6)] = 0.001370
E[P_neut(7)] = 0.001197
E[P_neut(8)] = 0.001069
E[P_neut(9)] = 0.000865
E[P_neut(10)] = 0.000811
E[P_neut(11)] = 0.000698
E[P_neut(12)] = 0.000681
E[P_neut(13)] = 0.000632
E[P_neut(14)] = 0.000605
E[P_neut(15)] = 0.000559
E[P_neut(16)] = 0.000475
E[P_neut(17)] = 0.000491
E[P_neut(18)] = 0.000475
E[P_neut(19)] = 0.000449

---- Expected P_sel(i), 0 < i < n (selected SFS per site) 
E[P_sel(1)] = 0.003629
E[P_sel(2)] = 0.001446
E[P_sel(3)] = 0.000850
E[P_sel(4)] = 0.000594
E[P_sel(5)] = 0.000460
E[P_sel(6)] = 0.000350
E[P_sel(7)] = 0.000299
E[P_sel(8)] = 0.000262
E[P_sel(9)] = 0.000208
E[P_sel(10)] = 0.000193
E[P_sel(11)] = 0.000164
E[P_sel(12)] = 0.000158
E[P_sel(13)] = 0.000146
E[P_sel(14)] = 0.000138
E[P_sel(15)] = 0.000127
E[P_sel(16)] = 0.000107
E[P_sel(17)] = 0.000110
E[P_sel(18)] = 0.000106
E[P_sel(19)] = 0.000100

---- Expected neutral and selected misattributed polymorphism per site
E[mis_neut] = 0.000465
E[mis_sel] = 0.000103

---- alpha_div = 0.500632
---- alpha_dfe = 0.320321



