---- Performing inference on Ns100_pa_0.0005_boots/Ns100_pa_0.0005.17.polyDFE.txt using model B

---- Warning: mutation variability is not used when only one neutral and one selected fragment is available.
---- No mutation variability. Using Poisson likelihood.

---- Using provided initial values


-- Starting local optimization
 it       eps_an        lambda        theta_bar      S_d            b             r  2          r  3          r  4          r  5          r  6          r  7          r  8          r  9          r 10          r 11          r 12          r 13          r 14          r 15          r 16          r 17          r 18          r 19          r 20         ln lk             grad     status
  0      4.50e-06       0.00500       0.00100     -400.00000       0.40000       1.00000       1.00000       1.00000       1.00000       1.00000       1.00000       1.00000       1.00000       1.00000       1.00000       1.00000       1.00000       1.00000       1.00000       1.00000       1.00000       1.00000       1.00000       1.00000  -234303.1045578960   1756.53721   -2
455      4.39e-06       0.00028       0.00944    -5738.93292       0.14199       0.92926       0.92634       0.89693       0.86766       0.81865       0.86211       0.81660       0.81679       0.83723       0.80646       0.82000       0.84577       0.83669       0.83662       0.81704       0.85814       0.79199       0.87928      12.05255  -424.6138761200      0.04122   -3
-- Local optimization: stuck in the same solution


---- Best joint likelihood found -424.61388 with gradient 0.04122
-- Model: B
--     eps_an        eps_cont      lambda        theta_bar     a        
--    4.39e-06      0.00e+00       0.00028       0.00944       -1.00000  
--      S_d            b             p_b           S_b      
--  -5738.93292       0.14199      0.00e+00      0.00e+00  
--     r  2          r  3          r  4          r  5          r  6          r  7          r  8          r  9          r 10          r 11          r 12          r 13          r 14          r 15          r 16          r 17          r 18          r 19          r 20     
--     0.92926       0.92634       0.89693       0.86766       0.81865       0.86211       0.81660       0.81679       0.83723       0.80646       0.82000       0.84577       0.83669       0.83662       0.81704       0.85814       0.79199       0.87928      12.05255  

---- Expected P_neut(i), 0 < i < n (neutral SFS per site) 
E[P_neut(1)] = 0.009440
E[P_neut(2)] = 0.004386
E[P_neut(3)] = 0.002915
E[P_neut(4)] = 0.002117
E[P_neut(5)] = 0.001638
E[P_neut(6)] = 0.001288
E[P_neut(7)] = 0.001163
E[P_neut(8)] = 0.000964
E[P_neut(9)] = 0.000857
E[P_neut(10)] = 0.000790
E[P_neut(11)] = 0.000692
E[P_neut(12)] = 0.000645
E[P_neut(13)] = 0.000614
E[P_neut(14)] = 0.000564
E[P_neut(15)] = 0.000527
E[P_neut(16)] = 0.000482
E[P_neut(17)] = 0.000477
E[P_neut(18)] = 0.000415
E[P_neut(19)] = 0.000437

---- Expected P_sel(i), 0 < i < n (selected SFS per site) 
E[P_sel(1)] = 0.003588
E[P_sel(2)] = 0.001446
E[P_sel(3)] = 0.000900
E[P_sel(4)] = 0.000626
E[P_sel(5)] = 0.000470
E[P_sel(6)] = 0.000361
E[P_sel(7)] = 0.000319
E[P_sel(8)] = 0.000260
E[P_sel(9)] = 0.000228
E[P_sel(10)] = 0.000207
E[P_sel(11)] = 0.000180
E[P_sel(12)] = 0.000166
E[P_sel(13)] = 0.000156
E[P_sel(14)] = 0.000142
E[P_sel(15)] = 0.000132
E[P_sel(16)] = 0.000120
E[P_sel(17)] = 0.000117
E[P_sel(18)] = 0.000102
E[P_sel(19)] = 0.000106

---- Expected D_neut and D_sel (neutral and selected divergence per site) 
E[D_neut] = 0.005969
E[D_sel] = 0.001442

---- Expected neutral and selected misattributed polymorphism per site
E[mis_neut] = 0.005689
E[mis_sel] = 0.001375

---- alpha_div = 1.229903
---- alpha_dfe = 0.000000



