---- Performing inference on Ns100_pa_0.0005_boots/Ns100_pa_0.0005.63.polyDFE.txt using model B

---- Warning: mutation variability is not used when only one neutral and one selected fragment is available.
---- No mutation variability. Using Poisson likelihood.

---- Using provided initial values


-- Starting local optimization
 it       eps_an        lambda        theta_bar      S_d            b             r  2          r  3          r  4          r  5          r  6          r  7          r  8          r  9          r 10          r 11          r 12          r 13          r 14          r 15          r 16          r 17          r 18          r 19          r 20         ln lk             grad     status
  0      4.50e-06       0.00500       0.00100     -400.00000       0.40000       1.00000       1.00000       1.00000       1.00000       1.00000       1.00000       1.00000       1.00000       1.00000       1.00000       1.00000       1.00000       1.00000       1.00000       1.00000       1.00000       1.00000       1.00000       1.00000  -235023.0184138728   1762.91417   -2
754      4.42e-06       0.00025       0.00941    -6377.08493       0.13896       0.94314       0.90488       0.89486       0.88753       0.82778       0.84234       0.83773       0.81269       0.82669       0.78838       0.82520       0.84662       0.84739       0.83467       0.81371       0.83050       0.86233       0.83196      12.11462  -412.4282428161      0.10195   -6
-- Local optimization: reached maximum running time allowed


---- Best joint likelihood found -412.42824 with gradient 0.10195
-- Model: B
--     eps_an        eps_cont      lambda        theta_bar     a        
--    4.42e-06      0.00e+00       0.00025       0.00941       -1.00000  
--      S_d            b             p_b           S_b      
--  -6377.08493       0.13896      0.00e+00      0.00e+00  
--     r  2          r  3          r  4          r  5          r  6          r  7          r  8          r  9          r 10          r 11          r 12          r 13          r 14          r 15          r 16          r 17          r 18          r 19          r 20     
--     0.94314       0.90488       0.89486       0.88753       0.82778       0.84234       0.83773       0.81269       0.82669       0.78838       0.82520       0.84662       0.84739       0.83467       0.81371       0.83050       0.86233       0.83196      12.11462  

---- Expected P_neut(i), 0 < i < n (neutral SFS per site) 
E[P_neut(1)] = 0.009413
E[P_neut(2)] = 0.004439
E[P_neut(3)] = 0.002839
E[P_neut(4)] = 0.002106
E[P_neut(5)] = 0.001671
E[P_neut(6)] = 0.001299
E[P_neut(7)] = 0.001133
E[P_neut(8)] = 0.000986
E[P_neut(9)] = 0.000850
E[P_neut(10)] = 0.000778
E[P_neut(11)] = 0.000675
E[P_neut(12)] = 0.000647
E[P_neut(13)] = 0.000613
E[P_neut(14)] = 0.000570
E[P_neut(15)] = 0.000524
E[P_neut(16)] = 0.000479
E[P_neut(17)] = 0.000460
E[P_neut(18)] = 0.000451
E[P_neut(19)] = 0.000412

---- Expected P_sel(i), 0 < i < n (selected SFS per site) 
E[P_sel(1)] = 0.003588
E[P_sel(2)] = 0.001472
E[P_sel(3)] = 0.000883
E[P_sel(4)] = 0.000628
E[P_sel(5)] = 0.000484
E[P_sel(6)] = 0.000367
E[P_sel(7)] = 0.000314
E[P_sel(8)] = 0.000269
E[P_sel(9)] = 0.000228
E[P_sel(10)] = 0.000207
E[P_sel(11)] = 0.000177
E[P_sel(12)] = 0.000168
E[P_sel(13)] = 0.000158
E[P_sel(14)] = 0.000145
E[P_sel(15)] = 0.000133
E[P_sel(16)] = 0.000120
E[P_sel(17)] = 0.000115
E[P_sel(18)] = 0.000112
E[P_sel(19)] = 0.000101

---- Expected D_neut and D_sel (neutral and selected divergence per site) 
E[D_neut] = 0.005951
E[D_sel] = 0.001456

---- Expected neutral and selected misattributed polymorphism per site
E[mis_neut] = 0.005702
E[mis_sel] = 0.001396

---- alpha_div = 1.269002
---- alpha_dfe = 0.000000



