---- Performing inference on Ns100_pa_0.0005_boots/Ns100_pa_0.0005.83.polyDFE.txt using model B

---- Warning: mutation variability is not used when only one neutral and one selected fragment is available.
---- No mutation variability. Using Poisson likelihood.

---- Using provided initial values


-- Starting local optimization
 it       eps_an        lambda        theta_bar      S_d            b             r  2          r  3          r  4          r  5          r  6          r  7          r  8          r  9          r 10          r 11          r 12          r 13          r 14          r 15          r 16          r 17          r 18          r 19          r 20         ln lk             grad     status
  0      4.50e-06       0.00500       0.00100     -400.00000       0.40000       1.00000       1.00000       1.00000       1.00000       1.00000       1.00000       1.00000       1.00000       1.00000       1.00000       1.00000       1.00000       1.00000       1.00000       1.00000       1.00000       1.00000       1.00000       1.00000  -235534.3049512891   1763.98339   -2
154      4.50e-06       0.00539       0.00959    -9801.38014       0.13159       0.92953       0.88818       0.86234       0.85916       0.83503       0.83632       0.80485       0.77662       0.78418       0.77813       0.81412       0.82031       0.81521       0.84285       0.75369       0.82274       0.81847       0.83801       1.11748  -458.2078740734      0.06186   -3
-- Local optimization: stuck in the same solution


---- Best joint likelihood found -458.20787 with gradient 0.06186
-- Model: B
--     eps_an        eps_cont      lambda        theta_bar     a        
--    4.50e-06      0.00e+00       0.00539       0.00959       -1.00000  
--      S_d            b             p_b           S_b      
--  -9801.38014       0.13159      0.00e+00      0.00e+00  
--     r  2          r  3          r  4          r  5          r  6          r  7          r  8          r  9          r 10          r 11          r 12          r 13          r 14          r 15          r 16          r 17          r 18          r 19          r 20     
--     0.92953       0.88818       0.86234       0.85916       0.83503       0.83632       0.80485       0.77662       0.78418       0.77813       0.81412       0.82031       0.81521       0.84285       0.75369       0.82274       0.81847       0.83801       1.11748  

---- Expected P_neut(i), 0 < i < n (neutral SFS per site) 
E[P_neut(1)] = 0.009586
E[P_neut(2)] = 0.004455
E[P_neut(3)] = 0.002838
E[P_neut(4)] = 0.002067
E[P_neut(5)] = 0.001647
E[P_neut(6)] = 0.001334
E[P_neut(7)] = 0.001145
E[P_neut(8)] = 0.000964
E[P_neut(9)] = 0.000827
E[P_neut(10)] = 0.000752
E[P_neut(11)] = 0.000678
E[P_neut(12)] = 0.000650
E[P_neut(13)] = 0.000605
E[P_neut(14)] = 0.000558
E[P_neut(15)] = 0.000539
E[P_neut(16)] = 0.000452
E[P_neut(17)] = 0.000464
E[P_neut(18)] = 0.000436
E[P_neut(19)] = 0.000423

---- Expected P_sel(i), 0 < i < n (selected SFS per site) 
E[P_sel(1)] = 0.003607
E[P_sel(2)] = 0.001470
E[P_sel(3)] = 0.000881
E[P_sel(4)] = 0.000617
E[P_sel(5)] = 0.000478
E[P_sel(6)] = 0.000378
E[P_sel(7)] = 0.000319
E[P_sel(8)] = 0.000264
E[P_sel(9)] = 0.000224
E[P_sel(10)] = 0.000201
E[P_sel(11)] = 0.000179
E[P_sel(12)] = 0.000170
E[P_sel(13)] = 0.000157
E[P_sel(14)] = 0.000144
E[P_sel(15)] = 0.000138
E[P_sel(16)] = 0.000114
E[P_sel(17)] = 0.000117
E[P_sel(18)] = 0.000109
E[P_sel(19)] = 0.000105

---- Expected D_neut and D_sel (neutral and selected divergence per site) 
E[D_neut] = 0.005927
E[D_sel] = 0.001459

---- Expected neutral and selected misattributed polymorphism per site
E[mis_neut] = 0.000536
E[mis_sel] = 0.000133

---- alpha_div = 0.210210
---- alpha_dfe = 0.000000



