---- Performing inference on Ns100_pa_0.0005_boots/Ns100_pa_0.0005.33.polyDFE.txt using model B

---- Warning: mutation variability is not used when only one neutral and one selected fragment is available.
---- No mutation variability. Using Poisson likelihood.

---- Using provided initial values


-- Starting local optimization
 it       eps_an        theta_bar      S_d            b             r  2          r  3          r  4          r  5          r  6          r  7          r  8          r  9          r 10          r 11          r 12          r 13          r 14          r 15          r 16          r 17          r 18          r 19         ln lk             grad     status
  0      4.50e-06       0.00100     -400.00000       0.40000       1.00000       1.00000       1.00000       1.00000       1.00000       1.00000       1.00000       1.00000       1.00000       1.00000       1.00000       1.00000       1.00000       1.00000       1.00000       1.00000       1.00000       1.00000  -226747.4106516943   1638.32170   -2
138      4.50e-06       0.00933    -1070.69546       0.19455       0.96516       0.95297       0.92432       0.93000       0.86903       0.88370       0.85975       0.83250       0.90296       0.81984       0.87461       0.86712       0.90096       0.85507       0.83998       0.90917       0.92570       0.90523  -193.6905835644      0.00156   -3
-- Local optimization: stuck in the same solution


---- Best joint likelihood found -193.69058 with gradient 0.00156
-- Model: B
--     eps_an        eps_cont      theta_bar     a        
--    4.50e-06      0.00e+00       0.00933       -1.00000  
--      S_d            b             p_b           S_b      
--  -1070.69546       0.19455      0.00e+00      0.00e+00  
--     r  2          r  3          r  4          r  5          r  6          r  7          r  8          r  9          r 10          r 11          r 12          r 13          r 14          r 15          r 16          r 17          r 18          r 19     
--     0.96516       0.95297       0.92432       0.93000       0.86903       0.88370       0.85975       0.83250       0.90296       0.81984       0.87461       0.86712       0.90096       0.85507       0.83998       0.90917       0.92570       0.90523  

---- Expected P_neut(i), 0 < i < n (neutral SFS per site) 
E[P_neut(1)] = 0.009333
E[P_neut(2)] = 0.004504
E[P_neut(3)] = 0.002965
E[P_neut(4)] = 0.002157
E[P_neut(5)] = 0.001736
E[P_neut(6)] = 0.001352
E[P_neut(7)] = 0.001178
E[P_neut(8)] = 0.001003
E[P_neut(9)] = 0.000863
E[P_neut(10)] = 0.000843
E[P_neut(11)] = 0.000696
E[P_neut(12)] = 0.000680
E[P_neut(13)] = 0.000623
E[P_neut(14)] = 0.000601
E[P_neut(15)] = 0.000532
E[P_neut(16)] = 0.000490
E[P_neut(17)] = 0.000499
E[P_neut(18)] = 0.000480
E[P_neut(19)] = 0.000445

---- Expected P_sel(i), 0 < i < n (selected SFS per site) 
E[P_sel(1)] = 0.003661
E[P_sel(2)] = 0.001452
E[P_sel(3)] = 0.000872
E[P_sel(4)] = 0.000598
E[P_sel(5)] = 0.000462
E[P_sel(6)] = 0.000348
E[P_sel(7)] = 0.000295
E[P_sel(8)] = 0.000245
E[P_sel(9)] = 0.000207
E[P_sel(10)] = 0.000198
E[P_sel(11)] = 0.000161
E[P_sel(12)] = 0.000155
E[P_sel(13)] = 0.000140
E[P_sel(14)] = 0.000134
E[P_sel(15)] = 0.000117
E[P_sel(16)] = 0.000107
E[P_sel(17)] = 0.000108
E[P_sel(18)] = 0.000103
E[P_sel(19)] = 0.000094

---- Expected neutral and selected misattributed polymorphism per site
E[mis_neut] = 0.000467
E[mis_sel] = 0.000098

---- alpha_div = 0.313927
---- alpha_dfe = 0.000000



