---- Performing inference on Ns100_pa_0.0005_boots/Ns100_pa_0.0005.9.polyDFE.txt using model B

---- Warning: mutation variability is not used when only one neutral and one selected fragment is available.
---- No mutation variability. Using Poisson likelihood.

---- Using provided initial values


-- Starting local optimization
 it       eps_an        eps_cont      theta_bar      S_d            b             p_b           S_b           r  2          r  3          r  4          r  5          r  6          r  7          r  8          r  9          r 10          r 11          r 12          r 13          r 14          r 15          r 16          r 17          r 18          r 19         ln lk             grad     status
  0      4.50e-06      9.00e-07       0.00100     -400.00000       0.40000       0.02000       4.00000       1.00000       1.00000       1.00000       1.00000       1.00000       1.00000       1.00000       1.00000       1.00000       1.00000       1.00000       1.00000       1.00000       1.00000       1.00000       1.00000       1.00000       1.00000  -217196.1548404618   1553.06669   -2
747      4.46e-06      9.00e-07       0.00932    -1263.83303       0.18916       0.00574       0.57902       0.95690       0.93733       0.92872       0.91560       0.86758       0.87014       0.85345       0.84475       0.85551       0.81677       0.85663       0.92570       0.87432       0.89238       0.82509       0.94534       0.90110       0.93042  -198.3017352729      0.00067   -3
-- Local optimization: stuck in the same solution


---- Best joint likelihood found -198.30174 with gradient 0.00067
-- Model: B
--     eps_an        eps_cont      theta_bar     a        
--    4.46e-06      9.00e-07       0.00932       -1.00000  
--      S_d            b             p_b           S_b      
--  -1263.83303       0.18916       0.00574       0.57902  
--     r  2          r  3          r  4          r  5          r  6          r  7          r  8          r  9          r 10          r 11          r 12          r 13          r 14          r 15          r 16          r 17          r 18          r 19     
--     0.95690       0.93733       0.92872       0.91560       0.86758       0.87014       0.85345       0.84475       0.85551       0.81677       0.85663       0.92570       0.87432       0.89238       0.82509       0.94534       0.90110       0.93042  

---- Expected P_neut(i), 0 < i < n (neutral SFS per site) 
E[P_neut(1)] = 0.009316
E[P_neut(2)] = 0.004457
E[P_neut(3)] = 0.002911
E[P_neut(4)] = 0.002163
E[P_neut(5)] = 0.001706
E[P_neut(6)] = 0.001347
E[P_neut(7)] = 0.001158
E[P_neut(8)] = 0.000994
E[P_neut(9)] = 0.000874
E[P_neut(10)] = 0.000797
E[P_neut(11)] = 0.000692
E[P_neut(12)] = 0.000665
E[P_neut(13)] = 0.000663
E[P_neut(14)] = 0.000582
E[P_neut(15)] = 0.000554
E[P_neut(16)] = 0.000480
E[P_neut(17)] = 0.000518
E[P_neut(18)] = 0.000466
E[P_neut(19)] = 0.000456

---- Expected P_sel(i), 0 < i < n (selected SFS per site) 
E[P_sel(1)] = 0.003650
E[P_sel(2)] = 0.001448
E[P_sel(3)] = 0.000867
E[P_sel(4)] = 0.000609
E[P_sel(5)] = 0.000462
E[P_sel(6)] = 0.000353
E[P_sel(7)] = 0.000296
E[P_sel(8)] = 0.000249
E[P_sel(9)] = 0.000215
E[P_sel(10)] = 0.000192
E[P_sel(11)] = 0.000165
E[P_sel(12)] = 0.000156
E[P_sel(13)] = 0.000154
E[P_sel(14)] = 0.000134
E[P_sel(15)] = 0.000126
E[P_sel(16)] = 0.000108
E[P_sel(17)] = 0.000116
E[P_sel(18)] = 0.000103
E[P_sel(19)] = 0.000100

---- Expected neutral and selected misattributed polymorphism per site
E[mis_neut] = 0.000466
E[mis_sel] = 0.000102

---- alpha_div = 0.314709
---- alpha_dfe = 0.034948



