---- Performing inference on Ns100_pa_0.0005_boots/Ns100_pa_0.0005.86.polyDFE.txt using model B

---- Warning: mutation variability is not used when only one neutral and one selected fragment is available.
---- No mutation variability. Using Poisson likelihood.

---- Using provided initial values


-- Starting local optimization
 it       eps_an        eps_cont      theta_bar      S_d            b             p_b           S_b           r  2          r  3          r  4          r  5          r  6          r  7          r  8          r  9          r 10          r 11          r 12          r 13          r 14          r 15          r 16          r 17          r 18          r 19         ln lk             grad     status
  0      4.50e-06      9.00e-07       0.00100     -400.00000       0.40000       0.02000       4.00000       1.00000       1.00000       1.00000       1.00000       1.00000       1.00000       1.00000       1.00000       1.00000       1.00000       1.00000       1.00000       1.00000       1.00000       1.00000       1.00000       1.00000       1.00000  -217828.3553969129   1554.92720   -2
420      4.50e-06      9.00e-07       0.00926     -792.38496       0.21273       0.01001       1.45505       0.96285       0.96313       0.93880       0.92910       0.87958       0.92060       0.90093       0.87235       0.89711       0.85156       0.88092       0.89913       0.94511       0.87961       0.87338       0.87472       0.87389       0.91059  -200.5605000202      0.00076   -3
-- Local optimization: stuck in the same solution


---- Best joint likelihood found -200.56050 with gradient 0.00076
-- Model: B
--     eps_an        eps_cont      theta_bar     a        
--    4.50e-06      9.00e-07       0.00926       -1.00000  
--      S_d            b             p_b           S_b      
--   -792.38496       0.21273       0.01001       1.45505  
--     r  2          r  3          r  4          r  5          r  6          r  7          r  8          r  9          r 10          r 11          r 12          r 13          r 14          r 15          r 16          r 17          r 18          r 19     
--     0.96285       0.96313       0.93880       0.92910       0.87958       0.92060       0.90093       0.87235       0.89711       0.85156       0.88092       0.89913       0.94511       0.87961       0.87338       0.87472       0.87389       0.91059  

---- Expected P_neut(i), 0 < i < n (neutral SFS per site) 
E[P_neut(1)] = 0.009258
E[P_neut(2)] = 0.004457
E[P_neut(3)] = 0.002972
E[P_neut(4)] = 0.002173
E[P_neut(5)] = 0.001720
E[P_neut(6)] = 0.001357
E[P_neut(7)] = 0.001218
E[P_neut(8)] = 0.001043
E[P_neut(9)] = 0.000897
E[P_neut(10)] = 0.000831
E[P_neut(11)] = 0.000717
E[P_neut(12)] = 0.000680
E[P_neut(13)] = 0.000640
E[P_neut(14)] = 0.000625
E[P_neut(15)] = 0.000543
E[P_neut(16)] = 0.000505
E[P_neut(17)] = 0.000476
E[P_neut(18)] = 0.000449
E[P_neut(19)] = 0.000444

---- Expected P_sel(i), 0 < i < n (selected SFS per site) 
E[P_sel(1)] = 0.003675
E[P_sel(2)] = 0.001438
E[P_sel(3)] = 0.000871
E[P_sel(4)] = 0.000599
E[P_sel(5)] = 0.000454
E[P_sel(6)] = 0.000347
E[P_sel(7)] = 0.000303
E[P_sel(8)] = 0.000253
E[P_sel(9)] = 0.000214
E[P_sel(10)] = 0.000195
E[P_sel(11)] = 0.000166
E[P_sel(12)] = 0.000155
E[P_sel(13)] = 0.000144
E[P_sel(14)] = 0.000140
E[P_sel(15)] = 0.000120
E[P_sel(16)] = 0.000111
E[P_sel(17)] = 0.000104
E[P_sel(18)] = 0.000097
E[P_sel(19)] = 0.000095

---- Expected neutral and selected misattributed polymorphism per site
E[mis_neut] = 0.000463
E[mis_sel] = 0.000099

---- alpha_div = 0.358990
---- alpha_dfe = 0.089274



