---- Performing inference on Ns100_pa_0.0005_boots/Ns100_pa_0.0005.18.polyDFE.txt using model B

---- Warning: mutation variability is not used when only one neutral and one selected fragment is available.
---- No mutation variability. Using Poisson likelihood.

---- Using provided initial values


-- Starting local optimization
 it       eps_an        eps_cont      lambda        theta_bar      S_d            b             p_b           S_b           r  2          r  3          r  4          r  5          r  6          r  7          r  8          r  9          r 10          r 11          r 12          r 13          r 14          r 15          r 16          r 17          r 18          r 19          r 20         ln lk             grad     status
  0      4.50e-06      9.00e-07       0.00500       0.00100     -400.00000       0.40000       0.02000       4.00000       1.00000       1.00000       1.00000       1.00000       1.00000       1.00000       1.00000       1.00000       1.00000       1.00000       1.00000       1.00000       1.00000       1.00000       1.00000       1.00000       1.00000       1.00000       1.00000  -221602.5593576293   1597.56221   -2
 88      4.49e-06      9.00e-07       0.00506       0.00943    -1465.06103       0.18401       0.00218      37.41365       0.94898       0.92734       0.90920       0.91813       0.87554       0.88284       0.86666       0.83810       0.87252       0.85825       0.86617       0.86912       0.89082       0.87486       0.82125       0.85324       0.86685       0.86547       0.82078  -225.4407678474      0.34388   -3
-- Local optimization: stuck in the same solution


---- Best joint likelihood found -225.44077 with gradient 0.34388
-- Model: B
--     eps_an        eps_cont      lambda        theta_bar     a        
--    4.49e-06      9.00e-07       0.00506       0.00943       -1.00000  
--      S_d            b             p_b           S_b      
--  -1465.06103       0.18401       0.00218      37.41365  
--     r  2          r  3          r  4          r  5          r  6          r  7          r  8          r  9          r 10          r 11          r 12          r 13          r 14          r 15          r 16          r 17          r 18          r 19          r 20     
--     0.94898       0.92734       0.90920       0.91813       0.87554       0.88284       0.86666       0.83810       0.87252       0.85825       0.86617       0.86912       0.89082       0.87486       0.82125       0.85324       0.86685       0.86547       0.82078  

---- Expected P_neut(i), 0 < i < n (neutral SFS per site) 
E[P_neut(1)] = 0.009435
E[P_neut(2)] = 0.004477
E[P_neut(3)] = 0.002916
E[P_neut(4)] = 0.002144
E[P_neut(5)] = 0.001732
E[P_neut(6)] = 0.001377
E[P_neut(7)] = 0.001190
E[P_neut(8)] = 0.001022
E[P_neut(9)] = 0.000879
E[P_neut(10)] = 0.000823
E[P_neut(11)] = 0.000736
E[P_neut(12)] = 0.000681
E[P_neut(13)] = 0.000631
E[P_neut(14)] = 0.000600
E[P_neut(15)] = 0.000550
E[P_neut(16)] = 0.000484
E[P_neut(17)] = 0.000474
E[P_neut(18)] = 0.000454
E[P_neut(19)] = 0.000430

---- Expected P_sel(i), 0 < i < n (selected SFS per site) 
E[P_sel(1)] = 0.003653
E[P_sel(2)] = 0.001442
E[P_sel(3)] = 0.000862
E[P_sel(4)] = 0.000601
E[P_sel(5)] = 0.000467
E[P_sel(6)] = 0.000360
E[P_sel(7)] = 0.000303
E[P_sel(8)] = 0.000255
E[P_sel(9)] = 0.000216
E[P_sel(10)] = 0.000199
E[P_sel(11)] = 0.000176
E[P_sel(12)] = 0.000161
E[P_sel(13)] = 0.000148
E[P_sel(14)] = 0.000140
E[P_sel(15)] = 0.000127
E[P_sel(16)] = 0.000112
E[P_sel(17)] = 0.000110
E[P_sel(18)] = 0.000107
E[P_sel(19)] = 0.000105

---- Expected D_neut and D_sel (neutral and selected divergence per site) 
E[D_neut] = 0.005443
E[D_sel] = 0.001584

---- Expected neutral and selected misattributed polymorphism per site
E[mis_neut] = 0.000387
E[mis_sel] = 0.000101

---- alpha_div = 0.284360
---- alpha_dfe = 0.277941



