---- Performing inference on Ns100_pa_0.0005_boots/Ns100_pa_0.0005.22.polyDFE.txt using model B

---- Warning: mutation variability is not used when only one neutral and one selected fragment is available.
---- No mutation variability. Using Poisson likelihood.

---- Using provided initial values


-- Starting local optimization
 it       eps_an        eps_cont      theta_bar      S_d            b             p_b           S_b           r  2          r  3          r  4          r  5          r  6          r  7          r  8          r  9          r 10          r 11          r 12          r 13          r 14          r 15          r 16          r 17          r 18          r 19         ln lk             grad     status
  0      4.50e-06      9.00e-07       0.00100     -400.00000       0.40000       0.02000       4.00000       1.00000       1.00000       1.00000       1.00000       1.00000       1.00000       1.00000       1.00000       1.00000       1.00000       1.00000       1.00000       1.00000       1.00000       1.00000       1.00000       1.00000       1.00000  -218091.3577326574   1557.55590   -2
447      4.46e-06      9.00e-07       0.00929     -884.93940       0.20661       0.00919       3.25750       0.97193       0.94777       0.92387       0.92678       0.88304       0.91539       0.86745       0.84688       0.82886       0.83763       0.89573       0.88233       0.90581       0.87815       0.82664       0.90055       0.87900       0.88844  -199.0532552641      0.00086   -3
-- Local optimization: stuck in the same solution


---- Best joint likelihood found -199.05326 with gradient 0.00086
-- Model: B
--     eps_an        eps_cont      theta_bar     a        
--    4.46e-06      9.00e-07       0.00929       -1.00000  
--      S_d            b             p_b           S_b      
--   -884.93940       0.20661       0.00919       3.25750  
--     r  2          r  3          r  4          r  5          r  6          r  7          r  8          r  9          r 10          r 11          r 12          r 13          r 14          r 15          r 16          r 17          r 18          r 19     
--     0.97193       0.94777       0.92387       0.92678       0.88304       0.91539       0.86745       0.84688       0.82886       0.83763       0.89573       0.88233       0.90581       0.87815       0.82664       0.90055       0.87900       0.88844  

---- Expected P_neut(i), 0 < i < n (neutral SFS per site) 
E[P_neut(1)] = 0.009286
E[P_neut(2)] = 0.004513
E[P_neut(3)] = 0.002934
E[P_neut(4)] = 0.002145
E[P_neut(5)] = 0.001721
E[P_neut(6)] = 0.001367
E[P_neut(7)] = 0.001214
E[P_neut(8)] = 0.001007
E[P_neut(9)] = 0.000874
E[P_neut(10)] = 0.000770
E[P_neut(11)] = 0.000707
E[P_neut(12)] = 0.000693
E[P_neut(13)] = 0.000630
E[P_neut(14)] = 0.000601
E[P_neut(15)] = 0.000544
E[P_neut(16)] = 0.000480
E[P_neut(17)] = 0.000492
E[P_neut(18)] = 0.000454
E[P_neut(19)] = 0.000434

---- Expected P_sel(i), 0 < i < n (selected SFS per site) 
E[P_sel(1)] = 0.003677
E[P_sel(2)] = 0.001461
E[P_sel(3)] = 0.000866
E[P_sel(4)] = 0.000597
E[P_sel(5)] = 0.000460
E[P_sel(6)] = 0.000354
E[P_sel(7)] = 0.000307
E[P_sel(8)] = 0.000249
E[P_sel(9)] = 0.000212
E[P_sel(10)] = 0.000184
E[P_sel(11)] = 0.000167
E[P_sel(12)] = 0.000163
E[P_sel(13)] = 0.000147
E[P_sel(14)] = 0.000139
E[P_sel(15)] = 0.000125
E[P_sel(16)] = 0.000110
E[P_sel(17)] = 0.000112
E[P_sel(18)] = 0.000103
E[P_sel(19)] = 0.000099

---- Expected neutral and selected misattributed polymorphism per site
E[mis_neut] = 0.000464
E[mis_sel] = 0.000106

---- alpha_div = 0.369525
---- alpha_dfe = 0.136128



