---- Performing inference on Ns100_pa_0.0005_boots/Ns100_pa_0.0005.85.polyDFE.txt using model B

---- Warning: mutation variability is not used when only one neutral and one selected fragment is available.
---- No mutation variability. Using Poisson likelihood.

---- Using provided initial values


-- Starting local optimization
 it       eps_an        lambda        theta_bar      S_d            b             r  2          r  3          r  4          r  5          r  6          r  7          r  8          r  9          r 10          r 11          r 12          r 13          r 14          r 15          r 16          r 17          r 18          r 19          r 20         ln lk             grad     status
  0      4.50e-06       0.00500       0.00100     -400.00000       0.40000       1.00000       1.00000       1.00000       1.00000       1.00000       1.00000       1.00000       1.00000       1.00000       1.00000       1.00000       1.00000       1.00000       1.00000       1.00000       1.00000       1.00000       1.00000       1.00000  -233352.7568998089   1754.59980   -2
588      4.14e-06       0.00005       0.00949   -10521.63841       0.13062       0.93666       0.90208       0.85520       0.86772       0.81345       0.84231       0.83421       0.79399       0.79431       0.78483       0.80630       0.82329       0.83589       0.85597       0.76721       0.81870       0.79515       0.83028      12.44390  -402.6197205976      0.03221   -3
-- Local optimization: stuck in the same solution


---- Best joint likelihood found -402.61972 with gradient 0.03221
-- Model: B
--     eps_an        eps_cont      lambda        theta_bar     a        
--    4.14e-06      0.00e+00       0.00005       0.00949       -1.00000  
--      S_d            b             p_b           S_b      
-- -10521.63841       0.13062      0.00e+00      0.00e+00  
--     r  2          r  3          r  4          r  5          r  6          r  7          r  8          r  9          r 10          r 11          r 12          r 13          r 14          r 15          r 16          r 17          r 18          r 19          r 20     
--     0.93666       0.90208       0.85520       0.86772       0.81345       0.84231       0.83421       0.79399       0.79431       0.78483       0.80630       0.82329       0.83589       0.85597       0.76721       0.81870       0.79515       0.83028      12.44390  

---- Expected P_neut(i), 0 < i < n (neutral SFS per site) 
E[P_neut(1)] = 0.009495
E[P_neut(2)] = 0.004447
E[P_neut(3)] = 0.002855
E[P_neut(4)] = 0.002030
E[P_neut(5)] = 0.001648
E[P_neut(6)] = 0.001287
E[P_neut(7)] = 0.001142
E[P_neut(8)] = 0.000990
E[P_neut(9)] = 0.000838
E[P_neut(10)] = 0.000754
E[P_neut(11)] = 0.000677
E[P_neut(12)] = 0.000638
E[P_neut(13)] = 0.000601
E[P_neut(14)] = 0.000567
E[P_neut(15)] = 0.000542
E[P_neut(16)] = 0.000455
E[P_neut(17)] = 0.000457
E[P_neut(18)] = 0.000419
E[P_neut(19)] = 0.000415

---- Expected P_sel(i), 0 < i < n (selected SFS per site) 
E[P_sel(1)] = 0.003561
E[P_sel(2)] = 0.001464
E[P_sel(3)] = 0.000885
E[P_sel(4)] = 0.000605
E[P_sel(5)] = 0.000477
E[P_sel(6)] = 0.000365
E[P_sel(7)] = 0.000318
E[P_sel(8)] = 0.000271
E[P_sel(9)] = 0.000226
E[P_sel(10)] = 0.000201
E[P_sel(11)] = 0.000179
E[P_sel(12)] = 0.000167
E[P_sel(13)] = 0.000156
E[P_sel(14)] = 0.000146
E[P_sel(15)] = 0.000138
E[P_sel(16)] = 0.000115
E[P_sel(17)] = 0.000115
E[P_sel(18)] = 0.000105
E[P_sel(19)] = 0.000103

---- Expected D_neut and D_sel (neutral and selected divergence per site) 
E[D_neut] = 0.005960
E[D_sel] = 0.001475

---- Expected neutral and selected misattributed polymorphism per site
E[mis_neut] = 0.005908
E[mis_sel] = 0.001462

---- alpha_div = 1.608084
---- alpha_dfe = 0.000000



