---- Performing inference on Ns100_pa_0.0005_boots/Ns100_pa_0.0005.51.polyDFE.txt using model B

---- Warning: mutation variability is not used when only one neutral and one selected fragment is available.
---- No mutation variability. Using Poisson likelihood.

---- Using provided initial values


-- Starting local optimization
 it       eps_an        eps_cont      lambda        theta_bar      S_d            b             p_b           S_b           r  2          r  3          r  4          r  5          r  6          r  7          r  8          r  9          r 10          r 11          r 12          r 13          r 14          r 15          r 16          r 17          r 18          r 19          r 20         ln lk             grad     status
  0      4.50e-06      9.00e-07       0.00500       0.00100     -400.00000       0.40000       0.02000       4.00000       1.00000       1.00000       1.00000       1.00000       1.00000       1.00000       1.00000       1.00000       1.00000       1.00000       1.00000       1.00000       1.00000       1.00000       1.00000       1.00000       1.00000       1.00000       1.00000  -220735.4660653927   1594.96651   -2
100      4.49e-06      9.00e-07       0.00505       0.00940    -1501.11039       0.18285       0.00240      37.42986       0.94901       0.92707       0.91802       0.90553       0.87652       0.89042       0.87774       0.86497       0.84065       0.84908       0.85207       0.85624       0.88838       0.86228       0.82944       0.84486       0.87482       0.86180       0.81466  -219.9715662721      0.41135   -3
-- Local optimization: stuck in the same solution


---- Best joint likelihood found -219.97157 with gradient 0.41135
-- Model: B
--     eps_an        eps_cont      lambda        theta_bar     a        
--    4.49e-06      9.00e-07       0.00505       0.00940       -1.00000  
--      S_d            b             p_b           S_b      
--  -1501.11039       0.18285       0.00240      37.42986  
--     r  2          r  3          r  4          r  5          r  6          r  7          r  8          r  9          r 10          r 11          r 12          r 13          r 14          r 15          r 16          r 17          r 18          r 19          r 20     
--     0.94901       0.92707       0.91802       0.90553       0.87652       0.89042       0.87774       0.86497       0.84065       0.84908       0.85207       0.85624       0.88838       0.86228       0.82944       0.84486       0.87482       0.86180       0.81466  

---- Expected P_neut(i), 0 < i < n (neutral SFS per site) 
E[P_neut(1)] = 0.009397
E[P_neut(2)] = 0.004459
E[P_neut(3)] = 0.002904
E[P_neut(4)] = 0.002157
E[P_neut(5)] = 0.001702
E[P_neut(6)] = 0.001373
E[P_neut(7)] = 0.001195
E[P_neut(8)] = 0.001031
E[P_neut(9)] = 0.000903
E[P_neut(10)] = 0.000790
E[P_neut(11)] = 0.000725
E[P_neut(12)] = 0.000667
E[P_neut(13)] = 0.000619
E[P_neut(14)] = 0.000596
E[P_neut(15)] = 0.000540
E[P_neut(16)] = 0.000487
E[P_neut(17)] = 0.000467
E[P_neut(18)] = 0.000457
E[P_neut(19)] = 0.000426

---- Expected P_sel(i), 0 < i < n (selected SFS per site) 
E[P_sel(1)] = 0.003642
E[P_sel(2)] = 0.001439
E[P_sel(3)] = 0.000861
E[P_sel(4)] = 0.000606
E[P_sel(5)] = 0.000460
E[P_sel(6)] = 0.000360
E[P_sel(7)] = 0.000306
E[P_sel(8)] = 0.000259
E[P_sel(9)] = 0.000223
E[P_sel(10)] = 0.000192
E[P_sel(11)] = 0.000174
E[P_sel(12)] = 0.000159
E[P_sel(13)] = 0.000146
E[P_sel(14)] = 0.000140
E[P_sel(15)] = 0.000126
E[P_sel(16)] = 0.000114
E[P_sel(17)] = 0.000110
E[P_sel(18)] = 0.000109
E[P_sel(19)] = 0.000106

---- Expected D_neut and D_sel (neutral and selected divergence per site) 
E[D_neut] = 0.005429
E[D_sel] = 0.001629

---- Expected neutral and selected misattributed polymorphism per site
E[mis_neut] = 0.000383
E[mis_sel] = 0.000102

---- alpha_div = 0.301687
---- alpha_dfe = 0.297183



