---- Performing inference on Ns100_pa_0.0005_boots/Ns100_pa_0.0005.8.polyDFE.txt using model B

---- Warning: mutation variability is not used when only one neutral and one selected fragment is available.
---- No mutation variability. Using Poisson likelihood.

---- Using provided initial values


-- Starting local optimization
 it       eps_an        theta_bar      S_d            b             r  2          r  3          r  4          r  5          r  6          r  7          r  8          r  9          r 10          r 11          r 12          r 13          r 14          r 15          r 16          r 17          r 18          r 19         ln lk             grad     status
  0      4.50e-06       0.00100     -400.00000       0.40000       1.00000       1.00000       1.00000       1.00000       1.00000       1.00000       1.00000       1.00000       1.00000       1.00000       1.00000       1.00000       1.00000       1.00000       1.00000       1.00000       1.00000       1.00000  -226011.5285079055   1635.57340   -2
192      4.50e-06       0.00931    -1266.55175       0.18812       0.96337       0.95401       0.91348       0.90885       0.86669       0.87205       0.87216       0.83429       0.88704       0.84934       0.89502       0.89375       0.89998       0.90826       0.81976       0.89058       0.91910       0.91922  -197.2349226929      0.00047   -3
-- Local optimization: stuck in the same solution


---- Best joint likelihood found -197.23492 with gradient 0.00047
-- Model: B
--     eps_an        eps_cont      theta_bar     a        
--    4.50e-06      0.00e+00       0.00931       -1.00000  
--      S_d            b             p_b           S_b      
--  -1266.55175       0.18812      0.00e+00      0.00e+00  
--     r  2          r  3          r  4          r  5          r  6          r  7          r  8          r  9          r 10          r 11          r 12          r 13          r 14          r 15          r 16          r 17          r 18          r 19     
--     0.96337       0.95401       0.91348       0.90885       0.86669       0.87205       0.87216       0.83429       0.88704       0.84934       0.89502       0.89375       0.89998       0.90826       0.81976       0.89058       0.91910       0.91922  

---- Expected P_neut(i), 0 < i < n (neutral SFS per site) 
E[P_neut(1)] = 0.009313
E[P_neut(2)] = 0.004486
E[P_neut(3)] = 0.002962
E[P_neut(4)] = 0.002127
E[P_neut(5)] = 0.001693
E[P_neut(6)] = 0.001345
E[P_neut(7)] = 0.001160
E[P_neut(8)] = 0.001015
E[P_neut(9)] = 0.000863
E[P_neut(10)] = 0.000826
E[P_neut(11)] = 0.000719
E[P_neut(12)] = 0.000695
E[P_neut(13)] = 0.000640
E[P_neut(14)] = 0.000599
E[P_neut(15)] = 0.000564
E[P_neut(16)] = 0.000477
E[P_neut(17)] = 0.000488
E[P_neut(18)] = 0.000476
E[P_neut(19)] = 0.000451

---- Expected P_sel(i), 0 < i < n (selected SFS per site) 
E[P_sel(1)] = 0.003629
E[P_sel(2)] = 0.001446
E[P_sel(3)] = 0.000874
E[P_sel(4)] = 0.000593
E[P_sel(5)] = 0.000453
E[P_sel(6)] = 0.000349
E[P_sel(7)] = 0.000293
E[P_sel(8)] = 0.000250
E[P_sel(9)] = 0.000209
E[P_sel(10)] = 0.000196
E[P_sel(11)] = 0.000168
E[P_sel(12)] = 0.000160
E[P_sel(13)] = 0.000146
E[P_sel(14)] = 0.000135
E[P_sel(15)] = 0.000126
E[P_sel(16)] = 0.000105
E[P_sel(17)] = 0.000107
E[P_sel(18)] = 0.000103
E[P_sel(19)] = 0.000097

---- Expected neutral and selected misattributed polymorphism per site
E[mis_neut] = 0.000466
E[mis_sel] = 0.000099

---- alpha_div = 0.310846
---- alpha_dfe = 0.000000



