---- Performing inference on Ns100_pa_0.0005_boots/Ns100_pa_0.0005.19.polyDFE.txt using model B

---- Warning: mutation variability is not used when only one neutral and one selected fragment is available.
---- No mutation variability. Using Poisson likelihood.

---- Using provided initial values


-- Starting local optimization
 it       eps_an        eps_cont      theta_bar      S_d            b             p_b           S_b           r  2          r  3          r  4          r  5          r  6          r  7          r  8          r  9          r 10          r 11          r 12          r 13          r 14          r 15          r 16          r 17          r 18          r 19         ln lk             grad     status
  0      4.50e-06      9.00e-07       0.00100     -400.00000       0.40000       0.02000       4.00000       1.00000       1.00000       1.00000       1.00000       1.00000       1.00000       1.00000       1.00000       1.00000       1.00000       1.00000       1.00000       1.00000       1.00000       1.00000       1.00000       1.00000       1.00000  -217072.9453127944   1550.70501   -2
444      4.47e-06      9.00e-07       0.00934    -1292.35592       0.19072       0.00320       0.35646       0.97410       0.94904       0.93368       0.91149       0.87553       0.88902       0.88573       0.87048       0.87569       0.85906       0.83701       0.90475       0.89596       0.86400       0.82433       0.91964       0.89598       0.91847  -193.2955780016      0.00577   -3
-- Local optimization: stuck in the same solution


---- Best joint likelihood found -193.29558 with gradient 0.00577
-- Model: B
--     eps_an        eps_cont      theta_bar     a        
--    4.47e-06      9.00e-07       0.00934       -1.00000  
--      S_d            b             p_b           S_b      
--  -1292.35592       0.19072       0.00320       0.35646  
--     r  2          r  3          r  4          r  5          r  6          r  7          r  8          r  9          r 10          r 11          r 12          r 13          r 14          r 15          r 16          r 17          r 18          r 19     
--     0.97410       0.94904       0.93368       0.91149       0.87553       0.88902       0.88573       0.87048       0.87569       0.85906       0.83701       0.90475       0.89596       0.86400       0.82433       0.91964       0.89598       0.91847  

---- Expected P_neut(i), 0 < i < n (neutral SFS per site) 
E[P_neut(1)] = 0.009340
E[P_neut(2)] = 0.004549
E[P_neut(3)] = 0.002955
E[P_neut(4)] = 0.002180
E[P_neut(5)] = 0.001703
E[P_neut(6)] = 0.001363
E[P_neut(7)] = 0.001186
E[P_neut(8)] = 0.001034
E[P_neut(9)] = 0.000903
E[P_neut(10)] = 0.000818
E[P_neut(11)] = 0.000729
E[P_neut(12)] = 0.000651
E[P_neut(13)] = 0.000650
E[P_neut(14)] = 0.000598
E[P_neut(15)] = 0.000538
E[P_neut(16)] = 0.000481
E[P_neut(17)] = 0.000505
E[P_neut(18)] = 0.000465
E[P_neut(19)] = 0.000452

---- Expected P_sel(i), 0 < i < n (selected SFS per site) 
E[P_sel(1)] = 0.003608
E[P_sel(2)] = 0.001452
E[P_sel(3)] = 0.000863
E[P_sel(4)] = 0.000602
E[P_sel(5)] = 0.000451
E[P_sel(6)] = 0.000350
E[P_sel(7)] = 0.000296
E[P_sel(8)] = 0.000253
E[P_sel(9)] = 0.000216
E[P_sel(10)] = 0.000193
E[P_sel(11)] = 0.000169
E[P_sel(12)] = 0.000149
E[P_sel(13)] = 0.000147
E[P_sel(14)] = 0.000134
E[P_sel(15)] = 0.000119
E[P_sel(16)] = 0.000105
E[P_sel(17)] = 0.000110
E[P_sel(18)] = 0.000100
E[P_sel(19)] = 0.000096

---- Expected neutral and selected misattributed polymorphism per site
E[mis_neut] = 0.000467
E[mis_sel] = 0.000099

---- alpha_div = 0.345587
---- alpha_dfe = 0.018100



