---- Performing inference on Ns100_pa_0.0005_boots/Ns100_pa_0.0005.85.polyDFE.txt using model B

---- Warning: mutation variability is not used when only one neutral and one selected fragment is available.
---- No mutation variability. Using Poisson likelihood.

---- Using provided initial values


-- Starting local optimization
 it       eps_an        eps_cont      theta_bar      S_d            b             p_b           S_b           r  2          r  3          r  4          r  5          r  6          r  7          r  8          r  9          r 10          r 11          r 12          r 13          r 14          r 15          r 16          r 17          r 18          r 19         ln lk             grad     status
  0      4.50e-06      9.00e-07       0.00100     -400.00000       0.40000       0.02000       4.00000       1.00000       1.00000       1.00000       1.00000       1.00000       1.00000       1.00000       1.00000       1.00000       1.00000       1.00000       1.00000       1.00000       1.00000       1.00000       1.00000       1.00000       1.00000  -215655.2678603745   1545.21934   -2
1108      3.63e-06      9.01e-07       0.00930     -996.34672       0.23511       0.06902       0.00950       0.96785       0.94340       0.90014       0.91710       0.86228       0.89474       0.88763       0.84604       0.84732       0.83799       0.86161       0.88037       0.89434       0.91629       0.82172       0.87723       0.85226       0.89033  -196.2022578114      0.00083   -3
-- Local optimization: stuck in the same solution


---- Best joint likelihood found -196.20226 with gradient 0.00083
-- Model: B
--     eps_an        eps_cont      theta_bar     a        
--    3.63e-06      9.01e-07       0.00930       -1.00000  
--      S_d            b             p_b           S_b      
--   -996.34672       0.23511       0.06902       0.00950  
--     r  2          r  3          r  4          r  5          r  6          r  7          r  8          r  9          r 10          r 11          r 12          r 13          r 14          r 15          r 16          r 17          r 18          r 19     
--     0.96785       0.94340       0.90014       0.91710       0.86228       0.89474       0.88763       0.84604       0.84732       0.83799       0.86161       0.88037       0.89434       0.91629       0.82172       0.87723       0.85226       0.89033  

---- Expected P_neut(i), 0 < i < n (neutral SFS per site) 
E[P_neut(1)] = 0.009298
E[P_neut(2)] = 0.004500
E[P_neut(3)] = 0.002924
E[P_neut(4)] = 0.002092
E[P_neut(5)] = 0.001705
E[P_neut(6)] = 0.001336
E[P_neut(7)] = 0.001188
E[P_neut(8)] = 0.001032
E[P_neut(9)] = 0.000874
E[P_neut(10)] = 0.000788
E[P_neut(11)] = 0.000708
E[P_neut(12)] = 0.000668
E[P_neut(13)] = 0.000630
E[P_neut(14)] = 0.000594
E[P_neut(15)] = 0.000568
E[P_neut(16)] = 0.000478
E[P_neut(17)] = 0.000480
E[P_neut(18)] = 0.000440
E[P_neut(19)] = 0.000436

---- Expected P_sel(i), 0 < i < n (selected SFS per site) 
E[P_sel(1)] = 0.003627
E[P_sel(2)] = 0.001446
E[P_sel(3)] = 0.000862
E[P_sel(4)] = 0.000584
E[P_sel(5)] = 0.000458
E[P_sel(6)] = 0.000348
E[P_sel(7)] = 0.000303
E[P_sel(8)] = 0.000257
E[P_sel(9)] = 0.000214
E[P_sel(10)] = 0.000190
E[P_sel(11)] = 0.000169
E[P_sel(12)] = 0.000157
E[P_sel(13)] = 0.000147
E[P_sel(14)] = 0.000137
E[P_sel(15)] = 0.000130
E[P_sel(16)] = 0.000108
E[P_sel(17)] = 0.000108
E[P_sel(18)] = 0.000098
E[P_sel(19)] = 0.000096

---- Expected neutral and selected misattributed polymorphism per site
E[mis_neut] = 0.000465
E[mis_sel] = 0.000102

---- alpha_div = 0.513297
---- alpha_dfe = 0.317747



