---- Performing inference on Ns100_pa_0.0005_boots/Ns100_pa_0.0005.8.polyDFE.txt using model B

---- Warning: mutation variability is not used when only one neutral and one selected fragment is available.
---- No mutation variability. Using Poisson likelihood.

---- Using provided initial values


-- Starting local optimization
 it       eps_an        eps_cont      theta_bar      S_d            b             p_b           S_b           r  2          r  3          r  4          r  5          r  6          r  7          r  8          r  9          r 10          r 11          r 12          r 13          r 14          r 15          r 16          r 17          r 18          r 19         ln lk             grad     status
  0      4.50e-06      9.00e-07       0.00100     -400.00000       0.40000       0.02000       4.00000       1.00000       1.00000       1.00000       1.00000       1.00000       1.00000       1.00000       1.00000       1.00000       1.00000       1.00000       1.00000       1.00000       1.00000       1.00000       1.00000       1.00000       1.00000  -216481.4153365377   1548.53782   -2
1501      4.33e-06      9.00e-07       0.00930     -917.26179       0.23331       0.05793       0.05356       0.96767       0.95871       0.91769       0.91251       0.86966       0.87450       0.87407       0.83560       0.88794       0.84973       0.89495       0.89322       0.89899       0.90682       0.81807       0.88833       0.91637       0.91604  -196.7650028812      0.00579   -2
-- Local optimization: reached maximum number of iterations allowed


---- Best joint likelihood found -196.76500 with gradient 0.00579
-- Model: B
--     eps_an        eps_cont      theta_bar     a        
--    4.33e-06      9.00e-07       0.00930       -1.00000  
--      S_d            b             p_b           S_b      
--   -917.26179       0.23331       0.05793       0.05356  
--     r  2          r  3          r  4          r  5          r  6          r  7          r  8          r  9          r 10          r 11          r 12          r 13          r 14          r 15          r 16          r 17          r 18          r 19     
--     0.96767       0.95871       0.91769       0.91251       0.86966       0.87450       0.87407       0.83560       0.88794       0.84973       0.89495       0.89322       0.89899       0.90682       0.81807       0.88833       0.91637       0.91604  

---- Expected P_neut(i), 0 < i < n (neutral SFS per site) 
E[P_neut(1)] = 0.009296
E[P_neut(2)] = 0.004498
E[P_neut(3)] = 0.002971
E[P_neut(4)] = 0.002133
E[P_neut(5)] = 0.001697
E[P_neut(6)] = 0.001347
E[P_neut(7)] = 0.001161
E[P_neut(8)] = 0.001016
E[P_neut(9)] = 0.000863
E[P_neut(10)] = 0.000825
E[P_neut(11)] = 0.000718
E[P_neut(12)] = 0.000693
E[P_neut(13)] = 0.000639
E[P_neut(14)] = 0.000597
E[P_neut(15)] = 0.000562
E[P_neut(16)] = 0.000475
E[P_neut(17)] = 0.000486
E[P_neut(18)] = 0.000473
E[P_neut(19)] = 0.000448

---- Expected P_sel(i), 0 < i < n (selected SFS per site) 
E[P_sel(1)] = 0.003635
E[P_sel(2)] = 0.001442
E[P_sel(3)] = 0.000871
E[P_sel(4)] = 0.000591
E[P_sel(5)] = 0.000452
E[P_sel(6)] = 0.000348
E[P_sel(7)] = 0.000292
E[P_sel(8)] = 0.000250
E[P_sel(9)] = 0.000209
E[P_sel(10)] = 0.000197
E[P_sel(11)] = 0.000169
E[P_sel(12)] = 0.000161
E[P_sel(13)] = 0.000147
E[P_sel(14)] = 0.000136
E[P_sel(15)] = 0.000126
E[P_sel(16)] = 0.000106
E[P_sel(17)] = 0.000107
E[P_sel(18)] = 0.000104
E[P_sel(19)] = 0.000098

---- Expected neutral and selected misattributed polymorphism per site
E[mis_neut] = 0.000465
E[mis_sel] = 0.000101

---- alpha_div = 0.493126
---- alpha_dfe = 0.276736



