---- Performing inference on Ns100_pa_0.0005_boots/Ns100_pa_0.0005.44.polyDFE.txt using model B

---- Warning: mutation variability is not used when only one neutral and one selected fragment is available.
---- No mutation variability. Using Poisson likelihood.

---- Using provided initial values


-- Starting local optimization
 it       eps_an        theta_bar      S_d            b             r  2          r  3          r  4          r  5          r  6          r  7          r  8          r  9          r 10          r 11          r 12          r 13          r 14          r 15          r 16          r 17          r 18          r 19         ln lk             grad     status
  0      4.50e-06       0.00100     -400.00000       0.40000       1.00000       1.00000       1.00000       1.00000       1.00000       1.00000       1.00000       1.00000       1.00000       1.00000       1.00000       1.00000       1.00000       1.00000       1.00000       1.00000       1.00000       1.00000  -224672.7943172445   1631.53898   -2
200      4.50e-06       0.00923    -1504.34150       0.18007       0.95119       0.94084       0.90923       0.93112       0.87710       0.87027       0.89531       0.84495       0.87476       0.80272       0.86749       0.91141       0.92157       0.91912       0.86086       0.89820       0.91594       0.89809  -206.8280525535      0.00129   -3
-- Local optimization: stuck in the same solution


---- Best joint likelihood found -206.82805 with gradient 0.00129
-- Model: B
--     eps_an        eps_cont      theta_bar     a        
--    4.50e-06      0.00e+00       0.00923       -1.00000  
--      S_d            b             p_b           S_b      
--  -1504.34150       0.18007      0.00e+00      0.00e+00  
--     r  2          r  3          r  4          r  5          r  6          r  7          r  8          r  9          r 10          r 11          r 12          r 13          r 14          r 15          r 16          r 17          r 18          r 19     
--     0.95119       0.94084       0.90923       0.93112       0.87710       0.87027       0.89531       0.84495       0.87476       0.80272       0.86749       0.91141       0.92157       0.91912       0.86086       0.89820       0.91594       0.89809  

---- Expected P_neut(i), 0 < i < n (neutral SFS per site) 
E[P_neut(1)] = 0.009233
E[P_neut(2)] = 0.004391
E[P_neut(3)] = 0.002895
E[P_neut(4)] = 0.002099
E[P_neut(5)] = 0.001719
E[P_neut(6)] = 0.001350
E[P_neut(7)] = 0.001148
E[P_neut(8)] = 0.001033
E[P_neut(9)] = 0.000867
E[P_neut(10)] = 0.000808
E[P_neut(11)] = 0.000674
E[P_neut(12)] = 0.000667
E[P_neut(13)] = 0.000647
E[P_neut(14)] = 0.000608
E[P_neut(15)] = 0.000566
E[P_neut(16)] = 0.000497
E[P_neut(17)] = 0.000488
E[P_neut(18)] = 0.000470
E[P_neut(19)] = 0.000436

---- Expected P_sel(i), 0 < i < n (selected SFS per site) 
E[P_sel(1)] = 0.003603
E[P_sel(2)] = 0.001429
E[P_sel(3)] = 0.000866
E[P_sel(4)] = 0.000594
E[P_sel(5)] = 0.000468
E[P_sel(6)] = 0.000356
E[P_sel(7)] = 0.000296
E[P_sel(8)] = 0.000260
E[P_sel(9)] = 0.000214
E[P_sel(10)] = 0.000197
E[P_sel(11)] = 0.000162
E[P_sel(12)] = 0.000158
E[P_sel(13)] = 0.000151
E[P_sel(14)] = 0.000140
E[P_sel(15)] = 0.000129
E[P_sel(16)] = 0.000113
E[P_sel(17)] = 0.000110
E[P_sel(18)] = 0.000105
E[P_sel(19)] = 0.000096

---- Expected neutral and selected misattributed polymorphism per site
E[mis_neut] = 0.000462
E[mis_sel] = 0.000101

---- alpha_div = 0.300640
---- alpha_dfe = 0.000000



