---- Performing inference on Ns100_pa_0.0005_boots/Ns100_pa_0.0005.46.polyDFE.txt using model B

---- Warning: mutation variability is not used when only one neutral and one selected fragment is available.
---- No mutation variability. Using Poisson likelihood.

---- Using provided initial values


-- Starting local optimization
 it       eps_an        theta_bar      S_d            b             r  2          r  3          r  4          r  5          r  6          r  7          r  8          r  9          r 10          r 11          r 12          r 13          r 14          r 15          r 16          r 17          r 18          r 19         ln lk             grad     status
  0      4.50e-06       0.00100     -400.00000       0.40000       1.00000       1.00000       1.00000       1.00000       1.00000       1.00000       1.00000       1.00000       1.00000       1.00000       1.00000       1.00000       1.00000       1.00000       1.00000       1.00000       1.00000       1.00000  -225369.2625893556   1632.79788   -2
170      4.50e-06       0.00927    -1157.11004       0.19059       0.94907       0.93070       0.91221       0.92916       0.85716       0.90231       0.87974       0.87385       0.88592       0.86072       0.87103       0.88965       0.89675       0.91115       0.88991       0.90660       0.92757       0.95689  -200.5078883218      0.00072   -3
-- Local optimization: stuck in the same solution


---- Best joint likelihood found -200.50789 with gradient 0.00072
-- Model: B
--     eps_an        eps_cont      theta_bar     a        
--    4.50e-06      0.00e+00       0.00927       -1.00000  
--      S_d            b             p_b           S_b      
--  -1157.11004       0.19059      0.00e+00      0.00e+00  
--     r  2          r  3          r  4          r  5          r  6          r  7          r  8          r  9          r 10          r 11          r 12          r 13          r 14          r 15          r 16          r 17          r 18          r 19     
--     0.94907       0.93070       0.91221       0.92916       0.85716       0.90231       0.87974       0.87385       0.88592       0.86072       0.87103       0.88965       0.89675       0.91115       0.88991       0.90660       0.92757       0.95689  

---- Expected P_neut(i), 0 < i < n (neutral SFS per site) 
E[P_neut(1)] = 0.009272
E[P_neut(2)] = 0.004400
E[P_neut(3)] = 0.002876
E[P_neut(4)] = 0.002114
E[P_neut(5)] = 0.001723
E[P_neut(6)] = 0.001325
E[P_neut(7)] = 0.001195
E[P_neut(8)] = 0.001020
E[P_neut(9)] = 0.000900
E[P_neut(10)] = 0.000821
E[P_neut(11)] = 0.000725
E[P_neut(12)] = 0.000673
E[P_neut(13)] = 0.000635
E[P_neut(14)] = 0.000594
E[P_neut(15)] = 0.000563
E[P_neut(16)] = 0.000516
E[P_neut(17)] = 0.000494
E[P_neut(18)] = 0.000478
E[P_neut(19)] = 0.000467

---- Expected P_sel(i), 0 < i < n (selected SFS per site) 
E[P_sel(1)] = 0.003639
E[P_sel(2)] = 0.001425
E[P_sel(3)] = 0.000852
E[P_sel(4)] = 0.000591
E[P_sel(5)] = 0.000462
E[P_sel(6)] = 0.000344
E[P_sel(7)] = 0.000302
E[P_sel(8)] = 0.000252
E[P_sel(9)] = 0.000218
E[P_sel(10)] = 0.000196
E[P_sel(11)] = 0.000170
E[P_sel(12)] = 0.000156
E[P_sel(13)] = 0.000145
E[P_sel(14)] = 0.000134
E[P_sel(15)] = 0.000126
E[P_sel(16)] = 0.000114
E[P_sel(17)] = 0.000108
E[P_sel(18)] = 0.000104
E[P_sel(19)] = 0.000100

---- Expected neutral and selected misattributed polymorphism per site
E[mis_neut] = 0.000464
E[mis_sel] = 0.000099

---- alpha_div = 0.310788
---- alpha_dfe = 0.000000



