---- Performing inference on Ns100_pa_0.0005_boots/Ns100_pa_0.0005.83.polyDFE.txt using model B

---- Warning: mutation variability is not used when only one neutral and one selected fragment is available.
---- No mutation variability. Using Poisson likelihood.

---- Using provided initial values


-- Starting local optimization
 it       eps_an        eps_cont      theta_bar      S_d            b             p_b           S_b           r  2          r  3          r  4          r  5          r  6          r  7          r  8          r  9          r 10          r 11          r 12          r 13          r 14          r 15          r 16          r 17          r 18          r 19         ln lk             grad     status
  0      4.50e-06      9.00e-07       0.00100     -400.00000       0.40000       0.02000       4.00000       1.00000       1.00000       1.00000       1.00000       1.00000       1.00000       1.00000       1.00000       1.00000       1.00000       1.00000       1.00000       1.00000       1.00000       1.00000       1.00000       1.00000       1.00000  -217781.6064949877   1554.70570   -2
659      4.53e-06      8.99e-07       0.00937     -982.34301       0.20636       0.01662       0.65390       0.96222       0.93242       0.91233       0.91382       0.89121       0.89509       0.86309       0.83467       0.84371       0.83843       0.87770       0.88516       0.88036       0.91046       0.81428       0.88931       0.88496       0.90612  -194.1876476057      0.00261   -3
-- Local optimization: stuck in the same solution


---- Best joint likelihood found -194.18765 with gradient 0.00261
-- Model: B
--     eps_an        eps_cont      theta_bar     a        
--    4.53e-06      8.99e-07       0.00937       -1.00000  
--      S_d            b             p_b           S_b      
--   -982.34301       0.20636       0.01662       0.65390  
--     r  2          r  3          r  4          r  5          r  6          r  7          r  8          r  9          r 10          r 11          r 12          r 13          r 14          r 15          r 16          r 17          r 18          r 19     
--     0.96222       0.93242       0.91233       0.91382       0.89121       0.89509       0.86309       0.83467       0.84371       0.83843       0.87770       0.88516       0.88036       0.91046       0.81428       0.88931       0.88496       0.90612  

---- Expected P_neut(i), 0 < i < n (neutral SFS per site) 
E[P_neut(1)] = 0.009369
E[P_neut(2)] = 0.004507
E[P_neut(3)] = 0.002912
E[P_neut(4)] = 0.002137
E[P_neut(5)] = 0.001712
E[P_neut(6)] = 0.001392
E[P_neut(7)] = 0.001198
E[P_neut(8)] = 0.001011
E[P_neut(9)] = 0.000869
E[P_neut(10)] = 0.000790
E[P_neut(11)] = 0.000714
E[P_neut(12)] = 0.000685
E[P_neut(13)] = 0.000638
E[P_neut(14)] = 0.000589
E[P_neut(15)] = 0.000569
E[P_neut(16)] = 0.000477
E[P_neut(17)] = 0.000490
E[P_neut(18)] = 0.000461
E[P_neut(19)] = 0.000447

---- Expected P_sel(i), 0 < i < n (selected SFS per site) 
E[P_sel(1)] = 0.003679
E[P_sel(2)] = 0.001452
E[P_sel(3)] = 0.000856
E[P_sel(4)] = 0.000593
E[P_sel(5)] = 0.000456
E[P_sel(6)] = 0.000359
E[P_sel(7)] = 0.000301
E[P_sel(8)] = 0.000249
E[P_sel(9)] = 0.000210
E[P_sel(10)] = 0.000188
E[P_sel(11)] = 0.000167
E[P_sel(12)] = 0.000159
E[P_sel(13)] = 0.000146
E[P_sel(14)] = 0.000133
E[P_sel(15)] = 0.000128
E[P_sel(16)] = 0.000106
E[P_sel(17)] = 0.000108
E[P_sel(18)] = 0.000101
E[P_sel(19)] = 0.000097

---- Expected neutral and selected misattributed polymorphism per site
E[mis_neut] = 0.000468
E[mis_sel] = 0.000101

---- alpha_div = 0.387313
---- alpha_dfe = 0.105388



