---- Performing inference on Ns100_pa_0.0005_boots/Ns100_pa_0.0005.41.polyDFE.txt using model B

---- Warning: mutation variability is not used when only one neutral and one selected fragment is available.
---- No mutation variability. Using Poisson likelihood.

---- Using provided initial values


-- Starting local optimization
 it       eps_an        lambda        theta_bar      S_d            b             r  2          r  3          r  4          r  5          r  6          r  7          r  8          r  9          r 10          r 11          r 12          r 13          r 14          r 15          r 16          r 17          r 18          r 19          r 20         ln lk             grad     status
  0      4.50e-06       0.00500       0.00100     -400.00000       0.40000       1.00000       1.00000       1.00000       1.00000       1.00000       1.00000       1.00000       1.00000       1.00000       1.00000       1.00000       1.00000       1.00000       1.00000       1.00000       1.00000       1.00000       1.00000       1.00000  -232933.7545388138   1752.49449   -2
672      4.32e-06       0.00013       0.00945   -10664.15227       0.13062       0.92968       0.91327       0.87908       0.87364       0.84383       0.82432       0.80670       0.81279       0.81794       0.78054       0.78213       0.83451       0.83896       0.83771       0.82816       0.81147       0.84185       0.86952      12.37800  -452.4999640019      0.02015   -3
-- Local optimization: stuck in the same solution


---- Best joint likelihood found -452.49996 with gradient 0.02015
-- Model: B
--     eps_an        eps_cont      lambda        theta_bar     a        
--    4.32e-06      0.00e+00       0.00013       0.00945       -1.00000  
--      S_d            b             p_b           S_b      
-- -10664.15227       0.13062      0.00e+00      0.00e+00  
--     r  2          r  3          r  4          r  5          r  6          r  7          r  8          r  9          r 10          r 11          r 12          r 13          r 14          r 15          r 16          r 17          r 18          r 19          r 20     
--     0.92968       0.91327       0.87908       0.87364       0.84383       0.82432       0.80670       0.81279       0.81794       0.78054       0.78213       0.83451       0.83896       0.83771       0.82816       0.81147       0.84185       0.86952      12.37800  

---- Expected P_neut(i), 0 < i < n (neutral SFS per site) 
E[P_neut(1)] = 0.009445
E[P_neut(2)] = 0.004390
E[P_neut(3)] = 0.002875
E[P_neut(4)] = 0.002076
E[P_neut(5)] = 0.001650
E[P_neut(6)] = 0.001328
E[P_neut(7)] = 0.001112
E[P_neut(8)] = 0.000952
E[P_neut(9)] = 0.000853
E[P_neut(10)] = 0.000773
E[P_neut(11)] = 0.000670
E[P_neut(12)] = 0.000616
E[P_neut(13)] = 0.000606
E[P_neut(14)] = 0.000566
E[P_neut(15)] = 0.000527
E[P_neut(16)] = 0.000489
E[P_neut(17)] = 0.000451
E[P_neut(18)] = 0.000442
E[P_neut(19)] = 0.000432

---- Expected P_sel(i), 0 < i < n (selected SFS per site) 
E[P_sel(1)] = 0.003537
E[P_sel(2)] = 0.001443
E[P_sel(3)] = 0.000889
E[P_sel(4)] = 0.000618
E[P_sel(5)] = 0.000477
E[P_sel(6)] = 0.000376
E[P_sel(7)] = 0.000309
E[P_sel(8)] = 0.000260
E[P_sel(9)] = 0.000230
E[P_sel(10)] = 0.000206
E[P_sel(11)] = 0.000177
E[P_sel(12)] = 0.000161
E[P_sel(13)] = 0.000157
E[P_sel(14)] = 0.000145
E[P_sel(15)] = 0.000134
E[P_sel(16)] = 0.000124
E[P_sel(17)] = 0.000113
E[P_sel(18)] = 0.000110
E[P_sel(19)] = 0.000107

---- Expected D_neut and D_sel (neutral and selected divergence per site) 
E[D_neut] = 0.005973
E[D_sel] = 0.001476

---- Expected neutral and selected misattributed polymorphism per site
E[mis_neut] = 0.005846
E[mis_sel] = 0.001444

---- alpha_div = 1.479895
---- alpha_dfe = 0.000000



