---- Performing inference on Ns100_pa_0.0005_boots/Ns100_pa_0.0005.71.polyDFE.txt using model B

---- Warning: mutation variability is not used when only one neutral and one selected fragment is available.
---- No mutation variability. Using Poisson likelihood.

---- Using provided initial values


-- Starting local optimization
 it       eps_an        theta_bar      S_d            b             r  2          r  3          r  4          r  5          r  6          r  7          r  8          r  9          r 10          r 11          r 12          r 13          r 14          r 15          r 16          r 17          r 18          r 19         ln lk             grad     status
  0      4.50e-06       0.00100     -400.00000       0.40000       1.00000       1.00000       1.00000       1.00000       1.00000       1.00000       1.00000       1.00000       1.00000       1.00000       1.00000       1.00000       1.00000       1.00000       1.00000       1.00000       1.00000       1.00000  -226740.7753725455   1641.73718   -2
148      4.50e-06       0.00922    -1202.23156       0.18771       0.97830       0.93954       0.92345       0.92976       0.89892       0.91488       0.89061       0.84997       0.86433       0.81770       0.87789       0.90336       0.90754       0.89204       0.86519       0.91920       0.88439       0.90861  -204.9043777843      0.00151   -3
-- Local optimization: stuck in the same solution


---- Best joint likelihood found -204.90438 with gradient 0.00151
-- Model: B
--     eps_an        eps_cont      theta_bar     a        
--    4.50e-06      0.00e+00       0.00922       -1.00000  
--      S_d            b             p_b           S_b      
--  -1202.23156       0.18771      0.00e+00      0.00e+00  
--     r  2          r  3          r  4          r  5          r  6          r  7          r  8          r  9          r 10          r 11          r 12          r 13          r 14          r 15          r 16          r 17          r 18          r 19     
--     0.97830       0.93954       0.92345       0.92976       0.89892       0.91488       0.89061       0.84997       0.86433       0.81770       0.87789       0.90336       0.90754       0.89204       0.86519       0.91920       0.88439       0.90861  

---- Expected P_neut(i), 0 < i < n (neutral SFS per site) 
E[P_neut(1)] = 0.009218
E[P_neut(2)] = 0.004509
E[P_neut(3)] = 0.002887
E[P_neut(4)] = 0.002128
E[P_neut(5)] = 0.001714
E[P_neut(6)] = 0.001381
E[P_neut(7)] = 0.001205
E[P_neut(8)] = 0.001026
E[P_neut(9)] = 0.000871
E[P_neut(10)] = 0.000797
E[P_neut(11)] = 0.000685
E[P_neut(12)] = 0.000674
E[P_neut(13)] = 0.000641
E[P_neut(14)] = 0.000598
E[P_neut(15)] = 0.000548
E[P_neut(16)] = 0.000498
E[P_neut(17)] = 0.000498
E[P_neut(18)] = 0.000453
E[P_neut(19)] = 0.000441

---- Expected P_sel(i), 0 < i < n (selected SFS per site) 
E[P_sel(1)] = 0.003632
E[P_sel(2)] = 0.001470
E[P_sel(3)] = 0.000862
E[P_sel(4)] = 0.000601
E[P_sel(5)] = 0.000464
E[P_sel(6)] = 0.000362
E[P_sel(7)] = 0.000308
E[P_sel(8)] = 0.000256
E[P_sel(9)] = 0.000213
E[P_sel(10)] = 0.000192
E[P_sel(11)] = 0.000163
E[P_sel(12)] = 0.000158
E[P_sel(13)] = 0.000148
E[P_sel(14)] = 0.000136
E[P_sel(15)] = 0.000124
E[P_sel(16)] = 0.000111
E[P_sel(17)] = 0.000110
E[P_sel(18)] = 0.000099
E[P_sel(19)] = 0.000096

---- Expected neutral and selected misattributed polymorphism per site
E[mis_neut] = 0.000461
E[mis_sel] = 0.000100

---- alpha_div = 0.286325
---- alpha_dfe = 0.000000



