---- Performing inference on Ns100_pa_0.0005_boots/Ns100_pa_0.0005.37.polyDFE.txt using model B

---- Warning: mutation variability is not used when only one neutral and one selected fragment is available.
---- No mutation variability. Using Poisson likelihood.

---- Using provided initial values


-- Starting local optimization
 it       eps_an        eps_cont      theta_bar      S_d            b             p_b           S_b           r  2          r  3          r  4          r  5          r  6          r  7          r  8          r  9          r 10          r 11          r 12          r 13          r 14          r 15          r 16          r 17          r 18          r 19         ln lk             grad     status
  0      4.50e-06      9.00e-07       0.00100     -400.00000       0.40000       0.02000       4.00000       1.00000       1.00000       1.00000       1.00000       1.00000       1.00000       1.00000       1.00000       1.00000       1.00000       1.00000       1.00000       1.00000       1.00000       1.00000       1.00000       1.00000       1.00000  -215442.8595306884   1544.51814   -2
770      4.31e-06      9.00e-07       0.00923     -649.32875       0.27795       0.09268       0.12679       0.97493       0.95790       0.91617       0.92342       0.87561       0.87594       0.88312       0.84138       0.85289       0.83817       0.84021       0.88869       0.88171       0.85832       0.87127       0.91152       0.87430       0.87750  -196.4060678109      0.00429   -3
-- Local optimization: stuck in the same solution


---- Best joint likelihood found -196.40607 with gradient 0.00429
-- Model: B
--     eps_an        eps_cont      theta_bar     a        
--    4.31e-06      9.00e-07       0.00923       -1.00000  
--      S_d            b             p_b           S_b      
--   -649.32875       0.27795       0.09268       0.12679  
--     r  2          r  3          r  4          r  5          r  6          r  7          r  8          r  9          r 10          r 11          r 12          r 13          r 14          r 15          r 16          r 17          r 18          r 19     
--     0.97493       0.95790       0.91617       0.92342       0.87561       0.87594       0.88312       0.84138       0.85289       0.83817       0.84021       0.88869       0.88171       0.85832       0.87127       0.91152       0.87430       0.87750  

---- Expected P_neut(i), 0 < i < n (neutral SFS per site) 
E[P_neut(1)] = 0.009229
E[P_neut(2)] = 0.004499
E[P_neut(3)] = 0.002947
E[P_neut(4)] = 0.002114
E[P_neut(5)] = 0.001705
E[P_neut(6)] = 0.001347
E[P_neut(7)] = 0.001155
E[P_neut(8)] = 0.001019
E[P_neut(9)] = 0.000863
E[P_neut(10)] = 0.000787
E[P_neut(11)] = 0.000703
E[P_neut(12)] = 0.000646
E[P_neut(13)] = 0.000631
E[P_neut(14)] = 0.000581
E[P_neut(15)] = 0.000528
E[P_neut(16)] = 0.000503
E[P_neut(17)] = 0.000495
E[P_neut(18)] = 0.000448
E[P_neut(19)] = 0.000426

---- Expected P_sel(i), 0 < i < n (selected SFS per site) 
E[P_sel(1)] = 0.003665
E[P_sel(2)] = 0.001450
E[P_sel(3)] = 0.000866
E[P_sel(4)] = 0.000587
E[P_sel(5)] = 0.000455
E[P_sel(6)] = 0.000349
E[P_sel(7)] = 0.000293
E[P_sel(8)] = 0.000253
E[P_sel(9)] = 0.000211
E[P_sel(10)] = 0.000190
E[P_sel(11)] = 0.000167
E[P_sel(12)] = 0.000152
E[P_sel(13)] = 0.000147
E[P_sel(14)] = 0.000134
E[P_sel(15)] = 0.000121
E[P_sel(16)] = 0.000114
E[P_sel(17)] = 0.000112
E[P_sel(18)] = 0.000101
E[P_sel(19)] = 0.000095

---- Expected neutral and selected misattributed polymorphism per site
E[mis_neut] = 0.000461
E[mis_sel] = 0.000103

---- alpha_div = 0.605862
---- alpha_dfe = 0.446182



