---- Performing inference on Ns100_pa_0.0005_boots/Ns100_pa_0.0005.0.polyDFE.txt using model B

---- Warning: mutation variability is not used when only one neutral and one selected fragment is available.
---- No mutation variability. Using Poisson likelihood.

---- Using provided initial values


-- Starting local optimization
 it       eps_an        lambda        theta_bar      S_d            b             r  2          r  3          r  4          r  5          r  6          r  7          r  8          r  9          r 10          r 11          r 12          r 13          r 14          r 15          r 16          r 17          r 18          r 19          r 20         ln lk             grad     status
  0      4.50e-06       0.00500       0.00100     -400.00000       0.40000       1.00000       1.00000       1.00000       1.00000       1.00000       1.00000       1.00000       1.00000       1.00000       1.00000       1.00000       1.00000       1.00000       1.00000       1.00000       1.00000       1.00000       1.00000       1.00000  -232181.9641361920   1747.60157   -2
562      4.40e-06       0.00033       0.00947    -6740.21969       0.13826       0.92063       0.90226       0.85889       0.86204       0.82524       0.84715       0.80846       0.78234       0.80078       0.77333       0.82242       0.82654       0.82805       0.81920       0.78207       0.79846       0.86834       0.89446      12.02004  -452.8116637064      0.01907   -3
-- Local optimization: stuck in the same solution


---- Best joint likelihood found -452.81166 with gradient 0.01907
-- Model: B
--     eps_an        eps_cont      lambda        theta_bar     a        
--    4.40e-06      0.00e+00       0.00033       0.00947       -1.00000  
--      S_d            b             p_b           S_b      
--  -6740.21969       0.13826      0.00e+00      0.00e+00  
--     r  2          r  3          r  4          r  5          r  6          r  7          r  8          r  9          r 10          r 11          r 12          r 13          r 14          r 15          r 16          r 17          r 18          r 19          r 20     
--     0.92063       0.90226       0.85889       0.86204       0.82524       0.84715       0.80846       0.78234       0.80078       0.77333       0.82242       0.82654       0.82805       0.81920       0.78207       0.79846       0.86834       0.89446      12.02004  

---- Expected P_neut(i), 0 < i < n (neutral SFS per site) 
E[P_neut(1)] = 0.009465
E[P_neut(2)] = 0.004357
E[P_neut(3)] = 0.002847
E[P_neut(4)] = 0.002032
E[P_neut(5)] = 0.001632
E[P_neut(6)] = 0.001302
E[P_neut(7)] = 0.001146
E[P_neut(8)] = 0.000957
E[P_neut(9)] = 0.000823
E[P_neut(10)] = 0.000758
E[P_neut(11)] = 0.000665
E[P_neut(12)] = 0.000649
E[P_neut(13)] = 0.000602
E[P_neut(14)] = 0.000560
E[P_neut(15)] = 0.000517
E[P_neut(16)] = 0.000463
E[P_neut(17)] = 0.000445
E[P_neut(18)] = 0.000457
E[P_neut(19)] = 0.000446

---- Expected P_sel(i), 0 < i < n (selected SFS per site) 
E[P_sel(1)] = 0.003595
E[P_sel(2)] = 0.001441
E[P_sel(3)] = 0.000883
E[P_sel(4)] = 0.000605
E[P_sel(5)] = 0.000471
E[P_sel(6)] = 0.000367
E[P_sel(7)] = 0.000317
E[P_sel(8)] = 0.000260
E[P_sel(9)] = 0.000221
E[P_sel(10)] = 0.000201
E[P_sel(11)] = 0.000174
E[P_sel(12)] = 0.000168
E[P_sel(13)] = 0.000155
E[P_sel(14)] = 0.000143
E[P_sel(15)] = 0.000131
E[P_sel(16)] = 0.000116
E[P_sel(17)] = 0.000111
E[P_sel(18)] = 0.000113
E[P_sel(19)] = 0.000110

---- Expected D_neut and D_sel (neutral and selected divergence per site) 
E[D_neut] = 0.006017
E[D_sel] = 0.001470

---- Expected neutral and selected misattributed polymorphism per site
E[mis_neut] = 0.005689
E[mis_sel] = 0.001391

---- alpha_div = 1.195742
---- alpha_dfe = 0.000000



