---- Performing inference on Ns100_pa_0.0005_boots/Ns100_pa_0.0005.27.polyDFE.txt using model B

---- Warning: mutation variability is not used when only one neutral and one selected fragment is available.
---- No mutation variability. Using Poisson likelihood.

---- Using provided initial values


-- Starting local optimization
 it       eps_an        theta_bar      S_d            b             r  2          r  3          r  4          r  5          r  6          r  7          r  8          r  9          r 10          r 11          r 12          r 13          r 14          r 15          r 16          r 17          r 18          r 19         ln lk             grad     status
  0      4.50e-06       0.00100     -400.00000       0.40000       1.00000       1.00000       1.00000       1.00000       1.00000       1.00000       1.00000       1.00000       1.00000       1.00000       1.00000       1.00000       1.00000       1.00000       1.00000       1.00000       1.00000       1.00000  -226940.4102277415   1639.11211   -2
175      4.50e-06       0.00936    -1112.35562       0.19334       0.94773       0.94192       0.91595       0.90941       0.89068       0.90048       0.86191       0.84130       0.86575       0.84898       0.87619       0.89358       0.93110       0.91597       0.89879       0.89115       0.88275       0.92841  -195.0388782411      0.00052   -3
-- Local optimization: stuck in the same solution


---- Best joint likelihood found -195.03888 with gradient 0.00052
-- Model: B
--     eps_an        eps_cont      theta_bar     a        
--    4.50e-06      0.00e+00       0.00936       -1.00000  
--      S_d            b             p_b           S_b      
--  -1112.35562       0.19334      0.00e+00      0.00e+00  
--     r  2          r  3          r  4          r  5          r  6          r  7          r  8          r  9          r 10          r 11          r 12          r 13          r 14          r 15          r 16          r 17          r 18          r 19     
--     0.94773       0.94192       0.91595       0.90941       0.89068       0.90048       0.86191       0.84130       0.86575       0.84898       0.87619       0.89358       0.93110       0.91597       0.89879       0.89115       0.88275       0.92841  

---- Expected P_neut(i), 0 < i < n (neutral SFS per site) 
E[P_neut(1)] = 0.009356
E[P_neut(2)] = 0.004433
E[P_neut(3)] = 0.002937
E[P_neut(4)] = 0.002142
E[P_neut(5)] = 0.001702
E[P_neut(6)] = 0.001389
E[P_neut(7)] = 0.001204
E[P_neut(8)] = 0.001008
E[P_neut(9)] = 0.000875
E[P_neut(10)] = 0.000810
E[P_neut(11)] = 0.000722
E[P_neut(12)] = 0.000683
E[P_neut(13)] = 0.000643
E[P_neut(14)] = 0.000622
E[P_neut(15)] = 0.000571
E[P_neut(16)] = 0.000526
E[P_neut(17)] = 0.000490
E[P_neut(18)] = 0.000459
E[P_neut(19)] = 0.000457

---- Expected P_sel(i), 0 < i < n (selected SFS per site) 
E[P_sel(1)] = 0.003661
E[P_sel(2)] = 0.001427
E[P_sel(3)] = 0.000863
E[P_sel(4)] = 0.000594
E[P_sel(5)] = 0.000452
E[P_sel(6)] = 0.000357
E[P_sel(7)] = 0.000301
E[P_sel(8)] = 0.000247
E[P_sel(9)] = 0.000210
E[P_sel(10)] = 0.000191
E[P_sel(11)] = 0.000167
E[P_sel(12)] = 0.000156
E[P_sel(13)] = 0.000145
E[P_sel(14)] = 0.000139
E[P_sel(15)] = 0.000126
E[P_sel(16)] = 0.000115
E[P_sel(17)] = 0.000106
E[P_sel(18)] = 0.000098
E[P_sel(19)] = 0.000097

---- Expected neutral and selected misattributed polymorphism per site
E[mis_neut] = 0.000468
E[mis_sel] = 0.000099

---- alpha_div = 0.319989
---- alpha_dfe = 0.000000



