---- Performing inference on Ns100_pa_0.0005_boots/Ns100_pa_0.0005.71.polyDFE.txt using model B

---- Warning: mutation variability is not used when only one neutral and one selected fragment is available.
---- No mutation variability. Using Poisson likelihood.

---- Using provided initial values


-- Starting local optimization
 it       eps_an        eps_cont      lambda        theta_bar      S_d            b             p_b           S_b           r  2          r  3          r  4          r  5          r  6          r  7          r  8          r  9          r 10          r 11          r 12          r 13          r 14          r 15          r 16          r 17          r 18          r 19          r 20         ln lk             grad     status
  0      4.50e-06      9.00e-07       0.00500       0.00100     -400.00000       0.40000       0.02000       4.00000       1.00000       1.00000       1.00000       1.00000       1.00000       1.00000       1.00000       1.00000       1.00000       1.00000       1.00000       1.00000       1.00000       1.00000       1.00000       1.00000       1.00000       1.00000       1.00000  -219542.6016322041   1589.14532   -2
100      4.49e-06      9.00e-07       0.00513       0.00922    -1184.67160       0.18986       0.00208      37.42288       0.97935       0.94034       0.92414       0.93031       0.89921       0.91523       0.88959       0.84896       0.86258       0.81565       0.87479       0.89909       0.90181       0.88438       0.85536       0.90394       0.86203       0.86931       0.85788  -227.3115299617      0.52182   -3
-- Local optimization: stuck in the same solution


---- Best joint likelihood found -227.31153 with gradient 0.52182
-- Model: B
--     eps_an        eps_cont      lambda        theta_bar     a        
--    4.49e-06      9.00e-07       0.00513       0.00922       -1.00000  
--      S_d            b             p_b           S_b      
--  -1184.67160       0.18986       0.00208      37.42288  
--     r  2          r  3          r  4          r  5          r  6          r  7          r  8          r  9          r 10          r 11          r 12          r 13          r 14          r 15          r 16          r 17          r 18          r 19          r 20     
--     0.97935       0.94034       0.92414       0.93031       0.89921       0.91523       0.88959       0.84896       0.86258       0.81565       0.87479       0.89909       0.90181       0.88438       0.85536       0.90394       0.86203       0.86931       0.85788  

---- Expected P_neut(i), 0 < i < n (neutral SFS per site) 
E[P_neut(1)] = 0.009220
E[P_neut(2)] = 0.004515
E[P_neut(3)] = 0.002890
E[P_neut(4)] = 0.002130
E[P_neut(5)] = 0.001716
E[P_neut(6)] = 0.001382
E[P_neut(7)] = 0.001205
E[P_neut(8)] = 0.001025
E[P_neut(9)] = 0.000870
E[P_neut(10)] = 0.000795
E[P_neut(11)] = 0.000684
E[P_neut(12)] = 0.000672
E[P_neut(13)] = 0.000638
E[P_neut(14)] = 0.000594
E[P_neut(15)] = 0.000544
E[P_neut(16)] = 0.000493
E[P_neut(17)] = 0.000490
E[P_neut(18)] = 0.000442
E[P_neut(19)] = 0.000422

---- Expected P_sel(i), 0 < i < n (selected SFS per site) 
E[P_sel(1)] = 0.003625
E[P_sel(2)] = 0.001468
E[P_sel(3)] = 0.000860
E[P_sel(4)] = 0.000600
E[P_sel(5)] = 0.000464
E[P_sel(6)] = 0.000362
E[P_sel(7)] = 0.000308
E[P_sel(8)] = 0.000256
E[P_sel(9)] = 0.000214
E[P_sel(10)] = 0.000192
E[P_sel(11)] = 0.000163
E[P_sel(12)] = 0.000159
E[P_sel(13)] = 0.000149
E[P_sel(14)] = 0.000138
E[P_sel(15)] = 0.000126
E[P_sel(16)] = 0.000114
E[P_sel(17)] = 0.000114
E[P_sel(18)] = 0.000104
E[P_sel(19)] = 0.000102

---- Expected D_neut and D_sel (neutral and selected divergence per site) 
E[D_neut] = 0.005526
E[D_sel] = 0.001585

---- Expected neutral and selected misattributed polymorphism per site
E[mis_neut] = 0.000395
E[mis_sel] = 0.000102

---- alpha_div = 0.286620
---- alpha_dfe = 0.269649



