---- Performing inference on Ns100_pa_0.0005_boots/Ns100_pa_0.0005.24.polyDFE.txt using model B

---- Warning: mutation variability is not used when only one neutral and one selected fragment is available.
---- No mutation variability. Using Poisson likelihood.

---- Using provided initial values


-- Starting local optimization
 it       eps_an        eps_cont      theta_bar      S_d            b             p_b           S_b           r  2          r  3          r  4          r  5          r  6          r  7          r  8          r  9          r 10          r 11          r 12          r 13          r 14          r 15          r 16          r 17          r 18          r 19         ln lk             grad     status
  0      4.50e-06      9.00e-07       0.00100     -400.00000       0.40000       0.02000       4.00000       1.00000       1.00000       1.00000       1.00000       1.00000       1.00000       1.00000       1.00000       1.00000       1.00000       1.00000       1.00000       1.00000       1.00000       1.00000       1.00000       1.00000       1.00000  -216956.5279135737   1551.65701   -2
1043      4.12e-06      8.98e-07       0.00920     -672.22826       0.25309       0.06660       0.00448       0.97656       0.96192       0.91595       0.91950       0.89942       0.88635       0.87067       0.84986       0.88104       0.86466       0.87598       0.91573       0.95646       0.90519       0.86337       0.91834       0.88645       0.93597  -200.8837766023      0.01045   -3
-- Local optimization: stuck in the same solution


---- Best joint likelihood found -200.88378 with gradient 0.01045
-- Model: B
--     eps_an        eps_cont      theta_bar     a        
--    4.12e-06      8.98e-07       0.00920       -1.00000  
--      S_d            b             p_b           S_b      
--   -672.22826       0.25309       0.06660       0.00448  
--     r  2          r  3          r  4          r  5          r  6          r  7          r  8          r  9          r 10          r 11          r 12          r 13          r 14          r 15          r 16          r 17          r 18          r 19     
--     0.97656       0.96192       0.91595       0.91950       0.89942       0.88635       0.87067       0.84986       0.88104       0.86466       0.87598       0.91573       0.95646       0.90519       0.86337       0.91834       0.88645       0.93597  

---- Expected P_neut(i), 0 < i < n (neutral SFS per site) 
E[P_neut(1)] = 0.009201
E[P_neut(2)] = 0.004493
E[P_neut(3)] = 0.002950
E[P_neut(4)] = 0.002107
E[P_neut(5)] = 0.001692
E[P_neut(6)] = 0.001379
E[P_neut(7)] = 0.001165
E[P_neut(8)] = 0.001001
E[P_neut(9)] = 0.000869
E[P_neut(10)] = 0.000811
E[P_neut(11)] = 0.000723
E[P_neut(12)] = 0.000672
E[P_neut(13)] = 0.000648
E[P_neut(14)] = 0.000629
E[P_neut(15)] = 0.000555
E[P_neut(16)] = 0.000497
E[P_neut(17)] = 0.000497
E[P_neut(18)] = 0.000453
E[P_neut(19)] = 0.000453

---- Expected P_sel(i), 0 < i < n (selected SFS per site) 
E[P_sel(1)] = 0.003679
E[P_sel(2)] = 0.001457
E[P_sel(3)] = 0.000870
E[P_sel(4)] = 0.000586
E[P_sel(5)] = 0.000451
E[P_sel(6)] = 0.000356
E[P_sel(7)] = 0.000293
E[P_sel(8)] = 0.000246
E[P_sel(9)] = 0.000210
E[P_sel(10)] = 0.000192
E[P_sel(11)] = 0.000169
E[P_sel(12)] = 0.000155
E[P_sel(13)] = 0.000148
E[P_sel(14)] = 0.000142
E[P_sel(15)] = 0.000124
E[P_sel(16)] = 0.000110
E[P_sel(17)] = 0.000109
E[P_sel(18)] = 0.000099
E[P_sel(19)] = 0.000098

---- Expected neutral and selected misattributed polymorphism per site
E[mis_neut] = 0.000460
E[mis_sel] = 0.000099

---- alpha_div = 0.522010
---- alpha_dfe = 0.313768



