---- Performing inference on Ns100_pa_0.0005_boots/Ns100_pa_0.0005.13.polyDFE.txt using model B

---- Warning: mutation variability is not used when only one neutral and one selected fragment is available.
---- No mutation variability. Using Poisson likelihood.

---- Using provided initial values


-- Starting local optimization
 it       eps_an        eps_cont      lambda        theta_bar      S_d            b             p_b           S_b           r  2          r  3          r  4          r  5          r  6          r  7          r  8          r  9          r 10          r 11          r 12          r 13          r 14          r 15          r 16          r 17          r 18          r 19          r 20         ln lk             grad     status
  0      4.50e-06      9.00e-07       0.00500       0.00100     -400.00000       0.40000       0.02000       4.00000       1.00000       1.00000       1.00000       1.00000       1.00000       1.00000       1.00000       1.00000       1.00000       1.00000       1.00000       1.00000       1.00000       1.00000       1.00000       1.00000       1.00000       1.00000       1.00000  -220190.4315137878   1592.20030   -2
105      4.49e-06      9.00e-07       0.00504       0.00927    -1131.13982       0.19346       0.00258      37.42774       0.97157       0.96522       0.94815       0.91655       0.85780       0.90664       0.89290       0.83777       0.86867       0.85687       0.89786       0.88158       0.88508       0.88701       0.82925       0.83773       0.89956       0.86637       0.84571  -221.2630420220      0.37515   -3
-- Local optimization: stuck in the same solution


---- Best joint likelihood found -221.26304 with gradient 0.37515
-- Model: B
--     eps_an        eps_cont      lambda        theta_bar     a        
--    4.49e-06      9.00e-07       0.00504       0.00927       -1.00000  
--      S_d            b             p_b           S_b      
--  -1131.13982       0.19346       0.00258      37.42774  
--     r  2          r  3          r  4          r  5          r  6          r  7          r  8          r  9          r 10          r 11          r 12          r 13          r 14          r 15          r 16          r 17          r 18          r 19          r 20     
--     0.97157       0.96522       0.94815       0.91655       0.85780       0.90664       0.89290       0.83777       0.86867       0.85687       0.89786       0.88158       0.88508       0.88701       0.82925       0.83773       0.89956       0.86637       0.84571  

---- Expected P_neut(i), 0 < i < n (neutral SFS per site) 
E[P_neut(1)] = 0.009267
E[P_neut(2)] = 0.004502
E[P_neut(3)] = 0.002982
E[P_neut(4)] = 0.002197
E[P_neut(5)] = 0.001699
E[P_neut(6)] = 0.001325
E[P_neut(7)] = 0.001200
E[P_neut(8)] = 0.001034
E[P_neut(9)] = 0.000863
E[P_neut(10)] = 0.000805
E[P_neut(11)] = 0.000722
E[P_neut(12)] = 0.000693
E[P_neut(13)] = 0.000628
E[P_neut(14)] = 0.000586
E[P_neut(15)] = 0.000548
E[P_neut(16)] = 0.000480
E[P_neut(17)] = 0.000457
E[P_neut(18)] = 0.000463
E[P_neut(19)] = 0.000423

---- Expected P_sel(i), 0 < i < n (selected SFS per site) 
E[P_sel(1)] = 0.003629
E[P_sel(2)] = 0.001453
E[P_sel(3)] = 0.000880
E[P_sel(4)] = 0.000612
E[P_sel(5)] = 0.000455
E[P_sel(6)] = 0.000343
E[P_sel(7)] = 0.000303
E[P_sel(8)] = 0.000256
E[P_sel(9)] = 0.000210
E[P_sel(10)] = 0.000193
E[P_sel(11)] = 0.000170
E[P_sel(12)] = 0.000162
E[P_sel(13)] = 0.000146
E[P_sel(14)] = 0.000135
E[P_sel(15)] = 0.000126
E[P_sel(16)] = 0.000110
E[P_sel(17)] = 0.000106
E[P_sel(18)] = 0.000109
E[P_sel(19)] = 0.000104

---- Expected D_neut and D_sel (neutral and selected divergence per site) 
E[D_neut] = 0.005430
E[D_sel] = 0.001637

---- Expected neutral and selected misattributed polymorphism per site
E[mis_neut] = 0.000392
E[mis_sel] = 0.000104

---- alpha_div = 0.320993
---- alpha_dfe = 0.317905



