---- Performing inference on Ns100_pa_0.0005_boots/Ns100_pa_0.0005.28.polyDFE.txt using model B

---- Warning: mutation variability is not used when only one neutral and one selected fragment is available.
---- No mutation variability. Using Poisson likelihood.

---- Using provided initial values


-- Starting local optimization
 it       eps_an        theta_bar      S_d            b             r  2          r  3          r  4          r  5          r  6          r  7          r  8          r  9          r 10          r 11          r 12          r 13          r 14          r 15          r 16          r 17          r 18          r 19         ln lk             grad     status
  0      4.50e-06       0.00100     -400.00000       0.40000       1.00000       1.00000       1.00000       1.00000       1.00000       1.00000       1.00000       1.00000       1.00000       1.00000       1.00000       1.00000       1.00000       1.00000       1.00000       1.00000       1.00000       1.00000  -227260.5716795677   1641.35844   -2
151      4.50e-06       0.00934    -1342.23179       0.18695       0.97091       0.93718       0.92317       0.93112       0.87652       0.89432       0.91451       0.83346       0.86935       0.82379       0.87886       0.88450       0.91333       0.90610       0.82303       0.90413       0.92790       0.92762  -196.8145411148      0.00056   -3
-- Local optimization: stuck in the same solution


---- Best joint likelihood found -196.81454 with gradient 0.00056
-- Model: B
--     eps_an        eps_cont      theta_bar     a        
--    4.50e-06      0.00e+00       0.00934       -1.00000  
--      S_d            b             p_b           S_b      
--  -1342.23179       0.18695      0.00e+00      0.00e+00  
--     r  2          r  3          r  4          r  5          r  6          r  7          r  8          r  9          r 10          r 11          r 12          r 13          r 14          r 15          r 16          r 17          r 18          r 19     
--     0.97091       0.93718       0.92317       0.93112       0.87652       0.89432       0.91451       0.83346       0.86935       0.82379       0.87886       0.88450       0.91333       0.90610       0.82303       0.90413       0.92790       0.92762  

---- Expected P_neut(i), 0 < i < n (neutral SFS per site) 
E[P_neut(1)] = 0.009337
E[P_neut(2)] = 0.004533
E[P_neut(3)] = 0.002917
E[P_neut(4)] = 0.002155
E[P_neut(5)] = 0.001739
E[P_neut(6)] = 0.001364
E[P_neut(7)] = 0.001193
E[P_neut(8)] = 0.001067
E[P_neut(9)] = 0.000865
E[P_neut(10)] = 0.000812
E[P_neut(11)] = 0.000699
E[P_neut(12)] = 0.000684
E[P_neut(13)] = 0.000635
E[P_neut(14)] = 0.000609
E[P_neut(15)] = 0.000564
E[P_neut(16)] = 0.000480
E[P_neut(17)] = 0.000497
E[P_neut(18)] = 0.000481
E[P_neut(19)] = 0.000456

---- Expected P_sel(i), 0 < i < n (selected SFS per site) 
E[P_sel(1)] = 0.003617
E[P_sel(2)] = 0.001454
E[P_sel(3)] = 0.000857
E[P_sel(4)] = 0.000598
E[P_sel(5)] = 0.000463
E[P_sel(6)] = 0.000352
E[P_sel(7)] = 0.000300
E[P_sel(8)] = 0.000262
E[P_sel(9)] = 0.000209
E[P_sel(10)] = 0.000192
E[P_sel(11)] = 0.000163
E[P_sel(12)] = 0.000158
E[P_sel(13)] = 0.000145
E[P_sel(14)] = 0.000137
E[P_sel(15)] = 0.000125
E[P_sel(16)] = 0.000106
E[P_sel(17)] = 0.000108
E[P_sel(18)] = 0.000104
E[P_sel(19)] = 0.000098

---- Expected neutral and selected misattributed polymorphism per site
E[mis_neut] = 0.000467
E[mis_sel] = 0.000099

---- alpha_div = 0.300984
---- alpha_dfe = 0.000000



