---- Performing inference on Ns100_pa_0.0005_boots/Ns100_pa_0.0005.27.polyDFE.txt using model B

---- Warning: mutation variability is not used when only one neutral and one selected fragment is available.
---- No mutation variability. Using Poisson likelihood.

---- Using provided initial values


-- Starting local optimization
 it       eps_an        eps_cont      lambda        theta_bar      S_d            b             p_b           S_b           r  2          r  3          r  4          r  5          r  6          r  7          r  8          r  9          r 10          r 11          r 12          r 13          r 14          r 15          r 16          r 17          r 18          r 19          r 20         ln lk             grad     status
  0      4.50e-06      9.00e-07       0.00500       0.00100     -400.00000       0.40000       0.02000       4.00000       1.00000       1.00000       1.00000       1.00000       1.00000       1.00000       1.00000       1.00000       1.00000       1.00000       1.00000       1.00000       1.00000       1.00000       1.00000       1.00000       1.00000       1.00000       1.00000  -219932.4760089057   1588.56187   -2
136      4.49e-06      9.00e-07       0.00506       0.00933     -926.84589       0.20308       0.00262      37.42918       0.95189       0.94750       0.92210       0.91595       0.89642       0.90642       0.86773       0.84682       0.87126       0.85411       0.87804       0.89495       0.93121       0.91326       0.89236       0.87838       0.86060       0.88757       0.87950  -214.7714942678      0.25353   -3
-- Local optimization: stuck in the same solution


---- Best joint likelihood found -214.77149 with gradient 0.25353
-- Model: B
--     eps_an        eps_cont      lambda        theta_bar     a        
--    4.49e-06      9.00e-07       0.00506       0.00933       -1.00000  
--      S_d            b             p_b           S_b      
--   -926.84589       0.20308       0.00262      37.42918  
--     r  2          r  3          r  4          r  5          r  6          r  7          r  8          r  9          r 10          r 11          r 12          r 13          r 14          r 15          r 16          r 17          r 18          r 19          r 20     
--     0.95189       0.94750       0.92210       0.91595       0.89642       0.90642       0.86773       0.84682       0.87126       0.85411       0.87804       0.89495       0.93121       0.91326       0.89236       0.87838       0.86060       0.88757       0.87950  

---- Expected P_neut(i), 0 < i < n (neutral SFS per site) 
E[P_neut(1)] = 0.009330
E[P_neut(2)] = 0.004440
E[P_neut(3)] = 0.002947
E[P_neut(4)] = 0.002151
E[P_neut(5)] = 0.001709
E[P_neut(6)] = 0.001394
E[P_neut(7)] = 0.001208
E[P_neut(8)] = 0.001012
E[P_neut(9)] = 0.000878
E[P_neut(10)] = 0.000813
E[P_neut(11)] = 0.000724
E[P_neut(12)] = 0.000683
E[P_neut(13)] = 0.000642
E[P_neut(14)] = 0.000621
E[P_neut(15)] = 0.000568
E[P_neut(16)] = 0.000520
E[P_neut(17)] = 0.000482
E[P_neut(18)] = 0.000446
E[P_neut(19)] = 0.000436

---- Expected P_sel(i), 0 < i < n (selected SFS per site) 
E[P_sel(1)] = 0.003665
E[P_sel(2)] = 0.001425
E[P_sel(3)] = 0.000860
E[P_sel(4)] = 0.000591
E[P_sel(5)] = 0.000450
E[P_sel(6)] = 0.000355
E[P_sel(7)] = 0.000300
E[P_sel(8)] = 0.000245
E[P_sel(9)] = 0.000209
E[P_sel(10)] = 0.000190
E[P_sel(11)] = 0.000167
E[P_sel(12)] = 0.000156
E[P_sel(13)] = 0.000145
E[P_sel(14)] = 0.000139
E[P_sel(15)] = 0.000127
E[P_sel(16)] = 0.000117
E[P_sel(17)] = 0.000109
E[P_sel(18)] = 0.000103
E[P_sel(19)] = 0.000104

---- Expected D_neut and D_sel (neutral and selected divergence per site) 
E[D_neut] = 0.005467
E[D_sel] = 0.001622

---- Expected neutral and selected misattributed polymorphism per site
E[mis_neut] = 0.000410
E[mis_sel] = 0.000106

---- alpha_div = 0.332119
---- alpha_dfe = 0.326621



