---- Performing inference on Ns100_pa_0.0005_boots/Ns100_pa_0.0005.73.polyDFE.txt using model B

---- Warning: mutation variability is not used when only one neutral and one selected fragment is available.
---- No mutation variability. Using Poisson likelihood.

---- Using provided initial values


-- Starting local optimization
 it       eps_an        theta_bar      S_d            b             r  2          r  3          r  4          r  5          r  6          r  7          r  8          r  9          r 10          r 11          r 12          r 13          r 14          r 15          r 16          r 17          r 18          r 19         ln lk             grad     status
  0      4.50e-06       0.00100     -400.00000       0.40000       1.00000       1.00000       1.00000       1.00000       1.00000       1.00000       1.00000       1.00000       1.00000       1.00000       1.00000       1.00000       1.00000       1.00000       1.00000       1.00000       1.00000       1.00000  -226642.8411502460   1640.09044   -2
120      4.50e-06       0.00924    -1055.91513       0.19320       0.96799       0.95434       0.92315       0.94706       0.87949       0.88504       0.88026       0.87118       0.87914       0.87270       0.86555       0.89889       0.91125       0.86157       0.87028       0.89576       0.88191       0.92549  -190.0808850712      0.00081   -3
-- Local optimization: stuck in the same solution


---- Best joint likelihood found -190.08089 with gradient 0.00081
-- Model: B
--     eps_an        eps_cont      theta_bar     a        
--    4.50e-06      0.00e+00       0.00924       -1.00000  
--      S_d            b             p_b           S_b      
--  -1055.91513       0.19320      0.00e+00      0.00e+00  
--     r  2          r  3          r  4          r  5          r  6          r  7          r  8          r  9          r 10          r 11          r 12          r 13          r 14          r 15          r 16          r 17          r 18          r 19     
--     0.96799       0.95434       0.92315       0.94706       0.87949       0.88504       0.88026       0.87118       0.87914       0.87270       0.86555       0.89889       0.91125       0.86157       0.87028       0.89576       0.88191       0.92549  

---- Expected P_neut(i), 0 < i < n (neutral SFS per site) 
E[P_neut(1)] = 0.009235
E[P_neut(2)] = 0.004470
E[P_neut(3)] = 0.002938
E[P_neut(4)] = 0.002131
E[P_neut(5)] = 0.001749
E[P_neut(6)] = 0.001354
E[P_neut(7)] = 0.001168
E[P_neut(8)] = 0.001016
E[P_neut(9)] = 0.000894
E[P_neut(10)] = 0.000812
E[P_neut(11)] = 0.000733
E[P_neut(12)] = 0.000666
E[P_neut(13)] = 0.000639
E[P_neut(14)] = 0.000601
E[P_neut(15)] = 0.000530
E[P_neut(16)] = 0.000502
E[P_neut(17)] = 0.000487
E[P_neut(18)] = 0.000452
E[P_neut(19)] = 0.000450

---- Expected P_sel(i), 0 < i < n (selected SFS per site) 
E[P_sel(1)] = 0.003651
E[P_sel(2)] = 0.001454
E[P_sel(3)] = 0.000873
E[P_sel(4)] = 0.000598
E[P_sel(5)] = 0.000470
E[P_sel(6)] = 0.000352
E[P_sel(7)] = 0.000295
E[P_sel(8)] = 0.000251
E[P_sel(9)] = 0.000217
E[P_sel(10)] = 0.000193
E[P_sel(11)] = 0.000172
E[P_sel(12)] = 0.000154
E[P_sel(13)] = 0.000146
E[P_sel(14)] = 0.000135
E[P_sel(15)] = 0.000118
E[P_sel(16)] = 0.000111
E[P_sel(17)] = 0.000106
E[P_sel(18)] = 0.000098
E[P_sel(19)] = 0.000097

---- Expected neutral and selected misattributed polymorphism per site
E[mis_neut] = 0.000462
E[mis_sel] = 0.000098

---- alpha_div = 0.305110
---- alpha_dfe = 0.000000



