---- Performing inference on Ns100_pa_0.0005_boots/Ns100_pa_0.0005.74.polyDFE.txt using model B

---- Warning: mutation variability is not used when only one neutral and one selected fragment is available.
---- No mutation variability. Using Poisson likelihood.

---- Using provided initial values


-- Starting local optimization
 it       eps_an        eps_cont      theta_bar      S_d            b             p_b           S_b           r  2          r  3          r  4          r  5          r  6          r  7          r  8          r  9          r 10          r 11          r 12          r 13          r 14          r 15          r 16          r 17          r 18          r 19         ln lk             grad     status
  0      4.50e-06      9.00e-07       0.00100     -400.00000       0.40000       0.02000       4.00000       1.00000       1.00000       1.00000       1.00000       1.00000       1.00000       1.00000       1.00000       1.00000       1.00000       1.00000       1.00000       1.00000       1.00000       1.00000       1.00000       1.00000       1.00000  -218037.9496625252   1557.19055   -2
1501      4.07e-06      8.99e-07       0.00923     -691.68341       0.26743       0.08667       0.01358       0.97051       0.95539       0.92018       0.92410       0.90114       0.90843       0.87194       0.86193       0.89564       0.86176       0.91524       0.86396       0.89687       0.92859       0.87177       0.87008       0.94417       0.92640  -199.9548991595      0.00098   -2
-- Local optimization: reached maximum number of iterations allowed


---- Best joint likelihood found -199.95490 with gradient 0.00098
-- Model: B
--     eps_an        eps_cont      theta_bar     a        
--    4.07e-06      8.99e-07       0.00923       -1.00000  
--      S_d            b             p_b           S_b      
--   -691.68341       0.26743       0.08667       0.01358  
--     r  2          r  3          r  4          r  5          r  6          r  7          r  8          r  9          r 10          r 11          r 12          r 13          r 14          r 15          r 16          r 17          r 18          r 19     
--     0.97051       0.95539       0.92018       0.92410       0.90114       0.90843       0.87194       0.86193       0.89564       0.86176       0.91524       0.86396       0.89687       0.92859       0.87177       0.87008       0.94417       0.92640  

---- Expected P_neut(i), 0 < i < n (neutral SFS per site) 
E[P_neut(1)] = 0.009233
E[P_neut(2)] = 0.004481
E[P_neut(3)] = 0.002941
E[P_neut(4)] = 0.002124
E[P_neut(5)] = 0.001707
E[P_neut(6)] = 0.001387
E[P_neut(7)] = 0.001198
E[P_neut(8)] = 0.001006
E[P_neut(9)] = 0.000884
E[P_neut(10)] = 0.000827
E[P_neut(11)] = 0.000723
E[P_neut(12)] = 0.000704
E[P_neut(13)] = 0.000614
E[P_neut(14)] = 0.000592
E[P_neut(15)] = 0.000572
E[P_neut(16)] = 0.000503
E[P_neut(17)] = 0.000473
E[P_neut(18)] = 0.000484
E[P_neut(19)] = 0.000450

---- Expected P_sel(i), 0 < i < n (selected SFS per site) 
E[P_sel(1)] = 0.003667
E[P_sel(2)] = 0.001447
E[P_sel(3)] = 0.000866
E[P_sel(4)] = 0.000591
E[P_sel(5)] = 0.000456
E[P_sel(6)] = 0.000360
E[P_sel(7)] = 0.000303
E[P_sel(8)] = 0.000249
E[P_sel(9)] = 0.000215
E[P_sel(10)] = 0.000198
E[P_sel(11)] = 0.000171
E[P_sel(12)] = 0.000164
E[P_sel(13)] = 0.000142
E[P_sel(14)] = 0.000135
E[P_sel(15)] = 0.000129
E[P_sel(16)] = 0.000113
E[P_sel(17)] = 0.000105
E[P_sel(18)] = 0.000107
E[P_sel(19)] = 0.000099

---- Expected neutral and selected misattributed polymorphism per site
E[mis_neut] = 0.000462
E[mis_sel] = 0.000101

---- alpha_div = 0.576266
---- alpha_dfe = 0.402637



