---- Performing inference on Ns100_pa_0.0005_boots/Ns100_pa_0.0005.63.polyDFE.txt using model B

---- Warning: mutation variability is not used when only one neutral and one selected fragment is available.
---- No mutation variability. Using Poisson likelihood.

---- Using provided initial values


-- Starting local optimization
 it       eps_an        eps_cont      lambda        theta_bar      S_d            b             p_b           S_b           r  2          r  3          r  4          r  5          r  6          r  7          r  8          r  9          r 10          r 11          r 12          r 13          r 14          r 15          r 16          r 17          r 18          r 19          r 20         ln lk             grad     status
  0      4.50e-06      9.00e-07       0.00500       0.00100     -400.00000       0.40000       0.02000       4.00000       1.00000       1.00000       1.00000       1.00000       1.00000       1.00000       1.00000       1.00000       1.00000       1.00000       1.00000       1.00000       1.00000       1.00000       1.00000       1.00000       1.00000       1.00000       1.00000  -219887.1228625868   1590.52528   -2
114      4.49e-06      9.00e-07       0.00506       0.00921     -870.86421       0.20336       0.00257      37.42265       0.97490       0.94827       0.94578       0.94239       0.88230       0.90067       0.89725       0.87194       0.88791       0.84734       0.88746       0.91009       0.90973       0.89466       0.86921       0.88181       0.90589       0.85846       0.86202  -205.4060914489      0.03780   -3
-- Local optimization: stuck in the same solution


---- Best joint likelihood found -205.40609 with gradient 0.03780
-- Model: B
--     eps_an        eps_cont      lambda        theta_bar     a        
--    4.49e-06      9.00e-07       0.00506       0.00921       -1.00000  
--      S_d            b             p_b           S_b      
--   -870.86421       0.20336       0.00257      37.42265  
--     r  2          r  3          r  4          r  5          r  6          r  7          r  8          r  9          r 10          r 11          r 12          r 13          r 14          r 15          r 16          r 17          r 18          r 19          r 20     
--     0.97490       0.94827       0.94578       0.94239       0.88230       0.90067       0.89725       0.87194       0.88791       0.84734       0.88746       0.91009       0.90973       0.89466       0.86921       0.88181       0.90589       0.85846       0.86202  

---- Expected P_neut(i), 0 < i < n (neutral SFS per site) 
E[P_neut(1)] = 0.009206
E[P_neut(2)] = 0.004488
E[P_neut(3)] = 0.002910
E[P_neut(4)] = 0.002177
E[P_neut(5)] = 0.001735
E[P_neut(6)] = 0.001354
E[P_neut(7)] = 0.001185
E[P_neut(8)] = 0.001033
E[P_neut(9)] = 0.000892
E[P_neut(10)] = 0.000817
E[P_neut(11)] = 0.000709
E[P_neut(12)] = 0.000681
E[P_neut(13)] = 0.000645
E[P_neut(14)] = 0.000598
E[P_neut(15)] = 0.000549
E[P_neut(16)] = 0.000500
E[P_neut(17)] = 0.000478
E[P_neut(18)] = 0.000463
E[P_neut(19)] = 0.000416

---- Expected P_sel(i), 0 < i < n (selected SFS per site) 
E[P_sel(1)] = 0.003657
E[P_sel(2)] = 0.001456
E[P_sel(3)] = 0.000859
E[P_sel(4)] = 0.000605
E[P_sel(5)] = 0.000462
E[P_sel(6)] = 0.000349
E[P_sel(7)] = 0.000297
E[P_sel(8)] = 0.000253
E[P_sel(9)] = 0.000214
E[P_sel(10)] = 0.000193
E[P_sel(11)] = 0.000165
E[P_sel(12)] = 0.000157
E[P_sel(13)] = 0.000147
E[P_sel(14)] = 0.000136
E[P_sel(15)] = 0.000124
E[P_sel(16)] = 0.000113
E[P_sel(17)] = 0.000109
E[P_sel(18)] = 0.000108
E[P_sel(19)] = 0.000100

---- Expected D_neut and D_sel (neutral and selected divergence per site) 
E[D_neut] = 0.005456
E[D_sel] = 0.001622

---- Expected neutral and selected misattributed polymorphism per site
E[mis_neut] = 0.000397
E[mis_sel] = 0.000103

---- alpha_div = 0.321994
---- alpha_dfe = 0.320122



