---- Performing inference on Ns100_pa_0.0005_boots/Ns100_pa_0.0005.6.polyDFE.txt using model B

---- Warning: mutation variability is not used when only one neutral and one selected fragment is available.
---- No mutation variability. Using Poisson likelihood.

---- Using provided initial values


-- Starting local optimization
 it       eps_an        eps_cont      theta_bar      S_d            b             p_b           S_b           r  2          r  3          r  4          r  5          r  6          r  7          r  8          r  9          r 10          r 11          r 12          r 13          r 14          r 15          r 16          r 17          r 18          r 19         ln lk             grad     status
  0      4.50e-06      9.00e-07       0.00100     -400.00000       0.40000       0.02000       4.00000       1.00000       1.00000       1.00000       1.00000       1.00000       1.00000       1.00000       1.00000       1.00000       1.00000       1.00000       1.00000       1.00000       1.00000       1.00000       1.00000       1.00000       1.00000  -215167.8836739602   1543.20789   -2
712      4.47e-06      9.00e-07       0.00920    -1036.56835       0.19559       0.00349       0.44301       0.96582       0.95347       0.93465       0.94164       0.89370       0.90285       0.88221       0.82390       0.86231       0.82945       0.86299       0.89383       0.90186       0.88655       0.86748       0.86941       0.88539       0.92202  -197.2481607012      0.00160   -3
-- Local optimization: stuck in the same solution


---- Best joint likelihood found -197.24816 with gradient 0.00160
-- Model: B
--     eps_an        eps_cont      theta_bar     a        
--    4.47e-06      9.00e-07       0.00920       -1.00000  
--      S_d            b             p_b           S_b      
--  -1036.56835       0.19559       0.00349       0.44301  
--     r  2          r  3          r  4          r  5          r  6          r  7          r  8          r  9          r 10          r 11          r 12          r 13          r 14          r 15          r 16          r 17          r 18          r 19     
--     0.96582       0.95347       0.93465       0.94164       0.89370       0.90285       0.88221       0.82390       0.86231       0.82945       0.86299       0.89383       0.90186       0.88655       0.86748       0.86941       0.88539       0.92202  

---- Expected P_neut(i), 0 < i < n (neutral SFS per site) 
E[P_neut(1)] = 0.009198
E[P_neut(2)] = 0.004442
E[P_neut(3)] = 0.002923
E[P_neut(4)] = 0.002149
E[P_neut(5)] = 0.001732
E[P_neut(6)] = 0.001370
E[P_neut(7)] = 0.001186
E[P_neut(8)] = 0.001014
E[P_neut(9)] = 0.000842
E[P_neut(10)] = 0.000793
E[P_neut(11)] = 0.000694
E[P_neut(12)] = 0.000661
E[P_neut(13)] = 0.000632
E[P_neut(14)] = 0.000593
E[P_neut(15)] = 0.000544
E[P_neut(16)] = 0.000499
E[P_neut(17)] = 0.000470
E[P_neut(18)] = 0.000452
E[P_neut(19)] = 0.000446

---- Expected P_sel(i), 0 < i < n (selected SFS per site) 
E[P_sel(1)] = 0.003637
E[P_sel(2)] = 0.001445
E[P_sel(3)] = 0.000868
E[P_sel(4)] = 0.000602
E[P_sel(5)] = 0.000466
E[P_sel(6)] = 0.000356
E[P_sel(7)] = 0.000300
E[P_sel(8)] = 0.000251
E[P_sel(9)] = 0.000204
E[P_sel(10)] = 0.000189
E[P_sel(11)] = 0.000163
E[P_sel(12)] = 0.000153
E[P_sel(13)] = 0.000145
E[P_sel(14)] = 0.000134
E[P_sel(15)] = 0.000121
E[P_sel(16)] = 0.000110
E[P_sel(17)] = 0.000103
E[P_sel(18)] = 0.000098
E[P_sel(19)] = 0.000096

---- Expected neutral and selected misattributed polymorphism per site
E[mis_neut] = 0.000460
E[mis_sel] = 0.000098

---- alpha_div = 0.319252
---- alpha_dfe = 0.020371



