---- Performing inference on Ns100_pa_0.0005_boots/Ns100_pa_0.0005.75.polyDFE.txt using model B

---- Warning: mutation variability is not used when only one neutral and one selected fragment is available.
---- No mutation variability. Using Poisson likelihood.

---- Using provided initial values


-- Starting local optimization
 it       eps_an        eps_cont      lambda        theta_bar      S_d            b             p_b           S_b           r  2          r  3          r  4          r  5          r  6          r  7          r  8          r  9          r 10          r 11          r 12          r 13          r 14          r 15          r 16          r 17          r 18          r 19          r 20         ln lk             grad     status
  0      4.50e-06      9.00e-07       0.00500       0.00100     -400.00000       0.40000       0.02000       4.00000       1.00000       1.00000       1.00000       1.00000       1.00000       1.00000       1.00000       1.00000       1.00000       1.00000       1.00000       1.00000       1.00000       1.00000       1.00000       1.00000       1.00000       1.00000       1.00000  -219367.5260547205   1586.64886   -2
114      4.49e-06      9.00e-07       0.00519       0.00939    -1477.53413       0.18573       0.00240      37.42968       0.95877       0.93940       0.91410       0.90561       0.85314       0.90729       0.87279       0.84715       0.87911       0.84359       0.85787       0.87323       0.89167       0.88435       0.81195       0.87466       0.89923       0.83431       0.61690  -229.8294274910      0.42145   -3
-- Local optimization: stuck in the same solution


---- Best joint likelihood found -229.82943 with gradient 0.42145
-- Model: B
--     eps_an        eps_cont      lambda        theta_bar     a        
--    4.49e-06      9.00e-07       0.00519       0.00939       -1.00000  
--      S_d            b             p_b           S_b      
--  -1477.53413       0.18573       0.00240      37.42968  
--     r  2          r  3          r  4          r  5          r  6          r  7          r  8          r  9          r 10          r 11          r 12          r 13          r 14          r 15          r 16          r 17          r 18          r 19          r 20     
--     0.95877       0.93940       0.91410       0.90561       0.85314       0.90729       0.87279       0.84715       0.87911       0.84359       0.85787       0.87323       0.89167       0.88435       0.81195       0.87466       0.89923       0.83431       0.61690  

---- Expected P_neut(i), 0 < i < n (neutral SFS per site) 
E[P_neut(1)] = 0.009389
E[P_neut(2)] = 0.004501
E[P_neut(3)] = 0.002940
E[P_neut(4)] = 0.002146
E[P_neut(5)] = 0.001701
E[P_neut(6)] = 0.001335
E[P_neut(7)] = 0.001217
E[P_neut(8)] = 0.001024
E[P_neut(9)] = 0.000884
E[P_neut(10)] = 0.000825
E[P_neut(11)] = 0.000720
E[P_neut(12)] = 0.000671
E[P_neut(13)] = 0.000631
E[P_neut(14)] = 0.000598
E[P_neut(15)] = 0.000554
E[P_neut(16)] = 0.000476
E[P_neut(17)] = 0.000483
E[P_neut(18)] = 0.000469
E[P_neut(19)] = 0.000412

---- Expected P_sel(i), 0 < i < n (selected SFS per site) 
E[P_sel(1)] = 0.003607
E[P_sel(2)] = 0.001435
E[P_sel(3)] = 0.000860
E[P_sel(4)] = 0.000594
E[P_sel(5)] = 0.000453
E[P_sel(6)] = 0.000345
E[P_sel(7)] = 0.000307
E[P_sel(8)] = 0.000253
E[P_sel(9)] = 0.000214
E[P_sel(10)] = 0.000197
E[P_sel(11)] = 0.000170
E[P_sel(12)] = 0.000157
E[P_sel(13)] = 0.000146
E[P_sel(14)] = 0.000138
E[P_sel(15)] = 0.000127
E[P_sel(16)] = 0.000109
E[P_sel(17)] = 0.000112
E[P_sel(18)] = 0.000110
E[P_sel(19)] = 0.000100

---- Expected D_neut and D_sel (neutral and selected divergence per site) 
E[D_neut] = 0.005484
E[D_sel] = 0.001627

---- Expected neutral and selected misattributed polymorphism per site
E[mis_neut] = 0.000290
E[mis_sel] = 0.000076

---- alpha_div = 0.305860
---- alpha_dfe = 0.301044



