---- Performing inference on Ns100_pa_0.0005_boots/Ns100_pa_0.0005.44.polyDFE.txt using model B

---- Warning: mutation variability is not used when only one neutral and one selected fragment is available.
---- No mutation variability. Using Poisson likelihood.

---- Using provided initial values


-- Starting local optimization
 it       eps_an        lambda        theta_bar      S_d            b             r  2          r  3          r  4          r  5          r  6          r  7          r  8          r  9          r 10          r 11          r 12          r 13          r 14          r 15          r 16          r 17          r 18          r 19          r 20         ln lk             grad     status
  0      4.50e-06       0.00500       0.00100     -400.00000       0.40000       1.00000       1.00000       1.00000       1.00000       1.00000       1.00000       1.00000       1.00000       1.00000       1.00000       1.00000       1.00000       1.00000       1.00000       1.00000       1.00000       1.00000       1.00000       1.00000  -232985.2302191401   1755.57318   -2
639      4.36e-06       0.00009       0.00941   -11556.44752       0.12812       0.92472       0.90409       0.86769       0.88438       0.83001       0.82135       0.84292       0.79378       0.82044       0.75198       0.81124       0.85152       0.86011       0.85689       0.80160       0.83591       0.85173       0.83447      12.42495  -418.4067749828      0.02574   -3
-- Local optimization: stuck in the same solution


---- Best joint likelihood found -418.40677 with gradient 0.02574
-- Model: B
--     eps_an        eps_cont      lambda        theta_bar     a        
--    4.36e-06      0.00e+00       0.00009       0.00941       -1.00000  
--      S_d            b             p_b           S_b      
-- -11556.44752       0.12812      0.00e+00      0.00e+00  
--     r  2          r  3          r  4          r  5          r  6          r  7          r  8          r  9          r 10          r 11          r 12          r 13          r 14          r 15          r 16          r 17          r 18          r 19          r 20     
--     0.92472       0.90409       0.86769       0.88438       0.83001       0.82135       0.84292       0.79378       0.82044       0.75198       0.81124       0.85152       0.86011       0.85689       0.80160       0.83591       0.85173       0.83447      12.42495  

---- Expected P_neut(i), 0 < i < n (neutral SFS per site) 
E[P_neut(1)] = 0.009409
E[P_neut(2)] = 0.004350
E[P_neut(3)] = 0.002836
E[P_neut(4)] = 0.002041
E[P_neut(5)] = 0.001664
E[P_neut(6)] = 0.001302
E[P_neut(7)] = 0.001104
E[P_neut(8)] = 0.000991
E[P_neut(9)] = 0.000830
E[P_neut(10)] = 0.000772
E[P_neut(11)] = 0.000643
E[P_neut(12)] = 0.000636
E[P_neut(13)] = 0.000616
E[P_neut(14)] = 0.000578
E[P_neut(15)] = 0.000538
E[P_neut(16)] = 0.000471
E[P_neut(17)] = 0.000463
E[P_neut(18)] = 0.000445
E[P_neut(19)] = 0.000413

---- Expected P_sel(i), 0 < i < n (selected SFS per site) 
E[P_sel(1)] = 0.003544
E[P_sel(2)] = 0.001442
E[P_sel(3)] = 0.000886
E[P_sel(4)] = 0.000614
E[P_sel(5)] = 0.000487
E[P_sel(6)] = 0.000372
E[P_sel(7)] = 0.000310
E[P_sel(8)] = 0.000274
E[P_sel(9)] = 0.000227
E[P_sel(10)] = 0.000208
E[P_sel(11)] = 0.000172
E[P_sel(12)] = 0.000168
E[P_sel(13)] = 0.000162
E[P_sel(14)] = 0.000150
E[P_sel(15)] = 0.000139
E[P_sel(16)] = 0.000121
E[P_sel(17)] = 0.000118
E[P_sel(18)] = 0.000113
E[P_sel(19)] = 0.000104

---- Expected D_neut and D_sel (neutral and selected divergence per site) 
E[D_neut] = 0.005932
E[D_sel] = 0.001486

---- Expected neutral and selected misattributed polymorphism per site
E[mis_neut] = 0.005845
E[mis_sel] = 0.001464

---- alpha_div = 1.544196
---- alpha_dfe = 0.000000



