---- Performing inference on Ns100_pa_0.0005_boots/Ns100_pa_0.0005.62.polyDFE.txt using model B

---- Warning: mutation variability is not used when only one neutral and one selected fragment is available.
---- No mutation variability. Using Poisson likelihood.

---- Using provided initial values


-- Starting local optimization
 it       eps_an        lambda        theta_bar      S_d            b             r  2          r  3          r  4          r  5          r  6          r  7          r  8          r  9          r 10          r 11          r 12          r 13          r 14          r 15          r 16          r 17          r 18          r 19          r 20         ln lk             grad     status
  0      4.50e-06       0.00500       0.00100     -400.00000       0.40000       1.00000       1.00000       1.00000       1.00000       1.00000       1.00000       1.00000       1.00000       1.00000       1.00000       1.00000       1.00000       1.00000       1.00000       1.00000       1.00000       1.00000       1.00000       1.00000  -234428.4955398929   1757.38534   -2
665      4.30e-06       0.00010       0.00951    -9995.96369       0.13220       0.92998       0.92455       0.87808       0.85792       0.80874       0.85323       0.83519       0.78574       0.79694       0.79889       0.81941       0.85833       0.87006       0.85374       0.76620       0.82257       0.83331       0.85008      12.15689  -395.0017128222      0.02160   -6
-- Local optimization: reached maximum running time allowed


---- Best joint likelihood found -395.00171 with gradient 0.02160
-- Model: B
--     eps_an        eps_cont      lambda        theta_bar     a        
--    4.30e-06      0.00e+00       0.00010       0.00951       -1.00000  
--      S_d            b             p_b           S_b      
--  -9995.96369       0.13220      0.00e+00      0.00e+00  
--     r  2          r  3          r  4          r  5          r  6          r  7          r  8          r  9          r 10          r 11          r 12          r 13          r 14          r 15          r 16          r 17          r 18          r 19          r 20     
--     0.92998       0.92455       0.87808       0.85792       0.80874       0.85323       0.83519       0.78574       0.79694       0.79889       0.81941       0.85833       0.87006       0.85374       0.76620       0.82257       0.83331       0.85008      12.15689  

---- Expected P_neut(i), 0 < i < n (neutral SFS per site) 
E[P_neut(1)] = 0.009507
E[P_neut(2)] = 0.004421
E[P_neut(3)] = 0.002930
E[P_neut(4)] = 0.002087
E[P_neut(5)] = 0.001631
E[P_neut(6)] = 0.001281
E[P_neut(7)] = 0.001159
E[P_neut(8)] = 0.000993
E[P_neut(9)] = 0.000830
E[P_neut(10)] = 0.000758
E[P_neut(11)] = 0.000690
E[P_neut(12)] = 0.000649
E[P_neut(13)] = 0.000628
E[P_neut(14)] = 0.000591
E[P_neut(15)] = 0.000541
E[P_neut(16)] = 0.000455
E[P_neut(17)] = 0.000460
E[P_neut(18)] = 0.000440
E[P_neut(19)] = 0.000425

---- Expected P_sel(i), 0 < i < n (selected SFS per site) 
E[P_sel(1)] = 0.003554
E[P_sel(2)] = 0.001448
E[P_sel(3)] = 0.000903
E[P_sel(4)] = 0.000618
E[P_sel(5)] = 0.000470
E[P_sel(6)] = 0.000361
E[P_sel(7)] = 0.000320
E[P_sel(8)] = 0.000270
E[P_sel(9)] = 0.000223
E[P_sel(10)] = 0.000201
E[P_sel(11)] = 0.000181
E[P_sel(12)] = 0.000169
E[P_sel(13)] = 0.000162
E[P_sel(14)] = 0.000151
E[P_sel(15)] = 0.000137
E[P_sel(16)] = 0.000114
E[P_sel(17)] = 0.000115
E[P_sel(18)] = 0.000109
E[P_sel(19)] = 0.000105

---- Expected D_neut and D_sel (neutral and selected divergence per site) 
E[D_neut] = 0.005878
E[D_sel] = 0.001442

---- Expected neutral and selected misattributed polymorphism per site
E[mis_neut] = 0.005779
E[mis_sel] = 0.001418

---- alpha_div = 1.504004
---- alpha_dfe = 0.000000



