---- Performing inference on Ns100_pa_0.0005_boots/Ns100_pa_0.0005.5.polyDFE.txt using model B

---- Warning: mutation variability is not used when only one neutral and one selected fragment is available.
---- No mutation variability. Using Poisson likelihood.

---- Using provided initial values


-- Starting local optimization
 it       eps_an        eps_cont      lambda        theta_bar      S_d            b             p_b           S_b           r  2          r  3          r  4          r  5          r  6          r  7          r  8          r  9          r 10          r 11          r 12          r 13          r 14          r 15          r 16          r 17          r 18          r 19          r 20         ln lk             grad     status
  0      4.50e-06      9.00e-07       0.00500       0.00100     -400.00000       0.40000       0.02000       4.00000       1.00000       1.00000       1.00000       1.00000       1.00000       1.00000       1.00000       1.00000       1.00000       1.00000       1.00000       1.00000       1.00000       1.00000       1.00000       1.00000       1.00000       1.00000       1.00000  -219190.4053316491   1586.67006   -2
 88      4.49e-06      9.00e-07       0.00508       0.00943    -2092.11352       0.17349       0.00219      37.42447       0.96893       0.93138       0.91197       0.88997       0.86239       0.86167       0.87122       0.81032       0.83158       0.80084       0.84544       0.84506       0.85844       0.87494       0.80195       0.84634       0.82353       0.88336       0.83772  -249.4847933459      0.73822   -3
-- Local optimization: stuck in the same solution


---- Best joint likelihood found -249.48479 with gradient 0.73822
-- Model: B
--     eps_an        eps_cont      lambda        theta_bar     a        
--    4.49e-06      9.00e-07       0.00508       0.00943       -1.00000  
--      S_d            b             p_b           S_b      
--  -2092.11352       0.17349       0.00219      37.42447  
--     r  2          r  3          r  4          r  5          r  6          r  7          r  8          r  9          r 10          r 11          r 12          r 13          r 14          r 15          r 16          r 17          r 18          r 19          r 20     
--     0.96893       0.93138       0.91197       0.88997       0.86239       0.86167       0.87122       0.81032       0.83158       0.80084       0.84544       0.84506       0.85844       0.87494       0.80195       0.84634       0.82353       0.88336       0.83772  

---- Expected P_neut(i), 0 < i < n (neutral SFS per site) 
E[P_neut(1)] = 0.009430
E[P_neut(2)] = 0.004569
E[P_neut(3)] = 0.002928
E[P_neut(4)] = 0.002150
E[P_neut(5)] = 0.001679
E[P_neut(6)] = 0.001355
E[P_neut(7)] = 0.001161
E[P_neut(8)] = 0.001027
E[P_neut(9)] = 0.000849
E[P_neut(10)] = 0.000784
E[P_neut(11)] = 0.000687
E[P_neut(12)] = 0.000664
E[P_neut(13)] = 0.000613
E[P_neut(14)] = 0.000578
E[P_neut(15)] = 0.000550
E[P_neut(16)] = 0.000473
E[P_neut(17)] = 0.000470
E[P_neut(18)] = 0.000431
E[P_neut(19)] = 0.000438

---- Expected P_sel(i), 0 < i < n (selected SFS per site) 
E[P_sel(1)] = 0.003589
E[P_sel(2)] = 0.001461
E[P_sel(3)] = 0.000864
E[P_sel(4)] = 0.000603
E[P_sel(5)] = 0.000454
E[P_sel(6)] = 0.000356
E[P_sel(7)] = 0.000298
E[P_sel(8)] = 0.000259
E[P_sel(9)] = 0.000210
E[P_sel(10)] = 0.000192
E[P_sel(11)] = 0.000166
E[P_sel(12)] = 0.000159
E[P_sel(13)] = 0.000145
E[P_sel(14)] = 0.000136
E[P_sel(15)] = 0.000129
E[P_sel(16)] = 0.000111
E[P_sel(17)] = 0.000111
E[P_sel(18)] = 0.000103
E[P_sel(19)] = 0.000109

---- Expected D_neut and D_sel (neutral and selected divergence per site) 
E[D_neut] = 0.005474
E[D_sel] = 0.001615

---- Expected neutral and selected misattributed polymorphism per site
E[mis_neut] = 0.000395
E[mis_sel] = 0.000104

---- alpha_div = 0.289021
---- alpha_dfe = 0.275883



