---- Performing inference on Ns100_pa_0.0005_boots/Ns100_pa_0.0005.79.polyDFE.txt using model B

---- Warning: mutation variability is not used when only one neutral and one selected fragment is available.
---- No mutation variability. Using Poisson likelihood.

---- Using provided initial values


-- Starting local optimization
 it       eps_an        eps_cont      theta_bar      S_d            b             p_b           S_b           r  2          r  3          r  4          r  5          r  6          r  7          r  8          r  9          r 10          r 11          r 12          r 13          r 14          r 15          r 16          r 17          r 18          r 19         ln lk             grad     status
  0      4.50e-06      9.00e-07       0.00100     -400.00000       0.40000       0.02000       4.00000       1.00000       1.00000       1.00000       1.00000       1.00000       1.00000       1.00000       1.00000       1.00000       1.00000       1.00000       1.00000       1.00000       1.00000       1.00000       1.00000       1.00000       1.00000  -216233.6916619035   1547.73826   -2
699      4.41e-06      9.00e-07       0.00925    -1053.03244       0.19460       0.00174       0.27362       0.95072       0.94640       0.93583       0.92241       0.88694       0.89904       0.88036       0.86975       0.86823       0.83242       0.89132       0.91226       0.90874       0.90484       0.82913       0.92120       0.90000       0.91862  -202.5088502757      0.00036   -3
-- Local optimization: stuck in the same solution


---- Best joint likelihood found -202.50885 with gradient 0.00036
-- Model: B
--     eps_an        eps_cont      theta_bar     a        
--    4.41e-06      9.00e-07       0.00925       -1.00000  
--      S_d            b             p_b           S_b      
--  -1053.03244       0.19460       0.00174       0.27362  
--     r  2          r  3          r  4          r  5          r  6          r  7          r  8          r  9          r 10          r 11          r 12          r 13          r 14          r 15          r 16          r 17          r 18          r 19     
--     0.95072       0.94640       0.93583       0.92241       0.88694       0.89904       0.88036       0.86975       0.86823       0.83242       0.89132       0.91226       0.90874       0.90484       0.82913       0.92120       0.90000       0.91862  

---- Expected P_neut(i), 0 < i < n (neutral SFS per site) 
E[P_neut(1)] = 0.009250
E[P_neut(2)] = 0.004397
E[P_neut(3)] = 0.002918
E[P_neut(4)] = 0.002164
E[P_neut(5)] = 0.001706
E[P_neut(6)] = 0.001367
E[P_neut(7)] = 0.001188
E[P_neut(8)] = 0.001018
E[P_neut(9)] = 0.000894
E[P_neut(10)] = 0.000803
E[P_neut(11)] = 0.000700
E[P_neut(12)] = 0.000687
E[P_neut(13)] = 0.000649
E[P_neut(14)] = 0.000600
E[P_neut(15)] = 0.000558
E[P_neut(16)] = 0.000479
E[P_neut(17)] = 0.000501
E[P_neut(18)] = 0.000463
E[P_neut(19)] = 0.000447

---- Expected P_sel(i), 0 < i < n (selected SFS per site) 
E[P_sel(1)] = 0.003650
E[P_sel(2)] = 0.001427
E[P_sel(3)] = 0.000865
E[P_sel(4)] = 0.000605
E[P_sel(5)] = 0.000457
E[P_sel(6)] = 0.000355
E[P_sel(7)] = 0.000300
E[P_sel(8)] = 0.000251
E[P_sel(9)] = 0.000216
E[P_sel(10)] = 0.000191
E[P_sel(11)] = 0.000164
E[P_sel(12)] = 0.000158
E[P_sel(13)] = 0.000148
E[P_sel(14)] = 0.000135
E[P_sel(15)] = 0.000124
E[P_sel(16)] = 0.000106
E[P_sel(17)] = 0.000109
E[P_sel(18)] = 0.000100
E[P_sel(19)] = 0.000096

---- Expected neutral and selected misattributed polymorphism per site
E[mis_neut] = 0.000462
E[mis_sel] = 0.000098

---- alpha_div = 0.303573
---- alpha_dfe = 0.009435



