---- Performing inference on Ns100_pa_0.0005_boots/Ns100_pa_0.0005.88.polyDFE.txt using model B

---- Warning: mutation variability is not used when only one neutral and one selected fragment is available.
---- No mutation variability. Using Poisson likelihood.

---- Using provided initial values


-- Starting local optimization
 it       eps_an        theta_bar      S_d            b             r  2          r  3          r  4          r  5          r  6          r  7          r  8          r  9          r 10          r 11          r 12          r 13          r 14          r 15          r 16          r 17          r 18          r 19         ln lk             grad     status
  0      4.50e-06       0.00100     -400.00000       0.40000       1.00000       1.00000       1.00000       1.00000       1.00000       1.00000       1.00000       1.00000       1.00000       1.00000       1.00000       1.00000       1.00000       1.00000       1.00000       1.00000       1.00000       1.00000  -226216.1003120473   1638.16566   -2
149      4.50e-06       0.00925    -1137.81397       0.19005       0.96152       0.94401       0.91304       0.90499       0.87340       0.92909       0.86493       0.84857       0.88257       0.83255       0.88264       0.94592       0.89932       0.89534       0.87177       0.88506       0.90610       0.93068  -207.3379310223      0.00060   -3
-- Local optimization: stuck in the same solution


---- Best joint likelihood found -207.33793 with gradient 0.00060
-- Model: B
--     eps_an        eps_cont      theta_bar     a        
--    4.50e-06      0.00e+00       0.00925       -1.00000  
--      S_d            b             p_b           S_b      
--  -1137.81397       0.19005      0.00e+00      0.00e+00  
--     r  2          r  3          r  4          r  5          r  6          r  7          r  8          r  9          r 10          r 11          r 12          r 13          r 14          r 15          r 16          r 17          r 18          r 19     
--     0.96152       0.94401       0.91304       0.90499       0.87340       0.92909       0.86493       0.84857       0.88257       0.83255       0.88264       0.94592       0.89932       0.89534       0.87177       0.88506       0.90610       0.93068  

---- Expected P_neut(i), 0 < i < n (neutral SFS per site) 
E[P_neut(1)] = 0.009249
E[P_neut(2)] = 0.004447
E[P_neut(3)] = 0.002910
E[P_neut(4)] = 0.002111
E[P_neut(5)] = 0.001674
E[P_neut(6)] = 0.001346
E[P_neut(7)] = 0.001228
E[P_neut(8)] = 0.001000
E[P_neut(9)] = 0.000872
E[P_neut(10)] = 0.000816
E[P_neut(11)] = 0.000700
E[P_neut(12)] = 0.000680
E[P_neut(13)] = 0.000673
E[P_neut(14)] = 0.000594
E[P_neut(15)] = 0.000552
E[P_neut(16)] = 0.000504
E[P_neut(17)] = 0.000482
E[P_neut(18)] = 0.000466
E[P_neut(19)] = 0.000453

---- Expected P_sel(i), 0 < i < n (selected SFS per site) 
E[P_sel(1)] = 0.003649
E[P_sel(2)] = 0.001448
E[P_sel(3)] = 0.000867
E[P_sel(4)] = 0.000594
E[P_sel(5)] = 0.000452
E[P_sel(6)] = 0.000352
E[P_sel(7)] = 0.000312
E[P_sel(8)] = 0.000249
E[P_sel(9)] = 0.000213
E[P_sel(10)] = 0.000196
E[P_sel(11)] = 0.000165
E[P_sel(12)] = 0.000158
E[P_sel(13)] = 0.000155
E[P_sel(14)] = 0.000135
E[P_sel(15)] = 0.000124
E[P_sel(16)] = 0.000112
E[P_sel(17)] = 0.000106
E[P_sel(18)] = 0.000102
E[P_sel(19)] = 0.000098

---- Expected neutral and selected misattributed polymorphism per site
E[mis_neut] = 0.000462
E[mis_sel] = 0.000099

---- alpha_div = 0.320146
---- alpha_dfe = 0.000000



