---- Performing inference on Ns100_pa_0.0005_boots/Ns100_pa_0.0005.77.polyDFE.txt using model B

---- Warning: mutation variability is not used when only one neutral and one selected fragment is available.
---- No mutation variability. Using Poisson likelihood.

---- Using provided initial values


-- Starting local optimization
 it       eps_an        eps_cont      lambda        theta_bar      S_d            b             p_b           S_b           r  2          r  3          r  4          r  5          r  6          r  7          r  8          r  9          r 10          r 11          r 12          r 13          r 14          r 15          r 16          r 17          r 18          r 19          r 20         ln lk             grad     status
  0      4.50e-06      9.00e-07       0.00500       0.00100     -400.00000       0.40000       0.02000       4.00000       1.00000       1.00000       1.00000       1.00000       1.00000       1.00000       1.00000       1.00000       1.00000       1.00000       1.00000       1.00000       1.00000       1.00000       1.00000       1.00000       1.00000       1.00000       1.00000  -218760.6220352421   1584.91554   -2
110      4.49e-06      9.00e-07       0.00509       0.00917     -876.07317       0.20395       0.00265      37.42689       0.97129       0.94843       0.95585       0.91130       0.88578       0.91065       0.88720       0.86172       0.90518       0.89016       0.91817       0.90613       0.90271       0.87130       0.90588       0.91751       0.90109       0.91240       0.90569  -210.2838013895      0.44843   -3
-- Local optimization: stuck in the same solution


---- Best joint likelihood found -210.28380 with gradient 0.44843
-- Model: B
--     eps_an        eps_cont      lambda        theta_bar     a        
--    4.49e-06      9.00e-07       0.00509       0.00917       -1.00000  
--      S_d            b             p_b           S_b      
--   -876.07317       0.20395       0.00265      37.42689  
--     r  2          r  3          r  4          r  5          r  6          r  7          r  8          r  9          r 10          r 11          r 12          r 13          r 14          r 15          r 16          r 17          r 18          r 19          r 20     
--     0.97129       0.94843       0.95585       0.91130       0.88578       0.91065       0.88720       0.86172       0.90518       0.89016       0.91817       0.90613       0.90271       0.87130       0.90588       0.91751       0.90109       0.91240       0.90569  

---- Expected P_neut(i), 0 < i < n (neutral SFS per site) 
E[P_neut(1)] = 0.009174
E[P_neut(2)] = 0.004455
E[P_neut(3)] = 0.002900
E[P_neut(4)] = 0.002192
E[P_neut(5)] = 0.001672
E[P_neut(6)] = 0.001354
E[P_neut(7)] = 0.001194
E[P_neut(8)] = 0.001017
E[P_neut(9)] = 0.000878
E[P_neut(10)] = 0.000830
E[P_neut(11)] = 0.000742
E[P_neut(12)] = 0.000702
E[P_neut(13)] = 0.000639
E[P_neut(14)] = 0.000592
E[P_neut(15)] = 0.000533
E[P_neut(16)] = 0.000519
E[P_neut(17)] = 0.000495
E[P_neut(18)] = 0.000459
E[P_neut(19)] = 0.000441

---- Expected P_sel(i), 0 < i < n (selected SFS per site) 
E[P_sel(1)] = 0.003634
E[P_sel(2)] = 0.001440
E[P_sel(3)] = 0.000853
E[P_sel(4)] = 0.000607
E[P_sel(5)] = 0.000443
E[P_sel(6)] = 0.000347
E[P_sel(7)] = 0.000298
E[P_sel(8)] = 0.000248
E[P_sel(9)] = 0.000210
E[P_sel(10)] = 0.000196
E[P_sel(11)] = 0.000173
E[P_sel(12)] = 0.000161
E[P_sel(13)] = 0.000146
E[P_sel(14)] = 0.000134
E[P_sel(15)] = 0.000120
E[P_sel(16)] = 0.000117
E[P_sel(17)] = 0.000113
E[P_sel(18)] = 0.000106
E[P_sel(19)] = 0.000106

---- Expected D_neut and D_sel (neutral and selected divergence per site) 
E[D_neut] = 0.005505
E[D_sel] = 0.001647

---- Expected neutral and selected misattributed polymorphism per site
E[mis_neut] = 0.000415
E[mis_sel] = 0.000108

---- alpha_div = 0.338515
---- alpha_dfe = 0.328643



