---- Performing inference on Ns100_pa_0.0005_boots/Ns100_pa_0.0005.0.polyDFE.txt using model B

---- Warning: mutation variability is not used when only one neutral and one selected fragment is available.
---- No mutation variability. Using Poisson likelihood.

---- Using provided initial values


-- Starting local optimization
 it       eps_an        eps_cont      lambda        theta_bar      S_d            b             p_b           S_b           r  2          r  3          r  4          r  5          r  6          r  7          r  8          r  9          r 10          r 11          r 12          r 13          r 14          r 15          r 16          r 17          r 18          r 19          r 20         ln lk             grad     status
  0      4.50e-06      9.00e-07       0.00500       0.00100     -400.00000       0.40000       0.02000       4.00000       1.00000       1.00000       1.00000       1.00000       1.00000       1.00000       1.00000       1.00000       1.00000       1.00000       1.00000       1.00000       1.00000       1.00000       1.00000       1.00000       1.00000       1.00000       1.00000  -217076.8781759713   1575.54592   -2
116      4.49e-06      9.00e-07       0.00509       0.00932    -1048.98511       0.19740       0.00260      37.42669       0.94826       0.94085       0.90205       0.90961       0.87364       0.89904       0.85947       0.83299       0.85291       0.82434       0.87668       0.88017       0.88124       0.87020       0.82635       0.83823       0.90233       0.91264       0.87147  -225.0364933745      0.18815   -3
-- Local optimization: stuck in the same solution


---- Best joint likelihood found -225.03649 with gradient 0.18815
-- Model: B
--     eps_an        eps_cont      lambda        theta_bar     a        
--    4.49e-06      9.00e-07       0.00509       0.00932       -1.00000  
--      S_d            b             p_b           S_b      
--  -1048.98511       0.19740       0.00260      37.42669  
--     r  2          r  3          r  4          r  5          r  6          r  7          r  8          r  9          r 10          r 11          r 12          r 13          r 14          r 15          r 16          r 17          r 18          r 19          r 20     
--     0.94826       0.94085       0.90205       0.90961       0.87364       0.89904       0.85947       0.83299       0.85291       0.82434       0.87668       0.88017       0.88124       0.87020       0.82635       0.83823       0.90233       0.91264       0.87147  

---- Expected P_neut(i), 0 < i < n (neutral SFS per site) 
E[P_neut(1)] = 0.009320
E[P_neut(2)] = 0.004419
E[P_neut(3)] = 0.002923
E[P_neut(4)] = 0.002102
E[P_neut(5)] = 0.001696
E[P_neut(6)] = 0.001357
E[P_neut(7)] = 0.001197
E[P_neut(8)] = 0.001001
E[P_neut(9)] = 0.000863
E[P_neut(10)] = 0.000795
E[P_neut(11)] = 0.000698
E[P_neut(12)] = 0.000681
E[P_neut(13)] = 0.000631
E[P_neut(14)] = 0.000587
E[P_neut(15)] = 0.000541
E[P_neut(16)] = 0.000481
E[P_neut(17)] = 0.000460
E[P_neut(18)] = 0.000467
E[P_neut(19)] = 0.000448

---- Expected P_sel(i), 0 < i < n (selected SFS per site) 
E[P_sel(1)] = 0.003649
E[P_sel(2)] = 0.001420
E[P_sel(3)] = 0.000857
E[P_sel(4)] = 0.000582
E[P_sel(5)] = 0.000450
E[P_sel(6)] = 0.000349
E[P_sel(7)] = 0.000300
E[P_sel(8)] = 0.000245
E[P_sel(9)] = 0.000207
E[P_sel(10)] = 0.000188
E[P_sel(11)] = 0.000163
E[P_sel(12)] = 0.000157
E[P_sel(13)] = 0.000145
E[P_sel(14)] = 0.000133
E[P_sel(15)] = 0.000123
E[P_sel(16)] = 0.000109
E[P_sel(17)] = 0.000105
E[P_sel(18)] = 0.000109
E[P_sel(19)] = 0.000109

---- Expected D_neut and D_sel (neutral and selected divergence per site) 
E[D_neut] = 0.005496
E[D_sel] = 0.001644

---- Expected neutral and selected misattributed polymorphism per site
E[mis_neut] = 0.000406
E[mis_sel] = 0.000106

---- alpha_div = 0.326367
---- alpha_dfe = 0.321975



