---- Performing inference on Ns100_pa_0.0005_boots/Ns100_pa_0.0005.87.polyDFE.txt using model B

---- Warning: mutation variability is not used when only one neutral and one selected fragment is available.
---- No mutation variability. Using Poisson likelihood.

---- Using provided initial values


-- Starting local optimization
 it       eps_an        eps_cont      lambda        theta_bar      S_d            b             p_b           S_b           r  2          r  3          r  4          r  5          r  6          r  7          r  8          r  9          r 10          r 11          r 12          r 13          r 14          r 15          r 16          r 17          r 18          r 19          r 20         ln lk             grad     status
  0      4.50e-06      9.00e-07       0.00500       0.00100     -400.00000       0.40000       0.02000       4.00000       1.00000       1.00000       1.00000       1.00000       1.00000       1.00000       1.00000       1.00000       1.00000       1.00000       1.00000       1.00000       1.00000       1.00000       1.00000       1.00000       1.00000       1.00000       1.00000  -218866.6233290586   1584.87151   -2
 84      4.49e-06      9.00e-07       0.00511       0.00935    -1401.06638       0.18573       0.00229      37.42768       0.95896       0.93657       0.90811       0.90224       0.84433       0.88837       0.87642       0.84573       0.84643       0.82832       0.86063       0.87040       0.89518       0.88758       0.81793       0.86203       0.89902       0.88974       0.85784  -207.5970459090      0.53536   -3
-- Local optimization: stuck in the same solution


---- Best joint likelihood found -207.59705 with gradient 0.53536
-- Model: B
--     eps_an        eps_cont      lambda        theta_bar     a        
--    4.49e-06      9.00e-07       0.00511       0.00935       -1.00000  
--      S_d            b             p_b           S_b      
--  -1401.06638       0.18573       0.00229      37.42768  
--     r  2          r  3          r  4          r  5          r  6          r  7          r  8          r  9          r 10          r 11          r 12          r 13          r 14          r 15          r 16          r 17          r 18          r 19          r 20     
--     0.95896       0.93657       0.90811       0.90224       0.84433       0.88837       0.87642       0.84573       0.84643       0.82832       0.86063       0.87040       0.89518       0.88758       0.81793       0.86203       0.89902       0.88974       0.85784  

---- Expected P_neut(i), 0 < i < n (neutral SFS per site) 
E[P_neut(1)] = 0.009353
E[P_neut(2)] = 0.004485
E[P_neut(3)] = 0.002920
E[P_neut(4)] = 0.002123
E[P_neut(5)] = 0.001688
E[P_neut(6)] = 0.001316
E[P_neut(7)] = 0.001187
E[P_neut(8)] = 0.001025
E[P_neut(9)] = 0.000879
E[P_neut(10)] = 0.000792
E[P_neut(11)] = 0.000704
E[P_neut(12)] = 0.000671
E[P_neut(13)] = 0.000626
E[P_neut(14)] = 0.000598
E[P_neut(15)] = 0.000553
E[P_neut(16)] = 0.000478
E[P_neut(17)] = 0.000474
E[P_neut(18)] = 0.000467
E[P_neut(19)] = 0.000438

---- Expected P_sel(i), 0 < i < n (selected SFS per site) 
E[P_sel(1)] = 0.003626
E[P_sel(2)] = 0.001444
E[P_sel(3)] = 0.000862
E[P_sel(4)] = 0.000594
E[P_sel(5)] = 0.000454
E[P_sel(6)] = 0.000343
E[P_sel(7)] = 0.000302
E[P_sel(8)] = 0.000255
E[P_sel(9)] = 0.000215
E[P_sel(10)] = 0.000191
E[P_sel(11)] = 0.000168
E[P_sel(12)] = 0.000158
E[P_sel(13)] = 0.000146
E[P_sel(14)] = 0.000139
E[P_sel(15)] = 0.000128
E[P_sel(16)] = 0.000111
E[P_sel(17)] = 0.000110
E[P_sel(18)] = 0.000110
E[P_sel(19)] = 0.000107

---- Expected D_neut and D_sel (neutral and selected divergence per site) 
E[D_neut] = 0.005508
E[D_sel] = 0.001619

---- Expected neutral and selected misattributed polymorphism per site
E[mis_neut] = 0.000401
E[mis_sel] = 0.000105

---- alpha_div = 0.297940
---- alpha_dfe = 0.288898



