---- Performing inference on Ns100_pa_0.0005_boots/Ns100_pa_0.0005.90.polyDFE.txt using model B

---- Warning: mutation variability is not used when only one neutral and one selected fragment is available.
---- No mutation variability. Using Poisson likelihood.

---- Using provided initial values


-- Starting local optimization
 it       eps_an        lambda        theta_bar      S_d            b             r  2          r  3          r  4          r  5          r  6          r  7          r  8          r  9          r 10          r 11          r 12          r 13          r 14          r 15          r 16          r 17          r 18          r 19          r 20         ln lk             grad     status
  0      4.50e-06       0.00500       0.00100     -400.00000       0.40000       1.00000       1.00000       1.00000       1.00000       1.00000       1.00000       1.00000       1.00000       1.00000       1.00000       1.00000       1.00000       1.00000       1.00000       1.00000       1.00000       1.00000       1.00000       1.00000  -234272.0391935407   1756.61831   -2
715      4.30e-06       0.00003       0.00954    -8135.89444       0.13497       0.92782       0.90101       0.86844       0.84885       0.82731       0.83048       0.81437       0.79140       0.79692       0.78703       0.79455       0.80089       0.84904       0.81992       0.82307       0.80947       0.80841       0.85913      12.25617  -434.6962257326      0.00110   -6
-- Local optimization: reached maximum running time allowed


---- Best joint likelihood found -434.69623 with gradient 0.00110
-- Model: B
--     eps_an        eps_cont      lambda        theta_bar     a        
--    4.30e-06      0.00e+00       0.00003       0.00954       -1.00000  
--      S_d            b             p_b           S_b      
--  -8135.89444       0.13497      0.00e+00      0.00e+00  
--     r  2          r  3          r  4          r  5          r  6          r  7          r  8          r  9          r 10          r 11          r 12          r 13          r 14          r 15          r 16          r 17          r 18          r 19          r 20     
--     0.92782       0.90101       0.86844       0.84885       0.82731       0.83048       0.81437       0.79140       0.79692       0.78703       0.79455       0.80089       0.84904       0.81992       0.82307       0.80947       0.80841       0.85913      12.25617  

---- Expected P_neut(i), 0 < i < n (neutral SFS per site) 
E[P_neut(1)] = 0.009540
E[P_neut(2)] = 0.004426
E[P_neut(3)] = 0.002865
E[P_neut(4)] = 0.002071
E[P_neut(5)] = 0.001620
E[P_neut(6)] = 0.001315
E[P_neut(7)] = 0.001132
E[P_neut(8)] = 0.000971
E[P_neut(9)] = 0.000839
E[P_neut(10)] = 0.000760
E[P_neut(11)] = 0.000683
E[P_neut(12)] = 0.000632
E[P_neut(13)] = 0.000588
E[P_neut(14)] = 0.000579
E[P_neut(15)] = 0.000521
E[P_neut(16)] = 0.000491
E[P_neut(17)] = 0.000454
E[P_neut(18)] = 0.000428
E[P_neut(19)] = 0.000431

---- Expected P_sel(i), 0 < i < n (selected SFS per site) 
E[P_sel(1)] = 0.003603
E[P_sel(2)] = 0.001460
E[P_sel(3)] = 0.000888
E[P_sel(4)] = 0.000617
E[P_sel(5)] = 0.000468
E[P_sel(6)] = 0.000372
E[P_sel(7)] = 0.000314
E[P_sel(8)] = 0.000265
E[P_sel(9)] = 0.000226
E[P_sel(10)] = 0.000202
E[P_sel(11)] = 0.000179
E[P_sel(12)] = 0.000164
E[P_sel(13)] = 0.000152
E[P_sel(14)] = 0.000148
E[P_sel(15)] = 0.000132
E[P_sel(16)] = 0.000124
E[P_sel(17)] = 0.000114
E[P_sel(18)] = 0.000107
E[P_sel(19)] = 0.000107

---- Expected D_neut and D_sel (neutral and selected divergence per site) 
E[D_neut] = 0.005872
E[D_sel] = 0.001442

---- Expected neutral and selected misattributed polymorphism per site
E[mis_neut] = 0.005846
E[mis_sel] = 0.001436

---- alpha_div = 1.670772
---- alpha_dfe = 0.000000



