---- Performing inference on Ns100_pa_0.0005_boots/Ns100_pa_0.0005.40.polyDFE.txt using model B

---- Warning: mutation variability is not used when only one neutral and one selected fragment is available.
---- No mutation variability. Using Poisson likelihood.

---- Using provided initial values


-- Starting local optimization
 it       eps_an        eps_cont      lambda        theta_bar      S_d            b             p_b           S_b           r  2          r  3          r  4          r  5          r  6          r  7          r  8          r  9          r 10          r 11          r 12          r 13          r 14          r 15          r 16          r 17          r 18          r 19          r 20         ln lk             grad     status
  0      4.50e-06      9.00e-07       0.00500       0.00100     -400.00000       0.40000       0.02000       4.00000       1.00000       1.00000       1.00000       1.00000       1.00000       1.00000       1.00000       1.00000       1.00000       1.00000       1.00000       1.00000       1.00000       1.00000       1.00000       1.00000       1.00000       1.00000       1.00000  -218859.8336546355   1585.27978   -2
166      4.49e-06      9.00e-07       0.00496       0.00924     -960.22155       0.20049       0.00282      37.42962       0.97384       0.95506       0.90928       0.91942       0.87575       0.92735       0.88114       0.82912       0.90703       0.84201       0.87332       0.90411       0.89075       0.87209       0.81807       0.91003       0.90309       0.90431       0.89281  -201.9852643255      0.07935   -3
-- Local optimization: stuck in the same solution


---- Best joint likelihood found -201.98526 with gradient 0.07935
-- Model: B
--     eps_an        eps_cont      lambda        theta_bar     a        
--    4.49e-06      9.00e-07       0.00496       0.00924       -1.00000  
--      S_d            b             p_b           S_b      
--   -960.22155       0.20049       0.00282      37.42962  
--     r  2          r  3          r  4          r  5          r  6          r  7          r  8          r  9          r 10          r 11          r 12          r 13          r 14          r 15          r 16          r 17          r 18          r 19          r 20     
--     0.97384       0.95506       0.90928       0.91942       0.87575       0.92735       0.88114       0.82912       0.90703       0.84201       0.87332       0.90411       0.89075       0.87209       0.81807       0.91003       0.90309       0.90431       0.89281  

---- Expected P_neut(i), 0 < i < n (neutral SFS per site) 
E[P_neut(1)] = 0.009244
E[P_neut(2)] = 0.004501
E[P_neut(3)] = 0.002943
E[P_neut(4)] = 0.002101
E[P_neut(5)] = 0.001700
E[P_neut(6)] = 0.001349
E[P_neut(7)] = 0.001225
E[P_neut(8)] = 0.001018
E[P_neut(9)] = 0.000852
E[P_neut(10)] = 0.000838
E[P_neut(11)] = 0.000708
E[P_neut(12)] = 0.000673
E[P_neut(13)] = 0.000643
E[P_neut(14)] = 0.000588
E[P_neut(15)] = 0.000537
E[P_neut(16)] = 0.000473
E[P_neut(17)] = 0.000495
E[P_neut(18)] = 0.000464
E[P_neut(19)] = 0.000440

---- Expected P_sel(i), 0 < i < n (selected SFS per site) 
E[P_sel(1)] = 0.003641
E[P_sel(2)] = 0.001452
E[P_sel(3)] = 0.000865
E[P_sel(4)] = 0.000582
E[P_sel(5)] = 0.000451
E[P_sel(6)] = 0.000347
E[P_sel(7)] = 0.000307
E[P_sel(8)] = 0.000249
E[P_sel(9)] = 0.000205
E[P_sel(10)] = 0.000198
E[P_sel(11)] = 0.000165
E[P_sel(12)] = 0.000155
E[P_sel(13)] = 0.000147
E[P_sel(14)] = 0.000134
E[P_sel(15)] = 0.000122
E[P_sel(16)] = 0.000107
E[P_sel(17)] = 0.000113
E[P_sel(18)] = 0.000109
E[P_sel(19)] = 0.000108

---- Expected D_neut and D_sel (neutral and selected divergence per site) 
E[D_neut] = 0.005369
E[D_sel] = 0.001644

---- Expected neutral and selected misattributed polymorphism per site
E[mis_neut] = 0.000413
E[mis_sel] = 0.000110

---- alpha_div = 0.343412
---- alpha_dfe = 0.341308



