---- Performing inference on Ns100_pa_0.0005_boots/Ns100_pa_0.0005.71.polyDFE.txt using model B

---- Warning: mutation variability is not used when only one neutral and one selected fragment is available.
---- No mutation variability. Using Poisson likelihood.

---- Using provided initial values


-- Starting local optimization
 it       eps_an        eps_cont      theta_bar      S_d            b             p_b           S_b           r  2          r  3          r  4          r  5          r  6          r  7          r  8          r  9          r 10          r 11          r 12          r 13          r 14          r 15          r 16          r 17          r 18          r 19         ln lk             grad     status
  0      4.50e-06      9.00e-07       0.00100     -400.00000       0.40000       0.02000       4.00000       1.00000       1.00000       1.00000       1.00000       1.00000       1.00000       1.00000       1.00000       1.00000       1.00000       1.00000       1.00000       1.00000       1.00000       1.00000       1.00000       1.00000       1.00000  -217145.9122130491   1553.69585   -2
398      4.42e-06      9.00e-07       0.00922    -1185.54873       0.18916       0.00205       0.25669       0.97850       0.93977       0.92366       0.92995       0.89908       0.91504       0.89072       0.85005       0.86439       0.81773       0.87789       0.90333       0.90748       0.89195       0.86508       0.91904       0.88421       0.90842  -204.9319682032      0.00124   -3
-- Local optimization: stuck in the same solution


---- Best joint likelihood found -204.93197 with gradient 0.00124
-- Model: B
--     eps_an        eps_cont      theta_bar     a        
--    4.42e-06      9.00e-07       0.00922       -1.00000  
--      S_d            b             p_b           S_b      
--  -1185.54873       0.18916       0.00205       0.25669  
--     r  2          r  3          r  4          r  5          r  6          r  7          r  8          r  9          r 10          r 11          r 12          r 13          r 14          r 15          r 16          r 17          r 18          r 19     
--     0.97850       0.93977       0.92366       0.92995       0.89908       0.91504       0.89072       0.85005       0.86439       0.81773       0.87789       0.90333       0.90748       0.89195       0.86508       0.91904       0.88421       0.90842  

---- Expected P_neut(i), 0 < i < n (neutral SFS per site) 
E[P_neut(1)] = 0.009217
E[P_neut(2)] = 0.004509
E[P_neut(3)] = 0.002887
E[P_neut(4)] = 0.002128
E[P_neut(5)] = 0.001714
E[P_neut(6)] = 0.001381
E[P_neut(7)] = 0.001205
E[P_neut(8)] = 0.001026
E[P_neut(9)] = 0.000871
E[P_neut(10)] = 0.000797
E[P_neut(11)] = 0.000685
E[P_neut(12)] = 0.000674
E[P_neut(13)] = 0.000640
E[P_neut(14)] = 0.000597
E[P_neut(15)] = 0.000548
E[P_neut(16)] = 0.000498
E[P_neut(17)] = 0.000498
E[P_neut(18)] = 0.000453
E[P_neut(19)] = 0.000441

---- Expected P_sel(i), 0 < i < n (selected SFS per site) 
E[P_sel(1)] = 0.003632
E[P_sel(2)] = 0.001470
E[P_sel(3)] = 0.000862
E[P_sel(4)] = 0.000600
E[P_sel(5)] = 0.000464
E[P_sel(6)] = 0.000362
E[P_sel(7)] = 0.000308
E[P_sel(8)] = 0.000256
E[P_sel(9)] = 0.000213
E[P_sel(10)] = 0.000192
E[P_sel(11)] = 0.000163
E[P_sel(12)] = 0.000158
E[P_sel(13)] = 0.000148
E[P_sel(14)] = 0.000136
E[P_sel(15)] = 0.000124
E[P_sel(16)] = 0.000111
E[P_sel(17)] = 0.000110
E[P_sel(18)] = 0.000099
E[P_sel(19)] = 0.000096

---- Expected neutral and selected misattributed polymorphism per site
E[mis_neut] = 0.000461
E[mis_sel] = 0.000100

---- alpha_div = 0.293318
---- alpha_dfe = 0.010837



