---- Performing inference on Ns100_pa_0.0005_boots/Ns100_pa_0.0005.19.polyDFE.txt using model B

---- Warning: mutation variability is not used when only one neutral and one selected fragment is available.
---- No mutation variability. Using Poisson likelihood.

---- Using provided initial values


-- Starting local optimization
 it       eps_an        lambda        theta_bar      S_d            b             r  2          r  3          r  4          r  5          r  6          r  7          r  8          r  9          r 10          r 11          r 12          r 13          r 14          r 15          r 16          r 17          r 18          r 19          r 20         ln lk             grad     status
  0      4.50e-06       0.00500       0.00100     -400.00000       0.40000       1.00000       1.00000       1.00000       1.00000       1.00000       1.00000       1.00000       1.00000       1.00000       1.00000       1.00000       1.00000       1.00000       1.00000       1.00000       1.00000       1.00000       1.00000       1.00000  -234525.4244731686   1756.55770   -2
640      4.33e-06       0.00006       0.00954   -11912.88508       0.12977       0.94360       0.90732       0.88580       0.86020       0.82302       0.83311       0.82794       0.81194       0.81533       0.79860       0.77698       0.83883       0.82973       0.79934       0.76191       0.84929       0.82677       0.84691      12.12798  -461.2848500355      0.00401   -3
-- Local optimization: stuck in the same solution


---- Best joint likelihood found -461.28485 with gradient 0.00401
-- Model: B
--     eps_an        eps_cont      lambda        theta_bar     a        
--    4.33e-06      0.00e+00       0.00006       0.00954       -1.00000  
--      S_d            b             p_b           S_b      
-- -11912.88508       0.12977      0.00e+00      0.00e+00  
--     r  2          r  3          r  4          r  5          r  6          r  7          r  8          r  9          r 10          r 11          r 12          r 13          r 14          r 15          r 16          r 17          r 18          r 19          r 20     
--     0.94360       0.90732       0.88580       0.86020       0.82302       0.83311       0.82794       0.81194       0.81533       0.79860       0.77698       0.83883       0.82973       0.79934       0.76191       0.84929       0.82677       0.84691      12.12798  

---- Expected P_neut(i), 0 < i < n (neutral SFS per site) 
E[P_neut(1)] = 0.009541
E[P_neut(2)] = 0.004501
E[P_neut(3)] = 0.002886
E[P_neut(4)] = 0.002113
E[P_neut(5)] = 0.001641
E[P_neut(6)] = 0.001309
E[P_neut(7)] = 0.001136
E[P_neut(8)] = 0.000987
E[P_neut(9)] = 0.000861
E[P_neut(10)] = 0.000778
E[P_neut(11)] = 0.000693
E[P_neut(12)] = 0.000618
E[P_neut(13)] = 0.000616
E[P_neut(14)] = 0.000565
E[P_neut(15)] = 0.000508
E[P_neut(16)] = 0.000454
E[P_neut(17)] = 0.000477
E[P_neut(18)] = 0.000438
E[P_neut(19)] = 0.000425

---- Expected P_sel(i), 0 < i < n (selected SFS per site) 
E[P_sel(1)] = 0.003541
E[P_sel(2)] = 0.001468
E[P_sel(3)] = 0.000886
E[P_sel(4)] = 0.000624
E[P_sel(5)] = 0.000471
E[P_sel(6)] = 0.000368
E[P_sel(7)] = 0.000313
E[P_sel(8)] = 0.000268
E[P_sel(9)] = 0.000231
E[P_sel(10)] = 0.000206
E[P_sel(11)] = 0.000182
E[P_sel(12)] = 0.000160
E[P_sel(13)] = 0.000158
E[P_sel(14)] = 0.000144
E[P_sel(15)] = 0.000129
E[P_sel(16)] = 0.000114
E[P_sel(17)] = 0.000119
E[P_sel(18)] = 0.000109
E[P_sel(19)] = 0.000105

---- Expected D_neut and D_sel (neutral and selected divergence per site) 
E[D_neut] = 0.005850
E[D_sel] = 0.001436

---- Expected neutral and selected misattributed polymorphism per site
E[mis_neut] = 0.005786
E[mis_sel] = 0.001421

---- alpha_div = 1.597364
---- alpha_dfe = 0.000000



