---- Performing inference on Ns100_pa_0.0005_boots/Ns100_pa_0.0005.47.polyDFE.txt using model B

---- Warning: mutation variability is not used when only one neutral and one selected fragment is available.
---- No mutation variability. Using Poisson likelihood.

---- Using provided initial values


-- Starting local optimization
 it       eps_an        eps_cont      lambda        theta_bar      S_d            b             p_b           S_b           r  2          r  3          r  4          r  5          r  6          r  7          r  8          r  9          r 10          r 11          r 12          r 13          r 14          r 15          r 16          r 17          r 18          r 19          r 20         ln lk             grad     status
  0      4.50e-06      9.00e-07       0.00500       0.00100     -400.00000       0.40000       0.02000       4.00000       1.00000       1.00000       1.00000       1.00000       1.00000       1.00000       1.00000       1.00000       1.00000       1.00000       1.00000       1.00000       1.00000       1.00000       1.00000       1.00000       1.00000       1.00000       1.00000  -218078.9191770575   1582.80368   -2
153      4.49e-06      9.00e-07       0.00521       0.00912     -770.64225       0.20754       0.00252      37.42804       0.97300       0.96622       0.92874       0.91883       0.89370       0.90780       0.90856       0.87904       0.85201       0.89817       0.87124       0.90546       0.94873       0.89452       0.88742       0.89660       0.92386       0.84940       0.87608  -224.5527254491      0.22983   -3
-- Local optimization: stuck in the same solution


---- Best joint likelihood found -224.55273 with gradient 0.22983
-- Model: B
--     eps_an        eps_cont      lambda        theta_bar     a        
--    4.49e-06      9.00e-07       0.00521       0.00912       -1.00000  
--      S_d            b             p_b           S_b      
--   -770.64225       0.20754       0.00252      37.42804  
--     r  2          r  3          r  4          r  5          r  6          r  7          r  8          r  9          r 10          r 11          r 12          r 13          r 14          r 15          r 16          r 17          r 18          r 19          r 20     
--     0.97300       0.96622       0.92874       0.91883       0.89370       0.90780       0.90856       0.87904       0.85201       0.89817       0.87124       0.90546       0.94873       0.89452       0.88742       0.89660       0.92386       0.84940       0.87608  

---- Expected P_neut(i), 0 < i < n (neutral SFS per site) 
E[P_neut(1)] = 0.009115
E[P_neut(2)] = 0.004434
E[P_neut(3)] = 0.002936
E[P_neut(4)] = 0.002116
E[P_neut(5)] = 0.001675
E[P_neut(6)] = 0.001358
E[P_neut(7)] = 0.001182
E[P_neut(8)] = 0.001035
E[P_neut(9)] = 0.000890
E[P_neut(10)] = 0.000777
E[P_neut(11)] = 0.000744
E[P_neut(12)] = 0.000662
E[P_neut(13)] = 0.000635
E[P_neut(14)] = 0.000618
E[P_neut(15)] = 0.000544
E[P_neut(16)] = 0.000506
E[P_neut(17)] = 0.000481
E[P_neut(18)] = 0.000468
E[P_neut(19)] = 0.000408

---- Expected P_sel(i), 0 < i < n (selected SFS per site) 
E[P_sel(1)] = 0.003657
E[P_sel(2)] = 0.001447
E[P_sel(3)] = 0.000870
E[P_sel(4)] = 0.000590
E[P_sel(5)] = 0.000447
E[P_sel(6)] = 0.000350
E[P_sel(7)] = 0.000296
E[P_sel(8)] = 0.000254
E[P_sel(9)] = 0.000214
E[P_sel(10)] = 0.000184
E[P_sel(11)] = 0.000173
E[P_sel(12)] = 0.000152
E[P_sel(13)] = 0.000145
E[P_sel(14)] = 0.000140
E[P_sel(15)] = 0.000123
E[P_sel(16)] = 0.000114
E[P_sel(17)] = 0.000109
E[P_sel(18)] = 0.000108
E[P_sel(19)] = 0.000098

---- Expected D_neut and D_sel (neutral and selected divergence per site) 
E[D_neut] = 0.005605
E[D_sel] = 0.001653

---- Expected neutral and selected misattributed polymorphism per site
E[mis_neut] = 0.000399
E[mis_sel] = 0.000103

---- alpha_div = 0.321792
---- alpha_dfe = 0.316866



