---- Performing inference on Ns100_pa_0.0005_boots/Ns100_pa_0.0005.39.polyDFE.txt using model B

---- Warning: mutation variability is not used when only one neutral and one selected fragment is available.
---- No mutation variability. Using Poisson likelihood.

---- Using provided initial values


-- Starting local optimization
 it       eps_an        eps_cont      lambda        theta_bar      S_d            b             p_b           S_b           r  2          r  3          r  4          r  5          r  6          r  7          r  8          r  9          r 10          r 11          r 12          r 13          r 14          r 15          r 16          r 17          r 18          r 19          r 20         ln lk             grad     status
  0      4.50e-06      9.00e-07       0.00500       0.00100     -400.00000       0.40000       0.02000       4.00000       1.00000       1.00000       1.00000       1.00000       1.00000       1.00000       1.00000       1.00000       1.00000       1.00000       1.00000       1.00000       1.00000       1.00000       1.00000       1.00000       1.00000       1.00000       1.00000  -219183.1621340293   1586.50738   -2
100      4.49e-06      9.00e-07       0.00516       0.00946    -1918.26599       0.17578       0.00216      37.41572       0.94686       0.91859       0.90014       0.89698       0.85066       0.87221       0.84475       0.81717       0.81729       0.83771       0.84804       0.86839       0.87441       0.85916       0.82469       0.87266       0.87385       0.84561       0.84616  -228.3872681870      0.47592   -3
-- Local optimization: stuck in the same solution


---- Best joint likelihood found -228.38727 with gradient 0.47592
-- Model: B
--     eps_an        eps_cont      lambda        theta_bar     a        
--    4.49e-06      9.00e-07       0.00516       0.00946       -1.00000  
--      S_d            b             p_b           S_b      
--  -1918.26599       0.17578       0.00216      37.41572  
--     r  2          r  3          r  4          r  5          r  6          r  7          r  8          r  9          r 10          r 11          r 12          r 13          r 14          r 15          r 16          r 17          r 18          r 19          r 20     
--     0.94686       0.91859       0.90014       0.89698       0.85066       0.87221       0.84475       0.81717       0.81729       0.83771       0.84804       0.86839       0.87441       0.85916       0.82469       0.87266       0.87385       0.84561       0.84616  

---- Expected P_neut(i), 0 < i < n (neutral SFS per site) 
E[P_neut(1)] = 0.009462
E[P_neut(2)] = 0.004480
E[P_neut(3)] = 0.002897
E[P_neut(4)] = 0.002129
E[P_neut(5)] = 0.001697
E[P_neut(6)] = 0.001341
E[P_neut(7)] = 0.001179
E[P_neut(8)] = 0.000999
E[P_neut(9)] = 0.000859
E[P_neut(10)] = 0.000773
E[P_neut(11)] = 0.000721
E[P_neut(12)] = 0.000669
E[P_neut(13)] = 0.000632
E[P_neut(14)] = 0.000591
E[P_neut(15)] = 0.000542
E[P_neut(16)] = 0.000488
E[P_neut(17)] = 0.000486
E[P_neut(18)] = 0.000459
E[P_neut(19)] = 0.000421

---- Expected P_sel(i), 0 < i < n (selected SFS per site) 
E[P_sel(1)] = 0.003618
E[P_sel(2)] = 0.001436
E[P_sel(3)] = 0.000856
E[P_sel(4)] = 0.000598
E[P_sel(5)] = 0.000459
E[P_sel(6)] = 0.000352
E[P_sel(7)] = 0.000302
E[P_sel(8)] = 0.000251
E[P_sel(9)] = 0.000213
E[P_sel(10)] = 0.000189
E[P_sel(11)] = 0.000174
E[P_sel(12)] = 0.000160
E[P_sel(13)] = 0.000150
E[P_sel(14)] = 0.000139
E[P_sel(15)] = 0.000127
E[P_sel(16)] = 0.000114
E[P_sel(17)] = 0.000114
E[P_sel(18)] = 0.000110
E[P_sel(19)] = 0.000104

---- Expected D_neut and D_sel (neutral and selected divergence per site) 
E[D_neut] = 0.005556
E[D_sel] = 0.001629

---- Expected neutral and selected misattributed polymorphism per site
E[mis_neut] = 0.000400
E[mis_sel] = 0.000105

---- alpha_div = 0.276639
---- alpha_dfe = 0.273007



