---- Performing inference on Ns100_pa_0.0005_boots/Ns100_pa_0.0005.70.polyDFE.txt using model B

---- Warning: mutation variability is not used when only one neutral and one selected fragment is available.
---- No mutation variability. Using Poisson likelihood.

---- Using provided initial values


-- Starting local optimization
 it       eps_an        lambda        theta_bar      S_d            b             r  2          r  3          r  4          r  5          r  6          r  7          r  8          r  9          r 10          r 11          r 12          r 13          r 14          r 15          r 16          r 17          r 18          r 19          r 20         ln lk             grad     status
  0      4.50e-06       0.00500       0.00100     -400.00000       0.40000       1.00000       1.00000       1.00000       1.00000       1.00000       1.00000       1.00000       1.00000       1.00000       1.00000       1.00000       1.00000       1.00000       1.00000       1.00000       1.00000       1.00000       1.00000       1.00000  -232181.6088731481   1747.70346   -2
378      4.28e-06       0.00018       0.00940    -6968.67789       0.13826       0.94589       0.91947       0.85741       0.87064       0.83127       0.84747       0.82872       0.78872       0.81600       0.77472       0.80632       0.85796       0.83274       0.86365       0.81046       0.84247       0.83034       0.86429      12.48359  -432.6012806708      0.00947   -3
-- Local optimization: stuck in the same solution


---- Best joint likelihood found -432.60128 with gradient 0.00947
-- Model: B
--     eps_an        eps_cont      lambda        theta_bar     a        
--    4.28e-06      0.00e+00       0.00018       0.00940       -1.00000  
--      S_d            b             p_b           S_b      
--  -6968.67789       0.13826      0.00e+00      0.00e+00  
--     r  2          r  3          r  4          r  5          r  6          r  7          r  8          r  9          r 10          r 11          r 12          r 13          r 14          r 15          r 16          r 17          r 18          r 19          r 20     
--     0.94589       0.91947       0.85741       0.87064       0.83127       0.84747       0.82872       0.78872       0.81600       0.77472       0.80632       0.85796       0.83274       0.86365       0.81046       0.84247       0.83034       0.86429      12.48359  

---- Expected P_neut(i), 0 < i < n (neutral SFS per site) 
E[P_neut(1)] = 0.009401
E[P_neut(2)] = 0.004446
E[P_neut(3)] = 0.002881
E[P_neut(4)] = 0.002015
E[P_neut(5)] = 0.001637
E[P_neut(6)] = 0.001302
E[P_neut(7)] = 0.001138
E[P_neut(8)] = 0.000974
E[P_neut(9)] = 0.000824
E[P_neut(10)] = 0.000767
E[P_neut(11)] = 0.000662
E[P_neut(12)] = 0.000632
E[P_neut(13)] = 0.000620
E[P_neut(14)] = 0.000559
E[P_neut(15)] = 0.000541
E[P_neut(16)] = 0.000476
E[P_neut(17)] = 0.000466
E[P_neut(18)] = 0.000434
E[P_neut(19)] = 0.000428

---- Expected P_sel(i), 0 < i < n (selected SFS per site) 
E[P_sel(1)] = 0.003554
E[P_sel(2)] = 0.001464
E[P_sel(3)] = 0.000889
E[P_sel(4)] = 0.000597
E[P_sel(5)] = 0.000471
E[P_sel(6)] = 0.000366
E[P_sel(7)] = 0.000313
E[P_sel(8)] = 0.000264
E[P_sel(9)] = 0.000220
E[P_sel(10)] = 0.000202
E[P_sel(11)] = 0.000173
E[P_sel(12)] = 0.000163
E[P_sel(13)] = 0.000159
E[P_sel(14)] = 0.000142
E[P_sel(15)] = 0.000136
E[P_sel(16)] = 0.000119
E[P_sel(17)] = 0.000115
E[P_sel(18)] = 0.000107
E[P_sel(19)] = 0.000105

---- Expected D_neut and D_sel (neutral and selected divergence per site) 
E[D_neut] = 0.006044
E[D_sel] = 0.001470

---- Expected neutral and selected misattributed polymorphism per site
E[mis_neut] = 0.005868
E[mis_sel] = 0.001428

---- alpha_div = 1.384216
---- alpha_dfe = 0.000000



