---- Performing inference on Ns100_pa_0.0005_boots/Ns100_pa_0.0005.93.polyDFE.txt using model B

---- Warning: mutation variability is not used when only one neutral and one selected fragment is available.
---- No mutation variability. Using Poisson likelihood.

---- Using provided initial values


-- Starting local optimization
 it       eps_an        eps_cont      theta_bar      S_d            b             p_b           S_b           r  2          r  3          r  4          r  5          r  6          r  7          r  8          r  9          r 10          r 11          r 12          r 13          r 14          r 15          r 16          r 17          r 18          r 19         ln lk             grad     status
  0      4.50e-06      9.00e-07       0.00100     -400.00000       0.40000       0.02000       4.00000       1.00000       1.00000       1.00000       1.00000       1.00000       1.00000       1.00000       1.00000       1.00000       1.00000       1.00000       1.00000       1.00000       1.00000       1.00000       1.00000       1.00000       1.00000  -215619.2641300898   1544.94778   -2
354      4.50e-06      9.00e-07       0.00928     -995.71950       0.20045       0.00888       1.21942       0.95946       0.92931       0.91864       0.90147       0.87664       0.90837       0.86473       0.82489       0.85080       0.83956       0.85281       0.87088       0.91350       0.90074       0.87911       0.88288       0.90431       0.92089  -188.8671522869      0.00113   -3
-- Local optimization: stuck in the same solution


---- Best joint likelihood found -188.86715 with gradient 0.00113
-- Model: B
--     eps_an        eps_cont      theta_bar     a        
--    4.50e-06      9.00e-07       0.00928       -1.00000  
--      S_d            b             p_b           S_b      
--   -995.71950       0.20045       0.00888       1.21942  
--     r  2          r  3          r  4          r  5          r  6          r  7          r  8          r  9          r 10          r 11          r 12          r 13          r 14          r 15          r 16          r 17          r 18          r 19     
--     0.95946       0.92931       0.91864       0.90147       0.87664       0.90837       0.86473       0.82489       0.85080       0.83956       0.85281       0.87088       0.91350       0.90074       0.87911       0.88288       0.90431       0.92089  

---- Expected P_neut(i), 0 < i < n (neutral SFS per site) 
E[P_neut(1)] = 0.009279
E[P_neut(2)] = 0.004452
E[P_neut(3)] = 0.002875
E[P_neut(4)] = 0.002131
E[P_neut(5)] = 0.001673
E[P_neut(6)] = 0.001356
E[P_neut(7)] = 0.001204
E[P_neut(8)] = 0.001003
E[P_neut(9)] = 0.000851
E[P_neut(10)] = 0.000789
E[P_neut(11)] = 0.000708
E[P_neut(12)] = 0.000659
E[P_neut(13)] = 0.000622
E[P_neut(14)] = 0.000605
E[P_neut(15)] = 0.000557
E[P_neut(16)] = 0.000510
E[P_neut(17)] = 0.000482
E[P_neut(18)] = 0.000466
E[P_neut(19)] = 0.000450

---- Expected P_sel(i), 0 < i < n (selected SFS per site) 
E[P_sel(1)] = 0.003665
E[P_sel(2)] = 0.001445
E[P_sel(3)] = 0.000852
E[P_sel(4)] = 0.000596
E[P_sel(5)] = 0.000449
E[P_sel(6)] = 0.000352
E[P_sel(7)] = 0.000305
E[P_sel(8)] = 0.000249
E[P_sel(9)] = 0.000207
E[P_sel(10)] = 0.000189
E[P_sel(11)] = 0.000167
E[P_sel(12)] = 0.000154
E[P_sel(13)] = 0.000143
E[P_sel(14)] = 0.000138
E[P_sel(15)] = 0.000126
E[P_sel(16)] = 0.000114
E[P_sel(17)] = 0.000107
E[P_sel(18)] = 0.000103
E[P_sel(19)] = 0.000099

---- Expected neutral and selected misattributed polymorphism per site
E[mis_neut] = 0.000464
E[mis_sel] = 0.000101

---- alpha_div = 0.341050
---- alpha_dfe = 0.070925



