---- Performing inference on Ns100_pa_0.0005_boots/Ns100_pa_0.0005.68.polyDFE.txt using model B

---- Warning: mutation variability is not used when only one neutral and one selected fragment is available.
---- No mutation variability. Using Poisson likelihood.

---- Using provided initial values


-- Starting local optimization
 it       eps_an        lambda        theta_bar      S_d            b             r  2          r  3          r  4          r  5          r  6          r  7          r  8          r  9          r 10          r 11          r 12          r 13          r 14          r 15          r 16          r 17          r 18          r 19          r 20         ln lk             grad     status
  0      4.50e-06       0.00500       0.00100     -400.00000       0.40000       1.00000       1.00000       1.00000       1.00000       1.00000       1.00000       1.00000       1.00000       1.00000       1.00000       1.00000       1.00000       1.00000       1.00000       1.00000       1.00000       1.00000       1.00000       1.00000  -235853.8650834431   1766.34028   -2
528      4.25e-06       0.00002       0.00954    -7446.56941       0.13681       0.92794       0.90502       0.89045       0.86289       0.80791       0.84749       0.83399       0.78083       0.80300       0.78277       0.79149       0.80857       0.86202       0.83801       0.78644       0.80215       0.84042       0.87562      12.66236  -435.1059196296      0.00139   -3
-- Local optimization: stuck in the same solution


---- Best joint likelihood found -435.10592 with gradient 0.00139
-- Model: B
--     eps_an        eps_cont      lambda        theta_bar     a        
--    4.25e-06      0.00e+00       0.00002       0.00954       -1.00000  
--      S_d            b             p_b           S_b      
--  -7446.56941       0.13681      0.00e+00      0.00e+00  
--     r  2          r  3          r  4          r  5          r  6          r  7          r  8          r  9          r 10          r 11          r 12          r 13          r 14          r 15          r 16          r 17          r 18          r 19          r 20     
--     0.92794       0.90502       0.89045       0.86289       0.80791       0.84749       0.83399       0.78083       0.80300       0.78277       0.79149       0.80857       0.86202       0.83801       0.78644       0.80215       0.84042       0.87562      12.66236  

---- Expected P_neut(i), 0 < i < n (neutral SFS per site) 
E[P_neut(1)] = 0.009541
E[P_neut(2)] = 0.004427
E[P_neut(3)] = 0.002878
E[P_neut(4)] = 0.002124
E[P_neut(5)] = 0.001647
E[P_neut(6)] = 0.001285
E[P_neut(7)] = 0.001155
E[P_neut(8)] = 0.000995
E[P_neut(9)] = 0.000828
E[P_neut(10)] = 0.000766
E[P_neut(11)] = 0.000679
E[P_neut(12)] = 0.000629
E[P_neut(13)] = 0.000593
E[P_neut(14)] = 0.000587
E[P_neut(15)] = 0.000533
E[P_neut(16)] = 0.000469
E[P_neut(17)] = 0.000450
E[P_neut(18)] = 0.000445
E[P_neut(19)] = 0.000440

---- Expected P_sel(i), 0 < i < n (selected SFS per site) 
E[P_sel(1)] = 0.003606
E[P_sel(2)] = 0.001459
E[P_sel(3)] = 0.000890
E[P_sel(4)] = 0.000631
E[P_sel(5)] = 0.000475
E[P_sel(6)] = 0.000362
E[P_sel(7)] = 0.000319
E[P_sel(8)] = 0.000270
E[P_sel(9)] = 0.000222
E[P_sel(10)] = 0.000203
E[P_sel(11)] = 0.000178
E[P_sel(12)] = 0.000163
E[P_sel(13)] = 0.000152
E[P_sel(14)] = 0.000150
E[P_sel(15)] = 0.000135
E[P_sel(16)] = 0.000118
E[P_sel(17)] = 0.000112
E[P_sel(18)] = 0.000110
E[P_sel(19)] = 0.000108

---- Expected D_neut and D_sel (neutral and selected divergence per site) 
E[D_neut] = 0.006062
E[D_sel] = 0.001481

---- Expected neutral and selected misattributed polymorphism per site
E[mis_neut] = 0.006041
E[mis_sel] = 0.001476

---- alpha_div = 1.678963
---- alpha_dfe = 0.000000



