---- Performing inference on Ns100_pa_0.0005_boots/Ns100_pa_0.0005.13.polyDFE.txt using model B

---- Warning: mutation variability is not used when only one neutral and one selected fragment is available.
---- No mutation variability. Using Poisson likelihood.

---- Using provided initial values


-- Starting local optimization
 it       eps_an        eps_cont      theta_bar      S_d            b             p_b           S_b           r  2          r  3          r  4          r  5          r  6          r  7          r  8          r  9          r 10          r 11          r 12          r 13          r 14          r 15          r 16          r 17          r 18          r 19         ln lk             grad     status
  0      4.50e-06      9.00e-07       0.00100     -400.00000       0.40000       0.02000       4.00000       1.00000       1.00000       1.00000       1.00000       1.00000       1.00000       1.00000       1.00000       1.00000       1.00000       1.00000       1.00000       1.00000       1.00000       1.00000       1.00000       1.00000       1.00000  -217611.4256139169   1555.19442   -2
1021      4.43e-06      9.00e-07       0.00925     -646.29462       0.31020       0.12413       0.01289       0.97791       0.97145       0.95262       0.91954       0.85851       0.90645       0.89202       0.83518       0.86619       0.85402       0.89453       0.87786       0.88350       0.88795       0.83099       0.84382       0.91569       0.89958  -203.1545043143      0.00119   -3
-- Local optimization: stuck in the same solution


---- Best joint likelihood found -203.15450 with gradient 0.00119
-- Model: B
--     eps_an        eps_cont      theta_bar     a        
--    4.43e-06      9.00e-07       0.00925       -1.00000  
--      S_d            b             p_b           S_b      
--   -646.29462       0.31020       0.12413       0.01289  
--     r  2          r  3          r  4          r  5          r  6          r  7          r  8          r  9          r 10          r 11          r 12          r 13          r 14          r 15          r 16          r 17          r 18          r 19     
--     0.97791       0.97145       0.95262       0.91954       0.85851       0.90645       0.89202       0.83518       0.86619       0.85402       0.89453       0.87786       0.88350       0.88795       0.83099       0.84382       0.91569       0.89958  

---- Expected P_neut(i), 0 < i < n (neutral SFS per site) 
E[P_neut(1)] = 0.009250
E[P_neut(2)] = 0.004523
E[P_neut(3)] = 0.002995
E[P_neut(4)] = 0.002203
E[P_neut(5)] = 0.001701
E[P_neut(6)] = 0.001324
E[P_neut(7)] = 0.001198
E[P_neut(8)] = 0.001031
E[P_neut(9)] = 0.000858
E[P_neut(10)] = 0.000801
E[P_neut(11)] = 0.000718
E[P_neut(12)] = 0.000690
E[P_neut(13)] = 0.000625
E[P_neut(14)] = 0.000584
E[P_neut(15)] = 0.000548
E[P_neut(16)] = 0.000480
E[P_neut(17)] = 0.000459
E[P_neut(18)] = 0.000471
E[P_neut(19)] = 0.000438

---- Expected P_sel(i), 0 < i < n (selected SFS per site) 
E[P_sel(1)] = 0.003638
E[P_sel(2)] = 0.001446
E[P_sel(3)] = 0.000876
E[P_sel(4)] = 0.000611
E[P_sel(5)] = 0.000454
E[P_sel(6)] = 0.000344
E[P_sel(7)] = 0.000304
E[P_sel(8)] = 0.000257
E[P_sel(9)] = 0.000211
E[P_sel(10)] = 0.000194
E[P_sel(11)] = 0.000172
E[P_sel(12)] = 0.000163
E[P_sel(13)] = 0.000146
E[P_sel(14)] = 0.000136
E[P_sel(15)] = 0.000126
E[P_sel(16)] = 0.000110
E[P_sel(17)] = 0.000104
E[P_sel(18)] = 0.000106
E[P_sel(19)] = 0.000098

---- Expected neutral and selected misattributed polymorphism per site
E[mis_neut] = 0.000462
E[mis_sel] = 0.000103

---- alpha_div = 0.687095
---- alpha_dfe = 0.562862



