---- Performing inference on Ns100_pa_0.0005_boots/Ns100_pa_0.0005.70.polyDFE.txt using model B

---- Warning: mutation variability is not used when only one neutral and one selected fragment is available.
---- No mutation variability. Using Poisson likelihood.

---- Using provided initial values


-- Starting local optimization
 it       eps_an        eps_cont      theta_bar      S_d            b             p_b           S_b           r  2          r  3          r  4          r  5          r  6          r  7          r  8          r  9          r 10          r 11          r 12          r 13          r 14          r 15          r 16          r 17          r 18          r 19         ln lk             grad     status
  0      4.50e-06      9.00e-07       0.00100     -400.00000       0.40000       0.02000       4.00000       1.00000       1.00000       1.00000       1.00000       1.00000       1.00000       1.00000       1.00000       1.00000       1.00000       1.00000       1.00000       1.00000       1.00000       1.00000       1.00000       1.00000       1.00000  -214475.7301623221   1538.73712   -2
267      4.49e-06      9.00e-07       0.00920     -940.67356       0.20494       0.00946       1.15436       0.97694       0.96218       0.90393       0.92242       0.88381       0.90339       0.88519       0.84391       0.87417       0.83079       0.86542       0.92147       0.89477       0.92833       0.87143       0.90606       0.89294       0.92942  -197.7161088468      0.00137   -3
-- Local optimization: stuck in the same solution


---- Best joint likelihood found -197.71611 with gradient 0.00137
-- Model: B
--     eps_an        eps_cont      theta_bar     a        
--    4.49e-06      9.00e-07       0.00920       -1.00000  
--      S_d            b             p_b           S_b      
--   -940.67356       0.20494       0.00946       1.15436  
--     r  2          r  3          r  4          r  5          r  6          r  7          r  8          r  9          r 10          r 11          r 12          r 13          r 14          r 15          r 16          r 17          r 18          r 19     
--     0.97694       0.96218       0.90393       0.92242       0.88381       0.90339       0.88519       0.84391       0.87417       0.83079       0.86542       0.92147       0.89477       0.92833       0.87143       0.90606       0.89294       0.92942  

---- Expected P_neut(i), 0 < i < n (neutral SFS per site) 
E[P_neut(1)] = 0.009202
E[P_neut(2)] = 0.004495
E[P_neut(3)] = 0.002951
E[P_neut(4)] = 0.002080
E[P_neut(5)] = 0.001698
E[P_neut(6)] = 0.001356
E[P_neut(7)] = 0.001188
E[P_neut(8)] = 0.001018
E[P_neut(9)] = 0.000863
E[P_neut(10)] = 0.000804
E[P_neut(11)] = 0.000695
E[P_neut(12)] = 0.000664
E[P_neut(13)] = 0.000652
E[P_neut(14)] = 0.000588
E[P_neut(15)] = 0.000570
E[P_neut(16)] = 0.000501
E[P_neut(17)] = 0.000490
E[P_neut(18)] = 0.000457
E[P_neut(19)] = 0.000450

---- Expected P_sel(i), 0 < i < n (selected SFS per site) 
E[P_sel(1)] = 0.003621
E[P_sel(2)] = 0.001447
E[P_sel(3)] = 0.000866
E[P_sel(4)] = 0.000575
E[P_sel(5)] = 0.000450
E[P_sel(6)] = 0.000348
E[P_sel(7)] = 0.000297
E[P_sel(8)] = 0.000249
E[P_sel(9)] = 0.000207
E[P_sel(10)] = 0.000190
E[P_sel(11)] = 0.000162
E[P_sel(12)] = 0.000152
E[P_sel(13)] = 0.000148
E[P_sel(14)] = 0.000132
E[P_sel(15)] = 0.000127
E[P_sel(16)] = 0.000111
E[P_sel(17)] = 0.000107
E[P_sel(18)] = 0.000099
E[P_sel(19)] = 0.000097

---- Expected neutral and selected misattributed polymorphism per site
E[mis_neut] = 0.000460
E[mis_sel] = 0.000099

---- alpha_div = 0.352961
---- alpha_dfe = 0.074768



