---- Performing inference on Ns100_pa_0.0005_boots/Ns100_pa_0.0005.65.polyDFE.txt using model B

---- Warning: mutation variability is not used when only one neutral and one selected fragment is available.
---- No mutation variability. Using Poisson likelihood.

---- Using provided initial values


-- Starting local optimization
 it       eps_an        theta_bar      S_d            b             r  2          r  3          r  4          r  5          r  6          r  7          r  8          r  9          r 10          r 11          r 12          r 13          r 14          r 15          r 16          r 17          r 18          r 19         ln lk             grad     status
  0      4.50e-06       0.00100     -400.00000       0.40000       1.00000       1.00000       1.00000       1.00000       1.00000       1.00000       1.00000       1.00000       1.00000       1.00000       1.00000       1.00000       1.00000       1.00000       1.00000       1.00000       1.00000       1.00000  -225350.8817506857   1632.25800   -2
159      4.50e-06       0.00929    -1218.34824       0.18944       0.95615       0.94240       0.93190       0.89951       0.88863       0.88952       0.88406       0.87657       0.87015       0.85170       0.87004       0.86199       0.91510       0.85620       0.88214       0.87756       0.90050       0.93171  -208.0208011725      0.00112   -3
-- Local optimization: stuck in the same solution


---- Best joint likelihood found -208.02080 with gradient 0.00112
-- Model: B
--     eps_an        eps_cont      theta_bar     a        
--    4.50e-06      0.00e+00       0.00929       -1.00000  
--      S_d            b             p_b           S_b      
--  -1218.34824       0.18944      0.00e+00      0.00e+00  
--     r  2          r  3          r  4          r  5          r  6          r  7          r  8          r  9          r 10          r 11          r 12          r 13          r 14          r 15          r 16          r 17          r 18          r 19     
--     0.95615       0.94240       0.93190       0.89951       0.88863       0.88952       0.88406       0.87657       0.87015       0.85170       0.87004       0.86199       0.91510       0.85620       0.88214       0.87756       0.90050       0.93171  

---- Expected P_neut(i), 0 < i < n (neutral SFS per site) 
E[P_neut(1)] = 0.009290
E[P_neut(2)] = 0.004441
E[P_neut(3)] = 0.002918
E[P_neut(4)] = 0.002164
E[P_neut(5)] = 0.001671
E[P_neut(6)] = 0.001376
E[P_neut(7)] = 0.001181
E[P_neut(8)] = 0.001027
E[P_neut(9)] = 0.000905
E[P_neut(10)] = 0.000808
E[P_neut(11)] = 0.000719
E[P_neut(12)] = 0.000674
E[P_neut(13)] = 0.000616
E[P_neut(14)] = 0.000607
E[P_neut(15)] = 0.000530
E[P_neut(16)] = 0.000512
E[P_neut(17)] = 0.000480
E[P_neut(18)] = 0.000465
E[P_neut(19)] = 0.000456

---- Expected P_sel(i), 0 < i < n (selected SFS per site) 
E[P_sel(1)] = 0.003627
E[P_sel(2)] = 0.001432
E[P_sel(3)] = 0.000861
E[P_sel(4)] = 0.000603
E[P_sel(5)] = 0.000447
E[P_sel(6)] = 0.000356
E[P_sel(7)] = 0.000298
E[P_sel(8)] = 0.000253
E[P_sel(9)] = 0.000219
E[P_sel(10)] = 0.000192
E[P_sel(11)] = 0.000168
E[P_sel(12)] = 0.000155
E[P_sel(13)] = 0.000140
E[P_sel(14)] = 0.000137
E[P_sel(15)] = 0.000118
E[P_sel(16)] = 0.000113
E[P_sel(17)] = 0.000105
E[P_sel(18)] = 0.000101
E[P_sel(19)] = 0.000098

---- Expected neutral and selected misattributed polymorphism per site
E[mis_neut] = 0.000465
E[mis_sel] = 0.000099

---- alpha_div = 0.320895
---- alpha_dfe = 0.000000



