---- Performing inference on Ns100_pa_0.0005_boots/Ns100_pa_0.0005.59.polyDFE.txt using model B

---- Warning: mutation variability is not used when only one neutral and one selected fragment is available.
---- No mutation variability. Using Poisson likelihood.

---- Using provided initial values


-- Starting local optimization
 it       eps_an        eps_cont      theta_bar      S_d            b             p_b           S_b           r  2          r  3          r  4          r  5          r  6          r  7          r  8          r  9          r 10          r 11          r 12          r 13          r 14          r 15          r 16          r 17          r 18          r 19         ln lk             grad     status
  0      4.50e-06      9.00e-07       0.00100     -400.00000       0.40000       0.02000       4.00000       1.00000       1.00000       1.00000       1.00000       1.00000       1.00000       1.00000       1.00000       1.00000       1.00000       1.00000       1.00000       1.00000       1.00000       1.00000       1.00000       1.00000       1.00000  -215031.8776409819   1541.91188   -2
1120      3.94e-06      9.00e-07       0.00925     -793.61305       0.25142       0.07558       0.03465       0.95653       0.95869       0.90426       0.90380       0.88825       0.87920       0.87930       0.82781       0.89532       0.85194       0.86283       0.86760       0.91844       0.87740       0.86723       0.90636       0.88625       0.90388  -202.5304799821      0.00914   -3
-- Local optimization: stuck in the same solution


---- Best joint likelihood found -202.53048 with gradient 0.00914
-- Model: B
--     eps_an        eps_cont      theta_bar     a        
--    3.94e-06      9.00e-07       0.00925       -1.00000  
--      S_d            b             p_b           S_b      
--   -793.61305       0.25142       0.07558       0.03465  
--     r  2          r  3          r  4          r  5          r  6          r  7          r  8          r  9          r 10          r 11          r 12          r 13          r 14          r 15          r 16          r 17          r 18          r 19     
--     0.95653       0.95869       0.90426       0.90380       0.88825       0.87920       0.87930       0.82781       0.89532       0.85194       0.86283       0.86760       0.91844       0.87740       0.86723       0.90636       0.88625       0.90388  

---- Expected P_neut(i), 0 < i < n (neutral SFS per site) 
E[P_neut(1)] = 0.009251
E[P_neut(2)] = 0.004424
E[P_neut(3)] = 0.002956
E[P_neut(4)] = 0.002091
E[P_neut(5)] = 0.001672
E[P_neut(6)] = 0.001369
E[P_neut(7)] = 0.001162
E[P_neut(8)] = 0.001017
E[P_neut(9)] = 0.000851
E[P_neut(10)] = 0.000828
E[P_neut(11)] = 0.000716
E[P_neut(12)] = 0.000665
E[P_neut(13)] = 0.000617
E[P_neut(14)] = 0.000607
E[P_neut(15)] = 0.000541
E[P_neut(16)] = 0.000501
E[P_neut(17)] = 0.000493
E[P_neut(18)] = 0.000455
E[P_neut(19)] = 0.000440

---- Expected P_sel(i), 0 < i < n (selected SFS per site) 
E[P_sel(1)] = 0.003648
E[P_sel(2)] = 0.001426
E[P_sel(3)] = 0.000870
E[P_sel(4)] = 0.000582
E[P_sel(5)] = 0.000447
E[P_sel(6)] = 0.000355
E[P_sel(7)] = 0.000294
E[P_sel(8)] = 0.000252
E[P_sel(9)] = 0.000207
E[P_sel(10)] = 0.000199
E[P_sel(11)] = 0.000170
E[P_sel(12)] = 0.000156
E[P_sel(13)] = 0.000143
E[P_sel(14)] = 0.000139
E[P_sel(15)] = 0.000123
E[P_sel(16)] = 0.000113
E[P_sel(17)] = 0.000110
E[P_sel(18)] = 0.000101
E[P_sel(19)] = 0.000097

---- Expected neutral and selected misattributed polymorphism per site
E[mis_neut] = 0.000463
E[mis_sel] = 0.000101

---- alpha_div = 0.551605
---- alpha_dfe = 0.354275



