---- Performing inference on Ns100_pa_0.0005_boots/Ns100_pa_0.0005.72.polyDFE.txt using model B

---- Warning: mutation variability is not used when only one neutral and one selected fragment is available.
---- No mutation variability. Using Poisson likelihood.

---- Using provided initial values


-- Starting local optimization
 it       eps_an        lambda        theta_bar      S_d            b             r  2          r  3          r  4          r  5          r  6          r  7          r  8          r  9          r 10          r 11          r 12          r 13          r 14          r 15          r 16          r 17          r 18          r 19          r 20         ln lk             grad     status
  0      4.50e-06       0.00500       0.00100     -400.00000       0.40000       1.00000       1.00000       1.00000       1.00000       1.00000       1.00000       1.00000       1.00000       1.00000       1.00000       1.00000       1.00000       1.00000       1.00000       1.00000       1.00000       1.00000       1.00000       1.00000  -234101.1148165943   1756.45304   -2
693      4.12e-06       0.00004       0.00953    -7923.75765       0.13587       0.93325       0.90598       0.86590       0.85530       0.81757       0.85833       0.83170       0.77293       0.77118       0.74488       0.81524       0.85845       0.81425       0.84210       0.76148       0.79755       0.86115       0.84341      12.53651  -437.6531747597      0.01986   -6
-- Local optimization: reached maximum running time allowed


---- Best joint likelihood found -437.65317 with gradient 0.01986
-- Model: B
--     eps_an        eps_cont      lambda        theta_bar     a        
--    4.12e-06      0.00e+00       0.00004       0.00953       -1.00000  
--      S_d            b             p_b           S_b      
--  -7923.75765       0.13587      0.00e+00      0.00e+00  
--     r  2          r  3          r  4          r  5          r  6          r  7          r  8          r  9          r 10          r 11          r 12          r 13          r 14          r 15          r 16          r 17          r 18          r 19          r 20     
--     0.93325       0.90598       0.86590       0.85530       0.81757       0.85833       0.83170       0.77293       0.77118       0.74488       0.81524       0.85845       0.81425       0.84210       0.76148       0.79755       0.86115       0.84341      12.53651  

---- Expected P_neut(i), 0 < i < n (neutral SFS per site) 
E[P_neut(1)] = 0.009531
E[P_neut(2)] = 0.004447
E[P_neut(3)] = 0.002878
E[P_neut(4)] = 0.002063
E[P_neut(5)] = 0.001630
E[P_neut(6)] = 0.001299
E[P_neut(7)] = 0.001169
E[P_neut(8)] = 0.000991
E[P_neut(9)] = 0.000819
E[P_neut(10)] = 0.000735
E[P_neut(11)] = 0.000645
E[P_neut(12)] = 0.000648
E[P_neut(13)] = 0.000629
E[P_neut(14)] = 0.000554
E[P_neut(15)] = 0.000535
E[P_neut(16)] = 0.000454
E[P_neut(17)] = 0.000447
E[P_neut(18)] = 0.000456
E[P_neut(19)] = 0.000423

---- Expected P_sel(i), 0 < i < n (selected SFS per site) 
E[P_sel(1)] = 0.003592
E[P_sel(2)] = 0.001463
E[P_sel(3)] = 0.000889
E[P_sel(4)] = 0.000612
E[P_sel(5)] = 0.000470
E[P_sel(6)] = 0.000365
E[P_sel(7)] = 0.000323
E[P_sel(8)] = 0.000269
E[P_sel(9)] = 0.000219
E[P_sel(10)] = 0.000194
E[P_sel(11)] = 0.000169
E[P_sel(12)] = 0.000168
E[P_sel(13)] = 0.000162
E[P_sel(14)] = 0.000141
E[P_sel(15)] = 0.000135
E[P_sel(16)] = 0.000114
E[P_sel(17)] = 0.000111
E[P_sel(18)] = 0.000113
E[P_sel(19)] = 0.000104

---- Expected D_neut and D_sel (neutral and selected divergence per site) 
E[D_neut] = 0.006010
E[D_sel] = 0.001469

---- Expected neutral and selected misattributed polymorphism per site
E[mis_neut] = 0.005974
E[mis_sel] = 0.001460

---- alpha_div = 1.648763
---- alpha_dfe = 0.000000



