---- Performing inference on Ns100_pa_0.0005_boots/Ns100_pa_0.0005.14.polyDFE.txt using model B

---- Warning: mutation variability is not used when only one neutral and one selected fragment is available.
---- No mutation variability. Using Poisson likelihood.

---- Using provided initial values


-- Starting local optimization
 it       eps_an        eps_cont      theta_bar      S_d            b             p_b           S_b           r  2          r  3          r  4          r  5          r  6          r  7          r  8          r  9          r 10          r 11          r 12          r 13          r 14          r 15          r 16          r 17          r 18          r 19         ln lk             grad     status
  0      4.50e-06      9.00e-07       0.00100     -400.00000       0.40000       0.02000       4.00000       1.00000       1.00000       1.00000       1.00000       1.00000       1.00000       1.00000       1.00000       1.00000       1.00000       1.00000       1.00000       1.00000       1.00000       1.00000       1.00000       1.00000       1.00000  -214975.2103704872   1541.87349   -2
1192      4.45e-06      9.00e-07       0.00918     -675.62377       0.26715       0.07964       0.24704       0.97771       0.96702       0.92020       0.93997       0.88363       0.90326       0.91025       0.83044       0.87509       0.85917       0.87929       0.89237       0.89962       0.86281       0.83521       0.90104       0.89136       0.92522  -203.5808759837      0.00377   -3
-- Local optimization: stuck in the same solution


---- Best joint likelihood found -203.58088 with gradient 0.00377
-- Model: B
--     eps_an        eps_cont      theta_bar     a        
--    4.45e-06      9.00e-07       0.00918       -1.00000  
--      S_d            b             p_b           S_b      
--   -675.62377       0.26715       0.07964       0.24704  
--     r  2          r  3          r  4          r  5          r  6          r  7          r  8          r  9          r 10          r 11          r 12          r 13          r 14          r 15          r 16          r 17          r 18          r 19     
--     0.97771       0.96702       0.92020       0.93997       0.88363       0.90326       0.91025       0.83044       0.87509       0.85917       0.87929       0.89237       0.89962       0.86281       0.83521       0.90104       0.89136       0.92522  

---- Expected P_neut(i), 0 < i < n (neutral SFS per site) 
E[P_neut(1)] = 0.009178
E[P_neut(2)] = 0.004487
E[P_neut(3)] = 0.002958
E[P_neut(4)] = 0.002111
E[P_neut(5)] = 0.001725
E[P_neut(6)] = 0.001352
E[P_neut(7)] = 0.001184
E[P_neut(8)] = 0.001044
E[P_neut(9)] = 0.000847
E[P_neut(10)] = 0.000803
E[P_neut(11)] = 0.000717
E[P_neut(12)] = 0.000672
E[P_neut(13)] = 0.000630
E[P_neut(14)] = 0.000590
E[P_neut(15)] = 0.000528
E[P_neut(16)] = 0.000479
E[P_neut(17)] = 0.000486
E[P_neut(18)] = 0.000455
E[P_neut(19)] = 0.000447

---- Expected P_sel(i), 0 < i < n (selected SFS per site) 
E[P_sel(1)] = 0.003625
E[P_sel(2)] = 0.001437
E[P_sel(3)] = 0.000864
E[P_sel(4)] = 0.000583
E[P_sel(5)] = 0.000458
E[P_sel(6)] = 0.000348
E[P_sel(7)] = 0.000298
E[P_sel(8)] = 0.000258
E[P_sel(9)] = 0.000206
E[P_sel(10)] = 0.000192
E[P_sel(11)] = 0.000170
E[P_sel(12)] = 0.000157
E[P_sel(13)] = 0.000146
E[P_sel(14)] = 0.000136
E[P_sel(15)] = 0.000121
E[P_sel(16)] = 0.000109
E[P_sel(17)] = 0.000110
E[P_sel(18)] = 0.000102
E[P_sel(19)] = 0.000100

---- Expected neutral and selected misattributed polymorphism per site
E[mis_neut] = 0.000459
E[mis_sel] = 0.000102

---- alpha_div = 0.565950
---- alpha_dfe = 0.405988



