---- Performing inference on Ns100_pa_0.0005_boots/Ns100_pa_0.0005.30.polyDFE.txt using model B

---- Warning: mutation variability is not used when only one neutral and one selected fragment is available.
---- No mutation variability. Using Poisson likelihood.

---- Using provided initial values


-- Starting local optimization
 it       eps_an        eps_cont      lambda        theta_bar      S_d            b             p_b           S_b           r  2          r  3          r  4          r  5          r  6          r  7          r  8          r  9          r 10          r 11          r 12          r 13          r 14          r 15          r 16          r 17          r 18          r 19          r 20         ln lk             grad     status
  0      4.50e-06      9.00e-07       0.00500       0.00100     -400.00000       0.40000       0.02000       4.00000       1.00000       1.00000       1.00000       1.00000       1.00000       1.00000       1.00000       1.00000       1.00000       1.00000       1.00000       1.00000       1.00000       1.00000       1.00000       1.00000       1.00000       1.00000       1.00000  -217049.2416273940   1576.06732   -2
157      4.49e-06      9.00e-07       0.00504       0.00919     -873.57709       0.20367       0.00265      37.42993       0.96084       0.96346       0.93339       0.92495       0.87750       0.89253       0.89324       0.84048       0.87016       0.85557       0.87911       0.88302       0.89698       0.90187       0.84364       0.90671       0.82196       0.89627       0.83362  -213.3746911121      0.09025   -3
-- Local optimization: stuck in the same solution


---- Best joint likelihood found -213.37469 with gradient 0.09025
-- Model: B
--     eps_an        eps_cont      lambda        theta_bar     a        
--    4.49e-06      9.00e-07       0.00504       0.00919       -1.00000  
--      S_d            b             p_b           S_b      
--   -873.57709       0.20367       0.00265      37.42993  
--     r  2          r  3          r  4          r  5          r  6          r  7          r  8          r  9          r 10          r 11          r 12          r 13          r 14          r 15          r 16          r 17          r 18          r 19          r 20     
--     0.96084       0.96346       0.93339       0.92495       0.87750       0.89253       0.89324       0.84048       0.87016       0.85557       0.87911       0.88302       0.89698       0.90187       0.84364       0.90671       0.82196       0.89627       0.83362  

---- Expected P_neut(i), 0 < i < n (neutral SFS per site) 
E[P_neut(1)] = 0.009194
E[P_neut(2)] = 0.004417
E[P_neut(3)] = 0.002953
E[P_neut(4)] = 0.002145
E[P_neut(5)] = 0.001701
E[P_neut(6)] = 0.001345
E[P_neut(7)] = 0.001172
E[P_neut(8)] = 0.001027
E[P_neut(9)] = 0.000859
E[P_neut(10)] = 0.000800
E[P_neut(11)] = 0.000715
E[P_neut(12)] = 0.000674
E[P_neut(13)] = 0.000624
E[P_neut(14)] = 0.000589
E[P_neut(15)] = 0.000553
E[P_neut(16)] = 0.000485
E[P_neut(17)] = 0.000490
E[P_neut(18)] = 0.000420
E[P_neut(19)] = 0.000434

---- Expected P_sel(i), 0 < i < n (selected SFS per site) 
E[P_sel(1)] = 0.003647
E[P_sel(2)] = 0.001430
E[P_sel(3)] = 0.000870
E[P_sel(4)] = 0.000595
E[P_sel(5)] = 0.000452
E[P_sel(6)] = 0.000346
E[P_sel(7)] = 0.000293
E[P_sel(8)] = 0.000251
E[P_sel(9)] = 0.000206
E[P_sel(10)] = 0.000189
E[P_sel(11)] = 0.000167
E[P_sel(12)] = 0.000155
E[P_sel(13)] = 0.000142
E[P_sel(14)] = 0.000133
E[P_sel(15)] = 0.000125
E[P_sel(16)] = 0.000110
E[P_sel(17)] = 0.000112
E[P_sel(18)] = 0.000098
E[P_sel(19)] = 0.000105

---- Expected D_neut and D_sel (neutral and selected divergence per site) 
E[D_neut] = 0.005420
E[D_sel] = 0.001624

---- Expected neutral and selected misattributed polymorphism per site
E[mis_neut] = 0.000383
E[mis_sel] = 0.000100

---- alpha_div = 0.330636
---- alpha_dfe = 0.327713



