---- Performing inference on Ns100_pa_0.0005_boots/Ns100_pa_0.0005.16.polyDFE.txt using model B

---- Warning: mutation variability is not used when only one neutral and one selected fragment is available.
---- No mutation variability. Using Poisson likelihood.

---- Using provided initial values


-- Starting local optimization
 it       eps_an        eps_cont      lambda        theta_bar      S_d            b             p_b           S_b           r  2          r  3          r  4          r  5          r  6          r  7          r  8          r  9          r 10          r 11          r 12          r 13          r 14          r 15          r 16          r 17          r 18          r 19          r 20         ln lk             grad     status
  0      4.50e-06      9.00e-07       0.00500       0.00100     -400.00000       0.40000       0.02000       4.00000       1.00000       1.00000       1.00000       1.00000       1.00000       1.00000       1.00000       1.00000       1.00000       1.00000       1.00000       1.00000       1.00000       1.00000       1.00000       1.00000       1.00000       1.00000       1.00000  -221214.6084205397   1595.65276   -2
114      4.49e-06      9.00e-07       0.00495       0.00943    -1512.25962       0.18473       0.00244      37.42395       0.95908       0.94096       0.91591       0.89912       0.85959       0.89214       0.86818       0.85418       0.87679       0.85991       0.89021       0.89337       0.90014       0.85451       0.81183       0.82372       0.86959       0.85950       1.04126  -233.9874337012      0.46812   -3
-- Local optimization: stuck in the same solution


---- Best joint likelihood found -233.98743 with gradient 0.46812
-- Model: B
--     eps_an        eps_cont      lambda        theta_bar     a        
--    4.49e-06      9.00e-07       0.00495       0.00943       -1.00000  
--      S_d            b             p_b           S_b      
--  -1512.25962       0.18473       0.00244      37.42395  
--     r  2          r  3          r  4          r  5          r  6          r  7          r  8          r  9          r 10          r 11          r 12          r 13          r 14          r 15          r 16          r 17          r 18          r 19          r 20     
--     0.95908       0.94096       0.91591       0.89912       0.85959       0.89214       0.86818       0.85418       0.87679       0.85991       0.89021       0.89337       0.90014       0.85451       0.81183       0.82372       0.86959       0.85950       1.04126  

---- Expected P_neut(i), 0 < i < n (neutral SFS per site) 
E[P_neut(1)] = 0.009432
E[P_neut(2)] = 0.004523
E[P_neut(3)] = 0.002958
E[P_neut(4)] = 0.002160
E[P_neut(5)] = 0.001696
E[P_neut(6)] = 0.001351
E[P_neut(7)] = 0.001202
E[P_neut(8)] = 0.001024
E[P_neut(9)] = 0.000895
E[P_neut(10)] = 0.000827
E[P_neut(11)] = 0.000737
E[P_neut(12)] = 0.000700
E[P_neut(13)] = 0.000648
E[P_neut(14)] = 0.000606
E[P_neut(15)] = 0.000537
E[P_neut(16)] = 0.000479
E[P_neut(17)] = 0.000457
E[P_neut(18)] = 0.000456
E[P_neut(19)] = 0.000427

---- Expected P_sel(i), 0 < i < n (selected SFS per site) 
E[P_sel(1)] = 0.003623
E[P_sel(2)] = 0.001444
E[P_sel(3)] = 0.000867
E[P_sel(4)] = 0.000599
E[P_sel(5)] = 0.000453
E[P_sel(6)] = 0.000350
E[P_sel(7)] = 0.000304
E[P_sel(8)] = 0.000253
E[P_sel(9)] = 0.000218
E[P_sel(10)] = 0.000198
E[P_sel(11)] = 0.000175
E[P_sel(12)] = 0.000164
E[P_sel(13)] = 0.000151
E[P_sel(14)] = 0.000140
E[P_sel(15)] = 0.000124
E[P_sel(16)] = 0.000110
E[P_sel(17)] = 0.000106
E[P_sel(18)] = 0.000108
E[P_sel(19)] = 0.000104

---- Expected D_neut and D_sel (neutral and selected divergence per site) 
E[D_neut] = 0.005438
E[D_sel] = 0.001618

---- Expected neutral and selected misattributed polymorphism per site
E[mis_neut] = 0.000491
E[mis_sel] = 0.000129

---- alpha_div = 0.309663
---- alpha_dfe = 0.304065



