---- Performing inference on Ns100_pa_0.0005_boots/Ns100_pa_0.0005.75.polyDFE.txt using model B

---- Warning: mutation variability is not used when only one neutral and one selected fragment is available.
---- No mutation variability. Using Poisson likelihood.

---- Using provided initial values


-- Starting local optimization
 it       eps_an        theta_bar      S_d            b             r  2          r  3          r  4          r  5          r  6          r  7          r  8          r  9          r 10          r 11          r 12          r 13          r 14          r 15          r 16          r 17          r 18          r 19         ln lk             grad     status
  0      4.50e-06       0.00100     -400.00000       0.40000       1.00000       1.00000       1.00000       1.00000       1.00000       1.00000       1.00000       1.00000       1.00000       1.00000       1.00000       1.00000       1.00000       1.00000       1.00000       1.00000       1.00000       1.00000  -226360.1668484476   1637.13258   -2
131      4.50e-06       0.00928    -1092.01738       0.19344       0.96422       0.94735       0.92355       0.91575       0.86393       0.91949       0.88558       0.86111       0.89345       0.86071       0.87457       0.89172       0.91547       0.91253       0.83704       0.90610       0.94017       0.89621  -208.7357931634      0.00052   -3
-- Local optimization: stuck in the same solution


---- Best joint likelihood found -208.73579 with gradient 0.00052
-- Model: B
--     eps_an        eps_cont      theta_bar     a        
--    4.50e-06      0.00e+00       0.00928       -1.00000  
--      S_d            b             p_b           S_b      
--  -1092.01738       0.19344      0.00e+00      0.00e+00  
--     r  2          r  3          r  4          r  5          r  6          r  7          r  8          r  9          r 10          r 11          r 12          r 13          r 14          r 15          r 16          r 17          r 18          r 19     
--     0.96422       0.94735       0.92355       0.91575       0.86393       0.91949       0.88558       0.86111       0.89345       0.86071       0.87457       0.89172       0.91547       0.91253       0.83704       0.90610       0.94017       0.89621  

---- Expected P_neut(i), 0 < i < n (neutral SFS per site) 
E[P_neut(1)] = 0.009277
E[P_neut(2)] = 0.004473
E[P_neut(3)] = 0.002930
E[P_neut(4)] = 0.002142
E[P_neut(5)] = 0.001699
E[P_neut(6)] = 0.001336
E[P_neut(7)] = 0.001219
E[P_neut(8)] = 0.001027
E[P_neut(9)] = 0.000888
E[P_neut(10)] = 0.000829
E[P_neut(11)] = 0.000726
E[P_neut(12)] = 0.000676
E[P_neut(13)] = 0.000636
E[P_neut(14)] = 0.000607
E[P_neut(15)] = 0.000564
E[P_neut(16)] = 0.000485
E[P_neut(17)] = 0.000494
E[P_neut(18)] = 0.000485
E[P_neut(19)] = 0.000438

---- Expected P_sel(i), 0 < i < n (selected SFS per site) 
E[P_sel(1)] = 0.003641
E[P_sel(2)] = 0.001444
E[P_sel(3)] = 0.000864
E[P_sel(4)] = 0.000596
E[P_sel(5)] = 0.000453
E[P_sel(6)] = 0.000345
E[P_sel(7)] = 0.000306
E[P_sel(8)] = 0.000252
E[P_sel(9)] = 0.000213
E[P_sel(10)] = 0.000196
E[P_sel(11)] = 0.000169
E[P_sel(12)] = 0.000155
E[P_sel(13)] = 0.000144
E[P_sel(14)] = 0.000136
E[P_sel(15)] = 0.000125
E[P_sel(16)] = 0.000106
E[P_sel(17)] = 0.000107
E[P_sel(18)] = 0.000104
E[P_sel(19)] = 0.000093

---- Expected neutral and selected misattributed polymorphism per site
E[mis_neut] = 0.000464
E[mis_sel] = 0.000098

---- alpha_div = 0.317019
---- alpha_dfe = 0.000000



