---- Performing inference on Ns100_pa_0.0005_boots/Ns100_pa_0.0005.31.polyDFE.txt using model B

---- Warning: mutation variability is not used when only one neutral and one selected fragment is available.
---- No mutation variability. Using Poisson likelihood.

---- Using provided initial values


-- Starting local optimization
 it       eps_an        eps_cont      lambda        theta_bar      S_d            b             p_b           S_b           r  2          r  3          r  4          r  5          r  6          r  7          r  8          r  9          r 10          r 11          r 12          r 13          r 14          r 15          r 16          r 17          r 18          r 19          r 20         ln lk             grad     status
  0      4.50e-06      9.00e-07       0.00500       0.00100     -400.00000       0.40000       0.02000       4.00000       1.00000       1.00000       1.00000       1.00000       1.00000       1.00000       1.00000       1.00000       1.00000       1.00000       1.00000       1.00000       1.00000       1.00000       1.00000       1.00000       1.00000       1.00000       1.00000  -218190.2044065288   1580.86142   -2
 97      4.49e-06      9.00e-07       0.00507       0.00945    -2053.02074       0.17479       0.00222      37.42864       0.94303       0.93546       0.90966       0.89494       0.85047       0.87670       0.84947       0.81578       0.84391       0.79278       0.85188       0.85174       0.88917       0.83789       0.81078       0.86921       0.86611       0.87022       0.86666  -235.4145277916      0.84247   -3
-- Local optimization: stuck in the same solution


---- Best joint likelihood found -235.41453 with gradient 0.84247
-- Model: B
--     eps_an        eps_cont      lambda        theta_bar     a        
--    4.49e-06      9.00e-07       0.00507       0.00945       -1.00000  
--      S_d            b             p_b           S_b      
--  -2053.02074       0.17479       0.00222      37.42864  
--     r  2          r  3          r  4          r  5          r  6          r  7          r  8          r  9          r 10          r 11          r 12          r 13          r 14          r 15          r 16          r 17          r 18          r 19          r 20     
--     0.94303       0.93546       0.90966       0.89494       0.85047       0.87670       0.84947       0.81578       0.84391       0.79278       0.85188       0.85174       0.88917       0.83789       0.81078       0.86921       0.86611       0.87022       0.86666  

---- Expected P_neut(i), 0 < i < n (neutral SFS per site) 
E[P_neut(1)] = 0.009452
E[P_neut(2)] = 0.004457
E[P_neut(3)] = 0.002947
E[P_neut(4)] = 0.002150
E[P_neut(5)] = 0.001692
E[P_neut(6)] = 0.001340
E[P_neut(7)] = 0.001184
E[P_neut(8)] = 0.001004
E[P_neut(9)] = 0.000857
E[P_neut(10)] = 0.000798
E[P_neut(11)] = 0.000681
E[P_neut(12)] = 0.000671
E[P_neut(13)] = 0.000619
E[P_neut(14)] = 0.000600
E[P_neut(15)] = 0.000528
E[P_neut(16)] = 0.000479
E[P_neut(17)] = 0.000483
E[P_neut(18)] = 0.000455
E[P_neut(19)] = 0.000433

---- Expected P_sel(i), 0 < i < n (selected SFS per site) 
E[P_sel(1)] = 0.003588
E[P_sel(2)] = 0.001420
E[P_sel(3)] = 0.000866
E[P_sel(4)] = 0.000600
E[P_sel(5)] = 0.000455
E[P_sel(6)] = 0.000350
E[P_sel(7)] = 0.000302
E[P_sel(8)] = 0.000251
E[P_sel(9)] = 0.000211
E[P_sel(10)] = 0.000194
E[P_sel(11)] = 0.000164
E[P_sel(12)] = 0.000159
E[P_sel(13)] = 0.000146
E[P_sel(14)] = 0.000141
E[P_sel(15)] = 0.000123
E[P_sel(16)] = 0.000112
E[P_sel(17)] = 0.000113
E[P_sel(18)] = 0.000108
E[P_sel(19)] = 0.000107

---- Expected D_neut and D_sel (neutral and selected divergence per site) 
E[D_neut] = 0.005482
E[D_sel] = 0.001614

---- Expected neutral and selected misattributed polymorphism per site
E[mis_neut] = 0.000410
E[mis_sel] = 0.000108

---- alpha_div = 0.286718
---- alpha_dfe = 0.279708



