---- Performing inference on Ns100_pa_0.0005_boots/Ns100_pa_0.0005.25.polyDFE.txt using model B

---- Warning: mutation variability is not used when only one neutral and one selected fragment is available.
---- No mutation variability. Using Poisson likelihood.

---- Using provided initial values


-- Starting local optimization
 it       eps_an        theta_bar      S_d            b             r  2          r  3          r  4          r  5          r  6          r  7          r  8          r  9          r 10          r 11          r 12          r 13          r 14          r 15          r 16          r 17          r 18          r 19         ln lk             grad     status
  0      4.50e-06       0.00100     -400.00000       0.40000       1.00000       1.00000       1.00000       1.00000       1.00000       1.00000       1.00000       1.00000       1.00000       1.00000       1.00000       1.00000       1.00000       1.00000       1.00000       1.00000       1.00000       1.00000  -225852.6272956526   1635.82176   -2
144      4.50e-06       0.00922    -1106.22346       0.19195       0.96166       0.96738       0.94116       0.91453       0.88015       0.91669       0.90388       0.87145       0.86404       0.83250       0.86798       0.89740       0.88704       0.91602       0.84662       0.90164       0.89039       0.90786  -201.5227447152      0.00118   -3
-- Local optimization: stuck in the same solution


---- Best joint likelihood found -201.52274 with gradient 0.00118
-- Model: B
--     eps_an        eps_cont      theta_bar     a        
--    4.50e-06      0.00e+00       0.00922       -1.00000  
--      S_d            b             p_b           S_b      
--  -1106.22346       0.19195      0.00e+00      0.00e+00  
--     r  2          r  3          r  4          r  5          r  6          r  7          r  8          r  9          r 10          r 11          r 12          r 13          r 14          r 15          r 16          r 17          r 18          r 19     
--     0.96166       0.96738       0.94116       0.91453       0.88015       0.91669       0.90388       0.87145       0.86404       0.83250       0.86798       0.89740       0.88704       0.91602       0.84662       0.90164       0.89039       0.90786  

---- Expected P_neut(i), 0 < i < n (neutral SFS per site) 
E[P_neut(1)] = 0.009222
E[P_neut(2)] = 0.004434
E[P_neut(3)] = 0.002974
E[P_neut(4)] = 0.002170
E[P_neut(5)] = 0.001687
E[P_neut(6)] = 0.001353
E[P_neut(7)] = 0.001208
E[P_neut(8)] = 0.001042
E[P_neut(9)] = 0.000893
E[P_neut(10)] = 0.000797
E[P_neut(11)] = 0.000698
E[P_neut(12)] = 0.000667
E[P_neut(13)] = 0.000637
E[P_neut(14)] = 0.000584
E[P_neut(15)] = 0.000563
E[P_neut(16)] = 0.000488
E[P_neut(17)] = 0.000489
E[P_neut(18)] = 0.000456
E[P_neut(19)] = 0.000441

---- Expected P_sel(i), 0 < i < n (selected SFS per site) 
E[P_sel(1)] = 0.003631
E[P_sel(2)] = 0.001439
E[P_sel(3)] = 0.000881
E[P_sel(4)] = 0.000607
E[P_sel(5)] = 0.000453
E[P_sel(6)] = 0.000351
E[P_sel(7)] = 0.000305
E[P_sel(8)] = 0.000257
E[P_sel(9)] = 0.000216
E[P_sel(10)] = 0.000190
E[P_sel(11)] = 0.000163
E[P_sel(12)] = 0.000154
E[P_sel(13)] = 0.000145
E[P_sel(14)] = 0.000132
E[P_sel(15)] = 0.000125
E[P_sel(16)] = 0.000108
E[P_sel(17)] = 0.000107
E[P_sel(18)] = 0.000099
E[P_sel(19)] = 0.000095

---- Expected neutral and selected misattributed polymorphism per site
E[mis_neut] = 0.000461
E[mis_sel] = 0.000098

---- alpha_div = 0.302807
---- alpha_dfe = 0.000000



