---- Performing inference on Ns100_pa_0.0005_boots/Ns100_pa_0.0005.18.polyDFE.txt using model B

---- Warning: mutation variability is not used when only one neutral and one selected fragment is available.
---- No mutation variability. Using Poisson likelihood.

---- Using provided initial values


-- Starting local optimization
 it       eps_an        theta_bar      S_d            b             r  2          r  3          r  4          r  5          r  6          r  7          r  8          r  9          r 10          r 11          r 12          r 13          r 14          r 15          r 16          r 17          r 18          r 19         ln lk             grad     status
  0      4.50e-06       0.00100     -400.00000       0.40000       1.00000       1.00000       1.00000       1.00000       1.00000       1.00000       1.00000       1.00000       1.00000       1.00000       1.00000       1.00000       1.00000       1.00000       1.00000       1.00000       1.00000       1.00000  -228949.8965713141   1651.33711   -2
244      4.50e-06       0.00940    -1393.08727       0.18352       0.95018       0.92779       0.91028       0.91923       0.87734       0.88458       0.86897       0.84145       0.87590       0.86269       0.87237       0.87579       0.89882       0.88545       0.83306       0.86887       0.89041       0.90771  -205.2197037583      0.00042   -3
-- Local optimization: stuck in the same solution


---- Best joint likelihood found -205.21970 with gradient 0.00042
-- Model: B
--     eps_an        eps_cont      theta_bar     a        
--    4.50e-06      0.00e+00       0.00940       -1.00000  
--      S_d            b             p_b           S_b      
--  -1393.08727       0.18352      0.00e+00      0.00e+00  
--     r  2          r  3          r  4          r  5          r  6          r  7          r  8          r  9          r 10          r 11          r 12          r 13          r 14          r 15          r 16          r 17          r 18          r 19     
--     0.95018       0.92779       0.91028       0.91923       0.87734       0.88458       0.86897       0.84145       0.87590       0.86269       0.87237       0.87579       0.89882       0.88545       0.83306       0.86887       0.89041       0.90771  

---- Expected P_neut(i), 0 < i < n (neutral SFS per site) 
E[P_neut(1)] = 0.009403
E[P_neut(2)] = 0.004467
E[P_neut(3)] = 0.002908
E[P_neut(4)] = 0.002140
E[P_neut(5)] = 0.001729
E[P_neut(6)] = 0.001375
E[P_neut(7)] = 0.001188
E[P_neut(8)] = 0.001021
E[P_neut(9)] = 0.000879
E[P_neut(10)] = 0.000824
E[P_neut(11)] = 0.000737
E[P_neut(12)] = 0.000684
E[P_neut(13)] = 0.000634
E[P_neut(14)] = 0.000604
E[P_neut(15)] = 0.000555
E[P_neut(16)] = 0.000490
E[P_neut(17)] = 0.000481
E[P_neut(18)] = 0.000465
E[P_neut(19)] = 0.000449

---- Expected P_sel(i), 0 < i < n (selected SFS per site) 
E[P_sel(1)] = 0.003668
E[P_sel(2)] = 0.001448
E[P_sel(3)] = 0.000865
E[P_sel(4)] = 0.000602
E[P_sel(5)] = 0.000467
E[P_sel(6)] = 0.000360
E[P_sel(7)] = 0.000303
E[P_sel(8)] = 0.000255
E[P_sel(9)] = 0.000215
E[P_sel(10)] = 0.000199
E[P_sel(11)] = 0.000175
E[P_sel(12)] = 0.000160
E[P_sel(13)] = 0.000147
E[P_sel(14)] = 0.000138
E[P_sel(15)] = 0.000126
E[P_sel(16)] = 0.000110
E[P_sel(17)] = 0.000107
E[P_sel(18)] = 0.000102
E[P_sel(19)] = 0.000098

---- Expected neutral and selected misattributed polymorphism per site
E[mis_neut] = 0.000470
E[mis_sel] = 0.000102

---- alpha_div = 0.284871
---- alpha_dfe = 0.000000



