---- Performing inference on Ns100_pa_0.0005_boots/Ns100_pa_0.0005.46.polyDFE.txt using model B

---- Warning: mutation variability is not used when only one neutral and one selected fragment is available.
---- No mutation variability. Using Poisson likelihood.

---- Using provided initial values


-- Starting local optimization
 it       eps_an        eps_cont      theta_bar      S_d            b             p_b           S_b           r  2          r  3          r  4          r  5          r  6          r  7          r  8          r  9          r 10          r 11          r 12          r 13          r 14          r 15          r 16          r 17          r 18          r 19         ln lk             grad     status
  0      4.50e-06      9.00e-07       0.00100     -400.00000       0.40000       0.02000       4.00000       1.00000       1.00000       1.00000       1.00000       1.00000       1.00000       1.00000       1.00000       1.00000       1.00000       1.00000       1.00000       1.00000       1.00000       1.00000       1.00000       1.00000       1.00000  -215796.9671539641   1545.23599   -2
700      4.40e-06      9.00e-07       0.00926     -983.77929       0.20664       0.01842       0.48712       0.95161       0.93368       0.91511       0.93191       0.85943       0.90436       0.88138       0.87509       0.88677       0.86116       0.87103       0.88920       0.89587       0.90979       0.88812       0.90432       0.92470       0.95342  -200.2226708490      0.00373   -3
-- Local optimization: stuck in the same solution


---- Best joint likelihood found -200.22267 with gradient 0.00373
-- Model: B
--     eps_an        eps_cont      theta_bar     a        
--    4.40e-06      9.00e-07       0.00926       -1.00000  
--      S_d            b             p_b           S_b      
--   -983.77929       0.20664       0.01842       0.48712  
--     r  2          r  3          r  4          r  5          r  6          r  7          r  8          r  9          r 10          r 11          r 12          r 13          r 14          r 15          r 16          r 17          r 18          r 19     
--     0.95161       0.93368       0.91511       0.93191       0.85943       0.90436       0.88138       0.87509       0.88677       0.86116       0.87103       0.88920       0.89587       0.90979       0.88812       0.90432       0.92470       0.95342  

---- Expected P_neut(i), 0 < i < n (neutral SFS per site) 
E[P_neut(1)] = 0.009261
E[P_neut(2)] = 0.004406
E[P_neut(3)] = 0.002882
E[P_neut(4)] = 0.002119
E[P_neut(5)] = 0.001726
E[P_neut(6)] = 0.001327
E[P_neut(7)] = 0.001196
E[P_neut(8)] = 0.001020
E[P_neut(9)] = 0.000900
E[P_neut(10)] = 0.000821
E[P_neut(11)] = 0.000725
E[P_neut(12)] = 0.000672
E[P_neut(13)] = 0.000633
E[P_neut(14)] = 0.000593
E[P_neut(15)] = 0.000562
E[P_neut(16)] = 0.000514
E[P_neut(17)] = 0.000493
E[P_neut(18)] = 0.000476
E[P_neut(19)] = 0.000465

---- Expected P_sel(i), 0 < i < n (selected SFS per site) 
E[P_sel(1)] = 0.003643
E[P_sel(2)] = 0.001423
E[P_sel(3)] = 0.000850
E[P_sel(4)] = 0.000590
E[P_sel(5)] = 0.000461
E[P_sel(6)] = 0.000343
E[P_sel(7)] = 0.000302
E[P_sel(8)] = 0.000252
E[P_sel(9)] = 0.000218
E[P_sel(10)] = 0.000196
E[P_sel(11)] = 0.000170
E[P_sel(12)] = 0.000156
E[P_sel(13)] = 0.000145
E[P_sel(14)] = 0.000134
E[P_sel(15)] = 0.000126
E[P_sel(16)] = 0.000114
E[P_sel(17)] = 0.000109
E[P_sel(18)] = 0.000104
E[P_sel(19)] = 0.000101

---- Expected neutral and selected misattributed polymorphism per site
E[mis_neut] = 0.000463
E[mis_sel] = 0.000100

---- alpha_div = 0.375504
---- alpha_dfe = 0.108346



