---- Performing inference on Ns50_pa_0.001_boots/Ns50_pa_0.001.87.polyDFE.txt using model B

---- Warning: mutation variability is not used when only one neutral and one selected fragment is available.
---- No mutation variability. Using Poisson likelihood.

---- Using provided initial values


-- Starting local optimization
 it       eps_an        theta_bar      S_d            b             r  2          r  3          r  4          r  5          r  6          r  7          r  8          r  9          r 10          r 11          r 12          r 13          r 14          r 15          r 16          r 17          r 18          r 19         ln lk             grad     status
  0      4.50e-06       0.00100     -400.00000       0.40000       1.00000       1.00000       1.00000       1.00000       1.00000       1.00000       1.00000       1.00000       1.00000       1.00000       1.00000       1.00000       1.00000       1.00000       1.00000       1.00000       1.00000       1.00000  -234971.8879111127   1686.69740   -2
166      4.50e-06       0.00925    -1200.39053       0.18419       0.97567       0.95362       0.93047       0.94232       0.91574       0.90529       0.86708       0.88528       0.92931       0.92608       0.86201       0.86568       0.87832       0.92142       0.96263       0.90809       0.94351       0.97456  -201.4507516352      0.00223   -3
-- Local optimization: stuck in the same solution


---- Best joint likelihood found -201.45075 with gradient 0.00223
-- Model: B
--     eps_an        eps_cont      theta_bar     a        
--    4.50e-06      0.00e+00       0.00925       -1.00000  
--      S_d            b             p_b           S_b      
--  -1200.39053       0.18419      0.00e+00      0.00e+00  
--     r  2          r  3          r  4          r  5          r  6          r  7          r  8          r  9          r 10          r 11          r 12          r 13          r 14          r 15          r 16          r 17          r 18          r 19     
--     0.97567       0.95362       0.93047       0.94232       0.91574       0.90529       0.86708       0.88528       0.92931       0.92608       0.86201       0.86568       0.87832       0.92142       0.96263       0.90809       0.94351       0.97456  

---- Expected P_neut(i), 0 < i < n (neutral SFS per site) 
E[P_neut(1)] = 0.009246
E[P_neut(2)] = 0.004510
E[P_neut(3)] = 0.002939
E[P_neut(4)] = 0.002151
E[P_neut(5)] = 0.001742
E[P_neut(6)] = 0.001411
E[P_neut(7)] = 0.001196
E[P_neut(8)] = 0.001002
E[P_neut(9)] = 0.000909
E[P_neut(10)] = 0.000859
E[P_neut(11)] = 0.000778
E[P_neut(12)] = 0.000664
E[P_neut(13)] = 0.000616
E[P_neut(14)] = 0.000580
E[P_neut(15)] = 0.000568
E[P_neut(16)] = 0.000556
E[P_neut(17)] = 0.000494
E[P_neut(18)] = 0.000485
E[P_neut(19)] = 0.000474

---- Expected P_sel(i), 0 < i < n (selected SFS per site) 
E[P_sel(1)] = 0.003694
E[P_sel(2)] = 0.001497
E[P_sel(3)] = 0.000895
E[P_sel(4)] = 0.000620
E[P_sel(5)] = 0.000482
E[P_sel(6)] = 0.000378
E[P_sel(7)] = 0.000312
E[P_sel(8)] = 0.000256
E[P_sel(9)] = 0.000228
E[P_sel(10)] = 0.000212
E[P_sel(11)] = 0.000189
E[P_sel(12)] = 0.000159
E[P_sel(13)] = 0.000146
E[P_sel(14)] = 0.000136
E[P_sel(15)] = 0.000131
E[P_sel(16)] = 0.000128
E[P_sel(17)] = 0.000112
E[P_sel(18)] = 0.000109
E[P_sel(19)] = 0.000106

---- Expected neutral and selected misattributed polymorphism per site
E[mis_neut] = 0.000462
E[mis_sel] = 0.000102

---- alpha_div = 0.306367
---- alpha_dfe = 0.000000



