---- Performing inference on Ns50_pa_0.001_boots/Ns50_pa_0.001.74.polyDFE.txt using model B

---- Warning: mutation variability is not used when only one neutral and one selected fragment is available.
---- No mutation variability. Using Poisson likelihood.

---- Using provided initial values


-- Starting local optimization
 it       eps_an        theta_bar      S_d            b             r  2          r  3          r  4          r  5          r  6          r  7          r  8          r  9          r 10          r 11          r 12          r 13          r 14          r 15          r 16          r 17          r 18          r 19         ln lk             grad     status
  0      4.50e-06       0.00100     -400.00000       0.40000       1.00000       1.00000       1.00000       1.00000       1.00000       1.00000       1.00000       1.00000       1.00000       1.00000       1.00000       1.00000       1.00000       1.00000       1.00000       1.00000       1.00000       1.00000  -238330.0548457514   1704.28636   -2
175      4.50e-06       0.00921     -962.73153       0.19088       0.98847       0.95349       0.94630       0.97741       0.91739       0.92991       0.87217       0.89385       0.92564       0.93338       0.88466       0.87560       0.91647       0.95671       0.90392       0.91092       0.94276       1.04500  -200.3154067156      0.00142   -3
-- Local optimization: stuck in the same solution


---- Best joint likelihood found -200.31541 with gradient 0.00142
-- Model: B
--     eps_an        eps_cont      theta_bar     a        
--    4.50e-06      0.00e+00       0.00921       -1.00000  
--      S_d            b             p_b           S_b      
--   -962.73153       0.19088      0.00e+00      0.00e+00  
--     r  2          r  3          r  4          r  5          r  6          r  7          r  8          r  9          r 10          r 11          r 12          r 13          r 14          r 15          r 16          r 17          r 18          r 19     
--     0.98847       0.95349       0.94630       0.97741       0.91739       0.92991       0.87217       0.89385       0.92564       0.93338       0.88466       0.87560       0.91647       0.95671       0.90392       0.91092       0.94276       1.04500  

---- Expected P_neut(i), 0 < i < n (neutral SFS per site) 
E[P_neut(1)] = 0.009214
E[P_neut(2)] = 0.004554
E[P_neut(3)] = 0.002928
E[P_neut(4)] = 0.002180
E[P_neut(5)] = 0.001801
E[P_neut(6)] = 0.001409
E[P_neut(7)] = 0.001224
E[P_neut(8)] = 0.001004
E[P_neut(9)] = 0.000915
E[P_neut(10)] = 0.000853
E[P_neut(11)] = 0.000782
E[P_neut(12)] = 0.000679
E[P_neut(13)] = 0.000621
E[P_neut(14)] = 0.000603
E[P_neut(15)] = 0.000588
E[P_neut(16)] = 0.000521
E[P_neut(17)] = 0.000494
E[P_neut(18)] = 0.000483
E[P_neut(19)] = 0.000507

---- Expected P_sel(i), 0 < i < n (selected SFS per site) 
E[P_sel(1)] = 0.003737
E[P_sel(2)] = 0.001525
E[P_sel(3)] = 0.000896
E[P_sel(4)] = 0.000630
E[P_sel(5)] = 0.000499
E[P_sel(6)] = 0.000378
E[P_sel(7)] = 0.000320
E[P_sel(8)] = 0.000257
E[P_sel(9)] = 0.000229
E[P_sel(10)] = 0.000210
E[P_sel(11)] = 0.000189
E[P_sel(12)] = 0.000162
E[P_sel(13)] = 0.000146
E[P_sel(14)] = 0.000141
E[P_sel(15)] = 0.000135
E[P_sel(16)] = 0.000119
E[P_sel(17)] = 0.000112
E[P_sel(18)] = 0.000108
E[P_sel(19)] = 0.000113

---- Expected neutral and selected misattributed polymorphism per site
E[mis_neut] = 0.000461
E[mis_sel] = 0.000101

---- alpha_div = 0.300691
---- alpha_dfe = 0.000000



