---- Performing inference on Ns50_pa_0.001_boots/Ns50_pa_0.001.73.polyDFE.txt using model B

---- Warning: mutation variability is not used when only one neutral and one selected fragment is available.
---- No mutation variability. Using Poisson likelihood.

---- Using provided initial values


-- Starting local optimization
 it       eps_an        theta_bar      S_d            b             r  2          r  3          r  4          r  5          r  6          r  7          r  8          r  9          r 10          r 11          r 12          r 13          r 14          r 15          r 16          r 17          r 18          r 19         ln lk             grad     status
  0      4.50e-06       0.00100     -400.00000       0.40000       1.00000       1.00000       1.00000       1.00000       1.00000       1.00000       1.00000       1.00000       1.00000       1.00000       1.00000       1.00000       1.00000       1.00000       1.00000       1.00000       1.00000       1.00000  -234970.4020141167   1687.19938   -2
129      4.50e-06       0.00912     -867.35136       0.19512       0.98848       0.95598       0.93697       0.98001       0.92305       0.92033       0.91995       0.87587       0.90166       0.91867       0.91264       0.87556       0.87731       0.99540       0.95053       0.89536       0.99323       1.02787  -200.3479110387      0.00377   -3
-- Local optimization: stuck in the same solution


---- Best joint likelihood found -200.34791 with gradient 0.00377
-- Model: B
--     eps_an        eps_cont      theta_bar     a        
--    4.50e-06      0.00e+00       0.00912       -1.00000  
--      S_d            b             p_b           S_b      
--   -867.35136       0.19512      0.00e+00      0.00e+00  
--     r  2          r  3          r  4          r  5          r  6          r  7          r  8          r  9          r 10          r 11          r 12          r 13          r 14          r 15          r 16          r 17          r 18          r 19     
--     0.98848       0.95598       0.93697       0.98001       0.92305       0.92033       0.91995       0.87587       0.90166       0.91867       0.91264       0.87556       0.87731       0.99540       0.95053       0.89536       0.99323       1.02787  

---- Expected P_neut(i), 0 < i < n (neutral SFS per site) 
E[P_neut(1)] = 0.009124
E[P_neut(2)] = 0.004510
E[P_neut(3)] = 0.002908
E[P_neut(4)] = 0.002137
E[P_neut(5)] = 0.001788
E[P_neut(6)] = 0.001404
E[P_neut(7)] = 0.001200
E[P_neut(8)] = 0.001049
E[P_neut(9)] = 0.000888
E[P_neut(10)] = 0.000823
E[P_neut(11)] = 0.000762
E[P_neut(12)] = 0.000694
E[P_neut(13)] = 0.000615
E[P_neut(14)] = 0.000572
E[P_neut(15)] = 0.000605
E[P_neut(16)] = 0.000542
E[P_neut(17)] = 0.000481
E[P_neut(18)] = 0.000503
E[P_neut(19)] = 0.000494

---- Expected P_sel(i), 0 < i < n (selected SFS per site) 
E[P_sel(1)] = 0.003717
E[P_sel(2)] = 0.001511
E[P_sel(3)] = 0.000889
E[P_sel(4)] = 0.000616
E[P_sel(5)] = 0.000494
E[P_sel(6)] = 0.000375
E[P_sel(7)] = 0.000312
E[P_sel(8)] = 0.000266
E[P_sel(9)] = 0.000221
E[P_sel(10)] = 0.000201
E[P_sel(11)] = 0.000183
E[P_sel(12)] = 0.000165
E[P_sel(13)] = 0.000144
E[P_sel(14)] = 0.000132
E[P_sel(15)] = 0.000138
E[P_sel(16)] = 0.000123
E[P_sel(17)] = 0.000108
E[P_sel(18)] = 0.000112
E[P_sel(19)] = 0.000109

---- Expected neutral and selected misattributed polymorphism per site
E[mis_neut] = 0.000456
E[mis_sel] = 0.000100

---- alpha_div = 0.299596
---- alpha_dfe = 0.000000



