---- Performing inference on Ns50_pa_0.001_boots/Ns50_pa_0.001.18.polyDFE.txt using model B

---- Warning: mutation variability is not used when only one neutral and one selected fragment is available.
---- No mutation variability. Using Poisson likelihood.

---- Using provided initial values


-- Starting local optimization
 it       eps_an        eps_cont      theta_bar      S_d            b             p_b           S_b           r  2          r  3          r  4          r  5          r  6          r  7          r  8          r  9          r 10          r 11          r 12          r 13          r 14          r 15          r 16          r 17          r 18          r 19         ln lk             grad     status
  0      4.50e-06      9.00e-07       0.00100     -400.00000       0.40000       0.02000       4.00000       1.00000       1.00000       1.00000       1.00000       1.00000       1.00000       1.00000       1.00000       1.00000       1.00000       1.00000       1.00000       1.00000       1.00000       1.00000       1.00000       1.00000       1.00000  -227066.9907116655   1604.19045   -2
352      4.52e-06      9.00e-07       0.00929     -933.40418       0.19338       0.00142       0.27741       0.95946       0.96177       0.92813       0.93153       0.93488       0.92927       0.85928       0.88887       0.91751       0.90042       0.88127       0.83755       0.88434       0.96250       0.92474       0.91373       0.97748       1.01751  -192.8037442895      0.00167   -3
-- Local optimization: stuck in the same solution


---- Best joint likelihood found -192.80374 with gradient 0.00167
-- Model: B
--     eps_an        eps_cont      theta_bar     a        
--    4.52e-06      9.00e-07       0.00929       -1.00000  
--      S_d            b             p_b           S_b      
--   -933.40418       0.19338       0.00142       0.27741  
--     r  2          r  3          r  4          r  5          r  6          r  7          r  8          r  9          r 10          r 11          r 12          r 13          r 14          r 15          r 16          r 17          r 18          r 19     
--     0.95946       0.96177       0.92813       0.93153       0.93488       0.92927       0.85928       0.88887       0.91751       0.90042       0.88127       0.83755       0.88434       0.96250       0.92474       0.91373       0.97748       1.01751  

---- Expected P_neut(i), 0 < i < n (neutral SFS per site) 
E[P_neut(1)] = 0.009285
E[P_neut(2)] = 0.004454
E[P_neut(3)] = 0.002977
E[P_neut(4)] = 0.002154
E[P_neut(5)] = 0.001730
E[P_neut(6)] = 0.001447
E[P_neut(7)] = 0.001233
E[P_neut(8)] = 0.000997
E[P_neut(9)] = 0.000917
E[P_neut(10)] = 0.000852
E[P_neut(11)] = 0.000760
E[P_neut(12)] = 0.000682
E[P_neut(13)] = 0.000598
E[P_neut(14)] = 0.000587
E[P_neut(15)] = 0.000596
E[P_neut(16)] = 0.000537
E[P_neut(17)] = 0.000499
E[P_neut(18)] = 0.000504
E[P_neut(19)] = 0.000497

---- Expected P_sel(i), 0 < i < n (selected SFS per site) 
E[P_sel(1)] = 0.003762
E[P_sel(2)] = 0.001487
E[P_sel(3)] = 0.000908
E[P_sel(4)] = 0.000620
E[P_sel(5)] = 0.000478
E[P_sel(6)] = 0.000386
E[P_sel(7)] = 0.000320
E[P_sel(8)] = 0.000253
E[P_sel(9)] = 0.000228
E[P_sel(10)] = 0.000209
E[P_sel(11)] = 0.000183
E[P_sel(12)] = 0.000162
E[P_sel(13)] = 0.000140
E[P_sel(14)] = 0.000136
E[P_sel(15)] = 0.000137
E[P_sel(16)] = 0.000122
E[P_sel(17)] = 0.000112
E[P_sel(18)] = 0.000112
E[P_sel(19)] = 0.000110

---- Expected neutral and selected misattributed polymorphism per site
E[mis_neut] = 0.000464
E[mis_sel] = 0.000102

---- alpha_div = 0.300558
---- alpha_dfe = 0.007467



