---- Performing inference on Ns50_pa_0.001_boots/Ns50_pa_0.001.15.polyDFE.txt using model B

---- Warning: mutation variability is not used when only one neutral and one selected fragment is available.
---- No mutation variability. Using Poisson likelihood.

---- Using provided initial values


-- Starting local optimization
 it       eps_an        eps_cont      lambda        theta_bar      S_d            b             p_b           S_b           r  2          r  3          r  4          r  5          r  6          r  7          r  8          r  9          r 10          r 11          r 12          r 13          r 14          r 15          r 16          r 17          r 18          r 19          r 20         ln lk             grad     status
  0      4.50e-06      9.00e-07       0.00500       0.00100     -400.00000       0.40000       0.02000       4.00000       1.00000       1.00000       1.00000       1.00000       1.00000       1.00000       1.00000       1.00000       1.00000       1.00000       1.00000       1.00000       1.00000       1.00000       1.00000       1.00000       1.00000       1.00000       1.00000  -227564.9393842419   1631.70877   -2
 83      4.50e-06      9.00e-07       0.00503       0.00916     -780.55186       0.20365       0.00264      37.41903       0.98125       0.95977       0.95675       0.96756       0.94090       0.93810       0.90099       0.92152       0.89582       0.92345       0.86270       0.85982       0.90482       0.98742       0.94519       0.90030       0.92591       0.98645       0.87857  -223.0885955073      0.35507   -3
-- Local optimization: stuck in the same solution


---- Best joint likelihood found -223.08860 with gradient 0.35507
-- Model: B
--     eps_an        eps_cont      lambda        theta_bar     a        
--    4.50e-06      9.00e-07       0.00503       0.00916       -1.00000  
--      S_d            b             p_b           S_b      
--   -780.55186       0.20365       0.00264      37.41903  
--     r  2          r  3          r  4          r  5          r  6          r  7          r  8          r  9          r 10          r 11          r 12          r 13          r 14          r 15          r 16          r 17          r 18          r 19          r 20     
--     0.98125       0.95977       0.95675       0.96756       0.94090       0.93810       0.90099       0.92152       0.89582       0.92345       0.86270       0.85982       0.90482       0.98742       0.94519       0.90030       0.92591       0.98645       0.87857  

---- Expected P_neut(i), 0 < i < n (neutral SFS per site) 
E[P_neut(1)] = 0.009157
E[P_neut(2)] = 0.004493
E[P_neut(3)] = 0.002930
E[P_neut(4)] = 0.002190
E[P_neut(5)] = 0.001772
E[P_neut(6)] = 0.001436
E[P_neut(7)] = 0.001227
E[P_neut(8)] = 0.001031
E[P_neut(9)] = 0.000938
E[P_neut(10)] = 0.000820
E[P_neut(11)] = 0.000769
E[P_neut(12)] = 0.000658
E[P_neut(13)] = 0.000606
E[P_neut(14)] = 0.000592
E[P_neut(15)] = 0.000603
E[P_neut(16)] = 0.000541
E[P_neut(17)] = 0.000485
E[P_neut(18)] = 0.000471
E[P_neut(19)] = 0.000475

---- Expected P_sel(i), 0 < i < n (selected SFS per site) 
E[P_sel(1)] = 0.003713
E[P_sel(2)] = 0.001488
E[P_sel(3)] = 0.000883
E[P_sel(4)] = 0.000622
E[P_sel(5)] = 0.000482
E[P_sel(6)] = 0.000377
E[P_sel(7)] = 0.000314
E[P_sel(8)] = 0.000258
E[P_sel(9)] = 0.000230
E[P_sel(10)] = 0.000198
E[P_sel(11)] = 0.000183
E[P_sel(12)] = 0.000155
E[P_sel(13)] = 0.000141
E[P_sel(14)] = 0.000137
E[P_sel(15)] = 0.000139
E[P_sel(16)] = 0.000125
E[P_sel(17)] = 0.000113
E[P_sel(18)] = 0.000112
E[P_sel(19)] = 0.000117

---- Expected D_neut and D_sel (neutral and selected divergence per site) 
E[D_neut] = 0.005435
E[D_sel] = 0.001652

---- Expected neutral and selected misattributed polymorphism per site
E[mis_neut] = 0.000402
E[mis_sel] = 0.000107

---- alpha_div = 0.326831
---- alpha_dfe = 0.321909



