---- Performing inference on Ns50_pa_0.001_boots/Ns50_pa_0.001.25.polyDFE.txt using model B

---- Warning: mutation variability is not used when only one neutral and one selected fragment is available.
---- No mutation variability. Using Poisson likelihood.

---- Using provided initial values


-- Starting local optimization
 it       eps_an        theta_bar      S_d            b             r  2          r  3          r  4          r  5          r  6          r  7          r  8          r  9          r 10          r 11          r 12          r 13          r 14          r 15          r 16          r 17          r 18          r 19         ln lk             grad     status
  0      4.50e-06       0.00100     -400.00000       0.40000       1.00000       1.00000       1.00000       1.00000       1.00000       1.00000       1.00000       1.00000       1.00000       1.00000       1.00000       1.00000       1.00000       1.00000       1.00000       1.00000       1.00000       1.00000  -236792.4028568542   1696.17793   -2
164      4.50e-06       0.00927    -1043.26144       0.18801       0.96822       0.95105       0.92985       0.95888       0.92732       0.89454       0.89243       0.88777       0.90641       0.90147       0.86692       0.85592       0.87619       0.92042       0.93225       0.89222       0.97868       0.95398  -198.2873056155      0.00128   -3
-- Local optimization: stuck in the same solution


---- Best joint likelihood found -198.28731 with gradient 0.00128
-- Model: B
--     eps_an        eps_cont      theta_bar     a        
--    4.50e-06      0.00e+00       0.00927       -1.00000  
--      S_d            b             p_b           S_b      
--  -1043.26144       0.18801      0.00e+00      0.00e+00  
--     r  2          r  3          r  4          r  5          r  6          r  7          r  8          r  9          r 10          r 11          r 12          r 13          r 14          r 15          r 16          r 17          r 18          r 19     
--     0.96822       0.95105       0.92985       0.95888       0.92732       0.89454       0.89243       0.88777       0.90641       0.90147       0.86692       0.85592       0.87619       0.92042       0.93225       0.89222       0.97868       0.95398  

---- Expected P_neut(i), 0 < i < n (neutral SFS per site) 
E[P_neut(1)] = 0.009272
E[P_neut(2)] = 0.004488
E[P_neut(3)] = 0.002939
E[P_neut(4)] = 0.002155
E[P_neut(5)] = 0.001778
E[P_neut(6)] = 0.001433
E[P_neut(7)] = 0.001185
E[P_neut(8)] = 0.001034
E[P_neut(9)] = 0.000915
E[P_neut(10)] = 0.000840
E[P_neut(11)] = 0.000760
E[P_neut(12)] = 0.000670
E[P_neut(13)] = 0.000610
E[P_neut(14)] = 0.000580
E[P_neut(15)] = 0.000569
E[P_neut(16)] = 0.000540
E[P_neut(17)] = 0.000487
E[P_neut(18)] = 0.000504
E[P_neut(19)] = 0.000466

---- Expected P_sel(i), 0 < i < n (selected SFS per site) 
E[P_sel(1)] = 0.003745
E[P_sel(2)] = 0.001501
E[P_sel(3)] = 0.000900
E[P_sel(4)] = 0.000624
E[P_sel(5)] = 0.000494
E[P_sel(6)] = 0.000385
E[P_sel(7)] = 0.000310
E[P_sel(8)] = 0.000265
E[P_sel(9)] = 0.000230
E[P_sel(10)] = 0.000207
E[P_sel(11)] = 0.000185
E[P_sel(12)] = 0.000161
E[P_sel(13)] = 0.000145
E[P_sel(14)] = 0.000136
E[P_sel(15)] = 0.000132
E[P_sel(16)] = 0.000124
E[P_sel(17)] = 0.000110
E[P_sel(18)] = 0.000113
E[P_sel(19)] = 0.000104

---- Expected neutral and selected misattributed polymorphism per site
E[mis_neut] = 0.000464
E[mis_sel] = 0.000103

---- alpha_div = 0.305019
---- alpha_dfe = 0.000000



