---- Performing inference on Ns50_pa_0.001_boots/Ns50_pa_0.001.64.polyDFE.txt using model B

---- Warning: mutation variability is not used when only one neutral and one selected fragment is available.
---- No mutation variability. Using Poisson likelihood.

---- Using provided initial values


-- Starting local optimization
 it       eps_an        theta_bar      S_d            b             r  2          r  3          r  4          r  5          r  6          r  7          r  8          r  9          r 10          r 11          r 12          r 13          r 14          r 15          r 16          r 17          r 18          r 19         ln lk             grad     status
  0      4.50e-06       0.00100     -400.00000       0.40000       1.00000       1.00000       1.00000       1.00000       1.00000       1.00000       1.00000       1.00000       1.00000       1.00000       1.00000       1.00000       1.00000       1.00000       1.00000       1.00000       1.00000       1.00000  -237223.9909320933   1697.86249   -2
104      4.50e-06       0.00920     -889.49167       0.19467       0.99346       0.95092       0.94219       0.97658       0.92863       0.94027       0.88391       0.87677       0.92708       0.89874       0.84204       0.92880       0.90452       0.96233       0.91348       0.90186       0.97156       1.02903  -193.8170274827      0.00147   -3
-- Local optimization: stuck in the same solution


---- Best joint likelihood found -193.81703 with gradient 0.00147
-- Model: B
--     eps_an        eps_cont      theta_bar     a        
--    4.50e-06      0.00e+00       0.00920       -1.00000  
--      S_d            b             p_b           S_b      
--   -889.49167       0.19467      0.00e+00      0.00e+00  
--     r  2          r  3          r  4          r  5          r  6          r  7          r  8          r  9          r 10          r 11          r 12          r 13          r 14          r 15          r 16          r 17          r 18          r 19     
--     0.99346       0.95092       0.94219       0.97658       0.92863       0.94027       0.88391       0.87677       0.92708       0.89874       0.84204       0.92880       0.90452       0.96233       0.91348       0.90186       0.97156       1.02903  

---- Expected P_neut(i), 0 < i < n (neutral SFS per site) 
E[P_neut(1)] = 0.009201
E[P_neut(2)] = 0.004570
E[P_neut(3)] = 0.002916
E[P_neut(4)] = 0.002167
E[P_neut(5)] = 0.001797
E[P_neut(6)] = 0.001424
E[P_neut(7)] = 0.001236
E[P_neut(8)] = 0.001017
E[P_neut(9)] = 0.000896
E[P_neut(10)] = 0.000853
E[P_neut(11)] = 0.000752
E[P_neut(12)] = 0.000646
E[P_neut(13)] = 0.000657
E[P_neut(14)] = 0.000594
E[P_neut(15)] = 0.000590
E[P_neut(16)] = 0.000525
E[P_neut(17)] = 0.000488
E[P_neut(18)] = 0.000497
E[P_neut(19)] = 0.000498

---- Expected P_sel(i), 0 < i < n (selected SFS per site) 
E[P_sel(1)] = 0.003737
E[P_sel(2)] = 0.001527
E[P_sel(3)] = 0.000889
E[P_sel(4)] = 0.000623
E[P_sel(5)] = 0.000495
E[P_sel(6)] = 0.000379
E[P_sel(7)] = 0.000320
E[P_sel(8)] = 0.000258
E[P_sel(9)] = 0.000223
E[P_sel(10)] = 0.000208
E[P_sel(11)] = 0.000180
E[P_sel(12)] = 0.000153
E[P_sel(13)] = 0.000154
E[P_sel(14)] = 0.000137
E[P_sel(15)] = 0.000135
E[P_sel(16)] = 0.000119
E[P_sel(17)] = 0.000109
E[P_sel(18)] = 0.000110
E[P_sel(19)] = 0.000109

---- Expected neutral and selected misattributed polymorphism per site
E[mis_neut] = 0.000460
E[mis_sel] = 0.000100

---- alpha_div = 0.314126
---- alpha_dfe = 0.000000



