---- Performing inference on Ns50_pa_0.001_boots/Ns50_pa_0.001.8.polyDFE.txt using model B

---- Warning: mutation variability is not used when only one neutral and one selected fragment is available.
---- No mutation variability. Using Poisson likelihood.

---- Using provided initial values


-- Starting local optimization
 it       eps_an        eps_cont      lambda        theta_bar      S_d            b             p_b           S_b           r  2          r  3          r  4          r  5          r  6          r  7          r  8          r  9          r 10          r 11          r 12          r 13          r 14          r 15          r 16          r 17          r 18          r 19          r 20         ln lk             grad     status
  0      4.50e-06      9.00e-07       0.00500       0.00100     -400.00000       0.40000       0.02000       4.00000       1.00000       1.00000       1.00000       1.00000       1.00000       1.00000       1.00000       1.00000       1.00000       1.00000       1.00000       1.00000       1.00000       1.00000       1.00000       1.00000       1.00000       1.00000       1.00000  -229772.0293487657   1643.56024   -2
 82      4.49e-06      9.00e-07       0.00513       0.00938    -1523.23291       0.17815       0.00218      37.42436       0.96907       0.95802       0.91985       0.92787       0.90444       0.88760       0.87964       0.87132       0.89185       0.88461       0.88112       0.84609       0.88308       0.91193       0.87165       0.86827       0.90305       0.94995       0.86943  -216.8361782000      0.67985   -3
-- Local optimization: stuck in the same solution


---- Best joint likelihood found -216.83618 with gradient 0.67985
-- Model: B
--     eps_an        eps_cont      lambda        theta_bar     a        
--    4.49e-06      9.00e-07       0.00513       0.00938       -1.00000  
--      S_d            b             p_b           S_b      
--  -1523.23291       0.17815       0.00218      37.42436  
--     r  2          r  3          r  4          r  5          r  6          r  7          r  8          r  9          r 10          r 11          r 12          r 13          r 14          r 15          r 16          r 17          r 18          r 19          r 20     
--     0.96907       0.95802       0.91985       0.92787       0.90444       0.88760       0.87964       0.87132       0.89185       0.88461       0.88112       0.84609       0.88308       0.91193       0.87165       0.86827       0.90305       0.94995       0.86943  

---- Expected P_neut(i), 0 < i < n (neutral SFS per site) 
E[P_neut(1)] = 0.009379
E[P_neut(2)] = 0.004545
E[P_neut(3)] = 0.002995
E[P_neut(4)] = 0.002157
E[P_neut(5)] = 0.001741
E[P_neut(6)] = 0.001414
E[P_neut(7)] = 0.001189
E[P_neut(8)] = 0.001031
E[P_neut(9)] = 0.000908
E[P_neut(10)] = 0.000836
E[P_neut(11)] = 0.000754
E[P_neut(12)] = 0.000689
E[P_neut(13)] = 0.000610
E[P_neut(14)] = 0.000592
E[P_neut(15)] = 0.000570
E[P_neut(16)] = 0.000511
E[P_neut(17)] = 0.000479
E[P_neut(18)] = 0.000471
E[P_neut(19)] = 0.000469

---- Expected P_sel(i), 0 < i < n (selected SFS per site) 
E[P_sel(1)] = 0.003694
E[P_sel(2)] = 0.001498
E[P_sel(3)] = 0.000909
E[P_sel(4)] = 0.000621
E[P_sel(5)] = 0.000483
E[P_sel(6)] = 0.000381
E[P_sel(7)] = 0.000313
E[P_sel(8)] = 0.000266
E[P_sel(9)] = 0.000230
E[P_sel(10)] = 0.000209
E[P_sel(11)] = 0.000186
E[P_sel(12)] = 0.000168
E[P_sel(13)] = 0.000148
E[P_sel(14)] = 0.000142
E[P_sel(15)] = 0.000137
E[P_sel(16)] = 0.000122
E[P_sel(17)] = 0.000115
E[P_sel(18)] = 0.000115
E[P_sel(19)] = 0.000118

---- Expected D_neut and D_sel (neutral and selected divergence per site) 
E[D_neut] = 0.005535
E[D_sel] = 0.001653

---- Expected neutral and selected misattributed polymorphism per site
E[mis_neut] = 0.000408
E[mis_sel] = 0.000109

---- alpha_div = 0.279753
---- alpha_dfe = 0.270389



