---- Performing inference on Ns50_pa_0.001_boots/Ns50_pa_0.001.0.polyDFE.txt using model B

---- Warning: mutation variability is not used when only one neutral and one selected fragment is available.
---- No mutation variability. Using Poisson likelihood.

---- Using provided initial values


-- Starting local optimization
 it       eps_an        lambda        theta_bar      S_d            b             r  2          r  3          r  4          r  5          r  6          r  7          r  8          r  9          r 10          r 11          r 12          r 13          r 14          r 15          r 16          r 17          r 18          r 19          r 20         ln lk             grad     status
  0      4.50e-06       0.00500       0.00100     -400.00000       0.40000       1.00000       1.00000       1.00000       1.00000       1.00000       1.00000       1.00000       1.00000       1.00000       1.00000       1.00000       1.00000       1.00000       1.00000       1.00000       1.00000       1.00000       1.00000       1.00000  -245082.8541825346   1821.00165   -2
618      4.35e-06       0.00013       0.00947    -9801.67766       0.12918       0.95769       0.90763       0.89016       0.90321       0.86038       0.86613       0.85028       0.86362       0.83648       0.86363       0.81232       0.81888       0.81889       0.85616       0.86123       0.82852       0.86453       0.95074      12.30086  -427.4462265950      0.00719   -6
-- Local optimization: reached maximum running time allowed


---- Best joint likelihood found -427.44623 with gradient 0.00719
-- Model: B
--     eps_an        eps_cont      lambda        theta_bar     a        
--    4.35e-06      0.00e+00       0.00013       0.00947       -1.00000  
--      S_d            b             p_b           S_b      
--  -9801.67766       0.12918      0.00e+00      0.00e+00  
--     r  2          r  3          r  4          r  5          r  6          r  7          r  8          r  9          r 10          r 11          r 12          r 13          r 14          r 15          r 16          r 17          r 18          r 19          r 20     
--     0.95769       0.90763       0.89016       0.90321       0.86038       0.86613       0.85028       0.86362       0.83648       0.86363       0.81232       0.81888       0.81889       0.85616       0.86123       0.82852       0.86453       0.95074      12.30086  

---- Expected P_neut(i), 0 < i < n (neutral SFS per site) 
E[P_neut(1)] = 0.009466
E[P_neut(2)] = 0.004533
E[P_neut(3)] = 0.002864
E[P_neut(4)] = 0.002107
E[P_neut(5)] = 0.001710
E[P_neut(6)] = 0.001357
E[P_neut(7)] = 0.001171
E[P_neut(8)] = 0.001006
E[P_neut(9)] = 0.000908
E[P_neut(10)] = 0.000792
E[P_neut(11)] = 0.000743
E[P_neut(12)] = 0.000641
E[P_neut(13)] = 0.000596
E[P_neut(14)] = 0.000554
E[P_neut(15)] = 0.000540
E[P_neut(16)] = 0.000510
E[P_neut(17)] = 0.000461
E[P_neut(18)] = 0.000455
E[P_neut(19)] = 0.000474

---- Expected P_sel(i), 0 < i < n (selected SFS per site) 
E[P_sel(1)] = 0.003616
E[P_sel(2)] = 0.001522
E[P_sel(3)] = 0.000906
E[P_sel(4)] = 0.000641
E[P_sel(5)] = 0.000506
E[P_sel(6)] = 0.000393
E[P_sel(7)] = 0.000333
E[P_sel(8)] = 0.000282
E[P_sel(9)] = 0.000251
E[P_sel(10)] = 0.000216
E[P_sel(11)] = 0.000201
E[P_sel(12)] = 0.000171
E[P_sel(13)] = 0.000158
E[P_sel(14)] = 0.000146
E[P_sel(15)] = 0.000141
E[P_sel(16)] = 0.000132
E[P_sel(17)] = 0.000119
E[P_sel(18)] = 0.000116
E[P_sel(19)] = 0.000121

---- Expected D_neut and D_sel (neutral and selected divergence per site) 
E[D_neut] = 0.005953
E[D_sel] = 0.001507

---- Expected neutral and selected misattributed polymorphism per site
E[mis_neut] = 0.005822
E[mis_sel] = 0.001474

---- alpha_div = 1.473037
---- alpha_dfe = 0.000000



