---- Performing inference on Ns50_pa_0.001_boots/Ns50_pa_0.001.94.polyDFE.txt using model B

---- Warning: mutation variability is not used when only one neutral and one selected fragment is available.
---- No mutation variability. Using Poisson likelihood.

---- Using provided initial values


-- Starting local optimization
 it       eps_an        lambda        theta_bar      S_d            b             r  2          r  3          r  4          r  5          r  6          r  7          r  8          r  9          r 10          r 11          r 12          r 13          r 14          r 15          r 16          r 17          r 18          r 19          r 20         ln lk             grad     status
  0      4.50e-06       0.00500       0.00100     -400.00000       0.40000       1.00000       1.00000       1.00000       1.00000       1.00000       1.00000       1.00000       1.00000       1.00000       1.00000       1.00000       1.00000       1.00000       1.00000       1.00000       1.00000       1.00000       1.00000       1.00000  -245726.1073015715   1823.90559   -2
696      4.26e-06       0.00004       0.00932    -4692.72582       0.14162       0.96231       0.92301       0.91180       0.94201       0.87480       0.87715       0.85366       0.86697       0.87331       0.86822       0.84342       0.83924       0.84928       0.89578       0.87792       0.85790       0.91364       0.97716      12.61496  -415.8924776219      0.01259   -6
-- Local optimization: reached maximum running time allowed


---- Best joint likelihood found -415.89248 with gradient 0.01259
-- Model: B
--     eps_an        eps_cont      lambda        theta_bar     a        
--    4.26e-06      0.00e+00       0.00004       0.00932       -1.00000  
--      S_d            b             p_b           S_b      
--  -4692.72582       0.14162      0.00e+00      0.00e+00  
--     r  2          r  3          r  4          r  5          r  6          r  7          r  8          r  9          r 10          r 11          r 12          r 13          r 14          r 15          r 16          r 17          r 18          r 19          r 20     
--     0.96231       0.92301       0.91180       0.94201       0.87480       0.87715       0.85366       0.86697       0.87331       0.86822       0.84342       0.83924       0.84928       0.89578       0.87792       0.85790       0.91364       0.97716      12.61496  

---- Expected P_neut(i), 0 < i < n (neutral SFS per site) 
E[P_neut(1)] = 0.009321
E[P_neut(2)] = 0.004485
E[P_neut(3)] = 0.002868
E[P_neut(4)] = 0.002125
E[P_neut(5)] = 0.001756
E[P_neut(6)] = 0.001359
E[P_neut(7)] = 0.001168
E[P_neut(8)] = 0.000995
E[P_neut(9)] = 0.000898
E[P_neut(10)] = 0.000814
E[P_neut(11)] = 0.000736
E[P_neut(12)] = 0.000655
E[P_neut(13)] = 0.000602
E[P_neut(14)] = 0.000565
E[P_neut(15)] = 0.000557
E[P_neut(16)] = 0.000511
E[P_neut(17)] = 0.000470
E[P_neut(18)] = 0.000473
E[P_neut(19)] = 0.000479

---- Expected P_sel(i), 0 < i < n (selected SFS per site) 
E[P_sel(1)] = 0.003653
E[P_sel(2)] = 0.001525
E[P_sel(3)] = 0.000913
E[P_sel(4)] = 0.000649
E[P_sel(5)] = 0.000520
E[P_sel(6)] = 0.000393
E[P_sel(7)] = 0.000331
E[P_sel(8)] = 0.000277
E[P_sel(9)] = 0.000246
E[P_sel(10)] = 0.000221
E[P_sel(11)] = 0.000197
E[P_sel(12)] = 0.000174
E[P_sel(13)] = 0.000158
E[P_sel(14)] = 0.000147
E[P_sel(15)] = 0.000144
E[P_sel(16)] = 0.000131
E[P_sel(17)] = 0.000120
E[P_sel(18)] = 0.000120
E[P_sel(19)] = 0.000120

---- Expected D_neut and D_sel (neutral and selected divergence per site) 
E[D_neut] = 0.005916
E[D_sel] = 0.001476

---- Expected neutral and selected misattributed polymorphism per site
E[mis_neut] = 0.005879
E[mis_sel] = 0.001467

---- alpha_div = 1.653628
---- alpha_dfe = 0.000000



