---- Performing inference on Ns50_pa_0.001_boots/Ns50_pa_0.001.87.polyDFE.txt using model B

---- Warning: mutation variability is not used when only one neutral and one selected fragment is available.
---- No mutation variability. Using Poisson likelihood.

---- Using provided initial values


-- Starting local optimization
 it       eps_an        eps_cont      lambda        theta_bar      S_d            b             p_b           S_b           r  2          r  3          r  4          r  5          r  6          r  7          r  8          r  9          r 10          r 11          r 12          r 13          r 14          r 15          r 16          r 17          r 18          r 19          r 20         ln lk             grad     status
  0      4.50e-06      9.00e-07       0.00500       0.00100     -400.00000       0.40000       0.02000       4.00000       1.00000       1.00000       1.00000       1.00000       1.00000       1.00000       1.00000       1.00000       1.00000       1.00000       1.00000       1.00000       1.00000       1.00000       1.00000       1.00000       1.00000       1.00000       1.00000  -227651.3641777877   1632.74300   -2
102      4.49e-06      9.00e-07       0.00502       0.00929    -1272.13842       0.18484       0.00250      37.42788       0.97500       0.95198       0.92883       0.94044       0.91315       0.90229       0.86364       0.88111       0.92411       0.91992       0.85515       0.85758       0.86833       0.90806       0.94440       0.88529       0.91064       0.92381       0.85273  -221.9748106133      0.24578   -3
-- Local optimization: stuck in the same solution


---- Best joint likelihood found -221.97481 with gradient 0.24578
-- Model: B
--     eps_an        eps_cont      lambda        theta_bar     a        
--    4.49e-06      9.00e-07       0.00502       0.00929       -1.00000  
--      S_d            b             p_b           S_b      
--  -1272.13842       0.18484       0.00250      37.42788  
--     r  2          r  3          r  4          r  5          r  6          r  7          r  8          r  9          r 10          r 11          r 12          r 13          r 14          r 15          r 16          r 17          r 18          r 19          r 20     
--     0.97500       0.95198       0.92883       0.94044       0.91315       0.90229       0.86364       0.88111       0.92411       0.91992       0.85515       0.85758       0.86833       0.90806       0.94440       0.88529       0.91064       0.92381       0.85273  

---- Expected P_neut(i), 0 < i < n (neutral SFS per site) 
E[P_neut(1)] = 0.009287
E[P_neut(2)] = 0.004527
E[P_neut(3)] = 0.002947
E[P_neut(4)] = 0.002156
E[P_neut(5)] = 0.001747
E[P_neut(6)] = 0.001413
E[P_neut(7)] = 0.001197
E[P_neut(8)] = 0.001003
E[P_neut(9)] = 0.000909
E[P_neut(10)] = 0.000858
E[P_neut(11)] = 0.000777
E[P_neut(12)] = 0.000662
E[P_neut(13)] = 0.000613
E[P_neut(14)] = 0.000576
E[P_neut(15)] = 0.000562
E[P_neut(16)] = 0.000548
E[P_neut(17)] = 0.000484
E[P_neut(18)] = 0.000470
E[P_neut(19)] = 0.000452

---- Expected P_sel(i), 0 < i < n (selected SFS per site) 
E[P_sel(1)] = 0.003678
E[P_sel(2)] = 0.001491
E[P_sel(3)] = 0.000891
E[P_sel(4)] = 0.000617
E[P_sel(5)] = 0.000481
E[P_sel(6)] = 0.000378
E[P_sel(7)] = 0.000312
E[P_sel(8)] = 0.000256
E[P_sel(9)] = 0.000228
E[P_sel(10)] = 0.000212
E[P_sel(11)] = 0.000190
E[P_sel(12)] = 0.000160
E[P_sel(13)] = 0.000147
E[P_sel(14)] = 0.000137
E[P_sel(15)] = 0.000133
E[P_sel(16)] = 0.000130
E[P_sel(17)] = 0.000116
E[P_sel(18)] = 0.000114
E[P_sel(19)] = 0.000114

---- Expected D_neut and D_sel (neutral and selected divergence per site) 
E[D_neut] = 0.005415
E[D_sel] = 0.001662

---- Expected neutral and selected misattributed polymorphism per site
E[mis_neut] = 0.000396
E[mis_sel] = 0.000107

---- alpha_div = 0.307344
---- alpha_dfe = 0.302568



