---- Performing inference on Ns50_pa_0.001_boots/Ns50_pa_0.001.64.polyDFE.txt using model B

---- Warning: mutation variability is not used when only one neutral and one selected fragment is available.
---- No mutation variability. Using Poisson likelihood.

---- Using provided initial values


-- Starting local optimization
 it       eps_an        eps_cont      theta_bar      S_d            b             p_b           S_b           r  2          r  3          r  4          r  5          r  6          r  7          r  8          r  9          r 10          r 11          r 12          r 13          r 14          r 15          r 16          r 17          r 18          r 19         ln lk             grad     status
  0      4.50e-06      9.00e-07       0.00100     -400.00000       0.40000       0.02000       4.00000       1.00000       1.00000       1.00000       1.00000       1.00000       1.00000       1.00000       1.00000       1.00000       1.00000       1.00000       1.00000       1.00000       1.00000       1.00000       1.00000       1.00000       1.00000  -227152.8871108198   1605.20360   -2
423      4.51e-06      9.00e-07       0.00920     -860.55244       0.19782       0.00357       0.59034       0.99400       0.95156       0.94287       0.97725       0.92924       0.94078       0.88438       0.87714       0.92737       0.89893       0.84212       0.92879       0.90440       0.96212       0.91317       0.90142       0.97100       1.02809  -193.8994868065      0.01387   -3
-- Local optimization: stuck in the same solution


---- Best joint likelihood found -193.89949 with gradient 0.01387
-- Model: B
--     eps_an        eps_cont      theta_bar     a        
--    4.51e-06      9.00e-07       0.00920       -1.00000  
--      S_d            b             p_b           S_b      
--   -860.55244       0.19782       0.00357       0.59034  
--     r  2          r  3          r  4          r  5          r  6          r  7          r  8          r  9          r 10          r 11          r 12          r 13          r 14          r 15          r 16          r 17          r 18          r 19     
--     0.99400       0.95156       0.94287       0.97725       0.92924       0.94078       0.88438       0.87714       0.92737       0.89893       0.84212       0.92879       0.90440       0.96212       0.91317       0.90142       0.97100       1.02809  

---- Expected P_neut(i), 0 < i < n (neutral SFS per site) 
E[P_neut(1)] = 0.009198
E[P_neut(2)] = 0.004571
E[P_neut(3)] = 0.002917
E[P_neut(4)] = 0.002168
E[P_neut(5)] = 0.001798
E[P_neut(6)] = 0.001425
E[P_neut(7)] = 0.001236
E[P_neut(8)] = 0.001017
E[P_neut(9)] = 0.000896
E[P_neut(10)] = 0.000853
E[P_neut(11)] = 0.000752
E[P_neut(12)] = 0.000645
E[P_neut(13)] = 0.000657
E[P_neut(14)] = 0.000594
E[P_neut(15)] = 0.000590
E[P_neut(16)] = 0.000525
E[P_neut(17)] = 0.000488
E[P_neut(18)] = 0.000496
E[P_neut(19)] = 0.000498

---- Expected P_sel(i), 0 < i < n (selected SFS per site) 
E[P_sel(1)] = 0.003738
E[P_sel(2)] = 0.001526
E[P_sel(3)] = 0.000888
E[P_sel(4)] = 0.000623
E[P_sel(5)] = 0.000495
E[P_sel(6)] = 0.000379
E[P_sel(7)] = 0.000320
E[P_sel(8)] = 0.000257
E[P_sel(9)] = 0.000223
E[P_sel(10)] = 0.000208
E[P_sel(11)] = 0.000181
E[P_sel(12)] = 0.000153
E[P_sel(13)] = 0.000154
E[P_sel(14)] = 0.000137
E[P_sel(15)] = 0.000135
E[P_sel(16)] = 0.000119
E[P_sel(17)] = 0.000109
E[P_sel(18)] = 0.000110
E[P_sel(19)] = 0.000110

---- Expected neutral and selected misattributed polymorphism per site
E[mis_neut] = 0.000460
E[mis_sel] = 0.000100

---- alpha_div = 0.326701
---- alpha_dfe = 0.021774



