---- Performing inference on Ns50_pa_0.001_boots/Ns50_pa_0.001.40.polyDFE.txt using model B

---- Warning: mutation variability is not used when only one neutral and one selected fragment is available.
---- No mutation variability. Using Poisson likelihood.

---- Using provided initial values


-- Starting local optimization
 it       eps_an        eps_cont      theta_bar      S_d            b             p_b           S_b           r  2          r  3          r  4          r  5          r  6          r  7          r  8          r  9          r 10          r 11          r 12          r 13          r 14          r 15          r 16          r 17          r 18          r 19         ln lk             grad     status
  0      4.50e-06      9.00e-07       0.00100     -400.00000       0.40000       0.02000       4.00000       1.00000       1.00000       1.00000       1.00000       1.00000       1.00000       1.00000       1.00000       1.00000       1.00000       1.00000       1.00000       1.00000       1.00000       1.00000       1.00000       1.00000       1.00000  -226449.2752904906   1602.10392   -2
446      4.40e-06      9.00e-07       0.00922    -1101.91207       0.18710       0.00073       0.14228       0.98240       0.96939       0.94949       0.96014       0.92097       0.91841       0.86705       0.88392       0.88648       0.93171       0.86833       0.86938       0.90396       0.94166       0.93362       0.90925       0.95775       1.00193  -193.5139684455      0.00136   -3
-- Local optimization: stuck in the same solution


---- Best joint likelihood found -193.51397 with gradient 0.00136
-- Model: B
--     eps_an        eps_cont      theta_bar     a        
--    4.40e-06      9.00e-07       0.00922       -1.00000  
--      S_d            b             p_b           S_b      
--  -1101.91207       0.18710       0.00073       0.14228  
--     r  2          r  3          r  4          r  5          r  6          r  7          r  8          r  9          r 10          r 11          r 12          r 13          r 14          r 15          r 16          r 17          r 18          r 19     
--     0.98240       0.96939       0.94949       0.96014       0.92097       0.91841       0.86705       0.88392       0.88648       0.93171       0.86833       0.86938       0.90396       0.94166       0.93362       0.90925       0.95775       1.00193  

---- Expected P_neut(i), 0 < i < n (neutral SFS per site) 
E[P_neut(1)] = 0.009218
E[P_neut(2)] = 0.004528
E[P_neut(3)] = 0.002979
E[P_neut(4)] = 0.002188
E[P_neut(5)] = 0.001770
E[P_neut(6)] = 0.001415
E[P_neut(7)] = 0.001209
E[P_neut(8)] = 0.000999
E[P_neut(9)] = 0.000905
E[P_neut(10)] = 0.000817
E[P_neut(11)] = 0.000781
E[P_neut(12)] = 0.000667
E[P_neut(13)] = 0.000616
E[P_neut(14)] = 0.000595
E[P_neut(15)] = 0.000579
E[P_neut(16)] = 0.000538
E[P_neut(17)] = 0.000493
E[P_neut(18)] = 0.000491
E[P_neut(19)] = 0.000486

---- Expected P_sel(i), 0 < i < n (selected SFS per site) 
E[P_sel(1)] = 0.003703
E[P_sel(2)] = 0.001508
E[P_sel(3)] = 0.000908
E[P_sel(4)] = 0.000631
E[P_sel(5)] = 0.000490
E[P_sel(6)] = 0.000379
E[P_sel(7)] = 0.000316
E[P_sel(8)] = 0.000255
E[P_sel(9)] = 0.000227
E[P_sel(10)] = 0.000201
E[P_sel(11)] = 0.000189
E[P_sel(12)] = 0.000160
E[P_sel(13)] = 0.000146
E[P_sel(14)] = 0.000139
E[P_sel(15)] = 0.000134
E[P_sel(16)] = 0.000123
E[P_sel(17)] = 0.000112
E[P_sel(18)] = 0.000110
E[P_sel(19)] = 0.000108

---- Expected neutral and selected misattributed polymorphism per site
E[mis_neut] = 0.000461
E[mis_sel] = 0.000102

---- alpha_div = 0.302834
---- alpha_dfe = 0.003586



