---- Performing inference on Ns50_pa_0.001_boots/Ns50_pa_0.001.41.polyDFE.txt using model B

---- Warning: mutation variability is not used when only one neutral and one selected fragment is available.
---- No mutation variability. Using Poisson likelihood.

---- Using provided initial values


-- Starting local optimization
 it       eps_an        theta_bar      S_d            b             r  2          r  3          r  4          r  5          r  6          r  7          r  8          r  9          r 10          r 11          r 12          r 13          r 14          r 15          r 16          r 17          r 18          r 19         ln lk             grad     status
  0      4.50e-06       0.00100     -400.00000       0.40000       1.00000       1.00000       1.00000       1.00000       1.00000       1.00000       1.00000       1.00000       1.00000       1.00000       1.00000       1.00000       1.00000       1.00000       1.00000       1.00000       1.00000       1.00000  -234392.4418163990   1684.09812   -2
126      4.50e-06       0.00912     -801.61885       0.19825       0.98424       0.96352       0.94679       0.96040       0.90791       0.92669       0.91659       0.91597       0.92571       0.88654       0.88707       0.88744       0.90023       0.93929       0.93543       0.91877       0.96456       1.02117  -193.6610510789      0.00078   -3
-- Local optimization: stuck in the same solution


---- Best joint likelihood found -193.66105 with gradient 0.00078
-- Model: B
--     eps_an        eps_cont      theta_bar     a        
--    4.50e-06      0.00e+00       0.00912       -1.00000  
--      S_d            b             p_b           S_b      
--   -801.61885       0.19825      0.00e+00      0.00e+00  
--     r  2          r  3          r  4          r  5          r  6          r  7          r  8          r  9          r 10          r 11          r 12          r 13          r 14          r 15          r 16          r 17          r 18          r 19     
--     0.98424       0.96352       0.94679       0.96040       0.90791       0.92669       0.91659       0.91597       0.92571       0.88654       0.88707       0.88744       0.90023       0.93929       0.93543       0.91877       0.96456       1.02117  

---- Expected P_neut(i), 0 < i < n (neutral SFS per site) 
E[P_neut(1)] = 0.009119
E[P_neut(2)] = 0.004488
E[P_neut(3)] = 0.002929
E[P_neut(4)] = 0.002158
E[P_neut(5)] = 0.001752
E[P_neut(6)] = 0.001380
E[P_neut(7)] = 0.001207
E[P_neut(8)] = 0.001045
E[P_neut(9)] = 0.000928
E[P_neut(10)] = 0.000844
E[P_neut(11)] = 0.000735
E[P_neut(12)] = 0.000674
E[P_neut(13)] = 0.000623
E[P_neut(14)] = 0.000586
E[P_neut(15)] = 0.000571
E[P_neut(16)] = 0.000533
E[P_neut(17)] = 0.000493
E[P_neut(18)] = 0.000489
E[P_neut(19)] = 0.000490

---- Expected P_sel(i), 0 < i < n (selected SFS per site) 
E[P_sel(1)] = 0.003731
E[P_sel(2)] = 0.001505
E[P_sel(3)] = 0.000895
E[P_sel(4)] = 0.000621
E[P_sel(5)] = 0.000483
E[P_sel(6)] = 0.000368
E[P_sel(7)] = 0.000313
E[P_sel(8)] = 0.000264
E[P_sel(9)] = 0.000230
E[P_sel(10)] = 0.000206
E[P_sel(11)] = 0.000176
E[P_sel(12)] = 0.000159
E[P_sel(13)] = 0.000145
E[P_sel(14)] = 0.000135
E[P_sel(15)] = 0.000130
E[P_sel(16)] = 0.000120
E[P_sel(17)] = 0.000110
E[P_sel(18)] = 0.000108
E[P_sel(19)] = 0.000107

---- Expected neutral and selected misattributed polymorphism per site
E[mis_neut] = 0.000456
E[mis_sel] = 0.000099

---- alpha_div = 0.318578
---- alpha_dfe = 0.000000



