---- Performing inference on Ns50_pa_0.001_boots/Ns50_pa_0.001.70.polyDFE.txt using model B

---- Warning: mutation variability is not used when only one neutral and one selected fragment is available.
---- No mutation variability. Using Poisson likelihood.

---- Using provided initial values


-- Starting local optimization
 it       eps_an        eps_cont      theta_bar      S_d            b             p_b           S_b           r  2          r  3          r  4          r  5          r  6          r  7          r  8          r  9          r 10          r 11          r 12          r 13          r 14          r 15          r 16          r 17          r 18          r 19         ln lk             grad     status
  0      4.50e-06      9.00e-07       0.00100     -400.00000       0.40000       0.02000       4.00000       1.00000       1.00000       1.00000       1.00000       1.00000       1.00000       1.00000       1.00000       1.00000       1.00000       1.00000       1.00000       1.00000       1.00000       1.00000       1.00000       1.00000       1.00000  -227801.6044439024   1607.35715   -2
389      4.48e-06      9.00e-07       0.00937    -1200.44811       0.18556       0.00168       0.23011       0.96763       0.94523       0.94009       0.93436       0.89285       0.89601       0.88064       0.88441       0.91400       0.89232       0.88315       0.89536       0.88612       0.92893       0.87605       0.88715       0.97017       1.02251  -197.9913096280      0.00100   -3
-- Local optimization: stuck in the same solution


---- Best joint likelihood found -197.99131 with gradient 0.00100
-- Model: B
--     eps_an        eps_cont      theta_bar     a        
--    4.48e-06      9.00e-07       0.00937       -1.00000  
--      S_d            b             p_b           S_b      
--  -1200.44811       0.18556       0.00168       0.23011  
--     r  2          r  3          r  4          r  5          r  6          r  7          r  8          r  9          r 10          r 11          r 12          r 13          r 14          r 15          r 16          r 17          r 18          r 19     
--     0.96763       0.94523       0.94009       0.93436       0.89285       0.89601       0.88064       0.88441       0.91400       0.89232       0.88315       0.89536       0.88612       0.92893       0.87605       0.88715       0.97017       1.02251  

---- Expected P_neut(i), 0 < i < n (neutral SFS per site) 
E[P_neut(1)] = 0.009366
E[P_neut(2)] = 0.004532
E[P_neut(3)] = 0.002951
E[P_neut(4)] = 0.002201
E[P_neut(5)] = 0.001750
E[P_neut(6)] = 0.001394
E[P_neut(7)] = 0.001199
E[P_neut(8)] = 0.001031
E[P_neut(9)] = 0.000920
E[P_neut(10)] = 0.000856
E[P_neut(11)] = 0.000760
E[P_neut(12)] = 0.000689
E[P_neut(13)] = 0.000645
E[P_neut(14)] = 0.000593
E[P_neut(15)] = 0.000580
E[P_neut(16)] = 0.000513
E[P_neut(17)] = 0.000489
E[P_neut(18)] = 0.000505
E[P_neut(19)] = 0.000504

---- Expected P_sel(i), 0 < i < n (selected SFS per site) 
E[P_sel(1)] = 0.003732
E[P_sel(2)] = 0.001499
E[P_sel(3)] = 0.000895
E[P_sel(4)] = 0.000632
E[P_sel(5)] = 0.000483
E[P_sel(6)] = 0.000372
E[P_sel(7)] = 0.000312
E[P_sel(8)] = 0.000263
E[P_sel(9)] = 0.000230
E[P_sel(10)] = 0.000210
E[P_sel(11)] = 0.000184
E[P_sel(12)] = 0.000165
E[P_sel(13)] = 0.000152
E[P_sel(14)] = 0.000138
E[P_sel(15)] = 0.000134
E[P_sel(16)] = 0.000117
E[P_sel(17)] = 0.000111
E[P_sel(18)] = 0.000113
E[P_sel(19)] = 0.000112

---- Expected neutral and selected misattributed polymorphism per site
E[mis_neut] = 0.000468
E[mis_sel] = 0.000103

---- alpha_div = 0.316412
---- alpha_dfe = 0.008600



