---- Performing inference on Ns50_pa_0.001_boots/Ns50_pa_0.001.66.polyDFE.txt using model B

---- Warning: mutation variability is not used when only one neutral and one selected fragment is available.
---- No mutation variability. Using Poisson likelihood.

---- Using provided initial values


-- Starting local optimization
 it       eps_an        theta_bar      S_d            b             r  2          r  3          r  4          r  5          r  6          r  7          r  8          r  9          r 10          r 11          r 12          r 13          r 14          r 15          r 16          r 17          r 18          r 19         ln lk             grad     status
  0      4.50e-06       0.00100     -400.00000       0.40000       1.00000       1.00000       1.00000       1.00000       1.00000       1.00000       1.00000       1.00000       1.00000       1.00000       1.00000       1.00000       1.00000       1.00000       1.00000       1.00000       1.00000       1.00000  -236201.2966406704   1693.61900   -2
143      4.50e-06       0.00916     -824.43370       0.19643       0.97667       0.96869       0.95516       0.95004       0.92810       0.92891       0.89413       0.89912       0.92030       0.92187       0.89151       0.85444       0.87644       0.98144       0.92570       0.92711       0.94332       0.99064  -196.3068816205      0.00065   -3
-- Local optimization: stuck in the same solution


---- Best joint likelihood found -196.30688 with gradient 0.00065
-- Model: B
--     eps_an        eps_cont      theta_bar     a        
--    4.50e-06      0.00e+00       0.00916       -1.00000  
--      S_d            b             p_b           S_b      
--   -824.43370       0.19643      0.00e+00      0.00e+00  
--     r  2          r  3          r  4          r  5          r  6          r  7          r  8          r  9          r 10          r 11          r 12          r 13          r 14          r 15          r 16          r 17          r 18          r 19     
--     0.97667       0.96869       0.95516       0.95004       0.92810       0.92891       0.89413       0.89912       0.92030       0.92187       0.89151       0.85444       0.87644       0.98144       0.92570       0.92711       0.94332       0.99064  

---- Expected P_neut(i), 0 < i < n (neutral SFS per site) 
E[P_neut(1)] = 0.009158
E[P_neut(2)] = 0.004472
E[P_neut(3)] = 0.002957
E[P_neut(4)] = 0.002187
E[P_neut(5)] = 0.001740
E[P_neut(6)] = 0.001417
E[P_neut(7)] = 0.001215
E[P_neut(8)] = 0.001024
E[P_neut(9)] = 0.000915
E[P_neut(10)] = 0.000843
E[P_neut(11)] = 0.000768
E[P_neut(12)] = 0.000680
E[P_neut(13)] = 0.000602
E[P_neut(14)] = 0.000573
E[P_neut(15)] = 0.000599
E[P_neut(16)] = 0.000530
E[P_neut(17)] = 0.000499
E[P_neut(18)] = 0.000480
E[P_neut(19)] = 0.000478

---- Expected P_sel(i), 0 < i < n (selected SFS per site) 
E[P_sel(1)] = 0.003750
E[P_sel(2)] = 0.001504
E[P_sel(3)] = 0.000907
E[P_sel(4)] = 0.000632
E[P_sel(5)] = 0.000482
E[P_sel(6)] = 0.000379
E[P_sel(7)] = 0.000316
E[P_sel(8)] = 0.000260
E[P_sel(9)] = 0.000228
E[P_sel(10)] = 0.000206
E[P_sel(11)] = 0.000185
E[P_sel(12)] = 0.000162
E[P_sel(13)] = 0.000141
E[P_sel(14)] = 0.000133
E[P_sel(15)] = 0.000137
E[P_sel(16)] = 0.000120
E[P_sel(17)] = 0.000112
E[P_sel(18)] = 0.000107
E[P_sel(19)] = 0.000105

---- Expected neutral and selected misattributed polymorphism per site
E[mis_neut] = 0.000458
E[mis_sel] = 0.000100

---- alpha_div = 0.320033
---- alpha_dfe = 0.000000



