---- Performing inference on Ns50_pa_0.001_boots/Ns50_pa_0.001.29.polyDFE.txt using model B

---- Warning: mutation variability is not used when only one neutral and one selected fragment is available.
---- No mutation variability. Using Poisson likelihood.

---- Using provided initial values


-- Starting local optimization
 it       eps_an        theta_bar      S_d            b             r  2          r  3          r  4          r  5          r  6          r  7          r  8          r  9          r 10          r 11          r 12          r 13          r 14          r 15          r 16          r 17          r 18          r 19         ln lk             grad     status
  0      4.50e-06       0.00100     -400.00000       0.40000       1.00000       1.00000       1.00000       1.00000       1.00000       1.00000       1.00000       1.00000       1.00000       1.00000       1.00000       1.00000       1.00000       1.00000       1.00000       1.00000       1.00000       1.00000  -237760.0276269932   1700.11686   -2
194      4.50e-06       0.00924     -827.64616       0.19743       0.98387       0.96402       0.93775       0.95699       0.92942       0.92277       0.90091       0.90660       0.89740       0.91233       0.86836       0.86503       0.89536       0.94175       0.93190       0.88157       0.95612       1.00575  -194.8159690453      0.00098   -3
-- Local optimization: stuck in the same solution


---- Best joint likelihood found -194.81597 with gradient 0.00098
-- Model: B
--     eps_an        eps_cont      theta_bar     a        
--    4.50e-06      0.00e+00       0.00924       -1.00000  
--      S_d            b             p_b           S_b      
--   -827.64616       0.19743      0.00e+00      0.00e+00  
--     r  2          r  3          r  4          r  5          r  6          r  7          r  8          r  9          r 10          r 11          r 12          r 13          r 14          r 15          r 16          r 17          r 18          r 19     
--     0.98387       0.96402       0.93775       0.95699       0.92942       0.92277       0.90091       0.90660       0.89740       0.91233       0.86836       0.86503       0.89536       0.94175       0.93190       0.88157       0.95612       1.00575  

---- Expected P_neut(i), 0 < i < n (neutral SFS per site) 
E[P_neut(1)] = 0.009239
E[P_neut(2)] = 0.004545
E[P_neut(3)] = 0.002969
E[P_neut(4)] = 0.002166
E[P_neut(5)] = 0.001768
E[P_neut(6)] = 0.001431
E[P_neut(7)] = 0.001218
E[P_neut(8)] = 0.001040
E[P_neut(9)] = 0.000931
E[P_neut(10)] = 0.000829
E[P_neut(11)] = 0.000766
E[P_neut(12)] = 0.000669
E[P_neut(13)] = 0.000615
E[P_neut(14)] = 0.000591
E[P_neut(15)] = 0.000580
E[P_neut(16)] = 0.000538
E[P_neut(17)] = 0.000479
E[P_neut(18)] = 0.000491
E[P_neut(19)] = 0.000489

---- Expected P_sel(i), 0 < i < n (selected SFS per site) 
E[P_sel(1)] = 0.003767
E[P_sel(2)] = 0.001520
E[P_sel(3)] = 0.000905
E[P_sel(4)] = 0.000622
E[P_sel(5)] = 0.000487
E[P_sel(6)] = 0.000381
E[P_sel(7)] = 0.000315
E[P_sel(8)] = 0.000263
E[P_sel(9)] = 0.000230
E[P_sel(10)] = 0.000202
E[P_sel(11)] = 0.000183
E[P_sel(12)] = 0.000158
E[P_sel(13)] = 0.000143
E[P_sel(14)] = 0.000136
E[P_sel(15)] = 0.000132
E[P_sel(16)] = 0.000121
E[P_sel(17)] = 0.000107
E[P_sel(18)] = 0.000108
E[P_sel(19)] = 0.000107

---- Expected neutral and selected misattributed polymorphism per site
E[mis_neut] = 0.000462
E[mis_sel] = 0.000100

---- alpha_div = 0.330392
---- alpha_dfe = 0.000000



