---- Performing inference on Ns50_pa_0.001_boots/Ns50_pa_0.001.27.polyDFE.txt using model B

---- Warning: mutation variability is not used when only one neutral and one selected fragment is available.
---- No mutation variability. Using Poisson likelihood.

---- Using provided initial values


-- Starting local optimization
 it       eps_an        eps_cont      lambda        theta_bar      S_d            b             p_b           S_b           r  2          r  3          r  4          r  5          r  6          r  7          r  8          r  9          r 10          r 11          r 12          r 13          r 14          r 15          r 16          r 17          r 18          r 19          r 20         ln lk             grad     status
  0      4.50e-06      9.00e-07       0.00500       0.00100     -400.00000       0.40000       0.02000       4.00000       1.00000       1.00000       1.00000       1.00000       1.00000       1.00000       1.00000       1.00000       1.00000       1.00000       1.00000       1.00000       1.00000       1.00000       1.00000       1.00000       1.00000       1.00000       1.00000  -229939.6498032644   1644.77678   -2
125      4.50e-06      9.00e-07       0.00499       0.00909     -791.99620       0.20221       0.00269      37.42483       1.01621       0.97290       0.96473       1.00095       0.96016       0.94461       0.90521       0.93237       0.93315       0.95709       0.90004       0.87053       0.96111       0.93058       0.92726       0.88049       0.90612       0.94188       0.88184  -213.7599145596      0.34576   -3
-- Local optimization: stuck in the same solution


---- Best joint likelihood found -213.75991 with gradient 0.34576
-- Model: B
--     eps_an        eps_cont      lambda        theta_bar     a        
--    4.50e-06      9.00e-07       0.00499       0.00909       -1.00000  
--      S_d            b             p_b           S_b      
--   -791.99620       0.20221       0.00269      37.42483  
--     r  2          r  3          r  4          r  5          r  6          r  7          r  8          r  9          r 10          r 11          r 12          r 13          r 14          r 15          r 16          r 17          r 18          r 19          r 20     
--     1.01621       0.97290       0.96473       1.00095       0.96016       0.94461       0.90521       0.93237       0.93315       0.95709       0.90004       0.87053       0.96111       0.93058       0.92726       0.88049       0.90612       0.94188       0.88184  

---- Expected P_neut(i), 0 < i < n (neutral SFS per site) 
E[P_neut(1)] = 0.009088
E[P_neut(2)] = 0.004617
E[P_neut(3)] = 0.002947
E[P_neut(4)] = 0.002192
E[P_neut(5)] = 0.001819
E[P_neut(6)] = 0.001454
E[P_neut(7)] = 0.001226
E[P_neut(8)] = 0.001028
E[P_neut(9)] = 0.000941
E[P_neut(10)] = 0.000848
E[P_neut(11)] = 0.000791
E[P_neut(12)] = 0.000682
E[P_neut(13)] = 0.000609
E[P_neut(14)] = 0.000624
E[P_neut(15)] = 0.000564
E[P_neut(16)] = 0.000527
E[P_neut(17)] = 0.000471
E[P_neut(18)] = 0.000457
E[P_neut(19)] = 0.000451

---- Expected P_sel(i), 0 < i < n (selected SFS per site) 
E[P_sel(1)] = 0.003692
E[P_sel(2)] = 0.001535
E[P_sel(3)] = 0.000892
E[P_sel(4)] = 0.000625
E[P_sel(5)] = 0.000497
E[P_sel(6)] = 0.000384
E[P_sel(7)] = 0.000315
E[P_sel(8)] = 0.000259
E[P_sel(9)] = 0.000232
E[P_sel(10)] = 0.000206
E[P_sel(11)] = 0.000190
E[P_sel(12)] = 0.000162
E[P_sel(13)] = 0.000143
E[P_sel(14)] = 0.000146
E[P_sel(15)] = 0.000131
E[P_sel(16)] = 0.000122
E[P_sel(17)] = 0.000110
E[P_sel(18)] = 0.000109
E[P_sel(19)] = 0.000112

---- Expected D_neut and D_sel (neutral and selected divergence per site) 
E[D_neut] = 0.005388
E[D_sel] = 0.001654

---- Expected neutral and selected misattributed polymorphism per site
E[mis_neut] = 0.000401
E[mis_sel] = 0.000108

---- alpha_div = 0.330203
---- alpha_dfe = 0.324171



