---- Performing inference on Ns50_pa_0.001_boots/Ns50_pa_0.001.47.polyDFE.txt using model B

---- Warning: mutation variability is not used when only one neutral and one selected fragment is available.
---- No mutation variability. Using Poisson likelihood.

---- Using provided initial values


-- Starting local optimization
 it       eps_an        eps_cont      theta_bar      S_d            b             p_b           S_b           r  2          r  3          r  4          r  5          r  6          r  7          r  8          r  9          r 10          r 11          r 12          r 13          r 14          r 15          r 16          r 17          r 18          r 19         ln lk             grad     status
  0      4.50e-06      9.00e-07       0.00100     -400.00000       0.40000       0.02000       4.00000       1.00000       1.00000       1.00000       1.00000       1.00000       1.00000       1.00000       1.00000       1.00000       1.00000       1.00000       1.00000       1.00000       1.00000       1.00000       1.00000       1.00000       1.00000  -225804.4550594302   1599.00694   -2
660      4.47e-06      9.00e-07       0.00917     -941.06332       0.19299       0.00243       0.25516       0.97625       0.96145       0.93374       0.95470       0.91739       0.93291       0.89954       0.89347       0.90399       0.92006       0.88887       0.90930       0.91357       0.94608       0.93959       0.92970       0.96350       1.01940  -198.7088664765      0.00218   -3
-- Local optimization: stuck in the same solution


---- Best joint likelihood found -198.70887 with gradient 0.00218
-- Model: B
--     eps_an        eps_cont      theta_bar     a        
--    4.47e-06      9.00e-07       0.00917       -1.00000  
--      S_d            b             p_b           S_b      
--   -941.06332       0.19299       0.00243       0.25516  
--     r  2          r  3          r  4          r  5          r  6          r  7          r  8          r  9          r 10          r 11          r 12          r 13          r 14          r 15          r 16          r 17          r 18          r 19     
--     0.97625       0.96145       0.93374       0.95470       0.91739       0.93291       0.89954       0.89347       0.90399       0.92006       0.88887       0.90930       0.91357       0.94608       0.93959       0.92970       0.96350       1.01940  

---- Expected P_neut(i), 0 < i < n (neutral SFS per site) 
E[P_neut(1)] = 0.009173
E[P_neut(2)] = 0.004478
E[P_neut(3)] = 0.002940
E[P_neut(4)] = 0.002141
E[P_neut(5)] = 0.001751
E[P_neut(6)] = 0.001403
E[P_neut(7)] = 0.001223
E[P_neut(8)] = 0.001031
E[P_neut(9)] = 0.000911
E[P_neut(10)] = 0.000829
E[P_neut(11)] = 0.000767
E[P_neut(12)] = 0.000679
E[P_neut(13)] = 0.000642
E[P_neut(14)] = 0.000599
E[P_neut(15)] = 0.000579
E[P_neut(16)] = 0.000539
E[P_neut(17)] = 0.000502
E[P_neut(18)] = 0.000491
E[P_neut(19)] = 0.000492

---- Expected P_sel(i), 0 < i < n (selected SFS per site) 
E[P_sel(1)] = 0.003722
E[P_sel(2)] = 0.001499
E[P_sel(3)] = 0.000899
E[P_sel(4)] = 0.000618
E[P_sel(5)] = 0.000485
E[P_sel(6)] = 0.000376
E[P_sel(7)] = 0.000319
E[P_sel(8)] = 0.000263
E[P_sel(9)] = 0.000228
E[P_sel(10)] = 0.000204
E[P_sel(11)] = 0.000186
E[P_sel(12)] = 0.000162
E[P_sel(13)] = 0.000151
E[P_sel(14)] = 0.000139
E[P_sel(15)] = 0.000133
E[P_sel(16)] = 0.000123
E[P_sel(17)] = 0.000113
E[P_sel(18)] = 0.000110
E[P_sel(19)] = 0.000109

---- Expected neutral and selected misattributed polymorphism per site
E[mis_neut] = 0.000459
E[mis_sel] = 0.000101

---- alpha_div = 0.314232
---- alpha_dfe = 0.012594



