---- Performing inference on Ns50_pa_0.001_boots/Ns50_pa_0.001.67.polyDFE.txt using model B

---- Warning: mutation variability is not used when only one neutral and one selected fragment is available.
---- No mutation variability. Using Poisson likelihood.

---- Using provided initial values


-- Starting local optimization
 it       eps_an        eps_cont      theta_bar      S_d            b             p_b           S_b           r  2          r  3          r  4          r  5          r  6          r  7          r  8          r  9          r 10          r 11          r 12          r 13          r 14          r 15          r 16          r 17          r 18          r 19         ln lk             grad     status
  0      4.50e-06      9.00e-07       0.00100     -400.00000       0.40000       0.02000       4.00000       1.00000       1.00000       1.00000       1.00000       1.00000       1.00000       1.00000       1.00000       1.00000       1.00000       1.00000       1.00000       1.00000       1.00000       1.00000       1.00000       1.00000       1.00000  -226292.5075109410   1600.53614   -2
279      4.49e-06      9.00e-07       0.00913     -715.82638       0.20641       0.00425       0.61768       0.99323       0.96840       0.95973       0.97447       0.94448       0.92383       0.89809       0.88736       0.89871       0.92490       0.88285       0.87547       0.96391       0.96023       0.97692       0.91476       1.00163       1.02445  -200.1551694612      0.00457   -3
-- Local optimization: stuck in the same solution


---- Best joint likelihood found -200.15517 with gradient 0.00457
-- Model: B
--     eps_an        eps_cont      theta_bar     a        
--    4.49e-06      9.00e-07       0.00913       -1.00000  
--      S_d            b             p_b           S_b      
--   -715.82638       0.20641       0.00425       0.61768  
--     r  2          r  3          r  4          r  5          r  6          r  7          r  8          r  9          r 10          r 11          r 12          r 13          r 14          r 15          r 16          r 17          r 18          r 19     
--     0.99323       0.96840       0.95973       0.97447       0.94448       0.92383       0.89809       0.88736       0.89871       0.92490       0.88285       0.87547       0.96391       0.96023       0.97692       0.91476       1.00163       1.02445  

---- Expected P_neut(i), 0 < i < n (neutral SFS per site) 
E[P_neut(1)] = 0.009133
E[P_neut(2)] = 0.004535
E[P_neut(3)] = 0.002948
E[P_neut(4)] = 0.002191
E[P_neut(5)] = 0.001780
E[P_neut(6)] = 0.001438
E[P_neut(7)] = 0.001205
E[P_neut(8)] = 0.001025
E[P_neut(9)] = 0.000900
E[P_neut(10)] = 0.000821
E[P_neut(11)] = 0.000768
E[P_neut(12)] = 0.000672
E[P_neut(13)] = 0.000615
E[P_neut(14)] = 0.000629
E[P_neut(15)] = 0.000585
E[P_neut(16)] = 0.000558
E[P_neut(17)] = 0.000491
E[P_neut(18)] = 0.000508
E[P_neut(19)] = 0.000492

---- Expected P_sel(i), 0 < i < n (selected SFS per site) 
E[P_sel(1)] = 0.003740
E[P_sel(2)] = 0.001515
E[P_sel(3)] = 0.000895
E[P_sel(4)] = 0.000626
E[P_sel(5)] = 0.000486
E[P_sel(6)] = 0.000379
E[P_sel(7)] = 0.000309
E[P_sel(8)] = 0.000257
E[P_sel(9)] = 0.000221
E[P_sel(10)] = 0.000198
E[P_sel(11)] = 0.000182
E[P_sel(12)] = 0.000157
E[P_sel(13)] = 0.000142
E[P_sel(14)] = 0.000143
E[P_sel(15)] = 0.000132
E[P_sel(16)] = 0.000124
E[P_sel(17)] = 0.000108
E[P_sel(18)] = 0.000111
E[P_sel(19)] = 0.000107

---- Expected neutral and selected misattributed polymorphism per site
E[mis_neut] = 0.000457
E[mis_sel] = 0.000098

---- alpha_div = 0.345756
---- alpha_dfe = 0.026708



