---- Performing inference on Ns50_pa_0.001_boots/Ns50_pa_0.001.93.polyDFE.txt using model B

---- Warning: mutation variability is not used when only one neutral and one selected fragment is available.
---- No mutation variability. Using Poisson likelihood.

---- Using provided initial values


-- Starting local optimization
 it       eps_an        lambda        theta_bar      S_d            b             r  2          r  3          r  4          r  5          r  6          r  7          r  8          r  9          r 10          r 11          r 12          r 13          r 14          r 15          r 16          r 17          r 18          r 19          r 20         ln lk             grad     status
  0      4.50e-06       0.00500       0.00100     -400.00000       0.40000       1.00000       1.00000       1.00000       1.00000       1.00000       1.00000       1.00000       1.00000       1.00000       1.00000       1.00000       1.00000       1.00000       1.00000       1.00000       1.00000       1.00000       1.00000       1.00000  -244040.9287898417   1816.38787   -2
528      4.35e-06       0.00016       0.00935    -4831.94170       0.14036       0.94535       0.91272       0.90977       0.90856       0.88385       0.87229       0.84472       0.83603       0.84943       0.82772       0.79740       0.82624       0.84358       0.90935       0.89392       0.86508       0.90789       0.90336      12.36629  -452.5862521765      0.03519   -3
-- Local optimization: stuck in the same solution


---- Best joint likelihood found -452.58625 with gradient 0.03519
-- Model: B
--     eps_an        eps_cont      lambda        theta_bar     a        
--    4.35e-06      0.00e+00       0.00016       0.00935       -1.00000  
--      S_d            b             p_b           S_b      
--  -4831.94170       0.14036      0.00e+00      0.00e+00  
--     r  2          r  3          r  4          r  5          r  6          r  7          r  8          r  9          r 10          r 11          r 12          r 13          r 14          r 15          r 16          r 17          r 18          r 19          r 20     
--     0.94535       0.91272       0.90977       0.90856       0.88385       0.87229       0.84472       0.83603       0.84943       0.82772       0.79740       0.82624       0.84358       0.90935       0.89392       0.86508       0.90789       0.90336      12.36629  

---- Expected P_neut(i), 0 < i < n (neutral SFS per site) 
E[P_neut(1)] = 0.009349
E[P_neut(2)] = 0.004419
E[P_neut(3)] = 0.002844
E[P_neut(4)] = 0.002126
E[P_neut(5)] = 0.001699
E[P_neut(6)] = 0.001377
E[P_neut(7)] = 0.001165
E[P_neut(8)] = 0.000987
E[P_neut(9)] = 0.000868
E[P_neut(10)] = 0.000794
E[P_neut(11)] = 0.000703
E[P_neut(12)] = 0.000621
E[P_neut(13)] = 0.000594
E[P_neut(14)] = 0.000563
E[P_neut(15)] = 0.000567
E[P_neut(16)] = 0.000522
E[P_neut(17)] = 0.000476
E[P_neut(18)] = 0.000472
E[P_neut(19)] = 0.000445

---- Expected P_sel(i), 0 < i < n (selected SFS per site) 
E[P_sel(1)] = 0.003674
E[P_sel(2)] = 0.001509
E[P_sel(3)] = 0.000910
E[P_sel(4)] = 0.000652
E[P_sel(5)] = 0.000506
E[P_sel(6)] = 0.000400
E[P_sel(7)] = 0.000332
E[P_sel(8)] = 0.000277
E[P_sel(9)] = 0.000240
E[P_sel(10)] = 0.000217
E[P_sel(11)] = 0.000190
E[P_sel(12)] = 0.000166
E[P_sel(13)] = 0.000157
E[P_sel(14)] = 0.000148
E[P_sel(15)] = 0.000147
E[P_sel(16)] = 0.000135
E[P_sel(17)] = 0.000122
E[P_sel(18)] = 0.000120
E[P_sel(19)] = 0.000112

---- Expected D_neut and D_sel (neutral and selected divergence per site) 
E[D_neut] = 0.005938
E[D_sel] = 0.001492

---- Expected neutral and selected misattributed polymorphism per site
E[mis_neut] = 0.005781
E[mis_sel] = 0.001452

---- alpha_div = 1.443096
---- alpha_dfe = 0.000000



