---- Performing inference on Ns50_pa_0.001_boots/Ns50_pa_0.001.65.polyDFE.txt using model B

---- Warning: mutation variability is not used when only one neutral and one selected fragment is available.
---- No mutation variability. Using Poisson likelihood.

---- Using provided initial values


-- Starting local optimization
 it       eps_an        lambda        theta_bar      S_d            b             r  2          r  3          r  4          r  5          r  6          r  7          r  8          r  9          r 10          r 11          r 12          r 13          r 14          r 15          r 16          r 17          r 18          r 19          r 20         ln lk             grad     status
  0      4.50e-06       0.00500       0.00100     -400.00000       0.40000       1.00000       1.00000       1.00000       1.00000       1.00000       1.00000       1.00000       1.00000       1.00000       1.00000       1.00000       1.00000       1.00000       1.00000       1.00000       1.00000       1.00000       1.00000       1.00000  -246139.3584270951   1828.50487   -2
618      4.37e-06       0.00018       0.00943    -7260.31438       0.13243       0.94251       0.92968       0.88954       0.90325       0.86574       0.86910       0.82352       0.84297       0.86259       0.85653       0.81824       0.81632       0.82282       0.86785       0.84727       0.81651       0.87803       0.93652      12.10660  -408.6861360754      0.05258   -6
-- Local optimization: reached maximum running time allowed


---- Best joint likelihood found -408.68614 with gradient 0.05258
-- Model: B
--     eps_an        eps_cont      lambda        theta_bar     a        
--    4.37e-06      0.00e+00       0.00018       0.00943       -1.00000  
--      S_d            b             p_b           S_b      
--  -7260.31438       0.13243      0.00e+00      0.00e+00  
--     r  2          r  3          r  4          r  5          r  6          r  7          r  8          r  9          r 10          r 11          r 12          r 13          r 14          r 15          r 16          r 17          r 18          r 19          r 20     
--     0.94251       0.92968       0.88954       0.90325       0.86574       0.86910       0.82352       0.84297       0.86259       0.85653       0.81824       0.81632       0.82282       0.86785       0.84727       0.81651       0.87803       0.93652      12.10660  

---- Expected P_neut(i), 0 < i < n (neutral SFS per site) 
E[P_neut(1)] = 0.009426
E[P_neut(2)] = 0.004442
E[P_neut(3)] = 0.002921
E[P_neut(4)] = 0.002096
E[P_neut(5)] = 0.001703
E[P_neut(6)] = 0.001360
E[P_neut(7)] = 0.001170
E[P_neut(8)] = 0.000970
E[P_neut(9)] = 0.000883
E[P_neut(10)] = 0.000813
E[P_neut(11)] = 0.000734
E[P_neut(12)] = 0.000643
E[P_neut(13)] = 0.000592
E[P_neut(14)] = 0.000554
E[P_neut(15)] = 0.000545
E[P_neut(16)] = 0.000499
E[P_neut(17)] = 0.000453
E[P_neut(18)] = 0.000460
E[P_neut(19)] = 0.000465

---- Expected P_sel(i), 0 < i < n (selected SFS per site) 
E[P_sel(1)] = 0.003670
E[P_sel(2)] = 0.001515
E[P_sel(3)] = 0.000937
E[P_sel(4)] = 0.000647
E[P_sel(5)] = 0.000510
E[P_sel(6)] = 0.000398
E[P_sel(7)] = 0.000337
E[P_sel(8)] = 0.000275
E[P_sel(9)] = 0.000247
E[P_sel(10)] = 0.000224
E[P_sel(11)] = 0.000200
E[P_sel(12)] = 0.000174
E[P_sel(13)] = 0.000159
E[P_sel(14)] = 0.000147
E[P_sel(15)] = 0.000144
E[P_sel(16)] = 0.000131
E[P_sel(17)] = 0.000118
E[P_sel(18)] = 0.000119
E[P_sel(19)] = 0.000119

---- Expected D_neut and D_sel (neutral and selected divergence per site) 
E[D_neut] = 0.005882
E[D_sel] = 0.001502

---- Expected neutral and selected misattributed polymorphism per site
E[mis_neut] = 0.005706
E[mis_sel] = 0.001457

---- alpha_div = 1.388384
---- alpha_dfe = 0.000000



