---- Performing inference on Ns50_pa_0.001_boots/Ns50_pa_0.001.69.polyDFE.txt using model B

---- Warning: mutation variability is not used when only one neutral and one selected fragment is available.
---- No mutation variability. Using Poisson likelihood.

---- Using provided initial values


-- Starting local optimization
 it       eps_an        eps_cont      theta_bar      S_d            b             p_b           S_b           r  2          r  3          r  4          r  5          r  6          r  7          r  8          r  9          r 10          r 11          r 12          r 13          r 14          r 15          r 16          r 17          r 18          r 19         ln lk             grad     status
  0      4.50e-06      9.00e-07       0.00100     -400.00000       0.40000       0.02000       4.00000       1.00000       1.00000       1.00000       1.00000       1.00000       1.00000       1.00000       1.00000       1.00000       1.00000       1.00000       1.00000       1.00000       1.00000       1.00000       1.00000       1.00000       1.00000  -225802.7881066916   1598.31173   -2
405      4.46e-06      9.00e-07       0.00924    -1081.43557       0.19079       0.00555       0.60737       0.97615       0.96124       0.93629       0.94104       0.93942       0.90516       0.89096       0.88665       0.91863       0.91556       0.89057       0.86749       0.86078       0.95379       0.91861       0.91953       0.97502       1.01410  -196.5930471943      0.00198   -3
-- Local optimization: stuck in the same solution


---- Best joint likelihood found -196.59305 with gradient 0.00198
-- Model: B
--     eps_an        eps_cont      theta_bar     a        
--    4.46e-06      9.00e-07       0.00924       -1.00000  
--      S_d            b             p_b           S_b      
--  -1081.43557       0.19079       0.00555       0.60737  
--     r  2          r  3          r  4          r  5          r  6          r  7          r  8          r  9          r 10          r 11          r 12          r 13          r 14          r 15          r 16          r 17          r 18          r 19     
--     0.97615       0.96124       0.93629       0.94104       0.93942       0.90516       0.89096       0.88665       0.91863       0.91556       0.89057       0.86749       0.86078       0.95379       0.91861       0.91953       0.97502       1.01410  

---- Expected P_neut(i), 0 < i < n (neutral SFS per site) 
E[P_neut(1)] = 0.009235
E[P_neut(2)] = 0.004507
E[P_neut(3)] = 0.002959
E[P_neut(4)] = 0.002162
E[P_neut(5)] = 0.001738
E[P_neut(6)] = 0.001446
E[P_neut(7)] = 0.001194
E[P_neut(8)] = 0.001029
E[P_neut(9)] = 0.000910
E[P_neut(10)] = 0.000848
E[P_neut(11)] = 0.000769
E[P_neut(12)] = 0.000685
E[P_neut(13)] = 0.000616
E[P_neut(14)] = 0.000568
E[P_neut(15)] = 0.000587
E[P_neut(16)] = 0.000530
E[P_neut(17)] = 0.000500
E[P_neut(18)] = 0.000500
E[P_neut(19)] = 0.000493

---- Expected P_sel(i), 0 < i < n (selected SFS per site) 
E[P_sel(1)] = 0.003699
E[P_sel(2)] = 0.001495
E[P_sel(3)] = 0.000899
E[P_sel(4)] = 0.000621
E[P_sel(5)] = 0.000479
E[P_sel(6)] = 0.000386
E[P_sel(7)] = 0.000311
E[P_sel(8)] = 0.000262
E[P_sel(9)] = 0.000227
E[P_sel(10)] = 0.000209
E[P_sel(11)] = 0.000186
E[P_sel(12)] = 0.000164
E[P_sel(13)] = 0.000146
E[P_sel(14)] = 0.000133
E[P_sel(15)] = 0.000136
E[P_sel(16)] = 0.000121
E[P_sel(17)] = 0.000113
E[P_sel(18)] = 0.000113
E[P_sel(19)] = 0.000110

---- Expected neutral and selected misattributed polymorphism per site
E[mis_neut] = 0.000462
E[mis_sel] = 0.000102

---- alpha_div = 0.322249
---- alpha_dfe = 0.033658



