---- Performing inference on Ns50_pa_0.001_boots/Ns50_pa_0.001.61.polyDFE.txt using model B

---- Warning: mutation variability is not used when only one neutral and one selected fragment is available.
---- No mutation variability. Using Poisson likelihood.

---- Using provided initial values


-- Starting local optimization
 it       eps_an        eps_cont      theta_bar      S_d            b             p_b           S_b           r  2          r  3          r  4          r  5          r  6          r  7          r  8          r  9          r 10          r 11          r 12          r 13          r 14          r 15          r 16          r 17          r 18          r 19         ln lk             grad     status
  0      4.50e-06      9.00e-07       0.00100     -400.00000       0.40000       0.02000       4.00000       1.00000       1.00000       1.00000       1.00000       1.00000       1.00000       1.00000       1.00000       1.00000       1.00000       1.00000       1.00000       1.00000       1.00000       1.00000       1.00000       1.00000       1.00000  -227664.5508743440   1607.76942   -2
398      4.46e-06      9.00e-07       0.00927    -1143.31804       0.18602       0.00124       0.19933       0.97648       0.94781       0.95148       0.94918       0.92011       0.89560       0.89415       0.88838       0.94238       0.90572       0.88830       0.85745       0.91857       0.96404       0.94903       0.87253       0.98273       0.98424  -194.4838850812      0.00116   -3
-- Local optimization: stuck in the same solution


---- Best joint likelihood found -194.48389 with gradient 0.00116
-- Model: B
--     eps_an        eps_cont      theta_bar     a        
--    4.46e-06      9.00e-07       0.00927       -1.00000  
--      S_d            b             p_b           S_b      
--  -1143.31804       0.18602       0.00124       0.19933  
--     r  2          r  3          r  4          r  5          r  6          r  7          r  8          r  9          r 10          r 11          r 12          r 13          r 14          r 15          r 16          r 17          r 18          r 19     
--     0.97648       0.94781       0.95148       0.94918       0.92011       0.89560       0.89415       0.88838       0.94238       0.90572       0.88830       0.85745       0.91857       0.96404       0.94903       0.87253       0.98273       0.98424  

---- Expected P_neut(i), 0 < i < n (neutral SFS per site) 
E[P_neut(1)] = 0.009267
E[P_neut(2)] = 0.004525
E[P_neut(3)] = 0.002928
E[P_neut(4)] = 0.002204
E[P_neut(5)] = 0.001759
E[P_neut(6)] = 0.001421
E[P_neut(7)] = 0.001186
E[P_neut(8)] = 0.001036
E[P_neut(9)] = 0.000915
E[P_neut(10)] = 0.000873
E[P_neut(11)] = 0.000763
E[P_neut(12)] = 0.000686
E[P_neut(13)] = 0.000611
E[P_neut(14)] = 0.000608
E[P_neut(15)] = 0.000596
E[P_neut(16)] = 0.000550
E[P_neut(17)] = 0.000476
E[P_neut(18)] = 0.000506
E[P_neut(19)] = 0.000480

---- Expected P_sel(i), 0 < i < n (selected SFS per site) 
E[P_sel(1)] = 0.003716
E[P_sel(2)] = 0.001506
E[P_sel(3)] = 0.000893
E[P_sel(4)] = 0.000636
E[P_sel(5)] = 0.000487
E[P_sel(6)] = 0.000381
E[P_sel(7)] = 0.000310
E[P_sel(8)] = 0.000265
E[P_sel(9)] = 0.000230
E[P_sel(10)] = 0.000216
E[P_sel(11)] = 0.000186
E[P_sel(12)] = 0.000165
E[P_sel(13)] = 0.000145
E[P_sel(14)] = 0.000142
E[P_sel(15)] = 0.000138
E[P_sel(16)] = 0.000126
E[P_sel(17)] = 0.000108
E[P_sel(18)] = 0.000114
E[P_sel(19)] = 0.000107

---- Expected neutral and selected misattributed polymorphism per site
E[mis_neut] = 0.000463
E[mis_sel] = 0.000103

---- alpha_div = 0.305080
---- alpha_dfe = 0.006225



