---- Performing inference on Ns50_pa_0.001_boots/Ns50_pa_0.001.67.polyDFE.txt using model B

---- Warning: mutation variability is not used when only one neutral and one selected fragment is available.
---- No mutation variability. Using Poisson likelihood.

---- Using provided initial values


-- Starting local optimization
 it       eps_an        lambda        theta_bar      S_d            b             r  2          r  3          r  4          r  5          r  6          r  7          r  8          r  9          r 10          r 11          r 12          r 13          r 14          r 15          r 16          r 17          r 18          r 19          r 20         ln lk             grad     status
  0      4.50e-06       0.00500       0.00100     -400.00000       0.40000       1.00000       1.00000       1.00000       1.00000       1.00000       1.00000       1.00000       1.00000       1.00000       1.00000       1.00000       1.00000       1.00000       1.00000       1.00000       1.00000       1.00000       1.00000       1.00000  -244878.3305721947   1819.32380   -2
727      4.05e-06      2.89e-06       0.00933    -4146.16122       0.14411       0.96221       0.92560       0.91018       0.91925       0.88747       0.86542       0.83920       0.82748       0.83662       0.85968       0.81951       0.81172       0.89278       0.88858       0.90323       0.84515       0.92475       0.94529      12.81485  -468.7136094256      0.00390   -6
-- Local optimization: reached maximum running time allowed


---- Best joint likelihood found -468.71361 with gradient 0.00390
-- Model: B
--     eps_an        eps_cont      lambda        theta_bar     a        
--    4.05e-06      0.00e+00      2.89e-06       0.00933       -1.00000  
--      S_d            b             p_b           S_b      
--  -4146.16122       0.14411      0.00e+00      0.00e+00  
--     r  2          r  3          r  4          r  5          r  6          r  7          r  8          r  9          r 10          r 11          r 12          r 13          r 14          r 15          r 16          r 17          r 18          r 19          r 20     
--     0.96221       0.92560       0.91018       0.91925       0.88747       0.86542       0.83920       0.82748       0.83662       0.85968       0.81951       0.81172       0.89278       0.88858       0.90323       0.84515       0.92475       0.94529      12.81485  

---- Expected P_neut(i), 0 < i < n (neutral SFS per site) 
E[P_neut(1)] = 0.009335
E[P_neut(2)] = 0.004491
E[P_neut(3)] = 0.002880
E[P_neut(4)] = 0.002124
E[P_neut(5)] = 0.001716
E[P_neut(6)] = 0.001381
E[P_neut(7)] = 0.001154
E[P_neut(8)] = 0.000979
E[P_neut(9)] = 0.000858
E[P_neut(10)] = 0.000781
E[P_neut(11)] = 0.000730
E[P_neut(12)] = 0.000637
E[P_neut(13)] = 0.000583
E[P_neut(14)] = 0.000595
E[P_neut(15)] = 0.000553
E[P_neut(16)] = 0.000527
E[P_neut(17)] = 0.000464
E[P_neut(18)] = 0.000480
E[P_neut(19)] = 0.000464

---- Expected P_sel(i), 0 < i < n (selected SFS per site) 
E[P_sel(1)] = 0.003673
E[P_sel(2)] = 0.001529
E[P_sel(3)] = 0.000917
E[P_sel(4)] = 0.000648
E[P_sel(5)] = 0.000507
E[P_sel(6)] = 0.000398
E[P_sel(7)] = 0.000326
E[P_sel(8)] = 0.000272
E[P_sel(9)] = 0.000235
E[P_sel(10)] = 0.000211
E[P_sel(11)] = 0.000195
E[P_sel(12)] = 0.000168
E[P_sel(13)] = 0.000153
E[P_sel(14)] = 0.000154
E[P_sel(15)] = 0.000142
E[P_sel(16)] = 0.000134
E[P_sel(17)] = 0.000118
E[P_sel(18)] = 0.000121
E[P_sel(19)] = 0.000116

---- Expected D_neut and D_sel (neutral and selected divergence per site) 
E[D_neut] = 0.005984
E[D_sel] = 0.001487

---- Expected neutral and selected misattributed polymorphism per site
E[mis_neut] = 0.005981
E[mis_sel] = 0.001486

---- alpha_div = 1.734375
---- alpha_dfe = 0.000000



