---- Performing inference on Ns50_pa_0.001_boots/Ns50_pa_0.001.15.polyDFE.txt using model B

---- Warning: mutation variability is not used when only one neutral and one selected fragment is available.
---- No mutation variability. Using Poisson likelihood.

---- Using provided initial values


-- Starting local optimization
 it       eps_an        lambda        theta_bar      S_d            b             r  2          r  3          r  4          r  5          r  6          r  7          r  8          r  9          r 10          r 11          r 12          r 13          r 14          r 15          r 16          r 17          r 18          r 19          r 20         ln lk             grad     status
  0      4.50e-06       0.00500       0.00100     -400.00000       0.40000       1.00000       1.00000       1.00000       1.00000       1.00000       1.00000       1.00000       1.00000       1.00000       1.00000       1.00000       1.00000       1.00000       1.00000       1.00000       1.00000       1.00000       1.00000       1.00000  -243283.7876727998   1810.76803   -2
663      4.19e-06       0.00002       0.00937    -5728.73507       0.13827       0.94867       0.91625       0.90556       0.90858       0.88080       0.87583       0.83908       0.85835       0.83373       0.85520       0.79867       0.79837       0.84080       0.91915       0.88087       0.84506       0.87961       0.95726      12.62247  -436.1440552049      0.07811   -3
-- Local optimization: stuck in the same solution


---- Best joint likelihood found -436.14406 with gradient 0.07811
-- Model: B
--     eps_an        eps_cont      lambda        theta_bar     a        
--    4.19e-06      0.00e+00       0.00002       0.00937       -1.00000  
--      S_d            b             p_b           S_b      
--  -5728.73507       0.13827      0.00e+00      0.00e+00  
--     r  2          r  3          r  4          r  5          r  6          r  7          r  8          r  9          r 10          r 11          r 12          r 13          r 14          r 15          r 16          r 17          r 18          r 19          r 20     
--     0.94867       0.91625       0.90556       0.90858       0.88080       0.87583       0.83908       0.85835       0.83373       0.85520       0.79867       0.79837       0.84080       0.91915       0.88087       0.84506       0.87961       0.95726      12.62247  

---- Expected P_neut(i), 0 < i < n (neutral SFS per site) 
E[P_neut(1)] = 0.009373
E[P_neut(2)] = 0.004446
E[P_neut(3)] = 0.002863
E[P_neut(4)] = 0.002122
E[P_neut(5)] = 0.001703
E[P_neut(6)] = 0.001376
E[P_neut(7)] = 0.001173
E[P_neut(8)] = 0.000983
E[P_neut(9)] = 0.000894
E[P_neut(10)] = 0.000781
E[P_neut(11)] = 0.000729
E[P_neut(12)] = 0.000624
E[P_neut(13)] = 0.000576
E[P_neut(14)] = 0.000563
E[P_neut(15)] = 0.000574
E[P_neut(16)] = 0.000516
E[P_neut(17)] = 0.000466
E[P_neut(18)] = 0.000458
E[P_neut(19)] = 0.000472

---- Expected P_sel(i), 0 < i < n (selected SFS per site) 
E[P_sel(1)] = 0.003641
E[P_sel(2)] = 0.001504
E[P_sel(3)] = 0.000908
E[P_sel(4)] = 0.000646
E[P_sel(5)] = 0.000503
E[P_sel(6)] = 0.000397
E[P_sel(7)] = 0.000332
E[P_sel(8)] = 0.000274
E[P_sel(9)] = 0.000245
E[P_sel(10)] = 0.000212
E[P_sel(11)] = 0.000195
E[P_sel(12)] = 0.000165
E[P_sel(13)] = 0.000151
E[P_sel(14)] = 0.000147
E[P_sel(15)] = 0.000148
E[P_sel(16)] = 0.000132
E[P_sel(17)] = 0.000119
E[P_sel(18)] = 0.000116
E[P_sel(19)] = 0.000119

---- Expected D_neut and D_sel (neutral and selected divergence per site) 
E[D_neut] = 0.005940
E[D_sel] = 0.001485

---- Expected neutral and selected misattributed polymorphism per site
E[mis_neut] = 0.005916
E[mis_sel] = 0.001479

---- alpha_div = 1.687903
---- alpha_dfe = 0.000000



