---- Performing inference on Ns50_pa_0.001_boots/Ns50_pa_0.001.35.polyDFE.txt using model B

---- Warning: mutation variability is not used when only one neutral and one selected fragment is available.
---- No mutation variability. Using Poisson likelihood.

---- Using provided initial values


-- Starting local optimization
 it       eps_an        eps_cont      theta_bar      S_d            b             p_b           S_b           r  2          r  3          r  4          r  5          r  6          r  7          r  8          r  9          r 10          r 11          r 12          r 13          r 14          r 15          r 16          r 17          r 18          r 19         ln lk             grad     status
  0      4.50e-06      9.00e-07       0.00100     -400.00000       0.40000       0.02000       4.00000       1.00000       1.00000       1.00000       1.00000       1.00000       1.00000       1.00000       1.00000       1.00000       1.00000       1.00000       1.00000       1.00000       1.00000       1.00000       1.00000       1.00000       1.00000  -226012.0339514717   1600.50583   -2
910      4.50e-06      9.01e-07       0.00927    -1256.34458       0.18642       0.01199       0.29190       0.96638       0.94683       0.93367       0.96146       0.91419       0.91345       0.85968       0.88518       0.87259       0.88938       0.86880       0.86253       0.88373       0.93523       0.87080       0.88480       0.94403       0.99213  -197.0730485028      0.00490   -3
-- Local optimization: stuck in the same solution


---- Best joint likelihood found -197.07305 with gradient 0.00490
-- Model: B
--     eps_an        eps_cont      theta_bar     a        
--    4.50e-06      9.01e-07       0.00927       -1.00000  
--      S_d            b             p_b           S_b      
--  -1256.34458       0.18642       0.01199       0.29190  
--     r  2          r  3          r  4          r  5          r  6          r  7          r  8          r  9          r 10          r 11          r 12          r 13          r 14          r 15          r 16          r 17          r 18          r 19     
--     0.96638       0.94683       0.93367       0.96146       0.91419       0.91345       0.85968       0.88518       0.87259       0.88938       0.86880       0.86253       0.88373       0.93523       0.87080       0.88480       0.94403       0.99213  

---- Expected P_neut(i), 0 < i < n (neutral SFS per site) 
E[P_neut(1)] = 0.009272
E[P_neut(2)] = 0.004480
E[P_neut(3)] = 0.002926
E[P_neut(4)] = 0.002164
E[P_neut(5)] = 0.001783
E[P_neut(6)] = 0.001413
E[P_neut(7)] = 0.001210
E[P_neut(8)] = 0.000996
E[P_neut(9)] = 0.000912
E[P_neut(10)] = 0.000809
E[P_neut(11)] = 0.000750
E[P_neut(12)] = 0.000671
E[P_neut(13)] = 0.000615
E[P_neut(14)] = 0.000585
E[P_neut(15)] = 0.000578
E[P_neut(16)] = 0.000505
E[P_neut(17)] = 0.000483
E[P_neut(18)] = 0.000486
E[P_neut(19)] = 0.000484

---- Expected P_sel(i), 0 < i < n (selected SFS per site) 
E[P_sel(1)] = 0.003711
E[P_sel(2)] = 0.001495
E[P_sel(3)] = 0.000898
E[P_sel(4)] = 0.000630
E[P_sel(5)] = 0.000499
E[P_sel(6)] = 0.000384
E[P_sel(7)] = 0.000321
E[P_sel(8)] = 0.000259
E[P_sel(9)] = 0.000232
E[P_sel(10)] = 0.000203
E[P_sel(11)] = 0.000185
E[P_sel(12)] = 0.000164
E[P_sel(13)] = 0.000149
E[P_sel(14)] = 0.000140
E[P_sel(15)] = 0.000137
E[P_sel(16)] = 0.000118
E[P_sel(17)] = 0.000112
E[P_sel(18)] = 0.000112
E[P_sel(19)] = 0.000111

---- Expected neutral and selected misattributed polymorphism per site
E[mis_neut] = 0.000464
E[mis_sel] = 0.000105

---- alpha_div = 0.322355
---- alpha_dfe = 0.061195



