---- Performing inference on Ns50_pa_0.001_boots/Ns50_pa_0.001.19.polyDFE.txt using model B

---- Warning: mutation variability is not used when only one neutral and one selected fragment is available.
---- No mutation variability. Using Poisson likelihood.

---- Using provided initial values


-- Starting local optimization
 it       eps_an        lambda        theta_bar      S_d            b             r  2          r  3          r  4          r  5          r  6          r  7          r  8          r  9          r 10          r 11          r 12          r 13          r 14          r 15          r 16          r 17          r 18          r 19          r 20         ln lk             grad     status
  0      4.50e-06       0.00500       0.00100     -400.00000       0.40000       1.00000       1.00000       1.00000       1.00000       1.00000       1.00000       1.00000       1.00000       1.00000       1.00000       1.00000       1.00000       1.00000       1.00000       1.00000       1.00000       1.00000       1.00000       1.00000  -244054.9493415257   1816.26917   -2
701      4.33e-06       0.00013       0.00945    -8215.22395       0.13188       0.94960       0.91729       0.89018       0.88365       0.86650       0.84668       0.83153       0.84679       0.84404       0.83198       0.81093       0.81970       0.85878       0.89469       0.83790       0.85350       0.90228       0.91638      12.40783  -429.6122892546      0.00981   -6
-- Local optimization: reached maximum running time allowed


---- Best joint likelihood found -429.61229 with gradient 0.00981
-- Model: B
--     eps_an        eps_cont      lambda        theta_bar     a        
--    4.33e-06      0.00e+00       0.00013       0.00945       -1.00000  
--      S_d            b             p_b           S_b      
--  -8215.22395       0.13188      0.00e+00      0.00e+00  
--     r  2          r  3          r  4          r  5          r  6          r  7          r  8          r  9          r 10          r 11          r 12          r 13          r 14          r 15          r 16          r 17          r 18          r 19          r 20     
--     0.94960       0.91729       0.89018       0.88365       0.86650       0.84668       0.83153       0.84679       0.84404       0.83198       0.81093       0.81970       0.85878       0.89469       0.83790       0.85350       0.90228       0.91638      12.40783  

---- Expected P_neut(i), 0 < i < n (neutral SFS per site) 
E[P_neut(1)] = 0.009446
E[P_neut(2)] = 0.004485
E[P_neut(3)] = 0.002888
E[P_neut(4)] = 0.002102
E[P_neut(5)] = 0.001669
E[P_neut(6)] = 0.001364
E[P_neut(7)] = 0.001142
E[P_neut(8)] = 0.000982
E[P_neut(9)] = 0.000889
E[P_neut(10)] = 0.000797
E[P_neut(11)] = 0.000714
E[P_neut(12)] = 0.000638
E[P_neut(13)] = 0.000596
E[P_neut(14)] = 0.000579
E[P_neut(15)] = 0.000563
E[P_neut(16)] = 0.000495
E[P_neut(17)] = 0.000474
E[P_neut(18)] = 0.000473
E[P_neut(19)] = 0.000456

---- Expected P_sel(i), 0 < i < n (selected SFS per site) 
E[P_sel(1)] = 0.003631
E[P_sel(2)] = 0.001511
E[P_sel(3)] = 0.000915
E[P_sel(4)] = 0.000641
E[P_sel(5)] = 0.000494
E[P_sel(6)] = 0.000395
E[P_sel(7)] = 0.000325
E[P_sel(8)] = 0.000275
E[P_sel(9)] = 0.000245
E[P_sel(10)] = 0.000217
E[P_sel(11)] = 0.000193
E[P_sel(12)] = 0.000171
E[P_sel(13)] = 0.000158
E[P_sel(14)] = 0.000152
E[P_sel(15)] = 0.000147
E[P_sel(16)] = 0.000128
E[P_sel(17)] = 0.000122
E[P_sel(18)] = 0.000121
E[P_sel(19)] = 0.000116

---- Expected D_neut and D_sel (neutral and selected divergence per site) 
E[D_neut] = 0.005994
E[D_sel] = 0.001514

---- Expected neutral and selected misattributed polymorphism per site
E[mis_neut] = 0.005860
E[mis_sel] = 0.001480

---- alpha_div = 1.468824
---- alpha_dfe = 0.000000



