---- Performing inference on Ns50_pa_0.001_boots/Ns50_pa_0.001.1.polyDFE.txt using model B

---- Warning: mutation variability is not used when only one neutral and one selected fragment is available.
---- No mutation variability. Using Poisson likelihood.

---- Using provided initial values


-- Starting local optimization
 it       eps_an        eps_cont      theta_bar      S_d            b             p_b           S_b           r  2          r  3          r  4          r  5          r  6          r  7          r  8          r  9          r 10          r 11          r 12          r 13          r 14          r 15          r 16          r 17          r 18          r 19         ln lk             grad     status
  0      4.50e-06      9.00e-07       0.00100     -400.00000       0.40000       0.02000       4.00000       1.00000       1.00000       1.00000       1.00000       1.00000       1.00000       1.00000       1.00000       1.00000       1.00000       1.00000       1.00000       1.00000       1.00000       1.00000       1.00000       1.00000       1.00000  -224961.4227527621   1593.97994   -2
442      4.39e-06      9.01e-07       0.00911     -793.24190       0.20040       0.00052       0.14511       0.97988       0.97060       0.93900       0.97283       0.96348       0.94238       0.92480       0.91607       0.91440       0.94303       0.89635       0.88503       0.90317       0.95804       0.96403       0.93182       0.99507       1.00849  -197.2956141717      0.00109   -3
-- Local optimization: stuck in the same solution


---- Best joint likelihood found -197.29561 with gradient 0.00109
-- Model: B
--     eps_an        eps_cont      theta_bar     a        
--    4.39e-06      9.01e-07       0.00911       -1.00000  
--      S_d            b             p_b           S_b      
--   -793.24190       0.20040       0.00052       0.14511  
--     r  2          r  3          r  4          r  5          r  6          r  7          r  8          r  9          r 10          r 11          r 12          r 13          r 14          r 15          r 16          r 17          r 18          r 19     
--     0.97988       0.97060       0.93900       0.97283       0.96348       0.94238       0.92480       0.91607       0.91440       0.94303       0.89635       0.88503       0.90317       0.95804       0.96403       0.93182       0.99507       1.00849  

---- Expected P_neut(i), 0 < i < n (neutral SFS per site) 
E[P_neut(1)] = 0.009111
E[P_neut(2)] = 0.004464
E[P_neut(3)] = 0.002948
E[P_neut(4)] = 0.002139
E[P_neut(5)] = 0.001773
E[P_neut(6)] = 0.001463
E[P_neut(7)] = 0.001227
E[P_neut(8)] = 0.001053
E[P_neut(9)] = 0.000927
E[P_neut(10)] = 0.000833
E[P_neut(11)] = 0.000781
E[P_neut(12)] = 0.000681
E[P_neut(13)] = 0.000620
E[P_neut(14)] = 0.000588
E[P_neut(15)] = 0.000582
E[P_neut(16)] = 0.000549
E[P_neut(17)] = 0.000499
E[P_neut(18)] = 0.000504
E[P_neut(19)] = 0.000484

---- Expected P_sel(i), 0 < i < n (selected SFS per site) 
E[P_sel(1)] = 0.003710
E[P_sel(2)] = 0.001488
E[P_sel(3)] = 0.000894
E[P_sel(4)] = 0.000611
E[P_sel(5)] = 0.000485
E[P_sel(6)] = 0.000386
E[P_sel(7)] = 0.000315
E[P_sel(8)] = 0.000264
E[P_sel(9)] = 0.000228
E[P_sel(10)] = 0.000201
E[P_sel(11)] = 0.000185
E[P_sel(12)] = 0.000159
E[P_sel(13)] = 0.000143
E[P_sel(14)] = 0.000134
E[P_sel(15)] = 0.000131
E[P_sel(16)] = 0.000122
E[P_sel(17)] = 0.000110
E[P_sel(18)] = 0.000110
E[P_sel(19)] = 0.000105

---- Expected neutral and selected misattributed polymorphism per site
E[mis_neut] = 0.000456
E[mis_sel] = 0.000098

---- alpha_div = 0.334893
---- alpha_dfe = 0.002632



