---- Performing inference on Ns50_pa_0.001_boots/Ns50_pa_0.001.3.polyDFE.txt using model B

---- Warning: mutation variability is not used when only one neutral and one selected fragment is available.
---- No mutation variability. Using Poisson likelihood.

---- Using provided initial values


-- Starting local optimization
 it       eps_an        eps_cont      lambda        theta_bar      S_d            b             p_b           S_b           r  2          r  3          r  4          r  5          r  6          r  7          r  8          r  9          r 10          r 11          r 12          r 13          r 14          r 15          r 16          r 17          r 18          r 19          r 20         ln lk             grad     status
  0      4.50e-06      9.00e-07       0.00500       0.00100     -400.00000       0.40000       0.02000       4.00000       1.00000       1.00000       1.00000       1.00000       1.00000       1.00000       1.00000       1.00000       1.00000       1.00000       1.00000       1.00000       1.00000       1.00000       1.00000       1.00000       1.00000       1.00000       1.00000  -228760.2353189071   1638.43390   -2
 65      4.49e-06      9.00e-07       0.00514       0.00915    -1215.94050       0.18393       0.00203      37.41979       0.98068       0.97654       0.93787       0.93900       0.91896       0.94805       0.87883       0.87840       0.89058       0.93618       0.87984       0.88454       0.94301       0.95675       0.92856       0.87417       0.94724       1.00428       0.87071  -223.5200516840      3.77433   -3
-- Local optimization: stuck in the same solution


---- Best joint likelihood found -223.52005 with gradient 3.77433
-- Model: B
--     eps_an        eps_cont      lambda        theta_bar     a        
--    4.49e-06      9.00e-07       0.00514       0.00915       -1.00000  
--      S_d            b             p_b           S_b      
--  -1215.94050       0.18393       0.00203      37.41979  
--     r  2          r  3          r  4          r  5          r  6          r  7          r  8          r  9          r 10          r 11          r 12          r 13          r 14          r 15          r 16          r 17          r 18          r 19          r 20     
--     0.98068       0.97654       0.93787       0.93900       0.91896       0.94805       0.87883       0.87840       0.89058       0.93618       0.87984       0.88454       0.94301       0.95675       0.92856       0.87417       0.94724       1.00428       0.87071  

---- Expected P_neut(i), 0 < i < n (neutral SFS per site) 
E[P_neut(1)] = 0.009154
E[P_neut(2)] = 0.004489
E[P_neut(3)] = 0.002980
E[P_neut(4)] = 0.002146
E[P_neut(5)] = 0.001719
E[P_neut(6)] = 0.001402
E[P_neut(7)] = 0.001240
E[P_neut(8)] = 0.001006
E[P_neut(9)] = 0.000893
E[P_neut(10)] = 0.000815
E[P_neut(11)] = 0.000779
E[P_neut(12)] = 0.000671
E[P_neut(13)] = 0.000623
E[P_neut(14)] = 0.000617
E[P_neut(15)] = 0.000584
E[P_neut(16)] = 0.000531
E[P_neut(17)] = 0.000471
E[P_neut(18)] = 0.000482
E[P_neut(19)] = 0.000484

---- Expected P_sel(i), 0 < i < n (selected SFS per site) 
E[P_sel(1)] = 0.003665
E[P_sel(2)] = 0.001495
E[P_sel(3)] = 0.000912
E[P_sel(4)] = 0.000622
E[P_sel(5)] = 0.000479
E[P_sel(6)] = 0.000379
E[P_sel(7)] = 0.000327
E[P_sel(8)] = 0.000260
E[P_sel(9)] = 0.000227
E[P_sel(10)] = 0.000204
E[P_sel(11)] = 0.000192
E[P_sel(12)] = 0.000164
E[P_sel(13)] = 0.000151
E[P_sel(14)] = 0.000148
E[P_sel(15)] = 0.000140
E[P_sel(16)] = 0.000127
E[P_sel(17)] = 0.000113
E[P_sel(18)] = 0.000117
E[P_sel(19)] = 0.000121

---- Expected D_neut and D_sel (neutral and selected divergence per site) 
E[D_neut] = 0.005534
E[D_sel] = 0.001622

---- Expected neutral and selected misattributed polymorphism per site
E[mis_neut] = 0.000399
E[mis_sel] = 0.000105

---- alpha_div = 0.286929
---- alpha_dfe = 0.256897



