---- Performing inference on Ns50_pa_0.001_boots/Ns50_pa_0.001.13.polyDFE.txt using model B

---- Warning: mutation variability is not used when only one neutral and one selected fragment is available.
---- No mutation variability. Using Poisson likelihood.

---- Using provided initial values


-- Starting local optimization
 it       eps_an        lambda        theta_bar      S_d            b             r  2          r  3          r  4          r  5          r  6          r  7          r  8          r  9          r 10          r 11          r 12          r 13          r 14          r 15          r 16          r 17          r 18          r 19          r 20         ln lk             grad     status
  0      4.50e-06       0.00500       0.00100     -400.00000       0.40000       1.00000       1.00000       1.00000       1.00000       1.00000       1.00000       1.00000       1.00000       1.00000       1.00000       1.00000       1.00000       1.00000       1.00000       1.00000       1.00000       1.00000       1.00000       1.00000  -246910.4347949708   1828.13017   -2
285      4.46e-06       0.00354       0.00943    -5611.22289       0.13817       0.95749       0.92669       0.89511       0.91113       0.87713       0.87499       0.82830       0.84535       0.86330       0.85554       0.82348       0.80290       0.84813       0.88233       0.86028       0.88668       0.90663       0.93336       4.87601  -432.5266902779      0.06767   -3
-- Local optimization: stuck in the same solution


---- Best joint likelihood found -432.52669 with gradient 0.06767
-- Model: B
--     eps_an        eps_cont      lambda        theta_bar     a        
--    4.46e-06      0.00e+00       0.00354       0.00943       -1.00000  
--      S_d            b             p_b           S_b      
--  -5611.22289       0.13817      0.00e+00      0.00e+00  
--     r  2          r  3          r  4          r  5          r  6          r  7          r  8          r  9          r 10          r 11          r 12          r 13          r 14          r 15          r 16          r 17          r 18          r 19          r 20     
--     0.95749       0.92669       0.89511       0.91113       0.87713       0.87499       0.82830       0.84535       0.86330       0.85554       0.82348       0.80290       0.84813       0.88233       0.86028       0.88668       0.90663       0.93336       4.87601  

---- Expected P_neut(i), 0 < i < n (neutral SFS per site) 
E[P_neut(1)] = 0.009433
E[P_neut(2)] = 0.004516
E[P_neut(3)] = 0.002914
E[P_neut(4)] = 0.002111
E[P_neut(5)] = 0.001719
E[P_neut(6)] = 0.001379
E[P_neut(7)] = 0.001179
E[P_neut(8)] = 0.000977
E[P_neut(9)] = 0.000886
E[P_neut(10)] = 0.000814
E[P_neut(11)] = 0.000734
E[P_neut(12)] = 0.000647
E[P_neut(13)] = 0.000583
E[P_neut(14)] = 0.000571
E[P_neut(15)] = 0.000555
E[P_neut(16)] = 0.000507
E[P_neut(17)] = 0.000492
E[P_neut(18)] = 0.000475
E[P_neut(19)] = 0.000463

---- Expected P_sel(i), 0 < i < n (selected SFS per site) 
E[P_sel(1)] = 0.003676
E[P_sel(2)] = 0.001533
E[P_sel(3)] = 0.000927
E[P_sel(4)] = 0.000645
E[P_sel(5)] = 0.000510
E[P_sel(6)] = 0.000399
E[P_sel(7)] = 0.000335
E[P_sel(8)] = 0.000273
E[P_sel(9)] = 0.000244
E[P_sel(10)] = 0.000221
E[P_sel(11)] = 0.000197
E[P_sel(12)] = 0.000172
E[P_sel(13)] = 0.000154
E[P_sel(14)] = 0.000149
E[P_sel(15)] = 0.000144
E[P_sel(16)] = 0.000131
E[P_sel(17)] = 0.000126
E[P_sel(18)] = 0.000121
E[P_sel(19)] = 0.000117

---- Expected D_neut and D_sel (neutral and selected divergence per site) 
E[D_neut] = 0.005837
E[D_sel] = 0.001460

---- Expected neutral and selected misattributed polymorphism per site
E[mis_neut] = 0.002300
E[mis_sel] = 0.000577

---- alpha_div = 0.284442
---- alpha_dfe = 0.000000



