---- Performing inference on Ns50_pa_0.001_boots/Ns50_pa_0.001.28.polyDFE.txt using model B

---- Warning: mutation variability is not used when only one neutral and one selected fragment is available.
---- No mutation variability. Using Poisson likelihood.

---- Using provided initial values


-- Starting local optimization
 it       eps_an        eps_cont      lambda        theta_bar      S_d            b             p_b           S_b           r  2          r  3          r  4          r  5          r  6          r  7          r  8          r  9          r 10          r 11          r 12          r 13          r 14          r 15          r 16          r 17          r 18          r 19          r 20         ln lk             grad     status
  0      4.50e-06      9.00e-07       0.00500       0.00100     -400.00000       0.40000       0.02000       4.00000       1.00000       1.00000       1.00000       1.00000       1.00000       1.00000       1.00000       1.00000       1.00000       1.00000       1.00000       1.00000       1.00000       1.00000       1.00000       1.00000       1.00000       1.00000       1.00000  -230701.3222638607   1647.82669   -2
 75      4.49e-06      9.00e-07       0.00513       0.00936    -1427.56880       0.17988       0.00222      37.40732       0.96862       0.94933       0.93027       0.94686       0.91697       0.89553       0.87296       0.87895       0.88952       0.89989       0.87590       0.81276       0.87673       0.92157       0.91218       0.90001       0.90665       0.93148       0.87021  -223.3706686707      1.15178   -3
-- Local optimization: stuck in the same solution


---- Best joint likelihood found -223.37067 with gradient 1.15178
-- Model: B
--     eps_an        eps_cont      lambda        theta_bar     a        
--    4.49e-06      9.00e-07       0.00513       0.00936       -1.00000  
--      S_d            b             p_b           S_b      
--  -1427.56880       0.17988       0.00222      37.40732  
--     r  2          r  3          r  4          r  5          r  6          r  7          r  8          r  9          r 10          r 11          r 12          r 13          r 14          r 15          r 16          r 17          r 18          r 19          r 20     
--     0.96862       0.94933       0.93027       0.94686       0.91697       0.89553       0.87296       0.87895       0.88952       0.89989       0.87590       0.81276       0.87673       0.92157       0.91218       0.90001       0.90665       0.93148       0.87021  

---- Expected P_neut(i), 0 < i < n (neutral SFS per site) 
E[P_neut(1)] = 0.009365
E[P_neut(2)] = 0.004535
E[P_neut(3)] = 0.002963
E[P_neut(4)] = 0.002178
E[P_neut(5)] = 0.001773
E[P_neut(6)] = 0.001431
E[P_neut(7)] = 0.001198
E[P_neut(8)] = 0.001022
E[P_neut(9)] = 0.000915
E[P_neut(10)] = 0.000833
E[P_neut(11)] = 0.000766
E[P_neut(12)] = 0.000684
E[P_neut(13)] = 0.000585
E[P_neut(14)] = 0.000586
E[P_neut(15)] = 0.000575
E[P_neut(16)] = 0.000534
E[P_neut(17)] = 0.000496
E[P_neut(18)] = 0.000472
E[P_neut(19)] = 0.000459

---- Expected P_sel(i), 0 < i < n (selected SFS per site) 
E[P_sel(1)] = 0.003705
E[P_sel(2)] = 0.001499
E[P_sel(3)] = 0.000901
E[P_sel(4)] = 0.000628
E[P_sel(5)] = 0.000492
E[P_sel(6)] = 0.000386
E[P_sel(7)] = 0.000315
E[P_sel(8)] = 0.000264
E[P_sel(9)] = 0.000232
E[P_sel(10)] = 0.000208
E[P_sel(11)] = 0.000189
E[P_sel(12)] = 0.000167
E[P_sel(13)] = 0.000142
E[P_sel(14)] = 0.000141
E[P_sel(15)] = 0.000138
E[P_sel(16)] = 0.000128
E[P_sel(17)] = 0.000119
E[P_sel(18)] = 0.000115
E[P_sel(19)] = 0.000116

---- Expected D_neut and D_sel (neutral and selected divergence per site) 
E[D_neut] = 0.005538
E[D_sel] = 0.001662

---- Expected neutral and selected misattributed polymorphism per site
E[mis_neut] = 0.000407
E[mis_sel] = 0.000109

---- alpha_div = 0.294723
---- alpha_dfe = 0.274850



