---- Performing inference on Ns50_pa_0.001_boots/Ns50_pa_0.001.60.polyDFE.txt using model B

---- Warning: mutation variability is not used when only one neutral and one selected fragment is available.
---- No mutation variability. Using Poisson likelihood.

---- Using provided initial values


-- Starting local optimization
 it       eps_an        lambda        theta_bar      S_d            b             r  2          r  3          r  4          r  5          r  6          r  7          r  8          r  9          r 10          r 11          r 12          r 13          r 14          r 15          r 16          r 17          r 18          r 19          r 20         ln lk             grad     status
  0      4.50e-06       0.00500       0.00100     -400.00000       0.40000       1.00000       1.00000       1.00000       1.00000       1.00000       1.00000       1.00000       1.00000       1.00000       1.00000       1.00000       1.00000       1.00000       1.00000       1.00000       1.00000       1.00000       1.00000       1.00000  -244615.0547598380   1819.12272   -2
245      4.47e-06       0.00497       0.00941    -6406.00220       0.13576       0.96454       0.91795       0.88487       0.89116       0.85571       0.86750       0.83886       0.83648       0.82161       0.83742       0.81903       0.83325       0.86005       0.89708       0.86143       0.87103       0.87969       0.94378       2.19111  -422.8539885561      0.08010   -3
-- Local optimization: stuck in the same solution


---- Best joint likelihood found -422.85399 with gradient 0.08010
-- Model: B
--     eps_an        eps_cont      lambda        theta_bar     a        
--    4.47e-06      0.00e+00       0.00497       0.00941       -1.00000  
--      S_d            b             p_b           S_b      
--  -6406.00220       0.13576      0.00e+00      0.00e+00  
--     r  2          r  3          r  4          r  5          r  6          r  7          r  8          r  9          r 10          r 11          r 12          r 13          r 14          r 15          r 16          r 17          r 18          r 19          r 20     
--     0.96454       0.91795       0.88487       0.89116       0.85571       0.86750       0.83886       0.83648       0.82161       0.83742       0.81903       0.83325       0.86005       0.89708       0.86143       0.87103       0.87969       0.94378       2.19111  

---- Expected P_neut(i), 0 < i < n (neutral SFS per site) 
E[P_neut(1)] = 0.009406
E[P_neut(2)] = 0.004536
E[P_neut(3)] = 0.002878
E[P_neut(4)] = 0.002081
E[P_neut(5)] = 0.001677
E[P_neut(6)] = 0.001342
E[P_neut(7)] = 0.001166
E[P_neut(8)] = 0.000986
E[P_neut(9)] = 0.000874
E[P_neut(10)] = 0.000773
E[P_neut(11)] = 0.000716
E[P_neut(12)] = 0.000642
E[P_neut(13)] = 0.000603
E[P_neut(14)] = 0.000578
E[P_neut(15)] = 0.000563
E[P_neut(16)] = 0.000506
E[P_neut(17)] = 0.000482
E[P_neut(18)] = 0.000460
E[P_neut(19)] = 0.000467

---- Expected P_sel(i), 0 < i < n (selected SFS per site) 
E[P_sel(1)] = 0.003651
E[P_sel(2)] = 0.001537
E[P_sel(3)] = 0.000916
E[P_sel(4)] = 0.000636
E[P_sel(5)] = 0.000497
E[P_sel(6)] = 0.000389
E[P_sel(7)] = 0.000332
E[P_sel(8)] = 0.000276
E[P_sel(9)] = 0.000241
E[P_sel(10)] = 0.000211
E[P_sel(11)] = 0.000193
E[P_sel(12)] = 0.000171
E[P_sel(13)] = 0.000159
E[P_sel(14)] = 0.000152
E[P_sel(15)] = 0.000146
E[P_sel(16)] = 0.000131
E[P_sel(17)] = 0.000124
E[P_sel(18)] = 0.000117
E[P_sel(19)] = 0.000118

---- Expected D_neut and D_sel (neutral and selected divergence per site) 
E[D_neut] = 0.005996
E[D_sel] = 0.001503

---- Expected neutral and selected misattributed polymorphism per site
E[mis_neut] = 0.001031
E[mis_sel] = 0.000260

---- alpha_div = 0.210422
---- alpha_dfe = 0.000000



