---- Performing inference on Ns50_pa_0.001_boots/Ns50_pa_0.001.85.polyDFE.txt using model B

---- Warning: mutation variability is not used when only one neutral and one selected fragment is available.
---- No mutation variability. Using Poisson likelihood.

---- Using provided initial values


-- Starting local optimization
 it       eps_an        eps_cont      theta_bar      S_d            b             p_b           S_b           r  2          r  3          r  4          r  5          r  6          r  7          r  8          r  9          r 10          r 11          r 12          r 13          r 14          r 15          r 16          r 17          r 18          r 19         ln lk             grad     status
  0      4.50e-06      9.00e-07       0.00100     -400.00000       0.40000       0.02000       4.00000       1.00000       1.00000       1.00000       1.00000       1.00000       1.00000       1.00000       1.00000       1.00000       1.00000       1.00000       1.00000       1.00000       1.00000       1.00000       1.00000       1.00000       1.00000  -226874.3051917325   1604.53029   -2
531      4.41e-06      8.99e-07       0.00921    -1068.08797       0.18752       0.00109       0.17265       0.97431       0.97189       0.95319       0.95318       0.93436       0.93251       0.89056       0.86101       0.93249       0.90761       0.85957       0.86221       0.90052       0.92801       0.91741       0.87402       0.94924       1.04626  -200.5210764910      0.00053   -3
-- Local optimization: stuck in the same solution


---- Best joint likelihood found -200.52108 with gradient 0.00053
-- Model: B
--     eps_an        eps_cont      theta_bar     a        
--    4.41e-06      8.99e-07       0.00921       -1.00000  
--      S_d            b             p_b           S_b      
--  -1068.08797       0.18752       0.00109       0.17265  
--     r  2          r  3          r  4          r  5          r  6          r  7          r  8          r  9          r 10          r 11          r 12          r 13          r 14          r 15          r 16          r 17          r 18          r 19     
--     0.97431       0.97189       0.95319       0.95318       0.93436       0.93251       0.89056       0.86101       0.93249       0.90761       0.85957       0.86221       0.90052       0.92801       0.91741       0.87402       0.94924       1.04626  

---- Expected P_neut(i), 0 < i < n (neutral SFS per site) 
E[P_neut(1)] = 0.009208
E[P_neut(2)] = 0.004486
E[P_neut(3)] = 0.002983
E[P_neut(4)] = 0.002194
E[P_neut(5)] = 0.001755
E[P_neut(6)] = 0.001434
E[P_neut(7)] = 0.001227
E[P_neut(8)] = 0.001025
E[P_neut(9)] = 0.000881
E[P_neut(10)] = 0.000859
E[P_neut(11)] = 0.000760
E[P_neut(12)] = 0.000660
E[P_neut(13)] = 0.000611
E[P_neut(14)] = 0.000592
E[P_neut(15)] = 0.000570
E[P_neut(16)] = 0.000528
E[P_neut(17)] = 0.000473
E[P_neut(18)] = 0.000486
E[P_neut(19)] = 0.000507

---- Expected P_sel(i), 0 < i < n (selected SFS per site) 
E[P_sel(1)] = 0.003716
E[P_sel(2)] = 0.001500
E[P_sel(3)] = 0.000914
E[P_sel(4)] = 0.000636
E[P_sel(5)] = 0.000488
E[P_sel(6)] = 0.000386
E[P_sel(7)] = 0.000322
E[P_sel(8)] = 0.000263
E[P_sel(9)] = 0.000222
E[P_sel(10)] = 0.000212
E[P_sel(11)] = 0.000185
E[P_sel(12)] = 0.000159
E[P_sel(13)] = 0.000145
E[P_sel(14)] = 0.000139
E[P_sel(15)] = 0.000132
E[P_sel(16)] = 0.000121
E[P_sel(17)] = 0.000108
E[P_sel(18)] = 0.000110
E[P_sel(19)] = 0.000114

---- Expected neutral and selected misattributed polymorphism per site
E[mis_neut] = 0.000460
E[mis_sel] = 0.000102

---- alpha_div = 0.302688
---- alpha_dfe = 0.005369



