---- Performing inference on Ns50_pa_0.001_boots/Ns50_pa_0.001.20.polyDFE.txt using model B

---- Warning: mutation variability is not used when only one neutral and one selected fragment is available.
---- No mutation variability. Using Poisson likelihood.

---- Using provided initial values


-- Starting local optimization
 it       eps_an        lambda        theta_bar      S_d            b             r  2          r  3          r  4          r  5          r  6          r  7          r  8          r  9          r 10          r 11          r 12          r 13          r 14          r 15          r 16          r 17          r 18          r 19          r 20         ln lk             grad     status
  0      4.50e-06       0.00500       0.00100     -400.00000       0.40000       1.00000       1.00000       1.00000       1.00000       1.00000       1.00000       1.00000       1.00000       1.00000       1.00000       1.00000       1.00000       1.00000       1.00000       1.00000       1.00000       1.00000       1.00000       1.00000  -245169.3062927229   1819.50190   -2
677      4.34e-06       0.00003       0.00941    -5464.06176       0.13898       0.95114       0.93145       0.87341       0.91287       0.89497       0.87299       0.83140       0.83911       0.83623       0.85148       0.82101       0.82333       0.82995       0.91821       0.89465       0.83883       0.87939       0.93436      12.44863  -447.3964886872      0.00165   -6
-- Local optimization: reached maximum running time allowed


---- Best joint likelihood found -447.39649 with gradient 0.00165
-- Model: B
--     eps_an        eps_cont      lambda        theta_bar     a        
--    4.34e-06      0.00e+00       0.00003       0.00941       -1.00000  
--      S_d            b             p_b           S_b      
--  -5464.06176       0.13898      0.00e+00      0.00e+00  
--     r  2          r  3          r  4          r  5          r  6          r  7          r  8          r  9          r 10          r 11          r 12          r 13          r 14          r 15          r 16          r 17          r 18          r 19          r 20     
--     0.95114       0.93145       0.87341       0.91287       0.89497       0.87299       0.83140       0.83911       0.83623       0.85148       0.82101       0.82333       0.82995       0.91821       0.89465       0.83883       0.87939       0.93436      12.44863  

---- Expected P_neut(i), 0 < i < n (neutral SFS per site) 
E[P_neut(1)] = 0.009415
E[P_neut(2)] = 0.004477
E[P_neut(3)] = 0.002923
E[P_neut(4)] = 0.002056
E[P_neut(5)] = 0.001719
E[P_neut(6)] = 0.001404
E[P_neut(7)] = 0.001174
E[P_neut(8)] = 0.000978
E[P_neut(9)] = 0.000878
E[P_neut(10)] = 0.000787
E[P_neut(11)] = 0.000729
E[P_neut(12)] = 0.000644
E[P_neut(13)] = 0.000596
E[P_neut(14)] = 0.000558
E[P_neut(15)] = 0.000576
E[P_neut(16)] = 0.000526
E[P_neut(17)] = 0.000465
E[P_neut(18)] = 0.000460
E[P_neut(19)] = 0.000463

---- Expected P_sel(i), 0 < i < n (selected SFS per site) 
E[P_sel(1)] = 0.003666
E[P_sel(2)] = 0.001517
E[P_sel(3)] = 0.000928
E[P_sel(4)] = 0.000626
E[P_sel(5)] = 0.000508
E[P_sel(6)] = 0.000405
E[P_sel(7)] = 0.000332
E[P_sel(8)] = 0.000273
E[P_sel(9)] = 0.000241
E[P_sel(10)] = 0.000213
E[P_sel(11)] = 0.000195
E[P_sel(12)] = 0.000171
E[P_sel(13)] = 0.000157
E[P_sel(14)] = 0.000145
E[P_sel(15)] = 0.000149
E[P_sel(16)] = 0.000135
E[P_sel(17)] = 0.000118
E[P_sel(18)] = 0.000116
E[P_sel(19)] = 0.000116

---- Expected D_neut and D_sel (neutral and selected divergence per site) 
E[D_neut] = 0.005888
E[D_sel] = 0.001472

---- Expected neutral and selected misattributed polymorphism per site
E[mis_neut] = 0.005860
E[mis_sel] = 0.001465

---- alpha_div = 1.679175
---- alpha_dfe = 0.000000



