---- Performing inference on Ns50_pa_0.001_boots/Ns50_pa_0.001.44.polyDFE.txt using model B

---- Warning: mutation variability is not used when only one neutral and one selected fragment is available.
---- No mutation variability. Using Poisson likelihood.

---- Using provided initial values


-- Starting local optimization
 it       eps_an        eps_cont      theta_bar      S_d            b             p_b           S_b           r  2          r  3          r  4          r  5          r  6          r  7          r  8          r  9          r 10          r 11          r 12          r 13          r 14          r 15          r 16          r 17          r 18          r 19         ln lk             grad     status
  0      4.50e-06      9.00e-07       0.00100     -400.00000       0.40000       0.02000       4.00000       1.00000       1.00000       1.00000       1.00000       1.00000       1.00000       1.00000       1.00000       1.00000       1.00000       1.00000       1.00000       1.00000       1.00000       1.00000       1.00000       1.00000       1.00000  -225422.8948700227   1595.41415   -2
504      4.48e-06      9.00e-07       0.00932    -1171.73856       0.18689       0.00062       0.13165       0.97638       0.95618       0.93251       0.94419       0.88612       0.91088       0.86551       0.87387       0.92095       0.91221       0.87768       0.84491       0.89684       0.93610       0.93669       0.82405       0.96691       0.99058  -193.2003268740      0.00123   -3
-- Local optimization: stuck in the same solution


---- Best joint likelihood found -193.20033 with gradient 0.00123
-- Model: B
--     eps_an        eps_cont      theta_bar     a        
--    4.48e-06      9.00e-07       0.00932       -1.00000  
--      S_d            b             p_b           S_b      
--  -1171.73856       0.18689       0.00062       0.13165  
--     r  2          r  3          r  4          r  5          r  6          r  7          r  8          r  9          r 10          r 11          r 12          r 13          r 14          r 15          r 16          r 17          r 18          r 19     
--     0.97638       0.95618       0.93251       0.94419       0.88612       0.91088       0.86551       0.87387       0.92095       0.91221       0.87768       0.84491       0.89684       0.93610       0.93669       0.82405       0.96691       0.99058  

---- Expected P_neut(i), 0 < i < n (neutral SFS per site) 
E[P_neut(1)] = 0.009317
E[P_neut(2)] = 0.004548
E[P_neut(3)] = 0.002969
E[P_neut(4)] = 0.002172
E[P_neut(5)] = 0.001759
E[P_neut(6)] = 0.001376
E[P_neut(7)] = 0.001212
E[P_neut(8)] = 0.001008
E[P_neut(9)] = 0.000905
E[P_neut(10)] = 0.000858
E[P_neut(11)] = 0.000773
E[P_neut(12)] = 0.000681
E[P_neut(13)] = 0.000606
E[P_neut(14)] = 0.000597
E[P_neut(15)] = 0.000581
E[P_neut(16)] = 0.000545
E[P_neut(17)] = 0.000452
E[P_neut(18)] = 0.000500
E[P_neut(19)] = 0.000486

---- Expected P_sel(i), 0 < i < n (selected SFS per site) 
E[P_sel(1)] = 0.003703
E[P_sel(2)] = 0.001498
E[P_sel(3)] = 0.000896
E[P_sel(4)] = 0.000620
E[P_sel(5)] = 0.000482
E[P_sel(6)] = 0.000365
E[P_sel(7)] = 0.000313
E[P_sel(8)] = 0.000255
E[P_sel(9)] = 0.000224
E[P_sel(10)] = 0.000209
E[P_sel(11)] = 0.000186
E[P_sel(12)] = 0.000161
E[P_sel(13)] = 0.000142
E[P_sel(14)] = 0.000138
E[P_sel(15)] = 0.000133
E[P_sel(16)] = 0.000124
E[P_sel(17)] = 0.000101
E[P_sel(18)] = 0.000111
E[P_sel(19)] = 0.000107

---- Expected neutral and selected misattributed polymorphism per site
E[mis_neut] = 0.000466
E[mis_sel] = 0.000102

---- alpha_div = 0.308211
---- alpha_dfe = 0.003029



