---- Performing inference on Ns50_pa_0.001_boots/Ns50_pa_0.001.53.polyDFE.txt using model B

---- Warning: mutation variability is not used when only one neutral and one selected fragment is available.
---- No mutation variability. Using Poisson likelihood.

---- Using provided initial values


-- Starting local optimization
 it       eps_an        eps_cont      lambda        theta_bar      S_d            b             p_b           S_b           r  2          r  3          r  4          r  5          r  6          r  7          r  8          r  9          r 10          r 11          r 12          r 13          r 14          r 15          r 16          r 17          r 18          r 19          r 20         ln lk             grad     status
  0      4.50e-06      9.00e-07       0.00500       0.00100     -400.00000       0.40000       0.02000       4.00000       1.00000       1.00000       1.00000       1.00000       1.00000       1.00000       1.00000       1.00000       1.00000       1.00000       1.00000       1.00000       1.00000       1.00000       1.00000       1.00000       1.00000       1.00000       1.00000  -228842.7881135918   1639.30188   -2
 92      4.49e-06      9.00e-07       0.00504       0.00933    -1610.20169       0.17643       0.00233      37.42893       0.98444       0.94703       0.91633       0.93392       0.90079       0.88424       0.86064       0.85592       0.89545       0.87776       0.85072       0.86017       0.92837       0.90704       0.85831       0.89431       0.94464       0.96083       0.87432  -236.6933537996      1.50377   -3
-- Local optimization: stuck in the same solution


---- Best joint likelihood found -236.69335 with gradient 1.50377
-- Model: B
--     eps_an        eps_cont      lambda        theta_bar     a        
--    4.49e-06      9.00e-07       0.00504       0.00933       -1.00000  
--      S_d            b             p_b           S_b      
--  -1610.20169       0.17643       0.00233      37.42893  
--     r  2          r  3          r  4          r  5          r  6          r  7          r  8          r  9          r 10          r 11          r 12          r 13          r 14          r 15          r 16          r 17          r 18          r 19          r 20     
--     0.98444       0.94703       0.91633       0.93392       0.90079       0.88424       0.86064       0.85592       0.89545       0.87776       0.85072       0.86017       0.92837       0.90704       0.85831       0.89431       0.94464       0.96083       0.87432  

---- Expected P_neut(i), 0 < i < n (neutral SFS per site) 
E[P_neut(1)] = 0.009332
E[P_neut(2)] = 0.004593
E[P_neut(3)] = 0.002946
E[P_neut(4)] = 0.002138
E[P_neut(5)] = 0.001743
E[P_neut(6)] = 0.001401
E[P_neut(7)] = 0.001179
E[P_neut(8)] = 0.001004
E[P_neut(9)] = 0.000887
E[P_neut(10)] = 0.000836
E[P_neut(11)] = 0.000745
E[P_neut(12)] = 0.000662
E[P_neut(13)] = 0.000617
E[P_neut(14)] = 0.000619
E[P_neut(15)] = 0.000564
E[P_neut(16)] = 0.000501
E[P_neut(17)] = 0.000491
E[P_neut(18)] = 0.000490
E[P_neut(19)] = 0.000472

---- Expected P_sel(i), 0 < i < n (selected SFS per site) 
E[P_sel(1)] = 0.003668
E[P_sel(2)] = 0.001514
E[P_sel(3)] = 0.000895
E[P_sel(4)] = 0.000616
E[P_sel(5)] = 0.000484
E[P_sel(6)] = 0.000378
E[P_sel(7)] = 0.000311
E[P_sel(8)] = 0.000259
E[P_sel(9)] = 0.000226
E[P_sel(10)] = 0.000209
E[P_sel(11)] = 0.000184
E[P_sel(12)] = 0.000162
E[P_sel(13)] = 0.000150
E[P_sel(14)] = 0.000150
E[P_sel(15)] = 0.000136
E[P_sel(16)] = 0.000121
E[P_sel(17)] = 0.000119
E[P_sel(18)] = 0.000121
E[P_sel(19)] = 0.000120

---- Expected D_neut and D_sel (neutral and selected divergence per site) 
E[D_neut] = 0.005452
E[D_sel] = 0.001664

---- Expected neutral and selected misattributed polymorphism per site
E[mis_neut] = 0.000408
E[mis_sel] = 0.000111

---- alpha_div = 0.292434
---- alpha_dfe = 0.283902



