---- Performing inference on Ns50_pa_0.001_boots/Ns50_pa_0.001.59.polyDFE.txt using model B

---- Warning: mutation variability is not used when only one neutral and one selected fragment is available.
---- No mutation variability. Using Poisson likelihood.

---- Using provided initial values


-- Starting local optimization
 it       eps_an        theta_bar      S_d            b             r  2          r  3          r  4          r  5          r  6          r  7          r  8          r  9          r 10          r 11          r 12          r 13          r 14          r 15          r 16          r 17          r 18          r 19         ln lk             grad     status
  0      4.50e-06       0.00100     -400.00000       0.40000       1.00000       1.00000       1.00000       1.00000       1.00000       1.00000       1.00000       1.00000       1.00000       1.00000       1.00000       1.00000       1.00000       1.00000       1.00000       1.00000       1.00000       1.00000  -236714.3348141739   1696.98209   -2
153      4.50e-06       0.00923    -1205.55518       0.18265       0.97887       0.96646       0.93767       0.94964       0.91486       0.90407       0.88791       0.89424       0.89354       0.90454       0.88392       0.86704       0.88915       0.93885       0.92445       0.91128       0.91168       1.01015  -194.1684794026      0.00086   -3
-- Local optimization: stuck in the same solution


---- Best joint likelihood found -194.16848 with gradient 0.00086
-- Model: B
--     eps_an        eps_cont      theta_bar     a        
--    4.50e-06      0.00e+00       0.00923       -1.00000  
--      S_d            b             p_b           S_b      
--  -1205.55518       0.18265      0.00e+00      0.00e+00  
--     r  2          r  3          r  4          r  5          r  6          r  7          r  8          r  9          r 10          r 11          r 12          r 13          r 14          r 15          r 16          r 17          r 18          r 19     
--     0.97887       0.96646       0.93767       0.94964       0.91486       0.90407       0.88791       0.89424       0.89354       0.90454       0.88392       0.86704       0.88915       0.93885       0.92445       0.91128       0.91168       1.01015  

---- Expected P_neut(i), 0 < i < n (neutral SFS per site) 
E[P_neut(1)] = 0.009228
E[P_neut(2)] = 0.004517
E[P_neut(3)] = 0.002973
E[P_neut(4)] = 0.002163
E[P_neut(5)] = 0.001753
E[P_neut(6)] = 0.001407
E[P_neut(7)] = 0.001192
E[P_neut(8)] = 0.001024
E[P_neut(9)] = 0.000917
E[P_neut(10)] = 0.000825
E[P_neut(11)] = 0.000759
E[P_neut(12)] = 0.000680
E[P_neut(13)] = 0.000615
E[P_neut(14)] = 0.000586
E[P_neut(15)] = 0.000578
E[P_neut(16)] = 0.000533
E[P_neut(17)] = 0.000495
E[P_neut(18)] = 0.000467
E[P_neut(19)] = 0.000491

---- Expected P_sel(i), 0 < i < n (selected SFS per site) 
E[P_sel(1)] = 0.003706
E[P_sel(2)] = 0.001510
E[P_sel(3)] = 0.000912
E[P_sel(4)] = 0.000628
E[P_sel(5)] = 0.000489
E[P_sel(6)] = 0.000381
E[P_sel(7)] = 0.000314
E[P_sel(8)] = 0.000264
E[P_sel(9)] = 0.000232
E[P_sel(10)] = 0.000205
E[P_sel(11)] = 0.000186
E[P_sel(12)] = 0.000164
E[P_sel(13)] = 0.000147
E[P_sel(14)] = 0.000138
E[P_sel(15)] = 0.000135
E[P_sel(16)] = 0.000123
E[P_sel(17)] = 0.000114
E[P_sel(18)] = 0.000106
E[P_sel(19)] = 0.000111

---- Expected neutral and selected misattributed polymorphism per site
E[mis_neut] = 0.000461
E[mis_sel] = 0.000103

---- alpha_div = 0.300442
---- alpha_dfe = 0.000000



