---- Performing inference on Ns50_pa_0.001_boots/Ns50_pa_0.001.0.polyDFE.txt using model B

---- Warning: mutation variability is not used when only one neutral and one selected fragment is available.
---- No mutation variability. Using Poisson likelihood.

---- Using provided initial values


-- Starting local optimization
 it       eps_an        eps_cont      theta_bar      S_d            b             p_b           S_b           r  2          r  3          r  4          r  5          r  6          r  7          r  8          r  9          r 10          r 11          r 12          r 13          r 14          r 15          r 16          r 17          r 18          r 19         ln lk             grad     status
  0      4.50e-06      9.00e-07       0.00100     -400.00000       0.40000       0.02000       4.00000       1.00000       1.00000       1.00000       1.00000       1.00000       1.00000       1.00000       1.00000       1.00000       1.00000       1.00000       1.00000       1.00000       1.00000       1.00000       1.00000       1.00000       1.00000  -226389.8466600236   1600.98659   -2
684      4.37e-06      8.99e-07       0.00928    -1309.30962       0.18246       0.00053       0.13640       0.98563       0.94543       0.93387       0.95222       0.91039       0.91918       0.90450       0.92055       0.89318       0.92361       0.86989       0.87800       0.87899       0.91987       0.92622       0.89182       0.93133       1.02499  -200.6231319823      0.00044   -3
-- Local optimization: stuck in the same solution


---- Best joint likelihood found -200.62313 with gradient 0.00044
-- Model: B
--     eps_an        eps_cont      theta_bar     a        
--    4.37e-06      8.99e-07       0.00928       -1.00000  
--      S_d            b             p_b           S_b      
--  -1309.30962       0.18246       0.00053       0.13640  
--     r  2          r  3          r  4          r  5          r  6          r  7          r  8          r  9          r 10          r 11          r 12          r 13          r 14          r 15          r 16          r 17          r 18          r 19     
--     0.98563       0.94543       0.93387       0.95222       0.91039       0.91918       0.90450       0.92055       0.89318       0.92361       0.86989       0.87800       0.87899       0.91987       0.92622       0.89182       0.93133       1.02499  

---- Expected P_neut(i), 0 < i < n (neutral SFS per site) 
E[P_neut(1)] = 0.009280
E[P_neut(2)] = 0.004573
E[P_neut(3)] = 0.002924
E[P_neut(4)] = 0.002167
E[P_neut(5)] = 0.001767
E[P_neut(6)] = 0.001408
E[P_neut(7)] = 0.001219
E[P_neut(8)] = 0.001049
E[P_neut(9)] = 0.000949
E[P_neut(10)] = 0.000829
E[P_neut(11)] = 0.000779
E[P_neut(12)] = 0.000673
E[P_neut(13)] = 0.000627
E[P_neut(14)] = 0.000583
E[P_neut(15)] = 0.000569
E[P_neut(16)] = 0.000537
E[P_neut(17)] = 0.000487
E[P_neut(18)] = 0.000480
E[P_neut(19)] = 0.000501

---- Expected P_sel(i), 0 < i < n (selected SFS per site) 
E[P_sel(1)] = 0.003678
E[P_sel(2)] = 0.001509
E[P_sel(3)] = 0.000886
E[P_sel(4)] = 0.000621
E[P_sel(5)] = 0.000487
E[P_sel(6)] = 0.000376
E[P_sel(7)] = 0.000317
E[P_sel(8)] = 0.000267
E[P_sel(9)] = 0.000237
E[P_sel(10)] = 0.000204
E[P_sel(11)] = 0.000189
E[P_sel(12)] = 0.000161
E[P_sel(13)] = 0.000148
E[P_sel(14)] = 0.000136
E[P_sel(15)] = 0.000132
E[P_sel(16)] = 0.000123
E[P_sel(17)] = 0.000110
E[P_sel(18)] = 0.000108
E[P_sel(19)] = 0.000112

---- Expected neutral and selected misattributed polymorphism per site
E[mis_neut] = 0.000464
E[mis_sel] = 0.000103

---- alpha_div = 0.308903
---- alpha_dfe = 0.002592



