---- Performing inference on Ns50_pa_0.001_boots/Ns50_pa_0.001.47.polyDFE.txt using model B

---- Warning: mutation variability is not used when only one neutral and one selected fragment is available.
---- No mutation variability. Using Poisson likelihood.

---- Using provided initial values


-- Starting local optimization
 it       eps_an        lambda        theta_bar      S_d            b             r  2          r  3          r  4          r  5          r  6          r  7          r  8          r  9          r 10          r 11          r 12          r 13          r 14          r 15          r 16          r 17          r 18          r 19          r 20         ln lk             grad     status
  0      4.50e-06       0.00500       0.00100     -400.00000       0.40000       1.00000       1.00000       1.00000       1.00000       1.00000       1.00000       1.00000       1.00000       1.00000       1.00000       1.00000       1.00000       1.00000       1.00000       1.00000       1.00000       1.00000       1.00000       1.00000  -244187.2125028472   1816.52237   -2
126      4.50e-06       0.00539       0.00935    -5339.74590       0.13857       0.94872       0.92311       0.89020       0.90579       0.86721       0.87938       0.84594       0.83852       0.84701       0.86075       0.83045       0.84862       0.85169       0.88112       0.87432       0.86448       0.89528       0.94660       1.07103  -427.8051195643      0.04174   -3
-- Local optimization: stuck in the same solution


---- Best joint likelihood found -427.80512 with gradient 0.04174
-- Model: B
--     eps_an        eps_cont      lambda        theta_bar     a        
--    4.50e-06      0.00e+00       0.00539       0.00935       -1.00000  
--      S_d            b             p_b           S_b      
--  -5339.74590       0.13857      0.00e+00      0.00e+00  
--     r  2          r  3          r  4          r  5          r  6          r  7          r  8          r  9          r 10          r 11          r 12          r 13          r 14          r 15          r 16          r 17          r 18          r 19          r 20     
--     0.94872       0.92311       0.89020       0.90579       0.86721       0.87938       0.84594       0.83852       0.84701       0.86075       0.83045       0.84862       0.85169       0.88112       0.87432       0.86448       0.89528       0.94660       1.07103  

---- Expected P_neut(i), 0 < i < n (neutral SFS per site) 
E[P_neut(1)] = 0.009353
E[P_neut(2)] = 0.004437
E[P_neut(3)] = 0.002878
E[P_neut(4)] = 0.002082
E[P_neut(5)] = 0.001694
E[P_neut(6)] = 0.001352
E[P_neut(7)] = 0.001175
E[P_neut(8)] = 0.000989
E[P_neut(9)] = 0.000871
E[P_neut(10)] = 0.000792
E[P_neut(11)] = 0.000732
E[P_neut(12)] = 0.000647
E[P_neut(13)] = 0.000611
E[P_neut(14)] = 0.000569
E[P_neut(15)] = 0.000549
E[P_neut(16)] = 0.000511
E[P_neut(17)] = 0.000476
E[P_neut(18)] = 0.000465
E[P_neut(19)] = 0.000466

---- Expected P_sel(i), 0 < i < n (selected SFS per site) 
E[P_sel(1)] = 0.003662
E[P_sel(2)] = 0.001512
E[P_sel(3)] = 0.000920
E[P_sel(4)] = 0.000638
E[P_sel(5)] = 0.000504
E[P_sel(6)] = 0.000393
E[P_sel(7)] = 0.000335
E[P_sel(8)] = 0.000277
E[P_sel(9)] = 0.000241
E[P_sel(10)] = 0.000216
E[P_sel(11)] = 0.000197
E[P_sel(12)] = 0.000173
E[P_sel(13)] = 0.000162
E[P_sel(14)] = 0.000149
E[P_sel(15)] = 0.000143
E[P_sel(16)] = 0.000132
E[P_sel(17)] = 0.000122
E[P_sel(18)] = 0.000119
E[P_sel(19)] = 0.000118

---- Expected D_neut and D_sel (neutral and selected divergence per site) 
E[D_neut] = 0.005894
E[D_sel] = 0.001476

---- Expected neutral and selected misattributed polymorphism per site
E[mis_neut] = 0.000501
E[mis_sel] = 0.000126

---- alpha_div = 0.198344
---- alpha_dfe = 0.000000



