---- Performing inference on Ns50_pa_0.001_boots/Ns50_pa_0.001.71.polyDFE.txt using model B

---- Warning: mutation variability is not used when only one neutral and one selected fragment is available.
---- No mutation variability. Using Poisson likelihood.

---- Using provided initial values


-- Starting local optimization
 it       eps_an        eps_cont      theta_bar      S_d            b             p_b           S_b           r  2          r  3          r  4          r  5          r  6          r  7          r  8          r  9          r 10          r 11          r 12          r 13          r 14          r 15          r 16          r 17          r 18          r 19         ln lk             grad     status
  0      4.50e-06      9.00e-07       0.00100     -400.00000       0.40000       0.02000       4.00000       1.00000       1.00000       1.00000       1.00000       1.00000       1.00000       1.00000       1.00000       1.00000       1.00000       1.00000       1.00000       1.00000       1.00000       1.00000       1.00000       1.00000       1.00000  -228075.6539440914   1610.43712   -2
413      4.47e-06      9.00e-07       0.00925    -1057.81190       0.18875       0.00316       0.41815       0.98054       0.96648       0.94117       0.95607       0.91831       0.91555       0.87618       0.86823       0.91390       0.91839       0.86032       0.86797       0.92248       0.93920       0.92077       0.90301       0.92655       1.00964  -199.4959893007      0.00422   -3
-- Local optimization: stuck in the same solution


---- Best joint likelihood found -199.49599 with gradient 0.00422
-- Model: B
--     eps_an        eps_cont      theta_bar     a        
--    4.47e-06      9.00e-07       0.00925       -1.00000  
--      S_d            b             p_b           S_b      
--  -1057.81190       0.18875       0.00316       0.41815  
--     r  2          r  3          r  4          r  5          r  6          r  7          r  8          r  9          r 10          r 11          r 12          r 13          r 14          r 15          r 16          r 17          r 18          r 19     
--     0.98054       0.96648       0.94117       0.95607       0.91831       0.91555       0.87618       0.86823       0.91390       0.91839       0.86032       0.86797       0.92248       0.93920       0.92077       0.90301       0.92655       1.00964  

---- Expected P_neut(i), 0 < i < n (neutral SFS per site) 
E[P_neut(1)] = 0.009252
E[P_neut(2)] = 0.004536
E[P_neut(3)] = 0.002981
E[P_neut(4)] = 0.002177
E[P_neut(5)] = 0.001769
E[P_neut(6)] = 0.001416
E[P_neut(7)] = 0.001210
E[P_neut(8)] = 0.001013
E[P_neut(9)] = 0.000893
E[P_neut(10)] = 0.000846
E[P_neut(11)] = 0.000772
E[P_neut(12)] = 0.000663
E[P_neut(13)] = 0.000618
E[P_neut(14)] = 0.000610
E[P_neut(15)] = 0.000579
E[P_neut(16)] = 0.000532
E[P_neut(17)] = 0.000491
E[P_neut(18)] = 0.000476
E[P_neut(19)] = 0.000492

---- Expected P_sel(i), 0 < i < n (selected SFS per site) 
E[P_sel(1)] = 0.003735
E[P_sel(2)] = 0.001517
E[P_sel(3)] = 0.000913
E[P_sel(4)] = 0.000631
E[P_sel(5)] = 0.000492
E[P_sel(6)] = 0.000382
E[P_sel(7)] = 0.000318
E[P_sel(8)] = 0.000260
E[P_sel(9)] = 0.000225
E[P_sel(10)] = 0.000209
E[P_sel(11)] = 0.000189
E[P_sel(12)] = 0.000160
E[P_sel(13)] = 0.000147
E[P_sel(14)] = 0.000143
E[P_sel(15)] = 0.000135
E[P_sel(16)] = 0.000123
E[P_sel(17)] = 0.000112
E[P_sel(18)] = 0.000108
E[P_sel(19)] = 0.000110

---- Expected neutral and selected misattributed polymorphism per site
E[mis_neut] = 0.000463
E[mis_sel] = 0.000103

---- alpha_div = 0.315608
---- alpha_dfe = 0.017470



