---- Performing inference on Ns50_pa_0.001_boots/Ns50_pa_0.001.79.polyDFE.txt using model B

---- Warning: mutation variability is not used when only one neutral and one selected fragment is available.
---- No mutation variability. Using Poisson likelihood.

---- Using provided initial values


-- Starting local optimization
 it       eps_an        theta_bar      S_d            b             r  2          r  3          r  4          r  5          r  6          r  7          r  8          r  9          r 10          r 11          r 12          r 13          r 14          r 15          r 16          r 17          r 18          r 19         ln lk             grad     status
  0      4.50e-06       0.00100     -400.00000       0.40000       1.00000       1.00000       1.00000       1.00000       1.00000       1.00000       1.00000       1.00000       1.00000       1.00000       1.00000       1.00000       1.00000       1.00000       1.00000       1.00000       1.00000       1.00000  -237576.7869126751   1700.16846   -2
128      4.50e-06       0.00923     -985.87830       0.19032       0.97718       0.96513       0.93435       0.95498       0.94876       0.92478       0.88869       0.90290       0.86556       0.91805       0.89592       0.87977       0.88635       0.93663       0.98388       0.88170       0.95745       0.97695  -195.1542070885      0.00527   -3
-- Local optimization: stuck in the same solution


---- Best joint likelihood found -195.15421 with gradient 0.00527
-- Model: B
--     eps_an        eps_cont      theta_bar     a        
--    4.50e-06      0.00e+00       0.00923       -1.00000  
--      S_d            b             p_b           S_b      
--   -985.87830       0.19032      0.00e+00      0.00e+00  
--     r  2          r  3          r  4          r  5          r  6          r  7          r  8          r  9          r 10          r 11          r 12          r 13          r 14          r 15          r 16          r 17          r 18          r 19     
--     0.97718       0.96513       0.93435       0.95498       0.94876       0.92478       0.88869       0.90290       0.86556       0.91805       0.89592       0.87977       0.88635       0.93663       0.98388       0.88170       0.95745       0.97695  

---- Expected P_neut(i), 0 < i < n (neutral SFS per site) 
E[P_neut(1)] = 0.009232
E[P_neut(2)] = 0.004511
E[P_neut(3)] = 0.002970
E[P_neut(4)] = 0.002156
E[P_neut(5)] = 0.001763
E[P_neut(6)] = 0.001460
E[P_neut(7)] = 0.001220
E[P_neut(8)] = 0.001026
E[P_neut(9)] = 0.000926
E[P_neut(10)] = 0.000799
E[P_neut(11)] = 0.000770
E[P_neut(12)] = 0.000689
E[P_neut(13)] = 0.000625
E[P_neut(14)] = 0.000584
E[P_neut(15)] = 0.000576
E[P_neut(16)] = 0.000568
E[P_neut(17)] = 0.000479
E[P_neut(18)] = 0.000491
E[P_neut(19)] = 0.000475

---- Expected P_sel(i), 0 < i < n (selected SFS per site) 
E[P_sel(1)] = 0.003736
E[P_sel(2)] = 0.001508
E[P_sel(3)] = 0.000908
E[P_sel(4)] = 0.000623
E[P_sel(5)] = 0.000488
E[P_sel(6)] = 0.000391
E[P_sel(7)] = 0.000318
E[P_sel(8)] = 0.000262
E[P_sel(9)] = 0.000232
E[P_sel(10)] = 0.000196
E[P_sel(11)] = 0.000186
E[P_sel(12)] = 0.000165
E[P_sel(13)] = 0.000147
E[P_sel(14)] = 0.000136
E[P_sel(15)] = 0.000133
E[P_sel(16)] = 0.000129
E[P_sel(17)] = 0.000108
E[P_sel(18)] = 0.000110
E[P_sel(19)] = 0.000105

---- Expected neutral and selected misattributed polymorphism per site
E[mis_neut] = 0.000462
E[mis_sel] = 0.000102

---- alpha_div = 0.296853
---- alpha_dfe = 0.000000



