---- Performing inference on Ns50_pa_0.001_boots/Ns50_pa_0.001.77.polyDFE.txt using model B

---- Warning: mutation variability is not used when only one neutral and one selected fragment is available.
---- No mutation variability. Using Poisson likelihood.

---- Using provided initial values


-- Starting local optimization
 it       eps_an        lambda        theta_bar      S_d            b             r  2          r  3          r  4          r  5          r  6          r  7          r  8          r  9          r 10          r 11          r 12          r 13          r 14          r 15          r 16          r 17          r 18          r 19          r 20         ln lk             grad     status
  0      4.50e-06       0.00500       0.00100     -400.00000       0.40000       1.00000       1.00000       1.00000       1.00000       1.00000       1.00000       1.00000       1.00000       1.00000       1.00000       1.00000       1.00000       1.00000       1.00000       1.00000       1.00000       1.00000       1.00000       1.00000  -243592.0174974195   1812.37827   -2
665      4.31e-06       0.00017       0.00948    -9324.95112       0.13050       0.94658       0.91982       0.88617       0.89184       0.88215       0.84258       0.83243       0.82628       0.85860       0.84461       0.82315       0.80703       0.81263       0.87964       0.85931       0.81782       0.88078       0.92020      12.28550  -422.1507879308      0.01404   -6
-- Local optimization: reached maximum running time allowed


---- Best joint likelihood found -422.15079 with gradient 0.01404
-- Model: B
--     eps_an        eps_cont      lambda        theta_bar     a        
--    4.31e-06      0.00e+00       0.00017       0.00948       -1.00000  
--      S_d            b             p_b           S_b      
--  -9324.95112       0.13050      0.00e+00      0.00e+00  
--     r  2          r  3          r  4          r  5          r  6          r  7          r  8          r  9          r 10          r 11          r 12          r 13          r 14          r 15          r 16          r 17          r 18          r 19          r 20     
--     0.94658       0.91982       0.88617       0.89184       0.88215       0.84258       0.83243       0.82628       0.85860       0.84461       0.82315       0.80703       0.81263       0.87964       0.85931       0.81782       0.88078       0.92020      12.28550  

---- Expected P_neut(i), 0 < i < n (neutral SFS per site) 
E[P_neut(1)] = 0.009478
E[P_neut(2)] = 0.004486
E[P_neut(3)] = 0.002906
E[P_neut(4)] = 0.002100
E[P_neut(5)] = 0.001691
E[P_neut(6)] = 0.001393
E[P_neut(7)] = 0.001141
E[P_neut(8)] = 0.000986
E[P_neut(9)] = 0.000870
E[P_neut(10)] = 0.000814
E[P_neut(11)] = 0.000728
E[P_neut(12)] = 0.000650
E[P_neut(13)] = 0.000588
E[P_neut(14)] = 0.000550
E[P_neut(15)] = 0.000556
E[P_neut(16)] = 0.000509
E[P_neut(17)] = 0.000456
E[P_neut(18)] = 0.000464
E[P_neut(19)] = 0.000459

---- Expected P_sel(i), 0 < i < n (selected SFS per site) 
E[P_sel(1)] = 0.003614
E[P_sel(2)] = 0.001502
E[P_sel(3)] = 0.000916
E[P_sel(4)] = 0.000636
E[P_sel(5)] = 0.000498
E[P_sel(6)] = 0.000402
E[P_sel(7)] = 0.000323
E[P_sel(8)] = 0.000275
E[P_sel(9)] = 0.000239
E[P_sel(10)] = 0.000221
E[P_sel(11)] = 0.000196
E[P_sel(12)] = 0.000173
E[P_sel(13)] = 0.000155
E[P_sel(14)] = 0.000144
E[P_sel(15)] = 0.000144
E[P_sel(16)] = 0.000131
E[P_sel(17)] = 0.000117
E[P_sel(18)] = 0.000118
E[P_sel(19)] = 0.000116

---- Expected D_neut and D_sel (neutral and selected divergence per site) 
E[D_neut] = 0.005987
E[D_sel] = 0.001507

---- Expected neutral and selected misattributed polymorphism per site
E[mis_neut] = 0.005822
E[mis_sel] = 0.001465

---- alpha_div = 1.407626
---- alpha_dfe = 0.000000



