---- Performing inference on Ns50_pa_0.001_boots/Ns50_pa_0.001.78.polyDFE.txt using model B

---- Warning: mutation variability is not used when only one neutral and one selected fragment is available.
---- No mutation variability. Using Poisson likelihood.

---- Using provided initial values


-- Starting local optimization
 it       eps_an        eps_cont      lambda        theta_bar      S_d            b             p_b           S_b           r  2          r  3          r  4          r  5          r  6          r  7          r  8          r  9          r 10          r 11          r 12          r 13          r 14          r 15          r 16          r 17          r 18          r 19          r 20         ln lk             grad     status
  0      4.50e-06      9.00e-07       0.00500       0.00100     -400.00000       0.40000       0.02000       4.00000       1.00000       1.00000       1.00000       1.00000       1.00000       1.00000       1.00000       1.00000       1.00000       1.00000       1.00000       1.00000       1.00000       1.00000       1.00000       1.00000       1.00000       1.00000       1.00000  -227059.8915420986   1630.48498   -2
133      4.49e-06      9.00e-07       0.00502       0.00910     -830.28940       0.19933       0.00251      37.42672       0.99621       0.97083       0.94153       0.98340       0.93802       0.91611       0.88550       0.90330       0.92417       0.92274       0.86872       0.86545       0.92520       0.95104       0.91211       0.93102       0.91770       0.97985       0.84713  -210.1626843168      0.20854   -3
-- Local optimization: stuck in the same solution


---- Best joint likelihood found -210.16268 with gradient 0.20854
-- Model: B
--     eps_an        eps_cont      lambda        theta_bar     a        
--    4.49e-06      9.00e-07       0.00502       0.00910       -1.00000  
--      S_d            b             p_b           S_b      
--   -830.28940       0.19933       0.00251      37.42672  
--     r  2          r  3          r  4          r  5          r  6          r  7          r  8          r  9          r 10          r 11          r 12          r 13          r 14          r 15          r 16          r 17          r 18          r 19          r 20     
--     0.99621       0.97083       0.94153       0.98340       0.93802       0.91611       0.88550       0.90330       0.92417       0.92274       0.86872       0.86545       0.92520       0.95104       0.91211       0.93102       0.91770       0.97985       0.84713  

---- Expected P_neut(i), 0 < i < n (neutral SFS per site) 
E[P_neut(1)] = 0.009097
E[P_neut(2)] = 0.004531
E[P_neut(3)] = 0.002944
E[P_neut(4)] = 0.002141
E[P_neut(5)] = 0.001789
E[P_neut(6)] = 0.001422
E[P_neut(7)] = 0.001191
E[P_neut(8)] = 0.001007
E[P_neut(9)] = 0.000913
E[P_neut(10)] = 0.000841
E[P_neut(11)] = 0.000763
E[P_neut(12)] = 0.000659
E[P_neut(13)] = 0.000606
E[P_neut(14)] = 0.000601
E[P_neut(15)] = 0.000577
E[P_neut(16)] = 0.000519
E[P_neut(17)] = 0.000498
E[P_neut(18)] = 0.000464
E[P_neut(19)] = 0.000469

---- Expected P_sel(i), 0 < i < n (selected SFS per site) 
E[P_sel(1)] = 0.003698
E[P_sel(2)] = 0.001511
E[P_sel(3)] = 0.000895
E[P_sel(4)] = 0.000614
E[P_sel(5)] = 0.000492
E[P_sel(6)] = 0.000378
E[P_sel(7)] = 0.000308
E[P_sel(8)] = 0.000255
E[P_sel(9)] = 0.000227
E[P_sel(10)] = 0.000206
E[P_sel(11)] = 0.000184
E[P_sel(12)] = 0.000157
E[P_sel(13)] = 0.000143
E[P_sel(14)] = 0.000141
E[P_sel(15)] = 0.000135
E[P_sel(16)] = 0.000121
E[P_sel(17)] = 0.000117
E[P_sel(18)] = 0.000111
E[P_sel(19)] = 0.000117

---- Expected D_neut and D_sel (neutral and selected divergence per site) 
E[D_neut] = 0.005401
E[D_sel] = 0.001636

---- Expected neutral and selected misattributed polymorphism per site
E[mis_neut] = 0.000385
E[mis_sel] = 0.000103

---- alpha_div = 0.309411
---- alpha_dfe = 0.307318



