---- Performing inference on Ns50_pa_0.001_boots/Ns50_pa_0.001.74.polyDFE.txt using model B

---- Warning: mutation variability is not used when only one neutral and one selected fragment is available.
---- No mutation variability. Using Poisson likelihood.

---- Using provided initial values


-- Starting local optimization
 it       eps_an        lambda        theta_bar      S_d            b             r  2          r  3          r  4          r  5          r  6          r  7          r  8          r  9          r 10          r 11          r 12          r 13          r 14          r 15          r 16          r 17          r 18          r 19          r 20         ln lk             grad     status
  0      4.50e-06       0.00500       0.00100     -400.00000       0.40000       1.00000       1.00000       1.00000       1.00000       1.00000       1.00000       1.00000       1.00000       1.00000       1.00000       1.00000       1.00000       1.00000       1.00000       1.00000       1.00000       1.00000       1.00000       1.00000  -246619.9845059440   1828.60876   -2
694      4.33e-06       0.00006       0.00939    -5059.06664       0.13980       0.96169       0.91686       0.90371       0.92902       0.86890       0.87828       0.82185       0.84064       0.86908       0.87503       0.82834       0.81888       0.85620       0.89294       0.84291       0.84874       0.87774       0.97227      12.46003  -414.1698970618      0.00825   -6
-- Local optimization: reached maximum running time allowed


---- Best joint likelihood found -414.16990 with gradient 0.00825
-- Model: B
--     eps_an        eps_cont      lambda        theta_bar     a        
--    4.33e-06      0.00e+00       0.00006       0.00939       -1.00000  
--      S_d            b             p_b           S_b      
--  -5059.06664       0.13980      0.00e+00      0.00e+00  
--     r  2          r  3          r  4          r  5          r  6          r  7          r  8          r  9          r 10          r 11          r 12          r 13          r 14          r 15          r 16          r 17          r 18          r 19          r 20     
--     0.96169       0.91686       0.90371       0.92902       0.86890       0.87828       0.82185       0.84064       0.86908       0.87503       0.82834       0.81888       0.85620       0.89294       0.84291       0.84874       0.87774       0.97227      12.46003  

---- Expected P_neut(i), 0 < i < n (neutral SFS per site) 
E[P_neut(1)] = 0.009390
E[P_neut(2)] = 0.004515
E[P_neut(3)] = 0.002870
E[P_neut(4)] = 0.002121
E[P_neut(5)] = 0.001745
E[P_neut(6)] = 0.001360
E[P_neut(7)] = 0.001178
E[P_neut(8)] = 0.000965
E[P_neut(9)] = 0.000877
E[P_neut(10)] = 0.000816
E[P_neut(11)] = 0.000747
E[P_neut(12)] = 0.000648
E[P_neut(13)] = 0.000592
E[P_neut(14)] = 0.000574
E[P_neut(15)] = 0.000559
E[P_neut(16)] = 0.000495
E[P_neut(17)] = 0.000469
E[P_neut(18)] = 0.000458
E[P_neut(19)] = 0.000481

---- Expected P_sel(i), 0 < i < n (selected SFS per site) 
E[P_sel(1)] = 0.003678
E[P_sel(2)] = 0.001538
E[P_sel(3)] = 0.000916
E[P_sel(4)] = 0.000649
E[P_sel(5)] = 0.000518
E[P_sel(6)] = 0.000394
E[P_sel(7)] = 0.000335
E[P_sel(8)] = 0.000270
E[P_sel(9)] = 0.000242
E[P_sel(10)] = 0.000222
E[P_sel(11)] = 0.000201
E[P_sel(12)] = 0.000173
E[P_sel(13)] = 0.000156
E[P_sel(14)] = 0.000150
E[P_sel(15)] = 0.000145
E[P_sel(16)] = 0.000127
E[P_sel(17)] = 0.000120
E[P_sel(18)] = 0.000116
E[P_sel(19)] = 0.000121

---- Expected D_neut and D_sel (neutral and selected divergence per site) 
E[D_neut] = 0.005909
E[D_sel] = 0.001482

---- Expected neutral and selected misattributed polymorphism per site
E[mis_neut] = 0.005850
E[mis_sel] = 0.001468

---- alpha_div = 1.607045
---- alpha_dfe = 0.000000



