---- Performing inference on Ns50_pa_0.001_boots/Ns50_pa_0.001.88.polyDFE.txt using model B

---- Warning: mutation variability is not used when only one neutral and one selected fragment is available.
---- No mutation variability. Using Poisson likelihood.

---- Using provided initial values


-- Starting local optimization
 it       eps_an        lambda        theta_bar      S_d            b             r  2          r  3          r  4          r  5          r  6          r  7          r  8          r  9          r 10          r 11          r 12          r 13          r 14          r 15          r 16          r 17          r 18          r 19          r 20         ln lk             grad     status
  0      4.50e-06       0.00500       0.00100     -400.00000       0.40000       1.00000       1.00000       1.00000       1.00000       1.00000       1.00000       1.00000       1.00000       1.00000       1.00000       1.00000       1.00000       1.00000       1.00000       1.00000       1.00000       1.00000       1.00000       1.00000  -243007.5788090735   1809.92646   -2
702      4.28e-06       0.00005       0.00933    -5571.46585       0.13888       0.96441       0.91596       0.89431       0.91516       0.88734       0.86825       0.84460       0.83526       0.87207       0.86764       0.83421       0.82608       0.89234       0.87970       0.86420       0.85280       0.85636       0.95601      12.64107  -401.5781023952      0.01254   -6
-- Local optimization: reached maximum running time allowed


---- Best joint likelihood found -401.57810 with gradient 0.01254
-- Model: B
--     eps_an        eps_cont      lambda        theta_bar     a        
--    4.28e-06      0.00e+00       0.00005       0.00933       -1.00000  
--      S_d            b             p_b           S_b      
--  -5571.46585       0.13888      0.00e+00      0.00e+00  
--     r  2          r  3          r  4          r  5          r  6          r  7          r  8          r  9          r 10          r 11          r 12          r 13          r 14          r 15          r 16          r 17          r 18          r 19          r 20     
--     0.96441       0.91596       0.89431       0.91516       0.88734       0.86825       0.84460       0.83526       0.87207       0.86764       0.83421       0.82608       0.89234       0.87970       0.86420       0.85280       0.85636       0.95601      12.64107  

---- Expected P_neut(i), 0 < i < n (neutral SFS per site) 
E[P_neut(1)] = 0.009332
E[P_neut(2)] = 0.004500
E[P_neut(3)] = 0.002849
E[P_neut(4)] = 0.002086
E[P_neut(5)] = 0.001708
E[P_neut(6)] = 0.001380
E[P_neut(7)] = 0.001157
E[P_neut(8)] = 0.000985
E[P_neut(9)] = 0.000866
E[P_neut(10)] = 0.000814
E[P_neut(11)] = 0.000736
E[P_neut(12)] = 0.000649
E[P_neut(13)] = 0.000593
E[P_neut(14)] = 0.000595
E[P_neut(15)] = 0.000547
E[P_neut(16)] = 0.000504
E[P_neut(17)] = 0.000468
E[P_neut(18)] = 0.000444
E[P_neut(19)] = 0.000470

---- Expected P_sel(i), 0 < i < n (selected SFS per site) 
E[P_sel(1)] = 0.003626
E[P_sel(2)] = 0.001521
E[P_sel(3)] = 0.000903
E[P_sel(4)] = 0.000635
E[P_sel(5)] = 0.000504
E[P_sel(6)] = 0.000398
E[P_sel(7)] = 0.000327
E[P_sel(8)] = 0.000274
E[P_sel(9)] = 0.000237
E[P_sel(10)] = 0.000220
E[P_sel(11)] = 0.000197
E[P_sel(12)] = 0.000172
E[P_sel(13)] = 0.000156
E[P_sel(14)] = 0.000155
E[P_sel(15)] = 0.000141
E[P_sel(16)] = 0.000129
E[P_sel(17)] = 0.000119
E[P_sel(18)] = 0.000112
E[P_sel(19)] = 0.000118

---- Expected D_neut and D_sel (neutral and selected divergence per site) 
E[D_neut] = 0.005951
E[D_sel] = 0.001485

---- Expected neutral and selected misattributed polymorphism per site
E[mis_neut] = 0.005898
E[mis_sel] = 0.001472

---- alpha_div = 1.612140
---- alpha_dfe = 0.000000



