---- Performing inference on Ns50_pa_0.001_boots/Ns50_pa_0.001.7.polyDFE.txt using model B

---- Warning: mutation variability is not used when only one neutral and one selected fragment is available.
---- No mutation variability. Using Poisson likelihood.

---- Using provided initial values


-- Starting local optimization
 it       eps_an        eps_cont      lambda        theta_bar      S_d            b             p_b           S_b           r  2          r  3          r  4          r  5          r  6          r  7          r  8          r  9          r 10          r 11          r 12          r 13          r 14          r 15          r 16          r 17          r 18          r 19          r 20         ln lk             grad     status
  0      4.50e-06      9.00e-07       0.00500       0.00100     -400.00000       0.40000       0.02000       4.00000       1.00000       1.00000       1.00000       1.00000       1.00000       1.00000       1.00000       1.00000       1.00000       1.00000       1.00000       1.00000       1.00000       1.00000       1.00000       1.00000       1.00000       1.00000       1.00000  -231025.9585562685   1648.37013   -2
 81      4.49e-06      9.00e-07       0.00510       0.00943    -1812.95279       0.17430       0.00222      37.42111       0.97507       0.94418       0.92804       0.95197       0.89460       0.92615       0.87477       0.90043       0.87534       0.89120       0.85578       0.84871       0.84026       0.93353       0.89784       0.84072       0.93263       0.94137       0.87340  -228.3826529525      0.49863   -3
-- Local optimization: stuck in the same solution


---- Best joint likelihood found -228.38265 with gradient 0.49863
-- Model: B
--     eps_an        eps_cont      lambda        theta_bar     a        
--    4.49e-06      9.00e-07       0.00510       0.00943       -1.00000  
--      S_d            b             p_b           S_b      
--  -1812.95279       0.17430       0.00222      37.42111  
--     r  2          r  3          r  4          r  5          r  6          r  7          r  8          r  9          r 10          r 11          r 12          r 13          r 14          r 15          r 16          r 17          r 18          r 19          r 20     
--     0.97507       0.94418       0.92804       0.95197       0.89460       0.92615       0.87477       0.90043       0.87534       0.89120       0.85578       0.84871       0.84026       0.93353       0.89784       0.84072       0.93263       0.94137       0.87340  

---- Expected P_neut(i), 0 < i < n (neutral SFS per site) 
E[P_neut(1)] = 0.009433
E[P_neut(2)] = 0.004599
E[P_neut(3)] = 0.002969
E[P_neut(4)] = 0.002188
E[P_neut(5)] = 0.001796
E[P_neut(6)] = 0.001406
E[P_neut(7)] = 0.001248
E[P_neut(8)] = 0.001031
E[P_neut(9)] = 0.000944
E[P_neut(10)] = 0.000826
E[P_neut(11)] = 0.000764
E[P_neut(12)] = 0.000673
E[P_neut(13)] = 0.000616
E[P_neut(14)] = 0.000566
E[P_neut(15)] = 0.000587
E[P_neut(16)] = 0.000529
E[P_neut(17)] = 0.000466
E[P_neut(18)] = 0.000489
E[P_neut(19)] = 0.000467

---- Expected P_sel(i), 0 < i < n (selected SFS per site) 
E[P_sel(1)] = 0.003665
E[P_sel(2)] = 0.001501
E[P_sel(3)] = 0.000894
E[P_sel(4)] = 0.000626
E[P_sel(5)] = 0.000495
E[P_sel(6)] = 0.000377
E[P_sel(7)] = 0.000327
E[P_sel(8)] = 0.000265
E[P_sel(9)] = 0.000238
E[P_sel(10)] = 0.000206
E[P_sel(11)] = 0.000188
E[P_sel(12)] = 0.000164
E[P_sel(13)] = 0.000149
E[P_sel(14)] = 0.000136
E[P_sel(15)] = 0.000140
E[P_sel(16)] = 0.000127
E[P_sel(17)] = 0.000112
E[P_sel(18)] = 0.000119
E[P_sel(19)] = 0.000118

---- Expected D_neut and D_sel (neutral and selected divergence per site) 
E[D_neut] = 0.005507
E[D_sel] = 0.001652

---- Expected neutral and selected misattributed polymorphism per site
E[mis_neut] = 0.000412
E[mis_sel] = 0.000111

---- alpha_div = 0.287339
---- alpha_dfe = 0.274714



