---- Performing inference on Ns50_pa_0.001_boots/Ns50_pa_0.001.90.polyDFE.txt using model B

---- Warning: mutation variability is not used when only one neutral and one selected fragment is available.
---- No mutation variability. Using Poisson likelihood.

---- Using provided initial values


-- Starting local optimization
 it       eps_an        eps_cont      theta_bar      S_d            b             p_b           S_b           r  2          r  3          r  4          r  5          r  6          r  7          r  8          r  9          r 10          r 11          r 12          r 13          r 14          r 15          r 16          r 17          r 18          r 19         ln lk             grad     status
  0      4.50e-06      9.00e-07       0.00100     -400.00000       0.40000       0.02000       4.00000       1.00000       1.00000       1.00000       1.00000       1.00000       1.00000       1.00000       1.00000       1.00000       1.00000       1.00000       1.00000       1.00000       1.00000       1.00000       1.00000       1.00000       1.00000  -224806.2088297041   1593.72210   -2
737      4.41e-06      8.99e-07       0.00917     -717.51988       0.26243       0.09169       0.02779       0.99094       0.96366       0.94289       0.95940       0.92431       0.92437       0.87534       0.87019       0.90590       0.92531       0.88265       0.88280       0.91916       0.92235       0.95385       0.91100       0.94363       1.00508  -199.5157512971      0.00149   -3
-- Local optimization: stuck in the same solution


---- Best joint likelihood found -199.51575 with gradient 0.00149
-- Model: B
--     eps_an        eps_cont      theta_bar     a        
--    4.41e-06      8.99e-07       0.00917       -1.00000  
--      S_d            b             p_b           S_b      
--   -717.51988       0.26243       0.09169       0.02779  
--     r  2          r  3          r  4          r  5          r  6          r  7          r  8          r  9          r 10          r 11          r 12          r 13          r 14          r 15          r 16          r 17          r 18          r 19     
--     0.99094       0.96366       0.94289       0.95940       0.92431       0.92437       0.87534       0.87019       0.90590       0.92531       0.88265       0.88280       0.91916       0.92235       0.95385       0.91100       0.94363       1.00508  

---- Expected P_neut(i), 0 < i < n (neutral SFS per site) 
E[P_neut(1)] = 0.009174
E[P_neut(2)] = 0.004546
E[P_neut(3)] = 0.002947
E[P_neut(4)] = 0.002163
E[P_neut(5)] = 0.001760
E[P_neut(6)] = 0.001413
E[P_neut(7)] = 0.001212
E[P_neut(8)] = 0.001004
E[P_neut(9)] = 0.000887
E[P_neut(10)] = 0.000831
E[P_neut(11)] = 0.000772
E[P_neut(12)] = 0.000675
E[P_neut(13)] = 0.000623
E[P_neut(14)] = 0.000602
E[P_neut(15)] = 0.000564
E[P_neut(16)] = 0.000547
E[P_neut(17)] = 0.000492
E[P_neut(18)] = 0.000481
E[P_neut(19)] = 0.000485

---- Expected P_sel(i), 0 < i < n (selected SFS per site) 
E[P_sel(1)] = 0.003690
E[P_sel(2)] = 0.001497
E[P_sel(3)] = 0.000888
E[P_sel(4)] = 0.000617
E[P_sel(5)] = 0.000483
E[P_sel(6)] = 0.000377
E[P_sel(7)] = 0.000315
E[P_sel(8)] = 0.000256
E[P_sel(9)] = 0.000222
E[P_sel(10)] = 0.000205
E[P_sel(11)] = 0.000188
E[P_sel(12)] = 0.000163
E[P_sel(13)] = 0.000149
E[P_sel(14)] = 0.000142
E[P_sel(15)] = 0.000132
E[P_sel(16)] = 0.000127
E[P_sel(17)] = 0.000113
E[P_sel(18)] = 0.000110
E[P_sel(19)] = 0.000110

---- Expected neutral and selected misattributed polymorphism per site
E[mis_neut] = 0.000459
E[mis_sel] = 0.000104

---- alpha_div = 0.586574
---- alpha_dfe = 0.413944



