---- Performing inference on Ns50_pa_0.001_boots/Ns50_pa_0.001.5.polyDFE.txt using model B

---- Warning: mutation variability is not used when only one neutral and one selected fragment is available.
---- No mutation variability. Using Poisson likelihood.

---- Using provided initial values


-- Starting local optimization
 it       eps_an        theta_bar      S_d            b             r  2          r  3          r  4          r  5          r  6          r  7          r  8          r  9          r 10          r 11          r 12          r 13          r 14          r 15          r 16          r 17          r 18          r 19         ln lk             grad     status
  0      4.50e-06       0.00100     -400.00000       0.40000       1.00000       1.00000       1.00000       1.00000       1.00000       1.00000       1.00000       1.00000       1.00000       1.00000       1.00000       1.00000       1.00000       1.00000       1.00000       1.00000       1.00000       1.00000  -237344.3890917597   1697.07064   -2
137      4.50e-06       0.00930    -1167.98072       0.18670       0.98811       0.95847       0.92931       0.95340       0.93048       0.92071       0.87643       0.89367       0.89414       0.91482       0.85988       0.87399       0.87037       0.94238       0.92573       0.91348       0.95716       1.02938  -192.4021034054      0.00173   -3
-- Local optimization: stuck in the same solution


---- Best joint likelihood found -192.40210 with gradient 0.00173
-- Model: B
--     eps_an        eps_cont      theta_bar     a        
--    4.50e-06      0.00e+00       0.00930       -1.00000  
--      S_d            b             p_b           S_b      
--  -1167.98072       0.18670      0.00e+00      0.00e+00  
--     r  2          r  3          r  4          r  5          r  6          r  7          r  8          r  9          r 10          r 11          r 12          r 13          r 14          r 15          r 16          r 17          r 18          r 19     
--     0.98811       0.95847       0.92931       0.95340       0.93048       0.92071       0.87643       0.89367       0.89414       0.91482       0.85988       0.87399       0.87037       0.94238       0.92573       0.91348       0.95716       1.02938  

---- Expected P_neut(i), 0 < i < n (neutral SFS per site) 
E[P_neut(1)] = 0.009305
E[P_neut(2)] = 0.004597
E[P_neut(3)] = 0.002973
E[P_neut(4)] = 0.002162
E[P_neut(5)] = 0.001774
E[P_neut(6)] = 0.001443
E[P_neut(7)] = 0.001224
E[P_neut(8)] = 0.001019
E[P_neut(9)] = 0.000924
E[P_neut(10)] = 0.000832
E[P_neut(11)] = 0.000774
E[P_neut(12)] = 0.000667
E[P_neut(13)] = 0.000626
E[P_neut(14)] = 0.000578
E[P_neut(15)] = 0.000585
E[P_neut(16)] = 0.000538
E[P_neut(17)] = 0.000500
E[P_neut(18)] = 0.000495
E[P_neut(19)] = 0.000504

---- Expected P_sel(i), 0 < i < n (selected SFS per site) 
E[P_sel(1)] = 0.003700
E[P_sel(2)] = 0.001515
E[P_sel(3)] = 0.000897
E[P_sel(4)] = 0.000617
E[P_sel(5)] = 0.000486
E[P_sel(6)] = 0.000383
E[P_sel(7)] = 0.000316
E[P_sel(8)] = 0.000258
E[P_sel(9)] = 0.000229
E[P_sel(10)] = 0.000203
E[P_sel(11)] = 0.000186
E[P_sel(12)] = 0.000158
E[P_sel(13)] = 0.000146
E[P_sel(14)] = 0.000134
E[P_sel(15)] = 0.000134
E[P_sel(16)] = 0.000122
E[P_sel(17)] = 0.000112
E[P_sel(18)] = 0.000110
E[P_sel(19)] = 0.000111

---- Expected neutral and selected misattributed polymorphism per site
E[mis_neut] = 0.000465
E[mis_sel] = 0.000102

---- alpha_div = 0.324601
---- alpha_dfe = 0.000000



