---- Performing inference on Ns50_pa_0.001_boots/Ns50_pa_0.001.49.polyDFE.txt using model B

---- Warning: mutation variability is not used when only one neutral and one selected fragment is available.
---- No mutation variability. Using Poisson likelihood.

---- Using provided initial values


-- Starting local optimization
 it       eps_an        lambda        theta_bar      S_d            b             r  2          r  3          r  4          r  5          r  6          r  7          r  8          r  9          r 10          r 11          r 12          r 13          r 14          r 15          r 16          r 17          r 18          r 19          r 20         ln lk             grad     status
  0      4.50e-06       0.00500       0.00100     -400.00000       0.40000       1.00000       1.00000       1.00000       1.00000       1.00000       1.00000       1.00000       1.00000       1.00000       1.00000       1.00000       1.00000       1.00000       1.00000       1.00000       1.00000       1.00000       1.00000       1.00000  -245230.2480364837   1822.69958   -2
636      4.32e-06       0.00007       0.00943    -7757.82049       0.13172       0.95092       0.90786       0.88115       0.91371       0.86177       0.85017       0.84215       0.82168       0.88289       0.83955       0.82139       0.80919       0.79725       0.89831       0.87789       0.83202       0.89628       0.93479      12.28285  -431.3940649774      0.00668   -3
-- Local optimization: stuck in the same solution


---- Best joint likelihood found -431.39406 with gradient 0.00668
-- Model: B
--     eps_an        eps_cont      lambda        theta_bar     a        
--    4.32e-06      0.00e+00       0.00007       0.00943       -1.00000  
--      S_d            b             p_b           S_b      
--  -7757.82049       0.13172      0.00e+00      0.00e+00  
--     r  2          r  3          r  4          r  5          r  6          r  7          r  8          r  9          r 10          r 11          r 12          r 13          r 14          r 15          r 16          r 17          r 18          r 19          r 20     
--     0.95092       0.90786       0.88115       0.91371       0.86177       0.85017       0.84215       0.82168       0.88289       0.83955       0.82139       0.80919       0.79725       0.89831       0.87789       0.83202       0.89628       0.93479      12.28285  

---- Expected P_neut(i), 0 < i < n (neutral SFS per site) 
E[P_neut(1)] = 0.009430
E[P_neut(2)] = 0.004484
E[P_neut(3)] = 0.002854
E[P_neut(4)] = 0.002077
E[P_neut(5)] = 0.001723
E[P_neut(6)] = 0.001354
E[P_neut(7)] = 0.001145
E[P_neut(8)] = 0.000993
E[P_neut(9)] = 0.000861
E[P_neut(10)] = 0.000833
E[P_neut(11)] = 0.000720
E[P_neut(12)] = 0.000645
E[P_neut(13)] = 0.000587
E[P_neut(14)] = 0.000537
E[P_neut(15)] = 0.000565
E[P_neut(16)] = 0.000517
E[P_neut(17)] = 0.000462
E[P_neut(18)] = 0.000470
E[P_neut(19)] = 0.000464

---- Expected P_sel(i), 0 < i < n (selected SFS per site) 
E[P_sel(1)] = 0.003656
E[P_sel(2)] = 0.001524
E[P_sel(3)] = 0.000912
E[P_sel(4)] = 0.000639
E[P_sel(5)] = 0.000515
E[P_sel(6)] = 0.000396
E[P_sel(7)] = 0.000328
E[P_sel(8)] = 0.000280
E[P_sel(9)] = 0.000240
E[P_sel(10)] = 0.000229
E[P_sel(11)] = 0.000196
E[P_sel(12)] = 0.000174
E[P_sel(13)] = 0.000157
E[P_sel(14)] = 0.000142
E[P_sel(15)] = 0.000149
E[P_sel(16)] = 0.000135
E[P_sel(17)] = 0.000120
E[P_sel(18)] = 0.000121
E[P_sel(19)] = 0.000119

---- Expected D_neut and D_sel (neutral and selected divergence per site) 
E[D_neut] = 0.005858
E[D_sel] = 0.001493

---- Expected neutral and selected misattributed polymorphism per site
E[mis_neut] = 0.005791
E[mis_sel] = 0.001476

---- alpha_div = 1.602304
---- alpha_dfe = 0.000000



