---- Performing inference on Ns50_pa_0.001_boots/Ns50_pa_0.001.2.polyDFE.txt using model B

---- Warning: mutation variability is not used when only one neutral and one selected fragment is available.
---- No mutation variability. Using Poisson likelihood.

---- Using provided initial values


-- Starting local optimization
 it       eps_an        theta_bar      S_d            b             r  2          r  3          r  4          r  5          r  6          r  7          r  8          r  9          r 10          r 11          r 12          r 13          r 14          r 15          r 16          r 17          r 18          r 19         ln lk             grad     status
  0      4.50e-06       0.00100     -400.00000       0.40000       1.00000       1.00000       1.00000       1.00000       1.00000       1.00000       1.00000       1.00000       1.00000       1.00000       1.00000       1.00000       1.00000       1.00000       1.00000       1.00000       1.00000       1.00000  -235600.0499850417   1690.50453   -2
162      4.50e-06       0.00918    -1008.33598       0.18945       0.98339       0.95716       0.93981       0.95321       0.92979       0.89926       0.87488       0.89428       0.93859       0.90574       0.89158       0.85031       0.90403       0.95711       0.97344       0.88780       0.96357       1.02546  -202.5550178904      0.00180   -3
-- Local optimization: stuck in the same solution


---- Best joint likelihood found -202.55502 with gradient 0.00180
-- Model: B
--     eps_an        eps_cont      theta_bar     a        
--    4.50e-06      0.00e+00       0.00918       -1.00000  
--      S_d            b             p_b           S_b      
--  -1008.33598       0.18945      0.00e+00      0.00e+00  
--     r  2          r  3          r  4          r  5          r  6          r  7          r  8          r  9          r 10          r 11          r 12          r 13          r 14          r 15          r 16          r 17          r 18          r 19     
--     0.98339       0.95716       0.93981       0.95321       0.92979       0.89926       0.87488       0.89428       0.93859       0.90574       0.89158       0.85031       0.90403       0.95711       0.97344       0.88780       0.96357       1.02546  

---- Expected P_neut(i), 0 < i < n (neutral SFS per site) 
E[P_neut(1)] = 0.009181
E[P_neut(2)] = 0.004514
E[P_neut(3)] = 0.002929
E[P_neut(4)] = 0.002157
E[P_neut(5)] = 0.001750
E[P_neut(6)] = 0.001423
E[P_neut(7)] = 0.001179
E[P_neut(8)] = 0.001004
E[P_neut(9)] = 0.000912
E[P_neut(10)] = 0.000862
E[P_neut(11)] = 0.000756
E[P_neut(12)] = 0.000682
E[P_neut(13)] = 0.000600
E[P_neut(14)] = 0.000593
E[P_neut(15)] = 0.000586
E[P_neut(16)] = 0.000559
E[P_neut(17)] = 0.000479
E[P_neut(18)] = 0.000491
E[P_neut(19)] = 0.000496

---- Expected P_sel(i), 0 < i < n (selected SFS per site) 
E[P_sel(1)] = 0.003712
E[P_sel(2)] = 0.001509
E[P_sel(3)] = 0.000896
E[P_sel(4)] = 0.000623
E[P_sel(5)] = 0.000485
E[P_sel(6)] = 0.000382
E[P_sel(7)] = 0.000308
E[P_sel(8)] = 0.000256
E[P_sel(9)] = 0.000228
E[P_sel(10)] = 0.000212
E[P_sel(11)] = 0.000183
E[P_sel(12)] = 0.000163
E[P_sel(13)] = 0.000142
E[P_sel(14)] = 0.000138
E[P_sel(15)] = 0.000135
E[P_sel(16)] = 0.000128
E[P_sel(17)] = 0.000108
E[P_sel(18)] = 0.000110
E[P_sel(19)] = 0.000110

---- Expected neutral and selected misattributed polymorphism per site
E[mis_neut] = 0.000459
E[mis_sel] = 0.000101

---- alpha_div = 0.304086
---- alpha_dfe = 0.000000



