---- Performing inference on Ns50_pa_0.001_boots/Ns50_pa_0.001.18.polyDFE.txt using model B

---- Warning: mutation variability is not used when only one neutral and one selected fragment is available.
---- No mutation variability. Using Poisson likelihood.

---- Using provided initial values


-- Starting local optimization
 it       eps_an        eps_cont      lambda        theta_bar      S_d            b             p_b           S_b           r  2          r  3          r  4          r  5          r  6          r  7          r  8          r  9          r 10          r 11          r 12          r 13          r 14          r 15          r 16          r 17          r 18          r 19          r 20         ln lk             grad     status
  0      4.50e-06      9.00e-07       0.00500       0.00100     -400.00000       0.40000       0.02000       4.00000       1.00000       1.00000       1.00000       1.00000       1.00000       1.00000       1.00000       1.00000       1.00000       1.00000       1.00000       1.00000       1.00000       1.00000       1.00000       1.00000       1.00000       1.00000       1.00000  -229694.5154320734   1641.90823   -2
 75      4.50e-06      9.00e-07       0.00508       0.00924     -742.88223       0.20445       0.00247      37.42321       0.96531       0.96851       0.93644       0.94025       0.94395       0.93802       0.86784       0.89707       0.92582       0.90771       0.88733       0.84396       0.88899       0.96383       0.92123       0.90368       0.95753       0.98122       0.89378  -210.0943851263      0.20863   -3
-- Local optimization: stuck in the same solution


---- Best joint likelihood found -210.09439 with gradient 0.20863
-- Model: B
--     eps_an        eps_cont      lambda        theta_bar     a        
--    4.50e-06      9.00e-07       0.00508       0.00924       -1.00000  
--      S_d            b             p_b           S_b      
--   -742.88223       0.20445       0.00247      37.42321  
--     r  2          r  3          r  4          r  5          r  6          r  7          r  8          r  9          r 10          r 11          r 12          r 13          r 14          r 15          r 16          r 17          r 18          r 19          r 20     
--     0.96531       0.96851       0.93644       0.94025       0.94395       0.93802       0.86784       0.89707       0.92582       0.90771       0.88733       0.84396       0.88899       0.96383       0.92123       0.90368       0.95753       0.98122       0.89378  

---- Expected P_neut(i), 0 < i < n (neutral SFS per site) 
E[P_neut(1)] = 0.009243
E[P_neut(2)] = 0.004461
E[P_neut(3)] = 0.002984
E[P_neut(4)] = 0.002164
E[P_neut(5)] = 0.001738
E[P_neut(6)] = 0.001454
E[P_neut(7)] = 0.001239
E[P_neut(8)] = 0.001003
E[P_neut(9)] = 0.000921
E[P_neut(10)] = 0.000856
E[P_neut(11)] = 0.000763
E[P_neut(12)] = 0.000683
E[P_neut(13)] = 0.000600
E[P_neut(14)] = 0.000587
E[P_neut(15)] = 0.000594
E[P_neut(16)] = 0.000532
E[P_neut(17)] = 0.000491
E[P_neut(18)] = 0.000492
E[P_neut(19)] = 0.000477

---- Expected P_sel(i), 0 < i < n (selected SFS per site) 
E[P_sel(1)] = 0.003773
E[P_sel(2)] = 0.001487
E[P_sel(3)] = 0.000904
E[P_sel(4)] = 0.000617
E[P_sel(5)] = 0.000475
E[P_sel(6)] = 0.000384
E[P_sel(7)] = 0.000318
E[P_sel(8)] = 0.000252
E[P_sel(9)] = 0.000227
E[P_sel(10)] = 0.000207
E[P_sel(11)] = 0.000182
E[P_sel(12)] = 0.000161
E[P_sel(13)] = 0.000140
E[P_sel(14)] = 0.000136
E[P_sel(15)] = 0.000137
E[P_sel(16)] = 0.000123
E[P_sel(17)] = 0.000114
E[P_sel(18)] = 0.000116
E[P_sel(19)] = 0.000117

---- Expected D_neut and D_sel (neutral and selected divergence per site) 
E[D_neut] = 0.005490
E[D_sel] = 0.001641

---- Expected neutral and selected misattributed polymorphism per site
E[mis_neut] = 0.000413
E[mis_sel] = 0.000109

---- alpha_div = 0.311724
---- alpha_dfe = 0.306777



