---- Performing inference on Ns50_pa_0.001_boots/Ns50_pa_0.001.79.polyDFE.txt using model B

---- Warning: mutation variability is not used when only one neutral and one selected fragment is available.
---- No mutation variability. Using Poisson likelihood.

---- Using provided initial values


-- Starting local optimization
 it       eps_an        eps_cont      theta_bar      S_d            b             p_b           S_b           r  2          r  3          r  4          r  5          r  6          r  7          r  8          r  9          r 10          r 11          r 12          r 13          r 14          r 15          r 16          r 17          r 18          r 19         ln lk             grad     status
  0      4.50e-06      9.00e-07       0.00100     -400.00000       0.40000       0.02000       4.00000       1.00000       1.00000       1.00000       1.00000       1.00000       1.00000       1.00000       1.00000       1.00000       1.00000       1.00000       1.00000       1.00000       1.00000       1.00000       1.00000       1.00000       1.00000  -227452.0228509334   1606.89972   -2
472      4.50e-06      9.00e-07       0.00922     -866.73497       0.20047       0.00897       1.20599       0.97952       0.96806       0.93730       0.95787       0.95141       0.92706       0.89056       0.90442       0.86659       0.91871       0.89609       0.87941       0.88548       0.93514       0.98168       0.87912       0.95399       0.97269  -194.8355384544      0.00153   -3
-- Local optimization: stuck in the same solution


---- Best joint likelihood found -194.83554 with gradient 0.00153
-- Model: B
--     eps_an        eps_cont      theta_bar     a        
--    4.50e-06      9.00e-07       0.00922       -1.00000  
--      S_d            b             p_b           S_b      
--   -866.73497       0.20047       0.00897       1.20599  
--     r  2          r  3          r  4          r  5          r  6          r  7          r  8          r  9          r 10          r 11          r 12          r 13          r 14          r 15          r 16          r 17          r 18          r 19     
--     0.97952       0.96806       0.93730       0.95787       0.95141       0.92706       0.89056       0.90442       0.86659       0.91871       0.89609       0.87941       0.88548       0.93514       0.98168       0.87912       0.95399       0.97269  

---- Expected P_neut(i), 0 < i < n (neutral SFS per site) 
E[P_neut(1)] = 0.009221
E[P_neut(2)] = 0.004516
E[P_neut(3)] = 0.002976
E[P_neut(4)] = 0.002161
E[P_neut(5)] = 0.001767
E[P_neut(6)] = 0.001462
E[P_neut(7)] = 0.001221
E[P_neut(8)] = 0.001027
E[P_neut(9)] = 0.000927
E[P_neut(10)] = 0.000799
E[P_neut(11)] = 0.000770
E[P_neut(12)] = 0.000689
E[P_neut(13)] = 0.000624
E[P_neut(14)] = 0.000583
E[P_neut(15)] = 0.000575
E[P_neut(16)] = 0.000566
E[P_neut(17)] = 0.000477
E[P_neut(18)] = 0.000489
E[P_neut(19)] = 0.000472

---- Expected P_sel(i), 0 < i < n (selected SFS per site) 
E[P_sel(1)] = 0.003739
E[P_sel(2)] = 0.001506
E[P_sel(3)] = 0.000906
E[P_sel(4)] = 0.000621
E[P_sel(5)] = 0.000487
E[P_sel(6)] = 0.000390
E[P_sel(7)] = 0.000318
E[P_sel(8)] = 0.000261
E[P_sel(9)] = 0.000232
E[P_sel(10)] = 0.000196
E[P_sel(11)] = 0.000187
E[P_sel(12)] = 0.000165
E[P_sel(13)] = 0.000148
E[P_sel(14)] = 0.000137
E[P_sel(15)] = 0.000133
E[P_sel(16)] = 0.000130
E[P_sel(17)] = 0.000109
E[P_sel(18)] = 0.000111
E[P_sel(19)] = 0.000106

---- Expected neutral and selected misattributed polymorphism per site
E[mis_neut] = 0.000461
E[mis_sel] = 0.000103

---- alpha_div = 0.333159
---- alpha_dfe = 0.069405



