---- Performing inference on Ns50_pa_0.001_boots/Ns50_pa_0.001.30.polyDFE.txt using model B

---- Warning: mutation variability is not used when only one neutral and one selected fragment is available.
---- No mutation variability. Using Poisson likelihood.

---- Using provided initial values


-- Starting local optimization
 it       eps_an        lambda        theta_bar      S_d            b             r  2          r  3          r  4          r  5          r  6          r  7          r  8          r  9          r 10          r 11          r 12          r 13          r 14          r 15          r 16          r 17          r 18          r 19          r 20         ln lk             grad     status
  0      4.50e-06       0.00500       0.00100     -400.00000       0.40000       1.00000       1.00000       1.00000       1.00000       1.00000       1.00000       1.00000       1.00000       1.00000       1.00000       1.00000       1.00000       1.00000       1.00000       1.00000       1.00000       1.00000       1.00000       1.00000  -245072.7905781501   1821.39847   -2
158      4.49e-06       0.00533       0.00945    -9342.52218       0.12904       0.95758       0.92988       0.87992       0.90712       0.84957       0.83019       0.85283       0.83256       0.81192       0.83808       0.82427       0.80315       0.84797       0.89110       0.86219       0.81015       0.90399       0.89940       1.19295  -441.3038459981      0.06472   -3
-- Local optimization: stuck in the same solution


---- Best joint likelihood found -441.30385 with gradient 0.06472
-- Model: B
--     eps_an        eps_cont      lambda        theta_bar     a        
--    4.49e-06      0.00e+00       0.00533       0.00945       -1.00000  
--      S_d            b             p_b           S_b      
--  -9342.52218       0.12904      0.00e+00      0.00e+00  
--     r  2          r  3          r  4          r  5          r  6          r  7          r  8          r  9          r 10          r 11          r 12          r 13          r 14          r 15          r 16          r 17          r 18          r 19          r 20     
--     0.95758       0.92988       0.87992       0.90712       0.84957       0.83019       0.85283       0.83256       0.81192       0.83808       0.82427       0.80315       0.84797       0.89110       0.86219       0.81015       0.90399       0.89940       1.19295  

---- Expected P_neut(i), 0 < i < n (neutral SFS per site) 
E[P_neut(1)] = 0.009449
E[P_neut(2)] = 0.004524
E[P_neut(3)] = 0.002929
E[P_neut(4)] = 0.002079
E[P_neut(5)] = 0.001714
E[P_neut(6)] = 0.001338
E[P_neut(7)] = 0.001121
E[P_neut(8)] = 0.001007
E[P_neut(9)] = 0.000874
E[P_neut(10)] = 0.000767
E[P_neut(11)] = 0.000720
E[P_neut(12)] = 0.000649
E[P_neut(13)] = 0.000584
E[P_neut(14)] = 0.000572
E[P_neut(15)] = 0.000561
E[P_neut(16)] = 0.000509
E[P_neut(17)] = 0.000450
E[P_neut(18)] = 0.000475
E[P_neut(19)] = 0.000447

---- Expected P_sel(i), 0 < i < n (selected SFS per site) 
E[P_sel(1)] = 0.003635
E[P_sel(2)] = 0.001530
E[P_sel(3)] = 0.000933
E[P_sel(4)] = 0.000637
E[P_sel(5)] = 0.000511
E[P_sel(6)] = 0.000390
E[P_sel(7)] = 0.000321
E[P_sel(8)] = 0.000284
E[P_sel(9)] = 0.000243
E[P_sel(10)] = 0.000211
E[P_sel(11)] = 0.000196
E[P_sel(12)] = 0.000175
E[P_sel(13)] = 0.000156
E[P_sel(14)] = 0.000152
E[P_sel(15)] = 0.000148
E[P_sel(16)] = 0.000133
E[P_sel(17)] = 0.000117
E[P_sel(18)] = 0.000122
E[P_sel(19)] = 0.000115

---- Expected D_neut and D_sel (neutral and selected divergence per site) 
E[D_neut] = 0.005891
E[D_sel] = 0.001496

---- Expected neutral and selected misattributed polymorphism per site
E[mis_neut] = 0.000564
E[mis_sel] = 0.000144

---- alpha_div = 0.203158
---- alpha_dfe = 0.000000



