---- Performing inference on Ns50_pa_0.001_boots/Ns50_pa_0.001.84.polyDFE.txt using model B

---- Warning: mutation variability is not used when only one neutral and one selected fragment is available.
---- No mutation variability. Using Poisson likelihood.

---- Using provided initial values


-- Starting local optimization
 it       eps_an        eps_cont      theta_bar      S_d            b             p_b           S_b           r  2          r  3          r  4          r  5          r  6          r  7          r  8          r  9          r 10          r 11          r 12          r 13          r 14          r 15          r 16          r 17          r 18          r 19         ln lk             grad     status
  0      4.50e-06      9.00e-07       0.00100     -400.00000       0.40000       0.02000       4.00000       1.00000       1.00000       1.00000       1.00000       1.00000       1.00000       1.00000       1.00000       1.00000       1.00000       1.00000       1.00000       1.00000       1.00000       1.00000       1.00000       1.00000       1.00000  -227556.5317631479   1607.02293   -2
592      4.41e-06      9.00e-07       0.00923     -980.26817       0.19251       0.00226       0.29257       0.98577       0.94880       0.94605       0.95491       0.93672       0.94952       0.89898       0.92274       0.90255       0.92867       0.87441       0.85802       0.94676       0.95532       0.94602       0.89850       0.97391       0.95562  -201.4483029360      0.00279   -3
-- Local optimization: stuck in the same solution


---- Best joint likelihood found -201.44830 with gradient 0.00279
-- Model: B
--     eps_an        eps_cont      theta_bar     a        
--    4.41e-06      9.00e-07       0.00923       -1.00000  
--      S_d            b             p_b           S_b      
--   -980.26817       0.19251       0.00226       0.29257  
--     r  2          r  3          r  4          r  5          r  6          r  7          r  8          r  9          r 10          r 11          r 12          r 13          r 14          r 15          r 16          r 17          r 18          r 19     
--     0.98577       0.94880       0.94605       0.95491       0.93672       0.94952       0.89898       0.92274       0.90255       0.92867       0.87441       0.85802       0.94676       0.95532       0.94602       0.89850       0.97391       0.95562  

---- Expected P_neut(i), 0 < i < n (neutral SFS per site) 
E[P_neut(1)] = 0.009226
E[P_neut(2)] = 0.004547
E[P_neut(3)] = 0.002918
E[P_neut(4)] = 0.002182
E[P_neut(5)] = 0.001762
E[P_neut(6)] = 0.001440
E[P_neut(7)] = 0.001251
E[P_neut(8)] = 0.001037
E[P_neut(9)] = 0.000946
E[P_neut(10)] = 0.000833
E[P_neut(11)] = 0.000779
E[P_neut(12)] = 0.000672
E[P_neut(13)] = 0.000609
E[P_neut(14)] = 0.000624
E[P_neut(15)] = 0.000588
E[P_neut(16)] = 0.000546
E[P_neut(17)] = 0.000488
E[P_neut(18)] = 0.000499
E[P_neut(19)] = 0.000464

---- Expected P_sel(i), 0 < i < n (selected SFS per site) 
E[P_sel(1)] = 0.003720
E[P_sel(2)] = 0.001513
E[P_sel(3)] = 0.000887
E[P_sel(4)] = 0.000627
E[P_sel(5)] = 0.000485
E[P_sel(6)] = 0.000384
E[P_sel(7)] = 0.000325
E[P_sel(8)] = 0.000263
E[P_sel(9)] = 0.000235
E[P_sel(10)] = 0.000204
E[P_sel(11)] = 0.000188
E[P_sel(12)] = 0.000160
E[P_sel(13)] = 0.000143
E[P_sel(14)] = 0.000145
E[P_sel(15)] = 0.000135
E[P_sel(16)] = 0.000124
E[P_sel(17)] = 0.000110
E[P_sel(18)] = 0.000111
E[P_sel(19)] = 0.000103

---- Expected neutral and selected misattributed polymorphism per site
E[mis_neut] = 0.000461
E[mis_sel] = 0.000101

---- alpha_div = 0.312510
---- alpha_dfe = 0.011966



