---- Performing inference on Ns50_pa_0.001_boots/Ns50_pa_0.001.26.polyDFE.txt using model B

---- Warning: mutation variability is not used when only one neutral and one selected fragment is available.
---- No mutation variability. Using Poisson likelihood.

---- Using provided initial values


-- Starting local optimization
 it       eps_an        theta_bar      S_d            b             r  2          r  3          r  4          r  5          r  6          r  7          r  8          r  9          r 10          r 11          r 12          r 13          r 14          r 15          r 16          r 17          r 18          r 19         ln lk             grad     status
  0      4.50e-06       0.00100     -400.00000       0.40000       1.00000       1.00000       1.00000       1.00000       1.00000       1.00000       1.00000       1.00000       1.00000       1.00000       1.00000       1.00000       1.00000       1.00000       1.00000       1.00000       1.00000       1.00000  -238451.3615359769   1704.09945   -2
152      4.50e-06       0.00929    -1021.63176       0.18926       0.97647       0.95381       0.94318       0.95172       0.91007       0.93595       0.86820       0.89218       0.89327       0.93467       0.89219       0.89262       0.91448       0.96241       0.93752       0.84107       0.92297       0.97404  -203.9661441135      0.00056   -3
-- Local optimization: stuck in the same solution


---- Best joint likelihood found -203.96614 with gradient 0.00056
-- Model: B
--     eps_an        eps_cont      theta_bar     a        
--    4.50e-06      0.00e+00       0.00929       -1.00000  
--      S_d            b             p_b           S_b      
--  -1021.63176       0.18926      0.00e+00      0.00e+00  
--     r  2          r  3          r  4          r  5          r  6          r  7          r  8          r  9          r 10          r 11          r 12          r 13          r 14          r 15          r 16          r 17          r 18          r 19     
--     0.97647       0.95381       0.94318       0.95172       0.91007       0.93595       0.86820       0.89218       0.89327       0.93467       0.89219       0.89262       0.91448       0.96241       0.93752       0.84107       0.92297       0.97404  

---- Expected P_neut(i), 0 < i < n (neutral SFS per site) 
E[P_neut(1)] = 0.009286
E[P_neut(2)] = 0.004534
E[P_neut(3)] = 0.002952
E[P_neut(4)] = 0.002189
E[P_neut(5)] = 0.001767
E[P_neut(6)] = 0.001408
E[P_neut(7)] = 0.001242
E[P_neut(8)] = 0.001008
E[P_neut(9)] = 0.000920
E[P_neut(10)] = 0.000829
E[P_neut(11)] = 0.000789
E[P_neut(12)] = 0.000690
E[P_neut(13)] = 0.000638
E[P_neut(14)] = 0.000607
E[P_neut(15)] = 0.000596
E[P_neut(16)] = 0.000544
E[P_neut(17)] = 0.000459
E[P_neut(18)] = 0.000476
E[P_neut(19)] = 0.000476

---- Expected P_sel(i), 0 < i < n (selected SFS per site) 
E[P_sel(1)] = 0.003748
E[P_sel(2)] = 0.001513
E[P_sel(3)] = 0.000901
E[P_sel(4)] = 0.000632
E[P_sel(5)] = 0.000489
E[P_sel(6)] = 0.000377
E[P_sel(7)] = 0.000324
E[P_sel(8)] = 0.000257
E[P_sel(9)] = 0.000230
E[P_sel(10)] = 0.000204
E[P_sel(11)] = 0.000191
E[P_sel(12)] = 0.000165
E[P_sel(13)] = 0.000150
E[P_sel(14)] = 0.000141
E[P_sel(15)] = 0.000137
E[P_sel(16)] = 0.000124
E[P_sel(17)] = 0.000104
E[P_sel(18)] = 0.000107
E[P_sel(19)] = 0.000106

---- Expected neutral and selected misattributed polymorphism per site
E[mis_neut] = 0.000464
E[mis_sel] = 0.000102

---- alpha_div = 0.301763
---- alpha_dfe = 0.000000



