---- Performing inference on Ns50_pa_0.001_boots/Ns50_pa_0.001.98.polyDFE.txt using model B

---- Warning: mutation variability is not used when only one neutral and one selected fragment is available.
---- No mutation variability. Using Poisson likelihood.

---- Using provided initial values


-- Starting local optimization
 it       eps_an        eps_cont      lambda        theta_bar      S_d            b             p_b           S_b           r  2          r  3          r  4          r  5          r  6          r  7          r  8          r  9          r 10          r 11          r 12          r 13          r 14          r 15          r 16          r 17          r 18          r 19          r 20         ln lk             grad     status
  0      4.50e-06      9.00e-07       0.00500       0.00100     -400.00000       0.40000       0.02000       4.00000       1.00000       1.00000       1.00000       1.00000       1.00000       1.00000       1.00000       1.00000       1.00000       1.00000       1.00000       1.00000       1.00000       1.00000       1.00000       1.00000       1.00000       1.00000       1.00000  -229878.6050718685   1644.87177   -2
 74      4.49e-06      9.00e-07       0.00494       0.00899     -558.94110       0.21549       0.00287      37.42931       1.00093       0.97082       0.95962       0.99765       0.97351       0.97052       0.91491       0.91018       0.97716       0.96870       0.87886       0.91434       0.93697       0.99406       0.97781       0.91369       0.98764       0.96832       0.88413  -239.2359407691      0.69883   -3
-- Local optimization: stuck in the same solution


---- Best joint likelihood found -239.23594 with gradient 0.69883
-- Model: B
--     eps_an        eps_cont      lambda        theta_bar     a        
--    4.49e-06      9.00e-07       0.00494       0.00899       -1.00000  
--      S_d            b             p_b           S_b      
--   -558.94110       0.21549       0.00287      37.42931  
--     r  2          r  3          r  4          r  5          r  6          r  7          r  8          r  9          r 10          r 11          r 12          r 13          r 14          r 15          r 16          r 17          r 18          r 19          r 20     
--     1.00093       0.97082       0.95962       0.99765       0.97351       0.97052       0.91491       0.91018       0.97716       0.96870       0.87886       0.91434       0.93697       0.99406       0.97781       0.91369       0.98764       0.96832       0.88413  

---- Expected P_neut(i), 0 < i < n (neutral SFS per site) 
E[P_neut(1)] = 0.008990
E[P_neut(2)] = 0.004499
E[P_neut(3)] = 0.002909
E[P_neut(4)] = 0.002157
E[P_neut(5)] = 0.001794
E[P_neut(6)] = 0.001459
E[P_neut(7)] = 0.001246
E[P_neut(8)] = 0.001028
E[P_neut(9)] = 0.000909
E[P_neut(10)] = 0.000879
E[P_neut(11)] = 0.000792
E[P_neut(12)] = 0.000658
E[P_neut(13)] = 0.000632
E[P_neut(14)] = 0.000602
E[P_neut(15)] = 0.000596
E[P_neut(16)] = 0.000549
E[P_neut(17)] = 0.000483
E[P_neut(18)] = 0.000493
E[P_neut(19)] = 0.000458

---- Expected P_sel(i), 0 < i < n (selected SFS per site) 
E[P_sel(1)] = 0.003755
E[P_sel(2)] = 0.001520
E[P_sel(3)] = 0.000889
E[P_sel(4)] = 0.000619
E[P_sel(5)] = 0.000492
E[P_sel(6)] = 0.000386
E[P_sel(7)] = 0.000320
E[P_sel(8)] = 0.000258
E[P_sel(9)] = 0.000224
E[P_sel(10)] = 0.000213
E[P_sel(11)] = 0.000189
E[P_sel(12)] = 0.000155
E[P_sel(13)] = 0.000148
E[P_sel(14)] = 0.000139
E[P_sel(15)] = 0.000138
E[P_sel(16)] = 0.000127
E[P_sel(17)] = 0.000113
E[P_sel(18)] = 0.000117
E[P_sel(19)] = 0.000114

---- Expected D_neut and D_sel (neutral and selected divergence per site) 
E[D_neut] = 0.005335
E[D_sel] = 0.001657

---- Expected neutral and selected misattributed polymorphism per site
E[mis_neut] = 0.000397
E[mis_sel] = 0.000107

---- alpha_div = 0.345565
---- alpha_dfe = 0.341795



