---- Performing inference on Ns50_pa_0.001_boots/Ns50_pa_0.001.14.polyDFE.txt using model B

---- Warning: mutation variability is not used when only one neutral and one selected fragment is available.
---- No mutation variability. Using Poisson likelihood.

---- Using provided initial values


-- Starting local optimization
 it       eps_an        eps_cont      lambda        theta_bar      S_d            b             p_b           S_b           r  2          r  3          r  4          r  5          r  6          r  7          r  8          r  9          r 10          r 11          r 12          r 13          r 14          r 15          r 16          r 17          r 18          r 19          r 20         ln lk             grad     status
  0      4.50e-06      9.00e-07       0.00500       0.00100     -400.00000       0.40000       0.02000       4.00000       1.00000       1.00000       1.00000       1.00000       1.00000       1.00000       1.00000       1.00000       1.00000       1.00000       1.00000       1.00000       1.00000       1.00000       1.00000       1.00000       1.00000       1.00000       1.00000  -228962.7413783053   1638.69877   -2
123      4.49e-06      9.00e-07       0.00505       0.00919     -864.54608       0.19967       0.00259      37.42989       0.99242       0.96433       0.93336       0.98944       0.96363       0.93483       0.91207       0.90384       0.89558       0.89859       0.84903       0.89538       0.92048       0.94686       0.92747       0.88278       0.95994       0.95480       0.87145  -211.3716823184      0.07666   -3
-- Local optimization: stuck in the same solution


---- Best joint likelihood found -211.37168 with gradient 0.07666
-- Model: B
--     eps_an        eps_cont      lambda        theta_bar     a        
--    4.49e-06      9.00e-07       0.00505       0.00919       -1.00000  
--      S_d            b             p_b           S_b      
--   -864.54608       0.19967       0.00259      37.42989  
--     r  2          r  3          r  4          r  5          r  6          r  7          r  8          r  9          r 10          r 11          r 12          r 13          r 14          r 15          r 16          r 17          r 18          r 19          r 20     
--     0.99242       0.96433       0.93336       0.98944       0.96363       0.93483       0.91207       0.90384       0.89558       0.89859       0.84903       0.89538       0.92048       0.94686       0.92747       0.88278       0.95994       0.95480       0.87145  

---- Expected P_neut(i), 0 < i < n (neutral SFS per site) 
E[P_neut(1)] = 0.009188
E[P_neut(2)] = 0.004559
E[P_neut(3)] = 0.002953
E[P_neut(4)] = 0.002144
E[P_neut(5)] = 0.001818
E[P_neut(6)] = 0.001476
E[P_neut(7)] = 0.001227
E[P_neut(8)] = 0.001048
E[P_neut(9)] = 0.000923
E[P_neut(10)] = 0.000823
E[P_neut(11)] = 0.000751
E[P_neut(12)] = 0.000650
E[P_neut(13)] = 0.000633
E[P_neut(14)] = 0.000604
E[P_neut(15)] = 0.000580
E[P_neut(16)] = 0.000533
E[P_neut(17)] = 0.000477
E[P_neut(18)] = 0.000490
E[P_neut(19)] = 0.000462

---- Expected P_sel(i), 0 < i < n (selected SFS per site) 
E[P_sel(1)] = 0.003702
E[P_sel(2)] = 0.001506
E[P_sel(3)] = 0.000889
E[P_sel(4)] = 0.000609
E[P_sel(5)] = 0.000495
E[P_sel(6)] = 0.000389
E[P_sel(7)] = 0.000315
E[P_sel(8)] = 0.000263
E[P_sel(9)] = 0.000227
E[P_sel(10)] = 0.000199
E[P_sel(11)] = 0.000179
E[P_sel(12)] = 0.000154
E[P_sel(13)] = 0.000148
E[P_sel(14)] = 0.000141
E[P_sel(15)] = 0.000134
E[P_sel(16)] = 0.000124
E[P_sel(17)] = 0.000111
E[P_sel(18)] = 0.000117
E[P_sel(19)] = 0.000114

---- Expected D_neut and D_sel (neutral and selected divergence per site) 
E[D_neut] = 0.005448
E[D_sel] = 0.001654

---- Expected neutral and selected misattributed polymorphism per site
E[mis_neut] = 0.000400
E[mis_sel] = 0.000107

---- alpha_div = 0.318413
---- alpha_dfe = 0.316304



