---- Performing inference on Ns50_pa_0.001_boots/Ns50_pa_0.001.44.polyDFE.txt using model B

---- Warning: mutation variability is not used when only one neutral and one selected fragment is available.
---- No mutation variability. Using Poisson likelihood.

---- Using provided initial values


-- Starting local optimization
 it       eps_an        eps_cont      lambda        theta_bar      S_d            b             p_b           S_b           r  2          r  3          r  4          r  5          r  6          r  7          r  8          r  9          r 10          r 11          r 12          r 13          r 14          r 15          r 16          r 17          r 18          r 19          r 20         ln lk             grad     status
  0      4.50e-06      9.00e-07       0.00500       0.00100     -400.00000       0.40000       0.02000       4.00000       1.00000       1.00000       1.00000       1.00000       1.00000       1.00000       1.00000       1.00000       1.00000       1.00000       1.00000       1.00000       1.00000       1.00000       1.00000       1.00000       1.00000       1.00000       1.00000  -228120.8611895876   1633.62549   -2
 88      4.50e-06      9.00e-07       0.00504       0.00945    -1842.89746       0.17454       0.00234      37.42175       0.96805       0.94477       0.91995       0.93013       0.87096       0.89354       0.84967       0.85620       0.89846       0.89094       0.85711       0.82243       0.87066       0.90617       0.90340       0.78963       0.91703       0.92262       0.85952  -223.6236845192      0.46389   -3
-- Local optimization: stuck in the same solution


---- Best joint likelihood found -223.62368 with gradient 0.46389
-- Model: B
--     eps_an        eps_cont      lambda        theta_bar     a        
--    4.50e-06      9.00e-07       0.00504       0.00945       -1.00000  
--      S_d            b             p_b           S_b      
--  -1842.89746       0.17454       0.00234      37.42175  
--     r  2          r  3          r  4          r  5          r  6          r  7          r  8          r  9          r 10          r 11          r 12          r 13          r 14          r 15          r 16          r 17          r 18          r 19          r 20     
--     0.96805       0.94477       0.91995       0.93013       0.87096       0.89354       0.84967       0.85620       0.89846       0.89094       0.85711       0.82243       0.87066       0.90617       0.90340       0.78963       0.91703       0.92262       0.85952  

---- Expected P_neut(i), 0 < i < n (neutral SFS per site) 
E[P_neut(1)] = 0.009454
E[P_neut(2)] = 0.004576
E[P_neut(3)] = 0.002977
E[P_neut(4)] = 0.002174
E[P_neut(5)] = 0.001759
E[P_neut(6)] = 0.001372
E[P_neut(7)] = 0.001207
E[P_neut(8)] = 0.001004
E[P_neut(9)] = 0.000899
E[P_neut(10)] = 0.000849
E[P_neut(11)] = 0.000766
E[P_neut(12)] = 0.000675
E[P_neut(13)] = 0.000598
E[P_neut(14)] = 0.000588
E[P_neut(15)] = 0.000571
E[P_neut(16)] = 0.000534
E[P_neut(17)] = 0.000439
E[P_neut(18)] = 0.000482
E[P_neut(19)] = 0.000459

---- Expected P_sel(i), 0 < i < n (selected SFS per site) 
E[P_sel(1)] = 0.003660
E[P_sel(2)] = 0.001488
E[P_sel(3)] = 0.000893
E[P_sel(4)] = 0.000620
E[P_sel(5)] = 0.000483
E[P_sel(6)] = 0.000366
E[P_sel(7)] = 0.000315
E[P_sel(8)] = 0.000257
E[P_sel(9)] = 0.000226
E[P_sel(10)] = 0.000211
E[P_sel(11)] = 0.000188
E[P_sel(12)] = 0.000164
E[P_sel(13)] = 0.000144
E[P_sel(14)] = 0.000141
E[P_sel(15)] = 0.000136
E[P_sel(16)] = 0.000127
E[P_sel(17)] = 0.000105
E[P_sel(18)] = 0.000118
E[P_sel(19)] = 0.000116

---- Expected D_neut and D_sel (neutral and selected divergence per site) 
E[D_neut] = 0.005451
E[D_sel] = 0.001654

---- Expected neutral and selected misattributed polymorphism per site
E[mis_neut] = 0.000406
E[mis_sel] = 0.000110

---- alpha_div = 0.290405
---- alpha_dfe = 0.286597



