---- Performing inference on Ns50_pa_0.001_boots/Ns50_pa_0.001.60.polyDFE.txt using model B

---- Warning: mutation variability is not used when only one neutral and one selected fragment is available.
---- No mutation variability. Using Poisson likelihood.

---- Using provided initial values


-- Starting local optimization
 it       eps_an        eps_cont      lambda        theta_bar      S_d            b             p_b           S_b           r  2          r  3          r  4          r  5          r  6          r  7          r  8          r  9          r 10          r 11          r 12          r 13          r 14          r 15          r 16          r 17          r 18          r 19          r 20         ln lk             grad     status
  0      4.50e-06      9.00e-07       0.00500       0.00100     -400.00000       0.40000       0.02000       4.00000       1.00000       1.00000       1.00000       1.00000       1.00000       1.00000       1.00000       1.00000       1.00000       1.00000       1.00000       1.00000       1.00000       1.00000       1.00000       1.00000       1.00000       1.00000       1.00000  -228740.7086702368   1638.41203   -2
 86      4.49e-06      9.00e-07       0.00511       0.00915     -768.94216       0.20326       0.00255      37.42994       1.00001       0.96742       0.93845       0.94905       0.91961       0.93580       0.90503       0.90252       0.88996       0.90901       0.88514       0.89970       0.92873       0.96739       0.92667       0.93420       0.93713       0.98958       0.89094  -215.3679243625      2.49564   -3
-- Local optimization: stuck in the same solution


---- Best joint likelihood found -215.36792 with gradient 2.49564
-- Model: B
--     eps_an        eps_cont      lambda        theta_bar     a        
--    4.49e-06      9.00e-07       0.00511       0.00915       -1.00000  
--      S_d            b             p_b           S_b      
--   -768.94216       0.20326       0.00255      37.42994  
--     r  2          r  3          r  4          r  5          r  6          r  7          r  8          r  9          r 10          r 11          r 12          r 13          r 14          r 15          r 16          r 17          r 18          r 19          r 20     
--     1.00001       0.96742       0.93845       0.94905       0.91961       0.93580       0.90503       0.90252       0.88996       0.90901       0.88514       0.89970       0.92873       0.96739       0.92667       0.93420       0.93713       0.98958       0.89094  

---- Expected P_neut(i), 0 < i < n (neutral SFS per site) 
E[P_neut(1)] = 0.009150
E[P_neut(2)] = 0.004575
E[P_neut(3)] = 0.002951
E[P_neut(4)] = 0.002147
E[P_neut(5)] = 0.001737
E[P_neut(6)] = 0.001402
E[P_neut(7)] = 0.001223
E[P_neut(8)] = 0.001035
E[P_neut(9)] = 0.000918
E[P_neut(10)] = 0.000814
E[P_neut(11)] = 0.000756
E[P_neut(12)] = 0.000675
E[P_neut(13)] = 0.000633
E[P_neut(14)] = 0.000607
E[P_neut(15)] = 0.000590
E[P_neut(16)] = 0.000530
E[P_neut(17)] = 0.000503
E[P_neut(18)] = 0.000476
E[P_neut(19)] = 0.000477

---- Expected P_sel(i), 0 < i < n (selected SFS per site) 
E[P_sel(1)] = 0.003725
E[P_sel(2)] = 0.001522
E[P_sel(3)] = 0.000893
E[P_sel(4)] = 0.000612
E[P_sel(5)] = 0.000474
E[P_sel(6)] = 0.000370
E[P_sel(7)] = 0.000314
E[P_sel(8)] = 0.000260
E[P_sel(9)] = 0.000226
E[P_sel(10)] = 0.000198
E[P_sel(11)] = 0.000181
E[P_sel(12)] = 0.000160
E[P_sel(13)] = 0.000148
E[P_sel(14)] = 0.000141
E[P_sel(15)] = 0.000137
E[P_sel(16)] = 0.000123
E[P_sel(17)] = 0.000117
E[P_sel(18)] = 0.000113
E[P_sel(19)] = 0.000118

---- Expected D_neut and D_sel (neutral and selected divergence per site) 
E[D_neut] = 0.005513
E[D_sel] = 0.001664

---- Expected neutral and selected misattributed polymorphism per site
E[mis_neut] = 0.000408
E[mis_sel] = 0.000108

---- alpha_div = 0.320420
---- alpha_dfe = 0.313058



