---- Performing inference on Ns50_pa_0.001_boots/Ns50_pa_0.001.50.polyDFE.txt using model B

---- Warning: mutation variability is not used when only one neutral and one selected fragment is available.
---- No mutation variability. Using Poisson likelihood.

---- Using provided initial values


-- Starting local optimization
 it       eps_an        eps_cont      theta_bar      S_d            b             p_b           S_b           r  2          r  3          r  4          r  5          r  6          r  7          r  8          r  9          r 10          r 11          r 12          r 13          r 14          r 15          r 16          r 17          r 18          r 19         ln lk             grad     status
  0      4.50e-06      9.00e-07       0.00100     -400.00000       0.40000       0.02000       4.00000       1.00000       1.00000       1.00000       1.00000       1.00000       1.00000       1.00000       1.00000       1.00000       1.00000       1.00000       1.00000       1.00000       1.00000       1.00000       1.00000       1.00000       1.00000  -226496.1413134303   1601.66680   -2
282      4.48e-06      9.00e-07       0.00923     -994.66596       0.19331       0.00486       0.61010       0.97430       0.95181       0.94917       0.96722       0.90010       0.93455       0.89117       0.92298       0.90107       0.91484       0.85653       0.89417       0.88383       0.91555       0.97811       0.93010       0.98493       1.00000  -195.9242502762      0.24484   -3
-- Local optimization: stuck in the same solution


---- Best joint likelihood found -195.92425 with gradient 0.24484
-- Model: B
--     eps_an        eps_cont      theta_bar     a        
--    4.48e-06      9.00e-07       0.00923       -1.00000  
--      S_d            b             p_b           S_b      
--   -994.66596       0.19331       0.00486       0.61010  
--     r  2          r  3          r  4          r  5          r  6          r  7          r  8          r  9          r 10          r 11          r 12          r 13          r 14          r 15          r 16          r 17          r 18          r 19     
--     0.97430       0.95181       0.94917       0.96722       0.90010       0.93455       0.89117       0.92298       0.90107       0.91484       0.85653       0.89417       0.88383       0.91555       0.97811       0.93010       0.98493       1.00000  

---- Expected P_neut(i), 0 < i < n (neutral SFS per site) 
E[P_neut(1)] = 0.009229
E[P_neut(2)] = 0.004496
E[P_neut(3)] = 0.002928
E[P_neut(4)] = 0.002190
E[P_neut(5)] = 0.001785
E[P_neut(6)] = 0.001384
E[P_neut(7)] = 0.001232
E[P_neut(8)] = 0.001028
E[P_neut(9)] = 0.000946
E[P_neut(10)] = 0.000832
E[P_neut(11)] = 0.000768
E[P_neut(12)] = 0.000659
E[P_neut(13)] = 0.000635
E[P_neut(14)] = 0.000583
E[P_neut(15)] = 0.000563
E[P_neut(16)] = 0.000564
E[P_neut(17)] = 0.000505
E[P_neut(18)] = 0.000505
E[P_neut(19)] = 0.000486

---- Expected P_sel(i), 0 < i < n (selected SFS per site) 
E[P_sel(1)] = 0.003716
E[P_sel(2)] = 0.001494
E[P_sel(3)] = 0.000890
E[P_sel(4)] = 0.000629
E[P_sel(5)] = 0.000492
E[P_sel(6)] = 0.000369
E[P_sel(7)] = 0.000320
E[P_sel(8)] = 0.000261
E[P_sel(9)] = 0.000236
E[P_sel(10)] = 0.000204
E[P_sel(11)] = 0.000185
E[P_sel(12)] = 0.000157
E[P_sel(13)] = 0.000149
E[P_sel(14)] = 0.000136
E[P_sel(15)] = 0.000130
E[P_sel(16)] = 0.000129
E[P_sel(17)] = 0.000114
E[P_sel(18)] = 0.000113
E[P_sel(19)] = 0.000108

---- Expected neutral and selected misattributed polymorphism per site
E[mis_neut] = 0.000461
E[mis_sel] = 0.000102

---- alpha_div = 0.299089
---- alpha_dfe = 0.029625



