---- Performing inference on Ns50_pa_0.001_boots/Ns50_pa_0.001.39.polyDFE.txt using model B

---- Warning: mutation variability is not used when only one neutral and one selected fragment is available.
---- No mutation variability. Using Poisson likelihood.

---- Using provided initial values


-- Starting local optimization
 it       eps_an        theta_bar      S_d            b             r  2          r  3          r  4          r  5          r  6          r  7          r  8          r  9          r 10          r 11          r 12          r 13          r 14          r 15          r 16          r 17          r 18          r 19         ln lk             grad     status
  0      4.50e-06       0.00100     -400.00000       0.40000       1.00000       1.00000       1.00000       1.00000       1.00000       1.00000       1.00000       1.00000       1.00000       1.00000       1.00000       1.00000       1.00000       1.00000       1.00000       1.00000       1.00000       1.00000  -238575.7887655578   1703.71699   -2
133      4.50e-06       0.00927     -990.35847       0.19165       0.98491       0.96882       0.93425       0.96778       0.93870       0.91997       0.88522       0.87519       0.91311       0.91167       0.86656       0.88706       0.88714       0.98322       0.94531       0.90908       0.97303       0.99496  -209.9235267885      0.00124   -3
-- Local optimization: stuck in the same solution


---- Best joint likelihood found -209.92353 with gradient 0.00124
-- Model: B
--     eps_an        eps_cont      theta_bar     a        
--    4.50e-06      0.00e+00       0.00927       -1.00000  
--      S_d            b             p_b           S_b      
--   -990.35847       0.19165      0.00e+00      0.00e+00  
--     r  2          r  3          r  4          r  5          r  6          r  7          r  8          r  9          r 10          r 11          r 12          r 13          r 14          r 15          r 16          r 17          r 18          r 19     
--     0.98491       0.96882       0.93425       0.96778       0.93870       0.91997       0.88522       0.87519       0.91311       0.91167       0.86656       0.88706       0.88714       0.98322       0.94531       0.90908       0.97303       0.99496  

---- Expected P_neut(i), 0 < i < n (neutral SFS per site) 
E[P_neut(1)] = 0.009272
E[P_neut(2)] = 0.004566
E[P_neut(3)] = 0.002994
E[P_neut(4)] = 0.002166
E[P_neut(5)] = 0.001795
E[P_neut(6)] = 0.001451
E[P_neut(7)] = 0.001219
E[P_neut(8)] = 0.001026
E[P_neut(9)] = 0.000902
E[P_neut(10)] = 0.000847
E[P_neut(11)] = 0.000768
E[P_neut(12)] = 0.000670
E[P_neut(13)] = 0.000633
E[P_neut(14)] = 0.000588
E[P_neut(15)] = 0.000608
E[P_neut(16)] = 0.000548
E[P_neut(17)] = 0.000496
E[P_neut(18)] = 0.000501
E[P_neut(19)] = 0.000486

---- Expected P_sel(i), 0 < i < n (selected SFS per site) 
E[P_sel(1)] = 0.003731
E[P_sel(2)] = 0.001515
E[P_sel(3)] = 0.000908
E[P_sel(4)] = 0.000620
E[P_sel(5)] = 0.000493
E[P_sel(6)] = 0.000385
E[P_sel(7)] = 0.000315
E[P_sel(8)] = 0.000259
E[P_sel(9)] = 0.000223
E[P_sel(10)] = 0.000206
E[P_sel(11)] = 0.000184
E[P_sel(12)] = 0.000158
E[P_sel(13)] = 0.000148
E[P_sel(14)] = 0.000135
E[P_sel(15)] = 0.000139
E[P_sel(16)] = 0.000124
E[P_sel(17)] = 0.000111
E[P_sel(18)] = 0.000111
E[P_sel(19)] = 0.000107

---- Expected neutral and selected misattributed polymorphism per site
E[mis_neut] = 0.000464
E[mis_sel] = 0.000101

---- alpha_div = 0.328852
---- alpha_dfe = 0.000000



