---- Performing inference on Ns50_pa_0.001_boots/Ns50_pa_0.001.82.polyDFE.txt using model B

---- Warning: mutation variability is not used when only one neutral and one selected fragment is available.
---- No mutation variability. Using Poisson likelihood.

---- Using provided initial values


-- Starting local optimization
 it       eps_an        eps_cont      lambda        theta_bar      S_d            b             p_b           S_b           r  2          r  3          r  4          r  5          r  6          r  7          r  8          r  9          r 10          r 11          r 12          r 13          r 14          r 15          r 16          r 17          r 18          r 19          r 20         ln lk             grad     status
  0      4.50e-06      9.00e-07       0.00500       0.00100     -400.00000       0.40000       0.02000       4.00000       1.00000       1.00000       1.00000       1.00000       1.00000       1.00000       1.00000       1.00000       1.00000       1.00000       1.00000       1.00000       1.00000       1.00000       1.00000       1.00000       1.00000       1.00000       1.00000  -228182.2040996467   1635.98584   -2
 95      4.50e-06      9.00e-07       0.00501       0.00911     -718.84252       0.20597       0.00276      37.42862       0.99256       0.96907       0.97534       0.95673       0.94013       0.93819       0.90168       0.89714       0.93745       0.93253       0.89037       0.84165       0.93046       0.93794       0.94366       0.85728       0.93642       0.98099       0.86157  -219.2502677239      0.44520   -3
-- Local optimization: stuck in the same solution


---- Best joint likelihood found -219.25027 with gradient 0.44520
-- Model: B
--     eps_an        eps_cont      lambda        theta_bar     a        
--    4.50e-06      9.00e-07       0.00501       0.00911       -1.00000  
--      S_d            b             p_b           S_b      
--   -718.84252       0.20597       0.00276      37.42862  
--     r  2          r  3          r  4          r  5          r  6          r  7          r  8          r  9          r 10          r 11          r 12          r 13          r 14          r 15          r 16          r 17          r 18          r 19          r 20     
--     0.99256       0.96907       0.97534       0.95673       0.94013       0.93819       0.90168       0.89714       0.93745       0.93253       0.89037       0.84165       0.93046       0.93794       0.94366       0.85728       0.93642       0.98099       0.86157  

---- Expected P_neut(i), 0 < i < n (neutral SFS per site) 
E[P_neut(1)] = 0.009112
E[P_neut(2)] = 0.004522
E[P_neut(3)] = 0.002943
E[P_neut(4)] = 0.002222
E[P_neut(5)] = 0.001744
E[P_neut(6)] = 0.001428
E[P_neut(7)] = 0.001221
E[P_neut(8)] = 0.001027
E[P_neut(9)] = 0.000908
E[P_neut(10)] = 0.000854
E[P_neut(11)] = 0.000772
E[P_neut(12)] = 0.000676
E[P_neut(13)] = 0.000590
E[P_neut(14)] = 0.000606
E[P_neut(15)] = 0.000570
E[P_neut(16)] = 0.000537
E[P_neut(17)] = 0.000460
E[P_neut(18)] = 0.000474
E[P_neut(19)] = 0.000470

---- Expected P_sel(i), 0 < i < n (selected SFS per site) 
E[P_sel(1)] = 0.003727
E[P_sel(2)] = 0.001508
E[P_sel(3)] = 0.000892
E[P_sel(4)] = 0.000634
E[P_sel(5)] = 0.000476
E[P_sel(6)] = 0.000377
E[P_sel(7)] = 0.000314
E[P_sel(8)] = 0.000258
E[P_sel(9)] = 0.000224
E[P_sel(10)] = 0.000207
E[P_sel(11)] = 0.000185
E[P_sel(12)] = 0.000160
E[P_sel(13)] = 0.000138
E[P_sel(14)] = 0.000141
E[P_sel(15)] = 0.000132
E[P_sel(16)] = 0.000125
E[P_sel(17)] = 0.000107
E[P_sel(18)] = 0.000113
E[P_sel(19)] = 0.000117

---- Expected D_neut and D_sel (neutral and selected divergence per site) 
E[D_neut] = 0.005401
E[D_sel] = 0.001667

---- Expected neutral and selected misattributed polymorphism per site
E[mis_neut] = 0.000393
E[mis_sel] = 0.000106

---- alpha_div = 0.337367
---- alpha_dfe = 0.331309



