---- Performing inference on Ns50_pa_0.001_boots/Ns50_pa_0.001.22.polyDFE.txt using model B

---- Warning: mutation variability is not used when only one neutral and one selected fragment is available.
---- No mutation variability. Using Poisson likelihood.

---- Using provided initial values


-- Starting local optimization
 it       eps_an        lambda        theta_bar      S_d            b             r  2          r  3          r  4          r  5          r  6          r  7          r  8          r  9          r 10          r 11          r 12          r 13          r 14          r 15          r 16          r 17          r 18          r 19          r 20         ln lk             grad     status
  0      4.50e-06       0.00500       0.00100     -400.00000       0.40000       1.00000       1.00000       1.00000       1.00000       1.00000       1.00000       1.00000       1.00000       1.00000       1.00000       1.00000       1.00000       1.00000       1.00000       1.00000       1.00000       1.00000       1.00000       1.00000  -243630.8785142626   1814.69917   -2
577      4.42e-06       0.00013       0.00938    -6325.06157       0.13588       0.94971       0.92430       0.88477       0.90148       0.88088       0.85913       0.82780       0.84798       0.85290       0.84560       0.83086       0.81257       0.85227       0.88577       0.87862       0.80683       0.92498       0.92778      12.46807  -416.9391982669      0.00591   -3
-- Local optimization: stuck in the same solution


---- Best joint likelihood found -416.93920 with gradient 0.00591
-- Model: B
--     eps_an        eps_cont      lambda        theta_bar     a        
--    4.42e-06      0.00e+00       0.00013       0.00938       -1.00000  
--      S_d            b             p_b           S_b      
--  -6325.06157       0.13588      0.00e+00      0.00e+00  
--     r  2          r  3          r  4          r  5          r  6          r  7          r  8          r  9          r 10          r 11          r 12          r 13          r 14          r 15          r 16          r 17          r 18          r 19          r 20     
--     0.94971       0.92430       0.88477       0.90148       0.88088       0.85913       0.82780       0.84798       0.85290       0.84560       0.83086       0.81257       0.85227       0.88577       0.87862       0.80683       0.92498       0.92778      12.46807  

---- Expected P_neut(i), 0 < i < n (neutral SFS per site) 
E[P_neut(1)] = 0.009375
E[P_neut(2)] = 0.004452
E[P_neut(3)] = 0.002888
E[P_neut(4)] = 0.002074
E[P_neut(5)] = 0.001690
E[P_neut(6)] = 0.001376
E[P_neut(7)] = 0.001151
E[P_neut(8)] = 0.000970
E[P_neut(9)] = 0.000883
E[P_neut(10)] = 0.000800
E[P_neut(11)] = 0.000721
E[P_neut(12)] = 0.000649
E[P_neut(13)] = 0.000586
E[P_neut(14)] = 0.000571
E[P_neut(15)] = 0.000554
E[P_neut(16)] = 0.000515
E[P_neut(17)] = 0.000445
E[P_neut(18)] = 0.000482
E[P_neut(19)] = 0.000458

---- Expected P_sel(i), 0 < i < n (selected SFS per site) 
E[P_sel(1)] = 0.003643
E[P_sel(2)] = 0.001510
E[P_sel(3)] = 0.000920
E[P_sel(4)] = 0.000634
E[P_sel(5)] = 0.000502
E[P_sel(6)] = 0.000399
E[P_sel(7)] = 0.000328
E[P_sel(8)] = 0.000272
E[P_sel(9)] = 0.000244
E[P_sel(10)] = 0.000218
E[P_sel(11)] = 0.000194
E[P_sel(12)] = 0.000173
E[P_sel(13)] = 0.000155
E[P_sel(14)] = 0.000150
E[P_sel(15)] = 0.000144
E[P_sel(16)] = 0.000133
E[P_sel(17)] = 0.000114
E[P_sel(18)] = 0.000123
E[P_sel(19)] = 0.000116

---- Expected D_neut and D_sel (neutral and selected divergence per site) 
E[D_neut] = 0.005976
E[D_sel] = 0.001506

---- Expected neutral and selected misattributed polymorphism per site
E[mis_neut] = 0.005844
E[mis_sel] = 0.001473

---- alpha_div = 1.465618
---- alpha_dfe = 0.000000



