---- Performing inference on Ns50_pa_0.001_boots/Ns50_pa_0.001.72.polyDFE.txt using model B

---- Warning: mutation variability is not used when only one neutral and one selected fragment is available.
---- No mutation variability. Using Poisson likelihood.

---- Using provided initial values


-- Starting local optimization
 it       eps_an        eps_cont      lambda        theta_bar      S_d            b             p_b           S_b           r  2          r  3          r  4          r  5          r  6          r  7          r  8          r  9          r 10          r 11          r 12          r 13          r 14          r 15          r 16          r 17          r 18          r 19          r 20         ln lk             grad     status
  0      4.50e-06      9.00e-07       0.00500       0.00100     -400.00000       0.40000       0.02000       4.00000       1.00000       1.00000       1.00000       1.00000       1.00000       1.00000       1.00000       1.00000       1.00000       1.00000       1.00000       1.00000       1.00000       1.00000       1.00000       1.00000       1.00000       1.00000       1.00000  -227657.5577170010   1634.09346   -2
 99      4.49e-06      9.00e-07       0.00513       0.00926    -1131.25152       0.18767       0.00249      37.42762       0.97295       0.94221       0.92094       0.96004       0.92657       0.91147       0.88298       0.84755       0.89102       0.91221       0.84427       0.88326       0.88006       0.93371       0.88049       0.84993       0.89765       0.99474       0.87427  -221.1864166606      0.29412   -3
-- Local optimization: stuck in the same solution


---- Best joint likelihood found -221.18642 with gradient 0.29412
-- Model: B
--     eps_an        eps_cont      lambda        theta_bar     a        
--    4.49e-06      9.00e-07       0.00513       0.00926       -1.00000  
--      S_d            b             p_b           S_b      
--  -1131.25152       0.18767       0.00249      37.42762  
--     r  2          r  3          r  4          r  5          r  6          r  7          r  8          r  9          r 10          r 11          r 12          r 13          r 14          r 15          r 16          r 17          r 18          r 19          r 20     
--     0.97295       0.94221       0.92094       0.96004       0.92657       0.91147       0.88298       0.84755       0.89102       0.91221       0.84427       0.88326       0.88006       0.93371       0.88049       0.84993       0.89765       0.99474       0.87427  

---- Expected P_neut(i), 0 < i < n (neutral SFS per site) 
E[P_neut(1)] = 0.009258
E[P_neut(2)] = 0.004504
E[P_neut(3)] = 0.002908
E[P_neut(4)] = 0.002132
E[P_neut(5)] = 0.001778
E[P_neut(6)] = 0.001430
E[P_neut(7)] = 0.001206
E[P_neut(8)] = 0.001022
E[P_neut(9)] = 0.000872
E[P_neut(10)] = 0.000825
E[P_neut(11)] = 0.000768
E[P_neut(12)] = 0.000651
E[P_neut(13)] = 0.000629
E[P_neut(14)] = 0.000582
E[P_neut(15)] = 0.000576
E[P_neut(16)] = 0.000510
E[P_neut(17)] = 0.000463
E[P_neut(18)] = 0.000462
E[P_neut(19)] = 0.000485

---- Expected P_sel(i), 0 < i < n (selected SFS per site) 
E[P_sel(1)] = 0.003704
E[P_sel(2)] = 0.001495
E[P_sel(3)] = 0.000885
E[P_sel(4)] = 0.000614
E[P_sel(5)] = 0.000492
E[P_sel(6)] = 0.000384
E[P_sel(7)] = 0.000315
E[P_sel(8)] = 0.000262
E[P_sel(9)] = 0.000220
E[P_sel(10)] = 0.000205
E[P_sel(11)] = 0.000188
E[P_sel(12)] = 0.000158
E[P_sel(13)] = 0.000151
E[P_sel(14)] = 0.000139
E[P_sel(15)] = 0.000137
E[P_sel(16)] = 0.000121
E[P_sel(17)] = 0.000111
E[P_sel(18)] = 0.000112
E[P_sel(19)] = 0.000122

---- Expected D_neut and D_sel (neutral and selected divergence per site) 
E[D_neut] = 0.005532
E[D_sel] = 0.001696

---- Expected neutral and selected misattributed polymorphism per site
E[mis_neut] = 0.000405
E[mis_sel] = 0.000110

---- alpha_div = 0.306740
---- alpha_dfe = 0.300688



