---- Performing inference on Ns50_pa_0.001_boots/Ns50_pa_0.001.17.polyDFE.txt using model B

---- Warning: mutation variability is not used when only one neutral and one selected fragment is available.
---- No mutation variability. Using Poisson likelihood.

---- Using provided initial values


-- Starting local optimization
 it       eps_an        lambda        theta_bar      S_d            b             r  2          r  3          r  4          r  5          r  6          r  7          r  8          r  9          r 10          r 11          r 12          r 13          r 14          r 15          r 16          r 17          r 18          r 19          r 20         ln lk             grad     status
  0      4.50e-06       0.00500       0.00100     -400.00000       0.40000       1.00000       1.00000       1.00000       1.00000       1.00000       1.00000       1.00000       1.00000       1.00000       1.00000       1.00000       1.00000       1.00000       1.00000       1.00000       1.00000       1.00000       1.00000       1.00000  -245290.0747651324   1819.92660   -2
724      4.25e-06       0.00005       0.00950    -8675.82743       0.13123       0.95130       0.90464       0.89005       0.92775       0.86599       0.85960       0.83277       0.83448       0.86251       0.86568       0.81527       0.80185       0.83672       0.85685       0.83281       0.82423       0.86092       0.88990      12.23355  -433.7290170259      0.16417   -6
-- Local optimization: reached maximum running time allowed


---- Best joint likelihood found -433.72902 with gradient 0.16417
-- Model: B
--     eps_an        eps_cont      lambda        theta_bar     a        
--    4.25e-06      0.00e+00       0.00005       0.00950       -1.00000  
--      S_d            b             p_b           S_b      
--  -8675.82743       0.13123      0.00e+00      0.00e+00  
--     r  2          r  3          r  4          r  5          r  6          r  7          r  8          r  9          r 10          r 11          r 12          r 13          r 14          r 15          r 16          r 17          r 18          r 19          r 20     
--     0.95130       0.90464       0.89005       0.92775       0.86599       0.85960       0.83277       0.83448       0.86251       0.86568       0.81527       0.80185       0.83672       0.85685       0.83281       0.82423       0.86092       0.88990      12.23355  

---- Expected P_neut(i), 0 < i < n (neutral SFS per site) 
E[P_neut(1)] = 0.009498
E[P_neut(2)] = 0.004518
E[P_neut(3)] = 0.002864
E[P_neut(4)] = 0.002113
E[P_neut(5)] = 0.001762
E[P_neut(6)] = 0.001371
E[P_neut(7)] = 0.001166
E[P_neut(8)] = 0.000989
E[P_neut(9)] = 0.000881
E[P_neut(10)] = 0.000819
E[P_neut(11)] = 0.000747
E[P_neut(12)] = 0.000645
E[P_neut(13)] = 0.000586
E[P_neut(14)] = 0.000568
E[P_neut(15)] = 0.000543
E[P_neut(16)] = 0.000494
E[P_neut(17)] = 0.000461
E[P_neut(18)] = 0.000454
E[P_neut(19)] = 0.000445

---- Expected P_sel(i), 0 < i < n (selected SFS per site) 
E[P_sel(1)] = 0.003639
E[P_sel(2)] = 0.001519
E[P_sel(3)] = 0.000906
E[P_sel(4)] = 0.000643
E[P_sel(5)] = 0.000521
E[P_sel(6)] = 0.000396
E[P_sel(7)] = 0.000331
E[P_sel(8)] = 0.000276
E[P_sel(9)] = 0.000243
E[P_sel(10)] = 0.000223
E[P_sel(11)] = 0.000201
E[P_sel(12)] = 0.000172
E[P_sel(13)] = 0.000155
E[P_sel(14)] = 0.000149
E[P_sel(15)] = 0.000141
E[P_sel(16)] = 0.000128
E[P_sel(17)] = 0.000118
E[P_sel(18)] = 0.000116
E[P_sel(19)] = 0.000113

---- Expected D_neut and D_sel (neutral and selected divergence per site) 
E[D_neut] = 0.005860
E[D_sel] = 0.001478

---- Expected neutral and selected misattributed polymorphism per site
E[mis_neut] = 0.005810
E[mis_sel] = 0.001466

---- alpha_div = 1.638368
---- alpha_dfe = 0.000000



