---- Performing inference on Ns50_pa_0.001_boots/Ns50_pa_0.001.42.polyDFE.txt using model B

---- Warning: mutation variability is not used when only one neutral and one selected fragment is available.
---- No mutation variability. Using Poisson likelihood.

---- Using provided initial values


-- Starting local optimization
 it       eps_an        eps_cont      lambda        theta_bar      S_d            b             p_b           S_b           r  2          r  3          r  4          r  5          r  6          r  7          r  8          r  9          r 10          r 11          r 12          r 13          r 14          r 15          r 16          r 17          r 18          r 19          r 20         ln lk             grad     status
  0      4.50e-06      9.00e-07       0.00500       0.00100     -400.00000       0.40000       0.02000       4.00000       1.00000       1.00000       1.00000       1.00000       1.00000       1.00000       1.00000       1.00000       1.00000       1.00000       1.00000       1.00000       1.00000       1.00000       1.00000       1.00000       1.00000       1.00000       1.00000  -228140.2310075141   1636.61765   -2
 85      4.49e-06      9.00e-07       0.00499       0.00933    -1628.40257       0.17640       0.00255      37.42486       0.97548       0.94109       0.92297       0.95163       0.90441       0.92791       0.85107       0.86011       0.87321       0.88890       0.87043       0.83147       0.84839       0.93293       0.89950       0.87084       0.91674       0.90112       1.02789  -235.0585818115      0.44667   -3
-- Local optimization: stuck in the same solution


---- Best joint likelihood found -235.05858 with gradient 0.44667
-- Model: B
--     eps_an        eps_cont      lambda        theta_bar     a        
--    4.49e-06      9.00e-07       0.00499       0.00933       -1.00000  
--      S_d            b             p_b           S_b      
--  -1628.40257       0.17640       0.00255      37.42486  
--     r  2          r  3          r  4          r  5          r  6          r  7          r  8          r  9          r 10          r 11          r 12          r 13          r 14          r 15          r 16          r 17          r 18          r 19          r 20     
--     0.97548       0.94109       0.92297       0.95163       0.90441       0.92791       0.85107       0.86011       0.87321       0.88890       0.87043       0.83147       0.84839       0.93293       0.89950       0.87084       0.91674       0.90112       1.02789  

---- Expected P_neut(i), 0 < i < n (neutral SFS per site) 
E[P_neut(1)] = 0.009330
E[P_neut(2)] = 0.004551
E[P_neut(3)] = 0.002927
E[P_neut(4)] = 0.002153
E[P_neut(5)] = 0.001776
E[P_neut(6)] = 0.001406
E[P_neut(7)] = 0.001237
E[P_neut(8)] = 0.000993
E[P_neut(9)] = 0.000892
E[P_neut(10)] = 0.000815
E[P_neut(11)] = 0.000754
E[P_neut(12)] = 0.000677
E[P_neut(13)] = 0.000597
E[P_neut(14)] = 0.000565
E[P_neut(15)] = 0.000580
E[P_neut(16)] = 0.000525
E[P_neut(17)] = 0.000478
E[P_neut(18)] = 0.000475
E[P_neut(19)] = 0.000443

---- Expected P_sel(i), 0 < i < n (selected SFS per site) 
E[P_sel(1)] = 0.003662
E[P_sel(2)] = 0.001498
E[P_sel(3)] = 0.000888
E[P_sel(4)] = 0.000620
E[P_sel(5)] = 0.000493
E[P_sel(6)] = 0.000379
E[P_sel(7)] = 0.000326
E[P_sel(8)] = 0.000256
E[P_sel(9)] = 0.000227
E[P_sel(10)] = 0.000204
E[P_sel(11)] = 0.000187
E[P_sel(12)] = 0.000166
E[P_sel(13)] = 0.000145
E[P_sel(14)] = 0.000137
E[P_sel(15)] = 0.000140
E[P_sel(16)] = 0.000127
E[P_sel(17)] = 0.000116
E[P_sel(18)] = 0.000118
E[P_sel(19)] = 0.000114

---- Expected D_neut and D_sel (neutral and selected divergence per site) 
E[D_neut] = 0.005466
E[D_sel] = 0.001705

---- Expected neutral and selected misattributed polymorphism per site
E[mis_neut] = 0.000480
E[mis_sel] = 0.000132

---- alpha_div = 0.313250
---- alpha_dfe = 0.302459



