---- Performing inference on Ns50_pa_0.001_boots/Ns50_pa_0.001.12.polyDFE.txt using model B

---- Warning: mutation variability is not used when only one neutral and one selected fragment is available.
---- No mutation variability. Using Poisson likelihood.

---- Using provided initial values


-- Starting local optimization
 it       eps_an        theta_bar      S_d            b             r  2          r  3          r  4          r  5          r  6          r  7          r  8          r  9          r 10          r 11          r 12          r 13          r 14          r 15          r 16          r 17          r 18          r 19         ln lk             grad     status
  0      4.50e-06       0.00100     -400.00000       0.40000       1.00000       1.00000       1.00000       1.00000       1.00000       1.00000       1.00000       1.00000       1.00000       1.00000       1.00000       1.00000       1.00000       1.00000       1.00000       1.00000       1.00000       1.00000  -235868.6856238960   1692.70516   -2
170      4.50e-06       0.00915    -1043.11618       0.18758       0.98423       0.96441       0.93878       0.95699       0.92180       0.92563       0.90092       0.87996       0.90238       0.90103       0.87927       0.86067       0.88754       0.98571       0.97420       0.92910       0.98492       1.04557  -205.5286625614      0.00161   -3
-- Local optimization: stuck in the same solution


---- Best joint likelihood found -205.52866 with gradient 0.00161
-- Model: B
--     eps_an        eps_cont      theta_bar     a        
--    4.50e-06      0.00e+00       0.00915       -1.00000  
--      S_d            b             p_b           S_b      
--  -1043.11618       0.18758      0.00e+00      0.00e+00  
--     r  2          r  3          r  4          r  5          r  6          r  7          r  8          r  9          r 10          r 11          r 12          r 13          r 14          r 15          r 16          r 17          r 18          r 19     
--     0.98423       0.96441       0.93878       0.95699       0.92180       0.92563       0.90092       0.87996       0.90238       0.90103       0.87927       0.86067       0.88754       0.98571       0.97420       0.92910       0.98492       1.04557  

---- Expected P_neut(i), 0 < i < n (neutral SFS per site) 
E[P_neut(1)] = 0.009149
E[P_neut(2)] = 0.004503
E[P_neut(3)] = 0.002941
E[P_neut(4)] = 0.002147
E[P_neut(5)] = 0.001751
E[P_neut(6)] = 0.001406
E[P_neut(7)] = 0.001210
E[P_neut(8)] = 0.001030
E[P_neut(9)] = 0.000895
E[P_neut(10)] = 0.000826
E[P_neut(11)] = 0.000749
E[P_neut(12)] = 0.000670
E[P_neut(13)] = 0.000606
E[P_neut(14)] = 0.000580
E[P_neut(15)] = 0.000601
E[P_neut(16)] = 0.000557
E[P_neut(17)] = 0.000500
E[P_neut(18)] = 0.000501
E[P_neut(19)] = 0.000504

---- Expected P_sel(i), 0 < i < n (selected SFS per site) 
E[P_sel(1)] = 0.003702
E[P_sel(2)] = 0.001509
E[P_sel(3)] = 0.000902
E[P_sel(4)] = 0.000623
E[P_sel(5)] = 0.000487
E[P_sel(6)] = 0.000379
E[P_sel(7)] = 0.000318
E[P_sel(8)] = 0.000265
E[P_sel(9)] = 0.000225
E[P_sel(10)] = 0.000204
E[P_sel(11)] = 0.000183
E[P_sel(12)] = 0.000161
E[P_sel(13)] = 0.000144
E[P_sel(14)] = 0.000136
E[P_sel(15)] = 0.000140
E[P_sel(16)] = 0.000128
E[P_sel(17)] = 0.000114
E[P_sel(18)] = 0.000113
E[P_sel(19)] = 0.000113

---- Expected neutral and selected misattributed polymorphism per site
E[mis_neut] = 0.000457
E[mis_sel] = 0.000102

---- alpha_div = 0.299640
---- alpha_dfe = 0.000000



