---- Performing inference on Ns50_pa_0.001_boots/Ns50_pa_0.001.30.polyDFE.txt using model B

---- Warning: mutation variability is not used when only one neutral and one selected fragment is available.
---- No mutation variability. Using Poisson likelihood.

---- Using provided initial values


-- Starting local optimization
 it       eps_an        eps_cont      lambda        theta_bar      S_d            b             p_b           S_b           r  2          r  3          r  4          r  5          r  6          r  7          r  8          r  9          r 10          r 11          r 12          r 13          r 14          r 15          r 16          r 17          r 18          r 19          r 20         ln lk             grad     status
  0      4.50e-06      9.00e-07       0.00500       0.00100     -400.00000       0.40000       0.02000       4.00000       1.00000       1.00000       1.00000       1.00000       1.00000       1.00000       1.00000       1.00000       1.00000       1.00000       1.00000       1.00000       1.00000       1.00000       1.00000       1.00000       1.00000       1.00000       1.00000  -229200.4883912277   1640.69267   -2
142      4.49e-06      9.00e-07       0.00499       0.00925    -1019.34264       0.19265       0.00267      37.42019       0.99004       0.97548       0.92913       0.96312       0.90586       0.88780       0.91376       0.89354       0.87242       0.90129       0.88657       0.86329       0.91081       0.95555       0.92131       0.86030       0.95016       0.92590       0.82929  -219.2514288310      0.17080   -3
-- Local optimization: stuck in the same solution


---- Best joint likelihood found -219.25143 with gradient 0.17080
-- Model: B
--     eps_an        eps_cont      lambda        theta_bar     a        
--    4.49e-06      9.00e-07       0.00499       0.00925       -1.00000  
--      S_d            b             p_b           S_b      
--  -1019.34264       0.19265       0.00267      37.42019  
--     r  2          r  3          r  4          r  5          r  6          r  7          r  8          r  9          r 10          r 11          r 12          r 13          r 14          r 15          r 16          r 17          r 18          r 19          r 20     
--     0.99004       0.97548       0.92913       0.96312       0.90586       0.88780       0.91376       0.89354       0.87242       0.90129       0.88657       0.86329       0.91081       0.95555       0.92131       0.86030       0.95016       0.92590       0.82929  

---- Expected P_neut(i), 0 < i < n (neutral SFS per site) 
E[P_neut(1)] = 0.009245
E[P_neut(2)] = 0.004577
E[P_neut(3)] = 0.003006
E[P_neut(4)] = 0.002148
E[P_neut(5)] = 0.001781
E[P_neut(6)] = 0.001396
E[P_neut(7)] = 0.001173
E[P_neut(8)] = 0.001056
E[P_neut(9)] = 0.000918
E[P_neut(10)] = 0.000807
E[P_neut(11)] = 0.000758
E[P_neut(12)] = 0.000683
E[P_neut(13)] = 0.000614
E[P_neut(14)] = 0.000601
E[P_neut(15)] = 0.000589
E[P_neut(16)] = 0.000532
E[P_neut(17)] = 0.000468
E[P_neut(18)] = 0.000488
E[P_neut(19)] = 0.000451

---- Expected P_sel(i), 0 < i < n (selected SFS per site) 
E[P_sel(1)] = 0.003703
E[P_sel(2)] = 0.001513
E[P_sel(3)] = 0.000909
E[P_sel(4)] = 0.000614
E[P_sel(5)] = 0.000489
E[P_sel(6)] = 0.000371
E[P_sel(7)] = 0.000304
E[P_sel(8)] = 0.000268
E[P_sel(9)] = 0.000229
E[P_sel(10)] = 0.000198
E[P_sel(11)] = 0.000183
E[P_sel(12)] = 0.000164
E[P_sel(13)] = 0.000146
E[P_sel(14)] = 0.000142
E[P_sel(15)] = 0.000139
E[P_sel(16)] = 0.000125
E[P_sel(17)] = 0.000111
E[P_sel(18)] = 0.000118
E[P_sel(19)] = 0.000113

---- Expected D_neut and D_sel (neutral and selected divergence per site) 
E[D_neut] = 0.005377
E[D_sel] = 0.001667

---- Expected neutral and selected misattributed polymorphism per site
E[mis_neut] = 0.000383
E[mis_sel] = 0.000104

---- alpha_div = 0.323910
---- alpha_dfe = 0.319633



