---- Performing inference on Ns50_pa_0.001_boots/Ns50_pa_0.001.42.polyDFE.txt using model B

---- Warning: mutation variability is not used when only one neutral and one selected fragment is available.
---- No mutation variability. Using Poisson likelihood.

---- Using provided initial values


-- Starting local optimization
 it       eps_an        eps_cont      theta_bar      S_d            b             p_b           S_b           r  2          r  3          r  4          r  5          r  6          r  7          r  8          r  9          r 10          r 11          r 12          r 13          r 14          r 15          r 16          r 17          r 18          r 19         ln lk             grad     status
  0      4.50e-06      9.00e-07       0.00100     -400.00000       0.40000       0.02000       4.00000       1.00000       1.00000       1.00000       1.00000       1.00000       1.00000       1.00000       1.00000       1.00000       1.00000       1.00000       1.00000       1.00000       1.00000       1.00000       1.00000       1.00000       1.00000  -225127.4739462121   1595.53528   -2
414      4.39e-06      9.00e-07       0.00924    -1226.43411       0.18347       0.00088       0.16409       0.98020       0.94917       0.93119       0.96183       0.91400       0.94142       0.85924       0.87307       0.88629       0.90132       0.88532       0.84998       0.86918       0.95788       0.92584       0.90215       0.96133       0.96538  -204.2131930370      0.00081   -3
-- Local optimization: stuck in the same solution


---- Best joint likelihood found -204.21319 with gradient 0.00081
-- Model: B
--     eps_an        eps_cont      theta_bar     a        
--    4.39e-06      9.00e-07       0.00924       -1.00000  
--      S_d            b             p_b           S_b      
--  -1226.43411       0.18347       0.00088       0.16409  
--     r  2          r  3          r  4          r  5          r  6          r  7          r  8          r  9          r 10          r 11          r 12          r 13          r 14          r 15          r 16          r 17          r 18          r 19     
--     0.98020       0.94917       0.93119       0.96183       0.91400       0.94142       0.85924       0.87307       0.88629       0.90132       0.88532       0.84998       0.86918       0.95788       0.92584       0.90215       0.96133       0.96538  

---- Expected P_neut(i), 0 < i < n (neutral SFS per site) 
E[P_neut(1)] = 0.009236
E[P_neut(2)] = 0.004527
E[P_neut(3)] = 0.002922
E[P_neut(4)] = 0.002150
E[P_neut(5)] = 0.001777
E[P_neut(6)] = 0.001407
E[P_neut(7)] = 0.001242
E[P_neut(8)] = 0.000992
E[P_neut(9)] = 0.000896
E[P_neut(10)] = 0.000819
E[P_neut(11)] = 0.000757
E[P_neut(12)] = 0.000681
E[P_neut(13)] = 0.000604
E[P_neut(14)] = 0.000573
E[P_neut(15)] = 0.000590
E[P_neut(16)] = 0.000534
E[P_neut(17)] = 0.000490
E[P_neut(18)] = 0.000493
E[P_neut(19)] = 0.000469

---- Expected P_sel(i), 0 < i < n (selected SFS per site) 
E[P_sel(1)] = 0.003691
E[P_sel(2)] = 0.001505
E[P_sel(3)] = 0.000891
E[P_sel(4)] = 0.000621
E[P_sel(5)] = 0.000493
E[P_sel(6)] = 0.000378
E[P_sel(7)] = 0.000326
E[P_sel(8)] = 0.000254
E[P_sel(9)] = 0.000225
E[P_sel(10)] = 0.000203
E[P_sel(11)] = 0.000185
E[P_sel(12)] = 0.000164
E[P_sel(13)] = 0.000143
E[P_sel(14)] = 0.000135
E[P_sel(15)] = 0.000137
E[P_sel(16)] = 0.000123
E[P_sel(17)] = 0.000112
E[P_sel(18)] = 0.000112
E[P_sel(19)] = 0.000105

---- Expected neutral and selected misattributed polymorphism per site
E[mis_neut] = 0.000462
E[mis_sel] = 0.000103

---- alpha_div = 0.323274
---- alpha_dfe = 0.004309



