---- Performing inference on Ns50_pa_0.001_boots/Ns50_pa_0.001.34.polyDFE.txt using model B

---- Warning: mutation variability is not used when only one neutral and one selected fragment is available.
---- No mutation variability. Using Poisson likelihood.

---- Using provided initial values


-- Starting local optimization
 it       eps_an        theta_bar      S_d            b             r  2          r  3          r  4          r  5          r  6          r  7          r  8          r  9          r 10          r 11          r 12          r 13          r 14          r 15          r 16          r 17          r 18          r 19         ln lk             grad     status
  0      4.50e-06       0.00100     -400.00000       0.40000       1.00000       1.00000       1.00000       1.00000       1.00000       1.00000       1.00000       1.00000       1.00000       1.00000       1.00000       1.00000       1.00000       1.00000       1.00000       1.00000       1.00000       1.00000  -236574.3677982755   1697.76412   -2
179      4.50e-06       0.00915    -1070.53142       0.18512       0.98821       0.95700       0.95350       0.93856       0.92223       0.91137       0.90078       0.89163       0.90161       0.91226       0.86183       0.90224       0.90988       0.94113       0.94704       0.91125       0.89875       0.97998  -202.9425435821      0.00096   -3
-- Local optimization: stuck in the same solution


---- Best joint likelihood found -202.94254 with gradient 0.00096
-- Model: B
--     eps_an        eps_cont      theta_bar     a        
--    4.50e-06      0.00e+00       0.00915       -1.00000  
--      S_d            b             p_b           S_b      
--  -1070.53142       0.18512      0.00e+00      0.00e+00  
--     r  2          r  3          r  4          r  5          r  6          r  7          r  8          r  9          r 10          r 11          r 12          r 13          r 14          r 15          r 16          r 17          r 18          r 19     
--     0.98821       0.95700       0.95350       0.93856       0.92223       0.91137       0.90078       0.89163       0.90161       0.91226       0.86183       0.90224       0.90988       0.94113       0.94704       0.91125       0.89875       0.97998  

---- Expected P_neut(i), 0 < i < n (neutral SFS per site) 
E[P_neut(1)] = 0.009155
E[P_neut(2)] = 0.004523
E[P_neut(3)] = 0.002920
E[P_neut(4)] = 0.002182
E[P_neut(5)] = 0.001718
E[P_neut(6)] = 0.001407
E[P_neut(7)] = 0.001192
E[P_neut(8)] = 0.001031
E[P_neut(9)] = 0.000907
E[P_neut(10)] = 0.000825
E[P_neut(11)] = 0.000759
E[P_neut(12)] = 0.000657
E[P_neut(13)] = 0.000635
E[P_neut(14)] = 0.000595
E[P_neut(15)] = 0.000574
E[P_neut(16)] = 0.000542
E[P_neut(17)] = 0.000491
E[P_neut(18)] = 0.000457
E[P_neut(19)] = 0.000472

---- Expected P_sel(i), 0 < i < n (selected SFS per site) 
E[P_sel(1)] = 0.003720
E[P_sel(2)] = 0.001526
E[P_sel(3)] = 0.000903
E[P_sel(4)] = 0.000639
E[P_sel(5)] = 0.000483
E[P_sel(6)] = 0.000383
E[P_sel(7)] = 0.000316
E[P_sel(8)] = 0.000267
E[P_sel(9)] = 0.000231
E[P_sel(10)] = 0.000207
E[P_sel(11)] = 0.000187
E[P_sel(12)] = 0.000160
E[P_sel(13)] = 0.000153
E[P_sel(14)] = 0.000141
E[P_sel(15)] = 0.000135
E[P_sel(16)] = 0.000126
E[P_sel(17)] = 0.000113
E[P_sel(18)] = 0.000104
E[P_sel(19)] = 0.000107

---- Expected neutral and selected misattributed polymorphism per site
E[mis_neut] = 0.000458
E[mis_sel] = 0.000103

---- alpha_div = 0.305910
---- alpha_dfe = 0.000000



