---- Performing inference on Ns50_pa_0.001_boots/Ns50_pa_0.001.81.polyDFE.txt using model B

---- Warning: mutation variability is not used when only one neutral and one selected fragment is available.
---- No mutation variability. Using Poisson likelihood.

---- Using provided initial values


-- Starting local optimization
 it       eps_an        eps_cont      lambda        theta_bar      S_d            b             p_b           S_b           r  2          r  3          r  4          r  5          r  6          r  7          r  8          r  9          r 10          r 11          r 12          r 13          r 14          r 15          r 16          r 17          r 18          r 19          r 20         ln lk             grad     status
  0      4.50e-06      9.00e-07       0.00500       0.00100     -400.00000       0.40000       0.02000       4.00000       1.00000       1.00000       1.00000       1.00000       1.00000       1.00000       1.00000       1.00000       1.00000       1.00000       1.00000       1.00000       1.00000       1.00000       1.00000       1.00000       1.00000       1.00000       1.00000  -229132.7443241985   1641.01354   -2
732      4.42e-06      9.00e-07       0.00499       0.00920     -936.29791       0.19122       0.00005    2082.70909       0.97705       0.94215       0.92736       0.95751       0.94254       0.93168       0.89154       0.89104       0.92600       0.92466       0.85351       0.87802       0.86181       0.97793       0.93484       0.85977       0.99933       0.97591       0.72803  -215.2865861067      0.00316   -6
-- Local optimization: reached maximum running time allowed


---- Best joint likelihood found -215.28659 with gradient 0.00316
-- Model: B
--     eps_an        eps_cont      lambda        theta_bar     a        
--    4.42e-06      9.00e-07       0.00499       0.00920       -1.00000  
--      S_d            b             p_b           S_b      
--   -936.29791       0.19122       0.00005    2082.70909  
--     r  2          r  3          r  4          r  5          r  6          r  7          r  8          r  9          r 10          r 11          r 12          r 13          r 14          r 15          r 16          r 17          r 18          r 19          r 20     
--     0.97705       0.94215       0.92736       0.95751       0.94254       0.93168       0.89154       0.89104       0.92600       0.92466       0.85351       0.87802       0.86181       0.97793       0.93484       0.85977       0.99933       0.97591       0.72803  

---- Expected P_neut(i), 0 < i < n (neutral SFS per site) 
E[P_neut(1)] = 0.009199
E[P_neut(2)] = 0.004494
E[P_neut(3)] = 0.002889
E[P_neut(4)] = 0.002133
E[P_neut(5)] = 0.001762
E[P_neut(6)] = 0.001445
E[P_neut(7)] = 0.001224
E[P_neut(8)] = 0.001025
E[P_neut(9)] = 0.000911
E[P_neut(10)] = 0.000852
E[P_neut(11)] = 0.000773
E[P_neut(12)] = 0.000654
E[P_neut(13)] = 0.000621
E[P_neut(14)] = 0.000566
E[P_neut(15)] = 0.000600
E[P_neut(16)] = 0.000537
E[P_neut(17)] = 0.000465
E[P_neut(18)] = 0.000511
E[P_neut(19)] = 0.000473

---- Expected P_sel(i), 0 < i < n (selected SFS per site) 
E[P_sel(1)] = 0.003746
E[P_sel(2)] = 0.001511
E[P_sel(3)] = 0.000888
E[P_sel(4)] = 0.000619
E[P_sel(5)] = 0.000490
E[P_sel(6)] = 0.000389
E[P_sel(7)] = 0.000321
E[P_sel(8)] = 0.000263
E[P_sel(9)] = 0.000229
E[P_sel(10)] = 0.000210
E[P_sel(11)] = 0.000188
E[P_sel(12)] = 0.000157
E[P_sel(13)] = 0.000147
E[P_sel(14)] = 0.000132
E[P_sel(15)] = 0.000139
E[P_sel(16)] = 0.000123
E[P_sel(17)] = 0.000106
E[P_sel(18)] = 0.000115
E[P_sel(19)] = 0.000106

---- Expected D_neut and D_sel (neutral and selected divergence per site) 
E[D_neut] = 0.005329
E[D_sel] = 0.001671

---- Expected neutral and selected misattributed polymorphism per site
E[mis_neut] = 0.000335
E[mis_sel] = 0.000075

---- alpha_div = 0.313837
---- alpha_dfe = 0.313813



