---- Performing inference on Ns50_pa_0.001_boots/Ns50_pa_0.001.70.polyDFE.txt using model B

---- Warning: mutation variability is not used when only one neutral and one selected fragment is available.
---- No mutation variability. Using Poisson likelihood.

---- Using provided initial values


-- Starting local optimization
 it       eps_an        lambda        theta_bar      S_d            b             r  2          r  3          r  4          r  5          r  6          r  7          r  8          r  9          r 10          r 11          r 12          r 13          r 14          r 15          r 16          r 17          r 18          r 19          r 20         ln lk             grad     status
  0      4.50e-06       0.00500       0.00100     -400.00000       0.40000       1.00000       1.00000       1.00000       1.00000       1.00000       1.00000       1.00000       1.00000       1.00000       1.00000       1.00000       1.00000       1.00000       1.00000       1.00000       1.00000       1.00000       1.00000       1.00000  -246676.9262109516   1828.93917   -2
707      4.28e-06       0.00010       0.00955    -8621.55524       0.13096       0.93987       0.90700       0.89562       0.88578       0.84328       0.84382       0.82733       0.82919       0.85545       0.83389       0.82420       0.83458       0.82506       0.86405       0.81413       0.82374       0.90014       0.94798      12.32590  -432.2925280434      0.00680   -6
-- Local optimization: reached maximum running time allowed


---- Best joint likelihood found -432.29253 with gradient 0.00680
-- Model: B
--     eps_an        eps_cont      lambda        theta_bar     a        
--    4.28e-06      0.00e+00       0.00010       0.00955       -1.00000  
--      S_d            b             p_b           S_b      
--  -8621.55524       0.13096      0.00e+00      0.00e+00  
--     r  2          r  3          r  4          r  5          r  6          r  7          r  8          r  9          r 10          r 11          r 12          r 13          r 14          r 15          r 16          r 17          r 18          r 19          r 20     
--     0.93987       0.90700       0.89562       0.88578       0.84328       0.84382       0.82733       0.82919       0.85545       0.83389       0.82420       0.83458       0.82506       0.86405       0.81413       0.82374       0.90014       0.94798      12.32590  

---- Expected P_neut(i), 0 < i < n (neutral SFS per site) 
E[P_neut(1)] = 0.009553
E[P_neut(2)] = 0.004489
E[P_neut(3)] = 0.002888
E[P_neut(4)] = 0.002139
E[P_neut(5)] = 0.001692
E[P_neut(6)] = 0.001343
E[P_neut(7)] = 0.001152
E[P_neut(8)] = 0.000988
E[P_neut(9)] = 0.000880
E[P_neut(10)] = 0.000817
E[P_neut(11)] = 0.000724
E[P_neut(12)] = 0.000656
E[P_neut(13)] = 0.000613
E[P_neut(14)] = 0.000563
E[P_neut(15)] = 0.000550
E[P_neut(16)] = 0.000486
E[P_neut(17)] = 0.000463
E[P_neut(18)] = 0.000478
E[P_neut(19)] = 0.000477

---- Expected P_sel(i), 0 < i < n (selected SFS per site) 
E[P_sel(1)] = 0.003670
E[P_sel(2)] = 0.001513
E[P_sel(3)] = 0.000916
E[P_sel(4)] = 0.000653
E[P_sel(5)] = 0.000502
E[P_sel(6)] = 0.000389
E[P_sel(7)] = 0.000328
E[P_sel(8)] = 0.000277
E[P_sel(9)] = 0.000243
E[P_sel(10)] = 0.000223
E[P_sel(11)] = 0.000196
E[P_sel(12)] = 0.000176
E[P_sel(13)] = 0.000163
E[P_sel(14)] = 0.000148
E[P_sel(15)] = 0.000144
E[P_sel(16)] = 0.000126
E[P_sel(17)] = 0.000119
E[P_sel(18)] = 0.000122
E[P_sel(19)] = 0.000121

---- Expected D_neut and D_sel (neutral and selected divergence per site) 
E[D_neut] = 0.005987
E[D_sel] = 0.001516

---- Expected neutral and selected misattributed polymorphism per site
E[mis_neut] = 0.005888
E[mis_sel] = 0.001491

---- alpha_div = 1.535925
---- alpha_dfe = 0.000000



