---- Performing inference on Ns50_pa_0.001_boots/Ns50_pa_0.001.28.polyDFE.txt using model B

---- Warning: mutation variability is not used when only one neutral and one selected fragment is available.
---- No mutation variability. Using Poisson likelihood.

---- Using provided initial values


-- Starting local optimization
 it       eps_an        lambda        theta_bar      S_d            b             r  2          r  3          r  4          r  5          r  6          r  7          r  8          r  9          r 10          r 11          r 12          r 13          r 14          r 15          r 16          r 17          r 18          r 19          r 20         ln lk             grad     status
  0      4.50e-06       0.00500       0.00100     -400.00000       0.40000       1.00000       1.00000       1.00000       1.00000       1.00000       1.00000       1.00000       1.00000       1.00000       1.00000       1.00000       1.00000       1.00000       1.00000       1.00000       1.00000       1.00000       1.00000       1.00000  -246649.2043347404   1829.25522   -2
649      4.20e-06      1.78e-06       0.00949    -6793.01460       0.13455       0.94364       0.91555       0.89210       0.90467       0.87352       0.85176       0.82871       0.83254       0.84360       0.85271       0.82781       0.76683       0.82822       0.87234       0.86518       0.85610       0.86991       0.91105      12.56247  -424.2419040416      0.00058   -3
-- Local optimization: stuck in the same solution


---- Best joint likelihood found -424.24190 with gradient 0.00058
-- Model: B
--     eps_an        eps_cont      lambda        theta_bar     a        
--    4.20e-06      0.00e+00      1.78e-06       0.00949       -1.00000  
--      S_d            b             p_b           S_b      
--  -6793.01460       0.13455      0.00e+00      0.00e+00  
--     r  2          r  3          r  4          r  5          r  6          r  7          r  8          r  9          r 10          r 11          r 12          r 13          r 14          r 15          r 16          r 17          r 18          r 19          r 20     
--     0.94364       0.91555       0.89210       0.90467       0.87352       0.85176       0.82871       0.83254       0.84360       0.85271       0.82781       0.76683       0.82822       0.87234       0.86518       0.85610       0.86991       0.91105      12.56247  

---- Expected P_neut(i), 0 < i < n (neutral SFS per site) 
E[P_neut(1)] = 0.009494
E[P_neut(2)] = 0.004480
E[P_neut(3)] = 0.002897
E[P_neut(4)] = 0.002117
E[P_neut(5)] = 0.001718
E[P_neut(6)] = 0.001382
E[P_neut(7)] = 0.001155
E[P_neut(8)] = 0.000983
E[P_neut(9)] = 0.000878
E[P_neut(10)] = 0.000801
E[P_neut(11)] = 0.000736
E[P_neut(12)] = 0.000655
E[P_neut(13)] = 0.000560
E[P_neut(14)] = 0.000562
E[P_neut(15)] = 0.000552
E[P_neut(16)] = 0.000513
E[P_neut(17)] = 0.000478
E[P_neut(18)] = 0.000459
E[P_neut(19)] = 0.000455

---- Expected P_sel(i), 0 < i < n (selected SFS per site) 
E[P_sel(1)] = 0.003683
E[P_sel(2)] = 0.001519
E[P_sel(3)] = 0.000923
E[P_sel(4)] = 0.000648
E[P_sel(5)] = 0.000511
E[P_sel(6)] = 0.000402
E[P_sel(7)] = 0.000329
E[P_sel(8)] = 0.000276
E[P_sel(9)] = 0.000243
E[P_sel(10)] = 0.000219
E[P_sel(11)] = 0.000199
E[P_sel(12)] = 0.000175
E[P_sel(13)] = 0.000149
E[P_sel(14)] = 0.000148
E[P_sel(15)] = 0.000144
E[P_sel(16)] = 0.000133
E[P_sel(17)] = 0.000123
E[P_sel(18)] = 0.000117
E[P_sel(19)] = 0.000116

---- Expected D_neut and D_sel (neutral and selected divergence per site) 
E[D_neut] = 0.005965
E[D_sel] = 0.001507

---- Expected neutral and selected misattributed polymorphism per site
E[mis_neut] = 0.005964
E[mis_sel] = 0.001507

---- alpha_div = 1.749349
---- alpha_dfe = 0.000000



