---- Performing inference on Ns50_pa_0.001_boots/Ns50_pa_0.001.46.polyDFE.txt using model B

---- Warning: mutation variability is not used when only one neutral and one selected fragment is available.
---- No mutation variability. Using Poisson likelihood.

---- Using provided initial values


-- Starting local optimization
 it       eps_an        theta_bar      S_d            b             r  2          r  3          r  4          r  5          r  6          r  7          r  8          r  9          r 10          r 11          r 12          r 13          r 14          r 15          r 16          r 17          r 18          r 19         ln lk             grad     status
  0      4.50e-06       0.00100     -400.00000       0.40000       1.00000       1.00000       1.00000       1.00000       1.00000       1.00000       1.00000       1.00000       1.00000       1.00000       1.00000       1.00000       1.00000       1.00000       1.00000       1.00000       1.00000       1.00000  -237799.2619770085   1701.51448   -2
152      4.50e-06       0.00926    -1148.08491       0.18501       0.97895       0.95064       0.95815       0.94150       0.92288       0.90469       0.89335       0.91499       0.87922       0.90417       0.89237       0.87503       0.89786       0.92956       0.94975       0.89209       0.96644       0.97978  -204.9280028191      0.00214   -3
-- Local optimization: stuck in the same solution


---- Best joint likelihood found -204.92800 with gradient 0.00214
-- Model: B
--     eps_an        eps_cont      theta_bar     a        
--    4.50e-06      0.00e+00       0.00926       -1.00000  
--      S_d            b             p_b           S_b      
--  -1148.08491       0.18501      0.00e+00      0.00e+00  
--     r  2          r  3          r  4          r  5          r  6          r  7          r  8          r  9          r 10          r 11          r 12          r 13          r 14          r 15          r 16          r 17          r 18          r 19     
--     0.97895       0.95064       0.95815       0.94150       0.92288       0.90469       0.89335       0.91499       0.87922       0.90417       0.89237       0.87503       0.89786       0.92956       0.94975       0.89209       0.96644       0.97978  

---- Expected P_neut(i), 0 < i < n (neutral SFS per site) 
E[P_neut(1)] = 0.009262
E[P_neut(2)] = 0.004533
E[P_neut(3)] = 0.002935
E[P_neut(4)] = 0.002218
E[P_neut(5)] = 0.001744
E[P_neut(6)] = 0.001425
E[P_neut(7)] = 0.001197
E[P_neut(8)] = 0.001034
E[P_neut(9)] = 0.000942
E[P_neut(10)] = 0.000814
E[P_neut(11)] = 0.000761
E[P_neut(12)] = 0.000689
E[P_neut(13)] = 0.000623
E[P_neut(14)] = 0.000594
E[P_neut(15)] = 0.000574
E[P_neut(16)] = 0.000550
E[P_neut(17)] = 0.000486
E[P_neut(18)] = 0.000497
E[P_neut(19)] = 0.000478

---- Expected P_sel(i), 0 < i < n (selected SFS per site) 
E[P_sel(1)] = 0.003718
E[P_sel(2)] = 0.001511
E[P_sel(3)] = 0.000897
E[P_sel(4)] = 0.000641
E[P_sel(5)] = 0.000484
E[P_sel(6)] = 0.000383
E[P_sel(7)] = 0.000314
E[P_sel(8)] = 0.000265
E[P_sel(9)] = 0.000237
E[P_sel(10)] = 0.000201
E[P_sel(11)] = 0.000185
E[P_sel(12)] = 0.000165
E[P_sel(13)] = 0.000148
E[P_sel(14)] = 0.000139
E[P_sel(15)] = 0.000133
E[P_sel(16)] = 0.000126
E[P_sel(17)] = 0.000111
E[P_sel(18)] = 0.000112
E[P_sel(19)] = 0.000107

---- Expected neutral and selected misattributed polymorphism per site
E[mis_neut] = 0.000463
E[mis_sel] = 0.000103

---- alpha_div = 0.302630
---- alpha_dfe = 0.000000



