---- Performing inference on Ns50_pa_0.001_boots/Ns50_pa_0.001.85.polyDFE.txt using model B

---- Warning: mutation variability is not used when only one neutral and one selected fragment is available.
---- No mutation variability. Using Poisson likelihood.

---- Using provided initial values


-- Starting local optimization
 it       eps_an        lambda        theta_bar      S_d            b             r  2          r  3          r  4          r  5          r  6          r  7          r  8          r  9          r 10          r 11          r 12          r 13          r 14          r 15          r 16          r 17          r 18          r 19          r 20         ln lk             grad     status
  0      4.50e-06       0.00500       0.00100     -400.00000       0.40000       1.00000       1.00000       1.00000       1.00000       1.00000       1.00000       1.00000       1.00000       1.00000       1.00000       1.00000       1.00000       1.00000       1.00000       1.00000       1.00000       1.00000       1.00000       1.00000  -245557.8150686836   1825.08395   -2
641      4.26e-06       0.00008       0.00939    -6252.26625       0.13565       0.94764       0.93432       0.91003       0.90572       0.88468       0.88045       0.83887       0.80951       0.87523       0.85065       0.80448       0.80612       0.84102       0.86588       0.85522       0.81409       0.88349       0.97318      12.52663  -413.4579016418      0.01591   -6
-- Local optimization: reached maximum running time allowed


---- Best joint likelihood found -413.45790 with gradient 0.01591
-- Model: B
--     eps_an        eps_cont      lambda        theta_bar     a        
--    4.26e-06      0.00e+00       0.00008       0.00939       -1.00000  
--      S_d            b             p_b           S_b      
--  -6252.26625       0.13565      0.00e+00      0.00e+00  
--     r  2          r  3          r  4          r  5          r  6          r  7          r  8          r  9          r 10          r 11          r 12          r 13          r 14          r 15          r 16          r 17          r 18          r 19          r 20     
--     0.94764       0.93432       0.91003       0.90572       0.88468       0.88045       0.83887       0.80951       0.87523       0.85065       0.80448       0.80612       0.84102       0.86588       0.85522       0.81409       0.88349       0.97318      12.52663  

---- Expected P_neut(i), 0 < i < n (neutral SFS per site) 
E[P_neut(1)] = 0.009385
E[P_neut(2)] = 0.004447
E[P_neut(3)] = 0.002923
E[P_neut(4)] = 0.002135
E[P_neut(5)] = 0.001700
E[P_neut(6)] = 0.001384
E[P_neut(7)] = 0.001180
E[P_neut(8)] = 0.000984
E[P_neut(9)] = 0.000844
E[P_neut(10)] = 0.000821
E[P_neut(11)] = 0.000726
E[P_neut(12)] = 0.000629
E[P_neut(13)] = 0.000582
E[P_neut(14)] = 0.000564
E[P_neut(15)] = 0.000542
E[P_neut(16)] = 0.000502
E[P_neut(17)] = 0.000449
E[P_neut(18)] = 0.000461
E[P_neut(19)] = 0.000481

---- Expected P_sel(i), 0 < i < n (selected SFS per site) 
E[P_sel(1)] = 0.003657
E[P_sel(2)] = 0.001513
E[P_sel(3)] = 0.000934
E[P_sel(4)] = 0.000655
E[P_sel(5)] = 0.000507
E[P_sel(6)] = 0.000403
E[P_sel(7)] = 0.000337
E[P_sel(8)] = 0.000277
E[P_sel(9)] = 0.000234
E[P_sel(10)] = 0.000225
E[P_sel(11)] = 0.000196
E[P_sel(12)] = 0.000169
E[P_sel(13)] = 0.000155
E[P_sel(14)] = 0.000148
E[P_sel(15)] = 0.000142
E[P_sel(16)] = 0.000130
E[P_sel(17)] = 0.000116
E[P_sel(18)] = 0.000118
E[P_sel(19)] = 0.000122

---- Expected D_neut and D_sel (neutral and selected divergence per site) 
E[D_neut] = 0.005959
E[D_sel] = 0.001507

---- Expected neutral and selected misattributed polymorphism per site
E[mis_neut] = 0.005878
E[mis_sel] = 0.001487

---- alpha_div = 1.562979
---- alpha_dfe = 0.000000



