---- Performing inference on Ns50_pa_0.001_boots/Ns50_pa_0.001.33.polyDFE.txt using model B

---- Warning: mutation variability is not used when only one neutral and one selected fragment is available.
---- No mutation variability. Using Poisson likelihood.

---- Using provided initial values


-- Starting local optimization
 it       eps_an        lambda        theta_bar      S_d            b             r  2          r  3          r  4          r  5          r  6          r  7          r  8          r  9          r 10          r 11          r 12          r 13          r 14          r 15          r 16          r 17          r 18          r 19          r 20         ln lk             grad     status
  0      4.50e-06       0.00500       0.00100     -400.00000       0.40000       1.00000       1.00000       1.00000       1.00000       1.00000       1.00000       1.00000       1.00000       1.00000       1.00000       1.00000       1.00000       1.00000       1.00000       1.00000       1.00000       1.00000       1.00000       1.00000  -245061.3573946626   1821.42984   -2
541      4.35e-06       0.00030       0.00938    -6921.91290       0.13471       0.96328       0.93463       0.89793       0.90430       0.87724       0.85793       0.85343       0.85675       0.87381       0.87654       0.81997       0.81195       0.84474       0.86744       0.86279       0.84389       0.87682       0.95005      12.09289  -418.4301051947      0.04920   -3
-- Local optimization: stuck in the same solution


---- Best joint likelihood found -418.43011 with gradient 0.04920
-- Model: B
--     eps_an        eps_cont      lambda        theta_bar     a        
--    4.35e-06      0.00e+00       0.00030       0.00938       -1.00000  
--      S_d            b             p_b           S_b      
--  -6921.91290       0.13471      0.00e+00      0.00e+00  
--     r  2          r  3          r  4          r  5          r  6          r  7          r  8          r  9          r 10          r 11          r 12          r 13          r 14          r 15          r 16          r 17          r 18          r 19          r 20     
--     0.96328       0.93463       0.89793       0.90430       0.87724       0.85793       0.85343       0.85675       0.87381       0.87654       0.81997       0.81195       0.84474       0.86744       0.86279       0.84389       0.87682       0.95005      12.09289  

---- Expected P_neut(i), 0 < i < n (neutral SFS per site) 
E[P_neut(1)] = 0.009377
E[P_neut(2)] = 0.004516
E[P_neut(3)] = 0.002921
E[P_neut(4)] = 0.002105
E[P_neut(5)] = 0.001696
E[P_neut(6)] = 0.001371
E[P_neut(7)] = 0.001149
E[P_neut(8)] = 0.001000
E[P_neut(9)] = 0.000893
E[P_neut(10)] = 0.000819
E[P_neut(11)] = 0.000747
E[P_neut(12)] = 0.000641
E[P_neut(13)] = 0.000586
E[P_neut(14)] = 0.000566
E[P_neut(15)] = 0.000542
E[P_neut(16)] = 0.000506
E[P_neut(17)] = 0.000465
E[P_neut(18)] = 0.000457
E[P_neut(19)] = 0.000469

---- Expected P_sel(i), 0 < i < n (selected SFS per site) 
E[P_sel(1)] = 0.003624
E[P_sel(2)] = 0.001526
E[P_sel(3)] = 0.000927
E[P_sel(4)] = 0.000642
E[P_sel(5)] = 0.000502
E[P_sel(6)] = 0.000397
E[P_sel(7)] = 0.000326
E[P_sel(8)] = 0.000280
E[P_sel(9)] = 0.000246
E[P_sel(10)] = 0.000223
E[P_sel(11)] = 0.000201
E[P_sel(12)] = 0.000171
E[P_sel(13)] = 0.000155
E[P_sel(14)] = 0.000148
E[P_sel(15)] = 0.000141
E[P_sel(16)] = 0.000130
E[P_sel(17)] = 0.000119
E[P_sel(18)] = 0.000116
E[P_sel(19)] = 0.000119

---- Expected D_neut and D_sel (neutral and selected divergence per site) 
E[D_neut] = 0.005967
E[D_sel] = 0.001501

---- Expected neutral and selected misattributed polymorphism per site
E[mis_neut] = 0.005670
E[mis_sel] = 0.001427

---- alpha_div = 1.210659
---- alpha_dfe = 0.000000



