---- Performing inference on Ns50_pa_0.001_boots/Ns50_pa_0.001.5.polyDFE.txt using model B

---- Warning: mutation variability is not used when only one neutral and one selected fragment is available.
---- No mutation variability. Using Poisson likelihood.

---- Using provided initial values


-- Starting local optimization
 it       eps_an        eps_cont      theta_bar      S_d            b             p_b           S_b           r  2          r  3          r  4          r  5          r  6          r  7          r  8          r  9          r 10          r 11          r 12          r 13          r 14          r 15          r 16          r 17          r 18          r 19         ln lk             grad     status
  0      4.50e-06      9.00e-07       0.00100     -400.00000       0.40000       0.02000       4.00000       1.00000       1.00000       1.00000       1.00000       1.00000       1.00000       1.00000       1.00000       1.00000       1.00000       1.00000       1.00000       1.00000       1.00000       1.00000       1.00000       1.00000       1.00000  -227287.3228639066   1604.78240   -2
361      4.53e-06      9.00e-07       0.00930    -1156.68997       0.18777       0.00156       0.23823       0.98824       0.95862       0.92944       0.95353       0.93059       0.92080       0.87650       0.89372       0.89416       0.91483       0.85986       0.87396       0.87031       0.94230       0.92563       0.91336       0.95701       1.02918  -192.4225122874      0.00308   -3
-- Local optimization: stuck in the same solution


---- Best joint likelihood found -192.42251 with gradient 0.00308
-- Model: B
--     eps_an        eps_cont      theta_bar     a        
--    4.53e-06      9.00e-07       0.00930       -1.00000  
--      S_d            b             p_b           S_b      
--  -1156.68997       0.18777       0.00156       0.23823  
--     r  2          r  3          r  4          r  5          r  6          r  7          r  8          r  9          r 10          r 11          r 12          r 13          r 14          r 15          r 16          r 17          r 18          r 19     
--     0.98824       0.95862       0.92944       0.95353       0.93059       0.92080       0.87650       0.89372       0.89416       0.91483       0.85986       0.87396       0.87031       0.94230       0.92563       0.91336       0.95701       1.02918  

---- Expected P_neut(i), 0 < i < n (neutral SFS per site) 
E[P_neut(1)] = 0.009304
E[P_neut(2)] = 0.004597
E[P_neut(3)] = 0.002973
E[P_neut(4)] = 0.002162
E[P_neut(5)] = 0.001774
E[P_neut(6)] = 0.001443
E[P_neut(7)] = 0.001224
E[P_neut(8)] = 0.001019
E[P_neut(9)] = 0.000924
E[P_neut(10)] = 0.000832
E[P_neut(11)] = 0.000774
E[P_neut(12)] = 0.000667
E[P_neut(13)] = 0.000626
E[P_neut(14)] = 0.000578
E[P_neut(15)] = 0.000584
E[P_neut(16)] = 0.000538
E[P_neut(17)] = 0.000500
E[P_neut(18)] = 0.000495
E[P_neut(19)] = 0.000504

---- Expected P_sel(i), 0 < i < n (selected SFS per site) 
E[P_sel(1)] = 0.003700
E[P_sel(2)] = 0.001515
E[P_sel(3)] = 0.000897
E[P_sel(4)] = 0.000617
E[P_sel(5)] = 0.000486
E[P_sel(6)] = 0.000383
E[P_sel(7)] = 0.000316
E[P_sel(8)] = 0.000258
E[P_sel(9)] = 0.000229
E[P_sel(10)] = 0.000203
E[P_sel(11)] = 0.000186
E[P_sel(12)] = 0.000158
E[P_sel(13)] = 0.000146
E[P_sel(14)] = 0.000134
E[P_sel(15)] = 0.000134
E[P_sel(16)] = 0.000122
E[P_sel(17)] = 0.000112
E[P_sel(18)] = 0.000110
E[P_sel(19)] = 0.000111

---- Expected neutral and selected misattributed polymorphism per site
E[mis_neut] = 0.000465
E[mis_sel] = 0.000102

---- alpha_div = 0.329550
---- alpha_dfe = 0.008091



