---- Performing inference on Ns50_pa_0.001_boots/Ns50_pa_0.001.90.polyDFE.txt using model B

---- Warning: mutation variability is not used when only one neutral and one selected fragment is available.
---- No mutation variability. Using Poisson likelihood.

---- Using provided initial values


-- Starting local optimization
 it       eps_an        eps_cont      lambda        theta_bar      S_d            b             p_b           S_b           r  2          r  3          r  4          r  5          r  6          r  7          r  8          r  9          r 10          r 11          r 12          r 13          r 14          r 15          r 16          r 17          r 18          r 19          r 20         ln lk             grad     status
  0      4.50e-06      9.00e-07       0.00500       0.00100     -400.00000       0.40000       0.02000       4.00000       1.00000       1.00000       1.00000       1.00000       1.00000       1.00000       1.00000       1.00000       1.00000       1.00000       1.00000       1.00000       1.00000       1.00000       1.00000       1.00000       1.00000       1.00000       1.00000  -227577.0390124258   1632.71953   -2
 74      4.49e-06      9.00e-07       0.00503       0.00925    -1252.95195       0.18506       0.00248      37.42301       0.98211       0.95623       0.93243       0.94937       0.91468       0.91511       0.86680       0.86168       0.89716       0.91591       0.87271       0.87255       0.90758       0.90832       0.93503       0.88622       0.91076       0.95635       0.86271  -219.7848382967      0.58277   -3
-- Local optimization: stuck in the same solution


---- Best joint likelihood found -219.78484 with gradient 0.58277
-- Model: B
--     eps_an        eps_cont      lambda        theta_bar     a        
--    4.49e-06      9.00e-07       0.00503       0.00925       -1.00000  
--      S_d            b             p_b           S_b      
--  -1252.95195       0.18506       0.00248      37.42301  
--     r  2          r  3          r  4          r  5          r  6          r  7          r  8          r  9          r 10          r 11          r 12          r 13          r 14          r 15          r 16          r 17          r 18          r 19          r 20     
--     0.98211       0.95623       0.93243       0.94937       0.91468       0.91511       0.86680       0.86168       0.89716       0.91591       0.87271       0.87255       0.90758       0.90832       0.93503       0.88622       0.91076       0.95635       0.86271  

---- Expected P_neut(i), 0 < i < n (neutral SFS per site) 
E[P_neut(1)] = 0.009249
E[P_neut(2)] = 0.004542
E[P_neut(3)] = 0.002948
E[P_neut(4)] = 0.002156
E[P_neut(5)] = 0.001756
E[P_neut(6)] = 0.001410
E[P_neut(7)] = 0.001209
E[P_neut(8)] = 0.001002
E[P_neut(9)] = 0.000886
E[P_neut(10)] = 0.000830
E[P_neut(11)] = 0.000770
E[P_neut(12)] = 0.000673
E[P_neut(13)] = 0.000621
E[P_neut(14)] = 0.000600
E[P_neut(15)] = 0.000560
E[P_neut(16)] = 0.000541
E[P_neut(17)] = 0.000482
E[P_neut(18)] = 0.000468
E[P_neut(19)] = 0.000466

---- Expected P_sel(i), 0 < i < n (selected SFS per site) 
E[P_sel(1)] = 0.003669
E[P_sel(2)] = 0.001498
E[P_sel(3)] = 0.000893
E[P_sel(4)] = 0.000618
E[P_sel(5)] = 0.000484
E[P_sel(6)] = 0.000377
E[P_sel(7)] = 0.000316
E[P_sel(8)] = 0.000256
E[P_sel(9)] = 0.000223
E[P_sel(10)] = 0.000205
E[P_sel(11)] = 0.000188
E[P_sel(12)] = 0.000163
E[P_sel(13)] = 0.000149
E[P_sel(14)] = 0.000143
E[P_sel(15)] = 0.000133
E[P_sel(16)] = 0.000128
E[P_sel(17)] = 0.000115
E[P_sel(18)] = 0.000114
E[P_sel(19)] = 0.000117

---- Expected D_neut and D_sel (neutral and selected divergence per site) 
E[D_neut] = 0.005433
E[D_sel] = 0.001664

---- Expected neutral and selected misattributed polymorphism per site
E[mis_neut] = 0.000399
E[mis_sel] = 0.000108

---- alpha_div = 0.310514
---- alpha_dfe = 0.300301



