---- Performing inference on Ns50_pa_0.001_boots/Ns50_pa_0.001.38.polyDFE.txt using model B

---- Warning: mutation variability is not used when only one neutral and one selected fragment is available.
---- No mutation variability. Using Poisson likelihood.

---- Using provided initial values


-- Starting local optimization
 it       eps_an        theta_bar      S_d            b             r  2          r  3          r  4          r  5          r  6          r  7          r  8          r  9          r 10          r 11          r 12          r 13          r 14          r 15          r 16          r 17          r 18          r 19         ln lk             grad     status
  0      4.50e-06       0.00100     -400.00000       0.40000       1.00000       1.00000       1.00000       1.00000       1.00000       1.00000       1.00000       1.00000       1.00000       1.00000       1.00000       1.00000       1.00000       1.00000       1.00000       1.00000       1.00000       1.00000  -239259.1875596964   1709.98583   -2
196      4.50e-06       0.00925    -1064.13654       0.18624       0.97792       0.96823       0.94058       0.95078       0.93271       0.91196       0.90401       0.88503       0.91280       0.91820       0.89589       0.85674       0.86859       0.95689       0.91618       0.90611       0.92625       0.98536  -193.8814359240      0.00141   -3
-- Local optimization: stuck in the same solution


---- Best joint likelihood found -193.88144 with gradient 0.00141
-- Model: B
--     eps_an        eps_cont      theta_bar     a        
--    4.50e-06      0.00e+00       0.00925       -1.00000  
--      S_d            b             p_b           S_b      
--  -1064.13654       0.18624      0.00e+00      0.00e+00  
--     r  2          r  3          r  4          r  5          r  6          r  7          r  8          r  9          r 10          r 11          r 12          r 13          r 14          r 15          r 16          r 17          r 18          r 19     
--     0.97792       0.96823       0.94058       0.95078       0.93271       0.91196       0.90401       0.88503       0.91280       0.91820       0.89589       0.85674       0.86859       0.95689       0.91618       0.90611       0.92625       0.98536  

---- Expected P_neut(i), 0 < i < n (neutral SFS per site) 
E[P_neut(1)] = 0.009249
E[P_neut(2)] = 0.004523
E[P_neut(3)] = 0.002985
E[P_neut(4)] = 0.002175
E[P_neut(5)] = 0.001759
E[P_neut(6)] = 0.001438
E[P_neut(7)] = 0.001205
E[P_neut(8)] = 0.001045
E[P_neut(9)] = 0.000910
E[P_neut(10)] = 0.000844
E[P_neut(11)] = 0.000772
E[P_neut(12)] = 0.000691
E[P_neut(13)] = 0.000610
E[P_neut(14)] = 0.000574
E[P_neut(15)] = 0.000590
E[P_neut(16)] = 0.000530
E[P_neut(17)] = 0.000493
E[P_neut(18)] = 0.000476
E[P_neut(19)] = 0.000480

---- Expected P_sel(i), 0 < i < n (selected SFS per site) 
E[P_sel(1)] = 0.003747
E[P_sel(2)] = 0.001520
E[P_sel(3)] = 0.000919
E[P_sel(4)] = 0.000633
E[P_sel(5)] = 0.000492
E[P_sel(6)] = 0.000389
E[P_sel(7)] = 0.000318
E[P_sel(8)] = 0.000270
E[P_sel(9)] = 0.000230
E[P_sel(10)] = 0.000210
E[P_sel(11)] = 0.000189
E[P_sel(12)] = 0.000167
E[P_sel(13)] = 0.000145
E[P_sel(14)] = 0.000135
E[P_sel(15)] = 0.000138
E[P_sel(16)] = 0.000122
E[P_sel(17)] = 0.000113
E[P_sel(18)] = 0.000108
E[P_sel(19)] = 0.000108

---- Expected neutral and selected misattributed polymorphism per site
E[mis_neut] = 0.000462
E[mis_sel] = 0.000103

---- alpha_div = 0.288111
---- alpha_dfe = 0.000000



