---- Performing inference on Ns50_pa_0.001_boots/Ns50_pa_0.001.84.polyDFE.txt using model B

---- Warning: mutation variability is not used when only one neutral and one selected fragment is available.
---- No mutation variability. Using Poisson likelihood.

---- Using provided initial values


-- Starting local optimization
 it       eps_an        eps_cont      lambda        theta_bar      S_d            b             p_b           S_b           r  2          r  3          r  4          r  5          r  6          r  7          r  8          r  9          r 10          r 11          r 12          r 13          r 14          r 15          r 16          r 17          r 18          r 19          r 20         ln lk             grad     status
  0      4.50e-06      9.00e-07       0.00500       0.00100     -400.00000       0.40000       0.02000       4.00000       1.00000       1.00000       1.00000       1.00000       1.00000       1.00000       1.00000       1.00000       1.00000       1.00000       1.00000       1.00000       1.00000       1.00000       1.00000       1.00000       1.00000       1.00000       1.00000  -230150.4444181326   1644.45160   -2
 83      4.49e-06      9.00e-07       0.00502       0.00939    -1662.03207       0.17579       0.00221      37.42764       0.97581       0.93486       0.92606       0.93314       0.91744       0.92606       0.87799       0.89583       0.88023       0.90253       0.84387       0.82536       0.91009       0.91678       0.90232       0.84813       0.91477       0.89518       0.86114  -236.5758289808      1.12464   -3
-- Local optimization: stuck in the same solution


---- Best joint likelihood found -236.57583 with gradient 1.12464
-- Model: B
--     eps_an        eps_cont      lambda        theta_bar     a        
--    4.49e-06      9.00e-07       0.00502       0.00939       -1.00000  
--      S_d            b             p_b           S_b      
--  -1662.03207       0.17579       0.00221      37.42764  
--     r  2          r  3          r  4          r  5          r  6          r  7          r  8          r  9          r 10          r 11          r 12          r 13          r 14          r 15          r 16          r 17          r 18          r 19          r 20     
--     0.97581       0.93486       0.92606       0.93314       0.91744       0.92606       0.87799       0.89583       0.88023       0.90253       0.84387       0.82536       0.91009       0.91678       0.90232       0.84813       0.91477       0.89518       0.86114  

---- Expected P_neut(i), 0 < i < n (neutral SFS per site) 
E[P_neut(1)] = 0.009393
E[P_neut(2)] = 0.004583
E[P_neut(3)] = 0.002927
E[P_neut(4)] = 0.002175
E[P_neut(5)] = 0.001753
E[P_neut(6)] = 0.001436
E[P_neut(7)] = 0.001243
E[P_neut(8)] = 0.001031
E[P_neut(9)] = 0.000935
E[P_neut(10)] = 0.000827
E[P_neut(11)] = 0.000771
E[P_neut(12)] = 0.000661
E[P_neut(13)] = 0.000596
E[P_neut(14)] = 0.000611
E[P_neut(15)] = 0.000574
E[P_neut(16)] = 0.000530
E[P_neut(17)] = 0.000469
E[P_neut(18)] = 0.000477
E[P_neut(19)] = 0.000443

---- Expected P_sel(i), 0 < i < n (selected SFS per site) 
E[P_sel(1)] = 0.003681
E[P_sel(2)] = 0.001506
E[P_sel(3)] = 0.000887
E[P_sel(4)] = 0.000626
E[P_sel(5)] = 0.000486
E[P_sel(6)] = 0.000387
E[P_sel(7)] = 0.000327
E[P_sel(8)] = 0.000266
E[P_sel(9)] = 0.000237
E[P_sel(10)] = 0.000207
E[P_sel(11)] = 0.000190
E[P_sel(12)] = 0.000162
E[P_sel(13)] = 0.000145
E[P_sel(14)] = 0.000147
E[P_sel(15)] = 0.000138
E[P_sel(16)] = 0.000127
E[P_sel(17)] = 0.000113
E[P_sel(18)] = 0.000117
E[P_sel(19)] = 0.000112

---- Expected D_neut and D_sel (neutral and selected divergence per site) 
E[D_neut] = 0.005423
E[D_sel] = 0.001630

---- Expected neutral and selected misattributed polymorphism per site
E[mis_neut] = 0.000404
E[mis_sel] = 0.000109

---- alpha_div = 0.283457
---- alpha_dfe = 0.273386



