---- Performing inference on Ns50_pa_0.001_boots/Ns50_pa_0.001.14.polyDFE.txt using model B

---- Warning: mutation variability is not used when only one neutral and one selected fragment is available.
---- No mutation variability. Using Poisson likelihood.

---- Using provided initial values


-- Starting local optimization
 it       eps_an        lambda        theta_bar      S_d            b             r  2          r  3          r  4          r  5          r  6          r  7          r  8          r  9          r 10          r 11          r 12          r 13          r 14          r 15          r 16          r 17          r 18          r 19          r 20         ln lk             grad     status
  0      4.50e-06       0.00500       0.00100     -400.00000       0.40000       1.00000       1.00000       1.00000       1.00000       1.00000       1.00000       1.00000       1.00000       1.00000       1.00000       1.00000       1.00000       1.00000       1.00000       1.00000       1.00000       1.00000       1.00000       1.00000  -244741.1182540540   1818.22612   -2
622      4.39e-06       0.00017       0.00939    -6184.55039       0.13706       0.96097       0.92114       0.88466       0.93295       0.90524       0.87577       0.85269       0.84367       0.83505       0.83743       0.79097       0.83438       0.85876       0.88513       0.86977       0.83289       0.91530       0.92805      12.31497  -415.4721812804      0.00318   -3
-- Local optimization: stuck in the same solution


---- Best joint likelihood found -415.47218 with gradient 0.00318
-- Model: B
--     eps_an        eps_cont      lambda        theta_bar     a        
--    4.39e-06      0.00e+00       0.00017       0.00939       -1.00000  
--      S_d            b             p_b           S_b      
--  -6184.55039       0.13706      0.00e+00      0.00e+00  
--     r  2          r  3          r  4          r  5          r  6          r  7          r  8          r  9          r 10          r 11          r 12          r 13          r 14          r 15          r 16          r 17          r 18          r 19          r 20     
--     0.96097       0.92114       0.88466       0.93295       0.90524       0.87577       0.85269       0.84367       0.83505       0.83743       0.79097       0.83438       0.85876       0.88513       0.86977       0.83289       0.91530       0.92805      12.31497  

---- Expected P_neut(i), 0 < i < n (neutral SFS per site) 
E[P_neut(1)] = 0.009389
E[P_neut(2)] = 0.004511
E[P_neut(3)] = 0.002883
E[P_neut(4)] = 0.002077
E[P_neut(5)] = 0.001752
E[P_neut(6)] = 0.001417
E[P_neut(7)] = 0.001175
E[P_neut(8)] = 0.001001
E[P_neut(9)] = 0.000880
E[P_neut(10)] = 0.000784
E[P_neut(11)] = 0.000715
E[P_neut(12)] = 0.000619
E[P_neut(13)] = 0.000603
E[P_neut(14)] = 0.000576
E[P_neut(15)] = 0.000554
E[P_neut(16)] = 0.000510
E[P_neut(17)] = 0.000460
E[P_neut(18)] = 0.000477
E[P_neut(19)] = 0.000459

---- Expected P_sel(i), 0 < i < n (selected SFS per site) 
E[P_sel(1)] = 0.003634
E[P_sel(2)] = 0.001522
E[P_sel(3)] = 0.000913
E[P_sel(4)] = 0.000631
E[P_sel(5)] = 0.000517
E[P_sel(6)] = 0.000408
E[P_sel(7)] = 0.000332
E[P_sel(8)] = 0.000278
E[P_sel(9)] = 0.000241
E[P_sel(10)] = 0.000212
E[P_sel(11)] = 0.000191
E[P_sel(12)] = 0.000164
E[P_sel(13)] = 0.000158
E[P_sel(14)] = 0.000150
E[P_sel(15)] = 0.000143
E[P_sel(16)] = 0.000131
E[P_sel(17)] = 0.000117
E[P_sel(18)] = 0.000121
E[P_sel(19)] = 0.000115

---- Expected D_neut and D_sel (neutral and selected divergence per site) 
E[D_neut] = 0.005948
E[D_sel] = 0.001487

---- Expected neutral and selected misattributed polymorphism per site
E[mis_neut] = 0.005782
E[mis_sel] = 0.001446

---- alpha_div = 1.402881
---- alpha_dfe = 0.000000



