---- Performing inference on Ns50_pa_0.001_boots/Ns50_pa_0.001.65.polyDFE.txt using model B

---- Warning: mutation variability is not used when only one neutral and one selected fragment is available.
---- No mutation variability. Using Poisson likelihood.

---- Using provided initial values


-- Starting local optimization
 it       eps_an        theta_bar      S_d            b             r  2          r  3          r  4          r  5          r  6          r  7          r  8          r  9          r 10          r 11          r 12          r 13          r 14          r 15          r 16          r 17          r 18          r 19         ln lk             grad     status
  0      4.50e-06       0.00100     -400.00000       0.40000       1.00000       1.00000       1.00000       1.00000       1.00000       1.00000       1.00000       1.00000       1.00000       1.00000       1.00000       1.00000       1.00000       1.00000       1.00000       1.00000       1.00000       1.00000  -237633.2736707404   1701.75320   -2
173      4.50e-06       0.00925    -1179.30379       0.18288       0.96872       0.96660       0.93125       0.95010       0.91395       0.92006       0.87367       0.89621       0.91865       0.91351       0.87376       0.87268       0.88059       0.92971       0.90845       0.87623       0.94305       1.00650  -195.6805559107      0.00072   -3
-- Local optimization: stuck in the same solution


---- Best joint likelihood found -195.68056 with gradient 0.00072
-- Model: B
--     eps_an        eps_cont      theta_bar     a        
--    4.50e-06      0.00e+00       0.00925       -1.00000  
--      S_d            b             p_b           S_b      
--  -1179.30379       0.18288      0.00e+00      0.00e+00  
--     r  2          r  3          r  4          r  5          r  6          r  7          r  8          r  9          r 10          r 11          r 12          r 13          r 14          r 15          r 16          r 17          r 18          r 19     
--     0.96872       0.96660       0.93125       0.95010       0.91395       0.92006       0.87367       0.89621       0.91865       0.91351       0.87376       0.87268       0.88059       0.92971       0.90845       0.87623       0.94305       1.00650  

---- Expected P_neut(i), 0 < i < n (neutral SFS per site) 
E[P_neut(1)] = 0.009253
E[P_neut(2)] = 0.004482
E[P_neut(3)] = 0.002981
E[P_neut(4)] = 0.002154
E[P_neut(5)] = 0.001758
E[P_neut(6)] = 0.001409
E[P_neut(7)] = 0.001216
E[P_neut(8)] = 0.001011
E[P_neut(9)] = 0.000921
E[P_neut(10)] = 0.000850
E[P_neut(11)] = 0.000768
E[P_neut(12)] = 0.000674
E[P_neut(13)] = 0.000621
E[P_neut(14)] = 0.000582
E[P_neut(15)] = 0.000574
E[P_neut(16)] = 0.000525
E[P_neut(17)] = 0.000477
E[P_neut(18)] = 0.000485
E[P_neut(19)] = 0.000490

---- Expected P_sel(i), 0 < i < n (selected SFS per site) 
E[P_sel(1)] = 0.003728
E[P_sel(2)] = 0.001502
E[P_sel(3)] = 0.000917
E[P_sel(4)] = 0.000627
E[P_sel(5)] = 0.000492
E[P_sel(6)] = 0.000382
E[P_sel(7)] = 0.000321
E[P_sel(8)] = 0.000261
E[P_sel(9)] = 0.000234
E[P_sel(10)] = 0.000212
E[P_sel(11)] = 0.000189
E[P_sel(12)] = 0.000163
E[P_sel(13)] = 0.000149
E[P_sel(14)] = 0.000138
E[P_sel(15)] = 0.000134
E[P_sel(16)] = 0.000122
E[P_sel(17)] = 0.000110
E[P_sel(18)] = 0.000111
E[P_sel(19)] = 0.000111

---- Expected neutral and selected misattributed polymorphism per site
E[mis_neut] = 0.000463
E[mis_sel] = 0.000104

---- alpha_div = 0.299809
---- alpha_dfe = 0.000000



