---- Performing inference on Ns50_pa_0.001_boots/Ns50_pa_0.001.74.polyDFE.txt using model B

---- Warning: mutation variability is not used when only one neutral and one selected fragment is available.
---- No mutation variability. Using Poisson likelihood.

---- Using provided initial values


-- Starting local optimization
 it       eps_an        eps_cont      lambda        theta_bar      S_d            b             p_b           S_b           r  2          r  3          r  4          r  5          r  6          r  7          r  8          r  9          r 10          r 11          r 12          r 13          r 14          r 15          r 16          r 17          r 18          r 19          r 20         ln lk             grad     status
  0      4.50e-06      9.00e-07       0.00500       0.00100     -400.00000       0.40000       0.02000       4.00000       1.00000       1.00000       1.00000       1.00000       1.00000       1.00000       1.00000       1.00000       1.00000       1.00000       1.00000       1.00000       1.00000       1.00000       1.00000       1.00000       1.00000       1.00000       1.00000  -230780.1019106684   1648.32203   -2
132      4.49e-06      9.00e-07       0.00501       0.00919     -780.85206       0.20193       0.00257      37.42294       0.99330       0.95993       0.95356       0.98474       0.92471       0.93719       0.87935       0.90033       0.93174       0.93940       0.88893       0.87879       0.91791       0.95544       0.89894       0.89974       0.92128       1.00190       0.88072  -213.2043249229      0.07119   -3
-- Local optimization: stuck in the same solution


---- Best joint likelihood found -213.20432 with gradient 0.07119
-- Model: B
--     eps_an        eps_cont      lambda        theta_bar     a        
--    4.49e-06      9.00e-07       0.00501       0.00919       -1.00000  
--      S_d            b             p_b           S_b      
--   -780.85206       0.20193       0.00257      37.42294  
--     r  2          r  3          r  4          r  5          r  6          r  7          r  8          r  9          r 10          r 11          r 12          r 13          r 14          r 15          r 16          r 17          r 18          r 19          r 20     
--     0.99330       0.95993       0.95356       0.98474       0.92471       0.93719       0.87935       0.90033       0.93174       0.93940       0.88893       0.87879       0.91791       0.95544       0.89894       0.89974       0.92128       1.00190       0.88072  

---- Expected P_neut(i), 0 < i < n (neutral SFS per site) 
E[P_neut(1)] = 0.009186
E[P_neut(2)] = 0.004562
E[P_neut(3)] = 0.002939
E[P_neut(4)] = 0.002190
E[P_neut(5)] = 0.001809
E[P_neut(6)] = 0.001416
E[P_neut(7)] = 0.001230
E[P_neut(8)] = 0.001010
E[P_neut(9)] = 0.000919
E[P_neut(10)] = 0.000856
E[P_neut(11)] = 0.000785
E[P_neut(12)] = 0.000680
E[P_neut(13)] = 0.000621
E[P_neut(14)] = 0.000602
E[P_neut(15)] = 0.000585
E[P_neut(16)] = 0.000516
E[P_neut(17)] = 0.000486
E[P_neut(18)] = 0.000470
E[P_neut(19)] = 0.000484

---- Expected P_sel(i), 0 < i < n (selected SFS per site) 
E[P_sel(1)] = 0.003746
E[P_sel(2)] = 0.001522
E[P_sel(3)] = 0.000893
E[P_sel(4)] = 0.000627
E[P_sel(5)] = 0.000496
E[P_sel(6)] = 0.000376
E[P_sel(7)] = 0.000318
E[P_sel(8)] = 0.000255
E[P_sel(9)] = 0.000228
E[P_sel(10)] = 0.000209
E[P_sel(11)] = 0.000189
E[P_sel(12)] = 0.000162
E[P_sel(13)] = 0.000146
E[P_sel(14)] = 0.000141
E[P_sel(15)] = 0.000136
E[P_sel(16)] = 0.000120
E[P_sel(17)] = 0.000114
E[P_sel(18)] = 0.000112
E[P_sel(19)] = 0.000120

---- Expected D_neut and D_sel (neutral and selected divergence per site) 
E[D_neut] = 0.005419
E[D_sel] = 0.001646

---- Expected neutral and selected misattributed polymorphism per site
E[mis_neut] = 0.000405
E[mis_sel] = 0.000108

---- alpha_div = 0.315623
---- alpha_dfe = 0.313167



