---- Performing inference on Ns50_pa_0.001_boots/Ns50_pa_0.001.86.polyDFE.txt using model B

---- Warning: mutation variability is not used when only one neutral and one selected fragment is available.
---- No mutation variability. Using Poisson likelihood.

---- Using provided initial values


-- Starting local optimization
 it       eps_an        eps_cont      lambda        theta_bar      S_d            b             p_b           S_b           r  2          r  3          r  4          r  5          r  6          r  7          r  8          r  9          r 10          r 11          r 12          r 13          r 14          r 15          r 16          r 17          r 18          r 19          r 20         ln lk             grad     status
  0      4.50e-06      9.00e-07       0.00500       0.00100     -400.00000       0.40000       0.02000       4.00000       1.00000       1.00000       1.00000       1.00000       1.00000       1.00000       1.00000       1.00000       1.00000       1.00000       1.00000       1.00000       1.00000       1.00000       1.00000       1.00000       1.00000       1.00000       1.00000  -229092.5739695521   1640.73429   -2
106      4.49e-06      9.00e-07       0.00513       0.00924    -1143.35109       0.18638       0.00216      37.42936       0.97846       0.96324       0.93603       0.97117       0.91897       0.91437       0.87531       0.88594       0.88796       0.87845       0.87798       0.85074       0.86095       0.94925       0.89913       0.89670       0.91028       0.95058       0.86891  -218.1730100532      0.80495   -3
-- Local optimization: stuck in the same solution


---- Best joint likelihood found -218.17301 with gradient 0.80495
-- Model: B
--     eps_an        eps_cont      lambda        theta_bar     a        
--    4.49e-06      9.00e-07       0.00513       0.00924       -1.00000  
--      S_d            b             p_b           S_b      
--  -1143.35109       0.18638       0.00216      37.42936  
--     r  2          r  3          r  4          r  5          r  6          r  7          r  8          r  9          r 10          r 11          r 12          r 13          r 14          r 15          r 16          r 17          r 18          r 19          r 20     
--     0.97846       0.96324       0.93603       0.97117       0.91897       0.91437       0.87531       0.88594       0.88796       0.87845       0.87798       0.85074       0.86095       0.94925       0.89913       0.89670       0.91028       0.95058       0.86891  

---- Expected P_neut(i), 0 < i < n (neutral SFS per site) 
E[P_neut(1)] = 0.009239
E[P_neut(2)] = 0.004520
E[P_neut(3)] = 0.002966
E[P_neut(4)] = 0.002162
E[P_neut(5)] = 0.001794
E[P_neut(6)] = 0.001415
E[P_neut(7)] = 0.001207
E[P_neut(8)] = 0.001011
E[P_neut(9)] = 0.000909
E[P_neut(10)] = 0.000820
E[P_neut(11)] = 0.000738
E[P_neut(12)] = 0.000676
E[P_neut(13)] = 0.000605
E[P_neut(14)] = 0.000568
E[P_neut(15)] = 0.000585
E[P_neut(16)] = 0.000519
E[P_neut(17)] = 0.000487
E[P_neut(18)] = 0.000467
E[P_neut(19)] = 0.000462

---- Expected P_sel(i), 0 < i < n (selected SFS per site) 
E[P_sel(1)] = 0.003706
E[P_sel(2)] = 0.001505
E[P_sel(3)] = 0.000906
E[P_sel(4)] = 0.000625
E[P_sel(5)] = 0.000499
E[P_sel(6)] = 0.000381
E[P_sel(7)] = 0.000317
E[P_sel(8)] = 0.000260
E[P_sel(9)] = 0.000230
E[P_sel(10)] = 0.000204
E[P_sel(11)] = 0.000181
E[P_sel(12)] = 0.000164
E[P_sel(13)] = 0.000146
E[P_sel(14)] = 0.000136
E[P_sel(15)] = 0.000139
E[P_sel(16)] = 0.000124
E[P_sel(17)] = 0.000117
E[P_sel(18)] = 0.000113
E[P_sel(19)] = 0.000116

---- Expected D_neut and D_sel (neutral and selected divergence per site) 
E[D_neut] = 0.005530
E[D_sel] = 0.001640

---- Expected neutral and selected misattributed polymorphism per site
E[mis_neut] = 0.000401
E[mis_sel] = 0.000107

---- alpha_div = 0.279730
---- alpha_dfe = 0.270678



