---- Performing inference on Ns50_pa_0.001_boots/Ns50_pa_0.001.46.polyDFE.txt using model B

---- Warning: mutation variability is not used when only one neutral and one selected fragment is available.
---- No mutation variability. Using Poisson likelihood.

---- Using provided initial values


-- Starting local optimization
 it       eps_an        eps_cont      theta_bar      S_d            b             p_b           S_b           r  2          r  3          r  4          r  5          r  6          r  7          r  8          r  9          r 10          r 11          r 12          r 13          r 14          r 15          r 16          r 17          r 18          r 19         ln lk             grad     status
  0      4.50e-06      9.00e-07       0.00100     -400.00000       0.40000       0.02000       4.00000       1.00000       1.00000       1.00000       1.00000       1.00000       1.00000       1.00000       1.00000       1.00000       1.00000       1.00000       1.00000       1.00000       1.00000       1.00000       1.00000       1.00000       1.00000  -227654.6265231746   1608.01444   -2
502      4.50e-06      9.00e-07       0.00926    -1131.17900       0.18657       0.00223       0.38101       0.97915       0.95089       0.95837       0.94169       0.92303       0.90479       0.89343       0.91502       0.87921       0.90413       0.89227       0.87489       0.89768       0.92932       0.94946       0.89178       0.96604       0.97933  -204.9834972239      0.00379   -3
-- Local optimization: stuck in the same solution


---- Best joint likelihood found -204.98350 with gradient 0.00379
-- Model: B
--     eps_an        eps_cont      theta_bar     a        
--    4.50e-06      9.00e-07       0.00926       -1.00000  
--      S_d            b             p_b           S_b      
--  -1131.17900       0.18657       0.00223       0.38101  
--     r  2          r  3          r  4          r  5          r  6          r  7          r  8          r  9          r 10          r 11          r 12          r 13          r 14          r 15          r 16          r 17          r 18          r 19     
--     0.97915       0.95089       0.95837       0.94169       0.92303       0.90479       0.89343       0.91502       0.87921       0.90413       0.89227       0.87489       0.89768       0.92932       0.94946       0.89178       0.96604       0.97933  

---- Expected P_neut(i), 0 < i < n (neutral SFS per site) 
E[P_neut(1)] = 0.009261
E[P_neut(2)] = 0.004534
E[P_neut(3)] = 0.002935
E[P_neut(4)] = 0.002219
E[P_neut(5)] = 0.001744
E[P_neut(6)] = 0.001425
E[P_neut(7)] = 0.001197
E[P_neut(8)] = 0.001034
E[P_neut(9)] = 0.000942
E[P_neut(10)] = 0.000814
E[P_neut(11)] = 0.000761
E[P_neut(12)] = 0.000689
E[P_neut(13)] = 0.000623
E[P_neut(14)] = 0.000594
E[P_neut(15)] = 0.000574
E[P_neut(16)] = 0.000550
E[P_neut(17)] = 0.000486
E[P_neut(18)] = 0.000497
E[P_neut(19)] = 0.000477

---- Expected P_sel(i), 0 < i < n (selected SFS per site) 
E[P_sel(1)] = 0.003719
E[P_sel(2)] = 0.001511
E[P_sel(3)] = 0.000897
E[P_sel(4)] = 0.000641
E[P_sel(5)] = 0.000484
E[P_sel(6)] = 0.000383
E[P_sel(7)] = 0.000314
E[P_sel(8)] = 0.000265
E[P_sel(9)] = 0.000237
E[P_sel(10)] = 0.000201
E[P_sel(11)] = 0.000185
E[P_sel(12)] = 0.000166
E[P_sel(13)] = 0.000148
E[P_sel(14)] = 0.000139
E[P_sel(15)] = 0.000133
E[P_sel(16)] = 0.000126
E[P_sel(17)] = 0.000111
E[P_sel(18)] = 0.000112
E[P_sel(19)] = 0.000107

---- Expected neutral and selected misattributed polymorphism per site
E[mis_neut] = 0.000463
E[mis_sel] = 0.000103

---- alpha_div = 0.309968
---- alpha_dfe = 0.012125



