---- Performing inference on Ns50_pa_0.001_boots/Ns50_pa_0.001.37.polyDFE.txt using model B

---- Warning: mutation variability is not used when only one neutral and one selected fragment is available.
---- No mutation variability. Using Poisson likelihood.

---- Using provided initial values


-- Starting local optimization
 it       eps_an        eps_cont      lambda        theta_bar      S_d            b             p_b           S_b           r  2          r  3          r  4          r  5          r  6          r  7          r  8          r  9          r 10          r 11          r 12          r 13          r 14          r 15          r 16          r 17          r 18          r 19          r 20         ln lk             grad     status
  0      4.50e-06      9.00e-07       0.00500       0.00100     -400.00000       0.40000       0.02000       4.00000       1.00000       1.00000       1.00000       1.00000       1.00000       1.00000       1.00000       1.00000       1.00000       1.00000       1.00000       1.00000       1.00000       1.00000       1.00000       1.00000       1.00000       1.00000       1.00000  -229135.5362348231   1639.28517   -2
104      4.49e-06      9.00e-07       0.00511       0.00931    -1053.91045       0.19166       0.00241      37.42393       0.97476       0.93926       0.93210       0.94536       0.93245       0.91312       0.91281       0.86656       0.90248       0.90896       0.86824       0.82001       0.88970       0.92523       0.93511       0.89249       0.97151       0.91897       0.89534  -227.7458698814      0.37930   -3
-- Local optimization: stuck in the same solution


---- Best joint likelihood found -227.74587 with gradient 0.37930
-- Model: B
--     eps_an        eps_cont      lambda        theta_bar     a        
--    4.49e-06      9.00e-07       0.00511       0.00931       -1.00000  
--      S_d            b             p_b           S_b      
--  -1053.91045       0.19166       0.00241      37.42393  
--     r  2          r  3          r  4          r  5          r  6          r  7          r  8          r  9          r 10          r 11          r 12          r 13          r 14          r 15          r 16          r 17          r 18          r 19          r 20     
--     0.97476       0.93926       0.93210       0.94536       0.93245       0.91312       0.91281       0.86656       0.90248       0.90896       0.86824       0.82001       0.88970       0.92523       0.93511       0.89249       0.97151       0.91897       0.89534  

---- Expected P_neut(i), 0 < i < n (neutral SFS per site) 
E[P_neut(1)] = 0.009310
E[P_neut(2)] = 0.004538
E[P_neut(3)] = 0.002915
E[P_neut(4)] = 0.002169
E[P_neut(5)] = 0.001760
E[P_neut(6)] = 0.001447
E[P_neut(7)] = 0.001214
E[P_neut(8)] = 0.001062
E[P_neut(9)] = 0.000896
E[P_neut(10)] = 0.000840
E[P_neut(11)] = 0.000769
E[P_neut(12)] = 0.000674
E[P_neut(13)] = 0.000587
E[P_neut(14)] = 0.000592
E[P_neut(15)] = 0.000574
E[P_neut(16)] = 0.000544
E[P_neut(17)] = 0.000489
E[P_neut(18)] = 0.000503
E[P_neut(19)] = 0.000450

---- Expected P_sel(i), 0 < i < n (selected SFS per site) 
E[P_sel(1)] = 0.003718
E[P_sel(2)] = 0.001497
E[P_sel(3)] = 0.000880
E[P_sel(4)] = 0.000619
E[P_sel(5)] = 0.000482
E[P_sel(6)] = 0.000384
E[P_sel(7)] = 0.000314
E[P_sel(8)] = 0.000269
E[P_sel(9)] = 0.000223
E[P_sel(10)] = 0.000206
E[P_sel(11)] = 0.000186
E[P_sel(12)] = 0.000161
E[P_sel(13)] = 0.000139
E[P_sel(14)] = 0.000139
E[P_sel(15)] = 0.000135
E[P_sel(16)] = 0.000128
E[P_sel(17)] = 0.000115
E[P_sel(18)] = 0.000120
E[P_sel(19)] = 0.000112

---- Expected D_neut and D_sel (neutral and selected divergence per site) 
E[D_neut] = 0.005525
E[D_sel] = 0.001660

---- Expected neutral and selected misattributed polymorphism per site
E[mis_neut] = 0.000417
E[mis_sel] = 0.000111

---- alpha_div = 0.306367
---- alpha_dfe = 0.297195



