---- Performing inference on Ns50_pa_0.001_boots/Ns50_pa_0.001.42.polyDFE.txt using model B

---- Warning: mutation variability is not used when only one neutral and one selected fragment is available.
---- No mutation variability. Using Poisson likelihood.

---- Using provided initial values


-- Starting local optimization
 it       eps_an        lambda        theta_bar      S_d            b             r  2          r  3          r  4          r  5          r  6          r  7          r  8          r  9          r 10          r 11          r 12          r 13          r 14          r 15          r 16          r 17          r 18          r 19          r 20         ln lk             grad     status
  0      4.50e-06       0.00500       0.00100     -400.00000       0.40000       1.00000       1.00000       1.00000       1.00000       1.00000       1.00000       1.00000       1.00000       1.00000       1.00000       1.00000       1.00000       1.00000       1.00000       1.00000       1.00000       1.00000       1.00000       1.00000  -244200.7496386238   1819.81419   -2
700      4.22e-06       0.00006       0.00943   -10647.65768       0.12658       0.95058       0.90872       0.88476       0.90910       0.86048       0.88351       0.80434       0.81550       0.82629       0.83893       0.82283       0.78898       0.80583       0.88712       0.85659       0.83390       0.88783       0.89088      12.53690  -456.0232323706      0.00333   -6
-- Local optimization: reached maximum running time allowed


---- Best joint likelihood found -456.02323 with gradient 0.00333
-- Model: B
--     eps_an        eps_cont      lambda        theta_bar     a        
--    4.22e-06      0.00e+00       0.00006       0.00943       -1.00000  
--      S_d            b             p_b           S_b      
-- -10647.65768       0.12658      0.00e+00      0.00e+00  
--     r  2          r  3          r  4          r  5          r  6          r  7          r  8          r  9          r 10          r 11          r 12          r 13          r 14          r 15          r 16          r 17          r 18          r 19          r 20     
--     0.95058       0.90872       0.88476       0.90910       0.86048       0.88351       0.80434       0.81550       0.82629       0.83893       0.82283       0.78898       0.80583       0.88712       0.85659       0.83390       0.88783       0.89088      12.53690  

---- Expected P_neut(i), 0 < i < n (neutral SFS per site) 
E[P_neut(1)] = 0.009433
E[P_neut(2)] = 0.004483
E[P_neut(3)] = 0.002857
E[P_neut(4)] = 0.002086
E[P_neut(5)] = 0.001715
E[P_neut(6)] = 0.001353
E[P_neut(7)] = 0.001191
E[P_neut(8)] = 0.000948
E[P_neut(9)] = 0.000855
E[P_neut(10)] = 0.000779
E[P_neut(11)] = 0.000719
E[P_neut(12)] = 0.000647
E[P_neut(13)] = 0.000572
E[P_neut(14)] = 0.000543
E[P_neut(15)] = 0.000558
E[P_neut(16)] = 0.000505
E[P_neut(17)] = 0.000463
E[P_neut(18)] = 0.000465
E[P_neut(19)] = 0.000442

---- Expected P_sel(i), 0 < i < n (selected SFS per site) 
E[P_sel(1)] = 0.003626
E[P_sel(2)] = 0.001519
E[P_sel(3)] = 0.000913
E[P_sel(4)] = 0.000642
E[P_sel(5)] = 0.000514
E[P_sel(6)] = 0.000396
E[P_sel(7)] = 0.000343
E[P_sel(8)] = 0.000269
E[P_sel(9)] = 0.000239
E[P_sel(10)] = 0.000216
E[P_sel(11)] = 0.000197
E[P_sel(12)] = 0.000175
E[P_sel(13)] = 0.000154
E[P_sel(14)] = 0.000145
E[P_sel(15)] = 0.000148
E[P_sel(16)] = 0.000133
E[P_sel(17)] = 0.000121
E[P_sel(18)] = 0.000121
E[P_sel(19)] = 0.000114

---- Expected D_neut and D_sel (neutral and selected divergence per site) 
E[D_neut] = 0.005973
E[D_sel] = 0.001535

---- Expected neutral and selected misattributed polymorphism per site
E[mis_neut] = 0.005913
E[mis_sel] = 0.001520

---- alpha_div = 1.629221
---- alpha_dfe = 0.000000



