---- Performing inference on Ns50_pa_0.001_boots/Ns50_pa_0.001.70.polyDFE.txt using model B

---- Warning: mutation variability is not used when only one neutral and one selected fragment is available.
---- No mutation variability. Using Poisson likelihood.

---- Using provided initial values


-- Starting local optimization
 it       eps_an        eps_cont      lambda        theta_bar      S_d            b             p_b           S_b           r  2          r  3          r  4          r  5          r  6          r  7          r  8          r  9          r 10          r 11          r 12          r 13          r 14          r 15          r 16          r 17          r 18          r 19          r 20         ln lk             grad     status
  0      4.50e-06      9.00e-07       0.00500       0.00100     -400.00000       0.40000       0.02000       4.00000       1.00000       1.00000       1.00000       1.00000       1.00000       1.00000       1.00000       1.00000       1.00000       1.00000       1.00000       1.00000       1.00000       1.00000       1.00000       1.00000       1.00000       1.00000       1.00000  -230673.7731521741   1647.11683   -2
 87      4.50e-06      9.00e-07       0.00508       0.00947    -1708.83676       0.17555       0.00233      37.42557       0.96210       0.93691       0.93100       0.92235       0.87785       0.88544       0.86152       0.86973       0.89704       0.87102       0.86285       0.87769       0.86756       0.90404       0.84184       0.84662       0.92586       0.96772       0.89469  -224.1733009062      1.05554   -3
-- Local optimization: stuck in the same solution


---- Best joint likelihood found -224.17330 with gradient 1.05554
-- Model: B
--     eps_an        eps_cont      lambda        theta_bar     a        
--    4.50e-06      9.00e-07       0.00508       0.00947       -1.00000  
--      S_d            b             p_b           S_b      
--  -1708.83676       0.17555       0.00233      37.42557  
--     r  2          r  3          r  4          r  5          r  6          r  7          r  8          r  9          r 10          r 11          r 12          r 13          r 14          r 15          r 16          r 17          r 18          r 19          r 20     
--     0.96210       0.93691       0.93100       0.92235       0.87785       0.88544       0.86152       0.86973       0.89704       0.87102       0.86285       0.87769       0.86756       0.90404       0.84184       0.84662       0.92586       0.96772       0.89469  

---- Expected P_neut(i), 0 < i < n (neutral SFS per site) 
E[P_neut(1)] = 0.009469
E[P_neut(2)] = 0.004555
E[P_neut(3)] = 0.002957
E[P_neut(4)] = 0.002204
E[P_neut(5)] = 0.001747
E[P_neut(6)] = 0.001385
E[P_neut(7)] = 0.001198
E[P_neut(8)] = 0.001020
E[P_neut(9)] = 0.000915
E[P_neut(10)] = 0.000849
E[P_neut(11)] = 0.000750
E[P_neut(12)] = 0.000681
E[P_neut(13)] = 0.000639
E[P_neut(14)] = 0.000587
E[P_neut(15)] = 0.000571
E[P_neut(16)] = 0.000498
E[P_neut(17)] = 0.000472
E[P_neut(18)] = 0.000487
E[P_neut(19)] = 0.000482

---- Expected P_sel(i), 0 < i < n (selected SFS per site) 
E[P_sel(1)] = 0.003697
E[P_sel(2)] = 0.001492
E[P_sel(3)] = 0.000893
E[P_sel(4)] = 0.000632
E[P_sel(5)] = 0.000483
E[P_sel(6)] = 0.000372
E[P_sel(7)] = 0.000314
E[P_sel(8)] = 0.000262
E[P_sel(9)] = 0.000232
E[P_sel(10)] = 0.000212
E[P_sel(11)] = 0.000185
E[P_sel(12)] = 0.000166
E[P_sel(13)] = 0.000155
E[P_sel(14)] = 0.000141
E[P_sel(15)] = 0.000137
E[P_sel(16)] = 0.000120
E[P_sel(17)] = 0.000114
E[P_sel(18)] = 0.000119
E[P_sel(19)] = 0.000122

---- Expected D_neut and D_sel (neutral and selected divergence per site) 
E[D_neut] = 0.005508
E[D_sel] = 0.001675

---- Expected neutral and selected misattributed polymorphism per site
E[mis_neut] = 0.000424
E[mis_sel] = 0.000115

---- alpha_div = 0.298358
---- alpha_dfe = 0.284327



