---- Performing inference on Ns50_pa_0.001_boots/Ns50_pa_0.001.54.polyDFE.txt using model B

---- Warning: mutation variability is not used when only one neutral and one selected fragment is available.
---- No mutation variability. Using Poisson likelihood.

---- Using provided initial values


-- Starting local optimization
 it       eps_an        eps_cont      lambda        theta_bar      S_d            b             p_b           S_b           r  2          r  3          r  4          r  5          r  6          r  7          r  8          r  9          r 10          r 11          r 12          r 13          r 14          r 15          r 16          r 17          r 18          r 19          r 20         ln lk             grad     status
  0      4.50e-06      9.00e-07       0.00500       0.00100     -400.00000       0.40000       0.02000       4.00000       1.00000       1.00000       1.00000       1.00000       1.00000       1.00000       1.00000       1.00000       1.00000       1.00000       1.00000       1.00000       1.00000       1.00000       1.00000       1.00000       1.00000       1.00000       1.00000  -229384.5480290209   1641.57063   -2
 92      4.49e-06      9.00e-07       0.00512       0.00919     -805.65203       0.19964       0.00234      37.42423       0.97989       0.96726       0.93611       0.96069       0.90655       0.93023       0.88565       0.89905       0.90483       0.91480       0.86175       0.89459       0.92477       0.97206       0.92854       0.88648       0.94312       0.97381       0.86451  -230.7358308798      0.37447   -3
-- Local optimization: stuck in the same solution


---- Best joint likelihood found -230.73583 with gradient 0.37447
-- Model: B
--     eps_an        eps_cont      lambda        theta_bar     a        
--    4.49e-06      9.00e-07       0.00512       0.00919       -1.00000  
--      S_d            b             p_b           S_b      
--   -805.65203       0.19964       0.00234      37.42423  
--     r  2          r  3          r  4          r  5          r  6          r  7          r  8          r  9          r 10          r 11          r 12          r 13          r 14          r 15          r 16          r 17          r 18          r 19          r 20     
--     0.97989       0.96726       0.93611       0.96069       0.90655       0.93023       0.88565       0.89905       0.90483       0.91480       0.86175       0.89459       0.92477       0.97206       0.92854       0.88648       0.94312       0.97381       0.86451  

---- Expected P_neut(i), 0 < i < n (neutral SFS per site) 
E[P_neut(1)] = 0.009186
E[P_neut(2)] = 0.004501
E[P_neut(3)] = 0.002962
E[P_neut(4)] = 0.002150
E[P_neut(5)] = 0.001765
E[P_neut(6)] = 0.001388
E[P_neut(7)] = 0.001221
E[P_neut(8)] = 0.001017
E[P_neut(9)] = 0.000918
E[P_neut(10)] = 0.000831
E[P_neut(11)] = 0.000764
E[P_neut(12)] = 0.000660
E[P_neut(13)] = 0.000632
E[P_neut(14)] = 0.000607
E[P_neut(15)] = 0.000595
E[P_neut(16)] = 0.000533
E[P_neut(17)] = 0.000479
E[P_neut(18)] = 0.000481
E[P_neut(19)] = 0.000471

---- Expected P_sel(i), 0 < i < n (selected SFS per site) 
E[P_sel(1)] = 0.003751
E[P_sel(2)] = 0.001507
E[P_sel(3)] = 0.000904
E[P_sel(4)] = 0.000619
E[P_sel(5)] = 0.000487
E[P_sel(6)] = 0.000370
E[P_sel(7)] = 0.000317
E[P_sel(8)] = 0.000258
E[P_sel(9)] = 0.000229
E[P_sel(10)] = 0.000204
E[P_sel(11)] = 0.000185
E[P_sel(12)] = 0.000158
E[P_sel(13)] = 0.000150
E[P_sel(14)] = 0.000143
E[P_sel(15)] = 0.000139
E[P_sel(16)] = 0.000125
E[P_sel(17)] = 0.000113
E[P_sel(18)] = 0.000115
E[P_sel(19)] = 0.000116

---- Expected D_neut and D_sel (neutral and selected divergence per site) 
E[D_neut] = 0.005516
E[D_sel] = 0.001641

---- Expected neutral and selected misattributed polymorphism per site
E[mis_neut] = 0.000397
E[mis_sel] = 0.000105

---- alpha_div = 0.300613
---- alpha_dfe = 0.291488



