---- Performing inference on Ns50_pa_0.001_boots/Ns50_pa_0.001.48.polyDFE.txt using model B

---- Warning: mutation variability is not used when only one neutral and one selected fragment is available.
---- No mutation variability. Using Poisson likelihood.

---- Using provided initial values


-- Starting local optimization
 it       eps_an        eps_cont      theta_bar      S_d            b             p_b           S_b           r  2          r  3          r  4          r  5          r  6          r  7          r  8          r  9          r 10          r 11          r 12          r 13          r 14          r 15          r 16          r 17          r 18          r 19         ln lk             grad     status
  0      4.50e-06      9.00e-07       0.00100     -400.00000       0.40000       0.02000       4.00000       1.00000       1.00000       1.00000       1.00000       1.00000       1.00000       1.00000       1.00000       1.00000       1.00000       1.00000       1.00000       1.00000       1.00000       1.00000       1.00000       1.00000       1.00000  -225739.5280572310   1598.39521   -2
593      4.43e-06      9.00e-07       0.00922    -1001.36160       0.19044       0.00203       0.29482       0.97205       0.94861       0.91768       0.96102       0.91092       0.92034       0.86509       0.87876       0.90357       0.93830       0.88605       0.89471       0.93322       0.94939       0.91524       0.89850       0.94215       1.01897  -211.2295381985      0.00140   -3
-- Local optimization: stuck in the same solution


---- Best joint likelihood found -211.22954 with gradient 0.00140
-- Model: B
--     eps_an        eps_cont      theta_bar     a        
--    4.43e-06      9.00e-07       0.00922       -1.00000  
--      S_d            b             p_b           S_b      
--  -1001.36160       0.19044       0.00203       0.29482  
--     r  2          r  3          r  4          r  5          r  6          r  7          r  8          r  9          r 10          r 11          r 12          r 13          r 14          r 15          r 16          r 17          r 18          r 19     
--     0.97205       0.94861       0.91768       0.96102       0.91092       0.92034       0.86509       0.87876       0.90357       0.93830       0.88605       0.89471       0.93322       0.94939       0.91524       0.89850       0.94215       1.01897  

---- Expected P_neut(i), 0 < i < n (neutral SFS per site) 
E[P_neut(1)] = 0.009224
E[P_neut(2)] = 0.004483
E[P_neut(3)] = 0.002917
E[P_neut(4)] = 0.002116
E[P_neut(5)] = 0.001773
E[P_neut(6)] = 0.001400
E[P_neut(7)] = 0.001213
E[P_neut(8)] = 0.000997
E[P_neut(9)] = 0.000901
E[P_neut(10)] = 0.000833
E[P_neut(11)] = 0.000787
E[P_neut(12)] = 0.000681
E[P_neut(13)] = 0.000635
E[P_neut(14)] = 0.000615
E[P_neut(15)] = 0.000584
E[P_neut(16)] = 0.000528
E[P_neut(17)] = 0.000488
E[P_neut(18)] = 0.000483
E[P_neut(19)] = 0.000495

---- Expected P_sel(i), 0 < i < n (selected SFS per site) 
E[P_sel(1)] = 0.003732
E[P_sel(2)] = 0.001499
E[P_sel(3)] = 0.000892
E[P_sel(4)] = 0.000612
E[P_sel(5)] = 0.000492
E[P_sel(6)] = 0.000376
E[P_sel(7)] = 0.000317
E[P_sel(8)] = 0.000255
E[P_sel(9)] = 0.000226
E[P_sel(10)] = 0.000206
E[P_sel(11)] = 0.000191
E[P_sel(12)] = 0.000163
E[P_sel(13)] = 0.000150
E[P_sel(14)] = 0.000144
E[P_sel(15)] = 0.000135
E[P_sel(16)] = 0.000121
E[P_sel(17)] = 0.000111
E[P_sel(18)] = 0.000109
E[P_sel(19)] = 0.000110

---- Expected neutral and selected misattributed polymorphism per site
E[mis_neut] = 0.000461
E[mis_sel] = 0.000102

---- alpha_div = 0.316288
---- alpha_dfe = 0.010680



