---- Performing inference on Ns50_pa_0.001_boots/Ns50_pa_0.001.71.polyDFE.txt using model B

---- Warning: mutation variability is not used when only one neutral and one selected fragment is available.
---- No mutation variability. Using Poisson likelihood.

---- Using provided initial values


-- Starting local optimization
 it       eps_an        eps_cont      lambda        theta_bar      S_d            b             p_b           S_b           r  2          r  3          r  4          r  5          r  6          r  7          r  8          r  9          r 10          r 11          r 12          r 13          r 14          r 15          r 16          r 17          r 18          r 19          r 20         ln lk             grad     status
  0      4.50e-06      9.00e-07       0.00500       0.00100     -400.00000       0.40000       0.02000       4.00000       1.00000       1.00000       1.00000       1.00000       1.00000       1.00000       1.00000       1.00000       1.00000       1.00000       1.00000       1.00000       1.00000       1.00000       1.00000       1.00000       1.00000       1.00000       1.00000  -230845.0220930109   1649.48269   -2
 85      4.49e-06      9.00e-07       0.00502       0.00926     -963.50574       0.19338       0.00257      37.42362       0.98249       0.96960       0.94423       0.95904       0.92069       0.91729       0.87871       0.87014       0.91529       0.91862       0.85938       0.86681       0.91960       0.93296       0.90967       0.88590       0.90044       0.96473       0.87847  -221.4368460765      0.28355   -3
-- Local optimization: stuck in the same solution


---- Best joint likelihood found -221.43685 with gradient 0.28355
-- Model: B
--     eps_an        eps_cont      lambda        theta_bar     a        
--    4.49e-06      9.00e-07       0.00502       0.00926       -1.00000  
--      S_d            b             p_b           S_b      
--   -963.50574       0.19338       0.00257      37.42362  
--     r  2          r  3          r  4          r  5          r  6          r  7          r  8          r  9          r 10          r 11          r 12          r 13          r 14          r 15          r 16          r 17          r 18          r 19          r 20     
--     0.98249       0.96960       0.94423       0.95904       0.92069       0.91729       0.87871       0.87014       0.91529       0.91862       0.85938       0.86681       0.91960       0.93296       0.90967       0.88590       0.90044       0.96473       0.87847  

---- Expected P_neut(i), 0 < i < n (neutral SFS per site) 
E[P_neut(1)] = 0.009255
E[P_neut(2)] = 0.004546
E[P_neut(3)] = 0.002991
E[P_neut(4)] = 0.002185
E[P_neut(5)] = 0.001775
E[P_neut(6)] = 0.001420
E[P_neut(7)] = 0.001213
E[P_neut(8)] = 0.001017
E[P_neut(9)] = 0.000895
E[P_neut(10)] = 0.000847
E[P_neut(11)] = 0.000773
E[P_neut(12)] = 0.000663
E[P_neut(13)] = 0.000617
E[P_neut(14)] = 0.000608
E[P_neut(15)] = 0.000576
E[P_neut(16)] = 0.000526
E[P_neut(17)] = 0.000482
E[P_neut(18)] = 0.000463
E[P_neut(19)] = 0.000470

---- Expected P_sel(i), 0 < i < n (selected SFS per site) 
E[P_sel(1)] = 0.003735
E[P_sel(2)] = 0.001514
E[P_sel(3)] = 0.000910
E[P_sel(4)] = 0.000628
E[P_sel(5)] = 0.000490
E[P_sel(6)] = 0.000380
E[P_sel(7)] = 0.000316
E[P_sel(8)] = 0.000259
E[P_sel(9)] = 0.000224
E[P_sel(10)] = 0.000209
E[P_sel(11)] = 0.000188
E[P_sel(12)] = 0.000160
E[P_sel(13)] = 0.000147
E[P_sel(14)] = 0.000144
E[P_sel(15)] = 0.000136
E[P_sel(16)] = 0.000124
E[P_sel(17)] = 0.000115
E[P_sel(18)] = 0.000112
E[P_sel(19)] = 0.000118

---- Expected D_neut and D_sel (neutral and selected divergence per site) 
E[D_neut] = 0.005426
E[D_sel] = 0.001668

---- Expected neutral and selected misattributed polymorphism per site
E[mis_neut] = 0.000407
E[mis_sel] = 0.000110

---- alpha_div = 0.314510
---- alpha_dfe = 0.309799



