---- Performing inference on Ns50_pa_0.001_boots/Ns50_pa_0.001.82.polyDFE.txt using model B

---- Warning: mutation variability is not used when only one neutral and one selected fragment is available.
---- No mutation variability. Using Poisson likelihood.

---- Using provided initial values


-- Starting local optimization
 it       eps_an        theta_bar      S_d            b             r  2          r  3          r  4          r  5          r  6          r  7          r  8          r  9          r 10          r 11          r 12          r 13          r 14          r 15          r 16          r 17          r 18          r 19         ln lk             grad     status
  0      4.50e-06       0.00100     -400.00000       0.40000       1.00000       1.00000       1.00000       1.00000       1.00000       1.00000       1.00000       1.00000       1.00000       1.00000       1.00000       1.00000       1.00000       1.00000       1.00000       1.00000       1.00000       1.00000  -235448.1249992848   1689.45859   -2
151      4.50e-06       0.00915     -897.16935       0.19402       0.98668       0.96147       0.96674       0.94783       0.93152       0.92917       0.89256       0.88960       0.92908       0.92351       0.88480       0.83955       0.92778       0.93677       0.94720       0.86906       0.95755       1.02219  -200.8423481912      0.00235   -3
-- Local optimization: stuck in the same solution


---- Best joint likelihood found -200.84235 with gradient 0.00235
-- Model: B
--     eps_an        eps_cont      theta_bar     a        
--    4.50e-06      0.00e+00       0.00915       -1.00000  
--      S_d            b             p_b           S_b      
--   -897.16935       0.19402      0.00e+00      0.00e+00  
--     r  2          r  3          r  4          r  5          r  6          r  7          r  8          r  9          r 10          r 11          r 12          r 13          r 14          r 15          r 16          r 17          r 18          r 19     
--     0.98668       0.96147       0.96674       0.94783       0.93152       0.92917       0.89256       0.88960       0.92908       0.92351       0.88480       0.83955       0.92778       0.93677       0.94720       0.86906       0.95755       1.02219  

---- Expected P_neut(i), 0 < i < n (neutral SFS per site) 
E[P_neut(1)] = 0.009149
E[P_neut(2)] = 0.004514
E[P_neut(3)] = 0.002932
E[P_neut(4)] = 0.002211
E[P_neut(5)] = 0.001734
E[P_neut(6)] = 0.001420
E[P_neut(7)] = 0.001214
E[P_neut(8)] = 0.001021
E[P_neut(9)] = 0.000904
E[P_neut(10)] = 0.000850
E[P_neut(11)] = 0.000768
E[P_neut(12)] = 0.000675
E[P_neut(13)] = 0.000591
E[P_neut(14)] = 0.000606
E[P_neut(15)] = 0.000571
E[P_neut(16)] = 0.000542
E[P_neut(17)] = 0.000468
E[P_neut(18)] = 0.000487
E[P_neut(19)] = 0.000492

---- Expected P_sel(i), 0 < i < n (selected SFS per site) 
E[P_sel(1)] = 0.003718
E[P_sel(2)] = 0.001510
E[P_sel(3)] = 0.000895
E[P_sel(4)] = 0.000637
E[P_sel(5)] = 0.000479
E[P_sel(6)] = 0.000379
E[P_sel(7)] = 0.000316
E[P_sel(8)] = 0.000259
E[P_sel(9)] = 0.000225
E[P_sel(10)] = 0.000208
E[P_sel(11)] = 0.000185
E[P_sel(12)] = 0.000160
E[P_sel(13)] = 0.000138
E[P_sel(14)] = 0.000140
E[P_sel(15)] = 0.000131
E[P_sel(16)] = 0.000123
E[P_sel(17)] = 0.000105
E[P_sel(18)] = 0.000108
E[P_sel(19)] = 0.000108

---- Expected neutral and selected misattributed polymorphism per site
E[mis_neut] = 0.000457
E[mis_sel] = 0.000100

---- alpha_div = 0.322315
---- alpha_dfe = 0.000000



