---- Performing inference on Ns50_pa_0.001_boots/Ns50_pa_0.001.14.polyDFE.txt using model B

---- Warning: mutation variability is not used when only one neutral and one selected fragment is available.
---- No mutation variability. Using Poisson likelihood.

---- Using provided initial values


-- Starting local optimization
 it       eps_an        eps_cont      theta_bar      S_d            b             p_b           S_b           r  2          r  3          r  4          r  5          r  6          r  7          r  8          r  9          r 10          r 11          r 12          r 13          r 14          r 15          r 16          r 17          r 18          r 19         ln lk             grad     status
  0      4.50e-06      9.00e-07       0.00100     -400.00000       0.40000       0.02000       4.00000       1.00000       1.00000       1.00000       1.00000       1.00000       1.00000       1.00000       1.00000       1.00000       1.00000       1.00000       1.00000       1.00000       1.00000       1.00000       1.00000       1.00000       1.00000  -226288.8948691040   1600.61207   -2
979      4.43e-06      9.00e-07       0.00918     -643.32346       0.26805       0.08832       0.09778       0.99620       0.96721       0.93489       0.98971       0.96272       0.93298       0.90948       0.90062       0.89197       0.89488       0.84549       0.89204       0.91818       0.94640       0.92991       0.89041       0.97837       0.99177  -193.9605577651      0.00429   -3
-- Local optimization: stuck in the same solution


---- Best joint likelihood found -193.96056 with gradient 0.00429
-- Model: B
--     eps_an        eps_cont      theta_bar     a        
--    4.43e-06      9.00e-07       0.00918       -1.00000  
--      S_d            b             p_b           S_b      
--   -643.32346       0.26805       0.08832       0.09778  
--     r  2          r  3          r  4          r  5          r  6          r  7          r  8          r  9          r 10          r 11          r 12          r 13          r 14          r 15          r 16          r 17          r 18          r 19     
--     0.99620       0.96721       0.93489       0.98971       0.96272       0.93298       0.90948       0.90062       0.89197       0.89488       0.84549       0.89204       0.91818       0.94640       0.92991       0.89041       0.97837       0.99177  

---- Expected P_neut(i), 0 < i < n (neutral SFS per site) 
E[P_neut(1)] = 0.009179
E[P_neut(2)] = 0.004572
E[P_neut(3)] = 0.002959
E[P_neut(4)] = 0.002145
E[P_neut(5)] = 0.001817
E[P_neut(6)] = 0.001473
E[P_neut(7)] = 0.001223
E[P_neut(8)] = 0.001044
E[P_neut(9)] = 0.000919
E[P_neut(10)] = 0.000819
E[P_neut(11)] = 0.000747
E[P_neut(12)] = 0.000647
E[P_neut(13)] = 0.000630
E[P_neut(14)] = 0.000602
E[P_neut(15)] = 0.000579
E[P_neut(16)] = 0.000534
E[P_neut(17)] = 0.000481
E[P_neut(18)] = 0.000499
E[P_neut(19)] = 0.000479

---- Expected P_sel(i), 0 < i < n (selected SFS per site) 
E[P_sel(1)] = 0.003704
E[P_sel(2)] = 0.001502
E[P_sel(3)] = 0.000887
E[P_sel(4)] = 0.000608
E[P_sel(5)] = 0.000495
E[P_sel(6)] = 0.000390
E[P_sel(7)] = 0.000316
E[P_sel(8)] = 0.000264
E[P_sel(9)] = 0.000229
E[P_sel(10)] = 0.000201
E[P_sel(11)] = 0.000181
E[P_sel(12)] = 0.000155
E[P_sel(13)] = 0.000149
E[P_sel(14)] = 0.000141
E[P_sel(15)] = 0.000135
E[P_sel(16)] = 0.000123
E[P_sel(17)] = 0.000110
E[P_sel(18)] = 0.000114
E[P_sel(19)] = 0.000109

---- Expected neutral and selected misattributed polymorphism per site
E[mis_neut] = 0.000459
E[mis_sel] = 0.000103

---- alpha_div = 0.578912
---- alpha_dfe = 0.413968



