---- Performing inference on Ns50_pa_0.001_boots/Ns50_pa_0.001.66.polyDFE.txt using model B

---- Warning: mutation variability is not used when only one neutral and one selected fragment is available.
---- No mutation variability. Using Poisson likelihood.

---- Using provided initial values


-- Starting local optimization
 it       eps_an        eps_cont      lambda        theta_bar      S_d            b             p_b           S_b           r  2          r  3          r  4          r  5          r  6          r  7          r  8          r  9          r 10          r 11          r 12          r 13          r 14          r 15          r 16          r 17          r 18          r 19          r 20         ln lk             grad     status
  0      4.50e-06      9.00e-07       0.00500       0.00100     -400.00000       0.40000       0.02000       4.00000       1.00000       1.00000       1.00000       1.00000       1.00000       1.00000       1.00000       1.00000       1.00000       1.00000       1.00000       1.00000       1.00000       1.00000       1.00000       1.00000       1.00000       1.00000       1.00000  -229019.6732406085   1640.81094   -2
 93      4.50e-06      9.00e-07       0.00502       0.00914     -749.66154       0.20292       0.00263      37.41854       0.98070       0.97364       0.96029       0.95568       0.93194       0.93292       0.89944       0.90383       0.92704       0.92498       0.89140       0.85487       0.87515       0.97635       0.91580       0.91265       0.92155       0.95261       1.02738  -215.7235991841      0.51868   -3
-- Local optimization: stuck in the same solution


---- Best joint likelihood found -215.72360 with gradient 0.51868
-- Model: B
--     eps_an        eps_cont      lambda        theta_bar     a        
--    4.50e-06      9.00e-07       0.00502       0.00914       -1.00000  
--      S_d            b             p_b           S_b      
--   -749.66154       0.20292       0.00263      37.41854  
--     r  2          r  3          r  4          r  5          r  6          r  7          r  8          r  9          r 10          r 11          r 12          r 13          r 14          r 15          r 16          r 17          r 18          r 19          r 20     
--     0.98070       0.97364       0.96029       0.95568       0.93194       0.93292       0.89944       0.90383       0.92704       0.92498       0.89140       0.85487       0.87515       0.97635       0.91580       0.91265       0.92155       0.95261       1.02738  

---- Expected P_neut(i), 0 < i < n (neutral SFS per site) 
E[P_neut(1)] = 0.009140
E[P_neut(2)] = 0.004482
E[P_neut(3)] = 0.002966
E[P_neut(4)] = 0.002194
E[P_neut(5)] = 0.001747
E[P_neut(6)] = 0.001420
E[P_neut(7)] = 0.001218
E[P_neut(8)] = 0.001028
E[P_neut(9)] = 0.000918
E[P_neut(10)] = 0.000847
E[P_neut(11)] = 0.000769
E[P_neut(12)] = 0.000679
E[P_neut(13)] = 0.000601
E[P_neut(14)] = 0.000571
E[P_neut(15)] = 0.000595
E[P_neut(16)] = 0.000523
E[P_neut(17)] = 0.000491
E[P_neut(18)] = 0.000468
E[P_neut(19)] = 0.000458

---- Expected P_sel(i), 0 < i < n (selected SFS per site) 
E[P_sel(1)] = 0.003744
E[P_sel(2)] = 0.001501
E[P_sel(3)] = 0.000904
E[P_sel(4)] = 0.000630
E[P_sel(5)] = 0.000481
E[P_sel(6)] = 0.000378
E[P_sel(7)] = 0.000315
E[P_sel(8)] = 0.000260
E[P_sel(9)] = 0.000228
E[P_sel(10)] = 0.000207
E[P_sel(11)] = 0.000185
E[P_sel(12)] = 0.000162
E[P_sel(13)] = 0.000142
E[P_sel(14)] = 0.000134
E[P_sel(15)] = 0.000139
E[P_sel(16)] = 0.000122
E[P_sel(17)] = 0.000115
E[P_sel(18)] = 0.000112
E[P_sel(19)] = 0.000114

---- Expected D_neut and D_sel (neutral and selected divergence per site) 
E[D_neut] = 0.005492
E[D_sel] = 0.001679

---- Expected neutral and selected misattributed polymorphism per site
E[mis_neut] = 0.000470
E[mis_sel] = 0.000126

---- alpha_div = 0.328941
---- alpha_dfe = 0.317874



