---- Performing inference on Ns50_pa_0.001_boots/Ns50_pa_0.001.99.polyDFE.txt using model B

---- Warning: mutation variability is not used when only one neutral and one selected fragment is available.
---- No mutation variability. Using Poisson likelihood.

---- Using provided initial values


-- Starting local optimization
 it       eps_an        eps_cont      lambda        theta_bar      S_d            b             p_b           S_b           r  2          r  3          r  4          r  5          r  6          r  7          r  8          r  9          r 10          r 11          r 12          r 13          r 14          r 15          r 16          r 17          r 18          r 19          r 20         ln lk             grad     status
  0      4.50e-06      9.00e-07       0.00500       0.00100     -400.00000       0.40000       0.02000       4.00000       1.00000       1.00000       1.00000       1.00000       1.00000       1.00000       1.00000       1.00000       1.00000       1.00000       1.00000       1.00000       1.00000       1.00000       1.00000       1.00000       1.00000       1.00000       1.00000  -229732.7175705315   1642.60384   -2
112      4.49e-06      9.00e-07       0.00504       0.00921     -689.12130       0.20750       0.00260      37.42797       0.97626       0.96293       0.94997       0.96350       0.96060       0.90943       0.88733       0.88921       0.94289       0.90597       0.88651       0.85804       0.90164       0.93183       0.92891       0.88674       0.90448       0.95386       0.87518  -213.5335766340      0.17754   -3
-- Local optimization: stuck in the same solution


---- Best joint likelihood found -213.53358 with gradient 0.17754
-- Model: B
--     eps_an        eps_cont      lambda        theta_bar     a        
--    4.49e-06      9.00e-07       0.00504       0.00921       -1.00000  
--      S_d            b             p_b           S_b      
--   -689.12130       0.20750       0.00260      37.42797  
--     r  2          r  3          r  4          r  5          r  6          r  7          r  8          r  9          r 10          r 11          r 12          r 13          r 14          r 15          r 16          r 17          r 18          r 19          r 20     
--     0.97626       0.96293       0.94997       0.96350       0.96060       0.90943       0.88733       0.88921       0.94289       0.90597       0.88651       0.85804       0.90164       0.93183       0.92891       0.88674       0.90448       0.95386       0.87518  

---- Expected P_neut(i), 0 < i < n (neutral SFS per site) 
E[P_neut(1)] = 0.009211
E[P_neut(2)] = 0.004496
E[P_neut(3)] = 0.002957
E[P_neut(4)] = 0.002188
E[P_neut(5)] = 0.001775
E[P_neut(6)] = 0.001475
E[P_neut(7)] = 0.001197
E[P_neut(8)] = 0.001022
E[P_neut(9)] = 0.000910
E[P_neut(10)] = 0.000869
E[P_neut(11)] = 0.000759
E[P_neut(12)] = 0.000680
E[P_neut(13)] = 0.000608
E[P_neut(14)] = 0.000593
E[P_neut(15)] = 0.000572
E[P_neut(16)] = 0.000535
E[P_neut(17)] = 0.000480
E[P_neut(18)] = 0.000463
E[P_neut(19)] = 0.000462

---- Expected P_sel(i), 0 < i < n (selected SFS per site) 
E[P_sel(1)] = 0.003779
E[P_sel(2)] = 0.001502
E[P_sel(3)] = 0.000897
E[P_sel(4)] = 0.000624
E[P_sel(5)] = 0.000485
E[P_sel(6)] = 0.000389
E[P_sel(7)] = 0.000307
E[P_sel(8)] = 0.000256
E[P_sel(9)] = 0.000224
E[P_sel(10)] = 0.000210
E[P_sel(11)] = 0.000181
E[P_sel(12)] = 0.000160
E[P_sel(13)] = 0.000142
E[P_sel(14)] = 0.000138
E[P_sel(15)] = 0.000132
E[P_sel(16)] = 0.000124
E[P_sel(17)] = 0.000112
E[P_sel(18)] = 0.000110
E[P_sel(19)] = 0.000114

---- Expected D_neut and D_sel (neutral and selected divergence per site) 
E[D_neut] = 0.005442
E[D_sel] = 0.001647

---- Expected neutral and selected misattributed polymorphism per site
E[mis_neut] = 0.000403
E[mis_sel] = 0.000107

---- alpha_div = 0.324541
---- alpha_dfe = 0.318905



