---- Performing inference on Ns50_pa_0.001_boots/Ns50_pa_0.001.25.polyDFE.txt using model B

---- Warning: mutation variability is not used when only one neutral and one selected fragment is available.
---- No mutation variability. Using Poisson likelihood.

---- Using provided initial values


-- Starting local optimization
 it       eps_an        eps_cont      theta_bar      S_d            b             p_b           S_b           r  2          r  3          r  4          r  5          r  6          r  7          r  8          r  9          r 10          r 11          r 12          r 13          r 14          r 15          r 16          r 17          r 18          r 19         ln lk             grad     status
  0      4.50e-06      9.00e-07       0.00100     -400.00000       0.40000       0.02000       4.00000       1.00000       1.00000       1.00000       1.00000       1.00000       1.00000       1.00000       1.00000       1.00000       1.00000       1.00000       1.00000       1.00000       1.00000       1.00000       1.00000       1.00000       1.00000  -226686.9338186018   1603.07083   -2
683      4.45e-06      9.00e-07       0.00926     -905.69558       0.19556       0.00258       6.99185       0.97107       0.95484       0.93397       0.96326       0.93152       0.89842       0.89603       0.89096       0.90917       0.90359       0.86823       0.85635       0.87556       0.91842       0.92858       0.88684       0.97031       0.94295  -197.3927285639      0.00071   -3
-- Local optimization: stuck in the same solution


---- Best joint likelihood found -197.39273 with gradient 0.00071
-- Model: B
--     eps_an        eps_cont      theta_bar     a        
--    4.45e-06      9.00e-07       0.00926       -1.00000  
--      S_d            b             p_b           S_b      
--   -905.69558       0.19556       0.00258       6.99185  
--     r  2          r  3          r  4          r  5          r  6          r  7          r  8          r  9          r 10          r 11          r 12          r 13          r 14          r 15          r 16          r 17          r 18          r 19     
--     0.97107       0.95484       0.93397       0.96326       0.93152       0.89842       0.89603       0.89096       0.90917       0.90359       0.86823       0.85635       0.87556       0.91842       0.92858       0.88684       0.97031       0.94295  

---- Expected P_neut(i), 0 < i < n (neutral SFS per site) 
E[P_neut(1)] = 0.009256
E[P_neut(2)] = 0.004494
E[P_neut(3)] = 0.002946
E[P_neut(4)] = 0.002161
E[P_neut(5)] = 0.001783
E[P_neut(6)] = 0.001437
E[P_neut(7)] = 0.001188
E[P_neut(8)] = 0.001037
E[P_neut(9)] = 0.000916
E[P_neut(10)] = 0.000842
E[P_neut(11)] = 0.000760
E[P_neut(12)] = 0.000670
E[P_neut(13)] = 0.000610
E[P_neut(14)] = 0.000579
E[P_neut(15)] = 0.000567
E[P_neut(16)] = 0.000537
E[P_neut(17)] = 0.000483
E[P_neut(18)] = 0.000499
E[P_neut(19)] = 0.000459

---- Expected P_sel(i), 0 < i < n (selected SFS per site) 
E[P_sel(1)] = 0.003750
E[P_sel(2)] = 0.001499
E[P_sel(3)] = 0.000897
E[P_sel(4)] = 0.000622
E[P_sel(5)] = 0.000492
E[P_sel(6)] = 0.000384
E[P_sel(7)] = 0.000309
E[P_sel(8)] = 0.000264
E[P_sel(9)] = 0.000229
E[P_sel(10)] = 0.000207
E[P_sel(11)] = 0.000185
E[P_sel(12)] = 0.000161
E[P_sel(13)] = 0.000145
E[P_sel(14)] = 0.000136
E[P_sel(15)] = 0.000132
E[P_sel(16)] = 0.000125
E[P_sel(17)] = 0.000112
E[P_sel(18)] = 0.000115
E[P_sel(19)] = 0.000106

---- Expected neutral and selected misattributed polymorphism per site
E[mis_neut] = 0.000463
E[mis_sel] = 0.000107

---- alpha_div = 0.322519
---- alpha_dfe = 0.078093



