---- Performing inference on Ns50_pa_0.001_boots/Ns50_pa_0.001.23.polyDFE.txt using model B

---- Warning: mutation variability is not used when only one neutral and one selected fragment is available.
---- No mutation variability. Using Poisson likelihood.

---- Using provided initial values


-- Starting local optimization
 it       eps_an        eps_cont      lambda        theta_bar      S_d            b             p_b           S_b           r  2          r  3          r  4          r  5          r  6          r  7          r  8          r  9          r 10          r 11          r 12          r 13          r 14          r 15          r 16          r 17          r 18          r 19          r 20         ln lk             grad     status
  0      4.50e-06      9.00e-07       0.00500       0.00100     -400.00000       0.40000       0.02000       4.00000       1.00000       1.00000       1.00000       1.00000       1.00000       1.00000       1.00000       1.00000       1.00000       1.00000       1.00000       1.00000       1.00000       1.00000       1.00000       1.00000       1.00000       1.00000       1.00000  -227304.0625626256   1631.26975   -2
123      4.49e-06      9.00e-07       0.00508       0.00911     -655.35330       0.21018       0.00266      37.42743       0.99561       0.95873       0.94203       0.95395       0.94482       0.92870       0.90367       0.89543       0.92062       0.93370       0.89932       0.89645       0.90094       0.93911       0.92319       0.90746       0.96289       0.99222       0.89263  -214.0009457824      0.10208   -3
-- Local optimization: stuck in the same solution


---- Best joint likelihood found -214.00095 with gradient 0.10208
-- Model: B
--     eps_an        eps_cont      lambda        theta_bar     a        
--    4.49e-06      9.00e-07       0.00508       0.00911       -1.00000  
--      S_d            b             p_b           S_b      
--   -655.35330       0.21018       0.00266      37.42743  
--     r  2          r  3          r  4          r  5          r  6          r  7          r  8          r  9          r 10          r 11          r 12          r 13          r 14          r 15          r 16          r 17          r 18          r 19          r 20     
--     0.99561       0.95873       0.94203       0.95395       0.94482       0.92870       0.90367       0.89543       0.92062       0.93370       0.89932       0.89645       0.90094       0.93911       0.92319       0.90746       0.96289       0.99222       0.89263  

---- Expected P_neut(i), 0 < i < n (neutral SFS per site) 
E[P_neut(1)] = 0.009109
E[P_neut(2)] = 0.004534
E[P_neut(3)] = 0.002911
E[P_neut(4)] = 0.002145
E[P_neut(5)] = 0.001738
E[P_neut(6)] = 0.001434
E[P_neut(7)] = 0.001208
E[P_neut(8)] = 0.001029
E[P_neut(9)] = 0.000906
E[P_neut(10)] = 0.000839
E[P_neut(11)] = 0.000773
E[P_neut(12)] = 0.000683
E[P_neut(13)] = 0.000628
E[P_neut(14)] = 0.000586
E[P_neut(15)] = 0.000570
E[P_neut(16)] = 0.000526
E[P_neut(17)] = 0.000486
E[P_neut(18)] = 0.000487
E[P_neut(19)] = 0.000476

---- Expected P_sel(i), 0 < i < n (selected SFS per site) 
E[P_sel(1)] = 0.003743
E[P_sel(2)] = 0.001513
E[P_sel(3)] = 0.000881
E[P_sel(4)] = 0.000610
E[P_sel(5)] = 0.000473
E[P_sel(6)] = 0.000377
E[P_sel(7)] = 0.000309
E[P_sel(8)] = 0.000257
E[P_sel(9)] = 0.000222
E[P_sel(10)] = 0.000202
E[P_sel(11)] = 0.000184
E[P_sel(12)] = 0.000160
E[P_sel(13)] = 0.000146
E[P_sel(14)] = 0.000135
E[P_sel(15)] = 0.000131
E[P_sel(16)] = 0.000121
E[P_sel(17)] = 0.000113
E[P_sel(18)] = 0.000115
E[P_sel(19)] = 0.000117

---- Expected D_neut and D_sel (neutral and selected divergence per site) 
E[D_neut] = 0.005490
E[D_sel] = 0.001664

---- Expected neutral and selected misattributed polymorphism per site
E[mis_neut] = 0.000407
E[mis_sel] = 0.000108

---- alpha_div = 0.328714
---- alpha_dfe = 0.324770



