---- Performing inference on Ns50_pa_0.001_boots/Ns50_pa_0.001.3.polyDFE.txt using model B

---- Warning: mutation variability is not used when only one neutral and one selected fragment is available.
---- No mutation variability. Using Poisson likelihood.

---- Using provided initial values


-- Starting local optimization
 it       eps_an        eps_cont      theta_bar      S_d            b             p_b           S_b           r  2          r  3          r  4          r  5          r  6          r  7          r  8          r  9          r 10          r 11          r 12          r 13          r 14          r 15          r 16          r 17          r 18          r 19         ln lk             grad     status
  0      4.50e-06      9.00e-07       0.00100     -400.00000       0.40000       0.02000       4.00000       1.00000       1.00000       1.00000       1.00000       1.00000       1.00000       1.00000       1.00000       1.00000       1.00000       1.00000       1.00000       1.00000       1.00000       1.00000       1.00000       1.00000       1.00000  -226083.4720159623   1600.23634   -2
423      4.49e-06      9.00e-07       0.00919    -1025.53376       0.19010       0.00193       0.19666       0.98001       0.97578       0.94056       0.94282       0.91510       0.94158       0.89672       0.86937       0.88891       0.94423       0.88210       0.87649       0.93269       0.95087       0.93040       0.88255       0.96496       1.04177  -192.7826497107      0.00095   -3
-- Local optimization: stuck in the same solution


---- Best joint likelihood found -192.78265 with gradient 0.00095
-- Model: B
--     eps_an        eps_cont      theta_bar     a        
--    4.49e-06      9.00e-07       0.00919       -1.00000  
--      S_d            b             p_b           S_b      
--  -1025.53376       0.19010       0.00193       0.19666  
--     r  2          r  3          r  4          r  5          r  6          r  7          r  8          r  9          r 10          r 11          r 12          r 13          r 14          r 15          r 16          r 17          r 18          r 19     
--     0.98001       0.97578       0.94056       0.94282       0.91510       0.94158       0.89672       0.86937       0.88891       0.94423       0.88210       0.87649       0.93269       0.95087       0.93040       0.88255       0.96496       1.04177  

---- Expected P_neut(i), 0 < i < n (neutral SFS per site) 
E[P_neut(1)] = 0.009190
E[P_neut(2)] = 0.004503
E[P_neut(3)] = 0.002989
E[P_neut(4)] = 0.002161
E[P_neut(5)] = 0.001733
E[P_neut(6)] = 0.001402
E[P_neut(7)] = 0.001236
E[P_neut(8)] = 0.001030
E[P_neut(9)] = 0.000888
E[P_neut(10)] = 0.000817
E[P_neut(11)] = 0.000789
E[P_neut(12)] = 0.000676
E[P_neut(13)] = 0.000620
E[P_neut(14)] = 0.000612
E[P_neut(15)] = 0.000583
E[P_neut(16)] = 0.000534
E[P_neut(17)] = 0.000477
E[P_neut(18)] = 0.000493
E[P_neut(19)] = 0.000504

---- Expected P_sel(i), 0 < i < n (selected SFS per site) 
E[P_sel(1)] = 0.003706
E[P_sel(2)] = 0.001502
E[P_sel(3)] = 0.000912
E[P_sel(4)] = 0.000623
E[P_sel(5)] = 0.000479
E[P_sel(6)] = 0.000375
E[P_sel(7)] = 0.000322
E[P_sel(8)] = 0.000263
E[P_sel(9)] = 0.000222
E[P_sel(10)] = 0.000201
E[P_sel(11)] = 0.000191
E[P_sel(12)] = 0.000161
E[P_sel(13)] = 0.000146
E[P_sel(14)] = 0.000143
E[P_sel(15)] = 0.000134
E[P_sel(16)] = 0.000122
E[P_sel(17)] = 0.000108
E[P_sel(18)] = 0.000110
E[P_sel(19)] = 0.000112

---- Expected neutral and selected misattributed polymorphism per site
E[mis_neut] = 0.000460
E[mis_sel] = 0.000101

---- alpha_div = 0.305852
---- alpha_dfe = 0.009722



