---- Performing inference on Ns50_pa_0.001_boots/Ns50_pa_0.001.31.polyDFE.txt using model B

---- Warning: mutation variability is not used when only one neutral and one selected fragment is available.
---- No mutation variability. Using Poisson likelihood.

---- Using provided initial values


-- Starting local optimization
 it       eps_an        lambda        theta_bar      S_d            b             r  2          r  3          r  4          r  5          r  6          r  7          r  8          r  9          r 10          r 11          r 12          r 13          r 14          r 15          r 16          r 17          r 18          r 19          r 20         ln lk             grad     status
  0      4.50e-06       0.00500       0.00100     -400.00000       0.40000       1.00000       1.00000       1.00000       1.00000       1.00000       1.00000       1.00000       1.00000       1.00000       1.00000       1.00000       1.00000       1.00000       1.00000       1.00000       1.00000       1.00000       1.00000       1.00000  -245383.2151514314   1820.33697   -2
760      4.17e-06       0.00005       0.00941    -6012.14657       0.13772       0.96339       0.93293       0.89836       0.91151       0.87943       0.87484       0.83032       0.84138       0.84718       0.85354       0.83407       0.80800       0.83816       0.87485       0.86077       0.88528       0.90655       0.94928      12.43326  -429.4640394086      0.01892   -6
-- Local optimization: reached maximum running time allowed


---- Best joint likelihood found -429.46404 with gradient 0.01892
-- Model: B
--     eps_an        eps_cont      lambda        theta_bar     a        
--    4.17e-06      0.00e+00       0.00005       0.00941       -1.00000  
--      S_d            b             p_b           S_b      
--  -6012.14657       0.13772      0.00e+00      0.00e+00  
--     r  2          r  3          r  4          r  5          r  6          r  7          r  8          r  9          r 10          r 11          r 12          r 13          r 14          r 15          r 16          r 17          r 18          r 19          r 20     
--     0.96339       0.93293       0.89836       0.91151       0.87943       0.87484       0.83032       0.84138       0.84718       0.85354       0.83407       0.80800       0.83816       0.87485       0.86077       0.88528       0.90655       0.94928      12.43326  

---- Expected P_neut(i), 0 < i < n (neutral SFS per site) 
E[P_neut(1)] = 0.009408
E[P_neut(2)] = 0.004532
E[P_neut(3)] = 0.002926
E[P_neut(4)] = 0.002113
E[P_neut(5)] = 0.001715
E[P_neut(6)] = 0.001379
E[P_neut(7)] = 0.001176
E[P_neut(8)] = 0.000976
E[P_neut(9)] = 0.000879
E[P_neut(10)] = 0.000797
E[P_neut(11)] = 0.000730
E[P_neut(12)] = 0.000654
E[P_neut(13)] = 0.000585
E[P_neut(14)] = 0.000563
E[P_neut(15)] = 0.000549
E[P_neut(16)] = 0.000506
E[P_neut(17)] = 0.000490
E[P_neut(18)] = 0.000474
E[P_neut(19)] = 0.000470

---- Expected P_sel(i), 0 < i < n (selected SFS per site) 
E[P_sel(1)] = 0.003642
E[P_sel(2)] = 0.001528
E[P_sel(3)] = 0.000925
E[P_sel(4)] = 0.000642
E[P_sel(5)] = 0.000505
E[P_sel(6)] = 0.000397
E[P_sel(7)] = 0.000332
E[P_sel(8)] = 0.000271
E[P_sel(9)] = 0.000241
E[P_sel(10)] = 0.000216
E[P_sel(11)] = 0.000195
E[P_sel(12)] = 0.000173
E[P_sel(13)] = 0.000153
E[P_sel(14)] = 0.000146
E[P_sel(15)] = 0.000142
E[P_sel(16)] = 0.000130
E[P_sel(17)] = 0.000125
E[P_sel(18)] = 0.000120
E[P_sel(19)] = 0.000118

---- Expected D_neut and D_sel (neutral and selected divergence per site) 
E[D_neut] = 0.005901
E[D_sel] = 0.001473

---- Expected neutral and selected misattributed polymorphism per site
E[mis_neut] = 0.005848
E[mis_sel] = 0.001460

---- alpha_div = 1.622165
---- alpha_dfe = 0.000000



