---- Performing inference on Ns50_pa_0.001_boots/Ns50_pa_0.001.8.polyDFE.txt using model B

---- Warning: mutation variability is not used when only one neutral and one selected fragment is available.
---- No mutation variability. Using Poisson likelihood.

---- Using provided initial values


-- Starting local optimization
 it       eps_an        theta_bar      S_d            b             r  2          r  3          r  4          r  5          r  6          r  7          r  8          r  9          r 10          r 11          r 12          r 13          r 14          r 15          r 16          r 17          r 18          r 19         ln lk             grad     status
  0      4.50e-06       0.00100     -400.00000       0.40000       1.00000       1.00000       1.00000       1.00000       1.00000       1.00000       1.00000       1.00000       1.00000       1.00000       1.00000       1.00000       1.00000       1.00000       1.00000       1.00000       1.00000       1.00000  -237144.6106278069   1698.02559   -2
215      4.50e-06       0.00929    -1176.60156       0.18423       0.97343       0.96463       0.92751       0.93671       0.91386       0.89769       0.89072       0.88285       0.90445       0.89889       0.89674       0.86141       0.90059       0.93296       0.89601       0.89818       0.94188       1.00528  -194.5295331354      0.00129   -3
-- Local optimization: stuck in the same solution


---- Best joint likelihood found -194.52953 with gradient 0.00129
-- Model: B
--     eps_an        eps_cont      theta_bar     a        
--    4.50e-06      0.00e+00       0.00929       -1.00000  
--      S_d            b             p_b           S_b      
--  -1176.60156       0.18423      0.00e+00      0.00e+00  
--     r  2          r  3          r  4          r  5          r  6          r  7          r  8          r  9          r 10          r 11          r 12          r 13          r 14          r 15          r 16          r 17          r 18          r 19     
--     0.97343       0.96463       0.92751       0.93671       0.91386       0.89769       0.89072       0.88285       0.90445       0.89889       0.89674       0.86141       0.90059       0.93296       0.89601       0.89818       0.94188       1.00528  

---- Expected P_neut(i), 0 < i < n (neutral SFS per site) 
E[P_neut(1)] = 0.009285
E[P_neut(2)] = 0.004519
E[P_neut(3)] = 0.002986
E[P_neut(4)] = 0.002153
E[P_neut(5)] = 0.001739
E[P_neut(6)] = 0.001414
E[P_neut(7)] = 0.001191
E[P_neut(8)] = 0.001034
E[P_neut(9)] = 0.000911
E[P_neut(10)] = 0.000840
E[P_neut(11)] = 0.000759
E[P_neut(12)] = 0.000694
E[P_neut(13)] = 0.000615
E[P_neut(14)] = 0.000597
E[P_neut(15)] = 0.000578
E[P_neut(16)] = 0.000520
E[P_neut(17)] = 0.000491
E[P_neut(18)] = 0.000486
E[P_neut(19)] = 0.000491

---- Expected P_sel(i), 0 < i < n (selected SFS per site) 
E[P_sel(1)] = 0.003723
E[P_sel(2)] = 0.001505
E[P_sel(3)] = 0.000912
E[P_sel(4)] = 0.000622
E[P_sel(5)] = 0.000483
E[P_sel(6)] = 0.000380
E[P_sel(7)] = 0.000312
E[P_sel(8)] = 0.000265
E[P_sel(9)] = 0.000229
E[P_sel(10)] = 0.000208
E[P_sel(11)] = 0.000185
E[P_sel(12)] = 0.000167
E[P_sel(13)] = 0.000146
E[P_sel(14)] = 0.000140
E[P_sel(15)] = 0.000134
E[P_sel(16)] = 0.000120
E[P_sel(17)] = 0.000112
E[P_sel(18)] = 0.000110
E[P_sel(19)] = 0.000110

---- Expected neutral and selected misattributed polymorphism per site
E[mis_neut] = 0.000464
E[mis_sel] = 0.000103

---- alpha_div = 0.287425
---- alpha_dfe = 0.000000



