---- Performing inference on Ns50_pa_0.001_boots/Ns50_pa_0.001.66.polyDFE.txt using model B

---- Warning: mutation variability is not used when only one neutral and one selected fragment is available.
---- No mutation variability. Using Poisson likelihood.

---- Using provided initial values


-- Starting local optimization
 it       eps_an        eps_cont      theta_bar      S_d            b             p_b           S_b           r  2          r  3          r  4          r  5          r  6          r  7          r  8          r  9          r 10          r 11          r 12          r 13          r 14          r 15          r 16          r 17          r 18          r 19         ln lk             grad     status
  0      4.50e-06      9.00e-07       0.00100     -400.00000       0.40000       0.02000       4.00000       1.00000       1.00000       1.00000       1.00000       1.00000       1.00000       1.00000       1.00000       1.00000       1.00000       1.00000       1.00000       1.00000       1.00000       1.00000       1.00000       1.00000       1.00000  -226149.8188803031   1600.91236   -2
380      4.49e-06      9.00e-07       0.00916     -819.80372       0.19741       0.00152       0.25832       0.97674       0.96877       0.95522       0.95007       0.92810       0.92889       0.89409       0.89905       0.92020       0.92174       0.89136       0.85427       0.87624       0.98119       0.92545       0.92683       0.94301       0.99030  -196.3209095420      0.00892   -3
-- Local optimization: stuck in the same solution


---- Best joint likelihood found -196.32091 with gradient 0.00892
-- Model: B
--     eps_an        eps_cont      theta_bar     a        
--    4.49e-06      9.00e-07       0.00916       -1.00000  
--      S_d            b             p_b           S_b      
--   -819.80372       0.19741       0.00152       0.25832  
--     r  2          r  3          r  4          r  5          r  6          r  7          r  8          r  9          r 10          r 11          r 12          r 13          r 14          r 15          r 16          r 17          r 18          r 19     
--     0.97674       0.96877       0.95522       0.95007       0.92810       0.92889       0.89409       0.89905       0.92020       0.92174       0.89136       0.85427       0.87624       0.98119       0.92545       0.92683       0.94301       0.99030  

---- Expected P_neut(i), 0 < i < n (neutral SFS per site) 
E[P_neut(1)] = 0.009159
E[P_neut(2)] = 0.004473
E[P_neut(3)] = 0.002958
E[P_neut(4)] = 0.002187
E[P_neut(5)] = 0.001740
E[P_neut(6)] = 0.001417
E[P_neut(7)] = 0.001215
E[P_neut(8)] = 0.001024
E[P_neut(9)] = 0.000915
E[P_neut(10)] = 0.000843
E[P_neut(11)] = 0.000767
E[P_neut(12)] = 0.000680
E[P_neut(13)] = 0.000602
E[P_neut(14)] = 0.000573
E[P_neut(15)] = 0.000599
E[P_neut(16)] = 0.000530
E[P_neut(17)] = 0.000499
E[P_neut(18)] = 0.000480
E[P_neut(19)] = 0.000477

---- Expected P_sel(i), 0 < i < n (selected SFS per site) 
E[P_sel(1)] = 0.003750
E[P_sel(2)] = 0.001504
E[P_sel(3)] = 0.000907
E[P_sel(4)] = 0.000632
E[P_sel(5)] = 0.000482
E[P_sel(6)] = 0.000379
E[P_sel(7)] = 0.000316
E[P_sel(8)] = 0.000260
E[P_sel(9)] = 0.000228
E[P_sel(10)] = 0.000206
E[P_sel(11)] = 0.000185
E[P_sel(12)] = 0.000162
E[P_sel(13)] = 0.000141
E[P_sel(14)] = 0.000133
E[P_sel(15)] = 0.000137
E[P_sel(16)] = 0.000120
E[P_sel(17)] = 0.000112
E[P_sel(18)] = 0.000107
E[P_sel(19)] = 0.000105

---- Expected neutral and selected misattributed polymorphism per site
E[mis_neut] = 0.000458
E[mis_sel] = 0.000100

---- alpha_div = 0.324773
---- alpha_dfe = 0.007971



