---- Performing inference on Ns50_pa_0.001_boots/Ns50_pa_0.001.99.polyDFE.txt using model B

---- Warning: mutation variability is not used when only one neutral and one selected fragment is available.
---- No mutation variability. Using Poisson likelihood.

---- Using provided initial values


-- Starting local optimization
 it       eps_an        lambda        theta_bar      S_d            b             r  2          r  3          r  4          r  5          r  6          r  7          r  8          r  9          r 10          r 11          r 12          r 13          r 14          r 15          r 16          r 17          r 18          r 19          r 20         ln lk             grad     status
  0      4.50e-06       0.00500       0.00100     -400.00000       0.40000       1.00000       1.00000       1.00000       1.00000       1.00000       1.00000       1.00000       1.00000       1.00000       1.00000       1.00000       1.00000       1.00000       1.00000       1.00000       1.00000       1.00000       1.00000       1.00000  -245474.0282408247   1821.86154   -2
523      4.28e-06       0.00015       0.00944    -4587.25413       0.14185       0.94374       0.91731       0.89745       0.90575       0.89953       0.84910       0.82652       0.82685       0.87573       0.84065       0.82274       0.79653       0.83749       0.86721       0.86794       0.83346       0.85861       0.92206      12.27153  -419.8593350114      0.00500   -3
-- Local optimization: stuck in the same solution


---- Best joint likelihood found -419.85934 with gradient 0.00500
-- Model: B
--     eps_an        eps_cont      lambda        theta_bar     a        
--    4.28e-06      0.00e+00       0.00015       0.00944       -1.00000  
--      S_d            b             p_b           S_b      
--  -4587.25413       0.14185      0.00e+00      0.00e+00  
--     r  2          r  3          r  4          r  5          r  6          r  7          r  8          r  9          r 10          r 11          r 12          r 13          r 14          r 15          r 16          r 17          r 18          r 19          r 20     
--     0.94374       0.91731       0.89745       0.90575       0.89953       0.84910       0.82652       0.82685       0.87573       0.84065       0.82274       0.79653       0.83749       0.86721       0.86794       0.83346       0.85861       0.92206      12.27153  

---- Expected P_neut(i), 0 < i < n (neutral SFS per site) 
E[P_neut(1)] = 0.009436
E[P_neut(2)] = 0.004452
E[P_neut(3)] = 0.002885
E[P_neut(4)] = 0.002117
E[P_neut(5)] = 0.001709
E[P_neut(6)] = 0.001415
E[P_neut(7)] = 0.001145
E[P_neut(8)] = 0.000975
E[P_neut(9)] = 0.000867
E[P_neut(10)] = 0.000826
E[P_neut(11)] = 0.000721
E[P_neut(12)] = 0.000647
E[P_neut(13)] = 0.000578
E[P_neut(14)] = 0.000564
E[P_neut(15)] = 0.000546
E[P_neut(16)] = 0.000512
E[P_neut(17)] = 0.000463
E[P_neut(18)] = 0.000450
E[P_neut(19)] = 0.000458

---- Expected P_sel(i), 0 < i < n (selected SFS per site) 
E[P_sel(1)] = 0.003705
E[P_sel(2)] = 0.001517
E[P_sel(3)] = 0.000920
E[P_sel(4)] = 0.000647
E[P_sel(5)] = 0.000507
E[P_sel(6)] = 0.000409
E[P_sel(7)] = 0.000325
E[P_sel(8)] = 0.000272
E[P_sel(9)] = 0.000238
E[P_sel(10)] = 0.000224
E[P_sel(11)] = 0.000193
E[P_sel(12)] = 0.000172
E[P_sel(13)] = 0.000152
E[P_sel(14)] = 0.000147
E[P_sel(15)] = 0.000141
E[P_sel(16)] = 0.000131
E[P_sel(17)] = 0.000118
E[P_sel(18)] = 0.000114
E[P_sel(19)] = 0.000115

---- Expected D_neut and D_sel (neutral and selected divergence per site) 
E[D_neut] = 0.005936
E[D_sel] = 0.001482

---- Expected neutral and selected misattributed polymorphism per site
E[mis_neut] = 0.005790
E[mis_sel] = 0.001446

---- alpha_div = 1.439619
---- alpha_dfe = 0.000000



