---- Performing inference on Ns50_pa_0.001_boots/Ns50_pa_0.001.80.polyDFE.txt using model B

---- Warning: mutation variability is not used when only one neutral and one selected fragment is available.
---- No mutation variability. Using Poisson likelihood.

---- Using provided initial values


-- Starting local optimization
 it       eps_an        eps_cont      theta_bar      S_d            b             p_b           S_b           r  2          r  3          r  4          r  5          r  6          r  7          r  8          r  9          r 10          r 11          r 12          r 13          r 14          r 15          r 16          r 17          r 18          r 19         ln lk             grad     status
  0      4.50e-06      9.00e-07       0.00100     -400.00000       0.40000       0.02000       4.00000       1.00000       1.00000       1.00000       1.00000       1.00000       1.00000       1.00000       1.00000       1.00000       1.00000       1.00000       1.00000       1.00000       1.00000       1.00000       1.00000       1.00000       1.00000  -226230.3014584272   1599.38042   -2
266      4.48e-06      9.00e-07       0.00921     -902.82858       0.19770       0.00231       0.36966       0.98792       0.95267       0.94788       0.98959       0.94684       0.95258       0.88505       0.91013       0.90261       0.91348       0.88328       0.89597       0.91071       0.92038       0.94542       0.90044       0.96883       1.01059  -192.0268717033      0.01389   -3
-- Local optimization: stuck in the same solution


---- Best joint likelihood found -192.02687 with gradient 0.01389
-- Model: B
--     eps_an        eps_cont      theta_bar     a        
--    4.48e-06      9.00e-07       0.00921       -1.00000  
--      S_d            b             p_b           S_b      
--   -902.82858       0.19770       0.00231       0.36966  
--     r  2          r  3          r  4          r  5          r  6          r  7          r  8          r  9          r 10          r 11          r 12          r 13          r 14          r 15          r 16          r 17          r 18          r 19     
--     0.98792       0.95267       0.94788       0.98959       0.94684       0.95258       0.88505       0.91013       0.90261       0.91348       0.88328       0.89597       0.91071       0.92038       0.94542       0.90044       0.96883       1.01059  

---- Expected P_neut(i), 0 < i < n (neutral SFS per site) 
E[P_neut(1)] = 0.009214
E[P_neut(2)] = 0.004551
E[P_neut(3)] = 0.002926
E[P_neut(4)] = 0.002183
E[P_neut(5)] = 0.001824
E[P_neut(6)] = 0.001454
E[P_neut(7)] = 0.001254
E[P_neut(8)] = 0.001019
E[P_neut(9)] = 0.000932
E[P_neut(10)] = 0.000832
E[P_neut(11)] = 0.000765
E[P_neut(12)] = 0.000678
E[P_neut(13)] = 0.000635
E[P_neut(14)] = 0.000599
E[P_neut(15)] = 0.000565
E[P_neut(16)] = 0.000544
E[P_neut(17)] = 0.000488
E[P_neut(18)] = 0.000496
E[P_neut(19)] = 0.000490

---- Expected P_sel(i), 0 < i < n (selected SFS per site) 
E[P_sel(1)] = 0.003705
E[P_sel(2)] = 0.001502
E[P_sel(3)] = 0.000881
E[P_sel(4)] = 0.000620
E[P_sel(5)] = 0.000496
E[P_sel(6)] = 0.000382
E[P_sel(7)] = 0.000321
E[P_sel(8)] = 0.000255
E[P_sel(9)] = 0.000228
E[P_sel(10)] = 0.000200
E[P_sel(11)] = 0.000181
E[P_sel(12)] = 0.000158
E[P_sel(13)] = 0.000146
E[P_sel(14)] = 0.000136
E[P_sel(15)] = 0.000127
E[P_sel(16)] = 0.000121
E[P_sel(17)] = 0.000108
E[P_sel(18)] = 0.000108
E[P_sel(19)] = 0.000106

---- Expected neutral and selected misattributed polymorphism per site
E[mis_neut] = 0.000461
E[mis_sel] = 0.000099

---- alpha_div = 0.332291
---- alpha_dfe = 0.012970



