---- Performing inference on Ns50_pa_0.001_boots/Ns50_pa_0.001.48.polyDFE.txt using model B

---- Warning: mutation variability is not used when only one neutral and one selected fragment is available.
---- No mutation variability. Using Poisson likelihood.

---- Using provided initial values


-- Starting local optimization
 it       eps_an        eps_cont      lambda        theta_bar      S_d            b             p_b           S_b           r  2          r  3          r  4          r  5          r  6          r  7          r  8          r  9          r 10          r 11          r 12          r 13          r 14          r 15          r 16          r 17          r 18          r 19          r 20         ln lk             grad     status
  0      4.50e-06      9.00e-07       0.00500       0.00100     -400.00000       0.40000       0.02000       4.00000       1.00000       1.00000       1.00000       1.00000       1.00000       1.00000       1.00000       1.00000       1.00000       1.00000       1.00000       1.00000       1.00000       1.00000       1.00000       1.00000       1.00000       1.00000       1.00000  -228344.7496709676   1636.01657   -2
127      4.49e-06      9.00e-07       0.00493       0.00923     -925.72139       0.19531       0.00261      37.42989       0.97406       0.95096       0.92000       0.96389       0.91358       0.92269       0.86680       0.88007       0.90430       0.93827       0.88480       0.89239       0.92885       0.94207       0.90403       0.88097       0.91428       0.97050       0.88157  -231.9336264560      0.18864   -3
-- Local optimization: stuck in the same solution


---- Best joint likelihood found -231.93363 with gradient 0.18864
-- Model: B
--     eps_an        eps_cont      lambda        theta_bar     a        
--    4.49e-06      9.00e-07       0.00493       0.00923       -1.00000  
--      S_d            b             p_b           S_b      
--   -925.72139       0.19531       0.00261      37.42989  
--     r  2          r  3          r  4          r  5          r  6          r  7          r  8          r  9          r 10          r 11          r 12          r 13          r 14          r 15          r 16          r 17          r 18          r 19          r 20     
--     0.97406       0.95096       0.92000       0.96389       0.91358       0.92269       0.86680       0.88007       0.90430       0.93827       0.88480       0.89239       0.92885       0.94207       0.90403       0.88097       0.91428       0.97050       0.88157  

---- Expected P_neut(i), 0 < i < n (neutral SFS per site) 
E[P_neut(1)] = 0.009232
E[P_neut(2)] = 0.004496
E[P_neut(3)] = 0.002926
E[P_neut(4)] = 0.002123
E[P_neut(5)] = 0.001780
E[P_neut(6)] = 0.001406
E[P_neut(7)] = 0.001217
E[P_neut(8)] = 0.001000
E[P_neut(9)] = 0.000903
E[P_neut(10)] = 0.000835
E[P_neut(11)] = 0.000787
E[P_neut(12)] = 0.000681
E[P_neut(13)] = 0.000634
E[P_neut(14)] = 0.000612
E[P_neut(15)] = 0.000580
E[P_neut(16)] = 0.000522
E[P_neut(17)] = 0.000478
E[P_neut(18)] = 0.000469
E[P_neut(19)] = 0.000472

---- Expected P_sel(i), 0 < i < n (selected SFS per site) 
E[P_sel(1)] = 0.003728
E[P_sel(2)] = 0.001495
E[P_sel(3)] = 0.000889
E[P_sel(4)] = 0.000609
E[P_sel(5)] = 0.000490
E[P_sel(6)] = 0.000375
E[P_sel(7)] = 0.000316
E[P_sel(8)] = 0.000254
E[P_sel(9)] = 0.000225
E[P_sel(10)] = 0.000205
E[P_sel(11)] = 0.000191
E[P_sel(12)] = 0.000163
E[P_sel(13)] = 0.000151
E[P_sel(14)] = 0.000145
E[P_sel(15)] = 0.000136
E[P_sel(16)] = 0.000123
E[P_sel(17)] = 0.000113
E[P_sel(18)] = 0.000113
E[P_sel(19)] = 0.000118

---- Expected D_neut and D_sel (neutral and selected divergence per site) 
E[D_neut] = 0.005338
E[D_sel] = 0.001642

---- Expected neutral and selected misattributed polymorphism per site
E[mis_neut] = 0.000407
E[mis_sel] = 0.000110

---- alpha_div = 0.318425
---- alpha_dfe = 0.314394



