---- Performing inference on Ns50_pa_0.001_boots/Ns50_pa_0.001.55.polyDFE.txt using model B

---- Warning: mutation variability is not used when only one neutral and one selected fragment is available.
---- No mutation variability. Using Poisson likelihood.

---- Using provided initial values


-- Starting local optimization
 it       eps_an        lambda        theta_bar      S_d            b             r  2          r  3          r  4          r  5          r  6          r  7          r  8          r  9          r 10          r 11          r 12          r 13          r 14          r 15          r 16          r 17          r 18          r 19          r 20         ln lk             grad     status
  0      4.50e-06       0.00500       0.00100     -400.00000       0.40000       1.00000       1.00000       1.00000       1.00000       1.00000       1.00000       1.00000       1.00000       1.00000       1.00000       1.00000       1.00000       1.00000       1.00000       1.00000       1.00000       1.00000       1.00000       1.00000  -243728.1589643833   1816.64076   -2
654      4.35e-06       0.00009       0.00932    -6030.75791       0.13630       0.95791       0.90759       0.89480       0.90645       0.88045       0.86734       0.83899       0.82670       0.87105       0.88620       0.86463       0.84406       0.86116       0.83376       0.89801       0.88030       0.86404       0.94801      12.63333  -413.9193195275      0.06465   -6
-- Local optimization: reached maximum running time allowed


---- Best joint likelihood found -413.91932 with gradient 0.06465
-- Model: B
--     eps_an        eps_cont      lambda        theta_bar     a        
--    4.35e-06      0.00e+00       0.00009       0.00932       -1.00000  
--      S_d            b             p_b           S_b      
--  -6030.75791       0.13630      0.00e+00      0.00e+00  
--     r  2          r  3          r  4          r  5          r  6          r  7          r  8          r  9          r 10          r 11          r 12          r 13          r 14          r 15          r 16          r 17          r 18          r 19          r 20     
--     0.95791       0.90759       0.89480       0.90645       0.88045       0.86734       0.83899       0.82670       0.87105       0.88620       0.86463       0.84406       0.86116       0.83376       0.89801       0.88030       0.86404       0.94801      12.63333  

---- Expected P_neut(i), 0 < i < n (neutral SFS per site) 
E[P_neut(1)] = 0.009322
E[P_neut(2)] = 0.004465
E[P_neut(3)] = 0.002820
E[P_neut(4)] = 0.002085
E[P_neut(5)] = 0.001690
E[P_neut(6)] = 0.001368
E[P_neut(7)] = 0.001155
E[P_neut(8)] = 0.000978
E[P_neut(9)] = 0.000856
E[P_neut(10)] = 0.000812
E[P_neut(11)] = 0.000751
E[P_neut(12)] = 0.000672
E[P_neut(13)] = 0.000605
E[P_neut(14)] = 0.000573
E[P_neut(15)] = 0.000518
E[P_neut(16)] = 0.000523
E[P_neut(17)] = 0.000483
E[P_neut(18)] = 0.000447
E[P_neut(19)] = 0.000465

---- Expected P_sel(i), 0 < i < n (selected SFS per site) 
E[P_sel(1)] = 0.003637
E[P_sel(2)] = 0.001520
E[P_sel(3)] = 0.000901
E[P_sel(4)] = 0.000640
E[P_sel(5)] = 0.000503
E[P_sel(6)] = 0.000398
E[P_sel(7)] = 0.000330
E[P_sel(8)] = 0.000275
E[P_sel(9)] = 0.000237
E[P_sel(10)] = 0.000222
E[P_sel(11)] = 0.000203
E[P_sel(12)] = 0.000180
E[P_sel(13)] = 0.000161
E[P_sel(14)] = 0.000151
E[P_sel(15)] = 0.000135
E[P_sel(16)] = 0.000136
E[P_sel(17)] = 0.000124
E[P_sel(18)] = 0.000114
E[P_sel(19)] = 0.000118

---- Expected D_neut and D_sel (neutral and selected divergence per site) 
E[D_neut] = 0.005980
E[D_sel] = 0.001511

---- Expected neutral and selected misattributed polymorphism per site
E[mis_neut] = 0.005888
E[mis_sel] = 0.001488

---- alpha_div = 1.542922
---- alpha_dfe = 0.000000



