---- Performing inference on Ns50_pa_0.001_boots/Ns50_pa_0.001.29.polyDFE.txt using model B

---- Warning: mutation variability is not used when only one neutral and one selected fragment is available.
---- No mutation variability. Using Poisson likelihood.

---- Using provided initial values


-- Starting local optimization
 it       eps_an        lambda        theta_bar      S_d            b             r  2          r  3          r  4          r  5          r  6          r  7          r  8          r  9          r 10          r 11          r 12          r 13          r 14          r 15          r 16          r 17          r 18          r 19          r 20         ln lk             grad     status
  0      4.50e-06       0.00500       0.00100     -400.00000       0.40000       1.00000       1.00000       1.00000       1.00000       1.00000       1.00000       1.00000       1.00000       1.00000       1.00000       1.00000       1.00000       1.00000       1.00000       1.00000       1.00000       1.00000       1.00000       1.00000  -246453.4322143990   1828.13336   -2
625      4.22e-06       0.00003       0.00944    -5080.26336       0.13949       0.95385       0.92234       0.89026       0.90368       0.87414       0.86514       0.84246       0.84593       0.83577       0.84827       0.80622       0.80208       0.82923       0.87124       0.86127       0.81401       0.88209       0.92714      12.56005  -462.7669884161      0.00347   -6
-- Local optimization: reached maximum running time allowed


---- Best joint likelihood found -462.76699 with gradient 0.00347
-- Model: B
--     eps_an        eps_cont      lambda        theta_bar     a        
--    4.22e-06      0.00e+00       0.00003       0.00944       -1.00000  
--      S_d            b             p_b           S_b      
--  -5080.26336       0.13949      0.00e+00      0.00e+00  
--     r  2          r  3          r  4          r  5          r  6          r  7          r  8          r  9          r 10          r 11          r 12          r 13          r 14          r 15          r 16          r 17          r 18          r 19          r 20     
--     0.95385       0.92234       0.89026       0.90368       0.87414       0.86514       0.84246       0.84593       0.83577       0.84827       0.80622       0.80208       0.82923       0.87124       0.86127       0.81401       0.88209       0.92714      12.56005  

---- Expected P_neut(i), 0 < i < n (neutral SFS per site) 
E[P_neut(1)] = 0.009437
E[P_neut(2)] = 0.004501
E[P_neut(3)] = 0.002902
E[P_neut(4)] = 0.002100
E[P_neut(5)] = 0.001706
E[P_neut(6)] = 0.001375
E[P_neut(7)] = 0.001166
E[P_neut(8)] = 0.000994
E[P_neut(9)] = 0.000887
E[P_neut(10)] = 0.000789
E[P_neut(11)] = 0.000728
E[P_neut(12)] = 0.000634
E[P_neut(13)] = 0.000582
E[P_neut(14)] = 0.000559
E[P_neut(15)] = 0.000548
E[P_neut(16)] = 0.000508
E[P_neut(17)] = 0.000452
E[P_neut(18)] = 0.000462
E[P_neut(19)] = 0.000461

---- Expected P_sel(i), 0 < i < n (selected SFS per site) 
E[P_sel(1)] = 0.003701
E[P_sel(2)] = 0.001535
E[P_sel(3)] = 0.000927
E[P_sel(4)] = 0.000644
E[P_sel(5)] = 0.000507
E[P_sel(6)] = 0.000399
E[P_sel(7)] = 0.000332
E[P_sel(8)] = 0.000278
E[P_sel(9)] = 0.000245
E[P_sel(10)] = 0.000215
E[P_sel(11)] = 0.000196
E[P_sel(12)] = 0.000169
E[P_sel(13)] = 0.000154
E[P_sel(14)] = 0.000146
E[P_sel(15)] = 0.000142
E[P_sel(16)] = 0.000131
E[P_sel(17)] = 0.000116
E[P_sel(18)] = 0.000118
E[P_sel(19)] = 0.000116

---- Expected D_neut and D_sel (neutral and selected divergence per site) 
E[D_neut] = 0.005960
E[D_sel] = 0.001498

---- Expected neutral and selected misattributed polymorphism per site
E[mis_neut] = 0.005927
E[mis_sel] = 0.001490

---- alpha_div = 1.675280
---- alpha_dfe = 0.000000



