---- Performing inference on Ns50_pa_0.001_boots/Ns50_pa_0.001.83.polyDFE.txt using model B

---- Warning: mutation variability is not used when only one neutral and one selected fragment is available.
---- No mutation variability. Using Poisson likelihood.

---- Using provided initial values


-- Starting local optimization
 it       eps_an        eps_cont      lambda        theta_bar      S_d            b             p_b           S_b           r  2          r  3          r  4          r  5          r  6          r  7          r  8          r  9          r 10          r 11          r 12          r 13          r 14          r 15          r 16          r 17          r 18          r 19          r 20         ln lk             grad     status
  0      4.50e-06      9.00e-07       0.00500       0.00100     -400.00000       0.40000       0.02000       4.00000       1.00000       1.00000       1.00000       1.00000       1.00000       1.00000       1.00000       1.00000       1.00000       1.00000       1.00000       1.00000       1.00000       1.00000       1.00000       1.00000       1.00000       1.00000       1.00000  -228742.1539402662   1637.79634   -2
115      4.49e-06      9.00e-07       0.00508       0.00928     -894.23241       0.19779       0.00259      37.42929       0.98065       0.96067       0.91542       0.94733       0.92956       0.90971       0.88739       0.88597       0.87642       0.91217       0.88184       0.87301       0.89133       0.93579       0.85700       0.86743       0.91017       0.96173       0.88298  -209.7466048720      0.92070   -3
-- Local optimization: stuck in the same solution


---- Best joint likelihood found -209.74660 with gradient 0.92070
-- Model: B
--     eps_an        eps_cont      lambda        theta_bar     a        
--    4.49e-06      9.00e-07       0.00508       0.00928       -1.00000  
--      S_d            b             p_b           S_b      
--   -894.23241       0.19779       0.00259      37.42929  
--     r  2          r  3          r  4          r  5          r  6          r  7          r  8          r  9          r 10          r 11          r 12          r 13          r 14          r 15          r 16          r 17          r 18          r 19          r 20     
--     0.98065       0.96067       0.91542       0.94733       0.92956       0.90971       0.88739       0.88597       0.87642       0.91217       0.88184       0.87301       0.89133       0.93579       0.85700       0.86743       0.91017       0.96173       0.88298  

---- Expected P_neut(i), 0 < i < n (neutral SFS per site) 
E[P_neut(1)] = 0.009281
E[P_neut(2)] = 0.004551
E[P_neut(3)] = 0.002972
E[P_neut(4)] = 0.002124
E[P_neut(5)] = 0.001758
E[P_neut(6)] = 0.001438
E[P_neut(7)] = 0.001206
E[P_neut(8)] = 0.001029
E[P_neut(9)] = 0.000914
E[P_neut(10)] = 0.000813
E[P_neut(11)] = 0.000770
E[P_neut(12)] = 0.000682
E[P_neut(13)] = 0.000623
E[P_neut(14)] = 0.000591
E[P_neut(15)] = 0.000579
E[P_neut(16)] = 0.000497
E[P_neut(17)] = 0.000474
E[P_neut(18)] = 0.000469
E[P_neut(19)] = 0.000470

---- Expected P_sel(i), 0 < i < n (selected SFS per site) 
E[P_sel(1)] = 0.003740
E[P_sel(2)] = 0.001506
E[P_sel(3)] = 0.000897
E[P_sel(4)] = 0.000605
E[P_sel(5)] = 0.000480
E[P_sel(6)] = 0.000380
E[P_sel(7)] = 0.000311
E[P_sel(8)] = 0.000259
E[P_sel(9)] = 0.000226
E[P_sel(10)] = 0.000198
E[P_sel(11)] = 0.000185
E[P_sel(12)] = 0.000162
E[P_sel(13)] = 0.000147
E[P_sel(14)] = 0.000138
E[P_sel(15)] = 0.000135
E[P_sel(16)] = 0.000116
E[P_sel(17)] = 0.000111
E[P_sel(18)] = 0.000112
E[P_sel(19)] = 0.000117

---- Expected D_neut and D_sel (neutral and selected divergence per site) 
E[D_neut] = 0.005487
E[D_sel] = 0.001672

---- Expected neutral and selected misattributed polymorphism per site
E[mis_neut] = 0.000410
E[mis_sel] = 0.000110

---- alpha_div = 0.319686
---- alpha_dfe = 0.314913



