---- Performing inference on Ns50_pa_0.001_boots/Ns50_pa_0.001.55.polyDFE.txt using model B

---- Warning: mutation variability is not used when only one neutral and one selected fragment is available.
---- No mutation variability. Using Poisson likelihood.

---- Using provided initial values


-- Starting local optimization
 it       eps_an        theta_bar      S_d            b             r  2          r  3          r  4          r  5          r  6          r  7          r  8          r  9          r 10          r 11          r 12          r 13          r 14          r 15          r 16          r 17          r 18          r 19         ln lk             grad     status
  0      4.50e-06       0.00100     -400.00000       0.40000       1.00000       1.00000       1.00000       1.00000       1.00000       1.00000       1.00000       1.00000       1.00000       1.00000       1.00000       1.00000       1.00000       1.00000       1.00000       1.00000       1.00000       1.00000  -235087.3033647603   1688.62750   -2
146      4.50e-06       0.00915    -1042.98523       0.18793       0.98511       0.94438       0.93748       0.95422       0.93030       0.91900       0.89084       0.87981       0.92847       0.94624       0.92440       0.90339       0.92261       0.89418       0.96391       0.94541       0.92899       1.01969  -196.2645382900      0.00631   -3
-- Local optimization: stuck in the same solution


---- Best joint likelihood found -196.26454 with gradient 0.00631
-- Model: B
--     eps_an        eps_cont      theta_bar     a        
--    4.50e-06      0.00e+00       0.00915       -1.00000  
--      S_d            b             p_b           S_b      
--  -1042.98523       0.18793      0.00e+00      0.00e+00  
--     r  2          r  3          r  4          r  5          r  6          r  7          r  8          r  9          r 10          r 11          r 12          r 13          r 14          r 15          r 16          r 17          r 18          r 19     
--     0.98511       0.94438       0.93748       0.95422       0.93030       0.91900       0.89084       0.87981       0.92847       0.94624       0.92440       0.90339       0.92261       0.89418       0.96391       0.94541       0.92899       1.01969  

---- Expected P_neut(i), 0 < i < n (neutral SFS per site) 
E[P_neut(1)] = 0.009146
E[P_neut(2)] = 0.004505
E[P_neut(3)] = 0.002879
E[P_neut(4)] = 0.002143
E[P_neut(5)] = 0.001745
E[P_neut(6)] = 0.001418
E[P_neut(7)] = 0.001201
E[P_neut(8)] = 0.001018
E[P_neut(9)] = 0.000894
E[P_neut(10)] = 0.000849
E[P_neut(11)] = 0.000787
E[P_neut(12)] = 0.000705
E[P_neut(13)] = 0.000636
E[P_neut(14)] = 0.000603
E[P_neut(15)] = 0.000545
E[P_neut(16)] = 0.000551
E[P_neut(17)] = 0.000509
E[P_neut(18)] = 0.000472
E[P_neut(19)] = 0.000491

---- Expected P_sel(i), 0 < i < n (selected SFS per site) 
E[P_sel(1)] = 0.003695
E[P_sel(2)] = 0.001507
E[P_sel(3)] = 0.000882
E[P_sel(4)] = 0.000620
E[P_sel(5)] = 0.000485
E[P_sel(6)] = 0.000381
E[P_sel(7)] = 0.000315
E[P_sel(8)] = 0.000261
E[P_sel(9)] = 0.000225
E[P_sel(10)] = 0.000210
E[P_sel(11)] = 0.000191
E[P_sel(12)] = 0.000169
E[P_sel(13)] = 0.000151
E[P_sel(14)] = 0.000141
E[P_sel(15)] = 0.000126
E[P_sel(16)] = 0.000126
E[P_sel(17)] = 0.000116
E[P_sel(18)] = 0.000106
E[P_sel(19)] = 0.000110

---- Expected neutral and selected misattributed polymorphism per site
E[mis_neut] = 0.000457
E[mis_sel] = 0.000101

---- alpha_div = 0.301507
---- alpha_dfe = 0.000000



