---- Performing inference on Ns50_pa_0.001_boots/Ns50_pa_0.001.37.polyDFE.txt using model B

---- Warning: mutation variability is not used when only one neutral and one selected fragment is available.
---- No mutation variability. Using Poisson likelihood.

---- Using provided initial values


-- Starting local optimization
 it       eps_an        eps_cont      theta_bar      S_d            b             p_b           S_b           r  2          r  3          r  4          r  5          r  6          r  7          r  8          r  9          r 10          r 11          r 12          r 13          r 14          r 15          r 16          r 17          r 18          r 19         ln lk             grad     status
  0      4.50e-06      9.00e-07       0.00100     -400.00000       0.40000       0.02000       4.00000       1.00000       1.00000       1.00000       1.00000       1.00000       1.00000       1.00000       1.00000       1.00000       1.00000       1.00000       1.00000       1.00000       1.00000       1.00000       1.00000       1.00000       1.00000  -226369.7897265040   1600.43253   -2
1261      4.37e-06      9.01e-07       0.00926     -649.23561       0.27379       0.09737       0.00233       0.98101       0.94590       0.93859       0.95092       0.93732       0.91737       0.91659       0.86984       0.90581       0.91261       0.87148       0.82363       0.89489       0.93262       0.94553       0.90722       0.99719       0.95852  -208.5462694801      0.00174   -3
-- Local optimization: stuck in the same solution


---- Best joint likelihood found -208.54627 with gradient 0.00174
-- Model: B
--     eps_an        eps_cont      theta_bar     a        
--    4.37e-06      9.01e-07       0.00926       -1.00000  
--      S_d            b             p_b           S_b      
--   -649.23561       0.27379       0.09737       0.00233  
--     r  2          r  3          r  4          r  5          r  6          r  7          r  8          r  9          r 10          r 11          r 12          r 13          r 14          r 15          r 16          r 17          r 18          r 19     
--     0.98101       0.94590       0.93859       0.95092       0.93732       0.91737       0.91659       0.86984       0.90581       0.91261       0.87148       0.82363       0.89489       0.93262       0.94553       0.90722       0.99719       0.95852  

---- Expected P_neut(i), 0 < i < n (neutral SFS per site) 
E[P_neut(1)] = 0.009261
E[P_neut(2)] = 0.004543
E[P_neut(3)] = 0.002920
E[P_neut(4)] = 0.002173
E[P_neut(5)] = 0.001761
E[P_neut(6)] = 0.001447
E[P_neut(7)] = 0.001214
E[P_neut(8)] = 0.001061
E[P_neut(9)] = 0.000895
E[P_neut(10)] = 0.000839
E[P_neut(11)] = 0.000768
E[P_neut(12)] = 0.000673
E[P_neut(13)] = 0.000587
E[P_neut(14)] = 0.000592
E[P_neut(15)] = 0.000576
E[P_neut(16)] = 0.000547
E[P_neut(17)] = 0.000494
E[P_neut(18)] = 0.000513
E[P_neut(19)] = 0.000467

---- Expected P_sel(i), 0 < i < n (selected SFS per site) 
E[P_sel(1)] = 0.003737
E[P_sel(2)] = 0.001494
E[P_sel(3)] = 0.000877
E[P_sel(4)] = 0.000618
E[P_sel(5)] = 0.000481
E[P_sel(6)] = 0.000384
E[P_sel(7)] = 0.000314
E[P_sel(8)] = 0.000269
E[P_sel(9)] = 0.000223
E[P_sel(10)] = 0.000206
E[P_sel(11)] = 0.000186
E[P_sel(12)] = 0.000161
E[P_sel(13)] = 0.000139
E[P_sel(14)] = 0.000139
E[P_sel(15)] = 0.000134
E[P_sel(16)] = 0.000126
E[P_sel(17)] = 0.000113
E[P_sel(18)] = 0.000116
E[P_sel(19)] = 0.000105

---- Expected neutral and selected misattributed polymorphism per site
E[mis_neut] = 0.000463
E[mis_sel] = 0.000104

---- alpha_div = 0.598582
---- alpha_dfe = 0.438046



