---- Performing inference on Ns50_pa_0.001_boots/Ns50_pa_0.001.98.polyDFE.txt using model B

---- Warning: mutation variability is not used when only one neutral and one selected fragment is available.
---- No mutation variability. Using Poisson likelihood.

---- Using provided initial values


-- Starting local optimization
 it       eps_an        lambda        theta_bar      S_d            b             r  2          r  3          r  4          r  5          r  6          r  7          r  8          r  9          r 10          r 11          r 12          r 13          r 14          r 15          r 16          r 17          r 18          r 19          r 20         ln lk             grad     status
  0      4.50e-06       0.00500       0.00100     -400.00000       0.40000       1.00000       1.00000       1.00000       1.00000       1.00000       1.00000       1.00000       1.00000       1.00000       1.00000       1.00000       1.00000       1.00000       1.00000       1.00000       1.00000       1.00000       1.00000       1.00000  -245782.4341650755   1826.34421   -2
608      4.29e-06       0.00006       0.00933    -6149.42192       0.13529       0.95841       0.91366       0.89361       0.92287       0.89572       0.89053       0.83583       0.83014       0.89000       0.87981       0.79719       0.82938       0.85037       0.90386       0.89181       0.83845       0.91857       0.91954      12.37700  -447.3110167143      0.00867   -3
-- Local optimization: stuck in the same solution


---- Best joint likelihood found -447.31102 with gradient 0.00867
-- Model: B
--     eps_an        eps_cont      lambda        theta_bar     a        
--    4.29e-06      0.00e+00       0.00006       0.00933       -1.00000  
--      S_d            b             p_b           S_b      
--  -6149.42192       0.13529      0.00e+00      0.00e+00  
--     r  2          r  3          r  4          r  5          r  6          r  7          r  8          r  9          r 10          r 11          r 12          r 13          r 14          r 15          r 16          r 17          r 18          r 19          r 20     
--     0.95841       0.91366       0.89361       0.92287       0.89572       0.89053       0.83583       0.83014       0.89000       0.87981       0.79719       0.82938       0.85037       0.90386       0.89181       0.83845       0.91857       0.91954      12.37700  

---- Expected P_neut(i), 0 < i < n (neutral SFS per site) 
E[P_neut(1)] = 0.009333
E[P_neut(2)] = 0.004472
E[P_neut(3)] = 0.002842
E[P_neut(4)] = 0.002085
E[P_neut(5)] = 0.001723
E[P_neut(6)] = 0.001393
E[P_neut(7)] = 0.001187
E[P_neut(8)] = 0.000975
E[P_neut(9)] = 0.000861
E[P_neut(10)] = 0.000831
E[P_neut(11)] = 0.000746
E[P_neut(12)] = 0.000620
E[P_neut(13)] = 0.000595
E[P_neut(14)] = 0.000567
E[P_neut(15)] = 0.000562
E[P_neut(16)] = 0.000520
E[P_neut(17)] = 0.000460
E[P_neut(18)] = 0.000476
E[P_neut(19)] = 0.000452

---- Expected P_sel(i), 0 < i < n (selected SFS per site) 
E[P_sel(1)] = 0.003653
E[P_sel(2)] = 0.001529
E[P_sel(3)] = 0.000913
E[P_sel(4)] = 0.000643
E[P_sel(5)] = 0.000516
E[P_sel(6)] = 0.000408
E[P_sel(7)] = 0.000341
E[P_sel(8)] = 0.000276
E[P_sel(9)] = 0.000240
E[P_sel(10)] = 0.000229
E[P_sel(11)] = 0.000203
E[P_sel(12)] = 0.000167
E[P_sel(13)] = 0.000159
E[P_sel(14)] = 0.000150
E[P_sel(15)] = 0.000148
E[P_sel(16)] = 0.000136
E[P_sel(17)] = 0.000119
E[P_sel(18)] = 0.000123
E[P_sel(19)] = 0.000116

---- Expected D_neut and D_sel (neutral and selected divergence per site) 
E[D_neut] = 0.005839
E[D_sel] = 0.001485

---- Expected neutral and selected misattributed polymorphism per site
E[mis_neut] = 0.005775
E[mis_sel] = 0.001469

---- alpha_div = 1.610510
---- alpha_dfe = 0.000000



