---- Performing inference on Ns50_pa_0.001_boots/Ns50_pa_0.001.52.polyDFE.txt using model B

---- Warning: mutation variability is not used when only one neutral and one selected fragment is available.
---- No mutation variability. Using Poisson likelihood.

---- Using provided initial values


-- Starting local optimization
 it       eps_an        eps_cont      theta_bar      S_d            b             p_b           S_b           r  2          r  3          r  4          r  5          r  6          r  7          r  8          r  9          r 10          r 11          r 12          r 13          r 14          r 15          r 16          r 17          r 18          r 19         ln lk             grad     status
  0      4.50e-06      9.00e-07       0.00100     -400.00000       0.40000       0.02000       4.00000       1.00000       1.00000       1.00000       1.00000       1.00000       1.00000       1.00000       1.00000       1.00000       1.00000       1.00000       1.00000       1.00000       1.00000       1.00000       1.00000       1.00000       1.00000  -227367.6279782207   1606.59957   -2
275      4.46e-06      9.00e-07       0.00919     -913.16718       0.19718       0.00681       0.56015       0.99082       0.98569       0.94212       0.95798       0.95376       0.92546       0.90101       0.88353       0.88970       0.90354       0.87640       0.86704       0.92016       0.95573       0.95685       0.95417       0.95840       0.95226  -196.4309706575      0.00173   -3
-- Local optimization: stuck in the same solution


---- Best joint likelihood found -196.43097 with gradient 0.00173
-- Model: B
--     eps_an        eps_cont      theta_bar     a        
--    4.46e-06      9.00e-07       0.00919       -1.00000  
--      S_d            b             p_b           S_b      
--   -913.16718       0.19718       0.00681       0.56015  
--     r  2          r  3          r  4          r  5          r  6          r  7          r  8          r  9          r 10          r 11          r 12          r 13          r 14          r 15          r 16          r 17          r 18          r 19     
--     0.99082       0.98569       0.94212       0.95798       0.95376       0.92546       0.90101       0.88353       0.88970       0.90354       0.87640       0.86704       0.92016       0.95573       0.95685       0.95417       0.95840       0.95226  

---- Expected P_neut(i), 0 < i < n (neutral SFS per site) 
E[P_neut(1)] = 0.009187
E[P_neut(2)] = 0.004551
E[P_neut(3)] = 0.003018
E[P_neut(4)] = 0.002164
E[P_neut(5)] = 0.001760
E[P_neut(6)] = 0.001460
E[P_neut(7)] = 0.001215
E[P_neut(8)] = 0.001035
E[P_neut(9)] = 0.000902
E[P_neut(10)] = 0.000817
E[P_neut(11)] = 0.000755
E[P_neut(12)] = 0.000671
E[P_neut(13)] = 0.000613
E[P_neut(14)] = 0.000604
E[P_neut(15)] = 0.000585
E[P_neut(16)] = 0.000549
E[P_neut(17)] = 0.000516
E[P_neut(18)] = 0.000489
E[P_neut(19)] = 0.000460

---- Expected P_sel(i), 0 < i < n (selected SFS per site) 
E[P_sel(1)] = 0.003718
E[P_sel(2)] = 0.001517
E[P_sel(3)] = 0.000919
E[P_sel(4)] = 0.000622
E[P_sel(5)] = 0.000485
E[P_sel(6)] = 0.000390
E[P_sel(7)] = 0.000316
E[P_sel(8)] = 0.000263
E[P_sel(9)] = 0.000225
E[P_sel(10)] = 0.000200
E[P_sel(11)] = 0.000182
E[P_sel(12)] = 0.000160
E[P_sel(13)] = 0.000144
E[P_sel(14)] = 0.000140
E[P_sel(15)] = 0.000135
E[P_sel(16)] = 0.000125
E[P_sel(17)] = 0.000116
E[P_sel(18)] = 0.000109
E[P_sel(19)] = 0.000102

---- Expected neutral and selected misattributed polymorphism per site
E[mis_neut] = 0.000459
E[mis_sel] = 0.000101

---- alpha_div = 0.336290
---- alpha_dfe = 0.040636



