---- Performing inference on Ns50_pa_0.001_boots/Ns50_pa_0.001.57.polyDFE.txt using model B

---- Warning: mutation variability is not used when only one neutral and one selected fragment is available.
---- No mutation variability. Using Poisson likelihood.

---- Using provided initial values


-- Starting local optimization
 it       eps_an        lambda        theta_bar      S_d            b             r  2          r  3          r  4          r  5          r  6          r  7          r  8          r  9          r 10          r 11          r 12          r 13          r 14          r 15          r 16          r 17          r 18          r 19          r 20         ln lk             grad     status
  0      4.50e-06       0.00500       0.00100     -400.00000       0.40000       1.00000       1.00000       1.00000       1.00000       1.00000       1.00000       1.00000       1.00000       1.00000       1.00000       1.00000       1.00000       1.00000       1.00000       1.00000       1.00000       1.00000       1.00000       1.00000  -242051.2108170218   1807.40868   -2
653      4.25e-06       0.00007       0.00931    -5075.16645       0.13971       0.96169       0.91310       0.89806       0.89555       0.87317       0.87487       0.82290       0.81547       0.85526       0.85303       0.78577       0.83706       0.86815       0.90589       0.88105       0.82603       0.91921       0.94225      12.77324  -388.7552246940      0.01650   -6
-- Local optimization: reached maximum running time allowed


---- Best joint likelihood found -388.75522 with gradient 0.01650
-- Model: B
--     eps_an        eps_cont      lambda        theta_bar     a        
--    4.25e-06      0.00e+00       0.00007       0.00931       -1.00000  
--      S_d            b             p_b           S_b      
--  -5075.16645       0.13971      0.00e+00      0.00e+00  
--     r  2          r  3          r  4          r  5          r  6          r  7          r  8          r  9          r 10          r 11          r 12          r 13          r 14          r 15          r 16          r 17          r 18          r 19          r 20     
--     0.96169       0.91310       0.89806       0.89555       0.87317       0.87487       0.82290       0.81547       0.85526       0.85303       0.78577       0.83706       0.86815       0.90589       0.88105       0.82603       0.91921       0.94225      12.77324  

---- Expected P_neut(i), 0 < i < n (neutral SFS per site) 
E[P_neut(1)] = 0.009306
E[P_neut(2)] = 0.004475
E[P_neut(3)] = 0.002833
E[P_neut(4)] = 0.002089
E[P_neut(5)] = 0.001667
E[P_neut(6)] = 0.001354
E[P_neut(7)] = 0.001163
E[P_neut(8)] = 0.000957
E[P_neut(9)] = 0.000843
E[P_neut(10)] = 0.000796
E[P_neut(11)] = 0.000722
E[P_neut(12)] = 0.000609
E[P_neut(13)] = 0.000599
E[P_neut(14)] = 0.000577
E[P_neut(15)] = 0.000562
E[P_neut(16)] = 0.000512
E[P_neut(17)] = 0.000452
E[P_neut(18)] = 0.000475
E[P_neut(19)] = 0.000462

---- Expected P_sel(i), 0 < i < n (selected SFS per site) 
E[P_sel(1)] = 0.003646
E[P_sel(2)] = 0.001524
E[P_sel(3)] = 0.000904
E[P_sel(4)] = 0.000640
E[P_sel(5)] = 0.000495
E[P_sel(6)] = 0.000393
E[P_sel(7)] = 0.000331
E[P_sel(8)] = 0.000268
E[P_sel(9)] = 0.000233
E[P_sel(10)] = 0.000217
E[P_sel(11)] = 0.000194
E[P_sel(12)] = 0.000162
E[P_sel(13)] = 0.000158
E[P_sel(14)] = 0.000151
E[P_sel(15)] = 0.000146
E[P_sel(16)] = 0.000132
E[P_sel(17)] = 0.000116
E[P_sel(18)] = 0.000121
E[P_sel(19)] = 0.000117

---- Expected D_neut and D_sel (neutral and selected divergence per site) 
E[D_neut] = 0.006011
E[D_sel] = 0.001508

---- Expected neutral and selected misattributed polymorphism per site
E[mis_neut] = 0.005944
E[mis_sel] = 0.001492

---- alpha_div = 1.579190
---- alpha_dfe = 0.000000



