---- Performing inference on Ns50_pa_0.001_boots/Ns50_pa_0.001.49.polyDFE.txt using model B

---- Warning: mutation variability is not used when only one neutral and one selected fragment is available.
---- No mutation variability. Using Poisson likelihood.

---- Using provided initial values


-- Starting local optimization
 it       eps_an        theta_bar      S_d            b             r  2          r  3          r  4          r  5          r  6          r  7          r  8          r  9          r 10          r 11          r 12          r 13          r 14          r 15          r 16          r 17          r 18          r 19         ln lk             grad     status
  0      4.50e-06       0.00100     -400.00000       0.40000       1.00000       1.00000       1.00000       1.00000       1.00000       1.00000       1.00000       1.00000       1.00000       1.00000       1.00000       1.00000       1.00000       1.00000       1.00000       1.00000       1.00000       1.00000  -236774.6425958481   1696.60404   -2
151      4.50e-06       0.00925    -1171.25319       0.18395       0.97822       0.94513       0.92384       0.96261       0.91124       0.90157       0.89520       0.87520       0.94203       0.89713       0.87891       0.86695       0.85505       0.96443       0.94334       0.89487       0.96474       1.00694  -204.9341078156      0.00145   -3
-- Local optimization: stuck in the same solution


---- Best joint likelihood found -204.93411 with gradient 0.00145
-- Model: B
--     eps_an        eps_cont      theta_bar     a        
--    4.50e-06      0.00e+00       0.00925       -1.00000  
--      S_d            b             p_b           S_b      
--  -1171.25319       0.18395      0.00e+00      0.00e+00  
--     r  2          r  3          r  4          r  5          r  6          r  7          r  8          r  9          r 10          r 11          r 12          r 13          r 14          r 15          r 16          r 17          r 18          r 19     
--     0.97822       0.94513       0.92384       0.96261       0.91124       0.90157       0.89520       0.87520       0.94203       0.89713       0.87891       0.86695       0.85505       0.96443       0.94334       0.89487       0.96474       1.00694  

---- Expected P_neut(i), 0 < i < n (neutral SFS per site) 
E[P_neut(1)] = 0.009250
E[P_neut(2)] = 0.004524
E[P_neut(3)] = 0.002914
E[P_neut(4)] = 0.002136
E[P_neut(5)] = 0.001781
E[P_neut(6)] = 0.001405
E[P_neut(7)] = 0.001191
E[P_neut(8)] = 0.001035
E[P_neut(9)] = 0.000900
E[P_neut(10)] = 0.000871
E[P_neut(11)] = 0.000754
E[P_neut(12)] = 0.000678
E[P_neut(13)] = 0.000617
E[P_neut(14)] = 0.000565
E[P_neut(15)] = 0.000595
E[P_neut(16)] = 0.000545
E[P_neut(17)] = 0.000487
E[P_neut(18)] = 0.000496
E[P_neut(19)] = 0.000490

---- Expected P_sel(i), 0 < i < n (selected SFS per site) 
E[P_sel(1)] = 0.003716
E[P_sel(2)] = 0.001510
E[P_sel(3)] = 0.000892
E[P_sel(4)] = 0.000619
E[P_sel(5)] = 0.000496
E[P_sel(6)] = 0.000379
E[P_sel(7)] = 0.000313
E[P_sel(8)] = 0.000266
E[P_sel(9)] = 0.000227
E[P_sel(10)] = 0.000216
E[P_sel(11)] = 0.000184
E[P_sel(12)] = 0.000163
E[P_sel(13)] = 0.000147
E[P_sel(14)] = 0.000133
E[P_sel(15)] = 0.000139
E[P_sel(16)] = 0.000126
E[P_sel(17)] = 0.000111
E[P_sel(18)] = 0.000112
E[P_sel(19)] = 0.000110

---- Expected neutral and selected misattributed polymorphism per site
E[mis_neut] = 0.000463
E[mis_sel] = 0.000103

---- alpha_div = 0.308305
---- alpha_dfe = 0.000000



