---- Performing inference on Ns50_pa_0.001_boots/Ns50_pa_0.001.30.polyDFE.txt using model B

---- Warning: mutation variability is not used when only one neutral and one selected fragment is available.
---- No mutation variability. Using Poisson likelihood.

---- Using provided initial values


-- Starting local optimization
 it       eps_an        eps_cont      theta_bar      S_d            b             p_b           S_b           r  2          r  3          r  4          r  5          r  6          r  7          r  8          r  9          r 10          r 11          r 12          r 13          r 14          r 15          r 16          r 17          r 18          r 19         ln lk             grad     status
  0      4.50e-06      9.00e-07       0.00100     -400.00000       0.40000       0.02000       4.00000       1.00000       1.00000       1.00000       1.00000       1.00000       1.00000       1.00000       1.00000       1.00000       1.00000       1.00000       1.00000       1.00000       1.00000       1.00000       1.00000       1.00000       1.00000  -226451.1587384353   1601.89530   -2
594      4.44e-06      9.00e-07       0.00924    -1118.85470       0.18853       0.00427       0.44516       0.98788       0.97169       0.92647       0.95990       0.90279       0.88498       0.91116       0.89141       0.87091       0.90045       0.88666       0.86513       0.91432       0.96161       0.93135       0.87598       0.97808       0.97367  -197.5662473371      0.00063   -3
-- Local optimization: stuck in the same solution


---- Best joint likelihood found -197.56625 with gradient 0.00063
-- Model: B
--     eps_an        eps_cont      theta_bar     a        
--    4.44e-06      9.00e-07       0.00924       -1.00000  
--      S_d            b             p_b           S_b      
--  -1118.85470       0.18853       0.00427       0.44516  
--     r  2          r  3          r  4          r  5          r  6          r  7          r  8          r  9          r 10          r 11          r 12          r 13          r 14          r 15          r 16          r 17          r 18          r 19     
--     0.98788       0.97169       0.92647       0.95990       0.90279       0.88498       0.91116       0.89141       0.87091       0.90045       0.88666       0.86513       0.91432       0.96161       0.93135       0.87598       0.97808       0.97367  

---- Expected P_neut(i), 0 < i < n (neutral SFS per site) 
E[P_neut(1)] = 0.009244
E[P_neut(2)] = 0.004566
E[P_neut(3)] = 0.002994
E[P_neut(4)] = 0.002141
E[P_neut(5)] = 0.001775
E[P_neut(6)] = 0.001391
E[P_neut(7)] = 0.001169
E[P_neut(8)] = 0.001053
E[P_neut(9)] = 0.000916
E[P_neut(10)] = 0.000805
E[P_neut(11)] = 0.000757
E[P_neut(12)] = 0.000683
E[P_neut(13)] = 0.000615
E[P_neut(14)] = 0.000604
E[P_neut(15)] = 0.000593
E[P_neut(16)] = 0.000538
E[P_neut(17)] = 0.000476
E[P_neut(18)] = 0.000502
E[P_neut(19)] = 0.000474

---- Expected P_sel(i), 0 < i < n (selected SFS per site) 
E[P_sel(1)] = 0.003703
E[P_sel(2)] = 0.001517
E[P_sel(3)] = 0.000911
E[P_sel(4)] = 0.000616
E[P_sel(5)] = 0.000491
E[P_sel(6)] = 0.000373
E[P_sel(7)] = 0.000305
E[P_sel(8)] = 0.000269
E[P_sel(9)] = 0.000229
E[P_sel(10)] = 0.000198
E[P_sel(11)] = 0.000184
E[P_sel(12)] = 0.000164
E[P_sel(13)] = 0.000146
E[P_sel(14)] = 0.000141
E[P_sel(15)] = 0.000137
E[P_sel(16)] = 0.000123
E[P_sel(17)] = 0.000108
E[P_sel(18)] = 0.000113
E[P_sel(19)] = 0.000106

---- Expected neutral and selected misattributed polymorphism per site
E[mis_neut] = 0.000462
E[mis_sel] = 0.000103

---- alpha_div = 0.328703
---- alpha_dfe = 0.024021



