---- Performing inference on Ns50_pa_0.001_boots/Ns50_pa_0.001.55.polyDFE.txt using model B

---- Warning: mutation variability is not used when only one neutral and one selected fragment is available.
---- No mutation variability. Using Poisson likelihood.

---- Using provided initial values


-- Starting local optimization
 it       eps_an        eps_cont      lambda        theta_bar      S_d            b             p_b           S_b           r  2          r  3          r  4          r  5          r  6          r  7          r  8          r  9          r 10          r 11          r 12          r 13          r 14          r 15          r 16          r 17          r 18          r 19          r 20         ln lk             grad     status
  0      4.50e-06      9.00e-07       0.00500       0.00100     -400.00000       0.40000       0.02000       4.00000       1.00000       1.00000       1.00000       1.00000       1.00000       1.00000       1.00000       1.00000       1.00000       1.00000       1.00000       1.00000       1.00000       1.00000       1.00000       1.00000       1.00000       1.00000       1.00000  -227780.0822274127   1634.64899   -2
 86      4.49e-06      9.00e-07       0.00513       0.00919    -1118.01871       0.18820       0.00238      37.42817       0.98612       0.94113       0.93787       0.95252       0.92396       0.91415       0.88778       0.87171       0.92535       0.93620       0.91301       0.89539       0.91235       0.87978       0.94525       0.92354       0.89756       0.96713       0.85732  -214.5779748611      0.99188   -3
-- Local optimization: stuck in the same solution


---- Best joint likelihood found -214.57797 with gradient 0.99188
-- Model: B
--     eps_an        eps_cont      lambda        theta_bar     a        
--    4.49e-06      9.00e-07       0.00513       0.00919       -1.00000  
--      S_d            b             p_b           S_b      
--  -1118.01871       0.18820       0.00238      37.42817  
--     r  2          r  3          r  4          r  5          r  6          r  7          r  8          r  9          r 10          r 11          r 12          r 13          r 14          r 15          r 16          r 17          r 18          r 19          r 20     
--     0.98612       0.94113       0.93787       0.95252       0.92396       0.91415       0.88778       0.87171       0.92535       0.93620       0.91301       0.89539       0.91235       0.87978       0.94525       0.92354       0.89756       0.96713       0.85732  

---- Expected P_neut(i), 0 < i < n (neutral SFS per site) 
E[P_neut(1)] = 0.009194
E[P_neut(2)] = 0.004533
E[P_neut(3)] = 0.002884
E[P_neut(4)] = 0.002156
E[P_neut(5)] = 0.001751
E[P_neut(6)] = 0.001416
E[P_neut(7)] = 0.001201
E[P_neut(8)] = 0.001020
E[P_neut(9)] = 0.000891
E[P_neut(10)] = 0.000851
E[P_neut(11)] = 0.000782
E[P_neut(12)] = 0.000700
E[P_neut(13)] = 0.000633
E[P_neut(14)] = 0.000599
E[P_neut(15)] = 0.000539
E[P_neut(16)] = 0.000543
E[P_neut(17)] = 0.000499
E[P_neut(18)] = 0.000458
E[P_neut(19)] = 0.000468

---- Expected P_sel(i), 0 < i < n (selected SFS per site) 
E[P_sel(1)] = 0.003679
E[P_sel(2)] = 0.001503
E[P_sel(3)] = 0.000877
E[P_sel(4)] = 0.000620
E[P_sel(5)] = 0.000484
E[P_sel(6)] = 0.000379
E[P_sel(7)] = 0.000314
E[P_sel(8)] = 0.000261
E[P_sel(9)] = 0.000224
E[P_sel(10)] = 0.000211
E[P_sel(11)] = 0.000191
E[P_sel(12)] = 0.000169
E[P_sel(13)] = 0.000152
E[P_sel(14)] = 0.000143
E[P_sel(15)] = 0.000128
E[P_sel(16)] = 0.000129
E[P_sel(17)] = 0.000119
E[P_sel(18)] = 0.000111
E[P_sel(19)] = 0.000117

---- Expected D_neut and D_sel (neutral and selected divergence per site) 
E[D_neut] = 0.005522
E[D_sel] = 0.001670

---- Expected neutral and selected misattributed polymorphism per site
E[mis_neut] = 0.000394
E[mis_sel] = 0.000106

---- alpha_div = 0.302909
---- alpha_dfe = 0.292009



