---- Performing inference on Ns50_pa_0.001_boots/Ns50_pa_0.001.29.polyDFE.txt using model B

---- Warning: mutation variability is not used when only one neutral and one selected fragment is available.
---- No mutation variability. Using Poisson likelihood.

---- Using provided initial values


-- Starting local optimization
 it       eps_an        eps_cont      lambda        theta_bar      S_d            b             p_b           S_b           r  2          r  3          r  4          r  5          r  6          r  7          r  8          r  9          r 10          r 11          r 12          r 13          r 14          r 15          r 16          r 17          r 18          r 19          r 20         ln lk             grad     status
  0      4.50e-06      9.00e-07       0.00500       0.00100     -400.00000       0.40000       0.02000       4.00000       1.00000       1.00000       1.00000       1.00000       1.00000       1.00000       1.00000       1.00000       1.00000       1.00000       1.00000       1.00000       1.00000       1.00000       1.00000       1.00000       1.00000       1.00000       1.00000  -230527.0012000660   1647.04791   -2
157      4.49e-06      9.00e-07       0.00504       0.00921     -665.07501       0.20984       0.00286      37.42803       0.98905       0.97088       0.94523       0.96482       0.93806       0.93113       0.90876       0.91458       0.90459       0.91880       0.87354       0.86865       0.89712       0.94057       0.92621       0.87005       0.93191       0.95930       0.80738  -213.3133639309      0.15698   -3
-- Local optimization: stuck in the same solution


---- Best joint likelihood found -213.31336 with gradient 0.15698
-- Model: B
--     eps_an        eps_cont      lambda        theta_bar     a        
--    4.49e-06      9.00e-07       0.00504       0.00921       -1.00000  
--      S_d            b             p_b           S_b      
--   -665.07501       0.20984       0.00286      37.42803  
--     r  2          r  3          r  4          r  5          r  6          r  7          r  8          r  9          r 10          r 11          r 12          r 13          r 14          r 15          r 16          r 17          r 18          r 19          r 20     
--     0.98905       0.97088       0.94523       0.96482       0.93806       0.93113       0.90876       0.91458       0.90459       0.91880       0.87354       0.86865       0.89712       0.94057       0.92621       0.87005       0.93191       0.95930       0.80738  

---- Expected P_neut(i), 0 < i < n (neutral SFS per site) 
E[P_neut(1)] = 0.009207
E[P_neut(2)] = 0.004553
E[P_neut(3)] = 0.002980
E[P_neut(4)] = 0.002176
E[P_neut(5)] = 0.001777
E[P_neut(6)] = 0.001439
E[P_neut(7)] = 0.001225
E[P_neut(8)] = 0.001046
E[P_neut(9)] = 0.000936
E[P_neut(10)] = 0.000833
E[P_neut(11)] = 0.000769
E[P_neut(12)] = 0.000670
E[P_neut(13)] = 0.000615
E[P_neut(14)] = 0.000590
E[P_neut(15)] = 0.000577
E[P_neut(16)] = 0.000533
E[P_neut(17)] = 0.000471
E[P_neut(18)] = 0.000477
E[P_neut(19)] = 0.000465

---- Expected P_sel(i), 0 < i < n (selected SFS per site) 
E[P_sel(1)] = 0.003777
E[P_sel(2)] = 0.001518
E[P_sel(3)] = 0.000901
E[P_sel(4)] = 0.000619
E[P_sel(5)] = 0.000483
E[P_sel(6)] = 0.000378
E[P_sel(7)] = 0.000313
E[P_sel(8)] = 0.000261
E[P_sel(9)] = 0.000229
E[P_sel(10)] = 0.000201
E[P_sel(11)] = 0.000183
E[P_sel(12)] = 0.000157
E[P_sel(13)] = 0.000143
E[P_sel(14)] = 0.000136
E[P_sel(15)] = 0.000133
E[P_sel(16)] = 0.000123
E[P_sel(17)] = 0.000110
E[P_sel(18)] = 0.000113
E[P_sel(19)] = 0.000115

---- Expected D_neut and D_sel (neutral and selected divergence per site) 
E[D_neut] = 0.005412
E[D_sel] = 0.001681

---- Expected neutral and selected misattributed polymorphism per site
E[mis_neut] = 0.000372
E[mis_sel] = 0.000100

---- alpha_div = 0.345604
---- alpha_dfe = 0.341676



