---- Performing inference on Ns50_pa_0.001_boots/Ns50_pa_0.001.76.polyDFE.txt using model B

---- Warning: mutation variability is not used when only one neutral and one selected fragment is available.
---- No mutation variability. Using Poisson likelihood.

---- Using provided initial values


-- Starting local optimization
 it       eps_an        lambda        theta_bar      S_d            b             r  2          r  3          r  4          r  5          r  6          r  7          r  8          r  9          r 10          r 11          r 12          r 13          r 14          r 15          r 16          r 17          r 18          r 19          r 20         ln lk             grad     status
  0      4.50e-06       0.00500       0.00100     -400.00000       0.40000       1.00000       1.00000       1.00000       1.00000       1.00000       1.00000       1.00000       1.00000       1.00000       1.00000       1.00000       1.00000       1.00000       1.00000       1.00000       1.00000       1.00000       1.00000       1.00000  -245664.7792423550   1821.40537   -2
717      4.30e-06       0.00011       0.00936    -4426.14627       0.14373       0.96900       0.92760       0.90478       0.91604       0.87974       0.89873       0.82121       0.83565       0.90592       0.87907       0.83171       0.83139       0.83852       0.89304       0.91679       0.87151       0.92450       0.95106      12.46378  -426.2789950078      0.03712   -6
-- Local optimization: reached maximum running time allowed


---- Best joint likelihood found -426.27900 with gradient 0.03712
-- Model: B
--     eps_an        eps_cont      lambda        theta_bar     a        
--    4.30e-06      0.00e+00       0.00011       0.00936       -1.00000  
--      S_d            b             p_b           S_b      
--  -4426.14627       0.14373      0.00e+00      0.00e+00  
--     r  2          r  3          r  4          r  5          r  6          r  7          r  8          r  9          r 10          r 11          r 12          r 13          r 14          r 15          r 16          r 17          r 18          r 19          r 20     
--     0.96900       0.92760       0.90478       0.91604       0.87974       0.89873       0.82121       0.83565       0.90592       0.87907       0.83171       0.83139       0.83852       0.89304       0.91679       0.87151       0.92450       0.95106      12.46378  

---- Expected P_neut(i), 0 < i < n (neutral SFS per site) 
E[P_neut(1)] = 0.009356
E[P_neut(2)] = 0.004533
E[P_neut(3)] = 0.002893
E[P_neut(4)] = 0.002116
E[P_neut(5)] = 0.001714
E[P_neut(6)] = 0.001372
E[P_neut(7)] = 0.001201
E[P_neut(8)] = 0.000960
E[P_neut(9)] = 0.000869
E[P_neut(10)] = 0.000848
E[P_neut(11)] = 0.000748
E[P_neut(12)] = 0.000648
E[P_neut(13)] = 0.000598
E[P_neut(14)] = 0.000560
E[P_neut(15)] = 0.000557
E[P_neut(16)] = 0.000536
E[P_neut(17)] = 0.000480
E[P_neut(18)] = 0.000481
E[P_neut(19)] = 0.000468

---- Expected P_sel(i), 0 < i < n (selected SFS per site) 
E[P_sel(1)] = 0.003655
E[P_sel(2)] = 0.001533
E[P_sel(3)] = 0.000915
E[P_sel(4)] = 0.000641
E[P_sel(5)] = 0.000503
E[P_sel(6)] = 0.000393
E[P_sel(7)] = 0.000337
E[P_sel(8)] = 0.000265
E[P_sel(9)] = 0.000236
E[P_sel(10)] = 0.000228
E[P_sel(11)] = 0.000198
E[P_sel(12)] = 0.000170
E[P_sel(13)] = 0.000156
E[P_sel(14)] = 0.000144
E[P_sel(15)] = 0.000142
E[P_sel(16)] = 0.000136
E[P_sel(17)] = 0.000121
E[P_sel(18)] = 0.000120
E[P_sel(19)] = 0.000116

---- Expected D_neut and D_sel (neutral and selected divergence per site) 
E[D_neut] = 0.005944
E[D_sel] = 0.001468

---- Expected neutral and selected misattributed polymorphism per site
E[mis_neut] = 0.005831
E[mis_sel] = 0.001440

---- alpha_div = 1.490603
---- alpha_dfe = 0.000000



