---- Performing inference on Ns50_pa_0.001_boots/Ns50_pa_0.001.43.polyDFE.txt using model B

---- Warning: mutation variability is not used when only one neutral and one selected fragment is available.
---- No mutation variability. Using Poisson likelihood.

---- Using provided initial values


-- Starting local optimization
 it       eps_an        eps_cont      theta_bar      S_d            b             p_b           S_b           r  2          r  3          r  4          r  5          r  6          r  7          r  8          r  9          r 10          r 11          r 12          r 13          r 14          r 15          r 16          r 17          r 18          r 19         ln lk             grad     status
  0      4.50e-06      9.00e-07       0.00100     -400.00000       0.40000       0.02000       4.00000       1.00000       1.00000       1.00000       1.00000       1.00000       1.00000       1.00000       1.00000       1.00000       1.00000       1.00000       1.00000       1.00000       1.00000       1.00000       1.00000       1.00000       1.00000  -225392.4228718390   1597.10654   -2
554      4.38e-06      9.00e-07       0.00911     -762.06717       0.20106       0.00273       0.27108       0.97383       0.97104       0.94539       0.97304       0.92310       0.93473       0.92143       0.91166       0.92539       0.91448       0.92262       0.86902       0.87807       0.97643       0.95211       0.94367       0.97199       0.99479  -194.3611240600      0.00092   -3
-- Local optimization: stuck in the same solution


---- Best joint likelihood found -194.36112 with gradient 0.00092
-- Model: B
--     eps_an        eps_cont      theta_bar     a        
--    4.38e-06      9.00e-07       0.00911       -1.00000  
--      S_d            b             p_b           S_b      
--   -762.06717       0.20106       0.00273       0.27108  
--     r  2          r  3          r  4          r  5          r  6          r  7          r  8          r  9          r 10          r 11          r 12          r 13          r 14          r 15          r 16          r 17          r 18          r 19     
--     0.97383       0.97104       0.94539       0.97304       0.92310       0.93473       0.92143       0.91166       0.92539       0.91448       0.92262       0.86902       0.87807       0.97643       0.95211       0.94367       0.97199       0.99479  

---- Expected P_neut(i), 0 < i < n (neutral SFS per site) 
E[P_neut(1)] = 0.009106
E[P_neut(2)] = 0.004434
E[P_neut(3)] = 0.002948
E[P_neut(4)] = 0.002152
E[P_neut(5)] = 0.001772
E[P_neut(6)] = 0.001401
E[P_neut(7)] = 0.001216
E[P_neut(8)] = 0.001049
E[P_neut(9)] = 0.000922
E[P_neut(10)] = 0.000843
E[P_neut(11)] = 0.000757
E[P_neut(12)] = 0.000700
E[P_neut(13)] = 0.000609
E[P_neut(14)] = 0.000571
E[P_neut(15)] = 0.000593
E[P_neut(16)] = 0.000542
E[P_neut(17)] = 0.000506
E[P_neut(18)] = 0.000492
E[P_neut(19)] = 0.000477

---- Expected P_sel(i), 0 < i < n (selected SFS per site) 
E[P_sel(1)] = 0.003741
E[P_sel(2)] = 0.001492
E[P_sel(3)] = 0.000903
E[P_sel(4)] = 0.000621
E[P_sel(5)] = 0.000490
E[P_sel(6)] = 0.000374
E[P_sel(7)] = 0.000316
E[P_sel(8)] = 0.000266
E[P_sel(9)] = 0.000229
E[P_sel(10)] = 0.000206
E[P_sel(11)] = 0.000182
E[P_sel(12)] = 0.000166
E[P_sel(13)] = 0.000142
E[P_sel(14)] = 0.000132
E[P_sel(15)] = 0.000135
E[P_sel(16)] = 0.000122
E[P_sel(17)] = 0.000113
E[P_sel(18)] = 0.000109
E[P_sel(19)] = 0.000105

---- Expected neutral and selected misattributed polymorphism per site
E[mis_neut] = 0.000455
E[mis_sel] = 0.000099

---- alpha_div = 0.324711
---- alpha_dfe = 0.014437



