---- Performing inference on Ns50_pa_0.001_boots/Ns50_pa_0.001.67.polyDFE.txt using model B

---- Warning: mutation variability is not used when only one neutral and one selected fragment is available.
---- No mutation variability. Using Poisson likelihood.

---- Using provided initial values


-- Starting local optimization
 it       eps_an        eps_cont      lambda        theta_bar      S_d            b             p_b           S_b           r  2          r  3          r  4          r  5          r  6          r  7          r  8          r  9          r 10          r 11          r 12          r 13          r 14          r 15          r 16          r 17          r 18          r 19          r 20         ln lk             grad     status
  0      4.50e-06      9.00e-07       0.00500       0.00100     -400.00000       0.40000       0.02000       4.00000       1.00000       1.00000       1.00000       1.00000       1.00000       1.00000       1.00000       1.00000       1.00000       1.00000       1.00000       1.00000       1.00000       1.00000       1.00000       1.00000       1.00000       1.00000       1.00000  -229063.4190602085   1639.44684   -2
 87      4.49e-06      9.00e-07       0.00502       0.00920     -823.97851       0.20163       0.00271      37.42980       0.99098       0.96615       0.95393       0.96913       0.93896       0.91797       0.88950       0.87976       0.89194       0.91341       0.86805       0.86187       0.95073       0.94445       0.95571       0.88732       0.96006       0.96244       0.90564  -223.5845684033      0.43839   -3
-- Local optimization: stuck in the same solution


---- Best joint likelihood found -223.58457 with gradient 0.43839
-- Model: B
--     eps_an        eps_cont      lambda        theta_bar     a        
--    4.49e-06      9.00e-07       0.00502       0.00920       -1.00000  
--      S_d            b             p_b           S_b      
--   -823.97851       0.20163       0.00271      37.42980  
--     r  2          r  3          r  4          r  5          r  6          r  7          r  8          r  9          r 10          r 11          r 12          r 13          r 14          r 15          r 16          r 17          r 18          r 19          r 20     
--     0.99098       0.96615       0.95393       0.96913       0.93896       0.91797       0.88950       0.87976       0.89194       0.91341       0.86805       0.86187       0.95073       0.94445       0.95571       0.88732       0.96006       0.96244       0.90564  

---- Expected P_neut(i), 0 < i < n (neutral SFS per site) 
E[P_neut(1)] = 0.009202
E[P_neut(2)] = 0.004559
E[P_neut(3)] = 0.002963
E[P_neut(4)] = 0.002194
E[P_neut(5)] = 0.001784
E[P_neut(6)] = 0.001440
E[P_neut(7)] = 0.001207
E[P_neut(8)] = 0.001023
E[P_neut(9)] = 0.000899
E[P_neut(10)] = 0.000821
E[P_neut(11)] = 0.000764
E[P_neut(12)] = 0.000666
E[P_neut(13)] = 0.000610
E[P_neut(14)] = 0.000625
E[P_neut(15)] = 0.000579
E[P_neut(16)] = 0.000550
E[P_neut(17)] = 0.000480
E[P_neut(18)] = 0.000491
E[P_neut(19)] = 0.000466

---- Expected P_sel(i), 0 < i < n (selected SFS per site) 
E[P_sel(1)] = 0.003718
E[P_sel(2)] = 0.001508
E[P_sel(3)] = 0.000892
E[P_sel(4)] = 0.000623
E[P_sel(5)] = 0.000485
E[P_sel(6)] = 0.000379
E[P_sel(7)] = 0.000309
E[P_sel(8)] = 0.000256
E[P_sel(9)] = 0.000221
E[P_sel(10)] = 0.000199
E[P_sel(11)] = 0.000182
E[P_sel(12)] = 0.000157
E[P_sel(13)] = 0.000143
E[P_sel(14)] = 0.000145
E[P_sel(15)] = 0.000134
E[P_sel(16)] = 0.000127
E[P_sel(17)] = 0.000112
E[P_sel(18)] = 0.000117
E[P_sel(19)] = 0.000116

---- Expected D_neut and D_sel (neutral and selected divergence per site) 
E[D_neut] = 0.005438
E[D_sel] = 0.001669

---- Expected neutral and selected misattributed polymorphism per site
E[mis_neut] = 0.000417
E[mis_sel] = 0.000112

---- alpha_div = 0.331540
---- alpha_dfe = 0.326719



