---- Performing inference on Ns50_pa_0.001_boots/Ns50_pa_0.001.88.polyDFE.txt using model B

---- Warning: mutation variability is not used when only one neutral and one selected fragment is available.
---- No mutation variability. Using Poisson likelihood.

---- Using provided initial values


-- Starting local optimization
 it       eps_an        eps_cont      lambda        theta_bar      S_d            b             p_b           S_b           r  2          r  3          r  4          r  5          r  6          r  7          r  8          r  9          r 10          r 11          r 12          r 13          r 14          r 15          r 16          r 17          r 18          r 19          r 20         ln lk             grad     status
  0      4.50e-06      9.00e-07       0.00500       0.00100     -400.00000       0.40000       0.02000       4.00000       1.00000       1.00000       1.00000       1.00000       1.00000       1.00000       1.00000       1.00000       1.00000       1.00000       1.00000       1.00000       1.00000       1.00000       1.00000       1.00000       1.00000       1.00000       1.00000  -227337.9736403649   1631.18822   -2
 91      4.49e-06      9.00e-07       0.00509       0.00926    -1407.05817       0.18109       0.00221      37.42561       0.98436       0.94261       0.92657       0.95008       0.92344       0.90505       0.88204       0.87212       0.91286       0.90807       0.87113       0.86258       0.93065       0.91523       0.89459       0.87684       0.87368       0.96257       0.87579  -229.1348686092      0.37413   -3
-- Local optimization: stuck in the same solution


---- Best joint likelihood found -229.13487 with gradient 0.37413
-- Model: B
--     eps_an        eps_cont      lambda        theta_bar     a        
--    4.49e-06      9.00e-07       0.00509       0.00926       -1.00000  
--      S_d            b             p_b           S_b      
--  -1407.05817       0.18109       0.00221      37.42561  
--     r  2          r  3          r  4          r  5          r  6          r  7          r  8          r  9          r 10          r 11          r 12          r 13          r 14          r 15          r 16          r 17          r 18          r 19          r 20     
--     0.98436       0.94261       0.92657       0.95008       0.92344       0.90505       0.88204       0.87212       0.91286       0.90807       0.87113       0.86258       0.93065       0.91523       0.89459       0.87684       0.87368       0.96257       0.87579  

---- Expected P_neut(i), 0 < i < n (neutral SFS per site) 
E[P_neut(1)] = 0.009263
E[P_neut(2)] = 0.004559
E[P_neut(3)] = 0.002910
E[P_neut(4)] = 0.002146
E[P_neut(5)] = 0.001760
E[P_neut(6)] = 0.001426
E[P_neut(7)] = 0.001198
E[P_neut(8)] = 0.001021
E[P_neut(9)] = 0.000898
E[P_neut(10)] = 0.000846
E[P_neut(11)] = 0.000765
E[P_neut(12)] = 0.000672
E[P_neut(13)] = 0.000615
E[P_neut(14)] = 0.000616
E[P_neut(15)] = 0.000565
E[P_neut(16)] = 0.000518
E[P_neut(17)] = 0.000478
E[P_neut(18)] = 0.000450
E[P_neut(19)] = 0.000469

---- Expected P_sel(i), 0 < i < n (selected SFS per site) 
E[P_sel(1)] = 0.003655
E[P_sel(2)] = 0.001501
E[P_sel(3)] = 0.000881
E[P_sel(4)] = 0.000616
E[P_sel(5)] = 0.000486
E[P_sel(6)] = 0.000382
E[P_sel(7)] = 0.000313
E[P_sel(8)] = 0.000262
E[P_sel(9)] = 0.000226
E[P_sel(10)] = 0.000210
E[P_sel(11)] = 0.000188
E[P_sel(12)] = 0.000163
E[P_sel(13)] = 0.000148
E[P_sel(14)] = 0.000147
E[P_sel(15)] = 0.000135
E[P_sel(16)] = 0.000123
E[P_sel(17)] = 0.000114
E[P_sel(18)] = 0.000109
E[P_sel(19)] = 0.000118

---- Expected D_neut and D_sel (neutral and selected divergence per site) 
E[D_neut] = 0.005492
E[D_sel] = 0.001638

---- Expected neutral and selected misattributed polymorphism per site
E[mis_neut] = 0.000406
E[mis_sel] = 0.000108

---- alpha_div = 0.280505
---- alpha_dfe = 0.275184



