---- Performing inference on Ns50_pa_0.001_boots/Ns50_pa_0.001.91.polyDFE.txt using model B

---- Warning: mutation variability is not used when only one neutral and one selected fragment is available.
---- No mutation variability. Using Poisson likelihood.

---- Using provided initial values


-- Starting local optimization
 it       eps_an        theta_bar      S_d            b             r  2          r  3          r  4          r  5          r  6          r  7          r  8          r  9          r 10          r 11          r 12          r 13          r 14          r 15          r 16          r 17          r 18          r 19         ln lk             grad     status
  0      4.50e-06       0.00100     -400.00000       0.40000       1.00000       1.00000       1.00000       1.00000       1.00000       1.00000       1.00000       1.00000       1.00000       1.00000       1.00000       1.00000       1.00000       1.00000       1.00000       1.00000       1.00000       1.00000  -236961.3459519705   1698.64886   -2
115      4.50e-06       0.00916     -981.90288       0.18901       0.98503       0.96203       0.94799       0.97228       0.92755       0.91754       0.87824       0.89755       0.87999       0.90755       0.85779       0.85704       0.91815       0.93607       0.95509       0.95920       0.95277       1.05174  -193.9252193327      0.00163   -3
-- Local optimization: stuck in the same solution


---- Best joint likelihood found -193.92522 with gradient 0.00163
-- Model: B
--     eps_an        eps_cont      theta_bar     a        
--    4.50e-06      0.00e+00       0.00916       -1.00000  
--      S_d            b             p_b           S_b      
--   -981.90288       0.18901      0.00e+00      0.00e+00  
--     r  2          r  3          r  4          r  5          r  6          r  7          r  8          r  9          r 10          r 11          r 12          r 13          r 14          r 15          r 16          r 17          r 18          r 19     
--     0.98503       0.96203       0.94799       0.97228       0.92755       0.91754       0.87824       0.89755       0.87999       0.90755       0.85779       0.85704       0.91815       0.93607       0.95509       0.95920       0.95277       1.05174  

---- Expected P_neut(i), 0 < i < n (neutral SFS per site) 
E[P_neut(1)] = 0.009160
E[P_neut(2)] = 0.004511
E[P_neut(3)] = 0.002937
E[P_neut(4)] = 0.002171
E[P_neut(5)] = 0.001781
E[P_neut(6)] = 0.001416
E[P_neut(7)] = 0.001201
E[P_neut(8)] = 0.001006
E[P_neut(9)] = 0.000913
E[P_neut(10)] = 0.000806
E[P_neut(11)] = 0.000756
E[P_neut(12)] = 0.000655
E[P_neut(13)] = 0.000604
E[P_neut(14)] = 0.000601
E[P_neut(15)] = 0.000572
E[P_neut(16)] = 0.000547
E[P_neut(17)] = 0.000517
E[P_neut(18)] = 0.000485
E[P_neut(19)] = 0.000507

---- Expected P_sel(i), 0 < i < n (selected SFS per site) 
E[P_sel(1)] = 0.003727
E[P_sel(2)] = 0.001519
E[P_sel(3)] = 0.000905
E[P_sel(4)] = 0.000632
E[P_sel(5)] = 0.000497
E[P_sel(6)] = 0.000383
E[P_sel(7)] = 0.000316
E[P_sel(8)] = 0.000259
E[P_sel(9)] = 0.000231
E[P_sel(10)] = 0.000200
E[P_sel(11)] = 0.000185
E[P_sel(12)] = 0.000158
E[P_sel(13)] = 0.000144
E[P_sel(14)] = 0.000141
E[P_sel(15)] = 0.000133
E[P_sel(16)] = 0.000126
E[P_sel(17)] = 0.000118
E[P_sel(18)] = 0.000110
E[P_sel(19)] = 0.000114

---- Expected neutral and selected misattributed polymorphism per site
E[mis_neut] = 0.000458
E[mis_sel] = 0.000102

---- alpha_div = 0.284723
---- alpha_dfe = 0.000000



