---- Performing inference on Ns50_pa_0.001_boots/Ns50_pa_0.001.31.polyDFE.txt using model B

---- Warning: mutation variability is not used when only one neutral and one selected fragment is available.
---- No mutation variability. Using Poisson likelihood.

---- Using provided initial values


-- Starting local optimization
 it       eps_an        theta_bar      S_d            b             r  2          r  3          r  4          r  5          r  6          r  7          r  8          r  9          r 10          r 11          r 12          r 13          r 14          r 15          r 16          r 17          r 18          r 19         ln lk             grad     status
  0      4.50e-06       0.00100     -400.00000       0.40000       1.00000       1.00000       1.00000       1.00000       1.00000       1.00000       1.00000       1.00000       1.00000       1.00000       1.00000       1.00000       1.00000       1.00000       1.00000       1.00000       1.00000       1.00000  -237134.7494049461   1696.79524   -2
137      4.50e-06       0.00922    -1014.97362       0.19098       0.99140       0.97171       0.94243       0.96093       0.93048       0.92832       0.88324       0.89682       0.90460       0.91277       0.89321       0.86633       0.89948       0.93985       0.92557       0.95279       0.97635       1.02313  -199.6862358436      0.00727   -3
-- Local optimization: stuck in the same solution


---- Best joint likelihood found -199.68624 with gradient 0.00727
-- Model: B
--     eps_an        eps_cont      theta_bar     a        
--    4.50e-06      0.00e+00       0.00922       -1.00000  
--      S_d            b             p_b           S_b      
--  -1014.97362       0.19098      0.00e+00      0.00e+00  
--     r  2          r  3          r  4          r  5          r  6          r  7          r  8          r  9          r 10          r 11          r 12          r 13          r 14          r 15          r 16          r 17          r 18          r 19     
--     0.99140       0.97171       0.94243       0.96093       0.93048       0.92832       0.88324       0.89682       0.90460       0.91277       0.89321       0.86633       0.89948       0.93985       0.92557       0.95279       0.97635       1.02313  

---- Expected P_neut(i), 0 < i < n (neutral SFS per site) 
E[P_neut(1)] = 0.009223
E[P_neut(2)] = 0.004572
E[P_neut(3)] = 0.002987
E[P_neut(4)] = 0.002173
E[P_neut(5)] = 0.001773
E[P_neut(6)] = 0.001430
E[P_neut(7)] = 0.001223
E[P_neut(8)] = 0.001018
E[P_neut(9)] = 0.000919
E[P_neut(10)] = 0.000834
E[P_neut(11)] = 0.000765
E[P_neut(12)] = 0.000686
E[P_neut(13)] = 0.000615
E[P_neut(14)] = 0.000593
E[P_neut(15)] = 0.000578
E[P_neut(16)] = 0.000534
E[P_neut(17)] = 0.000517
E[P_neut(18)] = 0.000500
E[P_neut(19)] = 0.000497

---- Expected P_sel(i), 0 < i < n (selected SFS per site) 
E[P_sel(1)] = 0.003703
E[P_sel(2)] = 0.001515
E[P_sel(3)] = 0.000905
E[P_sel(4)] = 0.000622
E[P_sel(5)] = 0.000486
E[P_sel(6)] = 0.000380
E[P_sel(7)] = 0.000316
E[P_sel(8)] = 0.000257
E[P_sel(9)] = 0.000228
E[P_sel(10)] = 0.000203
E[P_sel(11)] = 0.000183
E[P_sel(12)] = 0.000162
E[P_sel(13)] = 0.000143
E[P_sel(14)] = 0.000137
E[P_sel(15)] = 0.000132
E[P_sel(16)] = 0.000120
E[P_sel(17)] = 0.000116
E[P_sel(18)] = 0.000111
E[P_sel(19)] = 0.000109

---- Expected neutral and selected misattributed polymorphism per site
E[mis_neut] = 0.000461
E[mis_sel] = 0.000100

---- alpha_div = 0.310805
---- alpha_dfe = 0.000000



