---- Performing inference on Ns50_pa_0.001_boots/Ns50_pa_0.001.6.polyDFE.txt using model B

---- Warning: mutation variability is not used when only one neutral and one selected fragment is available.
---- No mutation variability. Using Poisson likelihood.

---- Using provided initial values


-- Starting local optimization
 it       eps_an        eps_cont      theta_bar      S_d            b             p_b           S_b           r  2          r  3          r  4          r  5          r  6          r  7          r  8          r  9          r 10          r 11          r 12          r 13          r 14          r 15          r 16          r 17          r 18          r 19         ln lk             grad     status
  0      4.50e-06      9.00e-07       0.00100     -400.00000       0.40000       0.02000       4.00000       1.00000       1.00000       1.00000       1.00000       1.00000       1.00000       1.00000       1.00000       1.00000       1.00000       1.00000       1.00000       1.00000       1.00000       1.00000       1.00000       1.00000       1.00000  -227876.3672236705   1610.35886   -2
187      4.50e-06      9.00e-07       0.00909     -802.18865       0.19968       0.00537       0.90565       1.00083       0.98355       0.94746       0.96892       0.93083       0.94435       0.91911       0.88229       0.92348       0.93515       0.90268       0.86151       0.92377       0.95712       0.94968       0.91653       1.00062       1.04897  -197.4688800665      0.02505   -3
-- Local optimization: stuck in the same solution


---- Best joint likelihood found -197.46888 with gradient 0.02505
-- Model: B
--     eps_an        eps_cont      theta_bar     a        
--    4.50e-06      9.00e-07       0.00909       -1.00000  
--      S_d            b             p_b           S_b      
--   -802.18865       0.19968       0.00537       0.90565  
--     r  2          r  3          r  4          r  5          r  6          r  7          r  8          r  9          r 10          r 11          r 12          r 13          r 14          r 15          r 16          r 17          r 18          r 19     
--     1.00083       0.98355       0.94746       0.96892       0.93083       0.94435       0.91911       0.88229       0.92348       0.93515       0.90268       0.86151       0.92377       0.95712       0.94968       0.91653       1.00062       1.04897  

---- Expected P_neut(i), 0 < i < n (neutral SFS per site) 
E[P_neut(1)] = 0.009095
E[P_neut(2)] = 0.004551
E[P_neut(3)] = 0.002982
E[P_neut(4)] = 0.002154
E[P_neut(5)] = 0.001762
E[P_neut(6)] = 0.001411
E[P_neut(7)] = 0.001227
E[P_neut(8)] = 0.001045
E[P_neut(9)] = 0.000892
E[P_neut(10)] = 0.000840
E[P_neut(11)] = 0.000773
E[P_neut(12)] = 0.000684
E[P_neut(13)] = 0.000603
E[P_neut(14)] = 0.000600
E[P_neut(15)] = 0.000580
E[P_neut(16)] = 0.000540
E[P_neut(17)] = 0.000490
E[P_neut(18)] = 0.000506
E[P_neut(19)] = 0.000502

---- Expected P_sel(i), 0 < i < n (selected SFS per site) 
E[P_sel(1)] = 0.003732
E[P_sel(2)] = 0.001534
E[P_sel(3)] = 0.000916
E[P_sel(4)] = 0.000624
E[P_sel(5)] = 0.000490
E[P_sel(6)] = 0.000379
E[P_sel(7)] = 0.000321
E[P_sel(8)] = 0.000267
E[P_sel(9)] = 0.000224
E[P_sel(10)] = 0.000207
E[P_sel(11)] = 0.000188
E[P_sel(12)] = 0.000164
E[P_sel(13)] = 0.000143
E[P_sel(14)] = 0.000140
E[P_sel(15)] = 0.000134
E[P_sel(16)] = 0.000124
E[P_sel(17)] = 0.000111
E[P_sel(18)] = 0.000114
E[P_sel(19)] = 0.000112

---- Expected neutral and selected misattributed polymorphism per site
E[mis_neut] = 0.000455
E[mis_sel] = 0.000101

---- alpha_div = 0.327143
---- alpha_dfe = 0.037063



