---- Performing inference on Ns50_pa_0.001_boots/Ns50_pa_0.001.20.polyDFE.txt using model B

---- Warning: mutation variability is not used when only one neutral and one selected fragment is available.
---- No mutation variability. Using Poisson likelihood.

---- Using provided initial values


-- Starting local optimization
 it       eps_an        eps_cont      theta_bar      S_d            b             p_b           S_b           r  2          r  3          r  4          r  5          r  6          r  7          r  8          r  9          r 10          r 11          r 12          r 13          r 14          r 15          r 16          r 17          r 18          r 19         ln lk             grad     status
  0      4.50e-06      9.00e-07       0.00100     -400.00000       0.40000       0.02000       4.00000       1.00000       1.00000       1.00000       1.00000       1.00000       1.00000       1.00000       1.00000       1.00000       1.00000       1.00000       1.00000       1.00000       1.00000       1.00000       1.00000       1.00000       1.00000  -226810.8531554749   1602.89459   -2
505      4.50e-06      9.00e-07       0.00922     -888.18591       0.19826       0.00529       0.62634       0.98027       0.97216       0.91831       0.96457       0.94914       0.92848       0.88629       0.89623       0.89459       0.91218       0.88060       0.88403       0.89198       0.98765       0.96305       0.90356       0.94782       1.00763  -204.6831344231      0.00149   -3
-- Local optimization: stuck in the same solution


---- Best joint likelihood found -204.68313 with gradient 0.00149
-- Model: B
--     eps_an        eps_cont      theta_bar     a        
--    4.50e-06      9.00e-07       0.00922       -1.00000  
--      S_d            b             p_b           S_b      
--   -888.18591       0.19826       0.00529       0.62634  
--     r  2          r  3          r  4          r  5          r  6          r  7          r  8          r  9          r 10          r 11          r 12          r 13          r 14          r 15          r 16          r 17          r 18          r 19     
--     0.98027       0.97216       0.91831       0.96457       0.94914       0.92848       0.88629       0.89623       0.89459       0.91218       0.88060       0.88403       0.89198       0.98765       0.96305       0.90356       0.94782       1.00763  

---- Expected P_neut(i), 0 < i < n (neutral SFS per site) 
E[P_neut(1)] = 0.009223
E[P_neut(2)] = 0.004521
E[P_neut(3)] = 0.002989
E[P_neut(4)] = 0.002117
E[P_neut(5)] = 0.001779
E[P_neut(6)] = 0.001459
E[P_neut(7)] = 0.001223
E[P_neut(8)] = 0.001022
E[P_neut(9)] = 0.000918
E[P_neut(10)] = 0.000825
E[P_neut(11)] = 0.000765
E[P_neut(12)] = 0.000677
E[P_neut(13)] = 0.000627
E[P_neut(14)] = 0.000588
E[P_neut(15)] = 0.000607
E[P_neut(16)] = 0.000555
E[P_neut(17)] = 0.000490
E[P_neut(18)] = 0.000486
E[P_neut(19)] = 0.000489

---- Expected P_sel(i), 0 < i < n (selected SFS per site) 
E[P_sel(1)] = 0.003730
E[P_sel(2)] = 0.001503
E[P_sel(3)] = 0.000907
E[P_sel(4)] = 0.000606
E[P_sel(5)] = 0.000488
E[P_sel(6)] = 0.000387
E[P_sel(7)] = 0.000316
E[P_sel(8)] = 0.000258
E[P_sel(9)] = 0.000227
E[P_sel(10)] = 0.000201
E[P_sel(11)] = 0.000183
E[P_sel(12)] = 0.000160
E[P_sel(13)] = 0.000146
E[P_sel(14)] = 0.000136
E[P_sel(15)] = 0.000139
E[P_sel(16)] = 0.000125
E[P_sel(17)] = 0.000110
E[P_sel(18)] = 0.000108
E[P_sel(19)] = 0.000108

---- Expected neutral and selected misattributed polymorphism per site
E[mis_neut] = 0.000461
E[mis_sel] = 0.000101

---- alpha_div = 0.336761
---- alpha_dfe = 0.032817



