---- Performing inference on Ns50_pa_0.001_boots/Ns50_pa_0.001.79.polyDFE.txt using model B

---- Warning: mutation variability is not used when only one neutral and one selected fragment is available.
---- No mutation variability. Using Poisson likelihood.

---- Using provided initial values


-- Starting local optimization
 it       eps_an        lambda        theta_bar      S_d            b             r  2          r  3          r  4          r  5          r  6          r  7          r  8          r  9          r 10          r 11          r 12          r 13          r 14          r 15          r 16          r 17          r 18          r 19          r 20         ln lk             grad     status
  0      4.50e-06       0.00500       0.00100     -400.00000       0.40000       1.00000       1.00000       1.00000       1.00000       1.00000       1.00000       1.00000       1.00000       1.00000       1.00000       1.00000       1.00000       1.00000       1.00000       1.00000       1.00000       1.00000       1.00000       1.00000  -246025.2734159456   1826.00004   -2
759      4.33e-06       0.00008       0.00941    -5171.44925       0.13963       0.95090       0.92836       0.89265       0.90809       0.89902       0.87384       0.83785       0.84960       0.81310       0.86117       0.83934       0.82321       0.82854       0.87471       0.91804       0.82202       0.89196       0.90951      12.54128  -403.8613877141      0.00742   -6
-- Local optimization: reached maximum running time allowed


---- Best joint likelihood found -403.86139 with gradient 0.00742
-- Model: B
--     eps_an        eps_cont      lambda        theta_bar     a        
--    4.33e-06      0.00e+00       0.00008       0.00941       -1.00000  
--      S_d            b             p_b           S_b      
--  -5171.44925       0.13963      0.00e+00      0.00e+00  
--     r  2          r  3          r  4          r  5          r  6          r  7          r  8          r  9          r 10          r 11          r 12          r 13          r 14          r 15          r 16          r 17          r 18          r 19          r 20     
--     0.95090       0.92836       0.89265       0.90809       0.89902       0.87384       0.83785       0.84960       0.81310       0.86117       0.83934       0.82321       0.82854       0.87471       0.91804       0.82202       0.89196       0.90951      12.54128  

---- Expected P_neut(i), 0 < i < n (neutral SFS per site) 
E[P_neut(1)] = 0.009407
E[P_neut(2)] = 0.004473
E[P_neut(3)] = 0.002911
E[P_neut(4)] = 0.002099
E[P_neut(5)] = 0.001709
E[P_neut(6)] = 0.001410
E[P_neut(7)] = 0.001174
E[P_neut(8)] = 0.000985
E[P_neut(9)] = 0.000888
E[P_neut(10)] = 0.000765
E[P_neut(11)] = 0.000736
E[P_neut(12)] = 0.000658
E[P_neut(13)] = 0.000596
E[P_neut(14)] = 0.000557
E[P_neut(15)] = 0.000549
E[P_neut(16)] = 0.000540
E[P_neut(17)] = 0.000455
E[P_neut(18)] = 0.000466
E[P_neut(19)] = 0.000450

---- Expected P_sel(i), 0 < i < n (selected SFS per site) 
E[P_sel(1)] = 0.003677
E[P_sel(2)] = 0.001520
E[P_sel(3)] = 0.000927
E[P_sel(4)] = 0.000642
E[P_sel(5)] = 0.000507
E[P_sel(6)] = 0.000408
E[P_sel(7)] = 0.000333
E[P_sel(8)] = 0.000275
E[P_sel(9)] = 0.000244
E[P_sel(10)] = 0.000208
E[P_sel(11)] = 0.000198
E[P_sel(12)] = 0.000175
E[P_sel(13)] = 0.000157
E[P_sel(14)] = 0.000145
E[P_sel(15)] = 0.000142
E[P_sel(16)] = 0.000139
E[P_sel(17)] = 0.000116
E[P_sel(18)] = 0.000118
E[P_sel(19)] = 0.000113

---- Expected D_neut and D_sel (neutral and selected divergence per site) 
E[D_neut] = 0.005978
E[D_sel] = 0.001497

---- Expected neutral and selected misattributed polymorphism per site
E[mis_neut] = 0.005899
E[mis_sel] = 0.001478

---- alpha_div = 1.560711
---- alpha_dfe = 0.000000



