---- Performing inference on Ns50_pa_0.001_boots/Ns50_pa_0.001.20.polyDFE.txt using model B

---- Warning: mutation variability is not used when only one neutral and one selected fragment is available.
---- No mutation variability. Using Poisson likelihood.

---- Using provided initial values


-- Starting local optimization
 it       eps_an        theta_bar      S_d            b             r  2          r  3          r  4          r  5          r  6          r  7          r  8          r  9          r 10          r 11          r 12          r 13          r 14          r 15          r 16          r 17          r 18          r 19         ln lk             grad     status
  0      4.50e-06       0.00100     -400.00000       0.40000       1.00000       1.00000       1.00000       1.00000       1.00000       1.00000       1.00000       1.00000       1.00000       1.00000       1.00000       1.00000       1.00000       1.00000       1.00000       1.00000       1.00000       1.00000  -236875.1544379634   1695.42831   -2
159      4.50e-06       0.00923     -932.56465       0.19358       0.97943       0.97114       0.91733       0.96360       0.94828       0.92775       0.88572       0.89577       0.89428       0.91201       0.88059       0.88417       0.89228       0.98817       0.96374       0.90437       0.94886       1.00894  -204.6963362029      0.00107   -3
-- Local optimization: stuck in the same solution


---- Best joint likelihood found -204.69634 with gradient 0.00107
-- Model: B
--     eps_an        eps_cont      theta_bar     a        
--    4.50e-06      0.00e+00       0.00923       -1.00000  
--      S_d            b             p_b           S_b      
--   -932.56465       0.19358      0.00e+00      0.00e+00  
--     r  2          r  3          r  4          r  5          r  6          r  7          r  8          r  9          r 10          r 11          r 12          r 13          r 14          r 15          r 16          r 17          r 18          r 19     
--     0.97943       0.97114       0.91733       0.96360       0.94828       0.92775       0.88572       0.89577       0.89428       0.91201       0.88059       0.88417       0.89228       0.98817       0.96374       0.90437       0.94886       1.00894  

---- Expected P_neut(i), 0 < i < n (neutral SFS per site) 
E[P_neut(1)] = 0.009227
E[P_neut(2)] = 0.004519
E[P_neut(3)] = 0.002987
E[P_neut(4)] = 0.002116
E[P_neut(5)] = 0.001778
E[P_neut(6)] = 0.001458
E[P_neut(7)] = 0.001223
E[P_neut(8)] = 0.001022
E[P_neut(9)] = 0.000918
E[P_neut(10)] = 0.000825
E[P_neut(11)] = 0.000765
E[P_neut(12)] = 0.000677
E[P_neut(13)] = 0.000628
E[P_neut(14)] = 0.000588
E[P_neut(15)] = 0.000608
E[P_neut(16)] = 0.000556
E[P_neut(17)] = 0.000491
E[P_neut(18)] = 0.000486
E[P_neut(19)] = 0.000490

---- Expected P_sel(i), 0 < i < n (selected SFS per site) 
E[P_sel(1)] = 0.003729
E[P_sel(2)] = 0.001503
E[P_sel(3)] = 0.000907
E[P_sel(4)] = 0.000606
E[P_sel(5)] = 0.000488
E[P_sel(6)] = 0.000388
E[P_sel(7)] = 0.000316
E[P_sel(8)] = 0.000258
E[P_sel(9)] = 0.000227
E[P_sel(10)] = 0.000201
E[P_sel(11)] = 0.000183
E[P_sel(12)] = 0.000160
E[P_sel(13)] = 0.000146
E[P_sel(14)] = 0.000135
E[P_sel(15)] = 0.000138
E[P_sel(16)] = 0.000125
E[P_sel(17)] = 0.000110
E[P_sel(18)] = 0.000108
E[P_sel(19)] = 0.000107

---- Expected neutral and selected misattributed polymorphism per site
E[mis_neut] = 0.000461
E[mis_sel] = 0.000100

---- alpha_div = 0.318128
---- alpha_dfe = 0.000000



