---- Performing inference on Ns50_pa_0.001_boots/Ns50_pa_0.001.68.polyDFE.txt using model B

---- Warning: mutation variability is not used when only one neutral and one selected fragment is available.
---- No mutation variability. Using Poisson likelihood.

---- Using provided initial values


-- Starting local optimization
 it       eps_an        theta_bar      S_d            b             r  2          r  3          r  4          r  5          r  6          r  7          r  8          r  9          r 10          r 11          r 12          r 13          r 14          r 15          r 16          r 17          r 18          r 19         ln lk             grad     status
  0      4.50e-06       0.00100     -400.00000       0.40000       1.00000       1.00000       1.00000       1.00000       1.00000       1.00000       1.00000       1.00000       1.00000       1.00000       1.00000       1.00000       1.00000       1.00000       1.00000       1.00000       1.00000       1.00000  -237514.4081791647   1699.98802   -2
 90      4.50e-06       0.00920     -903.72458       0.19326       0.99652       0.97057       0.91999       0.93085       0.91877       0.91534       0.88344       0.90339       0.92922       0.90339       0.85240       0.87442       0.90547       0.95836       0.93975       0.94815       0.99212       1.03043  -198.8044603636      0.00403   -3
-- Local optimization: stuck in the same solution


---- Best joint likelihood found -198.80446 with gradient 0.00403
-- Model: B
--     eps_an        eps_cont      theta_bar     a        
--    4.50e-06      0.00e+00       0.00920       -1.00000  
--      S_d            b             p_b           S_b      
--   -903.72458       0.19326      0.00e+00      0.00e+00  
--     r  2          r  3          r  4          r  5          r  6          r  7          r  8          r  9          r 10          r 11          r 12          r 13          r 14          r 15          r 16          r 17          r 18          r 19     
--     0.99652       0.97057       0.91999       0.93085       0.91877       0.91534       0.88344       0.90339       0.92922       0.90339       0.85240       0.87442       0.90547       0.95836       0.93975       0.94815       0.99212       1.03043  

---- Expected P_neut(i), 0 < i < n (neutral SFS per site) 
E[P_neut(1)] = 0.009204
E[P_neut(2)] = 0.004586
E[P_neut(3)] = 0.002978
E[P_neut(4)] = 0.002117
E[P_neut(5)] = 0.001714
E[P_neut(6)] = 0.001409
E[P_neut(7)] = 0.001204
E[P_neut(8)] = 0.001016
E[P_neut(9)] = 0.000924
E[P_neut(10)] = 0.000855
E[P_neut(11)] = 0.000756
E[P_neut(12)] = 0.000654
E[P_neut(13)] = 0.000619
E[P_neut(14)] = 0.000595
E[P_neut(15)] = 0.000588
E[P_neut(16)] = 0.000541
E[P_neut(17)] = 0.000513
E[P_neut(18)] = 0.000507
E[P_neut(19)] = 0.000499

---- Expected P_sel(i), 0 < i < n (selected SFS per site) 
E[P_sel(1)] = 0.003746
E[P_sel(2)] = 0.001537
E[P_sel(3)] = 0.000911
E[P_sel(4)] = 0.000611
E[P_sel(5)] = 0.000474
E[P_sel(6)] = 0.000378
E[P_sel(7)] = 0.000314
E[P_sel(8)] = 0.000259
E[P_sel(9)] = 0.000231
E[P_sel(10)] = 0.000210
E[P_sel(11)] = 0.000183
E[P_sel(12)] = 0.000156
E[P_sel(13)] = 0.000145
E[P_sel(14)] = 0.000138
E[P_sel(15)] = 0.000135
E[P_sel(16)] = 0.000123
E[P_sel(17)] = 0.000116
E[P_sel(18)] = 0.000113
E[P_sel(19)] = 0.000110

---- Expected neutral and selected misattributed polymorphism per site
E[mis_neut] = 0.000460
E[mis_sel] = 0.000101

---- alpha_div = 0.330110
---- alpha_dfe = 0.000000



