---- Performing inference on Ns50_pa_0.001_boots/Ns50_pa_0.001.33.polyDFE.txt using model B

---- Warning: mutation variability is not used when only one neutral and one selected fragment is available.
---- No mutation variability. Using Poisson likelihood.

---- Using provided initial values


-- Starting local optimization
 it       eps_an        eps_cont      lambda        theta_bar      S_d            b             p_b           S_b           r  2          r  3          r  4          r  5          r  6          r  7          r  8          r  9          r 10          r 11          r 12          r 13          r 14          r 15          r 16          r 17          r 18          r 19          r 20         ln lk             grad     status
  0      4.50e-06      9.00e-07       0.00500       0.00100     -400.00000       0.40000       0.02000       4.00000       1.00000       1.00000       1.00000       1.00000       1.00000       1.00000       1.00000       1.00000       1.00000       1.00000       1.00000       1.00000       1.00000       1.00000       1.00000       1.00000       1.00000       1.00000       1.00000  -229231.0158110749   1641.00906   -2
 76      4.49e-06      9.00e-07       0.00510       0.00916    -1065.20487       0.19045       0.00232      37.42990       1.00003       0.97880       0.95317       0.94836       0.94073       0.91250       0.91838       0.90593       0.94185       0.94925       0.87896       0.86443       0.90818       0.94126       0.93750       0.90962       0.93120       0.98537       0.87193  -235.5880177239      2.89392   -3
-- Local optimization: stuck in the same solution


---- Best joint likelihood found -235.58802 with gradient 2.89392
-- Model: B
--     eps_an        eps_cont      lambda        theta_bar     a        
--    4.49e-06      9.00e-07       0.00510       0.00916       -1.00000  
--      S_d            b             p_b           S_b      
--  -1065.20487       0.19045       0.00232      37.42990  
--     r  2          r  3          r  4          r  5          r  6          r  7          r  8          r  9          r 10          r 11          r 12          r 13          r 14          r 15          r 16          r 17          r 18          r 19          r 20     
--     1.00003       0.97880       0.95317       0.94836       0.94073       0.91250       0.91838       0.90593       0.94185       0.94925       0.87896       0.86443       0.90818       0.94126       0.93750       0.90962       0.93120       0.98537       0.87193  

---- Expected P_neut(i), 0 < i < n (neutral SFS per site) 
E[P_neut(1)] = 0.009162
E[P_neut(2)] = 0.004581
E[P_neut(3)] = 0.002989
E[P_neut(4)] = 0.002183
E[P_neut(5)] = 0.001738
E[P_neut(6)] = 0.001437
E[P_neut(7)] = 0.001194
E[P_neut(8)] = 0.001052
E[P_neut(9)] = 0.000922
E[P_neut(10)] = 0.000863
E[P_neut(11)] = 0.000791
E[P_neut(12)] = 0.000671
E[P_neut(13)] = 0.000609
E[P_neut(14)] = 0.000594
E[P_neut(15)] = 0.000575
E[P_neut(16)] = 0.000537
E[P_neut(17)] = 0.000490
E[P_neut(18)] = 0.000474
E[P_neut(19)] = 0.000475

---- Expected P_sel(i), 0 < i < n (selected SFS per site) 
E[P_sel(1)] = 0.003667
E[P_sel(2)] = 0.001516
E[P_sel(3)] = 0.000906
E[P_sel(4)] = 0.000626
E[P_sel(5)] = 0.000478
E[P_sel(6)] = 0.000383
E[P_sel(7)] = 0.000310
E[P_sel(8)] = 0.000268
E[P_sel(9)] = 0.000231
E[P_sel(10)] = 0.000212
E[P_sel(11)] = 0.000192
E[P_sel(12)] = 0.000161
E[P_sel(13)] = 0.000145
E[P_sel(14)] = 0.000141
E[P_sel(15)] = 0.000135
E[P_sel(16)] = 0.000126
E[P_sel(17)] = 0.000116
E[P_sel(18)] = 0.000114
E[P_sel(19)] = 0.000118

---- Expected D_neut and D_sel (neutral and selected divergence per site) 
E[D_neut] = 0.005497
E[D_sel] = 0.001643

---- Expected neutral and selected misattributed polymorphism per site
E[mis_neut] = 0.000399
E[mis_sel] = 0.000106

---- alpha_div = 0.303754
---- alpha_dfe = 0.288193



