---- Performing inference on Ns5_pa_0.01_boots/Ns5_pa_0.01.79.polyDFE.txt using model B

---- Warning: mutation variability is not used when only one neutral and one selected fragment is available.
---- No mutation variability. Using Poisson likelihood.

---- Using provided initial values


-- Starting local optimization
 it       eps_an        eps_cont      theta_bar      S_d            b             p_b           S_b           r  2          r  3          r  4          r  5          r  6          r  7          r  8          r  9          r 10          r 11          r 12          r 13          r 14          r 15          r 16          r 17          r 18          r 19         ln lk             grad     status
  0      4.50e-06      9.00e-07       0.00100     -400.00000       0.40000       0.02000       4.00000       1.00000       1.00000       1.00000       1.00000       1.00000       1.00000       1.00000       1.00000       1.00000       1.00000       1.00000       1.00000       1.00000       1.00000       1.00000       1.00000       1.00000       1.00000  -250189.3286315863   1715.93263   -2
559      4.51e-06      9.00e-07       0.00952     -866.19035       0.20384       0.00947       6.52775       0.98330       0.99481       0.97390       0.97369       0.97935       0.97648       0.97514       0.98009       1.01773       0.93037       0.98905       0.98651       1.00531       0.94110       0.95687       1.03099       1.01581       1.00618  -192.4553828600      0.00167   -3
-- Local optimization: stuck in the same solution


---- Best joint likelihood found -192.45538 with gradient 0.00167
-- Model: B
--     eps_an        eps_cont      theta_bar     a        
--    4.51e-06      9.00e-07       0.00952       -1.00000  
--      S_d            b             p_b           S_b      
--   -866.19035       0.20384       0.00947       6.52775  
--     r  2          r  3          r  4          r  5          r  6          r  7          r  8          r  9          r 10          r 11          r 12          r 13          r 14          r 15          r 16          r 17          r 18          r 19     
--     0.98330       0.99481       0.97390       0.97369       0.97935       0.97648       0.97514       0.98009       1.01773       0.93037       0.98905       0.98651       1.00531       0.94110       0.95687       1.03099       1.01581       1.00618  

---- Expected P_neut(i), 0 < i < n (neutral SFS per site) 
E[P_neut(1)] = 0.009519
E[P_neut(2)] = 0.004680
E[P_neut(3)] = 0.003157
E[P_neut(4)] = 0.002318
E[P_neut(5)] = 0.001854
E[P_neut(6)] = 0.001554
E[P_neut(7)] = 0.001328
E[P_neut(8)] = 0.001160
E[P_neut(9)] = 0.001037
E[P_neut(10)] = 0.000969
E[P_neut(11)] = 0.000805
E[P_neut(12)] = 0.000785
E[P_neut(13)] = 0.000722
E[P_neut(14)] = 0.000684
E[P_neut(15)] = 0.000597
E[P_neut(16)] = 0.000569
E[P_neut(17)] = 0.000577
E[P_neut(18)] = 0.000537
E[P_neut(19)] = 0.000504

---- Expected P_sel(i), 0 < i < n (selected SFS per site) 
E[P_sel(1)] = 0.003823
E[P_sel(2)] = 0.001542
E[P_sel(3)] = 0.000950
E[P_sel(4)] = 0.000659
E[P_sel(5)] = 0.000506
E[P_sel(6)] = 0.000412
E[P_sel(7)] = 0.000344
E[P_sel(8)] = 0.000295
E[P_sel(9)] = 0.000260
E[P_sel(10)] = 0.000240
E[P_sel(11)] = 0.000197
E[P_sel(12)] = 0.000191
E[P_sel(13)] = 0.000175
E[P_sel(14)] = 0.000166
E[P_sel(15)] = 0.000145
E[P_sel(16)] = 0.000139
E[P_sel(17)] = 0.000142
E[P_sel(18)] = 0.000134
E[P_sel(19)] = 0.000127

---- Expected neutral and selected misattributed polymorphism per site
E[mis_neut] = 0.000476
E[mis_sel] = 0.000123

---- alpha_div = 0.330240
---- alpha_dfe = 0.234521



