---- Performing inference on Ns5_pa_0.01_boots/Ns5_pa_0.01.69.polyDFE.txt using model B

---- Warning: mutation variability is not used when only one neutral and one selected fragment is available.
---- No mutation variability. Using Poisson likelihood.

---- Using provided initial values


-- Starting local optimization
 it       eps_an        eps_cont      theta_bar      S_d            b             p_b           S_b           r  2          r  3          r  4          r  5          r  6          r  7          r  8          r  9          r 10          r 11          r 12          r 13          r 14          r 15          r 16          r 17          r 18          r 19         ln lk             grad     status
  0      4.50e-06      9.00e-07       0.00100     -400.00000       0.40000       0.02000       4.00000       1.00000       1.00000       1.00000       1.00000       1.00000       1.00000       1.00000       1.00000       1.00000       1.00000       1.00000       1.00000       1.00000       1.00000       1.00000       1.00000       1.00000       1.00000  -250848.2553364165   1719.90386   -2
 93      4.50e-06      9.00e-07       0.00944     -716.28757       0.22202       0.02223       4.01390       1.00255       1.02092       0.97728       0.99450       1.03065       1.00018       1.00395       0.96503       1.00409       0.93399       1.00102       0.97926       0.99501       0.93831       0.97333       1.00182       0.98142       0.97440  -195.7839379466      0.04087   -3
-- Local optimization: stuck in the same solution


---- Best joint likelihood found -195.78394 with gradient 0.04087
-- Model: B
--     eps_an        eps_cont      theta_bar     a        
--    4.50e-06      9.00e-07       0.00944       -1.00000  
--      S_d            b             p_b           S_b      
--   -716.28757       0.22202       0.02223       4.01390  
--     r  2          r  3          r  4          r  5          r  6          r  7          r  8          r  9          r 10          r 11          r 12          r 13          r 14          r 15          r 16          r 17          r 18          r 19     
--     1.00255       1.02092       0.97728       0.99450       1.03065       1.00018       1.00395       0.96503       1.00409       0.93399       1.00102       0.97926       0.99501       0.93831       0.97333       1.00182       0.98142       0.97440  

---- Expected P_neut(i), 0 < i < n (neutral SFS per site) 
E[P_neut(1)] = 0.009444
E[P_neut(2)] = 0.004734
E[P_neut(3)] = 0.003214
E[P_neut(4)] = 0.002307
E[P_neut(5)] = 0.001878
E[P_neut(6)] = 0.001622
E[P_neut(7)] = 0.001349
E[P_neut(8)] = 0.001185
E[P_neut(9)] = 0.001013
E[P_neut(10)] = 0.000948
E[P_neut(11)] = 0.000802
E[P_neut(12)] = 0.000788
E[P_neut(13)] = 0.000711
E[P_neut(14)] = 0.000671
E[P_neut(15)] = 0.000591
E[P_neut(16)] = 0.000575
E[P_neut(17)] = 0.000557
E[P_neut(18)] = 0.000515
E[P_neut(19)] = 0.000484

---- Expected P_sel(i), 0 < i < n (selected SFS per site) 
E[P_sel(1)] = 0.003794
E[P_sel(2)] = 0.001548
E[P_sel(3)] = 0.000958
E[P_sel(4)] = 0.000650
E[P_sel(5)] = 0.000509
E[P_sel(6)] = 0.000428
E[P_sel(7)] = 0.000349
E[P_sel(8)] = 0.000302
E[P_sel(9)] = 0.000255
E[P_sel(10)] = 0.000237
E[P_sel(11)] = 0.000199
E[P_sel(12)] = 0.000196
E[P_sel(13)] = 0.000177
E[P_sel(14)] = 0.000167
E[P_sel(15)] = 0.000148
E[P_sel(16)] = 0.000145
E[P_sel(17)] = 0.000142
E[P_sel(18)] = 0.000134
E[P_sel(19)] = 0.000128

---- Expected neutral and selected misattributed polymorphism per site
E[mis_neut] = 0.000472
E[mis_sel] = 0.000127

---- alpha_div = 0.381080
---- alpha_dfe = 0.330505



