---- Performing inference on Ns5_pa_0.01_boots/Ns5_pa_0.01.50.polyDFE.txt using model B

---- Warning: mutation variability is not used when only one neutral and one selected fragment is available.
---- No mutation variability. Using Poisson likelihood.

---- Using provided initial values


-- Starting local optimization
 it       eps_an        eps_cont      lambda        theta_bar      S_d            b             p_b           S_b           r  2          r  3          r  4          r  5          r  6          r  7          r  8          r  9          r 10          r 11          r 12          r 13          r 14          r 15          r 16          r 17          r 18          r 19          r 20         ln lk             grad     status
  0      4.50e-06      9.00e-07       0.00500       0.00100     -400.00000       0.40000       0.02000       4.00000       1.00000       1.00000       1.00000       1.00000       1.00000       1.00000       1.00000       1.00000       1.00000       1.00000       1.00000       1.00000       1.00000       1.00000       1.00000       1.00000       1.00000       1.00000       1.00000  -256073.7540827338   1769.43525   -2
243      4.50e-06      9.00e-07       0.00503       0.00956     -907.25896       0.19645       0.00408      21.58562       0.98263       1.01525       0.95758       0.95976       1.00143       0.97460       0.95228       0.97406       1.02270       0.93444       0.98735       0.97727       1.00404       0.97031       0.97739       1.02647       0.97606       1.03160       0.90112  -213.2128982354      0.00343   -3
-- Local optimization: stuck in the same solution


---- Best joint likelihood found -213.21290 with gradient 0.00343
-- Model: B
--     eps_an        eps_cont      lambda        theta_bar     a        
--    4.50e-06      9.00e-07       0.00503       0.00956       -1.00000  
--      S_d            b             p_b           S_b      
--   -907.25896       0.19645       0.00408      21.58562  
--     r  2          r  3          r  4          r  5          r  6          r  7          r  8          r  9          r 10          r 11          r 12          r 13          r 14          r 15          r 16          r 17          r 18          r 19          r 20     
--     0.98263       1.01525       0.95758       0.95976       1.00143       0.97460       0.95228       0.97406       1.02270       0.93444       0.98735       0.97727       1.00404       0.97031       0.97739       1.02647       0.97606       1.03160       0.90112  

---- Expected P_neut(i), 0 < i < n (neutral SFS per site) 
E[P_neut(1)] = 0.009560
E[P_neut(2)] = 0.004697
E[P_neut(3)] = 0.003235
E[P_neut(4)] = 0.002289
E[P_neut(5)] = 0.001835
E[P_neut(6)] = 0.001596
E[P_neut(7)] = 0.001331
E[P_neut(8)] = 0.001138
E[P_neut(9)] = 0.001035
E[P_neut(10)] = 0.000978
E[P_neut(11)] = 0.000812
E[P_neut(12)] = 0.000787
E[P_neut(13)] = 0.000719
E[P_neut(14)] = 0.000686
E[P_neut(15)] = 0.000618
E[P_neut(16)] = 0.000584
E[P_neut(17)] = 0.000577
E[P_neut(18)] = 0.000518
E[P_neut(19)] = 0.000519

---- Expected P_sel(i), 0 < i < n (selected SFS per site) 
E[P_sel(1)] = 0.003869
E[P_sel(2)] = 0.001565
E[P_sel(3)] = 0.000985
E[P_sel(4)] = 0.000658
E[P_sel(5)] = 0.000507
E[P_sel(6)] = 0.000427
E[P_sel(7)] = 0.000347
E[P_sel(8)] = 0.000291
E[P_sel(9)] = 0.000260
E[P_sel(10)] = 0.000242
E[P_sel(11)] = 0.000199
E[P_sel(12)] = 0.000191
E[P_sel(13)] = 0.000173
E[P_sel(14)] = 0.000164
E[P_sel(15)] = 0.000148
E[P_sel(16)] = 0.000141
E[P_sel(17)] = 0.000141
E[P_sel(18)] = 0.000129
E[P_sel(19)] = 0.000134

---- Expected D_neut and D_sel (neutral and selected divergence per site) 
E[D_neut] = 0.005461
E[D_sel] = 0.001626

---- Expected neutral and selected misattributed polymorphism per site
E[mis_neut] = 0.000431
E[mis_sel] = 0.000118

---- alpha_div = 0.293944
---- alpha_dfe = 0.293519



