---- Performing inference on Ns5_pa_0.01_boots/Ns5_pa_0.01.73.polyDFE.txt using model B

---- Warning: mutation variability is not used when only one neutral and one selected fragment is available.
---- No mutation variability. Using Poisson likelihood.

---- Using provided initial values


-- Starting local optimization
 it       eps_an        eps_cont      theta_bar      S_d            b             p_b           S_b           r  2          r  3          r  4          r  5          r  6          r  7          r  8          r  9          r 10          r 11          r 12          r 13          r 14          r 15          r 16          r 17          r 18          r 19         ln lk             grad     status
  0      4.50e-06      9.00e-07       0.00100     -400.00000       0.40000       0.02000       4.00000       1.00000       1.00000       1.00000       1.00000       1.00000       1.00000       1.00000       1.00000       1.00000       1.00000       1.00000       1.00000       1.00000       1.00000       1.00000       1.00000       1.00000       1.00000  -252351.1481859646   1726.79728   -2
169      4.50e-06      9.00e-07       0.00951     -589.49519       0.24144       0.03874       2.03437       0.99109       1.00550       0.97014       0.99229       1.00015       1.00114       0.96911       0.98846       0.99384       0.95764       0.99593       0.98400       0.98560       0.91627       1.00300       1.00144       0.97945       0.99196  -194.3814648719      0.03662   -3
-- Local optimization: stuck in the same solution


---- Best joint likelihood found -194.38146 with gradient 0.03662
-- Model: B
--     eps_an        eps_cont      theta_bar     a        
--    4.50e-06      9.00e-07       0.00951       -1.00000  
--      S_d            b             p_b           S_b      
--   -589.49519       0.24144       0.03874       2.03437  
--     r  2          r  3          r  4          r  5          r  6          r  7          r  8          r  9          r 10          r 11          r 12          r 13          r 14          r 15          r 16          r 17          r 18          r 19     
--     0.99109       1.00550       0.97014       0.99229       1.00015       1.00114       0.96911       0.98846       0.99384       0.95764       0.99593       0.98400       0.98560       0.91627       1.00300       1.00144       0.97945       0.99196  

---- Expected P_neut(i), 0 < i < n (neutral SFS per site) 
E[P_neut(1)] = 0.009509
E[P_neut(2)] = 0.004712
E[P_neut(3)] = 0.003187
E[P_neut(4)] = 0.002306
E[P_neut(5)] = 0.001887
E[P_neut(6)] = 0.001585
E[P_neut(7)] = 0.001360
E[P_neut(8)] = 0.001152
E[P_neut(9)] = 0.001044
E[P_neut(10)] = 0.000945
E[P_neut(11)] = 0.000828
E[P_neut(12)] = 0.000789
E[P_neut(13)] = 0.000720
E[P_neut(14)] = 0.000669
E[P_neut(15)] = 0.000581
E[P_neut(16)] = 0.000596
E[P_neut(17)] = 0.000560
E[P_neut(18)] = 0.000517
E[P_neut(19)] = 0.000497

---- Expected P_sel(i), 0 < i < n (selected SFS per site) 
E[P_sel(1)] = 0.003863
E[P_sel(2)] = 0.001549
E[P_sel(3)] = 0.000953
E[P_sel(4)] = 0.000652
E[P_sel(5)] = 0.000513
E[P_sel(6)] = 0.000419
E[P_sel(7)] = 0.000353
E[P_sel(8)] = 0.000294
E[P_sel(9)] = 0.000263
E[P_sel(10)] = 0.000236
E[P_sel(11)] = 0.000206
E[P_sel(12)] = 0.000196
E[P_sel(13)] = 0.000178
E[P_sel(14)] = 0.000166
E[P_sel(15)] = 0.000144
E[P_sel(16)] = 0.000148
E[P_sel(17)] = 0.000140
E[P_sel(18)] = 0.000130
E[P_sel(19)] = 0.000126

---- Expected neutral and selected misattributed polymorphism per site
E[mis_neut] = 0.000475
E[mis_sel] = 0.000121

---- alpha_div = 0.452687
---- alpha_dfe = 0.351663



