---- Performing inference on Ns5_pa_0.01_boots/Ns5_pa_0.01.6.polyDFE.txt using model B

---- Warning: mutation variability is not used when only one neutral and one selected fragment is available.
---- No mutation variability. Using Poisson likelihood.

---- Using provided initial values


-- Starting local optimization
 it       eps_an        lambda        theta_bar      S_d            b             r  2          r  3          r  4          r  5          r  6          r  7          r  8          r  9          r 10          r 11          r 12          r 13          r 14          r 15          r 16          r 17          r 18          r 19          r 20         ln lk             grad     status
  0      4.50e-06       0.00500       0.00100     -400.00000       0.40000       1.00000       1.00000       1.00000       1.00000       1.00000       1.00000       1.00000       1.00000       1.00000       1.00000       1.00000       1.00000       1.00000       1.00000       1.00000       1.00000       1.00000       1.00000       1.00000  -271765.1339767353   1952.39827   -2
673      4.47e-06       0.00016       0.00973    -5958.30758       0.13768       0.95462       0.95888       0.92558       0.91863       0.95084       0.95237       0.91806       0.91497       0.94690       0.87211       0.94846       0.91277       0.96903       0.93236       0.92505       0.99357       0.99243       1.00726      11.84312  -349.0544872222      0.20942   -6
-- Local optimization: reached maximum running time allowed


---- Best joint likelihood found -349.05449 with gradient 0.20942
-- Model: B
--     eps_an        eps_cont      lambda        theta_bar     a        
--    4.47e-06      0.00e+00       0.00016       0.00973       -1.00000  
--      S_d            b             p_b           S_b      
--  -5958.30758       0.13768      0.00e+00      0.00e+00  
--     r  2          r  3          r  4          r  5          r  6          r  7          r  8          r  9          r 10          r 11          r 12          r 13          r 14          r 15          r 16          r 17          r 18          r 19          r 20     
--     0.95462       0.95888       0.92558       0.91863       0.95084       0.95237       0.91806       0.91497       0.94690       0.87211       0.94846       0.91277       0.96903       0.93236       0.92505       0.99357       0.99243       1.00726      11.84312  

---- Expected P_neut(i), 0 < i < n (neutral SFS per site) 
E[P_neut(1)] = 0.009725
E[P_neut(2)] = 0.004642
E[P_neut(3)] = 0.003108
E[P_neut(4)] = 0.002250
E[P_neut(5)] = 0.001787
E[P_neut(6)] = 0.001541
E[P_neut(7)] = 0.001323
E[P_neut(8)] = 0.001116
E[P_neut(9)] = 0.000989
E[P_neut(10)] = 0.000921
E[P_neut(11)] = 0.000771
E[P_neut(12)] = 0.000769
E[P_neut(13)] = 0.000683
E[P_neut(14)] = 0.000673
E[P_neut(15)] = 0.000604
E[P_neut(16)] = 0.000562
E[P_neut(17)] = 0.000568
E[P_neut(18)] = 0.000536
E[P_neut(19)] = 0.000516

---- Expected P_sel(i), 0 < i < n (selected SFS per site) 
E[P_sel(1)] = 0.003770
E[P_sel(2)] = 0.001568
E[P_sel(3)] = 0.000985
E[P_sel(4)] = 0.000684
E[P_sel(5)] = 0.000527
E[P_sel(6)] = 0.000444
E[P_sel(7)] = 0.000374
E[P_sel(8)] = 0.000310
E[P_sel(9)] = 0.000271
E[P_sel(10)] = 0.000249
E[P_sel(11)] = 0.000206
E[P_sel(12)] = 0.000204
E[P_sel(13)] = 0.000179
E[P_sel(14)] = 0.000175
E[P_sel(15)] = 0.000156
E[P_sel(16)] = 0.000144
E[P_sel(17)] = 0.000145
E[P_sel(18)] = 0.000136
E[P_sel(19)] = 0.000130

---- Expected D_neut and D_sel (neutral and selected divergence per site) 
E[D_neut] = 0.005919
E[D_sel] = 0.001479

---- Expected neutral and selected misattributed polymorphism per site
E[mis_neut] = 0.005759
E[mis_sel] = 0.001439

---- alpha_div = 1.337609
---- alpha_dfe = 0.000000



