---- Performing inference on Ns5_pa_0.01_boots/Ns5_pa_0.01.0.polyDFE.txt using model B

---- Warning: mutation variability is not used when only one neutral and one selected fragment is available.
---- No mutation variability. Using Poisson likelihood.

---- Using provided initial values


-- Starting local optimization
 it       eps_an        theta_bar      S_d            b             r  2          r  3          r  4          r  5          r  6          r  7          r  8          r  9          r 10          r 11          r 12          r 13          r 14          r 15          r 16          r 17          r 18          r 19         ln lk             grad     status
  0      4.50e-06       0.00100     -400.00000       0.40000       1.00000       1.00000       1.00000       1.00000       1.00000       1.00000       1.00000       1.00000       1.00000       1.00000       1.00000       1.00000       1.00000       1.00000       1.00000       1.00000       1.00000       1.00000  -261968.2083925751   1820.98973   -2
174      4.50e-06       0.00960    -1616.48134       0.17443       0.97577       0.98474       0.93559       0.95217       0.99040       0.97830       0.97959       0.98061       0.95152       0.93549       1.00761       0.99123       1.00320       0.95367       1.01217       1.00650       1.05419       1.03056  -215.4940809815      0.00172   -3
-- Local optimization: stuck in the same solution


---- Best joint likelihood found -215.49408 with gradient 0.00172
-- Model: B
--     eps_an        eps_cont      theta_bar     a        
--    4.50e-06      0.00e+00       0.00960       -1.00000  
--      S_d            b             p_b           S_b      
--  -1616.48134       0.17443      0.00e+00      0.00e+00  
--     r  2          r  3          r  4          r  5          r  6          r  7          r  8          r  9          r 10          r 11          r 12          r 13          r 14          r 15          r 16          r 17          r 18          r 19     
--     0.97577       0.98474       0.93559       0.95217       0.99040       0.97830       0.97959       0.98061       0.95152       0.93549       1.00761       0.99123       1.00320       0.95367       1.01217       1.00650       1.05419       1.03056  

---- Expected P_neut(i), 0 < i < n (neutral SFS per site) 
E[P_neut(1)] = 0.009600
E[P_neut(2)] = 0.004683
E[P_neut(3)] = 0.003151
E[P_neut(4)] = 0.002245
E[P_neut(5)] = 0.001828
E[P_neut(6)] = 0.001585
E[P_neut(7)] = 0.001342
E[P_neut(8)] = 0.001175
E[P_neut(9)] = 0.001046
E[P_neut(10)] = 0.000913
E[P_neut(11)] = 0.000816
E[P_neut(12)] = 0.000806
E[P_neut(13)] = 0.000732
E[P_neut(14)] = 0.000688
E[P_neut(15)] = 0.000610
E[P_neut(16)] = 0.000607
E[P_neut(17)] = 0.000568
E[P_neut(18)] = 0.000562
E[P_neut(19)] = 0.000521

---- Expected P_sel(i), 0 < i < n (selected SFS per site) 
E[P_sel(1)] = 0.003787
E[P_sel(2)] = 0.001550
E[P_sel(3)] = 0.000961
E[P_sel(4)] = 0.000650
E[P_sel(5)] = 0.000509
E[P_sel(6)] = 0.000428
E[P_sel(7)] = 0.000354
E[P_sel(8)] = 0.000304
E[P_sel(9)] = 0.000265
E[P_sel(10)] = 0.000228
E[P_sel(11)] = 0.000201
E[P_sel(12)] = 0.000196
E[P_sel(13)] = 0.000176
E[P_sel(14)] = 0.000164
E[P_sel(15)] = 0.000144
E[P_sel(16)] = 0.000142
E[P_sel(17)] = 0.000131
E[P_sel(18)] = 0.000129
E[P_sel(19)] = 0.000118

---- Expected neutral and selected misattributed polymorphism per site
E[mis_neut] = 0.000480
E[mis_sel] = 0.000108

---- alpha_div = 0.266374
---- alpha_dfe = 0.000000



