---- Performing inference on Ns5_pa_0.01_boots/Ns5_pa_0.01.91.polyDFE.txt using model B

---- Warning: mutation variability is not used when only one neutral and one selected fragment is available.
---- No mutation variability. Using Poisson likelihood.

---- Using provided initial values


-- Starting local optimization
 it       eps_an        eps_cont      theta_bar      S_d            b             p_b           S_b           r  2          r  3          r  4          r  5          r  6          r  7          r  8          r  9          r 10          r 11          r 12          r 13          r 14          r 15          r 16          r 17          r 18          r 19         ln lk             grad     status
  0      4.50e-06      9.00e-07       0.00100     -400.00000       0.40000       0.02000       4.00000       1.00000       1.00000       1.00000       1.00000       1.00000       1.00000       1.00000       1.00000       1.00000       1.00000       1.00000       1.00000       1.00000       1.00000       1.00000       1.00000       1.00000       1.00000  -251484.6614884102   1723.17460   -2
367      4.51e-06      9.00e-07       0.00954     -906.95627       0.20201       0.01224       5.21536       0.97668       1.00280       0.95742       0.96353       0.99282       0.96523       0.95940       0.96059       1.00626       0.91608       0.98804       0.95976       1.00279       0.96863       0.97749       1.03255       1.01404       0.96400  -198.6224785211      0.00273   -3
-- Local optimization: stuck in the same solution


---- Best joint likelihood found -198.62248 with gradient 0.00273
-- Model: B
--     eps_an        eps_cont      theta_bar     a        
--    4.51e-06      9.00e-07       0.00954       -1.00000  
--      S_d            b             p_b           S_b      
--   -906.95627       0.20201       0.01224       5.21536  
--     r  2          r  3          r  4          r  5          r  6          r  7          r  8          r  9          r 10          r 11          r 12          r 13          r 14          r 15          r 16          r 17          r 18          r 19     
--     0.97668       1.00280       0.95742       0.96353       0.99282       0.96523       0.95940       0.96059       1.00626       0.91608       0.98804       0.95976       1.00279       0.96863       0.97749       1.03255       1.01404       0.96400  

---- Expected P_neut(i), 0 < i < n (neutral SFS per site) 
E[P_neut(1)] = 0.009544
E[P_neut(2)] = 0.004661
E[P_neut(3)] = 0.003190
E[P_neut(4)] = 0.002284
E[P_neut(5)] = 0.001839
E[P_neut(6)] = 0.001579
E[P_neut(7)] = 0.001316
E[P_neut(8)] = 0.001145
E[P_neut(9)] = 0.001019
E[P_neut(10)] = 0.000960
E[P_neut(11)] = 0.000795
E[P_neut(12)] = 0.000786
E[P_neut(13)] = 0.000705
E[P_neut(14)] = 0.000684
E[P_neut(15)] = 0.000616
E[P_neut(16)] = 0.000583
E[P_neut(17)] = 0.000580
E[P_neut(18)] = 0.000538
E[P_neut(19)] = 0.000484

---- Expected P_sel(i), 0 < i < n (selected SFS per site) 
E[P_sel(1)] = 0.003840
E[P_sel(2)] = 0.001544
E[P_sel(3)] = 0.000967
E[P_sel(4)] = 0.000656
E[P_sel(5)] = 0.000508
E[P_sel(6)] = 0.000424
E[P_sel(7)] = 0.000345
E[P_sel(8)] = 0.000295
E[P_sel(9)] = 0.000259
E[P_sel(10)] = 0.000242
E[P_sel(11)] = 0.000199
E[P_sel(12)] = 0.000195
E[P_sel(13)] = 0.000175
E[P_sel(14)] = 0.000169
E[P_sel(15)] = 0.000153
E[P_sel(16)] = 0.000145
E[P_sel(17)] = 0.000146
E[P_sel(18)] = 0.000136
E[P_sel(19)] = 0.000124

---- Expected neutral and selected misattributed polymorphism per site
E[mis_neut] = 0.000477
E[mis_sel] = 0.000125

---- alpha_div = 0.323891
---- alpha_dfe = 0.240919



