---- Performing inference on Ns5_pa_0.01_boots/Ns5_pa_0.01.58.polyDFE.txt using model B

---- Warning: mutation variability is not used when only one neutral and one selected fragment is available.
---- No mutation variability. Using Poisson likelihood.

---- Using provided initial values


-- Starting local optimization
 it       eps_an        theta_bar      S_d            b             r  2          r  3          r  4          r  5          r  6          r  7          r  8          r  9          r 10          r 11          r 12          r 13          r 14          r 15          r 16          r 17          r 18          r 19         ln lk             grad     status
  0      4.50e-06       0.00100     -400.00000       0.40000       1.00000       1.00000       1.00000       1.00000       1.00000       1.00000       1.00000       1.00000       1.00000       1.00000       1.00000       1.00000       1.00000       1.00000       1.00000       1.00000       1.00000       1.00000  -262083.8615070692   1823.40757   -2
121      4.50e-06       0.00961    -1848.43166       0.16903       0.97222       0.98173       0.95541       0.94127       0.97090       0.97704       0.96314       0.95850       0.98989       0.92065       0.98505       0.93242       0.96841       0.96406       0.98126       1.03714       0.99334       0.98826  -219.3077010690      0.00116   -3
-- Local optimization: stuck in the same solution


---- Best joint likelihood found -219.30770 with gradient 0.00116
-- Model: B
--     eps_an        eps_cont      theta_bar     a        
--    4.50e-06      0.00e+00       0.00961       -1.00000  
--      S_d            b             p_b           S_b      
--  -1848.43166       0.16903      0.00e+00      0.00e+00  
--     r  2          r  3          r  4          r  5          r  6          r  7          r  8          r  9          r 10          r 11          r 12          r 13          r 14          r 15          r 16          r 17          r 18          r 19     
--     0.97222       0.98173       0.95541       0.94127       0.97090       0.97704       0.96314       0.95850       0.98989       0.92065       0.98505       0.93242       0.96841       0.96406       0.98126       1.03714       0.99334       0.98826  

---- Expected P_neut(i), 0 < i < n (neutral SFS per site) 
E[P_neut(1)] = 0.009611
E[P_neut(2)] = 0.004672
E[P_neut(3)] = 0.003145
E[P_neut(4)] = 0.002295
E[P_neut(5)] = 0.001809
E[P_neut(6)] = 0.001555
E[P_neut(7)] = 0.001341
E[P_neut(8)] = 0.001157
E[P_neut(9)] = 0.001024
E[P_neut(10)] = 0.000951
E[P_neut(11)] = 0.000804
E[P_neut(12)] = 0.000789
E[P_neut(13)] = 0.000689
E[P_neut(14)] = 0.000665
E[P_neut(15)] = 0.000618
E[P_neut(16)] = 0.000589
E[P_neut(17)] = 0.000586
E[P_neut(18)] = 0.000530
E[P_neut(19)] = 0.000500

---- Expected P_sel(i), 0 < i < n (selected SFS per site) 
E[P_sel(1)] = 0.003794
E[P_sel(2)] = 0.001556
E[P_sel(3)] = 0.000968
E[P_sel(4)] = 0.000671
E[P_sel(5)] = 0.000510
E[P_sel(6)] = 0.000426
E[P_sel(7)] = 0.000359
E[P_sel(8)] = 0.000303
E[P_sel(9)] = 0.000264
E[P_sel(10)] = 0.000241
E[P_sel(11)] = 0.000201
E[P_sel(12)] = 0.000195
E[P_sel(13)] = 0.000168
E[P_sel(14)] = 0.000161
E[P_sel(15)] = 0.000148
E[P_sel(16)] = 0.000140
E[P_sel(17)] = 0.000138
E[P_sel(18)] = 0.000124
E[P_sel(19)] = 0.000116

---- Expected neutral and selected misattributed polymorphism per site
E[mis_neut] = 0.000481
E[mis_sel] = 0.000110

---- alpha_div = 0.242710
---- alpha_dfe = 0.000000



