---- Performing inference on Ns5_pa_0.01_boots/Ns5_pa_0.01.51.polyDFE.txt using model B

---- Warning: mutation variability is not used when only one neutral and one selected fragment is available.
---- No mutation variability. Using Poisson likelihood.

---- Using provided initial values


-- Starting local optimization
 it       eps_an        eps_cont      lambda        theta_bar      S_d            b             p_b           S_b           r  2          r  3          r  4          r  5          r  6          r  7          r  8          r  9          r 10          r 11          r 12          r 13          r 14          r 15          r 16          r 17          r 18          r 19          r 20         ln lk             grad     status
  0      4.50e-06      9.00e-07       0.00500       0.00100     -400.00000       0.40000       0.02000       4.00000       1.00000       1.00000       1.00000       1.00000       1.00000       1.00000       1.00000       1.00000       1.00000       1.00000       1.00000       1.00000       1.00000       1.00000       1.00000       1.00000       1.00000       1.00000       1.00000  -255307.3773801856   1766.66481   -2
289      4.50e-06      9.00e-07       0.00511       0.00954     -990.34452       0.19646       0.00781      11.41087       0.99505       0.98787       0.97683       0.97062       0.99207       0.95663       0.97433       0.97549       1.02067       0.94026       1.01770       0.98788       1.00230       0.96147       0.96299       1.00325       1.00542       0.94729       0.97036  -213.3723755424      0.01278   -3
-- Local optimization: stuck in the same solution


---- Best joint likelihood found -213.37238 with gradient 0.01278
-- Model: B
--     eps_an        eps_cont      lambda        theta_bar     a        
--    4.50e-06      9.00e-07       0.00511       0.00954       -1.00000  
--      S_d            b             p_b           S_b      
--   -990.34452       0.19646       0.00781      11.41087  
--     r  2          r  3          r  4          r  5          r  6          r  7          r  8          r  9          r 10          r 11          r 12          r 13          r 14          r 15          r 16          r 17          r 18          r 19          r 20     
--     0.99505       0.98787       0.97683       0.97062       0.99207       0.95663       0.97433       0.97549       1.02067       0.94026       1.01770       0.98788       1.00230       0.96147       0.96299       1.00325       1.00542       0.94729       0.97036  

---- Expected P_neut(i), 0 < i < n (neutral SFS per site) 
E[P_neut(1)] = 0.009542
E[P_neut(2)] = 0.004748
E[P_neut(3)] = 0.003142
E[P_neut(4)] = 0.002330
E[P_neut(5)] = 0.001852
E[P_neut(6)] = 0.001578
E[P_neut(7)] = 0.001304
E[P_neut(8)] = 0.001162
E[P_neut(9)] = 0.001034
E[P_neut(10)] = 0.000974
E[P_neut(11)] = 0.000816
E[P_neut(12)] = 0.000809
E[P_neut(13)] = 0.000725
E[P_neut(14)] = 0.000683
E[P_neut(15)] = 0.000612
E[P_neut(16)] = 0.000574
E[P_neut(17)] = 0.000563
E[P_neut(18)] = 0.000533
E[P_neut(19)] = 0.000476

---- Expected P_sel(i), 0 < i < n (selected SFS per site) 
E[P_sel(1)] = 0.003822
E[P_sel(2)] = 0.001569
E[P_sel(3)] = 0.000951
E[P_sel(4)] = 0.000667
E[P_sel(5)] = 0.000510
E[P_sel(6)] = 0.000422
E[P_sel(7)] = 0.000341
E[P_sel(8)] = 0.000298
E[P_sel(9)] = 0.000261
E[P_sel(10)] = 0.000243
E[P_sel(11)] = 0.000202
E[P_sel(12)] = 0.000199
E[P_sel(13)] = 0.000178
E[P_sel(14)] = 0.000168
E[P_sel(15)] = 0.000151
E[P_sel(16)] = 0.000144
E[P_sel(17)] = 0.000143
E[P_sel(18)] = 0.000138
E[P_sel(19)] = 0.000128

---- Expected D_neut and D_sel (neutral and selected divergence per site) 
E[D_neut] = 0.005573
E[D_sel] = 0.001645

---- Expected neutral and selected misattributed polymorphism per site
E[mis_neut] = 0.000463
E[mis_sel] = 0.000130

---- alpha_div = 0.300574
---- alpha_dfe = 0.300546



