---- Performing inference on Ns5_pa_0.01_boots/Ns5_pa_0.01.35.polyDFE.txt using model B

---- Warning: mutation variability is not used when only one neutral and one selected fragment is available.
---- No mutation variability. Using Poisson likelihood.

---- Using provided initial values


-- Starting local optimization
 it       eps_an        lambda        theta_bar      S_d            b             r  2          r  3          r  4          r  5          r  6          r  7          r  8          r  9          r 10          r 11          r 12          r 13          r 14          r 15          r 16          r 17          r 18          r 19          r 20         ln lk             grad     status
  0      4.50e-06       0.00500       0.00100     -400.00000       0.40000       1.00000       1.00000       1.00000       1.00000       1.00000       1.00000       1.00000       1.00000       1.00000       1.00000       1.00000       1.00000       1.00000       1.00000       1.00000       1.00000       1.00000       1.00000       1.00000  -271321.4370060412   1954.01969   -2
661      4.68e-06       0.00002       0.00972    -9426.77308       0.12873       0.94538       0.97397       0.92285       0.92313       0.93763       0.91306       0.89539       0.93176       0.94219       0.88473       0.93004       0.91566       0.94409       0.90563       0.92064       0.97981       0.93385       0.99699      12.10937  -363.9330312232      0.00789   -6
-- Local optimization: reached maximum running time allowed


---- Best joint likelihood found -363.93303 with gradient 0.00789
-- Model: B
--     eps_an        eps_cont      lambda        theta_bar     a        
--    4.68e-06      0.00e+00       0.00002       0.00972       -1.00000  
--      S_d            b             p_b           S_b      
--  -9426.77308       0.12873      0.00e+00      0.00e+00  
--     r  2          r  3          r  4          r  5          r  6          r  7          r  8          r  9          r 10          r 11          r 12          r 13          r 14          r 15          r 16          r 17          r 18          r 19          r 20     
--     0.94538       0.97397       0.92285       0.92313       0.93763       0.91306       0.89539       0.93176       0.94219       0.88473       0.93004       0.91566       0.94409       0.90563       0.92064       0.97981       0.93385       0.99699      12.10937  

---- Expected P_neut(i), 0 < i < n (neutral SFS per site) 
E[P_neut(1)] = 0.009722
E[P_neut(2)] = 0.004595
E[P_neut(3)] = 0.003156
E[P_neut(4)] = 0.002243
E[P_neut(5)] = 0.001795
E[P_neut(6)] = 0.001519
E[P_neut(7)] = 0.001268
E[P_neut(8)] = 0.001088
E[P_neut(9)] = 0.001006
E[P_neut(10)] = 0.000916
E[P_neut(11)] = 0.000782
E[P_neut(12)] = 0.000753
E[P_neut(13)] = 0.000685
E[P_neut(14)] = 0.000656
E[P_neut(15)] = 0.000587
E[P_neut(16)] = 0.000559
E[P_neut(17)] = 0.000560
E[P_neut(18)] = 0.000504
E[P_neut(19)] = 0.000510

---- Expected P_sel(i), 0 < i < n (selected SFS per site) 
E[P_sel(1)] = 0.003743
E[P_sel(2)] = 0.001556
E[P_sel(3)] = 0.001007
E[P_sel(4)] = 0.000689
E[P_sel(5)] = 0.000536
E[P_sel(6)] = 0.000444
E[P_sel(7)] = 0.000364
E[P_sel(8)] = 0.000307
E[P_sel(9)] = 0.000281
E[P_sel(10)] = 0.000252
E[P_sel(11)] = 0.000213
E[P_sel(12)] = 0.000204
E[P_sel(13)] = 0.000183
E[P_sel(14)] = 0.000174
E[P_sel(15)] = 0.000155
E[P_sel(16)] = 0.000146
E[P_sel(17)] = 0.000146
E[P_sel(18)] = 0.000130
E[P_sel(19)] = 0.000131

---- Expected D_neut and D_sel (neutral and selected divergence per site) 
E[D_neut] = 0.005902
E[D_sel] = 0.001509

---- Expected neutral and selected misattributed polymorphism per site
E[mis_neut] = 0.005886
E[mis_sel] = 0.001505

---- alpha_div = 1.711924
---- alpha_dfe = 0.000000



