---- Performing inference on Ns5_pa_0.01_boots/Ns5_pa_0.01.41.polyDFE.txt using model B

---- Warning: mutation variability is not used when only one neutral and one selected fragment is available.
---- No mutation variability. Using Poisson likelihood.

---- Using provided initial values


-- Starting local optimization
 it       eps_an        eps_cont      theta_bar      S_d            b             p_b           S_b           r  2          r  3          r  4          r  5          r  6          r  7          r  8          r  9          r 10          r 11          r 12          r 13          r 14          r 15          r 16          r 17          r 18          r 19         ln lk             grad     status
  0      4.50e-06      9.00e-07       0.00100     -400.00000       0.40000       0.02000       4.00000       1.00000       1.00000       1.00000       1.00000       1.00000       1.00000       1.00000       1.00000       1.00000       1.00000       1.00000       1.00000       1.00000       1.00000       1.00000       1.00000       1.00000       1.00000  -252504.8545159253   1727.71572   -2
221      4.51e-06      9.00e-07       0.00946     -564.74700       0.26689       0.07133       0.91451       1.00025       1.03702       0.98363       0.98724       1.01096       0.97699       0.96877       0.99571       1.01184       0.91763       0.98376       0.97672       1.02417       0.96147       1.01150       1.01857       0.96585       1.00592  -212.0129572080      0.08750   -3
-- Local optimization: stuck in the same solution


---- Best joint likelihood found -212.01296 with gradient 0.08750
-- Model: B
--     eps_an        eps_cont      theta_bar     a        
--    4.51e-06      9.00e-07       0.00946       -1.00000  
--      S_d            b             p_b           S_b      
--   -564.74700       0.26689       0.07133       0.91451  
--     r  2          r  3          r  4          r  5          r  6          r  7          r  8          r  9          r 10          r 11          r 12          r 13          r 14          r 15          r 16          r 17          r 18          r 19     
--     1.00025       1.03702       0.98363       0.98724       1.01096       0.97699       0.96877       0.99571       1.01184       0.91763       0.98376       0.97672       1.02417       0.96147       1.01150       1.01857       0.96585       1.00592  

---- Expected P_neut(i), 0 < i < n (neutral SFS per site) 
E[P_neut(1)] = 0.009465
E[P_neut(2)] = 0.004734
E[P_neut(3)] = 0.003272
E[P_neut(4)] = 0.002327
E[P_neut(5)] = 0.001869
E[P_neut(6)] = 0.001595
E[P_neut(7)] = 0.001321
E[P_neut(8)] = 0.001146
E[P_neut(9)] = 0.001047
E[P_neut(10)] = 0.000958
E[P_neut(11)] = 0.000790
E[P_neut(12)] = 0.000776
E[P_neut(13)] = 0.000711
E[P_neut(14)] = 0.000692
E[P_neut(15)] = 0.000607
E[P_neut(16)] = 0.000598
E[P_neut(17)] = 0.000567
E[P_neut(18)] = 0.000508
E[P_neut(19)] = 0.000501

---- Expected P_sel(i), 0 < i < n (selected SFS per site) 
E[P_sel(1)] = 0.003836
E[P_sel(2)] = 0.001553
E[P_sel(3)] = 0.000978
E[P_sel(4)] = 0.000659
E[P_sel(5)] = 0.000510
E[P_sel(6)] = 0.000424
E[P_sel(7)] = 0.000344
E[P_sel(8)] = 0.000294
E[P_sel(9)] = 0.000265
E[P_sel(10)] = 0.000240
E[P_sel(11)] = 0.000197
E[P_sel(12)] = 0.000192
E[P_sel(13)] = 0.000176
E[P_sel(14)] = 0.000171
E[P_sel(15)] = 0.000149
E[P_sel(16)] = 0.000147
E[P_sel(17)] = 0.000140
E[P_sel(18)] = 0.000125
E[P_sel(19)] = 0.000124

---- Expected neutral and selected misattributed polymorphism per site
E[mis_neut] = 0.000473
E[mis_sel] = 0.000117

---- alpha_div = 0.546954
---- alpha_dfe = 0.438395



