---- Performing inference on Ns5_pa_0.01_boots/Ns5_pa_0.01.59.polyDFE.txt using model B

---- Warning: mutation variability is not used when only one neutral and one selected fragment is available.
---- No mutation variability. Using Poisson likelihood.

---- Using provided initial values


-- Starting local optimization
 it       eps_an        lambda        theta_bar      S_d            b             r  2          r  3          r  4          r  5          r  6          r  7          r  8          r  9          r 10          r 11          r 12          r 13          r 14          r 15          r 16          r 17          r 18          r 19          r 20         ln lk             grad     status
  0      4.50e-06       0.00500       0.00100     -400.00000       0.40000       1.00000       1.00000       1.00000       1.00000       1.00000       1.00000       1.00000       1.00000       1.00000       1.00000       1.00000       1.00000       1.00000       1.00000       1.00000       1.00000       1.00000       1.00000       1.00000  -271004.8377986907   1950.44340   -2
676      4.53e-06       0.00016       0.00972    -6833.78015       0.13512       0.95157       0.96807       0.91899       0.91484       0.94609       0.93558       0.93389       0.91899       0.94214       0.88369       0.92239       0.92154       0.94758       0.91432       0.94324       0.98069       1.00309       0.97551      12.01437  -369.3507220779      0.14959   -6
-- Local optimization: reached maximum running time allowed


---- Best joint likelihood found -369.35072 with gradient 0.14959
-- Model: B
--     eps_an        eps_cont      lambda        theta_bar     a        
--    4.53e-06      0.00e+00       0.00016       0.00972       -1.00000  
--      S_d            b             p_b           S_b      
--  -6833.78015       0.13512      0.00e+00      0.00e+00  
--     r  2          r  3          r  4          r  5          r  6          r  7          r  8          r  9          r 10          r 11          r 12          r 13          r 14          r 15          r 16          r 17          r 18          r 19          r 20     
--     0.95157       0.96807       0.91899       0.91484       0.94609       0.93558       0.93389       0.91899       0.94214       0.88369       0.92239       0.92154       0.94758       0.91432       0.94324       0.98069       1.00309       0.97551      12.01437  

---- Expected P_neut(i), 0 < i < n (neutral SFS per site) 
E[P_neut(1)] = 0.009716
E[P_neut(2)] = 0.004623
E[P_neut(3)] = 0.003135
E[P_neut(4)] = 0.002232
E[P_neut(5)] = 0.001778
E[P_neut(6)] = 0.001532
E[P_neut(7)] = 0.001299
E[P_neut(8)] = 0.001134
E[P_neut(9)] = 0.000992
E[P_neut(10)] = 0.000915
E[P_neut(11)] = 0.000781
E[P_neut(12)] = 0.000747
E[P_neut(13)] = 0.000689
E[P_neut(14)] = 0.000658
E[P_neut(15)] = 0.000592
E[P_neut(16)] = 0.000573
E[P_neut(17)] = 0.000560
E[P_neut(18)] = 0.000541
E[P_neut(19)] = 0.000499

---- Expected P_sel(i), 0 < i < n (selected SFS per site) 
E[P_sel(1)] = 0.003753
E[P_sel(2)] = 0.001560
E[P_sel(3)] = 0.000994
E[P_sel(4)] = 0.000680
E[P_sel(5)] = 0.000526
E[P_sel(6)] = 0.000443
E[P_sel(7)] = 0.000368
E[P_sel(8)] = 0.000316
E[P_sel(9)] = 0.000273
E[P_sel(10)] = 0.000249
E[P_sel(11)] = 0.000210
E[P_sel(12)] = 0.000199
E[P_sel(13)] = 0.000182
E[P_sel(14)] = 0.000172
E[P_sel(15)] = 0.000154
E[P_sel(16)] = 0.000147
E[P_sel(17)] = 0.000143
E[P_sel(18)] = 0.000138
E[P_sel(19)] = 0.000126

---- Expected D_neut and D_sel (neutral and selected divergence per site) 
E[D_neut] = 0.005995
E[D_sel] = 0.001505

---- Expected neutral and selected misattributed polymorphism per site
E[mis_neut] = 0.005837
E[mis_sel] = 0.001466

---- alpha_div = 1.370988
---- alpha_dfe = 0.000000



