---- Performing inference on Ns5_pa_0.01_boots/Ns5_pa_0.01.27.polyDFE.txt using model B

---- Warning: mutation variability is not used when only one neutral and one selected fragment is available.
---- No mutation variability. Using Poisson likelihood.

---- Using provided initial values


-- Starting local optimization
 it       eps_an        eps_cont      lambda        theta_bar      S_d            b             p_b           S_b           r  2          r  3          r  4          r  5          r  6          r  7          r  8          r  9          r 10          r 11          r 12          r 13          r 14          r 15          r 16          r 17          r 18          r 19          r 20         ln lk             grad     status
  0      4.50e-06      9.00e-07       0.00500       0.00100     -400.00000       0.40000       0.02000       4.00000       1.00000       1.00000       1.00000       1.00000       1.00000       1.00000       1.00000       1.00000       1.00000       1.00000       1.00000       1.00000       1.00000       1.00000       1.00000       1.00000       1.00000       1.00000       1.00000  -255453.7340784645   1766.83881   -2
210      4.50e-06      9.00e-07       0.00501       0.00948     -852.01561       0.20072       0.00534      17.86419       0.99612       1.01054       0.98576       0.98572       1.00693       0.99382       1.00726       0.98316       1.03328       0.93062       0.98171       0.96290       1.01852       0.96450       1.02233       1.00798       1.02343       0.93950       0.89352  -213.5080519266      0.00231   -3
-- Local optimization: stuck in the same solution


---- Best joint likelihood found -213.50805 with gradient 0.00231
-- Model: B
--     eps_an        eps_cont      lambda        theta_bar     a        
--    4.50e-06      9.00e-07       0.00501       0.00948       -1.00000  
--      S_d            b             p_b           S_b      
--   -852.01561       0.20072       0.00534      17.86419  
--     r  2          r  3          r  4          r  5          r  6          r  7          r  8          r  9          r 10          r 11          r 12          r 13          r 14          r 15          r 16          r 17          r 18          r 19          r 20     
--     0.99612       1.01054       0.98576       0.98572       1.00693       0.99382       1.00726       0.98316       1.03328       0.93062       0.98171       0.96290       1.01852       0.96450       1.02233       1.00798       1.02343       0.93950       0.89352  

---- Expected P_neut(i), 0 < i < n (neutral SFS per site) 
E[P_neut(1)] = 0.009483
E[P_neut(2)] = 0.004723
E[P_neut(3)] = 0.003194
E[P_neut(4)] = 0.002337
E[P_neut(5)] = 0.001870
E[P_neut(6)] = 0.001592
E[P_neut(7)] = 0.001346
E[P_neut(8)] = 0.001194
E[P_neut(9)] = 0.001036
E[P_neut(10)] = 0.000980
E[P_neut(11)] = 0.000802
E[P_neut(12)] = 0.000776
E[P_neut(13)] = 0.000702
E[P_neut(14)] = 0.000690
E[P_neut(15)] = 0.000610
E[P_neut(16)] = 0.000606
E[P_neut(17)] = 0.000562
E[P_neut(18)] = 0.000539
E[P_neut(19)] = 0.000469

---- Expected P_sel(i), 0 < i < n (selected SFS per site) 
E[P_sel(1)] = 0.003835
E[P_sel(2)] = 0.001568
E[P_sel(3)] = 0.000967
E[P_sel(4)] = 0.000668
E[P_sel(5)] = 0.000513
E[P_sel(6)] = 0.000423
E[P_sel(7)] = 0.000349
E[P_sel(8)] = 0.000303
E[P_sel(9)] = 0.000259
E[P_sel(10)] = 0.000241
E[P_sel(11)] = 0.000195
E[P_sel(12)] = 0.000188
E[P_sel(13)] = 0.000169
E[P_sel(14)] = 0.000166
E[P_sel(15)] = 0.000147
E[P_sel(16)] = 0.000147
E[P_sel(17)] = 0.000138
E[P_sel(18)] = 0.000136
E[P_sel(19)] = 0.000123

---- Expected D_neut and D_sel (neutral and selected divergence per site) 
E[D_neut] = 0.005432
E[D_sel] = 0.001638

---- Expected neutral and selected misattributed polymorphism per site
E[mis_neut] = 0.000424
E[mis_sel] = 0.000118

---- alpha_div = 0.314859
---- alpha_dfe = 0.314429



