---- Performing inference on Ns5_pa_0.01_boots/Ns5_pa_0.01.47.polyDFE.txt using model B

---- Warning: mutation variability is not used when only one neutral and one selected fragment is available.
---- No mutation variability. Using Poisson likelihood.

---- Using provided initial values


-- Starting local optimization
 it       eps_an        eps_cont      lambda        theta_bar      S_d            b             p_b           S_b           r  2          r  3          r  4          r  5          r  6          r  7          r  8          r  9          r 10          r 11          r 12          r 13          r 14          r 15          r 16          r 17          r 18          r 19          r 20         ln lk             grad     status
  0      4.50e-06      9.00e-07       0.00500       0.00100     -400.00000       0.40000       0.02000       4.00000       1.00000       1.00000       1.00000       1.00000       1.00000       1.00000       1.00000       1.00000       1.00000       1.00000       1.00000       1.00000       1.00000       1.00000       1.00000       1.00000       1.00000       1.00000       1.00000  -254452.5895593680   1761.03308   -2
159      4.50e-06      9.00e-07       0.00496       0.00957     -868.75265       0.20733       0.01364       7.50048       0.97940       1.00031       0.97856       0.96431       1.00533       0.96531       0.97430       0.97290       0.99774       0.95184       0.97155       0.94612       0.97720       0.97035       0.98767       1.02797       0.97245       0.95313       0.96786  -220.4047097150      0.02435   -3
-- Local optimization: stuck in the same solution


---- Best joint likelihood found -220.40471 with gradient 0.02435
-- Model: B
--     eps_an        eps_cont      lambda        theta_bar     a        
--    4.50e-06      9.00e-07       0.00496       0.00957       -1.00000  
--      S_d            b             p_b           S_b      
--   -868.75265       0.20733       0.01364       7.50048  
--     r  2          r  3          r  4          r  5          r  6          r  7          r  8          r  9          r 10          r 11          r 12          r 13          r 14          r 15          r 16          r 17          r 18          r 19          r 20     
--     0.97940       1.00031       0.97856       0.96431       1.00533       0.96531       0.97430       0.97290       0.99774       0.95184       0.97155       0.94612       0.97720       0.97035       0.98767       1.02797       0.97245       0.95313       0.96786  

---- Expected P_neut(i), 0 < i < n (neutral SFS per site) 
E[P_neut(1)] = 0.009567
E[P_neut(2)] = 0.004685
E[P_neut(3)] = 0.003190
E[P_neut(4)] = 0.002341
E[P_neut(5)] = 0.001845
E[P_neut(6)] = 0.001603
E[P_neut(7)] = 0.001319
E[P_neut(8)] = 0.001165
E[P_neut(9)] = 0.001034
E[P_neut(10)] = 0.000955
E[P_neut(11)] = 0.000828
E[P_neut(12)] = 0.000775
E[P_neut(13)] = 0.000696
E[P_neut(14)] = 0.000668
E[P_neut(15)] = 0.000619
E[P_neut(16)] = 0.000591
E[P_neut(17)] = 0.000579
E[P_neut(18)] = 0.000517
E[P_neut(19)] = 0.000480

---- Expected P_sel(i), 0 < i < n (selected SFS per site) 
E[P_sel(1)] = 0.003821
E[P_sel(2)] = 0.001535
E[P_sel(3)] = 0.000955
E[P_sel(4)] = 0.000663
E[P_sel(5)] = 0.000503
E[P_sel(6)] = 0.000425
E[P_sel(7)] = 0.000342
E[P_sel(8)] = 0.000297
E[P_sel(9)] = 0.000261
E[P_sel(10)] = 0.000238
E[P_sel(11)] = 0.000206
E[P_sel(12)] = 0.000192
E[P_sel(13)] = 0.000173
E[P_sel(14)] = 0.000167
E[P_sel(15)] = 0.000156
E[P_sel(16)] = 0.000151
E[P_sel(17)] = 0.000151
E[P_sel(18)] = 0.000138
E[P_sel(19)] = 0.000132

---- Expected D_neut and D_sel (neutral and selected divergence per site) 
E[D_neut] = 0.005422
E[D_sel] = 0.001614

---- Expected neutral and selected misattributed polymorphism per site
E[mis_neut] = 0.000463
E[mis_sel] = 0.000132

---- alpha_div = 0.346130
---- alpha_dfe = 0.342469



