---- Performing inference on Ns5_pa_0.01_boots/Ns5_pa_0.01.54.polyDFE.txt using model B

---- Warning: mutation variability is not used when only one neutral and one selected fragment is available.
---- No mutation variability. Using Poisson likelihood.

---- Using provided initial values


-- Starting local optimization
 it       eps_an        eps_cont      lambda        theta_bar      S_d            b             p_b           S_b           r  2          r  3          r  4          r  5          r  6          r  7          r  8          r  9          r 10          r 11          r 12          r 13          r 14          r 15          r 16          r 17          r 18          r 19          r 20         ln lk             grad     status
  0      4.50e-06      9.00e-07       0.00500       0.00100     -400.00000       0.40000       0.02000       4.00000       1.00000       1.00000       1.00000       1.00000       1.00000       1.00000       1.00000       1.00000       1.00000       1.00000       1.00000       1.00000       1.00000       1.00000       1.00000       1.00000       1.00000       1.00000       1.00000  -255499.4427807275   1764.91119   -2
341      4.50e-06      9.00e-07       0.00502       0.00961     -844.88311       0.20673       0.00964      10.07354       0.98867       0.99346       0.97279       0.96191       1.01469       0.97220       0.95186       0.99087       1.02619       0.94801       0.98601       0.94917       1.02359       0.94039       0.99214       0.99564       0.97689       0.96053       0.94929  -210.1452673626      0.00198   -3
-- Local optimization: stuck in the same solution


---- Best joint likelihood found -210.14527 with gradient 0.00198
-- Model: B
--     eps_an        eps_cont      lambda        theta_bar     a        
--    4.50e-06      9.00e-07       0.00502       0.00961       -1.00000  
--      S_d            b             p_b           S_b      
--   -844.88311       0.20673       0.00964      10.07354  
--     r  2          r  3          r  4          r  5          r  6          r  7          r  8          r  9          r 10          r 11          r 12          r 13          r 14          r 15          r 16          r 17          r 18          r 19          r 20     
--     0.98867       0.99346       0.97279       0.96191       1.01469       0.97220       0.95186       0.99087       1.02619       0.94801       0.98601       0.94917       1.02359       0.94039       0.99214       0.99564       0.97689       0.96053       0.94929  

---- Expected P_neut(i), 0 < i < n (neutral SFS per site) 
E[P_neut(1)] = 0.009609
E[P_neut(2)] = 0.004750
E[P_neut(3)] = 0.003182
E[P_neut(4)] = 0.002337
E[P_neut(5)] = 0.001849
E[P_neut(6)] = 0.001625
E[P_neut(7)] = 0.001335
E[P_neut(8)] = 0.001143
E[P_neut(9)] = 0.001058
E[P_neut(10)] = 0.000986
E[P_neut(11)] = 0.000828
E[P_neut(12)] = 0.000790
E[P_neut(13)] = 0.000702
E[P_neut(14)] = 0.000703
E[P_neut(15)] = 0.000602
E[P_neut(16)] = 0.000596
E[P_neut(17)] = 0.000563
E[P_neut(18)] = 0.000522
E[P_neut(19)] = 0.000486

---- Expected P_sel(i), 0 < i < n (selected SFS per site) 
E[P_sel(1)] = 0.003841
E[P_sel(2)] = 0.001554
E[P_sel(3)] = 0.000949
E[P_sel(4)] = 0.000658
E[P_sel(5)] = 0.000500
E[P_sel(6)] = 0.000427
E[P_sel(7)] = 0.000342
E[P_sel(8)] = 0.000288
E[P_sel(9)] = 0.000263
E[P_sel(10)] = 0.000242
E[P_sel(11)] = 0.000202
E[P_sel(12)] = 0.000192
E[P_sel(13)] = 0.000170
E[P_sel(14)] = 0.000171
E[P_sel(15)] = 0.000148
E[P_sel(16)] = 0.000148
E[P_sel(17)] = 0.000142
E[P_sel(18)] = 0.000135
E[P_sel(19)] = 0.000130

---- Expected D_neut and D_sel (neutral and selected divergence per site) 
E[D_neut] = 0.005477
E[D_sel] = 0.001616

---- Expected neutral and selected misattributed polymorphism per site
E[mis_neut] = 0.000456
E[mis_sel] = 0.000128

---- alpha_div = 0.329537
---- alpha_dfe = 0.327833



