---- Performing inference on Ns5_pa_0.01_boots/Ns5_pa_0.01.24.polyDFE.txt using model B

---- Warning: mutation variability is not used when only one neutral and one selected fragment is available.
---- No mutation variability. Using Poisson likelihood.

---- Using provided initial values


-- Starting local optimization
 it       eps_an        lambda        theta_bar      S_d            b             r  2          r  3          r  4          r  5          r  6          r  7          r  8          r  9          r 10          r 11          r 12          r 13          r 14          r 15          r 16          r 17          r 18          r 19          r 20         ln lk             grad     status
  0      4.50e-06       0.00500       0.00100     -400.00000       0.40000       1.00000       1.00000       1.00000       1.00000       1.00000       1.00000       1.00000       1.00000       1.00000       1.00000       1.00000       1.00000       1.00000       1.00000       1.00000       1.00000       1.00000       1.00000       1.00000  -271998.3283201558   1953.16028   -2
554      4.51e-06       0.00027       0.00977    -5653.63043       0.13826       0.95064       0.95553       0.92008       0.88794       0.93795       0.91645       0.91265       0.92139       0.95133       0.87549       0.94713       0.90991       0.95864       0.90931       0.96318       0.98896       0.94641       0.96663      11.51191  -413.3789389364      0.00845   -3
-- Local optimization: stuck in the same solution


---- Best joint likelihood found -413.37894 with gradient 0.00845
-- Model: B
--     eps_an        eps_cont      lambda        theta_bar     a        
--    4.51e-06      0.00e+00       0.00027       0.00977       -1.00000  
--      S_d            b             p_b           S_b      
--  -5653.63043       0.13826      0.00e+00      0.00e+00  
--     r  2          r  3          r  4          r  5          r  6          r  7          r  8          r  9          r 10          r 11          r 12          r 13          r 14          r 15          r 16          r 17          r 18          r 19          r 20     
--     0.95064       0.95553       0.92008       0.88794       0.93795       0.91645       0.91265       0.92139       0.95133       0.87549       0.94713       0.90991       0.95864       0.90931       0.96318       0.98896       0.94641       0.96663      11.51191  

---- Expected P_neut(i), 0 < i < n (neutral SFS per site) 
E[P_neut(1)] = 0.009774
E[P_neut(2)] = 0.004646
E[P_neut(3)] = 0.003113
E[P_neut(4)] = 0.002248
E[P_neut(5)] = 0.001736
E[P_neut(6)] = 0.001528
E[P_neut(7)] = 0.001280
E[P_neut(8)] = 0.001115
E[P_neut(9)] = 0.001001
E[P_neut(10)] = 0.000930
E[P_neut(11)] = 0.000778
E[P_neut(12)] = 0.000771
E[P_neut(13)] = 0.000684
E[P_neut(14)] = 0.000669
E[P_neut(15)] = 0.000593
E[P_neut(16)] = 0.000588
E[P_neut(17)] = 0.000569
E[P_neut(18)] = 0.000514
E[P_neut(19)] = 0.000497

---- Expected P_sel(i), 0 < i < n (selected SFS per site) 
E[P_sel(1)] = 0.003804
E[P_sel(2)] = 0.001574
E[P_sel(3)] = 0.000989
E[P_sel(4)] = 0.000686
E[P_sel(5)] = 0.000514
E[P_sel(6)] = 0.000442
E[P_sel(7)] = 0.000363
E[P_sel(8)] = 0.000311
E[P_sel(9)] = 0.000275
E[P_sel(10)] = 0.000252
E[P_sel(11)] = 0.000209
E[P_sel(12)] = 0.000205
E[P_sel(13)] = 0.000180
E[P_sel(14)] = 0.000175
E[P_sel(15)] = 0.000153
E[P_sel(16)] = 0.000151
E[P_sel(17)] = 0.000145
E[P_sel(18)] = 0.000130
E[P_sel(19)] = 0.000125

---- Expected D_neut and D_sel (neutral and selected divergence per site) 
E[D_neut] = 0.005899
E[D_sel] = 0.001477

---- Expected neutral and selected misattributed polymorphism per site
E[mis_neut] = 0.005626
E[mis_sel] = 0.001409

---- alpha_div = 1.233839
---- alpha_dfe = 0.000000



