---- Performing inference on Ns5_pa_0.01_boots/Ns5_pa_0.01.85.polyDFE.txt using model B

---- Warning: mutation variability is not used when only one neutral and one selected fragment is available.
---- No mutation variability. Using Poisson likelihood.

---- Using provided initial values


-- Starting local optimization
 it       eps_an        eps_cont      theta_bar      S_d            b             p_b           S_b           r  2          r  3          r  4          r  5          r  6          r  7          r  8          r  9          r 10          r 11          r 12          r 13          r 14          r 15          r 16          r 17          r 18          r 19         ln lk             grad     status
  0      4.50e-06      9.00e-07       0.00100     -400.00000       0.40000       0.02000       4.00000       1.00000       1.00000       1.00000       1.00000       1.00000       1.00000       1.00000       1.00000       1.00000       1.00000       1.00000       1.00000       1.00000       1.00000       1.00000       1.00000       1.00000       1.00000  -252485.5665966575   1728.02136   -2
144      4.50e-06      9.00e-07       0.00941     -456.41969       0.26259       0.04327       2.54437       1.01125       1.02885       0.98844       0.99278       1.03307       0.99406       0.98321       1.01281       1.02379       0.96313       1.01614       0.99591       0.98043       0.93094       1.00007       0.97813       0.98712       0.95270  -201.2646889241      0.05156   -3
-- Local optimization: stuck in the same solution


---- Best joint likelihood found -201.26469 with gradient 0.05156
-- Model: B
--     eps_an        eps_cont      theta_bar     a        
--    4.50e-06      9.00e-07       0.00941       -1.00000  
--      S_d            b             p_b           S_b      
--   -456.41969       0.26259       0.04327       2.54437  
--     r  2          r  3          r  4          r  5          r  6          r  7          r  8          r  9          r 10          r 11          r 12          r 13          r 14          r 15          r 16          r 17          r 18          r 19     
--     1.01125       1.02885       0.98844       0.99278       1.03307       0.99406       0.98321       1.01281       1.02379       0.96313       1.01614       0.99591       0.98043       0.93094       1.00007       0.97813       0.98712       0.95270  

---- Expected P_neut(i), 0 < i < n (neutral SFS per site) 
E[P_neut(1)] = 0.009405
E[P_neut(2)] = 0.004755
E[P_neut(3)] = 0.003225
E[P_neut(4)] = 0.002324
E[P_neut(5)] = 0.001867
E[P_neut(6)] = 0.001619
E[P_neut(7)] = 0.001336
E[P_neut(8)] = 0.001156
E[P_neut(9)] = 0.001058
E[P_neut(10)] = 0.000963
E[P_neut(11)] = 0.000823
E[P_neut(12)] = 0.000796
E[P_neut(13)] = 0.000721
E[P_neut(14)] = 0.000659
E[P_neut(15)] = 0.000584
E[P_neut(16)] = 0.000588
E[P_neut(17)] = 0.000541
E[P_neut(18)] = 0.000516
E[P_neut(19)] = 0.000472

---- Expected P_sel(i), 0 < i < n (selected SFS per site) 
E[P_sel(1)] = 0.003859
E[P_sel(2)] = 0.001559
E[P_sel(3)] = 0.000957
E[P_sel(4)] = 0.000651
E[P_sel(5)] = 0.000503
E[P_sel(6)] = 0.000424
E[P_sel(7)] = 0.000343
E[P_sel(8)] = 0.000293
E[P_sel(9)] = 0.000266
E[P_sel(10)] = 0.000241
E[P_sel(11)] = 0.000205
E[P_sel(12)] = 0.000199
E[P_sel(13)] = 0.000180
E[P_sel(14)] = 0.000166
E[P_sel(15)] = 0.000148
E[P_sel(16)] = 0.000150
E[P_sel(17)] = 0.000140
E[P_sel(18)] = 0.000135
E[P_sel(19)] = 0.000125

---- Expected neutral and selected misattributed polymorphism per site
E[mis_neut] = 0.000470
E[mis_sel] = 0.000127

---- alpha_div = 0.479531
---- alpha_dfe = 0.433790



