---- Performing inference on Ns5_pa_0.01_boots/Ns5_pa_0.01.50.polyDFE.txt using model B

---- Warning: mutation variability is not used when only one neutral and one selected fragment is available.
---- No mutation variability. Using Poisson likelihood.

---- Using provided initial values


-- Starting local optimization
 it       eps_an        eps_cont      theta_bar      S_d            b             p_b           S_b           r  2          r  3          r  4          r  5          r  6          r  7          r  8          r  9          r 10          r 11          r 12          r 13          r 14          r 15          r 16          r 17          r 18          r 19         ln lk             grad     status
  0      4.50e-06      9.00e-07       0.00100     -400.00000       0.40000       0.02000       4.00000       1.00000       1.00000       1.00000       1.00000       1.00000       1.00000       1.00000       1.00000       1.00000       1.00000       1.00000       1.00000       1.00000       1.00000       1.00000       1.00000       1.00000       1.00000  -253554.7498231246   1732.63835   -2
359      4.51e-06      9.00e-07       0.00955     -831.39725       0.20225       0.00708       8.29924       0.98438       1.01757       0.95985       0.96192       1.00342       0.97615       0.95334       0.97462       1.02260       0.93365       0.98574       0.97490       1.00093       0.96696       0.97432       1.02495       0.97866       1.04329  -201.5016264811      0.00205   -3
-- Local optimization: stuck in the same solution


---- Best joint likelihood found -201.50163 with gradient 0.00205
-- Model: B
--     eps_an        eps_cont      theta_bar     a        
--    4.51e-06      9.00e-07       0.00955       -1.00000  
--      S_d            b             p_b           S_b      
--   -831.39725       0.20225       0.00708       8.29924  
--     r  2          r  3          r  4          r  5          r  6          r  7          r  8          r  9          r 10          r 11          r 12          r 13          r 14          r 15          r 16          r 17          r 18          r 19     
--     0.98438       1.01757       0.95985       0.96192       1.00342       0.97615       0.95334       0.97462       1.02260       0.93365       0.98574       0.97490       1.00093       0.96696       0.97432       1.02495       0.97866       1.04329  

---- Expected P_neut(i), 0 < i < n (neutral SFS per site) 
E[P_neut(1)] = 0.009552
E[P_neut(2)] = 0.004702
E[P_neut(3)] = 0.003240
E[P_neut(4)] = 0.002292
E[P_neut(5)] = 0.001838
E[P_neut(6)] = 0.001598
E[P_neut(7)] = 0.001332
E[P_neut(8)] = 0.001138
E[P_neut(9)] = 0.001034
E[P_neut(10)] = 0.000977
E[P_neut(11)] = 0.000811
E[P_neut(12)] = 0.000785
E[P_neut(13)] = 0.000716
E[P_neut(14)] = 0.000683
E[P_neut(15)] = 0.000616
E[P_neut(16)] = 0.000582
E[P_neut(17)] = 0.000576
E[P_neut(18)] = 0.000519
E[P_neut(19)] = 0.000525

---- Expected P_sel(i), 0 < i < n (selected SFS per site) 
E[P_sel(1)] = 0.003872
E[P_sel(2)] = 0.001564
E[P_sel(3)] = 0.000983
E[P_sel(4)] = 0.000657
E[P_sel(5)] = 0.000506
E[P_sel(6)] = 0.000426
E[P_sel(7)] = 0.000347
E[P_sel(8)] = 0.000291
E[P_sel(9)] = 0.000260
E[P_sel(10)] = 0.000242
E[P_sel(11)] = 0.000199
E[P_sel(12)] = 0.000191
E[P_sel(13)] = 0.000174
E[P_sel(14)] = 0.000165
E[P_sel(15)] = 0.000149
E[P_sel(16)] = 0.000141
E[P_sel(17)] = 0.000141
E[P_sel(18)] = 0.000129
E[P_sel(19)] = 0.000132

---- Expected neutral and selected misattributed polymorphism per site
E[mis_neut] = 0.000478
E[mis_sel] = 0.000123

---- alpha_div = 0.315625
---- alpha_dfe = 0.221617



