---- Performing inference on Ns5_pa_0.01_boots/Ns5_pa_0.01.81.polyDFE.txt using model B

---- Warning: mutation variability is not used when only one neutral and one selected fragment is available.
---- No mutation variability. Using Poisson likelihood.

---- Using provided initial values


-- Starting local optimization
 it       eps_an        eps_cont      lambda        theta_bar      S_d            b             p_b           S_b           r  2          r  3          r  4          r  5          r  6          r  7          r  8          r  9          r 10          r 11          r 12          r 13          r 14          r 15          r 16          r 17          r 18          r 19          r 20         ln lk             grad     status
  0      4.50e-06      9.00e-07       0.00500       0.00100     -400.00000       0.40000       0.02000       4.00000       1.00000       1.00000       1.00000       1.00000       1.00000       1.00000       1.00000       1.00000       1.00000       1.00000       1.00000       1.00000       1.00000       1.00000       1.00000       1.00000       1.00000       1.00000       1.00000  -255030.4725642122   1765.03756   -2
253      4.50e-06      9.00e-07       0.00508       0.00945     -911.60415       0.19771       0.00563      15.48026       0.99735       1.02148       0.97848       0.95185       1.03274       0.97931       1.00346       1.00008       1.04859       0.95108       1.00014       0.98213       1.00650       0.92888       0.99663       1.02375       1.00720       1.00502       0.90175  -211.1278151691      0.02183   -3
-- Local optimization: stuck in the same solution


---- Best joint likelihood found -211.12782 with gradient 0.02183
-- Model: B
--     eps_an        eps_cont      lambda        theta_bar     a        
--    4.50e-06      9.00e-07       0.00508       0.00945       -1.00000  
--      S_d            b             p_b           S_b      
--   -911.60415       0.19771       0.00563      15.48026  
--     r  2          r  3          r  4          r  5          r  6          r  7          r  8          r  9          r 10          r 11          r 12          r 13          r 14          r 15          r 16          r 17          r 18          r 19          r 20     
--     0.99735       1.02148       0.97848       0.95185       1.03274       0.97931       1.00346       1.00008       1.04859       0.95108       1.00014       0.98213       1.00650       0.92888       0.99663       1.02375       1.00720       1.00502       0.90175  

---- Expected P_neut(i), 0 < i < n (neutral SFS per site) 
E[P_neut(1)] = 0.009453
E[P_neut(2)] = 0.004714
E[P_neut(3)] = 0.003219
E[P_neut(4)] = 0.002312
E[P_neut(5)] = 0.001799
E[P_neut(6)] = 0.001627
E[P_neut(7)] = 0.001322
E[P_neut(8)] = 0.001186
E[P_neut(9)] = 0.001050
E[P_neut(10)] = 0.000991
E[P_neut(11)] = 0.000817
E[P_neut(12)] = 0.000788
E[P_neut(13)] = 0.000714
E[P_neut(14)] = 0.000680
E[P_neut(15)] = 0.000585
E[P_neut(16)] = 0.000589
E[P_neut(17)] = 0.000569
E[P_neut(18)] = 0.000529
E[P_neut(19)] = 0.000500

---- Expected P_sel(i), 0 < i < n (selected SFS per site) 
E[P_sel(1)] = 0.003815
E[P_sel(2)] = 0.001566
E[P_sel(3)] = 0.000977
E[P_sel(4)] = 0.000663
E[P_sel(5)] = 0.000496
E[P_sel(6)] = 0.000435
E[P_sel(7)] = 0.000345
E[P_sel(8)] = 0.000303
E[P_sel(9)] = 0.000264
E[P_sel(10)] = 0.000246
E[P_sel(11)] = 0.000201
E[P_sel(12)] = 0.000192
E[P_sel(13)] = 0.000173
E[P_sel(14)] = 0.000165
E[P_sel(15)] = 0.000142
E[P_sel(16)] = 0.000144
E[P_sel(17)] = 0.000141
E[P_sel(18)] = 0.000134
E[P_sel(19)] = 0.000131

---- Expected D_neut and D_sel (neutral and selected divergence per site) 
E[D_neut] = 0.005507
E[D_sel] = 0.001625

---- Expected neutral and selected misattributed polymorphism per site
E[mis_neut] = 0.000426
E[mis_sel] = 0.000118

---- alpha_div = 0.294759
---- alpha_dfe = 0.293784



