---- Performing inference on Ns5_pa_0.01_boots/Ns5_pa_0.01.56.polyDFE.txt using model B

---- Warning: mutation variability is not used when only one neutral and one selected fragment is available.
---- No mutation variability. Using Poisson likelihood.

---- Using provided initial values


-- Starting local optimization
 it       eps_an        theta_bar      S_d            b             r  2          r  3          r  4          r  5          r  6          r  7          r  8          r  9          r 10          r 11          r 12          r 13          r 14          r 15          r 16          r 17          r 18          r 19         ln lk             grad     status
  0      4.50e-06       0.00100     -400.00000       0.40000       1.00000       1.00000       1.00000       1.00000       1.00000       1.00000       1.00000       1.00000       1.00000       1.00000       1.00000       1.00000       1.00000       1.00000       1.00000       1.00000       1.00000       1.00000  -262971.0640001411   1828.16560   -2
119      4.50e-06       0.00960    -1734.06011       0.17046       0.97570       0.97334       0.94892       0.95936       0.98758       0.96903       0.94247       0.97628       1.00763       0.94330       1.00245       0.94688       0.99789       0.95645       0.94581       0.99646       0.96899       1.05540  -208.0345880026      0.00197   -3
-- Local optimization: stuck in the same solution


---- Best joint likelihood found -208.03459 with gradient 0.00197
-- Model: B
--     eps_an        eps_cont      theta_bar     a        
--    4.50e-06      0.00e+00       0.00960       -1.00000  
--      S_d            b             p_b           S_b      
--  -1734.06011       0.17046      0.00e+00      0.00e+00  
--     r  2          r  3          r  4          r  5          r  6          r  7          r  8          r  9          r 10          r 11          r 12          r 13          r 14          r 15          r 16          r 17          r 18          r 19     
--     0.97570       0.97334       0.94892       0.95936       0.98758       0.96903       0.94247       0.97628       1.00763       0.94330       1.00245       0.94688       0.99789       0.95645       0.94581       0.99646       0.96899       1.05540  

---- Expected P_neut(i), 0 < i < n (neutral SFS per site) 
E[P_neut(1)] = 0.009599
E[P_neut(2)] = 0.004683
E[P_neut(3)] = 0.003114
E[P_neut(4)] = 0.002277
E[P_neut(5)] = 0.001842
E[P_neut(6)] = 0.001580
E[P_neut(7)] = 0.001329
E[P_neut(8)] = 0.001131
E[P_neut(9)] = 0.001041
E[P_neut(10)] = 0.000967
E[P_neut(11)] = 0.000823
E[P_neut(12)] = 0.000802
E[P_neut(13)] = 0.000699
E[P_neut(14)] = 0.000684
E[P_neut(15)] = 0.000612
E[P_neut(16)] = 0.000567
E[P_neut(17)] = 0.000563
E[P_neut(18)] = 0.000517
E[P_neut(19)] = 0.000533

---- Expected P_sel(i), 0 < i < n (selected SFS per site) 
E[P_sel(1)] = 0.003806
E[P_sel(2)] = 0.001564
E[P_sel(3)] = 0.000960
E[P_sel(4)] = 0.000667
E[P_sel(5)] = 0.000520
E[P_sel(6)] = 0.000433
E[P_sel(7)] = 0.000356
E[P_sel(8)] = 0.000297
E[P_sel(9)] = 0.000268
E[P_sel(10)] = 0.000245
E[P_sel(11)] = 0.000206
E[P_sel(12)] = 0.000198
E[P_sel(13)] = 0.000171
E[P_sel(14)] = 0.000165
E[P_sel(15)] = 0.000147
E[P_sel(16)] = 0.000135
E[P_sel(17)] = 0.000132
E[P_sel(18)] = 0.000121
E[P_sel(19)] = 0.000123

---- Expected neutral and selected misattributed polymorphism per site
E[mis_neut] = 0.000480
E[mis_sel] = 0.000110

---- alpha_div = 0.273472
---- alpha_dfe = 0.000000



