---- Performing inference on Ns5_pa_0.01_boots/Ns5_pa_0.01.0.polyDFE.txt using model B

---- Warning: mutation variability is not used when only one neutral and one selected fragment is available.
---- No mutation variability. Using Poisson likelihood.

---- Using provided initial values


-- Starting local optimization
 it       eps_an        eps_cont      lambda        theta_bar      S_d            b             p_b           S_b           r  2          r  3          r  4          r  5          r  6          r  7          r  8          r  9          r 10          r 11          r 12          r 13          r 14          r 15          r 16          r 17          r 18          r 19          r 20         ln lk             grad     status
  0      4.50e-06      9.00e-07       0.00500       0.00100     -400.00000       0.40000       0.02000       4.00000       1.00000       1.00000       1.00000       1.00000       1.00000       1.00000       1.00000       1.00000       1.00000       1.00000       1.00000       1.00000       1.00000       1.00000       1.00000       1.00000       1.00000       1.00000       1.00000  -253259.3538338688   1754.75811   -2
227      4.50e-06      9.00e-07       0.00500       0.00953     -831.77697       0.20722       0.00940      10.69629       0.98878       1.00270       0.95469       0.97245       1.01155       0.99862       0.99885       0.99827       0.96653       0.94752       1.01685       0.99573       1.00190       0.94551       0.99425       0.97711       1.00819       0.96691       0.96751  -205.3271319820      0.00390   -3
-- Local optimization: stuck in the same solution


---- Best joint likelihood found -205.32713 with gradient 0.00390
-- Model: B
--     eps_an        eps_cont      lambda        theta_bar     a        
--    4.50e-06      9.00e-07       0.00500       0.00953       -1.00000  
--      S_d            b             p_b           S_b      
--   -831.77697       0.20722       0.00940      10.69629  
--     r  2          r  3          r  4          r  5          r  6          r  7          r  8          r  9          r 10          r 11          r 12          r 13          r 14          r 15          r 16          r 17          r 18          r 19          r 20     
--     0.98878       1.00270       0.95469       0.97245       1.01155       0.99862       0.99885       0.99827       0.96653       0.94752       1.01685       0.99573       1.00190       0.94551       0.99425       0.97711       1.00819       0.96691       0.96751  

---- Expected P_neut(i), 0 < i < n (neutral SFS per site) 
E[P_neut(1)] = 0.009526
E[P_neut(2)] = 0.004710
E[P_neut(3)] = 0.003184
E[P_neut(4)] = 0.002274
E[P_neut(5)] = 0.001853
E[P_neut(6)] = 0.001606
E[P_neut(7)] = 0.001359
E[P_neut(8)] = 0.001189
E[P_neut(9)] = 0.001057
E[P_neut(10)] = 0.000921
E[P_neut(11)] = 0.000821
E[P_neut(12)] = 0.000807
E[P_neut(13)] = 0.000730
E[P_neut(14)] = 0.000682
E[P_neut(15)] = 0.000600
E[P_neut(16)] = 0.000592
E[P_neut(17)] = 0.000548
E[P_neut(18)] = 0.000534
E[P_neut(19)] = 0.000485

---- Expected P_sel(i), 0 < i < n (selected SFS per site) 
E[P_sel(1)] = 0.003812
E[P_sel(2)] = 0.001541
E[P_sel(3)] = 0.000950
E[P_sel(4)] = 0.000640
E[P_sel(5)] = 0.000501
E[P_sel(6)] = 0.000421
E[P_sel(7)] = 0.000348
E[P_sel(8)] = 0.000299
E[P_sel(9)] = 0.000262
E[P_sel(10)] = 0.000226
E[P_sel(11)] = 0.000200
E[P_sel(12)] = 0.000196
E[P_sel(13)] = 0.000177
E[P_sel(14)] = 0.000166
E[P_sel(15)] = 0.000147
E[P_sel(16)] = 0.000147
E[P_sel(17)] = 0.000138
E[P_sel(18)] = 0.000138
E[P_sel(19)] = 0.000130

---- Expected D_neut and D_sel (neutral and selected divergence per site) 
E[D_neut] = 0.005461
E[D_sel] = 0.001629

---- Expected neutral and selected misattributed polymorphism per site
E[mis_neut] = 0.000461
E[mis_sel] = 0.000130

---- alpha_div = 0.335972
---- alpha_dfe = 0.335370



