---- Performing inference on Ns5_pa_0.01_boots/Ns5_pa_0.01.71.polyDFE.txt using model B

---- Warning: mutation variability is not used when only one neutral and one selected fragment is available.
---- No mutation variability. Using Poisson likelihood.

---- Using provided initial values


-- Starting local optimization
 it       eps_an        eps_cont      lambda        theta_bar      S_d            b             p_b           S_b           r  2          r  3          r  4          r  5          r  6          r  7          r  8          r  9          r 10          r 11          r 12          r 13          r 14          r 15          r 16          r 17          r 18          r 19          r 20         ln lk             grad     status
  0      4.50e-06      9.00e-07       0.00500       0.00100     -400.00000       0.40000       0.02000       4.00000       1.00000       1.00000       1.00000       1.00000       1.00000       1.00000       1.00000       1.00000       1.00000       1.00000       1.00000       1.00000       1.00000       1.00000       1.00000       1.00000       1.00000       1.00000       1.00000  -254957.8392787474   1762.88604   -2
163      4.50e-06      9.00e-07       0.00506       0.00964    -1141.02579       0.19195       0.00589      15.16589       0.98914       0.99957       0.95580       0.94894       1.00513       0.99186       0.95224       0.95952       1.00621       0.90039       0.97531       1.01090       1.01317       0.93681       0.95626       1.00952       0.98222       0.94699       0.92465  -209.5410063695      0.03673   -3
-- Local optimization: stuck in the same solution


---- Best joint likelihood found -209.54101 with gradient 0.03673
-- Model: B
--     eps_an        eps_cont      lambda        theta_bar     a        
--    4.50e-06      9.00e-07       0.00506       0.00964       -1.00000  
--      S_d            b             p_b           S_b      
--  -1141.02579       0.19195       0.00589      15.16589  
--     r  2          r  3          r  4          r  5          r  6          r  7          r  8          r  9          r 10          r 11          r 12          r 13          r 14          r 15          r 16          r 17          r 18          r 19          r 20     
--     0.98914       0.99957       0.95580       0.94894       1.00513       0.99186       0.95224       0.95952       1.00621       0.90039       0.97531       1.01090       1.01317       0.93681       0.95626       1.00952       0.98222       0.94699       0.92465  

---- Expected P_neut(i), 0 < i < n (neutral SFS per site) 
E[P_neut(1)] = 0.009635
E[P_neut(2)] = 0.004765
E[P_neut(3)] = 0.003210
E[P_neut(4)] = 0.002302
E[P_neut(5)] = 0.001829
E[P_neut(6)] = 0.001614
E[P_neut(7)] = 0.001365
E[P_neut(8)] = 0.001147
E[P_neut(9)] = 0.001027
E[P_neut(10)] = 0.000970
E[P_neut(11)] = 0.000789
E[P_neut(12)] = 0.000783
E[P_neut(13)] = 0.000749
E[P_neut(14)] = 0.000697
E[P_neut(15)] = 0.000602
E[P_neut(16)] = 0.000576
E[P_neut(17)] = 0.000572
E[P_neut(18)] = 0.000526
E[P_neut(19)] = 0.000480

---- Expected P_sel(i), 0 < i < n (selected SFS per site) 
E[P_sel(1)] = 0.003809
E[P_sel(2)] = 0.001559
E[P_sel(3)] = 0.000963
E[P_sel(4)] = 0.000654
E[P_sel(5)] = 0.000499
E[P_sel(6)] = 0.000428
E[P_sel(7)] = 0.000353
E[P_sel(8)] = 0.000291
E[P_sel(9)] = 0.000257
E[P_sel(10)] = 0.000239
E[P_sel(11)] = 0.000193
E[P_sel(12)] = 0.000190
E[P_sel(13)] = 0.000181
E[P_sel(14)] = 0.000169
E[P_sel(15)] = 0.000146
E[P_sel(16)] = 0.000141
E[P_sel(17)] = 0.000142
E[P_sel(18)] = 0.000134
E[P_sel(19)] = 0.000127

---- Expected D_neut and D_sel (neutral and selected divergence per site) 
E[D_neut] = 0.005502
E[D_sel] = 0.001631

---- Expected neutral and selected misattributed polymorphism per site
E[mis_neut] = 0.000445
E[mis_sel] = 0.000124

---- alpha_div = 0.299777
---- alpha_dfe = 0.299842



