---- Performing inference on Ns5_pa_0.01_boots/Ns5_pa_0.01.66.polyDFE.txt using model B

---- Warning: mutation variability is not used when only one neutral and one selected fragment is available.
---- No mutation variability. Using Poisson likelihood.

---- Using provided initial values


-- Starting local optimization
 it       eps_an        eps_cont      lambda        theta_bar      S_d            b             p_b           S_b           r  2          r  3          r  4          r  5          r  6          r  7          r  8          r  9          r 10          r 11          r 12          r 13          r 14          r 15          r 16          r 17          r 18          r 19          r 20         ln lk             grad     status
  0      4.50e-06      9.00e-07       0.00500       0.00100     -400.00000       0.40000       0.02000       4.00000       1.00000       1.00000       1.00000       1.00000       1.00000       1.00000       1.00000       1.00000       1.00000       1.00000       1.00000       1.00000       1.00000       1.00000       1.00000       1.00000       1.00000       1.00000       1.00000  -255444.8055123464   1765.78365   -2
260      4.50e-06      9.00e-07       0.00506       0.00955     -832.99531       0.20394       0.00696      13.35983       0.98885       1.01405       0.97297       0.98572       1.01596       0.97100       0.97366       0.98003       1.02651       0.95076       0.97536       0.94812       1.00868       0.94765       0.96800       1.01154       0.95705       0.98240       0.92111  -213.8079467286      0.00153   -3
-- Local optimization: stuck in the same solution


---- Best joint likelihood found -213.80795 with gradient 0.00153
-- Model: B
--     eps_an        eps_cont      lambda        theta_bar     a        
--    4.50e-06      9.00e-07       0.00506       0.00955       -1.00000  
--      S_d            b             p_b           S_b      
--   -832.99531       0.20394       0.00696      13.35983  
--     r  2          r  3          r  4          r  5          r  6          r  7          r  8          r  9          r 10          r 11          r 12          r 13          r 14          r 15          r 16          r 17          r 18          r 19          r 20     
--     0.98885       1.01405       0.97297       0.98572       1.01596       0.97100       0.97366       0.98003       1.02651       0.95076       0.97536       0.94812       1.00868       0.94765       0.96800       1.01154       0.95705       0.98240       0.92111  

---- Expected P_neut(i), 0 < i < n (neutral SFS per site) 
E[P_neut(1)] = 0.009552
E[P_neut(2)] = 0.004723
E[P_neut(3)] = 0.003229
E[P_neut(4)] = 0.002323
E[P_neut(5)] = 0.001883
E[P_neut(6)] = 0.001617
E[P_neut(7)] = 0.001325
E[P_neut(8)] = 0.001163
E[P_neut(9)] = 0.001040
E[P_neut(10)] = 0.000981
E[P_neut(11)] = 0.000826
E[P_neut(12)] = 0.000776
E[P_neut(13)] = 0.000697
E[P_neut(14)] = 0.000688
E[P_neut(15)] = 0.000603
E[P_neut(16)] = 0.000578
E[P_neut(17)] = 0.000568
E[P_neut(18)] = 0.000508
E[P_neut(19)] = 0.000494

---- Expected P_sel(i), 0 < i < n (selected SFS per site) 
E[P_sel(1)] = 0.003848
E[P_sel(2)] = 0.001558
E[P_sel(3)] = 0.000971
E[P_sel(4)] = 0.000660
E[P_sel(5)] = 0.000513
E[P_sel(6)] = 0.000427
E[P_sel(7)] = 0.000341
E[P_sel(8)] = 0.000294
E[P_sel(9)] = 0.000259
E[P_sel(10)] = 0.000241
E[P_sel(11)] = 0.000201
E[P_sel(12)] = 0.000188
E[P_sel(13)] = 0.000168
E[P_sel(14)] = 0.000166
E[P_sel(15)] = 0.000146
E[P_sel(16)] = 0.000141
E[P_sel(17)] = 0.000141
E[P_sel(18)] = 0.000129
E[P_sel(19)] = 0.000130

---- Expected D_neut and D_sel (neutral and selected divergence per site) 
E[D_neut] = 0.005500
E[D_sel] = 0.001626

---- Expected neutral and selected misattributed polymorphism per site
E[mis_neut] = 0.000440
E[mis_sel] = 0.000122

---- alpha_div = 0.313597
---- alpha_dfe = 0.313051



