---- Performing inference on Ns5_pa_0.01_boots/Ns5_pa_0.01.47.polyDFE.txt using model B

---- Warning: mutation variability is not used when only one neutral and one selected fragment is available.
---- No mutation variability. Using Poisson likelihood.

---- Using provided initial values


-- Starting local optimization
 it       eps_an        lambda        theta_bar      S_d            b             r  2          r  3          r  4          r  5          r  6          r  7          r  8          r  9          r 10          r 11          r 12          r 13          r 14          r 15          r 16          r 17          r 18          r 19          r 20         ln lk             grad     status
  0      4.50e-06       0.00500       0.00100     -400.00000       0.40000       1.00000       1.00000       1.00000       1.00000       1.00000       1.00000       1.00000       1.00000       1.00000       1.00000       1.00000       1.00000       1.00000       1.00000       1.00000       1.00000       1.00000       1.00000       1.00000  -271326.2919039957   1950.50201   -2
166      4.51e-06       0.00501       0.00980   -10346.02134       0.12799       0.94374       0.95017       0.92253       0.90512       0.94141       0.90283       0.91109       0.91062       0.93539       0.89462       0.91636       0.89655       0.93129       0.93151       0.95666       1.00645       0.96476       0.96112       1.67262  -381.6530277038      0.01190   -3
-- Local optimization: stuck in the same solution


---- Best joint likelihood found -381.65303 with gradient 0.01190
-- Model: B
--     eps_an        eps_cont      lambda        theta_bar     a        
--    4.51e-06      0.00e+00       0.00501       0.00980       -1.00000  
--      S_d            b             p_b           S_b      
-- -10346.02134       0.12799      0.00e+00      0.00e+00  
--     r  2          r  3          r  4          r  5          r  6          r  7          r  8          r  9          r 10          r 11          r 12          r 13          r 14          r 15          r 16          r 17          r 18          r 19          r 20     
--     0.94374       0.95017       0.92253       0.90512       0.94141       0.90283       0.91109       0.91062       0.93539       0.89462       0.91636       0.89655       0.93129       0.93151       0.95666       1.00645       0.96476       0.96112       1.67262  

---- Expected P_neut(i), 0 < i < n (neutral SFS per site) 
E[P_neut(1)] = 0.009797
E[P_neut(2)] = 0.004623
E[P_neut(3)] = 0.003103
E[P_neut(4)] = 0.002259
E[P_neut(5)] = 0.001773
E[P_neut(6)] = 0.001537
E[P_neut(7)] = 0.001264
E[P_neut(8)] = 0.001116
E[P_neut(9)] = 0.000991
E[P_neut(10)] = 0.000916
E[P_neut(11)] = 0.000797
E[P_neut(12)] = 0.000748
E[P_neut(13)] = 0.000676
E[P_neut(14)] = 0.000652
E[P_neut(15)] = 0.000608
E[P_neut(16)] = 0.000586
E[P_neut(17)] = 0.000580
E[P_neut(18)] = 0.000525
E[P_neut(19)] = 0.000496

---- Expected P_sel(i), 0 < i < n (selected SFS per site) 
E[P_sel(1)] = 0.003745
E[P_sel(2)] = 0.001556
E[P_sel(3)] = 0.000984
E[P_sel(4)] = 0.000690
E[P_sel(5)] = 0.000527
E[P_sel(6)] = 0.000447
E[P_sel(7)] = 0.000361
E[P_sel(8)] = 0.000314
E[P_sel(9)] = 0.000275
E[P_sel(10)] = 0.000251
E[P_sel(11)] = 0.000216
E[P_sel(12)] = 0.000201
E[P_sel(13)] = 0.000180
E[P_sel(14)] = 0.000172
E[P_sel(15)] = 0.000160
E[P_sel(16)] = 0.000153
E[P_sel(17)] = 0.000150
E[P_sel(18)] = 0.000135
E[P_sel(19)] = 0.000127

---- Expected D_neut and D_sel (neutral and selected divergence per site) 
E[D_neut] = 0.005832
E[D_sel] = 0.001477

---- Expected neutral and selected misattributed polymorphism per site
E[mis_neut] = 0.000819
E[mis_sel] = 0.000208

---- alpha_div = 0.176016
---- alpha_dfe = 0.000000



