---- Performing inference on Ns5_pa_0.01_boots/Ns5_pa_0.01.74.polyDFE.txt using model B

---- Warning: mutation variability is not used when only one neutral and one selected fragment is available.
---- No mutation variability. Using Poisson likelihood.

---- Using provided initial values


-- Starting local optimization
 it       eps_an        eps_cont      lambda        theta_bar      S_d            b             p_b           S_b           r  2          r  3          r  4          r  5          r  6          r  7          r  8          r  9          r 10          r 11          r 12          r 13          r 14          r 15          r 16          r 17          r 18          r 19          r 20         ln lk             grad     status
  0      4.50e-06      9.00e-07       0.00500       0.00100     -400.00000       0.40000       0.02000       4.00000       1.00000       1.00000       1.00000       1.00000       1.00000       1.00000       1.00000       1.00000       1.00000       1.00000       1.00000       1.00000       1.00000       1.00000       1.00000       1.00000       1.00000       1.00000       1.00000  -257430.2212989973   1775.83701   -2
359      4.50e-06      9.00e-07       0.00500       0.00963     -916.22752       0.19973       0.00774      12.11189       0.97744       0.99179       0.96165       0.95157       1.00912       0.97038       0.98617       0.99194       1.01459       0.94063       0.99235       0.96922       0.98821       0.96993       0.98693       1.02014       0.97812       0.95760       1.07096  -205.0951600221      0.00278   -3
-- Local optimization: stuck in the same solution


---- Best joint likelihood found -205.09516 with gradient 0.00278
-- Model: B
--     eps_an        eps_cont      lambda        theta_bar     a        
--    4.50e-06      9.00e-07       0.00500       0.00963       -1.00000  
--      S_d            b             p_b           S_b      
--   -916.22752       0.19973       0.00774      12.11189  
--     r  2          r  3          r  4          r  5          r  6          r  7          r  8          r  9          r 10          r 11          r 12          r 13          r 14          r 15          r 16          r 17          r 18          r 19          r 20     
--     0.97744       0.99179       0.96165       0.95157       1.00912       0.97038       0.98617       0.99194       1.01459       0.94063       0.99235       0.96922       0.98821       0.96993       0.98693       1.02014       0.97812       0.95760       1.07096  

---- Expected P_neut(i), 0 < i < n (neutral SFS per site) 
E[P_neut(1)] = 0.009626
E[P_neut(2)] = 0.004704
E[P_neut(3)] = 0.003182
E[P_neut(4)] = 0.002314
E[P_neut(5)] = 0.001832
E[P_neut(6)] = 0.001619
E[P_neut(7)] = 0.001334
E[P_neut(8)] = 0.001187
E[P_neut(9)] = 0.001061
E[P_neut(10)] = 0.000977
E[P_neut(11)] = 0.000823
E[P_neut(12)] = 0.000796
E[P_neut(13)] = 0.000718
E[P_neut(14)] = 0.000679
E[P_neut(15)] = 0.000622
E[P_neut(16)] = 0.000594
E[P_neut(17)] = 0.000578
E[P_neut(18)] = 0.000523
E[P_neut(19)] = 0.000485

---- Expected P_sel(i), 0 < i < n (selected SFS per site) 
E[P_sel(1)] = 0.003867
E[P_sel(2)] = 0.001555
E[P_sel(3)] = 0.000961
E[P_sel(4)] = 0.000661
E[P_sel(5)] = 0.000503
E[P_sel(6)] = 0.000431
E[P_sel(7)] = 0.000347
E[P_sel(8)] = 0.000303
E[P_sel(9)] = 0.000267
E[P_sel(10)] = 0.000243
E[P_sel(11)] = 0.000203
E[P_sel(12)] = 0.000195
E[P_sel(13)] = 0.000175
E[P_sel(14)] = 0.000166
E[P_sel(15)] = 0.000153
E[P_sel(16)] = 0.000148
E[P_sel(17)] = 0.000146
E[P_sel(18)] = 0.000136
E[P_sel(19)] = 0.000130

---- Expected D_neut and D_sel (neutral and selected divergence per site) 
E[D_neut] = 0.005513
E[D_sel] = 0.001643

---- Expected neutral and selected misattributed polymorphism per site
E[mis_neut] = 0.000515
E[mis_sel] = 0.000145

---- alpha_div = 0.313926
---- alpha_dfe = 0.312891



