---- Performing inference on Ns5_pa_0.01_boots/Ns5_pa_0.01.29.polyDFE.txt using model B

---- Warning: mutation variability is not used when only one neutral and one selected fragment is available.
---- No mutation variability. Using Poisson likelihood.

---- Using provided initial values


-- Starting local optimization
 it       eps_an        theta_bar      S_d            b             r  2          r  3          r  4          r  5          r  6          r  7          r  8          r  9          r 10          r 11          r 12          r 13          r 14          r 15          r 16          r 17          r 18          r 19         ln lk             grad     status
  0      4.50e-06       0.00100     -400.00000       0.40000       1.00000       1.00000       1.00000       1.00000       1.00000       1.00000       1.00000       1.00000       1.00000       1.00000       1.00000       1.00000       1.00000       1.00000       1.00000       1.00000       1.00000       1.00000  -261419.1901844690   1820.73419   -2
134      4.50e-06       0.00949    -1451.09183       0.17575       0.97848       0.99349       0.96762       0.95236       0.99262       0.96146       0.96703       0.96987       1.01293       0.94244       0.98430       0.98924       1.01982       0.98841       0.99990       1.03133       1.02721       0.99939  -220.6988355619      0.01114   -3
-- Local optimization: stuck in the same solution


---- Best joint likelihood found -220.69884 with gradient 0.01114
-- Model: B
--     eps_an        eps_cont      theta_bar     a        
--    4.50e-06      0.00e+00       0.00949       -1.00000  
--      S_d            b             p_b           S_b      
--  -1451.09183       0.17575      0.00e+00      0.00e+00  
--     r  2          r  3          r  4          r  5          r  6          r  7          r  8          r  9          r 10          r 11          r 12          r 13          r 14          r 15          r 16          r 17          r 18          r 19     
--     0.97848       0.99349       0.96762       0.95236       0.99262       0.96146       0.96703       0.96987       1.01293       0.94244       0.98430       0.98924       1.01982       0.98841       0.99990       1.03133       1.02721       0.99939  

---- Expected P_neut(i), 0 < i < n (neutral SFS per site) 
E[P_neut(1)] = 0.009492
E[P_neut(2)] = 0.004644
E[P_neut(3)] = 0.003143
E[P_neut(4)] = 0.002296
E[P_neut(5)] = 0.001808
E[P_neut(6)] = 0.001570
E[P_neut(7)] = 0.001304
E[P_neut(8)] = 0.001147
E[P_neut(9)] = 0.001023
E[P_neut(10)] = 0.000961
E[P_neut(11)] = 0.000813
E[P_neut(12)] = 0.000779
E[P_neut(13)] = 0.000722
E[P_neut(14)] = 0.000691
E[P_neut(15)] = 0.000625
E[P_neut(16)] = 0.000593
E[P_neut(17)] = 0.000576
E[P_neut(18)] = 0.000542
E[P_neut(19)] = 0.000499

---- Expected P_sel(i), 0 < i < n (selected SFS per site) 
E[P_sel(1)] = 0.003794
E[P_sel(2)] = 0.001555
E[P_sel(3)] = 0.000969
E[P_sel(4)] = 0.000672
E[P_sel(5)] = 0.000509
E[P_sel(6)] = 0.000429
E[P_sel(7)] = 0.000348
E[P_sel(8)] = 0.000300
E[P_sel(9)] = 0.000262
E[P_sel(10)] = 0.000243
E[P_sel(11)] = 0.000202
E[P_sel(12)] = 0.000191
E[P_sel(13)] = 0.000175
E[P_sel(14)] = 0.000166
E[P_sel(15)] = 0.000149
E[P_sel(16)] = 0.000140
E[P_sel(17)] = 0.000134
E[P_sel(18)] = 0.000125
E[P_sel(19)] = 0.000115

---- Expected neutral and selected misattributed polymorphism per site
E[mis_neut] = 0.000475
E[mis_sel] = 0.000108

---- alpha_div = 0.257813
---- alpha_dfe = 0.000000



