---- Performing inference on Ns5_pa_0.01_boots/Ns5_pa_0.01.95.polyDFE.txt using model B

---- Warning: mutation variability is not used when only one neutral and one selected fragment is available.
---- No mutation variability. Using Poisson likelihood.

---- Using provided initial values


-- Starting local optimization
 it       eps_an        eps_cont      lambda        theta_bar      S_d            b             p_b           S_b           r  2          r  3          r  4          r  5          r  6          r  7          r  8          r  9          r 10          r 11          r 12          r 13          r 14          r 15          r 16          r 17          r 18          r 19          r 20         ln lk             grad     status
  0      4.50e-06      9.00e-07       0.00500       0.00100     -400.00000       0.40000       0.02000       4.00000       1.00000       1.00000       1.00000       1.00000       1.00000       1.00000       1.00000       1.00000       1.00000       1.00000       1.00000       1.00000       1.00000       1.00000       1.00000       1.00000       1.00000       1.00000       1.00000  -255562.0523449046   1767.44443   -2
272      4.50e-06      9.00e-07       0.00509       0.00946     -724.64065       0.21119       0.00953      10.04548       1.00558       1.02413       0.99321       0.98453       1.02412       0.98973       0.98449       0.96527       1.00476       0.95600       0.96752       1.00451       1.01088       0.95468       0.99505       0.98549       1.01563       0.98288       0.94608  -213.0158382847      0.00703   -3
-- Local optimization: stuck in the same solution


---- Best joint likelihood found -213.01584 with gradient 0.00703
-- Model: B
--     eps_an        eps_cont      lambda        theta_bar     a        
--    4.50e-06      9.00e-07       0.00509       0.00946       -1.00000  
--      S_d            b             p_b           S_b      
--   -724.64065       0.21119       0.00953      10.04548  
--     r  2          r  3          r  4          r  5          r  6          r  7          r  8          r  9          r 10          r 11          r 12          r 13          r 14          r 15          r 16          r 17          r 18          r 19          r 20     
--     1.00558       1.02413       0.99321       0.98453       1.02412       0.98973       0.98449       0.96527       1.00476       0.95600       0.96752       1.00451       1.01088       0.95468       0.99505       0.98549       1.01563       0.98288       0.94608  

---- Expected P_neut(i), 0 < i < n (neutral SFS per site) 
E[P_neut(1)] = 0.009460
E[P_neut(2)] = 0.004756
E[P_neut(3)] = 0.003229
E[P_neut(4)] = 0.002349
E[P_neut(5)] = 0.001863
E[P_neut(6)] = 0.001615
E[P_neut(7)] = 0.001338
E[P_neut(8)] = 0.001164
E[P_neut(9)] = 0.001015
E[P_neut(10)] = 0.000951
E[P_neut(11)] = 0.000822
E[P_neut(12)] = 0.000763
E[P_neut(13)] = 0.000731
E[P_neut(14)] = 0.000683
E[P_neut(15)] = 0.000602
E[P_neut(16)] = 0.000588
E[P_neut(17)] = 0.000548
E[P_neut(18)] = 0.000534
E[P_neut(19)] = 0.000489

---- Expected P_sel(i), 0 < i < n (selected SFS per site) 
E[P_sel(1)] = 0.003840
E[P_sel(2)] = 0.001574
E[P_sel(3)] = 0.000972
E[P_sel(4)] = 0.000667
E[P_sel(5)] = 0.000508
E[P_sel(6)] = 0.000426
E[P_sel(7)] = 0.000345
E[P_sel(8)] = 0.000294
E[P_sel(9)] = 0.000253
E[P_sel(10)] = 0.000234
E[P_sel(11)] = 0.000201
E[P_sel(12)] = 0.000186
E[P_sel(13)] = 0.000178
E[P_sel(14)] = 0.000166
E[P_sel(15)] = 0.000148
E[P_sel(16)] = 0.000146
E[P_sel(17)] = 0.000139
E[P_sel(18)] = 0.000138
E[P_sel(19)] = 0.000131

---- Expected D_neut and D_sel (neutral and selected divergence per site) 
E[D_neut] = 0.005535
E[D_sel] = 0.001628

---- Expected neutral and selected misattributed polymorphism per site
E[mis_neut] = 0.000447
E[mis_sel] = 0.000125

---- alpha_div = 0.326082
---- alpha_dfe = 0.324162



