---- Performing inference on Ns5_pa_0.01_boots/Ns5_pa_0.01.52.polyDFE.txt using model B

---- Warning: mutation variability is not used when only one neutral and one selected fragment is available.
---- No mutation variability. Using Poisson likelihood.

---- Using provided initial values


-- Starting local optimization
 it       eps_an        lambda        theta_bar      S_d            b             r  2          r  3          r  4          r  5          r  6          r  7          r  8          r  9          r 10          r 11          r 12          r 13          r 14          r 15          r 16          r 17          r 18          r 19          r 20         ln lk             grad     status
  0      4.50e-06       0.00500       0.00100     -400.00000       0.40000       1.00000       1.00000       1.00000       1.00000       1.00000       1.00000       1.00000       1.00000       1.00000       1.00000       1.00000       1.00000       1.00000       1.00000       1.00000       1.00000       1.00000       1.00000       1.00000  -274486.6313027092   1966.47654   -2
121      4.50e-06       0.00536       0.00980    -6989.99579       0.13435       0.96639       0.96069       0.92396       0.92571       0.94155       0.90193       0.91297       0.91795       0.94089       0.89701       0.95178       0.89873       0.94756       0.93038       0.92961       0.97887       0.93834       0.94106       1.11982  -355.9939684512      0.04883   -3
-- Local optimization: stuck in the same solution


---- Best joint likelihood found -355.99397 with gradient 0.04883
-- Model: B
--     eps_an        eps_cont      lambda        theta_bar     a        
--    4.50e-06      0.00e+00       0.00536       0.00980       -1.00000  
--      S_d            b             p_b           S_b      
--  -6989.99579       0.13435      0.00e+00      0.00e+00  
--     r  2          r  3          r  4          r  5          r  6          r  7          r  8          r  9          r 10          r 11          r 12          r 13          r 14          r 15          r 16          r 17          r 18          r 19          r 20     
--     0.96639       0.96069       0.92396       0.92571       0.94155       0.90193       0.91297       0.91795       0.94089       0.89701       0.95178       0.89873       0.94756       0.93038       0.92961       0.97887       0.93834       0.94106       1.11982  

---- Expected P_neut(i), 0 < i < n (neutral SFS per site) 
E[P_neut(1)] = 0.009798
E[P_neut(2)] = 0.004734
E[P_neut(3)] = 0.003138
E[P_neut(4)] = 0.002263
E[P_neut(5)] = 0.001814
E[P_neut(6)] = 0.001538
E[P_neut(7)] = 0.001262
E[P_neut(8)] = 0.001118
E[P_neut(9)] = 0.000999
E[P_neut(10)] = 0.000922
E[P_neut(11)] = 0.000799
E[P_neut(12)] = 0.000777
E[P_neut(13)] = 0.000677
E[P_neut(14)] = 0.000663
E[P_neut(15)] = 0.000608
E[P_neut(16)] = 0.000569
E[P_neut(17)] = 0.000564
E[P_neut(18)] = 0.000511
E[P_neut(19)] = 0.000485

---- Expected P_sel(i), 0 < i < n (selected SFS per site) 
E[P_sel(1)] = 0.003790
E[P_sel(2)] = 0.001601
E[P_sel(3)] = 0.000997
E[P_sel(4)] = 0.000691
E[P_sel(5)] = 0.000538
E[P_sel(6)] = 0.000446
E[P_sel(7)] = 0.000359
E[P_sel(8)] = 0.000313
E[P_sel(9)] = 0.000276
E[P_sel(10)] = 0.000251
E[P_sel(11)] = 0.000216
E[P_sel(12)] = 0.000208
E[P_sel(13)] = 0.000179
E[P_sel(14)] = 0.000174
E[P_sel(15)] = 0.000158
E[P_sel(16)] = 0.000147
E[P_sel(17)] = 0.000145
E[P_sel(18)] = 0.000130
E[P_sel(19)] = 0.000123

---- Expected D_neut and D_sel (neutral and selected divergence per site) 
E[D_neut] = 0.005907
E[D_sel] = 0.001482

---- Expected neutral and selected misattributed polymorphism per site
E[mis_neut] = 0.000549
E[mis_sel] = 0.000138

---- alpha_div = 0.156012
---- alpha_dfe = 0.000000



