---- Performing inference on Ns5_pa_0.01_boots/Ns5_pa_0.01.0.polyDFE.txt using model B

---- Warning: mutation variability is not used when only one neutral and one selected fragment is available.
---- No mutation variability. Using Poisson likelihood.

---- Using provided initial values


-- Starting local optimization
 it       eps_an        eps_cont      theta_bar      S_d            b             p_b           S_b           r  2          r  3          r  4          r  5          r  6          r  7          r  8          r  9          r 10          r 11          r 12          r 13          r 14          r 15          r 16          r 17          r 18          r 19         ln lk             grad     status
  0      4.50e-06      9.00e-07       0.00100     -400.00000       0.40000       0.02000       4.00000       1.00000       1.00000       1.00000       1.00000       1.00000       1.00000       1.00000       1.00000       1.00000       1.00000       1.00000       1.00000       1.00000       1.00000       1.00000       1.00000       1.00000       1.00000  -250724.7620556966   1717.91205   -2
135      4.50e-06      9.00e-07       0.00952     -815.95905       0.20780       0.00901      11.65823       0.98939       1.00377       0.95556       0.97350       1.01288       1.00006       1.00041       1.00012       0.96822       0.94964       1.01887       0.99774       1.00394       0.94743       0.99594       0.97909       1.00900       0.96459  -194.1273724269      0.15245   -3
-- Local optimization: stuck in the same solution


---- Best joint likelihood found -194.12737 with gradient 0.15245
-- Model: B
--     eps_an        eps_cont      theta_bar     a        
--    4.50e-06      9.00e-07       0.00952       -1.00000  
--      S_d            b             p_b           S_b      
--   -815.95905       0.20780       0.00901      11.65823  
--     r  2          r  3          r  4          r  5          r  6          r  7          r  8          r  9          r 10          r 11          r 12          r 13          r 14          r 15          r 16          r 17          r 18          r 19     
--     0.98939       1.00377       0.95556       0.97350       1.01288       1.00006       1.00041       1.00012       0.96822       0.94964       1.01887       0.99774       1.00394       0.94743       0.99594       0.97909       1.00900       0.96459  

---- Expected P_neut(i), 0 < i < n (neutral SFS per site) 
E[P_neut(1)] = 0.009520
E[P_neut(2)] = 0.004709
E[P_neut(3)] = 0.003185
E[P_neut(4)] = 0.002274
E[P_neut(5)] = 0.001853
E[P_neut(6)] = 0.001607
E[P_neut(7)] = 0.001360
E[P_neut(8)] = 0.001190
E[P_neut(9)] = 0.001058
E[P_neut(10)] = 0.000922
E[P_neut(11)] = 0.000822
E[P_neut(12)] = 0.000808
E[P_neut(13)] = 0.000731
E[P_neut(14)] = 0.000683
E[P_neut(15)] = 0.000601
E[P_neut(16)] = 0.000593
E[P_neut(17)] = 0.000548
E[P_neut(18)] = 0.000534
E[P_neut(19)] = 0.000483

---- Expected P_sel(i), 0 < i < n (selected SFS per site) 
E[P_sel(1)] = 0.003814
E[P_sel(2)] = 0.001542
E[P_sel(3)] = 0.000950
E[P_sel(4)] = 0.000640
E[P_sel(5)] = 0.000501
E[P_sel(6)] = 0.000421
E[P_sel(7)] = 0.000348
E[P_sel(8)] = 0.000299
E[P_sel(9)] = 0.000262
E[P_sel(10)] = 0.000225
E[P_sel(11)] = 0.000199
E[P_sel(12)] = 0.000195
E[P_sel(13)] = 0.000176
E[P_sel(14)] = 0.000165
E[P_sel(15)] = 0.000147
E[P_sel(16)] = 0.000146
E[P_sel(17)] = 0.000138
E[P_sel(18)] = 0.000139
E[P_sel(19)] = 0.000130

---- Expected neutral and selected misattributed polymorphism per site
E[mis_neut] = 0.000476
E[mis_sel] = 0.000135

---- alpha_div = 0.335267
---- alpha_dfe = 0.345142



