---- Performing inference on Ns5_pa_0.01_boots/Ns5_pa_0.01.58.polyDFE.txt using model B

---- Warning: mutation variability is not used when only one neutral and one selected fragment is available.
---- No mutation variability. Using Poisson likelihood.

---- Using provided initial values


-- Starting local optimization
 it       eps_an        eps_cont      theta_bar      S_d            b             p_b           S_b           r  2          r  3          r  4          r  5          r  6          r  7          r  8          r  9          r 10          r 11          r 12          r 13          r 14          r 15          r 16          r 17          r 18          r 19         ln lk             grad     status
  0      4.50e-06      9.00e-07       0.00100     -400.00000       0.40000       0.02000       4.00000       1.00000       1.00000       1.00000       1.00000       1.00000       1.00000       1.00000       1.00000       1.00000       1.00000       1.00000       1.00000       1.00000       1.00000       1.00000       1.00000       1.00000       1.00000  -250810.4073799184   1719.71455   -2
180      4.50e-06      9.00e-07       0.00955     -869.18111       0.20869       0.01690       4.76112       0.98578       1.00000       0.97461       0.96044       0.98991       0.99454       0.97886       0.97146       1.00071       0.92706       0.98774       0.93086       0.96142       0.95111       0.96103       1.00762       0.95622       0.94151  -199.1929123756      1.44678   -3
-- Local optimization: stuck in the same solution


---- Best joint likelihood found -199.19291 with gradient 1.44678
-- Model: B
--     eps_an        eps_cont      theta_bar     a        
--    4.50e-06      9.00e-07       0.00955       -1.00000  
--      S_d            b             p_b           S_b      
--   -869.18111       0.20869       0.01690       4.76112  
--     r  2          r  3          r  4          r  5          r  6          r  7          r  8          r  9          r 10          r 11          r 12          r 13          r 14          r 15          r 16          r 17          r 18          r 19     
--     0.98578       1.00000       0.97461       0.96044       0.98991       0.99454       0.97886       0.97146       1.00071       0.92706       0.98774       0.93086       0.96142       0.95111       0.96103       1.00762       0.95622       0.94151  

---- Expected P_neut(i), 0 < i < n (neutral SFS per site) 
E[P_neut(1)] = 0.009547
E[P_neut(2)] = 0.004706
E[P_neut(3)] = 0.003182
E[P_neut(4)] = 0.002326
E[P_neut(5)] = 0.001834
E[P_neut(6)] = 0.001575
E[P_neut(7)] = 0.001356
E[P_neut(8)] = 0.001168
E[P_neut(9)] = 0.001031
E[P_neut(10)] = 0.000955
E[P_neut(11)] = 0.000805
E[P_neut(12)] = 0.000786
E[P_neut(13)] = 0.000684
E[P_neut(14)] = 0.000656
E[P_neut(15)] = 0.000605
E[P_neut(16)] = 0.000573
E[P_neut(17)] = 0.000566
E[P_neut(18)] = 0.000507
E[P_neut(19)] = 0.000473

---- Expected P_sel(i), 0 < i < n (selected SFS per site) 
E[P_sel(1)] = 0.003816
E[P_sel(2)] = 0.001544
E[P_sel(3)] = 0.000955
E[P_sel(4)] = 0.000661
E[P_sel(5)] = 0.000502
E[P_sel(6)] = 0.000419
E[P_sel(7)] = 0.000353
E[P_sel(8)] = 0.000300
E[P_sel(9)] = 0.000261
E[P_sel(10)] = 0.000240
E[P_sel(11)] = 0.000201
E[P_sel(12)] = 0.000196
E[P_sel(13)] = 0.000170
E[P_sel(14)] = 0.000164
E[P_sel(15)] = 0.000152
E[P_sel(16)] = 0.000145
E[P_sel(17)] = 0.000145
E[P_sel(18)] = 0.000131
E[P_sel(19)] = 0.000125

---- Expected neutral and selected misattributed polymorphism per site
E[mis_neut] = 0.000477
E[mis_sel] = 0.000128

---- alpha_div = 0.348501
---- alpha_dfe = 0.294914



