---- Performing inference on Ns5_pa_0.01_boots/Ns5_pa_0.01.1.polyDFE.txt using model B

---- Warning: mutation variability is not used when only one neutral and one selected fragment is available.
---- No mutation variability. Using Poisson likelihood.

---- Using provided initial values


-- Starting local optimization
 it       eps_an        lambda        theta_bar      S_d            b             r  2          r  3          r  4          r  5          r  6          r  7          r  8          r  9          r 10          r 11          r 12          r 13          r 14          r 15          r 16          r 17          r 18          r 19          r 20         ln lk             grad     status
  0      4.50e-06       0.00500       0.00100     -400.00000       0.40000       1.00000       1.00000       1.00000       1.00000       1.00000       1.00000       1.00000       1.00000       1.00000       1.00000       1.00000       1.00000       1.00000       1.00000       1.00000       1.00000       1.00000       1.00000       1.00000  -271876.4120397404   1956.57585   -2
605      4.52e-06       0.00023       0.00978   -11530.52869       0.12592       0.96012       0.93775       0.90487       0.92979       0.94328       0.93306       0.90200       0.93129       0.92477       0.86743       0.90102       0.90415       0.96707       0.90146       0.91881       0.94473       0.96366       0.94462      11.68387  -390.4655975501      0.45942   -6
-- Local optimization: reached maximum running time allowed


---- Best joint likelihood found -390.46560 with gradient 0.45942
-- Model: B
--     eps_an        eps_cont      lambda        theta_bar     a        
--    4.52e-06      0.00e+00       0.00023       0.00978       -1.00000  
--      S_d            b             p_b           S_b      
-- -11530.52869       0.12592      0.00e+00      0.00e+00  
--     r  2          r  3          r  4          r  5          r  6          r  7          r  8          r  9          r 10          r 11          r 12          r 13          r 14          r 15          r 16          r 17          r 18          r 19          r 20     
--     0.96012       0.93775       0.90487       0.92979       0.94328       0.93306       0.90200       0.93129       0.92477       0.86743       0.90102       0.90415       0.96707       0.90146       0.91881       0.94473       0.96366       0.94462      11.68387  

---- Expected P_neut(i), 0 < i < n (neutral SFS per site) 
E[P_neut(1)] = 0.009783
E[P_neut(2)] = 0.004697
E[P_neut(3)] = 0.003058
E[P_neut(4)] = 0.002213
E[P_neut(5)] = 0.001819
E[P_neut(6)] = 0.001538
E[P_neut(7)] = 0.001304
E[P_neut(8)] = 0.001103
E[P_neut(9)] = 0.001012
E[P_neut(10)] = 0.000905
E[P_neut(11)] = 0.000771
E[P_neut(12)] = 0.000735
E[P_neut(13)] = 0.000680
E[P_neut(14)] = 0.000676
E[P_neut(15)] = 0.000588
E[P_neut(16)] = 0.000562
E[P_neut(17)] = 0.000544
E[P_neut(18)] = 0.000524
E[P_neut(19)] = 0.000486

---- Expected P_sel(i), 0 < i < n (selected SFS per site) 
E[P_sel(1)] = 0.003739
E[P_sel(2)] = 0.001583
E[P_sel(3)] = 0.000973
E[P_sel(4)] = 0.000678
E[P_sel(5)] = 0.000542
E[P_sel(6)] = 0.000449
E[P_sel(7)] = 0.000374
E[P_sel(8)] = 0.000312
E[P_sel(9)] = 0.000282
E[P_sel(10)] = 0.000249
E[P_sel(11)] = 0.000210
E[P_sel(12)] = 0.000199
E[P_sel(13)] = 0.000182
E[P_sel(14)] = 0.000180
E[P_sel(15)] = 0.000155
E[P_sel(16)] = 0.000147
E[P_sel(17)] = 0.000142
E[P_sel(18)] = 0.000136
E[P_sel(19)] = 0.000125

---- Expected D_neut and D_sel (neutral and selected divergence per site) 
E[D_neut] = 0.005950
E[D_sel] = 0.001523

---- Expected neutral and selected misattributed polymorphism per site
E[mis_neut] = 0.005715
E[mis_sel] = 0.001463

---- alpha_div = 1.263450
---- alpha_dfe = 0.000000



