---- Performing inference on Ns5_pa_0.01_boots/Ns5_pa_0.01.55.polyDFE.txt using model B

---- Warning: mutation variability is not used when only one neutral and one selected fragment is available.
---- No mutation variability. Using Poisson likelihood.

---- Using provided initial values


-- Starting local optimization
 it       eps_an        theta_bar      S_d            b             r  2          r  3          r  4          r  5          r  6          r  7          r  8          r  9          r 10          r 11          r 12          r 13          r 14          r 15          r 16          r 17          r 18          r 19         ln lk             grad     status
  0      4.50e-06       0.00100     -400.00000       0.40000       1.00000       1.00000       1.00000       1.00000       1.00000       1.00000       1.00000       1.00000       1.00000       1.00000       1.00000       1.00000       1.00000       1.00000       1.00000       1.00000       1.00000       1.00000  -264533.0470105467   1833.85944   -2
119      4.50e-06       0.00964    -1663.52908       0.17337       0.98075       0.99554       0.97757       0.94940       0.99179       0.94004       0.94722       0.97737       1.00218       0.95936       0.95191       0.96871       0.98223       0.96785       0.97274       1.04057       1.01751       1.03525  -215.1201450510      0.00309   -3
-- Local optimization: stuck in the same solution


---- Best joint likelihood found -215.12015 with gradient 0.00309
-- Model: B
--     eps_an        eps_cont      theta_bar     a        
--    4.50e-06      0.00e+00       0.00964       -1.00000  
--      S_d            b             p_b           S_b      
--  -1663.52908       0.17337      0.00e+00      0.00e+00  
--     r  2          r  3          r  4          r  5          r  6          r  7          r  8          r  9          r 10          r 11          r 12          r 13          r 14          r 15          r 16          r 17          r 18          r 19     
--     0.98075       0.99554       0.97757       0.94940       0.99179       0.94004       0.94722       0.97737       1.00218       0.95936       0.95191       0.96871       0.98223       0.96785       0.97274       1.04057       1.01751       1.03525  

---- Expected P_neut(i), 0 < i < n (neutral SFS per site) 
E[P_neut(1)] = 0.009641
E[P_neut(2)] = 0.004727
E[P_neut(3)] = 0.003199
E[P_neut(4)] = 0.002356
E[P_neut(5)] = 0.001831
E[P_neut(6)] = 0.001594
E[P_neut(7)] = 0.001295
E[P_neut(8)] = 0.001141
E[P_neut(9)] = 0.001047
E[P_neut(10)] = 0.000966
E[P_neut(11)] = 0.000841
E[P_neut(12)] = 0.000765
E[P_neut(13)] = 0.000718
E[P_neut(14)] = 0.000676
E[P_neut(15)] = 0.000622
E[P_neut(16)] = 0.000586
E[P_neut(17)] = 0.000590
E[P_neut(18)] = 0.000545
E[P_neut(19)] = 0.000525

---- Expected P_sel(i), 0 < i < n (selected SFS per site) 
E[P_sel(1)] = 0.003802
E[P_sel(2)] = 0.001566
E[P_sel(3)] = 0.000977
E[P_sel(4)] = 0.000683
E[P_sel(5)] = 0.000511
E[P_sel(6)] = 0.000432
E[P_sel(7)] = 0.000342
E[P_sel(8)] = 0.000296
E[P_sel(9)] = 0.000266
E[P_sel(10)] = 0.000242
E[P_sel(11)] = 0.000208
E[P_sel(12)] = 0.000186
E[P_sel(13)] = 0.000173
E[P_sel(14)] = 0.000161
E[P_sel(15)] = 0.000147
E[P_sel(16)] = 0.000137
E[P_sel(17)] = 0.000137
E[P_sel(18)] = 0.000125
E[P_sel(19)] = 0.000120

---- Expected neutral and selected misattributed polymorphism per site
E[mis_neut] = 0.000482
E[mis_sel] = 0.000109

---- alpha_div = 0.264938
---- alpha_dfe = 0.000000



