---- Performing inference on Ns5_pa_0.01_boots/Ns5_pa_0.01.78.polyDFE.txt using model B

---- Warning: mutation variability is not used when only one neutral and one selected fragment is available.
---- No mutation variability. Using Poisson likelihood.

---- Using provided initial values


-- Starting local optimization
 it       eps_an        eps_cont      lambda        theta_bar      S_d            b             p_b           S_b           r  2          r  3          r  4          r  5          r  6          r  7          r  8          r  9          r 10          r 11          r 12          r 13          r 14          r 15          r 16          r 17          r 18          r 19          r 20         ln lk             grad     status
  0      4.50e-06      9.00e-07       0.00500       0.00100     -400.00000       0.40000       0.02000       4.00000       1.00000       1.00000       1.00000       1.00000       1.00000       1.00000       1.00000       1.00000       1.00000       1.00000       1.00000       1.00000       1.00000       1.00000       1.00000       1.00000       1.00000       1.00000       1.00000  -254102.6370139776   1760.12591   -2
272      4.49e-06      9.00e-07       0.00502       0.00945     -614.92863       0.22186       0.01184       9.16468       1.00431       1.02067       0.99175       0.98368       1.00300       1.00176       0.98378       1.00972       0.99637       0.95496       0.99328       0.96577       1.01743       0.97611       0.96610       1.01119       0.96032       0.92727       0.96596  -217.0160233753      0.01117   -3
-- Local optimization: stuck in the same solution


---- Best joint likelihood found -217.01602 with gradient 0.01117
-- Model: B
--     eps_an        eps_cont      lambda        theta_bar     a        
--    4.49e-06      9.00e-07       0.00502       0.00945       -1.00000  
--      S_d            b             p_b           S_b      
--   -614.92863       0.22186       0.01184       9.16468  
--     r  2          r  3          r  4          r  5          r  6          r  7          r  8          r  9          r 10          r 11          r 12          r 13          r 14          r 15          r 16          r 17          r 18          r 19          r 20     
--     1.00431       1.02067       0.99175       0.98368       1.00300       1.00176       0.98378       1.00972       0.99637       0.95496       0.99328       0.96577       1.01743       0.97611       0.96610       1.01119       0.96032       0.92727       0.96596  

---- Expected P_neut(i), 0 < i < n (neutral SFS per site) 
E[P_neut(1)] = 0.009451
E[P_neut(2)] = 0.004746
E[P_neut(3)] = 0.003215
E[P_neut(4)] = 0.002343
E[P_neut(5)] = 0.001859
E[P_neut(6)] = 0.001580
E[P_neut(7)] = 0.001352
E[P_neut(8)] = 0.001162
E[P_neut(9)] = 0.001060
E[P_neut(10)] = 0.000942
E[P_neut(11)] = 0.000820
E[P_neut(12)] = 0.000782
E[P_neut(13)] = 0.000702
E[P_neut(14)] = 0.000687
E[P_neut(15)] = 0.000615
E[P_neut(16)] = 0.000571
E[P_neut(17)] = 0.000562
E[P_neut(18)] = 0.000504
E[P_neut(19)] = 0.000461

---- Expected P_sel(i), 0 < i < n (selected SFS per site) 
E[P_sel(1)] = 0.003852
E[P_sel(2)] = 0.001564
E[P_sel(3)] = 0.000961
E[P_sel(4)] = 0.000659
E[P_sel(5)] = 0.000501
E[P_sel(6)] = 0.000413
E[P_sel(7)] = 0.000345
E[P_sel(8)] = 0.000291
E[P_sel(9)] = 0.000262
E[P_sel(10)] = 0.000230
E[P_sel(11)] = 0.000199
E[P_sel(12)] = 0.000189
E[P_sel(13)] = 0.000170
E[P_sel(14)] = 0.000167
E[P_sel(15)] = 0.000151
E[P_sel(16)] = 0.000142
E[P_sel(17)] = 0.000143
E[P_sel(18)] = 0.000132
E[P_sel(19)] = 0.000125

---- Expected D_neut and D_sel (neutral and selected divergence per site) 
E[D_neut] = 0.005480
E[D_sel] = 0.001642

---- Expected neutral and selected misattributed polymorphism per site
E[mis_neut] = 0.000456
E[mis_sel] = 0.000130

---- alpha_div = 0.363076
---- alpha_dfe = 0.360418



