---- Performing inference on Ns5_pa_0.01_boots/Ns5_pa_0.01.7.polyDFE.txt using model B

---- Warning: mutation variability is not used when only one neutral and one selected fragment is available.
---- No mutation variability. Using Poisson likelihood.

---- Using provided initial values


-- Starting local optimization
 it       eps_an        theta_bar      S_d            b             r  2          r  3          r  4          r  5          r  6          r  7          r  8          r  9          r 10          r 11          r 12          r 13          r 14          r 15          r 16          r 17          r 18          r 19         ln lk             grad     status
  0      4.50e-06       0.00100     -400.00000       0.40000       1.00000       1.00000       1.00000       1.00000       1.00000       1.00000       1.00000       1.00000       1.00000       1.00000       1.00000       1.00000       1.00000       1.00000       1.00000       1.00000       1.00000       1.00000  -265007.0382060565   1837.20697   -2
105      4.50e-06       0.00971    -1940.52191       0.16773       0.96629       0.98127       0.95186       0.94963       0.96362       0.95163       0.95041       0.91238       1.00857       0.89160       0.99003       0.97018       0.99059       0.98045       0.96005       1.01173       1.01328       1.00957  -214.4308983376      0.00816   -3
-- Local optimization: stuck in the same solution


---- Best joint likelihood found -214.43090 with gradient 0.00816
-- Model: B
--     eps_an        eps_cont      theta_bar     a        
--    4.50e-06      0.00e+00       0.00971       -1.00000  
--      S_d            b             p_b           S_b      
--  -1940.52191       0.16773      0.00e+00      0.00e+00  
--     r  2          r  3          r  4          r  5          r  6          r  7          r  8          r  9          r 10          r 11          r 12          r 13          r 14          r 15          r 16          r 17          r 18          r 19     
--     0.96629       0.98127       0.95186       0.94963       0.96362       0.95163       0.95041       0.91238       1.00857       0.89160       0.99003       0.97018       0.99059       0.98045       0.96005       1.01173       1.01328       1.00957  

---- Expected P_neut(i), 0 < i < n (neutral SFS per site) 
E[P_neut(1)] = 0.009707
E[P_neut(2)] = 0.004690
E[P_neut(3)] = 0.003175
E[P_neut(4)] = 0.002310
E[P_neut(5)] = 0.001844
E[P_neut(6)] = 0.001559
E[P_neut(7)] = 0.001320
E[P_neut(8)] = 0.001153
E[P_neut(9)] = 0.000984
E[P_neut(10)] = 0.000979
E[P_neut(11)] = 0.000787
E[P_neut(12)] = 0.000801
E[P_neut(13)] = 0.000724
E[P_neut(14)] = 0.000687
E[P_neut(15)] = 0.000634
E[P_neut(16)] = 0.000582
E[P_neut(17)] = 0.000578
E[P_neut(18)] = 0.000546
E[P_neut(19)] = 0.000516

---- Expected P_sel(i), 0 < i < n (selected SFS per site) 
E[P_sel(1)] = 0.003824
E[P_sel(2)] = 0.001560
E[P_sel(3)] = 0.000976
E[P_sel(4)] = 0.000676
E[P_sel(5)] = 0.000520
E[P_sel(6)] = 0.000427
E[P_sel(7)] = 0.000353
E[P_sel(8)] = 0.000303
E[P_sel(9)] = 0.000254
E[P_sel(10)] = 0.000249
E[P_sel(11)] = 0.000197
E[P_sel(12)] = 0.000198
E[P_sel(13)] = 0.000177
E[P_sel(14)] = 0.000166
E[P_sel(15)] = 0.000152
E[P_sel(16)] = 0.000138
E[P_sel(17)] = 0.000136
E[P_sel(18)] = 0.000128
E[P_sel(19)] = 0.000120

---- Expected neutral and selected misattributed polymorphism per site
E[mis_neut] = 0.000485
E[mis_sel] = 0.000112

---- alpha_div = 0.253881
---- alpha_dfe = 0.000000



