---- Performing inference on Ns5_pa_0.01_boots/Ns5_pa_0.01.46.polyDFE.txt using model B

---- Warning: mutation variability is not used when only one neutral and one selected fragment is available.
---- No mutation variability. Using Poisson likelihood.

---- Using provided initial values


-- Starting local optimization
 it       eps_an        lambda        theta_bar      S_d            b             r  2          r  3          r  4          r  5          r  6          r  7          r  8          r  9          r 10          r 11          r 12          r 13          r 14          r 15          r 16          r 17          r 18          r 19          r 20         ln lk             grad     status
  0      4.50e-06       0.00500       0.00100     -400.00000       0.40000       1.00000       1.00000       1.00000       1.00000       1.00000       1.00000       1.00000       1.00000       1.00000       1.00000       1.00000       1.00000       1.00000       1.00000       1.00000       1.00000       1.00000       1.00000       1.00000  -271301.1829042306   1949.19508   -2
606      4.57e-06       0.00013       0.00978    -6275.19634       0.13691       0.94843       0.96017       0.90937       0.90033       0.95019       0.89015       0.91539       0.93443       0.96556       0.88555       0.94774       0.90093       0.95328       0.92502       0.93919       0.96107       0.97898       0.95894      11.82354  -383.7657912120      0.00817   -6
-- Local optimization: reached maximum running time allowed


---- Best joint likelihood found -383.76579 with gradient 0.00817
-- Model: B
--     eps_an        eps_cont      lambda        theta_bar     a        
--    4.57e-06      0.00e+00       0.00013       0.00978       -1.00000  
--      S_d            b             p_b           S_b      
--  -6275.19634       0.13691      0.00e+00      0.00e+00  
--     r  2          r  3          r  4          r  5          r  6          r  7          r  8          r  9          r 10          r 11          r 12          r 13          r 14          r 15          r 16          r 17          r 18          r 19          r 20     
--     0.94843       0.96017       0.90937       0.90033       0.95019       0.89015       0.91539       0.93443       0.96556       0.88555       0.94774       0.90093       0.95328       0.92502       0.93919       0.96107       0.97898       0.95894      11.82354  

---- Expected P_neut(i), 0 < i < n (neutral SFS per site) 
E[P_neut(1)] = 0.009780
E[P_neut(2)] = 0.004638
E[P_neut(3)] = 0.003130
E[P_neut(4)] = 0.002223
E[P_neut(5)] = 0.001761
E[P_neut(6)] = 0.001549
E[P_neut(7)] = 0.001244
E[P_neut(8)] = 0.001119
E[P_neut(9)] = 0.001015
E[P_neut(10)] = 0.000944
E[P_neut(11)] = 0.000787
E[P_neut(12)] = 0.000772
E[P_neut(13)] = 0.000678
E[P_neut(14)] = 0.000666
E[P_neut(15)] = 0.000603
E[P_neut(16)] = 0.000574
E[P_neut(17)] = 0.000553
E[P_neut(18)] = 0.000532
E[P_neut(19)] = 0.000494

---- Expected P_sel(i), 0 < i < n (selected SFS per site) 
E[P_sel(1)] = 0.003781
E[P_sel(2)] = 0.001564
E[P_sel(3)] = 0.000990
E[P_sel(4)] = 0.000675
E[P_sel(5)] = 0.000519
E[P_sel(6)] = 0.000446
E[P_sel(7)] = 0.000351
E[P_sel(8)] = 0.000311
E[P_sel(9)] = 0.000278
E[P_sel(10)] = 0.000256
E[P_sel(11)] = 0.000211
E[P_sel(12)] = 0.000205
E[P_sel(13)] = 0.000178
E[P_sel(14)] = 0.000173
E[P_sel(15)] = 0.000156
E[P_sel(16)] = 0.000147
E[P_sel(17)] = 0.000141
E[P_sel(18)] = 0.000135
E[P_sel(19)] = 0.000124

---- Expected D_neut and D_sel (neutral and selected divergence per site) 
E[D_neut] = 0.005916
E[D_sel] = 0.001478

---- Expected neutral and selected misattributed polymorphism per site
E[mis_neut] = 0.005782
E[mis_sel] = 0.001445

---- alpha_div = 1.426307
---- alpha_dfe = 0.000000



