---- Performing inference on Ns5_pa_0.01_boots/Ns5_pa_0.01.99.polyDFE.txt using model B

---- Warning: mutation variability is not used when only one neutral and one selected fragment is available.
---- No mutation variability. Using Poisson likelihood.

---- Using provided initial values


-- Starting local optimization
 it       eps_an        eps_cont      theta_bar      S_d            b             p_b           S_b           r  2          r  3          r  4          r  5          r  6          r  7          r  8          r  9          r 10          r 11          r 12          r 13          r 14          r 15          r 16          r 17          r 18          r 19         ln lk             grad     status
  0      4.50e-06      9.00e-07       0.00100     -400.00000       0.40000       0.02000       4.00000       1.00000       1.00000       1.00000       1.00000       1.00000       1.00000       1.00000       1.00000       1.00000       1.00000       1.00000       1.00000       1.00000       1.00000       1.00000       1.00000       1.00000       1.00000  -252475.2174198321   1725.91869   -2
211      4.50e-06      9.00e-07       0.00955     -638.30269       0.22828       0.02208       3.76146       0.98305       1.03264       0.94299       0.97601       1.00699       0.99116       0.99648       0.96457       1.02609       0.92356       0.99017       0.97576       0.96299       0.94306       1.00989       1.04836       1.00286       1.00342  -202.4265014679      0.00324   -3
-- Local optimization: stuck in the same solution


---- Best joint likelihood found -202.42650 with gradient 0.00324
-- Model: B
--     eps_an        eps_cont      theta_bar     a        
--    4.50e-06      9.00e-07       0.00955       -1.00000  
--      S_d            b             p_b           S_b      
--   -638.30269       0.22828       0.02208       3.76146  
--     r  2          r  3          r  4          r  5          r  6          r  7          r  8          r  9          r 10          r 11          r 12          r 13          r 14          r 15          r 16          r 17          r 18          r 19     
--     0.98305       1.03264       0.94299       0.97601       1.00699       0.99116       0.99648       0.96457       1.02609       0.92356       0.99017       0.97576       0.96299       0.94306       1.00989       1.04836       1.00286       1.00342  

---- Expected P_neut(i), 0 < i < n (neutral SFS per site) 
E[P_neut(1)] = 0.009551
E[P_neut(2)] = 0.004695
E[P_neut(3)] = 0.003288
E[P_neut(4)] = 0.002252
E[P_neut(5)] = 0.001864
E[P_neut(6)] = 0.001603
E[P_neut(7)] = 0.001352
E[P_neut(8)] = 0.001190
E[P_neut(9)] = 0.001024
E[P_neut(10)] = 0.000980
E[P_neut(11)] = 0.000802
E[P_neut(12)] = 0.000788
E[P_neut(13)] = 0.000717
E[P_neut(14)] = 0.000657
E[P_neut(15)] = 0.000600
E[P_neut(16)] = 0.000603
E[P_neut(17)] = 0.000589
E[P_neut(18)] = 0.000532
E[P_neut(19)] = 0.000504

---- Expected P_sel(i), 0 < i < n (selected SFS per site) 
E[P_sel(1)] = 0.003855
E[P_sel(2)] = 0.001534
E[P_sel(3)] = 0.000976
E[P_sel(4)] = 0.000631
E[P_sel(5)] = 0.000502
E[P_sel(6)] = 0.000419
E[P_sel(7)] = 0.000346
E[P_sel(8)] = 0.000300
E[P_sel(9)] = 0.000255
E[P_sel(10)] = 0.000242
E[P_sel(11)] = 0.000197
E[P_sel(12)] = 0.000193
E[P_sel(13)] = 0.000175
E[P_sel(14)] = 0.000161
E[P_sel(15)] = 0.000148
E[P_sel(16)] = 0.000149
E[P_sel(17)] = 0.000147
E[P_sel(18)] = 0.000135
E[P_sel(19)] = 0.000130

---- Expected neutral and selected misattributed polymorphism per site
E[mis_neut] = 0.000478
E[mis_sel] = 0.000125

---- alpha_div = 0.393512
---- alpha_dfe = 0.319094



