---- Performing inference on Ns5_pa_0.01_boots/Ns5_pa_0.01.86.polyDFE.txt using model B

---- Warning: mutation variability is not used when only one neutral and one selected fragment is available.
---- No mutation variability. Using Poisson likelihood.

---- Using provided initial values


-- Starting local optimization
 it       eps_an        eps_cont      theta_bar      S_d            b             p_b           S_b           r  2          r  3          r  4          r  5          r  6          r  7          r  8          r  9          r 10          r 11          r 12          r 13          r 14          r 15          r 16          r 17          r 18          r 19         ln lk             grad     status
  0      4.50e-06      9.00e-07       0.00100     -400.00000       0.40000       0.02000       4.00000       1.00000       1.00000       1.00000       1.00000       1.00000       1.00000       1.00000       1.00000       1.00000       1.00000       1.00000       1.00000       1.00000       1.00000       1.00000       1.00000       1.00000       1.00000  -251116.4413266494   1720.17900   -2
216      4.51e-06      9.00e-07       0.00953    -1017.83990       0.19588       0.00622      13.35554       0.98921       1.00524       0.95791       0.95521       1.00383       1.01503       0.99015       0.97908       1.04230       0.95133       0.97083       0.98229       1.00633       0.96478       0.99733       1.01283       0.98425       0.97896  -200.3885149345      0.00472   -3
-- Local optimization: stuck in the same solution


---- Best joint likelihood found -200.38851 with gradient 0.00472
-- Model: B
--     eps_an        eps_cont      theta_bar     a        
--    4.51e-06      9.00e-07       0.00953       -1.00000  
--      S_d            b             p_b           S_b      
--  -1017.83990       0.19588       0.00622      13.35554  
--     r  2          r  3          r  4          r  5          r  6          r  7          r  8          r  9          r 10          r 11          r 12          r 13          r 14          r 15          r 16          r 17          r 18          r 19     
--     0.98921       1.00524       0.95791       0.95521       1.00383       1.01503       0.99015       0.97908       1.04230       0.95133       0.97083       0.98229       1.00633       0.96478       0.99733       1.01283       0.98425       0.97896  

---- Expected P_neut(i), 0 < i < n (neutral SFS per site) 
E[P_neut(1)] = 0.009525
E[P_neut(2)] = 0.004711
E[P_neut(3)] = 0.003192
E[P_neut(4)] = 0.002281
E[P_neut(5)] = 0.001820
E[P_neut(6)] = 0.001594
E[P_neut(7)] = 0.001381
E[P_neut(8)] = 0.001179
E[P_neut(9)] = 0.001036
E[P_neut(10)] = 0.000993
E[P_neut(11)] = 0.000824
E[P_neut(12)] = 0.000771
E[P_neut(13)] = 0.000720
E[P_neut(14)] = 0.000685
E[P_neut(15)] = 0.000613
E[P_neut(16)] = 0.000594
E[P_neut(17)] = 0.000567
E[P_neut(18)] = 0.000521
E[P_neut(19)] = 0.000491

---- Expected P_sel(i), 0 < i < n (selected SFS per site) 
E[P_sel(1)] = 0.003794
E[P_sel(2)] = 0.001547
E[P_sel(3)] = 0.000959
E[P_sel(4)] = 0.000648
E[P_sel(5)] = 0.000497
E[P_sel(6)] = 0.000422
E[P_sel(7)] = 0.000357
E[P_sel(8)] = 0.000299
E[P_sel(9)] = 0.000259
E[P_sel(10)] = 0.000245
E[P_sel(11)] = 0.000201
E[P_sel(12)] = 0.000187
E[P_sel(13)] = 0.000174
E[P_sel(14)] = 0.000165
E[P_sel(15)] = 0.000148
E[P_sel(16)] = 0.000145
E[P_sel(17)] = 0.000141
E[P_sel(18)] = 0.000132
E[P_sel(19)] = 0.000128

---- Expected neutral and selected misattributed polymorphism per site
E[mis_neut] = 0.000476
E[mis_sel] = 0.000130

---- alpha_div = 0.309986
---- alpha_dfe = 0.286040



