---- Performing inference on Ns5_pa_0.01_boots/Ns5_pa_0.01.3.polyDFE.txt using model B

---- Warning: mutation variability is not used when only one neutral and one selected fragment is available.
---- No mutation variability. Using Poisson likelihood.

---- Using provided initial values


-- Starting local optimization
 it       eps_an        lambda        theta_bar      S_d            b             r  2          r  3          r  4          r  5          r  6          r  7          r  8          r  9          r 10          r 11          r 12          r 13          r 14          r 15          r 16          r 17          r 18          r 19          r 20         ln lk             grad     status
  0      4.50e-06       0.00500       0.00100     -400.00000       0.40000       1.00000       1.00000       1.00000       1.00000       1.00000       1.00000       1.00000       1.00000       1.00000       1.00000       1.00000       1.00000       1.00000       1.00000       1.00000       1.00000       1.00000       1.00000       1.00000  -272975.9194587885   1961.04435   -2
676      4.56e-06       0.00008       0.00974    -7791.85793       0.13243       0.96173       0.96852       0.92553       0.91490       0.95361       0.93408       0.92152       0.92158       0.95140       0.89668       0.92719       0.91741       0.93108       0.90012       0.92362       0.97709       0.95930       0.96541      12.08580  -388.8163848740      0.03984   -6
-- Local optimization: reached maximum running time allowed


---- Best joint likelihood found -388.81638 with gradient 0.03984
-- Model: B
--     eps_an        eps_cont      lambda        theta_bar     a        
--    4.56e-06      0.00e+00       0.00008       0.00974       -1.00000  
--      S_d            b             p_b           S_b      
--  -7791.85793       0.13243      0.00e+00      0.00e+00  
--     r  2          r  3          r  4          r  5          r  6          r  7          r  8          r  9          r 10          r 11          r 12          r 13          r 14          r 15          r 16          r 17          r 18          r 19          r 20     
--     0.96173       0.96852       0.92553       0.91490       0.95361       0.93408       0.92152       0.92158       0.95140       0.89668       0.92719       0.91741       0.93108       0.90012       0.92362       0.97709       0.95930       0.96541      12.08580  

---- Expected P_neut(i), 0 < i < n (neutral SFS per site) 
E[P_neut(1)] = 0.009740
E[P_neut(2)] = 0.004683
E[P_neut(3)] = 0.003144
E[P_neut(4)] = 0.002254
E[P_neut(5)] = 0.001782
E[P_neut(6)] = 0.001548
E[P_neut(7)] = 0.001300
E[P_neut(8)] = 0.001122
E[P_neut(9)] = 0.000997
E[P_neut(10)] = 0.000927
E[P_neut(11)] = 0.000794
E[P_neut(12)] = 0.000753
E[P_neut(13)] = 0.000687
E[P_neut(14)] = 0.000648
E[P_neut(15)] = 0.000584
E[P_neut(16)] = 0.000562
E[P_neut(17)] = 0.000560
E[P_neut(18)] = 0.000519
E[P_neut(19)] = 0.000495

---- Expected P_sel(i), 0 < i < n (selected SFS per site) 
E[P_sel(1)] = 0.003757
E[P_sel(2)] = 0.001583
E[P_sel(3)] = 0.000999
E[P_sel(4)] = 0.000689
E[P_sel(5)] = 0.000529
E[P_sel(6)] = 0.000449
E[P_sel(7)] = 0.000370
E[P_sel(8)] = 0.000315
E[P_sel(9)] = 0.000276
E[P_sel(10)] = 0.000253
E[P_sel(11)] = 0.000215
E[P_sel(12)] = 0.000201
E[P_sel(13)] = 0.000182
E[P_sel(14)] = 0.000170
E[P_sel(15)] = 0.000153
E[P_sel(16)] = 0.000146
E[P_sel(17)] = 0.000144
E[P_sel(18)] = 0.000133
E[P_sel(19)] = 0.000126

---- Expected D_neut and D_sel (neutral and selected divergence per site) 
E[D_neut] = 0.005968
E[D_sel] = 0.001510

---- Expected neutral and selected misattributed polymorphism per site
E[mis_neut] = 0.005886
E[mis_sel] = 0.001489

---- alpha_div = 1.537506
---- alpha_dfe = 0.000000



