---- Performing inference on Ns5_pa_0.01_boots/Ns5_pa_0.01.20.polyDFE.txt using model B

---- Warning: mutation variability is not used when only one neutral and one selected fragment is available.
---- No mutation variability. Using Poisson likelihood.

---- Using provided initial values


-- Starting local optimization
 it       eps_an        eps_cont      lambda        theta_bar      S_d            b             p_b           S_b           r  2          r  3          r  4          r  5          r  6          r  7          r  8          r  9          r 10          r 11          r 12          r 13          r 14          r 15          r 16          r 17          r 18          r 19          r 20         ln lk             grad     status
  0      4.50e-06      9.00e-07       0.00500       0.00100     -400.00000       0.40000       0.02000       4.00000       1.00000       1.00000       1.00000       1.00000       1.00000       1.00000       1.00000       1.00000       1.00000       1.00000       1.00000       1.00000       1.00000       1.00000       1.00000       1.00000       1.00000       1.00000       1.00000  -254988.3887577453   1764.47776   -2
434      4.49e-06      9.00e-07       0.00489       0.00958     -839.76604       0.20358       0.00732      14.19258       0.98972       0.99450       0.96563       0.97286       0.96741       0.97284       0.99126       0.94511       0.98527       0.92786       0.98664       0.98202       1.01135       0.96231       0.97732       1.02724       0.97486       0.94513       1.15634  -209.5771856361      0.00338   -3
-- Local optimization: stuck in the same solution


---- Best joint likelihood found -209.57719 with gradient 0.00338
-- Model: B
--     eps_an        eps_cont      lambda        theta_bar     a        
--    4.49e-06      9.00e-07       0.00489       0.00958       -1.00000  
--      S_d            b             p_b           S_b      
--   -839.76604       0.20358       0.00732      14.19258  
--     r  2          r  3          r  4          r  5          r  6          r  7          r  8          r  9          r 10          r 11          r 12          r 13          r 14          r 15          r 16          r 17          r 18          r 19          r 20     
--     0.98972       0.99450       0.96563       0.97286       0.96741       0.97284       0.99126       0.94511       0.98527       0.92786       0.98664       0.98202       1.01135       0.96231       0.97732       1.02724       0.97486       0.94513       1.15634  

---- Expected P_neut(i), 0 < i < n (neutral SFS per site) 
E[P_neut(1)] = 0.009581
E[P_neut(2)] = 0.004741
E[P_neut(3)] = 0.003176
E[P_neut(4)] = 0.002313
E[P_neut(5)] = 0.001864
E[P_neut(6)] = 0.001545
E[P_neut(7)] = 0.001332
E[P_neut(8)] = 0.001187
E[P_neut(9)] = 0.001006
E[P_neut(10)] = 0.000944
E[P_neut(11)] = 0.000808
E[P_neut(12)] = 0.000788
E[P_neut(13)] = 0.000724
E[P_neut(14)] = 0.000692
E[P_neut(15)] = 0.000615
E[P_neut(16)] = 0.000585
E[P_neut(17)] = 0.000579
E[P_neut(18)] = 0.000519
E[P_neut(19)] = 0.000477

---- Expected P_sel(i), 0 < i < n (selected SFS per site) 
E[P_sel(1)] = 0.003860
E[P_sel(2)] = 0.001566
E[P_sel(3)] = 0.000957
E[P_sel(4)] = 0.000658
E[P_sel(5)] = 0.000509
E[P_sel(6)] = 0.000409
E[P_sel(7)] = 0.000344
E[P_sel(8)] = 0.000301
E[P_sel(9)] = 0.000251
E[P_sel(10)] = 0.000233
E[P_sel(11)] = 0.000197
E[P_sel(12)] = 0.000191
E[P_sel(13)] = 0.000175
E[P_sel(14)] = 0.000168
E[P_sel(15)] = 0.000150
E[P_sel(16)] = 0.000144
E[P_sel(17)] = 0.000145
E[P_sel(18)] = 0.000134
E[P_sel(19)] = 0.000128

---- Expected D_neut and D_sel (neutral and selected divergence per site) 
E[D_neut] = 0.005439
E[D_sel] = 0.001663

---- Expected neutral and selected misattributed polymorphism per site
E[mis_neut] = 0.000554
E[mis_sel] = 0.000158

---- alpha_div = 0.338516
---- alpha_dfe = 0.337121



