---- Performing inference on Ns5_pa_0.01_boots/Ns5_pa_0.01.75.polyDFE.txt using model B

---- Warning: mutation variability is not used when only one neutral and one selected fragment is available.
---- No mutation variability. Using Poisson likelihood.

---- Using provided initial values


-- Starting local optimization
 it       eps_an        lambda        theta_bar      S_d            b             r  2          r  3          r  4          r  5          r  6          r  7          r  8          r  9          r 10          r 11          r 12          r 13          r 14          r 15          r 16          r 17          r 18          r 19          r 20         ln lk             grad     status
  0      4.50e-06       0.00500       0.00100     -400.00000       0.40000       1.00000       1.00000       1.00000       1.00000       1.00000       1.00000       1.00000       1.00000       1.00000       1.00000       1.00000       1.00000       1.00000       1.00000       1.00000       1.00000       1.00000       1.00000       1.00000  -270410.0816471413   1945.57455   -2
336      4.51e-06       0.00503       0.00964    -5833.40493       0.13815       0.95718       0.97220       0.91666       0.92291       0.95048       0.94459       0.92120       0.93386       0.97895       0.92865       0.95639       0.94894       0.97786       0.94195       0.94609       1.00501       0.96016       0.99995       1.86659  -406.9807802717      0.02602   -3
-- Local optimization: stuck in the same solution


---- Best joint likelihood found -406.98078 with gradient 0.02602
-- Model: B
--     eps_an        eps_cont      lambda        theta_bar     a        
--    4.51e-06      0.00e+00       0.00503       0.00964       -1.00000  
--      S_d            b             p_b           S_b      
--  -5833.40493       0.13815      0.00e+00      0.00e+00  
--     r  2          r  3          r  4          r  5          r  6          r  7          r  8          r  9          r 10          r 11          r 12          r 13          r 14          r 15          r 16          r 17          r 18          r 19          r 20     
--     0.95718       0.97220       0.91666       0.92291       0.95048       0.94459       0.92120       0.93386       0.97895       0.92865       0.95639       0.94894       0.97786       0.94195       0.94609       1.00501       0.96016       0.99995       1.86659  

---- Expected P_neut(i), 0 < i < n (neutral SFS per site) 
E[P_neut(1)] = 0.009644
E[P_neut(2)] = 0.004616
E[P_neut(3)] = 0.003125
E[P_neut(4)] = 0.002210
E[P_neut(5)] = 0.001780
E[P_neut(6)] = 0.001528
E[P_neut(7)] = 0.001301
E[P_neut(8)] = 0.001111
E[P_neut(9)] = 0.001001
E[P_neut(10)] = 0.000944
E[P_neut(11)] = 0.000814
E[P_neut(12)] = 0.000769
E[P_neut(13)] = 0.000704
E[P_neut(14)] = 0.000674
E[P_neut(15)] = 0.000606
E[P_neut(16)] = 0.000570
E[P_neut(17)] = 0.000570
E[P_neut(18)] = 0.000514
E[P_neut(19)] = 0.000508

---- Expected P_sel(i), 0 < i < n (selected SFS per site) 
E[P_sel(1)] = 0.003739
E[P_sel(2)] = 0.001558
E[P_sel(3)] = 0.000990
E[P_sel(4)] = 0.000672
E[P_sel(5)] = 0.000525
E[P_sel(6)] = 0.000440
E[P_sel(7)] = 0.000368
E[P_sel(8)] = 0.000309
E[P_sel(9)] = 0.000274
E[P_sel(10)] = 0.000255
E[P_sel(11)] = 0.000218
E[P_sel(12)] = 0.000204
E[P_sel(13)] = 0.000185
E[P_sel(14)] = 0.000175
E[P_sel(15)] = 0.000156
E[P_sel(16)] = 0.000146
E[P_sel(17)] = 0.000145
E[P_sel(18)] = 0.000130
E[P_sel(19)] = 0.000127

---- Expected D_neut and D_sel (neutral and selected divergence per site) 
E[D_neut] = 0.005931
E[D_sel] = 0.001473

---- Expected neutral and selected misattributed polymorphism per site
E[mis_neut] = 0.000900
E[mis_sel] = 0.000225

---- alpha_div = 0.190316
---- alpha_dfe = 0.000000



