---- Performing inference on Ns5_pa_0.01_boots/Ns5_pa_0.01.10.polyDFE.txt using model B

---- Warning: mutation variability is not used when only one neutral and one selected fragment is available.
---- No mutation variability. Using Poisson likelihood.

---- Using provided initial values


-- Starting local optimization
 it       eps_an        eps_cont      lambda        theta_bar      S_d            b             p_b           S_b           r  2          r  3          r  4          r  5          r  6          r  7          r  8          r  9          r 10          r 11          r 12          r 13          r 14          r 15          r 16          r 17          r 18          r 19          r 20         ln lk             grad     status
  0      4.50e-06      9.00e-07       0.00500       0.00100     -400.00000       0.40000       0.02000       4.00000       1.00000       1.00000       1.00000       1.00000       1.00000       1.00000       1.00000       1.00000       1.00000       1.00000       1.00000       1.00000       1.00000       1.00000       1.00000       1.00000       1.00000       1.00000       1.00000  -254377.0929541684   1761.39289   -2
415      4.50e-06      9.00e-07       0.00507       0.00954     -928.57705       0.20153       0.00947      10.17708       0.98900       1.01747       0.97352       0.95331       0.98653       0.98146       0.94291       0.99012       1.01307       0.94816       1.00170       0.96714       0.96257       0.96798       0.96902       1.06609       0.97577       0.96990       0.97500  -209.8153206838      0.00197   -3
-- Local optimization: stuck in the same solution


---- Best joint likelihood found -209.81532 with gradient 0.00197
-- Model: B
--     eps_an        eps_cont      lambda        theta_bar     a        
--    4.50e-06      9.00e-07       0.00507       0.00954       -1.00000  
--      S_d            b             p_b           S_b      
--   -928.57705       0.20153       0.00947      10.17708  
--     r  2          r  3          r  4          r  5          r  6          r  7          r  8          r  9          r 10          r 11          r 12          r 13          r 14          r 15          r 16          r 17          r 18          r 19          r 20     
--     0.98900       1.01747       0.97352       0.95331       0.98653       0.98146       0.94291       0.99012       1.01307       0.94816       1.00170       0.96714       0.96257       0.96798       0.96902       1.06609       0.97577       0.96990       0.97500  

---- Expected P_neut(i), 0 < i < n (neutral SFS per site) 
E[P_neut(1)] = 0.009542
E[P_neut(2)] = 0.004718
E[P_neut(3)] = 0.003236
E[P_neut(4)] = 0.002322
E[P_neut(5)] = 0.001819
E[P_neut(6)] = 0.001569
E[P_neut(7)] = 0.001338
E[P_neut(8)] = 0.001125
E[P_neut(9)] = 0.001050
E[P_neut(10)] = 0.000967
E[P_neut(11)] = 0.000822
E[P_neut(12)] = 0.000796
E[P_neut(13)] = 0.000710
E[P_neut(14)] = 0.000656
E[P_neut(15)] = 0.000616
E[P_neut(16)] = 0.000578
E[P_neut(17)] = 0.000598
E[P_neut(18)] = 0.000517
E[P_neut(19)] = 0.000487

---- Expected P_sel(i), 0 < i < n (selected SFS per site) 
E[P_sel(1)] = 0.003811
E[P_sel(2)] = 0.001549
E[P_sel(3)] = 0.000971
E[P_sel(4)] = 0.000659
E[P_sel(5)] = 0.000497
E[P_sel(6)] = 0.000416
E[P_sel(7)] = 0.000346
E[P_sel(8)] = 0.000286
E[P_sel(9)] = 0.000263
E[P_sel(10)] = 0.000240
E[P_sel(11)] = 0.000203
E[P_sel(12)] = 0.000195
E[P_sel(13)] = 0.000174
E[P_sel(14)] = 0.000161
E[P_sel(15)] = 0.000152
E[P_sel(16)] = 0.000145
E[P_sel(17)] = 0.000153
E[P_sel(18)] = 0.000135
E[P_sel(19)] = 0.000132

---- Expected D_neut and D_sel (neutral and selected divergence per site) 
E[D_neut] = 0.005530
E[D_sel] = 0.001645

---- Expected neutral and selected misattributed polymorphism per site
E[mis_neut] = 0.000465
E[mis_sel] = 0.000131

---- alpha_div = 0.322984
---- alpha_dfe = 0.322466



