---- Performing inference on Ns5_pa_0.01_boots/Ns5_pa_0.01.13.polyDFE.txt using model B

---- Warning: mutation variability is not used when only one neutral and one selected fragment is available.
---- No mutation variability. Using Poisson likelihood.

---- Using provided initial values


-- Starting local optimization
 it       eps_an        lambda        theta_bar      S_d            b             r  2          r  3          r  4          r  5          r  6          r  7          r  8          r  9          r 10          r 11          r 12          r 13          r 14          r 15          r 16          r 17          r 18          r 19          r 20         ln lk             grad     status
  0      4.50e-06       0.00500       0.00100     -400.00000       0.40000       1.00000       1.00000       1.00000       1.00000       1.00000       1.00000       1.00000       1.00000       1.00000       1.00000       1.00000       1.00000       1.00000       1.00000       1.00000       1.00000       1.00000       1.00000       1.00000  -272496.0566717654   1956.39766   -2
712      4.56e-06       0.00004       0.00978    -8502.94123       0.13105       0.95811       0.97371       0.89886       0.89555       0.93460       0.94584       0.90598       0.93571       0.96819       0.89149       0.91766       0.89974       0.95964       0.91166       0.91406       1.00940       0.92093       0.94617      11.85659  -403.6224293974      0.03051   -6
-- Local optimization: reached maximum running time allowed


---- Best joint likelihood found -403.62243 with gradient 0.03051
-- Model: B
--     eps_an        eps_cont      lambda        theta_bar     a        
--    4.56e-06      0.00e+00       0.00004       0.00978       -1.00000  
--      S_d            b             p_b           S_b      
--  -8502.94123       0.13105      0.00e+00      0.00e+00  
--     r  2          r  3          r  4          r  5          r  6          r  7          r  8          r  9          r 10          r 11          r 12          r 13          r 14          r 15          r 16          r 17          r 18          r 19          r 20     
--     0.95811       0.97371       0.89886       0.89555       0.93460       0.94584       0.90598       0.93571       0.96819       0.89149       0.91766       0.89974       0.95964       0.91166       0.91406       1.00940       0.92093       0.94617      11.85659  

---- Expected P_neut(i), 0 < i < n (neutral SFS per site) 
E[P_neut(1)] = 0.009777
E[P_neut(2)] = 0.004684
E[P_neut(3)] = 0.003173
E[P_neut(4)] = 0.002197
E[P_neut(5)] = 0.001751
E[P_neut(6)] = 0.001523
E[P_neut(7)] = 0.001321
E[P_neut(8)] = 0.001107
E[P_neut(9)] = 0.001016
E[P_neut(10)] = 0.000947
E[P_neut(11)] = 0.000792
E[P_neut(12)] = 0.000748
E[P_neut(13)] = 0.000677
E[P_neut(14)] = 0.000670
E[P_neut(15)] = 0.000594
E[P_neut(16)] = 0.000559
E[P_neut(17)] = 0.000581
E[P_neut(18)] = 0.000500
E[P_neut(19)] = 0.000487

---- Expected P_sel(i), 0 < i < n (selected SFS per site) 
E[P_sel(1)] = 0.003760
E[P_sel(2)] = 0.001580
E[P_sel(3)] = 0.001008
E[P_sel(4)] = 0.000671
E[P_sel(5)] = 0.000520
E[P_sel(6)] = 0.000442
E[P_sel(7)] = 0.000376
E[P_sel(8)] = 0.000311
E[P_sel(9)] = 0.000281
E[P_sel(10)] = 0.000259
E[P_sel(11)] = 0.000214
E[P_sel(12)] = 0.000200
E[P_sel(13)] = 0.000180
E[P_sel(14)] = 0.000177
E[P_sel(15)] = 0.000155
E[P_sel(16)] = 0.000145
E[P_sel(17)] = 0.000150
E[P_sel(18)] = 0.000128
E[P_sel(19)] = 0.000124

---- Expected D_neut and D_sel (neutral and selected divergence per site) 
E[D_neut] = 0.005834
E[D_sel] = 0.001478

---- Expected neutral and selected misattributed polymorphism per site
E[mis_neut] = 0.005796
E[mis_sel] = 0.001469

---- alpha_div = 1.648994
---- alpha_dfe = 0.000000



