---- Performing inference on Ns5_pa_0.01_boots/Ns5_pa_0.01.13.polyDFE.txt using model B

---- Warning: mutation variability is not used when only one neutral and one selected fragment is available.
---- No mutation variability. Using Poisson likelihood.

---- Using provided initial values


-- Starting local optimization
 it       eps_an        theta_bar      S_d            b             r  2          r  3          r  4          r  5          r  6          r  7          r  8          r  9          r 10          r 11          r 12          r 13          r 14          r 15          r 16          r 17          r 18          r 19         ln lk             grad     status
  0      4.50e-06       0.00100     -400.00000       0.40000       1.00000       1.00000       1.00000       1.00000       1.00000       1.00000       1.00000       1.00000       1.00000       1.00000       1.00000       1.00000       1.00000       1.00000       1.00000       1.00000       1.00000       1.00000  -264443.8494041794   1834.36918   -2
128      4.50e-06       0.00963    -1702.84063       0.17165       0.97972       1.00493       0.93268       0.93282       0.97636       0.99027       0.95036       0.98299       1.01854       0.93903       0.96768       0.94974       1.01388       0.96390       0.96708       1.06856       0.97553       1.00302  -237.7973112302      0.00171   -3
-- Local optimization: stuck in the same solution


---- Best joint likelihood found -237.79731 with gradient 0.00171
-- Model: B
--     eps_an        eps_cont      theta_bar     a        
--    4.50e-06      0.00e+00       0.00963       -1.00000  
--      S_d            b             p_b           S_b      
--  -1702.84063       0.17165      0.00e+00      0.00e+00  
--     r  2          r  3          r  4          r  5          r  6          r  7          r  8          r  9          r 10          r 11          r 12          r 13          r 14          r 15          r 16          r 17          r 18          r 19     
--     0.97972       1.00493       0.93268       0.93282       0.97636       0.99027       0.95036       0.98299       1.01854       0.93903       0.96768       0.94974       1.01388       0.96390       0.96708       1.06856       0.97553       1.00302  

---- Expected P_neut(i), 0 < i < n (neutral SFS per site) 
E[P_neut(1)] = 0.009627
E[P_neut(2)] = 0.004716
E[P_neut(3)] = 0.003225
E[P_neut(4)] = 0.002245
E[P_neut(5)] = 0.001796
E[P_neut(6)] = 0.001567
E[P_neut(7)] = 0.001362
E[P_neut(8)] = 0.001144
E[P_neut(9)] = 0.001051
E[P_neut(10)] = 0.000981
E[P_neut(11)] = 0.000822
E[P_neut(12)] = 0.000776
E[P_neut(13)] = 0.000703
E[P_neut(14)] = 0.000697
E[P_neut(15)] = 0.000619
E[P_neut(16)] = 0.000582
E[P_neut(17)] = 0.000605
E[P_neut(18)] = 0.000522
E[P_neut(19)] = 0.000508

---- Expected P_sel(i), 0 < i < n (selected SFS per site) 
E[P_sel(1)] = 0.003810
E[P_sel(2)] = 0.001570
E[P_sel(3)] = 0.000991
E[P_sel(4)] = 0.000655
E[P_sel(5)] = 0.000505
E[P_sel(6)] = 0.000428
E[P_sel(7)] = 0.000363
E[P_sel(8)] = 0.000299
E[P_sel(9)] = 0.000270
E[P_sel(10)] = 0.000248
E[P_sel(11)] = 0.000205
E[P_sel(12)] = 0.000191
E[P_sel(13)] = 0.000171
E[P_sel(14)] = 0.000168
E[P_sel(15)] = 0.000147
E[P_sel(16)] = 0.000137
E[P_sel(17)] = 0.000141
E[P_sel(18)] = 0.000121
E[P_sel(19)] = 0.000117

---- Expected neutral and selected misattributed polymorphism per site
E[mis_neut] = 0.000481
E[mis_sel] = 0.000110

---- alpha_div = 0.265515
---- alpha_dfe = 0.000000



