---- Performing inference on Ns5_pa_0.01_boots/Ns5_pa_0.01.70.polyDFE.txt using model B

---- Warning: mutation variability is not used when only one neutral and one selected fragment is available.
---- No mutation variability. Using Poisson likelihood.

---- Using provided initial values


-- Starting local optimization
 it       eps_an        eps_cont      theta_bar      S_d            b             p_b           S_b           r  2          r  3          r  4          r  5          r  6          r  7          r  8          r  9          r 10          r 11          r 12          r 13          r 14          r 15          r 16          r 17          r 18          r 19         ln lk             grad     status
  0      4.50e-06      9.00e-07       0.00100     -400.00000       0.40000       0.02000       4.00000       1.00000       1.00000       1.00000       1.00000       1.00000       1.00000       1.00000       1.00000       1.00000       1.00000       1.00000       1.00000       1.00000       1.00000       1.00000       1.00000       1.00000       1.00000  -254692.0019436944   1737.88258   -2
263      4.50e-06      9.00e-07       0.00959     -864.53547       0.20616       0.01533       3.13666       0.99046       1.00587       0.95748       0.96998       1.00839       0.98399       0.99070       0.98126       0.96987       0.95572       1.00339       0.95587       0.95636       0.96143       1.01874       1.03924       1.00419       1.00015  -198.6117997195      0.01713   -3
-- Local optimization: stuck in the same solution


---- Best joint likelihood found -198.61180 with gradient 0.01713
-- Model: B
--     eps_an        eps_cont      theta_bar     a        
--    4.50e-06      9.00e-07       0.00959       -1.00000  
--      S_d            b             p_b           S_b      
--   -864.53547       0.20616       0.01533       3.13666  
--     r  2          r  3          r  4          r  5          r  6          r  7          r  8          r  9          r 10          r 11          r 12          r 13          r 14          r 15          r 16          r 17          r 18          r 19     
--     0.99046       1.00587       0.95748       0.96998       1.00839       0.98399       0.99070       0.98126       0.96987       0.95572       1.00339       0.95587       0.95636       0.96143       1.01874       1.03924       1.00419       1.00015  

---- Expected P_neut(i), 0 < i < n (neutral SFS per site) 
E[P_neut(1)] = 0.009587
E[P_neut(2)] = 0.004748
E[P_neut(3)] = 0.003215
E[P_neut(4)] = 0.002295
E[P_neut(5)] = 0.001860
E[P_neut(6)] = 0.001611
E[P_neut(7)] = 0.001348
E[P_neut(8)] = 0.001187
E[P_neut(9)] = 0.001045
E[P_neut(10)] = 0.000930
E[P_neut(11)] = 0.000833
E[P_neut(12)] = 0.000802
E[P_neut(13)] = 0.000705
E[P_neut(14)] = 0.000655
E[P_neut(15)] = 0.000615
E[P_neut(16)] = 0.000610
E[P_neut(17)] = 0.000586
E[P_neut(18)] = 0.000535
E[P_neut(19)] = 0.000505

---- Expected P_sel(i), 0 < i < n (selected SFS per site) 
E[P_sel(1)] = 0.003857
E[P_sel(2)] = 0.001570
E[P_sel(3)] = 0.000972
E[P_sel(4)] = 0.000656
E[P_sel(5)] = 0.000512
E[P_sel(6)] = 0.000430
E[P_sel(7)] = 0.000352
E[P_sel(8)] = 0.000305
E[P_sel(9)] = 0.000264
E[P_sel(10)] = 0.000232
E[P_sel(11)] = 0.000206
E[P_sel(12)] = 0.000197
E[P_sel(13)] = 0.000172
E[P_sel(14)] = 0.000160
E[P_sel(15)] = 0.000149
E[P_sel(16)] = 0.000148
E[P_sel(17)] = 0.000143
E[P_sel(18)] = 0.000131
E[P_sel(19)] = 0.000124

---- Expected neutral and selected misattributed polymorphism per site
E[mis_neut] = 0.000479
E[mis_sel] = 0.000118

---- alpha_div = 0.332543
---- alpha_dfe = 0.202604



