---- Performing inference on Ns5_pa_0.01_boots/Ns5_pa_0.01.12.polyDFE.txt using model B

---- Warning: mutation variability is not used when only one neutral and one selected fragment is available.
---- No mutation variability. Using Poisson likelihood.

---- Using provided initial values


-- Starting local optimization
 it       eps_an        eps_cont      lambda        theta_bar      S_d            b             p_b           S_b           r  2          r  3          r  4          r  5          r  6          r  7          r  8          r  9          r 10          r 11          r 12          r 13          r 14          r 15          r 16          r 17          r 18          r 19          r 20         ln lk             grad     status
  0      4.50e-06      9.00e-07       0.00500       0.00100     -400.00000       0.40000       0.02000       4.00000       1.00000       1.00000       1.00000       1.00000       1.00000       1.00000       1.00000       1.00000       1.00000       1.00000       1.00000       1.00000       1.00000       1.00000       1.00000       1.00000       1.00000       1.00000       1.00000  -256111.9954018641   1770.32853   -2
226      4.50e-06      9.00e-07       0.00512       0.00949     -973.13526       0.19634       0.00697      12.74590       0.99514       1.03816       0.97516       0.95004       1.01633       0.99094       0.99477       0.98858       1.01972       0.95701       1.01763       0.94375       1.02029       0.94568       1.01249       1.02420       0.99142       0.94670       0.75663  -206.4900322489      0.00373   -3
-- Local optimization: stuck in the same solution


---- Best joint likelihood found -206.49003 with gradient 0.00373
-- Model: B
--     eps_an        eps_cont      lambda        theta_bar     a        
--    4.50e-06      9.00e-07       0.00512       0.00949       -1.00000  
--      S_d            b             p_b           S_b      
--   -973.13526       0.19634       0.00697      12.74590  
--     r  2          r  3          r  4          r  5          r  6          r  7          r  8          r  9          r 10          r 11          r 12          r 13          r 14          r 15          r 16          r 17          r 18          r 19          r 20     
--     0.99514       1.03816       0.97516       0.95004       1.01633       0.99094       0.99477       0.98858       1.01972       0.95701       1.01763       0.94375       1.02029       0.94568       1.01249       1.02420       0.99142       0.94670       0.75663  

---- Expected P_neut(i), 0 < i < n (neutral SFS per site) 
E[P_neut(1)] = 0.009491
E[P_neut(2)] = 0.004722
E[P_neut(3)] = 0.003284
E[P_neut(4)] = 0.002314
E[P_neut(5)] = 0.001803
E[P_neut(6)] = 0.001608
E[P_neut(7)] = 0.001344
E[P_neut(8)] = 0.001180
E[P_neut(9)] = 0.001043
E[P_neut(10)] = 0.000968
E[P_neut(11)] = 0.000826
E[P_neut(12)] = 0.000805
E[P_neut(13)] = 0.000689
E[P_neut(14)] = 0.000692
E[P_neut(15)] = 0.000598
E[P_neut(16)] = 0.000601
E[P_neut(17)] = 0.000572
E[P_neut(18)] = 0.000523
E[P_neut(19)] = 0.000473

---- Expected P_sel(i), 0 < i < n (selected SFS per site) 
E[P_sel(1)] = 0.003810
E[P_sel(2)] = 0.001564
E[P_sel(3)] = 0.000995
E[P_sel(4)] = 0.000663
E[P_sel(5)] = 0.000497
E[P_sel(6)] = 0.000430
E[P_sel(7)] = 0.000351
E[P_sel(8)] = 0.000302
E[P_sel(9)] = 0.000263
E[P_sel(10)] = 0.000241
E[P_sel(11)] = 0.000204
E[P_sel(12)] = 0.000198
E[P_sel(13)] = 0.000169
E[P_sel(14)] = 0.000169
E[P_sel(15)] = 0.000147
E[P_sel(16)] = 0.000149
E[P_sel(17)] = 0.000144
E[P_sel(18)] = 0.000135
E[P_sel(19)] = 0.000126

---- Expected D_neut and D_sel (neutral and selected divergence per site) 
E[D_neut] = 0.005480
E[D_sel] = 0.001623

---- Expected neutral and selected misattributed polymorphism per site
E[mis_neut] = 0.000359
E[mis_sel] = 0.000100

---- alpha_div = 0.299837
---- alpha_dfe = 0.298915



