---- Performing inference on Ns5_pa_0.01_boots/Ns5_pa_0.01.75.polyDFE.txt using model B

---- Warning: mutation variability is not used when only one neutral and one selected fragment is available.
---- No mutation variability. Using Poisson likelihood.

---- Using provided initial values


-- Starting local optimization
 it       eps_an        theta_bar      S_d            b             r  2          r  3          r  4          r  5          r  6          r  7          r  8          r  9          r 10          r 11          r 12          r 13          r 14          r 15          r 16          r 17          r 18          r 19         ln lk             grad     status
  0      4.50e-06       0.00100     -400.00000       0.40000       1.00000       1.00000       1.00000       1.00000       1.00000       1.00000       1.00000       1.00000       1.00000       1.00000       1.00000       1.00000       1.00000       1.00000       1.00000       1.00000       1.00000       1.00000  -262344.3717457722   1823.49915   -2
147      4.50e-06       0.00948    -1269.60980       0.18138       0.97985       1.00512       0.95333       0.96370       0.99547       0.99166       0.96901       0.98396       1.03295       0.98111       1.01153       1.00466       1.03622       0.99901       1.00415       1.06748       1.02047       1.06342  -229.1566367704      0.00210   -3
-- Local optimization: stuck in the same solution


---- Best joint likelihood found -229.15664 with gradient 0.00210
-- Model: B
--     eps_an        eps_cont      theta_bar     a        
--    4.50e-06      0.00e+00       0.00948       -1.00000  
--      S_d            b             p_b           S_b      
--  -1269.60980       0.18138      0.00e+00      0.00e+00  
--     r  2          r  3          r  4          r  5          r  6          r  7          r  8          r  9          r 10          r 11          r 12          r 13          r 14          r 15          r 16          r 17          r 18          r 19     
--     0.97985       1.00512       0.95333       0.96370       0.99547       0.99166       0.96901       0.98396       1.03295       0.98111       1.01153       1.00466       1.03622       0.99901       1.00415       1.06748       1.02047       1.06342  

---- Expected P_neut(i), 0 < i < n (neutral SFS per site) 
E[P_neut(1)] = 0.009483
E[P_neut(2)] = 0.004646
E[P_neut(3)] = 0.003177
E[P_neut(4)] = 0.002260
E[P_neut(5)] = 0.001828
E[P_neut(6)] = 0.001573
E[P_neut(7)] = 0.001343
E[P_neut(8)] = 0.001149
E[P_neut(9)] = 0.001037
E[P_neut(10)] = 0.000980
E[P_neut(11)] = 0.000846
E[P_neut(12)] = 0.000799
E[P_neut(13)] = 0.000733
E[P_neut(14)] = 0.000702
E[P_neut(15)] = 0.000632
E[P_neut(16)] = 0.000595
E[P_neut(17)] = 0.000595
E[P_neut(18)] = 0.000538
E[P_neut(19)] = 0.000531

---- Expected P_sel(i), 0 < i < n (selected SFS per site) 
E[P_sel(1)] = 0.003793
E[P_sel(2)] = 0.001548
E[P_sel(3)] = 0.000972
E[P_sel(4)] = 0.000655
E[P_sel(5)] = 0.000509
E[P_sel(6)] = 0.000425
E[P_sel(7)] = 0.000354
E[P_sel(8)] = 0.000296
E[P_sel(9)] = 0.000262
E[P_sel(10)] = 0.000244
E[P_sel(11)] = 0.000207
E[P_sel(12)] = 0.000193
E[P_sel(13)] = 0.000175
E[P_sel(14)] = 0.000166
E[P_sel(15)] = 0.000148
E[P_sel(16)] = 0.000138
E[P_sel(17)] = 0.000137
E[P_sel(18)] = 0.000122
E[P_sel(19)] = 0.000120

---- Expected neutral and selected misattributed polymorphism per site
E[mis_neut] = 0.000474
E[mis_sel] = 0.000106

---- alpha_div = 0.269487
---- alpha_dfe = 0.000000



