---- Performing inference on Ns5_pa_0.01_boots/Ns5_pa_0.01.85.polyDFE.txt using model B

---- Warning: mutation variability is not used when only one neutral and one selected fragment is available.
---- No mutation variability. Using Poisson likelihood.

---- Using provided initial values


-- Starting local optimization
 it       eps_an        theta_bar      S_d            b             r  2          r  3          r  4          r  5          r  6          r  7          r  8          r  9          r 10          r 11          r 12          r 13          r 14          r 15          r 16          r 17          r 18          r 19         ln lk             grad     status
  0      4.50e-06       0.00100     -400.00000       0.40000       1.00000       1.00000       1.00000       1.00000       1.00000       1.00000       1.00000       1.00000       1.00000       1.00000       1.00000       1.00000       1.00000       1.00000       1.00000       1.00000       1.00000       1.00000  -263828.1780998832   1832.32694   -2
 96      4.50e-06       0.00952    -1360.17078       0.17769       0.98744       0.99740       0.95633       0.96098       1.00174       0.96655       0.95946       0.99207       1.00765       0.95300       1.01119       0.99727       0.98863       0.94555       1.02318       1.01047       1.02895       1.00293  -236.2890275920      0.00360   -3
-- Local optimization: stuck in the same solution


---- Best joint likelihood found -236.28903 with gradient 0.00360
-- Model: B
--     eps_an        eps_cont      theta_bar     a        
--    4.50e-06      0.00e+00       0.00952       -1.00000  
--      S_d            b             p_b           S_b      
--  -1360.17078       0.17769      0.00e+00      0.00e+00  
--     r  2          r  3          r  4          r  5          r  6          r  7          r  8          r  9          r 10          r 11          r 12          r 13          r 14          r 15          r 16          r 17          r 18          r 19     
--     0.98744       0.99740       0.95633       0.96098       1.00174       0.96655       0.95946       0.99207       1.00765       0.95300       1.01119       0.99727       0.98863       0.94555       1.02318       1.01047       1.02895       1.00293  

---- Expected P_neut(i), 0 < i < n (neutral SFS per site) 
E[P_neut(1)] = 0.009525
E[P_neut(2)] = 0.004702
E[P_neut(3)] = 0.003167
E[P_neut(4)] = 0.002277
E[P_neut(5)] = 0.001831
E[P_neut(6)] = 0.001590
E[P_neut(7)] = 0.001315
E[P_neut(8)] = 0.001142
E[P_neut(9)] = 0.001050
E[P_neut(10)] = 0.000960
E[P_neut(11)] = 0.000825
E[P_neut(12)] = 0.000803
E[P_neut(13)] = 0.000731
E[P_neut(14)] = 0.000673
E[P_neut(15)] = 0.000600
E[P_neut(16)] = 0.000609
E[P_neut(17)] = 0.000566
E[P_neut(18)] = 0.000544
E[P_neut(19)] = 0.000503

---- Expected P_sel(i), 0 < i < n (selected SFS per site) 
E[P_sel(1)] = 0.003819
E[P_sel(2)] = 0.001577
E[P_sel(3)] = 0.000977
E[P_sel(4)] = 0.000666
E[P_sel(5)] = 0.000515
E[P_sel(6)] = 0.000434
E[P_sel(7)] = 0.000350
E[P_sel(8)] = 0.000298
E[P_sel(9)] = 0.000269
E[P_sel(10)] = 0.000242
E[P_sel(11)] = 0.000205
E[P_sel(12)] = 0.000197
E[P_sel(13)] = 0.000177
E[P_sel(14)] = 0.000161
E[P_sel(15)] = 0.000142
E[P_sel(16)] = 0.000143
E[P_sel(17)] = 0.000132
E[P_sel(18)] = 0.000126
E[P_sel(19)] = 0.000115

---- Expected neutral and selected misattributed polymorphism per site
E[mis_neut] = 0.000476
E[mis_sel] = 0.000108

---- alpha_div = 0.257652
---- alpha_dfe = 0.000000



