---- Performing inference on Ns5_pa_0.01_boots/Ns5_pa_0.01.57.polyDFE.txt using model B

---- Warning: mutation variability is not used when only one neutral and one selected fragment is available.
---- No mutation variability. Using Poisson likelihood.

---- Using provided initial values


-- Starting local optimization
 it       eps_an        eps_cont      lambda        theta_bar      S_d            b             p_b           S_b           r  2          r  3          r  4          r  5          r  6          r  7          r  8          r  9          r 10          r 11          r 12          r 13          r 14          r 15          r 16          r 17          r 18          r 19          r 20         ln lk             grad     status
  0      4.50e-06      9.00e-07       0.00500       0.00100     -400.00000       0.40000       0.02000       4.00000       1.00000       1.00000       1.00000       1.00000       1.00000       1.00000       1.00000       1.00000       1.00000       1.00000       1.00000       1.00000       1.00000       1.00000       1.00000       1.00000       1.00000       1.00000       1.00000  -256129.0322336102   1769.57183   -2
192      4.50e-06      9.00e-07       0.00502       0.00956     -768.91583       0.20752       0.00869      11.12062       0.97283       1.00693       0.98235       0.97172       0.99472       0.97066       0.98409       0.97321       1.01225       0.93794       0.99557       0.97752       1.03627       0.97184       0.99132       1.00930       0.97139       0.93083       0.96775  -207.0602464693      0.00156   -3
-- Local optimization: stuck in the same solution


---- Best joint likelihood found -207.06025 with gradient 0.00156
-- Model: B
--     eps_an        eps_cont      lambda        theta_bar     a        
--    4.50e-06      9.00e-07       0.00502       0.00956       -1.00000  
--      S_d            b             p_b           S_b      
--   -768.91583       0.20752       0.00869      11.12062  
--     r  2          r  3          r  4          r  5          r  6          r  7          r  8          r  9          r 10          r 11          r 12          r 13          r 14          r 15          r 16          r 17          r 18          r 19          r 20     
--     0.97283       1.00693       0.98235       0.97172       0.99472       0.97066       0.98409       0.97321       1.01225       0.93794       0.99557       0.97752       1.03627       0.97184       0.99132       1.00930       0.97139       0.93083       0.96775  

---- Expected P_neut(i), 0 < i < n (neutral SFS per site) 
E[P_neut(1)] = 0.009562
E[P_neut(2)] = 0.004651
E[P_neut(3)] = 0.003210
E[P_neut(4)] = 0.002348
E[P_neut(5)] = 0.001858
E[P_neut(6)] = 0.001585
E[P_neut(7)] = 0.001326
E[P_neut(8)] = 0.001176
E[P_neut(9)] = 0.001034
E[P_neut(10)] = 0.000968
E[P_neut(11)] = 0.000815
E[P_neut(12)] = 0.000793
E[P_neut(13)] = 0.000719
E[P_neut(14)] = 0.000708
E[P_neut(15)] = 0.000620
E[P_neut(16)] = 0.000592
E[P_neut(17)] = 0.000568
E[P_neut(18)] = 0.000516
E[P_neut(19)] = 0.000469

---- Expected P_sel(i), 0 < i < n (selected SFS per site) 
E[P_sel(1)] = 0.003877
E[P_sel(2)] = 0.001542
E[P_sel(3)] = 0.000969
E[P_sel(4)] = 0.000669
E[P_sel(5)] = 0.000508
E[P_sel(6)] = 0.000420
E[P_sel(7)] = 0.000343
E[P_sel(8)] = 0.000299
E[P_sel(9)] = 0.000259
E[P_sel(10)] = 0.000239
E[P_sel(11)] = 0.000200
E[P_sel(12)] = 0.000194
E[P_sel(13)] = 0.000175
E[P_sel(14)] = 0.000173
E[P_sel(15)] = 0.000152
E[P_sel(16)] = 0.000147
E[P_sel(17)] = 0.000144
E[P_sel(18)] = 0.000134
E[P_sel(19)] = 0.000126

---- Expected D_neut and D_sel (neutral and selected divergence per site) 
E[D_neut] = 0.005484
E[D_sel] = 0.001631

---- Expected neutral and selected misattributed polymorphism per site
E[mis_neut] = 0.000463
E[mis_sel] = 0.000130

---- alpha_div = 0.323319
---- alpha_dfe = 0.323267



