---- Performing inference on Ns5_pa_0.01_boots/Ns5_pa_0.01.91.polyDFE.txt using model B

---- Warning: mutation variability is not used when only one neutral and one selected fragment is available.
---- No mutation variability. Using Poisson likelihood.

---- Using provided initial values


-- Starting local optimization
 it       eps_an        lambda        theta_bar      S_d            b             r  2          r  3          r  4          r  5          r  6          r  7          r  8          r  9          r 10          r 11          r 12          r 13          r 14          r 15          r 16          r 17          r 18          r 19          r 20         ln lk             grad     status
  0      4.50e-06       0.00500       0.00100     -400.00000       0.40000       1.00000       1.00000       1.00000       1.00000       1.00000       1.00000       1.00000       1.00000       1.00000       1.00000       1.00000       1.00000       1.00000       1.00000       1.00000       1.00000       1.00000       1.00000       1.00000  -270746.8395352648   1948.59483   -2
618      4.52e-06       0.00011       0.00974    -6863.73646       0.13437       0.94636       0.95971       0.91000       0.91285       0.93794       0.91204       0.90508       0.90788       0.95218       0.86813       0.93700       0.91284       0.95750       0.92978       0.94203       1.00197       0.99057       0.95093      11.80473  -347.3642310515      0.16399   -6
-- Local optimization: reached maximum running time allowed


---- Best joint likelihood found -347.36423 with gradient 0.16399
-- Model: B
--     eps_an        eps_cont      lambda        theta_bar     a        
--    4.52e-06      0.00e+00       0.00011       0.00974       -1.00000  
--      S_d            b             p_b           S_b      
--  -6863.73646       0.13437      0.00e+00      0.00e+00  
--     r  2          r  3          r  4          r  5          r  6          r  7          r  8          r  9          r 10          r 11          r 12          r 13          r 14          r 15          r 16          r 17          r 18          r 19          r 20     
--     0.94636       0.95971       0.91000       0.91285       0.93794       0.91204       0.90508       0.90788       0.95218       0.86813       0.93700       0.91284       0.95750       0.92978       0.94203       1.00197       0.99057       0.95093      11.80473  

---- Expected P_neut(i), 0 < i < n (neutral SFS per site) 
E[P_neut(1)] = 0.009737
E[P_neut(2)] = 0.004607
E[P_neut(3)] = 0.003115
E[P_neut(4)] = 0.002215
E[P_neut(5)] = 0.001778
E[P_neut(6)] = 0.001522
E[P_neut(7)] = 0.001269
E[P_neut(8)] = 0.001102
E[P_neut(9)] = 0.000982
E[P_neut(10)] = 0.000927
E[P_neut(11)] = 0.000768
E[P_neut(12)] = 0.000760
E[P_neut(13)] = 0.000684
E[P_neut(14)] = 0.000666
E[P_neut(15)] = 0.000604
E[P_neut(16)] = 0.000573
E[P_neut(17)] = 0.000574
E[P_neut(18)] = 0.000536
E[P_neut(19)] = 0.000487

---- Expected P_sel(i), 0 < i < n (selected SFS per site) 
E[P_sel(1)] = 0.003775
E[P_sel(2)] = 0.001562
E[P_sel(3)] = 0.000992
E[P_sel(4)] = 0.000678
E[P_sel(5)] = 0.000528
E[P_sel(6)] = 0.000442
E[P_sel(7)] = 0.000362
E[P_sel(8)] = 0.000309
E[P_sel(9)] = 0.000272
E[P_sel(10)] = 0.000253
E[P_sel(11)] = 0.000208
E[P_sel(12)] = 0.000203
E[P_sel(13)] = 0.000181
E[P_sel(14)] = 0.000175
E[P_sel(15)] = 0.000158
E[P_sel(16)] = 0.000149
E[P_sel(17)] = 0.000148
E[P_sel(18)] = 0.000137
E[P_sel(19)] = 0.000124

---- Expected D_neut and D_sel (neutral and selected divergence per site) 
E[D_neut] = 0.005855
E[D_sel] = 0.001479

---- Expected neutral and selected misattributed polymorphism per site
E[mis_neut] = 0.005747
E[mis_sel] = 0.001452

---- alpha_div = 1.454761
---- alpha_dfe = 0.000000



