---- Performing inference on Ns5_pa_0.01_boots/Ns5_pa_0.01.44.polyDFE.txt using model B

---- Warning: mutation variability is not used when only one neutral and one selected fragment is available.
---- No mutation variability. Using Poisson likelihood.

---- Using provided initial values


-- Starting local optimization
 it       eps_an        eps_cont      theta_bar      S_d            b             p_b           S_b           r  2          r  3          r  4          r  5          r  6          r  7          r  8          r  9          r 10          r 11          r 12          r 13          r 14          r 15          r 16          r 17          r 18          r 19         ln lk             grad     status
  0      4.50e-06      9.00e-07       0.00100     -400.00000       0.40000       0.02000       4.00000       1.00000       1.00000       1.00000       1.00000       1.00000       1.00000       1.00000       1.00000       1.00000       1.00000       1.00000       1.00000       1.00000       1.00000       1.00000       1.00000       1.00000       1.00000  -252523.4955883432   1727.87574   -2
502      4.58e-06      9.00e-07       0.00951     -942.64964       0.19485       0.00366      30.50773       0.98507       1.01208       0.97529       0.96597       1.00916       1.00670       0.95772       0.97584       1.00798       0.92945       1.01605       1.02588       0.99537       0.95175       0.98280       1.04010       0.97532       0.96975  -209.9741429677      0.00130   -3
-- Local optimization: stuck in the same solution


---- Best joint likelihood found -209.97414 with gradient 0.00130
-- Model: B
--     eps_an        eps_cont      theta_bar     a        
--    4.58e-06      9.00e-07       0.00951       -1.00000  
--      S_d            b             p_b           S_b      
--   -942.64964       0.19485       0.00366      30.50773  
--     r  2          r  3          r  4          r  5          r  6          r  7          r  8          r  9          r 10          r 11          r 12          r 13          r 14          r 15          r 16          r 17          r 18          r 19     
--     0.98507       1.01208       0.97529       0.96597       1.00916       1.00670       0.95772       0.97584       1.00798       0.92945       1.01605       1.02588       0.99537       0.95175       0.98280       1.04010       0.97532       0.96975  

---- Expected P_neut(i), 0 < i < n (neutral SFS per site) 
E[P_neut(1)] = 0.009508
E[P_neut(2)] = 0.004683
E[P_neut(3)] = 0.003208
E[P_neut(4)] = 0.002318
E[P_neut(5)] = 0.001837
E[P_neut(6)] = 0.001599
E[P_neut(7)] = 0.001367
E[P_neut(8)] = 0.001138
E[P_neut(9)] = 0.001031
E[P_neut(10)] = 0.000958
E[P_neut(11)] = 0.000803
E[P_neut(12)] = 0.000805
E[P_neut(13)] = 0.000750
E[P_neut(14)] = 0.000676
E[P_neut(15)] = 0.000603
E[P_neut(16)] = 0.000584
E[P_neut(17)] = 0.000582
E[P_neut(18)] = 0.000515
E[P_neut(19)] = 0.000485

---- Expected P_sel(i), 0 < i < n (selected SFS per site) 
E[P_sel(1)] = 0.003840
E[P_sel(2)] = 0.001559
E[P_sel(3)] = 0.000976
E[P_sel(4)] = 0.000667
E[P_sel(5)] = 0.000507
E[P_sel(6)] = 0.000428
E[P_sel(7)] = 0.000357
E[P_sel(8)] = 0.000291
E[P_sel(9)] = 0.000259
E[P_sel(10)] = 0.000237
E[P_sel(11)] = 0.000196
E[P_sel(12)] = 0.000195
E[P_sel(13)] = 0.000180
E[P_sel(14)] = 0.000162
E[P_sel(15)] = 0.000144
E[P_sel(16)] = 0.000140
E[P_sel(17)] = 0.000141
E[P_sel(18)] = 0.000128
E[P_sel(19)] = 0.000127

---- Expected neutral and selected misattributed polymorphism per site
E[mis_neut] = 0.000475
E[mis_sel] = 0.000134

---- alpha_div = 0.283051
---- alpha_dfe = 0.344201



