---- Performing inference on Ns5_pa_0.01_boots/Ns5_pa_0.01.41.polyDFE.txt using model B

---- Warning: mutation variability is not used when only one neutral and one selected fragment is available.
---- No mutation variability. Using Poisson likelihood.

---- Using provided initial values


-- Starting local optimization
 it       eps_an        lambda        theta_bar      S_d            b             r  2          r  3          r  4          r  5          r  6          r  7          r  8          r  9          r 10          r 11          r 12          r 13          r 14          r 15          r 16          r 17          r 18          r 19          r 20         ln lk             grad     status
  0      4.50e-06       0.00500       0.00100     -400.00000       0.40000       1.00000       1.00000       1.00000       1.00000       1.00000       1.00000       1.00000       1.00000       1.00000       1.00000       1.00000       1.00000       1.00000       1.00000       1.00000       1.00000       1.00000       1.00000       1.00000  -272120.1944705943   1956.18292   -2
726      4.49e-06       0.00007       0.00970    -6968.31861       0.13425       0.96000       0.98178       0.92562       0.92614       0.94724       0.91531       0.90790       0.93456       0.95104       0.86419       0.92856       0.92370       0.97167       0.91417       0.96486       0.97479       0.92658       0.96944      12.07782  -408.5208581029      0.01805   -6
-- Local optimization: reached maximum running time allowed


---- Best joint likelihood found -408.52086 with gradient 0.01805
-- Model: B
--     eps_an        eps_cont      lambda        theta_bar     a        
--    4.49e-06      0.00e+00       0.00007       0.00970       -1.00000  
--      S_d            b             p_b           S_b      
--  -6968.31861       0.13425      0.00e+00      0.00e+00  
--     r  2          r  3          r  4          r  5          r  6          r  7          r  8          r  9          r 10          r 11          r 12          r 13          r 14          r 15          r 16          r 17          r 18          r 19          r 20     
--     0.96000       0.98178       0.92562       0.92614       0.94724       0.91531       0.90790       0.93456       0.95104       0.86419       0.92856       0.92370       0.97167       0.91417       0.96486       0.97479       0.92658       0.96944      12.07782  

---- Expected P_neut(i), 0 < i < n (neutral SFS per site) 
E[P_neut(1)] = 0.009704
E[P_neut(2)] = 0.004658
E[P_neut(3)] = 0.003176
E[P_neut(4)] = 0.002246
E[P_neut(5)] = 0.001797
E[P_neut(6)] = 0.001532
E[P_neut(7)] = 0.001269
E[P_neut(8)] = 0.001101
E[P_neut(9)] = 0.001008
E[P_neut(10)] = 0.000923
E[P_neut(11)] = 0.000762
E[P_neut(12)] = 0.000751
E[P_neut(13)] = 0.000689
E[P_neut(14)] = 0.000674
E[P_neut(15)] = 0.000591
E[P_neut(16)] = 0.000585
E[P_neut(17)] = 0.000556
E[P_neut(18)] = 0.000500
E[P_neut(19)] = 0.000495

---- Expected P_sel(i), 0 < i < n (selected SFS per site) 
E[P_sel(1)] = 0.003758
E[P_sel(2)] = 0.001577
E[P_sel(3)] = 0.001010
E[P_sel(4)] = 0.000686
E[P_sel(5)] = 0.000534
E[P_sel(6)] = 0.000445
E[P_sel(7)] = 0.000361
E[P_sel(8)] = 0.000309
E[P_sel(9)] = 0.000279
E[P_sel(10)] = 0.000252
E[P_sel(11)] = 0.000206
E[P_sel(12)] = 0.000201
E[P_sel(13)] = 0.000183
E[P_sel(14)] = 0.000177
E[P_sel(15)] = 0.000154
E[P_sel(16)] = 0.000151
E[P_sel(17)] = 0.000143
E[P_sel(18)] = 0.000128
E[P_sel(19)] = 0.000126

---- Expected D_neut and D_sel (neutral and selected divergence per site) 
E[D_neut] = 0.005927
E[D_sel] = 0.001497

---- Expected neutral and selected misattributed polymorphism per site
E[mis_neut] = 0.005860
E[mis_sel] = 0.001480

---- alpha_div = 1.581309
---- alpha_dfe = 0.000000



