---- Performing inference on Ns5_pa_0.01_boots/Ns5_pa_0.01.9.polyDFE.txt using model B

---- Warning: mutation variability is not used when only one neutral and one selected fragment is available.
---- No mutation variability. Using Poisson likelihood.

---- Using provided initial values


-- Starting local optimization
 it       eps_an        lambda        theta_bar      S_d            b             r  2          r  3          r  4          r  5          r  6          r  7          r  8          r  9          r 10          r 11          r 12          r 13          r 14          r 15          r 16          r 17          r 18          r 19          r 20         ln lk             grad     status
  0      4.50e-06       0.00500       0.00100     -400.00000       0.40000       1.00000       1.00000       1.00000       1.00000       1.00000       1.00000       1.00000       1.00000       1.00000       1.00000       1.00000       1.00000       1.00000       1.00000       1.00000       1.00000       1.00000       1.00000       1.00000  -270978.3477272688   1949.46959   -2
632      4.60e-06       0.00019       0.00976    -9491.11738       0.12957       0.97517       0.95186       0.91106       0.92303       0.94228       0.89582       0.89295       0.93293       0.94599       0.83487       0.94204       0.91626       0.94711       0.92918       0.89944       0.99860       0.96137       0.90958      11.65363  -345.5529183751      0.06260   -6
-- Local optimization: reached maximum running time allowed


---- Best joint likelihood found -345.55292 with gradient 0.06260
-- Model: B
--     eps_an        eps_cont      lambda        theta_bar     a        
--    4.60e-06      0.00e+00       0.00019       0.00976       -1.00000  
--      S_d            b             p_b           S_b      
--  -9491.11738       0.12957      0.00e+00      0.00e+00  
--     r  2          r  3          r  4          r  5          r  6          r  7          r  8          r  9          r 10          r 11          r 12          r 13          r 14          r 15          r 16          r 17          r 18          r 19          r 20     
--     0.97517       0.95186       0.91106       0.92303       0.94228       0.89582       0.89295       0.93293       0.94599       0.83487       0.94204       0.91626       0.94711       0.92918       0.89944       0.99860       0.96137       0.90958      11.65363  

---- Expected P_neut(i), 0 < i < n (neutral SFS per site) 
E[P_neut(1)] = 0.009763
E[P_neut(2)] = 0.004760
E[P_neut(3)] = 0.003098
E[P_neut(4)] = 0.002224
E[P_neut(5)] = 0.001802
E[P_neut(6)] = 0.001533
E[P_neut(7)] = 0.001249
E[P_neut(8)] = 0.001090
E[P_neut(9)] = 0.001012
E[P_neut(10)] = 0.000924
E[P_neut(11)] = 0.000741
E[P_neut(12)] = 0.000766
E[P_neut(13)] = 0.000688
E[P_neut(14)] = 0.000660
E[P_neut(15)] = 0.000605
E[P_neut(16)] = 0.000549
E[P_neut(17)] = 0.000573
E[P_neut(18)] = 0.000521
E[P_neut(19)] = 0.000467

---- Expected P_sel(i), 0 < i < n (selected SFS per site) 
E[P_sel(1)] = 0.003736
E[P_sel(2)] = 0.001601
E[P_sel(3)] = 0.000981
E[P_sel(4)] = 0.000678
E[P_sel(5)] = 0.000534
E[P_sel(6)] = 0.000444
E[P_sel(7)] = 0.000356
E[P_sel(8)] = 0.000305
E[P_sel(9)] = 0.000280
E[P_sel(10)] = 0.000252
E[P_sel(11)] = 0.000200
E[P_sel(12)] = 0.000205
E[P_sel(13)] = 0.000183
E[P_sel(14)] = 0.000174
E[P_sel(15)] = 0.000158
E[P_sel(16)] = 0.000142
E[P_sel(17)] = 0.000148
E[P_sel(18)] = 0.000134
E[P_sel(19)] = 0.000119

---- Expected D_neut and D_sel (neutral and selected divergence per site) 
E[D_neut] = 0.005876
E[D_sel] = 0.001489

---- Expected neutral and selected misattributed polymorphism per site
E[mis_neut] = 0.005689
E[mis_sel] = 0.001441

---- alpha_div = 1.284994
---- alpha_dfe = 0.000000



