---- Performing inference on Ns5_pa_0.01_boots/Ns5_pa_0.01.36.polyDFE.txt using model B

---- Warning: mutation variability is not used when only one neutral and one selected fragment is available.
---- No mutation variability. Using Poisson likelihood.

---- Using provided initial values


-- Starting local optimization
 it       eps_an        eps_cont      theta_bar      S_d            b             p_b           S_b           r  2          r  3          r  4          r  5          r  6          r  7          r  8          r  9          r 10          r 11          r 12          r 13          r 14          r 15          r 16          r 17          r 18          r 19         ln lk             grad     status
  0      4.50e-06      9.00e-07       0.00100     -400.00000       0.40000       0.02000       4.00000       1.00000       1.00000       1.00000       1.00000       1.00000       1.00000       1.00000       1.00000       1.00000       1.00000       1.00000       1.00000       1.00000       1.00000       1.00000       1.00000       1.00000       1.00000  -252485.0142079487   1727.60984   -2
263      4.51e-06      9.00e-07       0.00955     -811.06358       0.20456       0.00763      12.63217       0.98722       1.00452       0.96545       0.97805       0.99137       0.97912       0.94574       1.00496       0.99323       0.94002       1.01496       0.98670       0.98648       0.96028       0.97383       0.97912       0.94742       0.96240  -192.1917038504      0.00230   -3
-- Local optimization: stuck in the same solution


---- Best joint likelihood found -192.19170 with gradient 0.00230
-- Model: B
--     eps_an        eps_cont      theta_bar     a        
--    4.51e-06      9.00e-07       0.00955       -1.00000  
--      S_d            b             p_b           S_b      
--   -811.06358       0.20456       0.00763      12.63217  
--     r  2          r  3          r  4          r  5          r  6          r  7          r  8          r  9          r 10          r 11          r 12          r 13          r 14          r 15          r 16          r 17          r 18          r 19     
--     0.98722       1.00452       0.96545       0.97805       0.99137       0.97912       0.94574       1.00496       0.99323       0.94002       1.01496       0.98670       0.98648       0.96028       0.97383       0.97912       0.94742       0.96240  

---- Expected P_neut(i), 0 < i < n (neutral SFS per site) 
E[P_neut(1)] = 0.009550
E[P_neut(2)] = 0.004714
E[P_neut(3)] = 0.003198
E[P_neut(4)] = 0.002305
E[P_neut(5)] = 0.001868
E[P_neut(6)] = 0.001578
E[P_neut(7)] = 0.001336
E[P_neut(8)] = 0.001129
E[P_neut(9)] = 0.001066
E[P_neut(10)] = 0.000949
E[P_neut(11)] = 0.000816
E[P_neut(12)] = 0.000808
E[P_neut(13)] = 0.000725
E[P_neut(14)] = 0.000673
E[P_neut(15)] = 0.000611
E[P_neut(16)] = 0.000581
E[P_neut(17)] = 0.000550
E[P_neut(18)] = 0.000503
E[P_neut(19)] = 0.000484

---- Expected P_sel(i), 0 < i < n (selected SFS per site) 
E[P_sel(1)] = 0.003863
E[P_sel(2)] = 0.001562
E[P_sel(3)] = 0.000966
E[P_sel(4)] = 0.000657
E[P_sel(5)] = 0.000511
E[P_sel(6)] = 0.000419
E[P_sel(7)] = 0.000346
E[P_sel(8)] = 0.000287
E[P_sel(9)] = 0.000267
E[P_sel(10)] = 0.000234
E[P_sel(11)] = 0.000200
E[P_sel(12)] = 0.000197
E[P_sel(13)] = 0.000176
E[P_sel(14)] = 0.000164
E[P_sel(15)] = 0.000149
E[P_sel(16)] = 0.000144
E[P_sel(17)] = 0.000138
E[P_sel(18)] = 0.000130
E[P_sel(19)] = 0.000129

---- Expected neutral and selected misattributed polymorphism per site
E[mis_neut] = 0.000477
E[mis_sel] = 0.000134

---- alpha_div = 0.313747
---- alpha_dfe = 0.320509



