---- Performing inference on Ns5_pa_0.01_boots/Ns5_pa_0.01.18.polyDFE.txt using model B

---- Warning: mutation variability is not used when only one neutral and one selected fragment is available.
---- No mutation variability. Using Poisson likelihood.

---- Using provided initial values


-- Starting local optimization
 it       eps_an        theta_bar      S_d            b             r  2          r  3          r  4          r  5          r  6          r  7          r  8          r  9          r 10          r 11          r 12          r 13          r 14          r 15          r 16          r 17          r 18          r 19         ln lk             grad     status
  0      4.50e-06       0.00100     -400.00000       0.40000       1.00000       1.00000       1.00000       1.00000       1.00000       1.00000       1.00000       1.00000       1.00000       1.00000       1.00000       1.00000       1.00000       1.00000       1.00000       1.00000       1.00000       1.00000  -265786.3438678631   1842.61238   -2
 65      4.50e-06       0.00960    -1370.86546       0.17642       0.98158       1.00012       0.94567       0.93726       0.98745       0.95366       0.96726       0.95174       0.99359       0.92376       0.99920       0.98224       1.00825       0.95342       1.01865       1.02057       1.00788       1.00177  -216.2056325956      0.09621   -3
-- Local optimization: stuck in the same solution


---- Best joint likelihood found -216.20563 with gradient 0.09621
-- Model: B
--     eps_an        eps_cont      theta_bar     a        
--    4.50e-06      0.00e+00       0.00960       -1.00000  
--      S_d            b             p_b           S_b      
--  -1370.86546       0.17642      0.00e+00      0.00e+00  
--     r  2          r  3          r  4          r  5          r  6          r  7          r  8          r  9          r 10          r 11          r 12          r 13          r 14          r 15          r 16          r 17          r 18          r 19     
--     0.98158       1.00012       0.94567       0.93726       0.98745       0.95366       0.96726       0.95174       0.99359       0.92376       0.99920       0.98224       1.00825       0.95342       1.01865       1.02057       1.00788       1.00177  

---- Expected P_neut(i), 0 < i < n (neutral SFS per site) 
E[P_neut(1)] = 0.009599
E[P_neut(2)] = 0.004711
E[P_neut(3)] = 0.003200
E[P_neut(4)] = 0.002269
E[P_neut(5)] = 0.001799
E[P_neut(6)] = 0.001580
E[P_neut(7)] = 0.001308
E[P_neut(8)] = 0.001161
E[P_neut(9)] = 0.001015
E[P_neut(10)] = 0.000954
E[P_neut(11)] = 0.000806
E[P_neut(12)] = 0.000799
E[P_neut(13)] = 0.000725
E[P_neut(14)] = 0.000691
E[P_neut(15)] = 0.000610
E[P_neut(16)] = 0.000611
E[P_neut(17)] = 0.000576
E[P_neut(18)] = 0.000538
E[P_neut(19)] = 0.000506

---- Expected P_sel(i), 0 < i < n (selected SFS per site) 
E[P_sel(1)] = 0.003864
E[P_sel(2)] = 0.001588
E[P_sel(3)] = 0.000993
E[P_sel(4)] = 0.000668
E[P_sel(5)] = 0.000510
E[P_sel(6)] = 0.000434
E[P_sel(7)] = 0.000351
E[P_sel(8)] = 0.000305
E[P_sel(9)] = 0.000262
E[P_sel(10)] = 0.000242
E[P_sel(11)] = 0.000202
E[P_sel(12)] = 0.000197
E[P_sel(13)] = 0.000177
E[P_sel(14)] = 0.000167
E[P_sel(15)] = 0.000146
E[P_sel(16)] = 0.000145
E[P_sel(17)] = 0.000135
E[P_sel(18)] = 0.000125
E[P_sel(19)] = 0.000117

---- Expected neutral and selected misattributed polymorphism per site
E[mis_neut] = 0.000480
E[mis_sel] = 0.000110

---- alpha_div = 0.264234
---- alpha_dfe = 0.000000



