---- Performing inference on Ns5_pa_0.01_boots/Ns5_pa_0.01.94.polyDFE.txt using model B

---- Warning: mutation variability is not used when only one neutral and one selected fragment is available.
---- No mutation variability. Using Poisson likelihood.

---- Using provided initial values


-- Starting local optimization
 it       eps_an        theta_bar      S_d            b             r  2          r  3          r  4          r  5          r  6          r  7          r  8          r  9          r 10          r 11          r 12          r 13          r 14          r 15          r 16          r 17          r 18          r 19         ln lk             grad     status
  0      4.50e-06       0.00100     -400.00000       0.40000       1.00000       1.00000       1.00000       1.00000       1.00000       1.00000       1.00000       1.00000       1.00000       1.00000       1.00000       1.00000       1.00000       1.00000       1.00000       1.00000       1.00000       1.00000  -263140.8889380905   1829.24954   -2
171      4.50e-06       0.00941    -1130.71723       0.18384       0.99646       1.01198       0.98837       0.98800       0.99418       1.01202       0.98759       0.99876       0.99561       0.91348       1.00285       1.00409       1.01835       0.97209       1.01948       1.05352       1.02502       1.05422  -209.3682464957      0.00516   -3
-- Local optimization: stuck in the same solution


---- Best joint likelihood found -209.36825 with gradient 0.00516
-- Model: B
--     eps_an        eps_cont      theta_bar     a        
--    4.50e-06      0.00e+00       0.00941       -1.00000  
--      S_d            b             p_b           S_b      
--  -1130.71723       0.18384      0.00e+00      0.00e+00  
--     r  2          r  3          r  4          r  5          r  6          r  7          r  8          r  9          r 10          r 11          r 12          r 13          r 14          r 15          r 16          r 17          r 18          r 19     
--     0.99646       1.01198       0.98837       0.98800       0.99418       1.01202       0.98759       0.99876       0.99561       0.91348       1.00285       1.00409       1.01835       0.97209       1.01948       1.05352       1.02502       1.05422  

---- Expected P_neut(i), 0 < i < n (neutral SFS per site) 
E[P_neut(1)] = 0.009415
E[P_neut(2)] = 0.004691
E[P_neut(3)] = 0.003176
E[P_neut(4)] = 0.002326
E[P_neut(5)] = 0.001860
E[P_neut(6)] = 0.001560
E[P_neut(7)] = 0.001361
E[P_neut(8)] = 0.001162
E[P_neut(9)] = 0.001045
E[P_neut(10)] = 0.000937
E[P_neut(11)] = 0.000782
E[P_neut(12)] = 0.000787
E[P_neut(13)] = 0.000727
E[P_neut(14)] = 0.000685
E[P_neut(15)] = 0.000610
E[P_neut(16)] = 0.000600
E[P_neut(17)] = 0.000583
E[P_neut(18)] = 0.000536
E[P_neut(19)] = 0.000522

---- Expected P_sel(i), 0 < i < n (selected SFS per site) 
E[P_sel(1)] = 0.003807
E[P_sel(2)] = 0.001577
E[P_sel(3)] = 0.000979
E[P_sel(4)] = 0.000679
E[P_sel(5)] = 0.000521
E[P_sel(6)] = 0.000424
E[P_sel(7)] = 0.000360
E[P_sel(8)] = 0.000301
E[P_sel(9)] = 0.000265
E[P_sel(10)] = 0.000234
E[P_sel(11)] = 0.000192
E[P_sel(12)] = 0.000191
E[P_sel(13)] = 0.000174
E[P_sel(14)] = 0.000162
E[P_sel(15)] = 0.000143
E[P_sel(16)] = 0.000139
E[P_sel(17)] = 0.000134
E[P_sel(18)] = 0.000122
E[P_sel(19)] = 0.000118

---- Expected neutral and selected misattributed polymorphism per site
E[mis_neut] = 0.000471
E[mis_sel] = 0.000106

---- alpha_div = 0.254936
---- alpha_dfe = 0.000000



