---- Performing inference on Ns5_pa_0.01_boots/Ns5_pa_0.01.99.polyDFE.txt using model B

---- Warning: mutation variability is not used when only one neutral and one selected fragment is available.
---- No mutation variability. Using Poisson likelihood.

---- Using provided initial values


-- Starting local optimization
 it       eps_an        lambda        theta_bar      S_d            b             r  2          r  3          r  4          r  5          r  6          r  7          r  8          r  9          r 10          r 11          r 12          r 13          r 14          r 15          r 16          r 17          r 18          r 19          r 20         ln lk             grad     status
  0      4.50e-06       0.00500       0.00100     -400.00000       0.40000       1.00000       1.00000       1.00000       1.00000       1.00000       1.00000       1.00000       1.00000       1.00000       1.00000       1.00000       1.00000       1.00000       1.00000       1.00000       1.00000       1.00000       1.00000       1.00000  -271894.7132590156   1951.81502   -2
633      4.54e-06       0.00026       0.00978    -6232.30393       0.13736       0.94571       0.97896       0.88754       0.91495       0.94216       0.92689       0.93225       0.90349       0.96299       0.86905       0.93483       0.92488       0.91706       0.90299       0.97301       1.01719       0.98064       0.98990      11.63831  -387.5001026884      0.01782   -3
-- Local optimization: stuck in the same solution


---- Best joint likelihood found -387.50010 with gradient 0.01782
-- Model: B
--     eps_an        eps_cont      lambda        theta_bar     a        
--    4.54e-06      0.00e+00       0.00026       0.00978       -1.00000  
--      S_d            b             p_b           S_b      
--  -6232.30393       0.13736      0.00e+00      0.00e+00  
--     r  2          r  3          r  4          r  5          r  6          r  7          r  8          r  9          r 10          r 11          r 12          r 13          r 14          r 15          r 16          r 17          r 18          r 19          r 20     
--     0.94571       0.97896       0.88754       0.91495       0.94216       0.92689       0.93225       0.90349       0.96299       0.86905       0.93483       0.92488       0.91706       0.90299       0.97301       1.01719       0.98064       0.98990      11.63831  

---- Expected P_neut(i), 0 < i < n (neutral SFS per site) 
E[P_neut(1)] = 0.009785
E[P_neut(2)] = 0.004627
E[P_neut(3)] = 0.003193
E[P_neut(4)] = 0.002171
E[P_neut(5)] = 0.001791
E[P_neut(6)] = 0.001536
E[P_neut(7)] = 0.001296
E[P_neut(8)] = 0.001140
E[P_neut(9)] = 0.000982
E[P_neut(10)] = 0.000942
E[P_neut(11)] = 0.000773
E[P_neut(12)] = 0.000762
E[P_neut(13)] = 0.000696
E[P_neut(14)] = 0.000641
E[P_neut(15)] = 0.000589
E[P_neut(16)] = 0.000595
E[P_neut(17)] = 0.000585
E[P_neut(18)] = 0.000533
E[P_neut(19)] = 0.000510

---- Expected P_sel(i), 0 < i < n (selected SFS per site) 
E[P_sel(1)] = 0.003777
E[P_sel(2)] = 0.001557
E[P_sel(3)] = 0.001008
E[P_sel(4)] = 0.000658
E[P_sel(5)] = 0.000527
E[P_sel(6)] = 0.000441
E[P_sel(7)] = 0.000365
E[P_sel(8)] = 0.000316
E[P_sel(9)] = 0.000268
E[P_sel(10)] = 0.000254
E[P_sel(11)] = 0.000206
E[P_sel(12)] = 0.000201
E[P_sel(13)] = 0.000182
E[P_sel(14)] = 0.000166
E[P_sel(15)] = 0.000152
E[P_sel(16)] = 0.000152
E[P_sel(17)] = 0.000149
E[P_sel(18)] = 0.000134
E[P_sel(19)] = 0.000128

---- Expected D_neut and D_sel (neutral and selected divergence per site) 
E[D_neut] = 0.005958
E[D_sel] = 0.001484

---- Expected neutral and selected misattributed polymorphism per site
E[mis_neut] = 0.005694
E[mis_sel] = 0.001419

---- alpha_div = 1.207363
---- alpha_dfe = 0.000000



