---- Performing inference on Ns5_pa_0.01_boots/Ns5_pa_0.01.87.polyDFE.txt using model B

---- Warning: mutation variability is not used when only one neutral and one selected fragment is available.
---- No mutation variability. Using Poisson likelihood.

---- Using provided initial values


-- Starting local optimization
 it       eps_an        lambda        theta_bar      S_d            b             r  2          r  3          r  4          r  5          r  6          r  7          r  8          r  9          r 10          r 11          r 12          r 13          r 14          r 15          r 16          r 17          r 18          r 19          r 20         ln lk             grad     status
  0      4.50e-06       0.00500       0.00100     -400.00000       0.40000       1.00000       1.00000       1.00000       1.00000       1.00000       1.00000       1.00000       1.00000       1.00000       1.00000       1.00000       1.00000       1.00000       1.00000       1.00000       1.00000       1.00000       1.00000       1.00000  -271214.4731595349   1948.28666   -2
423      4.53e-06       0.00019       0.00974    -5602.90267       0.13924       0.96206       0.96156       0.92101       0.91262       0.95477       0.91732       0.91320       0.93059       0.95917       0.89879       0.91674       0.91970       0.97549       0.91903       0.95927       1.00568       0.93179       0.94601      11.75821  -376.3348426736      0.01556   -3
-- Local optimization: stuck in the same solution


---- Best joint likelihood found -376.33484 with gradient 0.01556
-- Model: B
--     eps_an        eps_cont      lambda        theta_bar     a        
--    4.53e-06      0.00e+00       0.00019       0.00974       -1.00000  
--      S_d            b             p_b           S_b      
--  -5602.90267       0.13924      0.00e+00      0.00e+00  
--     r  2          r  3          r  4          r  5          r  6          r  7          r  8          r  9          r 10          r 11          r 12          r 13          r 14          r 15          r 16          r 17          r 18          r 19          r 20     
--     0.96206       0.96156       0.92101       0.91262       0.95477       0.91732       0.91320       0.93059       0.95917       0.89879       0.91674       0.91970       0.97549       0.91903       0.95927       1.00568       0.93179       0.94601      11.75821  

---- Expected P_neut(i), 0 < i < n (neutral SFS per site) 
E[P_neut(1)] = 0.009737
E[P_neut(2)] = 0.004684
E[P_neut(3)] = 0.003121
E[P_neut(4)] = 0.002242
E[P_neut(5)] = 0.001777
E[P_neut(6)] = 0.001549
E[P_neut(7)] = 0.001276
E[P_neut(8)] = 0.001111
E[P_neut(9)] = 0.001007
E[P_neut(10)] = 0.000934
E[P_neut(11)] = 0.000796
E[P_neut(12)] = 0.000744
E[P_neut(13)] = 0.000689
E[P_neut(14)] = 0.000678
E[P_neut(15)] = 0.000597
E[P_neut(16)] = 0.000584
E[P_neut(17)] = 0.000576
E[P_neut(18)] = 0.000504
E[P_neut(19)] = 0.000485

---- Expected P_sel(i), 0 < i < n (selected SFS per site) 
E[P_sel(1)] = 0.003772
E[P_sel(2)] = 0.001579
E[P_sel(3)] = 0.000986
E[P_sel(4)] = 0.000679
E[P_sel(5)] = 0.000523
E[P_sel(6)] = 0.000445
E[P_sel(7)] = 0.000359
E[P_sel(8)] = 0.000308
E[P_sel(9)] = 0.000275
E[P_sel(10)] = 0.000252
E[P_sel(11)] = 0.000212
E[P_sel(12)] = 0.000196
E[P_sel(13)] = 0.000180
E[P_sel(14)] = 0.000176
E[P_sel(15)] = 0.000153
E[P_sel(16)] = 0.000149
E[P_sel(17)] = 0.000146
E[P_sel(18)] = 0.000127
E[P_sel(19)] = 0.000121

---- Expected D_neut and D_sel (neutral and selected divergence per site) 
E[D_neut] = 0.005914
E[D_sel] = 0.001470

---- Expected neutral and selected misattributed polymorphism per site
E[mis_neut] = 0.005724
E[mis_sel] = 0.001423

---- alpha_div = 1.314651
---- alpha_dfe = 0.000000



