---- Performing inference on Ns5_pa_0.01_boots/Ns5_pa_0.01.99.polyDFE.txt using model B

---- Warning: mutation variability is not used when only one neutral and one selected fragment is available.
---- No mutation variability. Using Poisson likelihood.

---- Using provided initial values


-- Starting local optimization
 it       eps_an        theta_bar      S_d            b             r  2          r  3          r  4          r  5          r  6          r  7          r  8          r  9          r 10          r 11          r 12          r 13          r 14          r 15          r 16          r 17          r 18          r 19         ln lk             grad     status
  0      4.50e-06       0.00100     -400.00000       0.40000       1.00000       1.00000       1.00000       1.00000       1.00000       1.00000       1.00000       1.00000       1.00000       1.00000       1.00000       1.00000       1.00000       1.00000       1.00000       1.00000       1.00000       1.00000  -263761.7915688439   1829.30189   -2
103      4.50e-06       0.00964    -1427.67974       0.17802       0.96686       1.01021       0.92085       0.95298       0.98411       0.97024       0.97764       0.94897       1.01284       0.91514       0.98543       0.97589       0.96848       0.95431       1.02900       1.07644       1.03851       1.04894  -223.4873295514      0.00278   -3
-- Local optimization: stuck in the same solution


---- Best joint likelihood found -223.48733 with gradient 0.00278
-- Model: B
--     eps_an        eps_cont      theta_bar     a        
--    4.50e-06      0.00e+00       0.00964       -1.00000  
--      S_d            b             p_b           S_b      
--  -1427.67974       0.17802      0.00e+00      0.00e+00  
--     r  2          r  3          r  4          r  5          r  6          r  7          r  8          r  9          r 10          r 11          r 12          r 13          r 14          r 15          r 16          r 17          r 18          r 19     
--     0.96686       1.01021       0.92085       0.95298       0.98411       0.97024       0.97764       0.94897       1.01284       0.91514       0.98543       0.97589       0.96848       0.95431       1.02900       1.07644       1.03851       1.04894  

---- Expected P_neut(i), 0 < i < n (neutral SFS per site) 
E[P_neut(1)] = 0.009635
E[P_neut(2)] = 0.004658
E[P_neut(3)] = 0.003245
E[P_neut(4)] = 0.002218
E[P_neut(5)] = 0.001836
E[P_neut(6)] = 0.001580
E[P_neut(7)] = 0.001336
E[P_neut(8)] = 0.001177
E[P_neut(9)] = 0.001016
E[P_neut(10)] = 0.000976
E[P_neut(11)] = 0.000802
E[P_neut(12)] = 0.000791
E[P_neut(13)] = 0.000723
E[P_neut(14)] = 0.000667
E[P_neut(15)] = 0.000613
E[P_neut(16)] = 0.000620
E[P_neut(17)] = 0.000610
E[P_neut(18)] = 0.000556
E[P_neut(19)] = 0.000532

---- Expected P_sel(i), 0 < i < n (selected SFS per site) 
E[P_sel(1)] = 0.003826
E[P_sel(2)] = 0.001546
E[P_sel(3)] = 0.000991
E[P_sel(4)] = 0.000642
E[P_sel(5)] = 0.000511
E[P_sel(6)] = 0.000427
E[P_sel(7)] = 0.000352
E[P_sel(8)] = 0.000304
E[P_sel(9)] = 0.000257
E[P_sel(10)] = 0.000243
E[P_sel(11)] = 0.000197
E[P_sel(12)] = 0.000192
E[P_sel(13)] = 0.000173
E[P_sel(14)] = 0.000158
E[P_sel(15)] = 0.000144
E[P_sel(16)] = 0.000144
E[P_sel(17)] = 0.000140
E[P_sel(18)] = 0.000127
E[P_sel(19)] = 0.000120

---- Expected neutral and selected misattributed polymorphism per site
E[mis_neut] = 0.000482
E[mis_sel] = 0.000108

---- alpha_div = 0.263138
---- alpha_dfe = 0.000000



