---- Performing inference on Ns5_pa_0.01_boots/Ns5_pa_0.01.19.polyDFE.txt using model B

---- Warning: mutation variability is not used when only one neutral and one selected fragment is available.
---- No mutation variability. Using Poisson likelihood.

---- Using provided initial values


-- Starting local optimization
 it       eps_an        lambda        theta_bar      S_d            b             r  2          r  3          r  4          r  5          r  6          r  7          r  8          r  9          r 10          r 11          r 12          r 13          r 14          r 15          r 16          r 17          r 18          r 19          r 20         ln lk             grad     status
  0      4.50e-06       0.00500       0.00100     -400.00000       0.40000       1.00000       1.00000       1.00000       1.00000       1.00000       1.00000       1.00000       1.00000       1.00000       1.00000       1.00000       1.00000       1.00000       1.00000       1.00000       1.00000       1.00000       1.00000       1.00000  -271623.3489038653   1956.85587   -2
485      4.53e-06       0.00034       0.00971    -8657.42266       0.12926       0.94967       0.95468       0.90928       0.92300       0.95256       0.92413       0.89257       0.90765       0.92875       0.90951       0.94419       0.89076       0.94448       0.92618       0.92845       0.94107       0.97080       0.92599      11.40380  -391.7008728612      0.00936   -6
-- Local optimization: reached maximum running time allowed


---- Best joint likelihood found -391.70087 with gradient 0.00936
-- Model: B
--     eps_an        eps_cont      lambda        theta_bar     a        
--    4.53e-06      0.00e+00       0.00034       0.00971       -1.00000  
--      S_d            b             p_b           S_b      
--  -8657.42266       0.12926      0.00e+00      0.00e+00  
--     r  2          r  3          r  4          r  5          r  6          r  7          r  8          r  9          r 10          r 11          r 12          r 13          r 14          r 15          r 16          r 17          r 18          r 19          r 20     
--     0.94967       0.95468       0.90928       0.92300       0.95256       0.92413       0.89257       0.90765       0.92875       0.90951       0.94419       0.89076       0.94448       0.92618       0.92845       0.94107       0.97080       0.92599      11.40380  

---- Expected P_neut(i), 0 < i < n (neutral SFS per site) 
E[P_neut(1)] = 0.009715
E[P_neut(2)] = 0.004613
E[P_neut(3)] = 0.003091
E[P_neut(4)] = 0.002208
E[P_neut(5)] = 0.001793
E[P_neut(6)] = 0.001542
E[P_neut(7)] = 0.001283
E[P_neut(8)] = 0.001084
E[P_neut(9)] = 0.000980
E[P_neut(10)] = 0.000902
E[P_neut(11)] = 0.000803
E[P_neut(12)] = 0.000764
E[P_neut(13)] = 0.000666
E[P_neut(14)] = 0.000655
E[P_neut(15)] = 0.000600
E[P_neut(16)] = 0.000564
E[P_neut(17)] = 0.000538
E[P_neut(18)] = 0.000524
E[P_neut(19)] = 0.000473

---- Expected P_sel(i), 0 < i < n (selected SFS per site) 
E[P_sel(1)] = 0.003769
E[P_sel(2)] = 0.001573
E[P_sel(3)] = 0.000993
E[P_sel(4)] = 0.000683
E[P_sel(5)] = 0.000539
E[P_sel(6)] = 0.000453
E[P_sel(7)] = 0.000370
E[P_sel(8)] = 0.000308
E[P_sel(9)] = 0.000275
E[P_sel(10)] = 0.000250
E[P_sel(11)] = 0.000220
E[P_sel(12)] = 0.000208
E[P_sel(13)] = 0.000179
E[P_sel(14)] = 0.000175
E[P_sel(15)] = 0.000159
E[P_sel(16)] = 0.000148
E[P_sel(17)] = 0.000141
E[P_sel(18)] = 0.000136
E[P_sel(19)] = 0.000122

---- Expected D_neut and D_sel (neutral and selected divergence per site) 
E[D_neut] = 0.005881
E[D_sel] = 0.001512

---- Expected neutral and selected misattributed polymorphism per site
E[mis_neut] = 0.005539
E[mis_sel] = 0.001424

---- alpha_div = 1.120146
---- alpha_dfe = 0.000000



