---- Performing inference on Ns5_pa_0.01_boots/Ns5_pa_0.01.24.polyDFE.txt using model B

---- Warning: mutation variability is not used when only one neutral and one selected fragment is available.
---- No mutation variability. Using Poisson likelihood.

---- Using provided initial values


-- Starting local optimization
 it       eps_an        eps_cont      lambda        theta_bar      S_d            b             p_b           S_b           r  2          r  3          r  4          r  5          r  6          r  7          r  8          r  9          r 10          r 11          r 12          r 13          r 14          r 15          r 16          r 17          r 18          r 19          r 20         ln lk             grad     status
  0      4.50e-06      9.00e-07       0.00500       0.00100     -400.00000       0.40000       0.02000       4.00000       1.00000       1.00000       1.00000       1.00000       1.00000       1.00000       1.00000       1.00000       1.00000       1.00000       1.00000       1.00000       1.00000       1.00000       1.00000       1.00000       1.00000       1.00000       1.00000  -255139.4638102524   1764.17428   -2
350      4.50e-06      9.00e-07       0.00497       0.00955     -741.67775       0.20784       0.00602      16.82575       0.98413       1.00332       0.97376       0.94450       1.00111       0.98044       0.97783       0.98793       1.02015       0.93825       1.01367       0.97165       1.02008       0.96289       1.01257       1.02920       0.97061       0.97085       0.92692  -209.7024407603      0.00553   -3
-- Local optimization: stuck in the same solution


---- Best joint likelihood found -209.70244 with gradient 0.00553
-- Model: B
--     eps_an        eps_cont      lambda        theta_bar     a        
--    4.50e-06      9.00e-07       0.00497       0.00955       -1.00000  
--      S_d            b             p_b           S_b      
--   -741.67775       0.20784       0.00602      16.82575  
--     r  2          r  3          r  4          r  5          r  6          r  7          r  8          r  9          r 10          r 11          r 12          r 13          r 14          r 15          r 16          r 17          r 18          r 19          r 20     
--     0.98413       1.00332       0.97376       0.94450       1.00111       0.98044       0.97783       0.98793       1.02015       0.93825       1.01367       0.97165       1.02008       0.96289       1.01257       1.02920       0.97061       0.97085       0.92692  

---- Expected P_neut(i), 0 < i < n (neutral SFS per site) 
E[P_neut(1)] = 0.009550
E[P_neut(2)] = 0.004699
E[P_neut(3)] = 0.003194
E[P_neut(4)] = 0.002325
E[P_neut(5)] = 0.001804
E[P_neut(6)] = 0.001593
E[P_neut(7)] = 0.001338
E[P_neut(8)] = 0.001167
E[P_neut(9)] = 0.001048
E[P_neut(10)] = 0.000974
E[P_neut(11)] = 0.000815
E[P_neut(12)] = 0.000807
E[P_neut(13)] = 0.000714
E[P_neut(14)] = 0.000696
E[P_neut(15)] = 0.000613
E[P_neut(16)] = 0.000604
E[P_neut(17)] = 0.000578
E[P_neut(18)] = 0.000515
E[P_neut(19)] = 0.000488

---- Expected P_sel(i), 0 < i < n (selected SFS per site) 
E[P_sel(1)] = 0.003879
E[P_sel(2)] = 0.001557
E[P_sel(3)] = 0.000962
E[P_sel(4)] = 0.000660
E[P_sel(5)] = 0.000491
E[P_sel(6)] = 0.000420
E[P_sel(7)] = 0.000343
E[P_sel(8)] = 0.000294
E[P_sel(9)] = 0.000259
E[P_sel(10)] = 0.000238
E[P_sel(11)] = 0.000197
E[P_sel(12)] = 0.000193
E[P_sel(13)] = 0.000170
E[P_sel(14)] = 0.000166
E[P_sel(15)] = 0.000147
E[P_sel(16)] = 0.000146
E[P_sel(17)] = 0.000142
E[P_sel(18)] = 0.000130
E[P_sel(19)] = 0.000128

---- Expected D_neut and D_sel (neutral and selected divergence per site) 
E[D_neut] = 0.005411
E[D_sel] = 0.001640

---- Expected neutral and selected misattributed polymorphism per site
E[mis_neut] = 0.000443
E[mis_sel] = 0.000124

---- alpha_div = 0.332193
---- alpha_dfe = 0.331817



