---- Performing inference on Ns5_pa_0.01_boots/Ns5_pa_0.01.85.polyDFE.txt using model B

---- Warning: mutation variability is not used when only one neutral and one selected fragment is available.
---- No mutation variability. Using Poisson likelihood.

---- Using provided initial values


-- Starting local optimization
 it       eps_an        eps_cont      lambda        theta_bar      S_d            b             p_b           S_b           r  2          r  3          r  4          r  5          r  6          r  7          r  8          r  9          r 10          r 11          r 12          r 13          r 14          r 15          r 16          r 17          r 18          r 19          r 20         ln lk             grad     status
  0      4.50e-06      9.00e-07       0.00500       0.00100     -400.00000       0.40000       0.02000       4.00000       1.00000       1.00000       1.00000       1.00000       1.00000       1.00000       1.00000       1.00000       1.00000       1.00000       1.00000       1.00000       1.00000       1.00000       1.00000       1.00000       1.00000       1.00000       1.00000  -255097.6113911368   1765.63769   -2
222      4.50e-06      9.00e-07       0.00505       0.00942     -532.01369       0.23659       0.02157       5.42403       1.00799       1.02537       0.98573       0.99103       1.03222       0.99420       0.98432       1.01432       1.02594       0.96546       1.01837       0.99745       0.98094       0.92961       0.99535       0.97098       0.97494       0.93519       1.02573  -213.7152370696      0.00438   -3
-- Local optimization: stuck in the same solution


---- Best joint likelihood found -213.71524 with gradient 0.00438
-- Model: B
--     eps_an        eps_cont      lambda        theta_bar     a        
--    4.50e-06      9.00e-07       0.00505       0.00942       -1.00000  
--      S_d            b             p_b           S_b      
--   -532.01369       0.23659       0.02157       5.42403  
--     r  2          r  3          r  4          r  5          r  6          r  7          r  8          r  9          r 10          r 11          r 12          r 13          r 14          r 15          r 16          r 17          r 18          r 19          r 20     
--     1.00799       1.02537       0.98573       0.99103       1.03222       0.99420       0.98432       1.01432       1.02594       0.96546       1.01837       0.99745       0.98094       0.92961       0.99535       0.97098       0.97494       0.93519       1.02573  

---- Expected P_neut(i), 0 < i < n (neutral SFS per site) 
E[P_neut(1)] = 0.009417
E[P_neut(2)] = 0.004746
E[P_neut(3)] = 0.003219
E[P_neut(4)] = 0.002321
E[P_neut(5)] = 0.001867
E[P_neut(6)] = 0.001620
E[P_neut(7)] = 0.001338
E[P_neut(8)] = 0.001159
E[P_neut(9)] = 0.001061
E[P_neut(10)] = 0.000966
E[P_neut(11)] = 0.000827
E[P_neut(12)] = 0.000799
E[P_neut(13)] = 0.000723
E[P_neut(14)] = 0.000660
E[P_neut(15)] = 0.000584
E[P_neut(16)] = 0.000586
E[P_neut(17)] = 0.000538
E[P_neut(18)] = 0.000510
E[P_neut(19)] = 0.000464

---- Expected P_sel(i), 0 < i < n (selected SFS per site) 
E[P_sel(1)] = 0.003855
E[P_sel(2)] = 0.001562
E[P_sel(3)] = 0.000960
E[P_sel(4)] = 0.000652
E[P_sel(5)] = 0.000503
E[P_sel(6)] = 0.000424
E[P_sel(7)] = 0.000343
E[P_sel(8)] = 0.000292
E[P_sel(9)] = 0.000265
E[P_sel(10)] = 0.000240
E[P_sel(11)] = 0.000204
E[P_sel(12)] = 0.000198
E[P_sel(13)] = 0.000180
E[P_sel(14)] = 0.000165
E[P_sel(15)] = 0.000148
E[P_sel(16)] = 0.000151
E[P_sel(17)] = 0.000141
E[P_sel(18)] = 0.000137
E[P_sel(19)] = 0.000128

---- Expected D_neut and D_sel (neutral and selected divergence per site) 
E[D_neut] = 0.005533
E[D_sel] = 0.001639

---- Expected neutral and selected misattributed polymorphism per site
E[mis_neut] = 0.000483
E[mis_sel] = 0.000138

---- alpha_div = 0.397450
---- alpha_dfe = 0.395353



