---- Performing inference on Ns5_pa_0.01_boots/Ns5_pa_0.01.28.polyDFE.txt using model B

---- Warning: mutation variability is not used when only one neutral and one selected fragment is available.
---- No mutation variability. Using Poisson likelihood.

---- Using provided initial values


-- Starting local optimization
 it       eps_an        eps_cont      lambda        theta_bar      S_d            b             p_b           S_b           r  2          r  3          r  4          r  5          r  6          r  7          r  8          r  9          r 10          r 11          r 12          r 13          r 14          r 15          r 16          r 17          r 18          r 19          r 20         ln lk             grad     status
  0      4.50e-06      9.00e-07       0.00500       0.00100     -400.00000       0.40000       0.02000       4.00000       1.00000       1.00000       1.00000       1.00000       1.00000       1.00000       1.00000       1.00000       1.00000       1.00000       1.00000       1.00000       1.00000       1.00000       1.00000       1.00000       1.00000       1.00000       1.00000  -254166.5200522610   1759.63167   -2
233      4.50e-06      9.00e-07       0.00500       0.00958     -940.49791       0.20163       0.00990       9.79555       0.97713       1.00241       0.96969       0.97233       1.00711       0.98490       0.97554       0.96462       1.00760       0.91815       0.99833       0.98795       0.99628       0.94811       0.95117       0.99355       0.93290       0.93396       0.96671  -207.5852388383      0.00416   -3
-- Local optimization: stuck in the same solution


---- Best joint likelihood found -207.58524 with gradient 0.00416
-- Model: B
--     eps_an        eps_cont      lambda        theta_bar     a        
--    4.50e-06      9.00e-07       0.00500       0.00958       -1.00000  
--      S_d            b             p_b           S_b      
--   -940.49791       0.20163       0.00990       9.79555  
--     r  2          r  3          r  4          r  5          r  6          r  7          r  8          r  9          r 10          r 11          r 12          r 13          r 14          r 15          r 16          r 17          r 18          r 19          r 20     
--     0.97713       1.00241       0.96969       0.97233       1.00711       0.98490       0.97554       0.96462       1.00760       0.91815       0.99833       0.98795       0.99628       0.94811       0.95117       0.99355       0.93290       0.93396       0.96671  

---- Expected P_neut(i), 0 < i < n (neutral SFS per site) 
E[P_neut(1)] = 0.009582
E[P_neut(2)] = 0.004682
E[P_neut(3)] = 0.003202
E[P_neut(4)] = 0.002323
E[P_neut(5)] = 0.001863
E[P_neut(6)] = 0.001608
E[P_neut(7)] = 0.001348
E[P_neut(8)] = 0.001169
E[P_neut(9)] = 0.001027
E[P_neut(10)] = 0.000966
E[P_neut(11)] = 0.000800
E[P_neut(12)] = 0.000797
E[P_neut(13)] = 0.000728
E[P_neut(14)] = 0.000682
E[P_neut(15)] = 0.000606
E[P_neut(16)] = 0.000570
E[P_neut(17)] = 0.000560
E[P_neut(18)] = 0.000497
E[P_neut(19)] = 0.000471

---- Expected P_sel(i), 0 < i < n (selected SFS per site) 
E[P_sel(1)] = 0.003819
E[P_sel(2)] = 0.001535
E[P_sel(3)] = 0.000960
E[P_sel(4)] = 0.000658
E[P_sel(5)] = 0.000508
E[P_sel(6)] = 0.000426
E[P_sel(7)] = 0.000349
E[P_sel(8)] = 0.000297
E[P_sel(9)] = 0.000258
E[P_sel(10)] = 0.000240
E[P_sel(11)] = 0.000197
E[P_sel(12)] = 0.000196
E[P_sel(13)] = 0.000179
E[P_sel(14)] = 0.000168
E[P_sel(15)] = 0.000150
E[P_sel(16)] = 0.000143
E[P_sel(17)] = 0.000143
E[P_sel(18)] = 0.000130
E[P_sel(19)] = 0.000128

---- Expected D_neut and D_sel (neutral and selected divergence per site) 
E[D_neut] = 0.005460
E[D_sel] = 0.001624

---- Expected neutral and selected misattributed polymorphism per site
E[mis_neut] = 0.000463
E[mis_sel] = 0.000131

---- alpha_div = 0.324601
---- alpha_dfe = 0.324574



