---- Performing inference on Ns5_pa_0.01_boots/Ns5_pa_0.01.29.polyDFE.txt using model B

---- Warning: mutation variability is not used when only one neutral and one selected fragment is available.
---- No mutation variability. Using Poisson likelihood.

---- Using provided initial values


-- Starting local optimization
 it       eps_an        lambda        theta_bar      S_d            b             r  2          r  3          r  4          r  5          r  6          r  7          r  8          r  9          r 10          r 11          r 12          r 13          r 14          r 15          r 16          r 17          r 18          r 19          r 20         ln lk             grad     status
  0      4.50e-06       0.00500       0.00100     -400.00000       0.40000       1.00000       1.00000       1.00000       1.00000       1.00000       1.00000       1.00000       1.00000       1.00000       1.00000       1.00000       1.00000       1.00000       1.00000       1.00000       1.00000       1.00000       1.00000       1.00000  -269424.9787511045   1942.53214   -2
 93      4.50e-06       0.00536       0.00964    -6605.78199       0.13500       0.95696       0.96254       0.93230       0.91424       0.95012       0.91815       0.92177       0.92294       0.96277       0.89449       0.93329       0.93717       0.96522       0.93470       0.94495       0.97401       0.96943       0.94267       1.06493  -380.9163719916      0.01829   -3
-- Local optimization: stuck in the same solution


---- Best joint likelihood found -380.91637 with gradient 0.01829
-- Model: B
--     eps_an        eps_cont      lambda        theta_bar     a        
--    4.50e-06      0.00e+00       0.00536       0.00964       -1.00000  
--      S_d            b             p_b           S_b      
--  -6605.78199       0.13500      0.00e+00      0.00e+00  
--     r  2          r  3          r  4          r  5          r  6          r  7          r  8          r  9          r 10          r 11          r 12          r 13          r 14          r 15          r 16          r 17          r 18          r 19          r 20     
--     0.95696       0.96254       0.93230       0.91424       0.95012       0.91815       0.92177       0.92294       0.96277       0.89449       0.93329       0.93717       0.96522       0.93470       0.94495       0.97401       0.96943       0.94267       1.06493  

---- Expected P_neut(i), 0 < i < n (neutral SFS per site) 
E[P_neut(1)] = 0.009642
E[P_neut(2)] = 0.004614
E[P_neut(3)] = 0.003094
E[P_neut(4)] = 0.002247
E[P_neut(5)] = 0.001763
E[P_neut(6)] = 0.001527
E[P_neut(7)] = 0.001265
E[P_neut(8)] = 0.001111
E[P_neut(9)] = 0.000989
E[P_neut(10)] = 0.000928
E[P_neut(11)] = 0.000784
E[P_neut(12)] = 0.000750
E[P_neut(13)] = 0.000695
E[P_neut(14)] = 0.000665
E[P_neut(15)] = 0.000601
E[P_neut(16)] = 0.000569
E[P_neut(17)] = 0.000552
E[P_neut(18)] = 0.000519
E[P_neut(19)] = 0.000478

---- Expected P_sel(i), 0 < i < n (selected SFS per site) 
E[P_sel(1)] = 0.003744
E[P_sel(2)] = 0.001565
E[P_sel(3)] = 0.000986
E[P_sel(4)] = 0.000688
E[P_sel(5)] = 0.000524
E[P_sel(6)] = 0.000444
E[P_sel(7)] = 0.000361
E[P_sel(8)] = 0.000312
E[P_sel(9)] = 0.000274
E[P_sel(10)] = 0.000254
E[P_sel(11)] = 0.000212
E[P_sel(12)] = 0.000201
E[P_sel(13)] = 0.000184
E[P_sel(14)] = 0.000175
E[P_sel(15)] = 0.000157
E[P_sel(16)] = 0.000147
E[P_sel(17)] = 0.000142
E[P_sel(18)] = 0.000133
E[P_sel(19)] = 0.000122

---- Expected D_neut and D_sel (neutral and selected divergence per site) 
E[D_neut] = 0.005874
E[D_sel] = 0.001476

---- Expected neutral and selected misattributed polymorphism per site
E[mis_neut] = 0.000513
E[mis_sel] = 0.000130

---- alpha_div = 0.170315
---- alpha_dfe = 0.000000



