---- Performing inference on Ns5_pa_0.01_boots/Ns5_pa_0.01.27.polyDFE.txt using model B

---- Warning: mutation variability is not used when only one neutral and one selected fragment is available.
---- No mutation variability. Using Poisson likelihood.

---- Using provided initial values


-- Starting local optimization
 it       eps_an        lambda        theta_bar      S_d            b             r  2          r  3          r  4          r  5          r  6          r  7          r  8          r  9          r 10          r 11          r 12          r 13          r 14          r 15          r 16          r 17          r 18          r 19          r 20         ln lk             grad     status
  0      4.50e-06       0.00500       0.00100     -400.00000       0.40000       1.00000       1.00000       1.00000       1.00000       1.00000       1.00000       1.00000       1.00000       1.00000       1.00000       1.00000       1.00000       1.00000       1.00000       1.00000       1.00000       1.00000       1.00000       1.00000  -272343.2822433056   1956.49020   -2
687      4.50e-06       0.00008       0.00969    -6184.90045       0.13644       0.96440       0.96550       0.93487       0.93038       0.94733       0.93291       0.94416       0.92082       0.96757       0.87180       0.92067       0.90480       0.95994       0.91311       0.97414       0.96949       0.99780       0.93428      12.00419  -395.9368338308      0.00297   -6
-- Local optimization: reached maximum running time allowed


---- Best joint likelihood found -395.93683 with gradient 0.00297
-- Model: B
--     eps_an        eps_cont      lambda        theta_bar     a        
--    4.50e-06      0.00e+00       0.00008       0.00969       -1.00000  
--      S_d            b             p_b           S_b      
--  -6184.90045       0.13644      0.00e+00      0.00e+00  
--     r  2          r  3          r  4          r  5          r  6          r  7          r  8          r  9          r 10          r 11          r 12          r 13          r 14          r 15          r 16          r 17          r 18          r 19          r 20     
--     0.96440       0.96550       0.93487       0.93038       0.94733       0.93291       0.94416       0.92082       0.96757       0.87180       0.92067       0.90480       0.95994       0.91311       0.97414       0.96949       0.99780       0.93428      12.00419  

---- Expected P_neut(i), 0 < i < n (neutral SFS per site) 
E[P_neut(1)] = 0.009693
E[P_neut(2)] = 0.004674
E[P_neut(3)] = 0.003119
E[P_neut(4)] = 0.002265
E[P_neut(5)] = 0.001804
E[P_neut(6)] = 0.001530
E[P_neut(7)] = 0.001292
E[P_neut(8)] = 0.001144
E[P_neut(9)] = 0.000992
E[P_neut(10)] = 0.000938
E[P_neut(11)] = 0.000768
E[P_neut(12)] = 0.000744
E[P_neut(13)] = 0.000675
E[P_neut(14)] = 0.000665
E[P_neut(15)] = 0.000590
E[P_neut(16)] = 0.000590
E[P_neut(17)] = 0.000553
E[P_neut(18)] = 0.000537
E[P_neut(19)] = 0.000477

---- Expected P_sel(i), 0 < i < n (selected SFS per site) 
E[P_sel(1)] = 0.003765
E[P_sel(2)] = 0.001584
E[P_sel(3)] = 0.000992
E[P_sel(4)] = 0.000692
E[P_sel(5)] = 0.000535
E[P_sel(6)] = 0.000443
E[P_sel(7)] = 0.000367
E[P_sel(8)] = 0.000320
E[P_sel(9)] = 0.000273
E[P_sel(10)] = 0.000255
E[P_sel(11)] = 0.000207
E[P_sel(12)] = 0.000198
E[P_sel(13)] = 0.000178
E[P_sel(14)] = 0.000174
E[P_sel(15)] = 0.000153
E[P_sel(16)] = 0.000152
E[P_sel(17)] = 0.000142
E[P_sel(18)] = 0.000137
E[P_sel(19)] = 0.000121

---- Expected D_neut and D_sel (neutral and selected divergence per site) 
E[D_neut] = 0.005896
E[D_sel] = 0.001483

---- Expected neutral and selected misattributed polymorphism per site
E[mis_neut] = 0.005818
E[mis_sel] = 0.001463

---- alpha_div = 1.553644
---- alpha_dfe = 0.000000



