---- Performing inference on Ns5_pa_0.01_boots/Ns5_pa_0.01.80.polyDFE.txt using model B

---- Warning: mutation variability is not used when only one neutral and one selected fragment is available.
---- No mutation variability. Using Poisson likelihood.

---- Using provided initial values


-- Starting local optimization
 it       eps_an        eps_cont      theta_bar      S_d            b             p_b           S_b           r  2          r  3          r  4          r  5          r  6          r  7          r  8          r  9          r 10          r 11          r 12          r 13          r 14          r 15          r 16          r 17          r 18          r 19         ln lk             grad     status
  0      4.50e-06      9.00e-07       0.00100     -400.00000       0.40000       0.02000       4.00000       1.00000       1.00000       1.00000       1.00000       1.00000       1.00000       1.00000       1.00000       1.00000       1.00000       1.00000       1.00000       1.00000       1.00000       1.00000       1.00000       1.00000       1.00000  -252066.6619735737   1725.39376   -2
239      4.51e-06      9.00e-07       0.00951     -603.87029       0.23176       0.02681       2.97586       0.98619       1.00410       0.97186       0.96320       1.01182       0.99359       0.96196       0.98971       1.01912       0.94507       1.00493       0.95852       0.98378       0.95609       0.96373       1.02704       0.98566       0.98808  -196.0533348429      0.00477   -3
-- Local optimization: stuck in the same solution


---- Best joint likelihood found -196.05333 with gradient 0.00477
-- Model: B
--     eps_an        eps_cont      theta_bar     a        
--    4.51e-06      9.00e-07       0.00951       -1.00000  
--      S_d            b             p_b           S_b      
--   -603.87029       0.23176       0.02681       2.97586  
--     r  2          r  3          r  4          r  5          r  6          r  7          r  8          r  9          r 10          r 11          r 12          r 13          r 14          r 15          r 16          r 17          r 18          r 19     
--     0.98619       1.00410       0.97186       0.96320       1.01182       0.99359       0.96196       0.98971       1.01912       0.94507       1.00493       0.95852       0.98378       0.95609       0.96373       1.02704       0.98566       0.98808  

---- Expected P_neut(i), 0 < i < n (neutral SFS per site) 
E[P_neut(1)] = 0.009511
E[P_neut(2)] = 0.004690
E[P_neut(3)] = 0.003183
E[P_neut(4)] = 0.002311
E[P_neut(5)] = 0.001832
E[P_neut(6)] = 0.001604
E[P_neut(7)] = 0.001350
E[P_neut(8)] = 0.001144
E[P_neut(9)] = 0.001046
E[P_neut(10)] = 0.000969
E[P_neut(11)] = 0.000817
E[P_neut(12)] = 0.000797
E[P_neut(13)] = 0.000701
E[P_neut(14)] = 0.000668
E[P_neut(15)] = 0.000606
E[P_neut(16)] = 0.000573
E[P_neut(17)] = 0.000575
E[P_neut(18)] = 0.000521
E[P_neut(19)] = 0.000495

---- Expected P_sel(i), 0 < i < n (selected SFS per site) 
E[P_sel(1)] = 0.003873
E[P_sel(2)] = 0.001547
E[P_sel(3)] = 0.000954
E[P_sel(4)] = 0.000654
E[P_sel(5)] = 0.000499
E[P_sel(6)] = 0.000424
E[P_sel(7)] = 0.000349
E[P_sel(8)] = 0.000291
E[P_sel(9)] = 0.000263
E[P_sel(10)] = 0.000242
E[P_sel(11)] = 0.000203
E[P_sel(12)] = 0.000197
E[P_sel(13)] = 0.000173
E[P_sel(14)] = 0.000165
E[P_sel(15)] = 0.000150
E[P_sel(16)] = 0.000143
E[P_sel(17)] = 0.000144
E[P_sel(18)] = 0.000132
E[P_sel(19)] = 0.000127

---- Expected neutral and selected misattributed polymorphism per site
E[mis_neut] = 0.000476
E[mis_sel] = 0.000123

---- alpha_div = 0.410810
---- alpha_dfe = 0.319810



