---- Performing inference on Ns5_pa_0.01_boots/Ns5_pa_0.01.36.polyDFE.txt using model B

---- Warning: mutation variability is not used when only one neutral and one selected fragment is available.
---- No mutation variability. Using Poisson likelihood.

---- Using provided initial values


-- Starting local optimization
 it       eps_an        lambda        theta_bar      S_d            b             r  2          r  3          r  4          r  5          r  6          r  7          r  8          r  9          r 10          r 11          r 12          r 13          r 14          r 15          r 16          r 17          r 18          r 19          r 20         ln lk             grad     status
  0      4.50e-06       0.00500       0.00100     -400.00000       0.40000       1.00000       1.00000       1.00000       1.00000       1.00000       1.00000       1.00000       1.00000       1.00000       1.00000       1.00000       1.00000       1.00000       1.00000       1.00000       1.00000       1.00000       1.00000       1.00000  -271927.3452761129   1954.29628   -2
624      4.54e-06       0.00022       0.00976    -6012.72269       0.13706       0.95516       0.95903       0.91502       0.92277       0.93259       0.91940       0.88718       0.94250       0.93194       0.88307       0.95539       0.93160       0.93535       0.91576       0.93595       0.95092       0.93306       0.96578      11.72458  -364.5326547361      0.00759   -6
-- Local optimization: reached maximum running time allowed


---- Best joint likelihood found -364.53265 with gradient 0.00759
-- Model: B
--     eps_an        eps_cont      lambda        theta_bar     a        
--    4.54e-06      0.00e+00       0.00022       0.00976       -1.00000  
--      S_d            b             p_b           S_b      
--  -6012.72269       0.13706      0.00e+00      0.00e+00  
--     r  2          r  3          r  4          r  5          r  6          r  7          r  8          r  9          r 10          r 11          r 12          r 13          r 14          r 15          r 16          r 17          r 18          r 19          r 20     
--     0.95516       0.95903       0.91502       0.92277       0.93259       0.91940       0.88718       0.94250       0.93194       0.88307       0.95539       0.93160       0.93535       0.91576       0.93595       0.95092       0.93306       0.96578      11.72458  

---- Expected P_neut(i), 0 < i < n (neutral SFS per site) 
E[P_neut(1)] = 0.009760
E[P_neut(2)] = 0.004661
E[P_neut(3)] = 0.003120
E[P_neut(4)] = 0.002233
E[P_neut(5)] = 0.001801
E[P_neut(6)] = 0.001517
E[P_neut(7)] = 0.001282
E[P_neut(8)] = 0.001082
E[P_neut(9)] = 0.001022
E[P_neut(10)] = 0.000910
E[P_neut(11)] = 0.000784
E[P_neut(12)] = 0.000777
E[P_neut(13)] = 0.000699
E[P_neut(14)] = 0.000652
E[P_neut(15)] = 0.000596
E[P_neut(16)] = 0.000571
E[P_neut(17)] = 0.000546
E[P_neut(18)] = 0.000506
E[P_neut(19)] = 0.000496

---- Expected P_sel(i), 0 < i < n (selected SFS per site) 
E[P_sel(1)] = 0.003792
E[P_sel(2)] = 0.001579
E[P_sel(3)] = 0.000992
E[P_sel(4)] = 0.000681
E[P_sel(5)] = 0.000534
E[P_sel(6)] = 0.000439
E[P_sel(7)] = 0.000364
E[P_sel(8)] = 0.000302
E[P_sel(9)] = 0.000281
E[P_sel(10)] = 0.000247
E[P_sel(11)] = 0.000211
E[P_sel(12)] = 0.000207
E[P_sel(13)] = 0.000184
E[P_sel(14)] = 0.000171
E[P_sel(15)] = 0.000155
E[P_sel(16)] = 0.000147
E[P_sel(17)] = 0.000140
E[P_sel(18)] = 0.000129
E[P_sel(19)] = 0.000125

---- Expected D_neut and D_sel (neutral and selected divergence per site) 
E[D_neut] = 0.005946
E[D_sel] = 0.001492

---- Expected neutral and selected misattributed polymorphism per site
E[mis_neut] = 0.005722
E[mis_sel] = 0.001436

---- alpha_div = 1.256049
---- alpha_dfe = 0.000000



