---- Performing inference on Ns5_pa_0.01_boots/Ns5_pa_0.01.68.polyDFE.txt using model B

---- Warning: mutation variability is not used when only one neutral and one selected fragment is available.
---- No mutation variability. Using Poisson likelihood.

---- Using provided initial values


-- Starting local optimization
 it       eps_an        theta_bar      S_d            b             r  2          r  3          r  4          r  5          r  6          r  7          r  8          r  9          r 10          r 11          r 12          r 13          r 14          r 15          r 16          r 17          r 18          r 19         ln lk             grad     status
  0      4.50e-06       0.00100     -400.00000       0.40000       1.00000       1.00000       1.00000       1.00000       1.00000       1.00000       1.00000       1.00000       1.00000       1.00000       1.00000       1.00000       1.00000       1.00000       1.00000       1.00000       1.00000       1.00000  -262959.4202442580   1827.56784   -2
 87      4.50e-06       0.00962    -1579.55861       0.17338       0.97010       0.98523       0.95030       0.97092       0.98356       0.95835       0.96230       0.93385       0.96928       0.93822       0.99292       0.96974       1.01934       0.94649       0.96053       0.96151       0.98618       0.96714  -215.2351270956      0.00765   -3
-- Local optimization: stuck in the same solution


---- Best joint likelihood found -215.23513 with gradient 0.00765
-- Model: B
--     eps_an        eps_cont      theta_bar     a        
--    4.50e-06      0.00e+00       0.00962       -1.00000  
--      S_d            b             p_b           S_b      
--  -1579.55861       0.17338      0.00e+00      0.00e+00  
--     r  2          r  3          r  4          r  5          r  6          r  7          r  8          r  9          r 10          r 11          r 12          r 13          r 14          r 15          r 16          r 17          r 18          r 19     
--     0.97010       0.98523       0.95030       0.97092       0.98356       0.95835       0.96230       0.93385       0.96928       0.93822       0.99292       0.96974       1.01934       0.94649       0.96053       0.96151       0.98618       0.96714  

---- Expected P_neut(i), 0 < i < n (neutral SFS per site) 
E[P_neut(1)] = 0.009622
E[P_neut(2)] = 0.004667
E[P_neut(3)] = 0.003160
E[P_neut(4)] = 0.002286
E[P_neut(5)] = 0.001868
E[P_neut(6)] = 0.001577
E[P_neut(7)] = 0.001317
E[P_neut(8)] = 0.001157
E[P_neut(9)] = 0.000998
E[P_neut(10)] = 0.000933
E[P_neut(11)] = 0.000821
E[P_neut(12)] = 0.000796
E[P_neut(13)] = 0.000718
E[P_neut(14)] = 0.000701
E[P_neut(15)] = 0.000607
E[P_neut(16)] = 0.000578
E[P_neut(17)] = 0.000544
E[P_neut(18)] = 0.000527
E[P_neut(19)] = 0.000490

---- Expected P_sel(i), 0 < i < n (selected SFS per site) 
E[P_sel(1)] = 0.003828
E[P_sel(2)] = 0.001559
E[P_sel(3)] = 0.000973
E[P_sel(4)] = 0.000669
E[P_sel(5)] = 0.000526
E[P_sel(6)] = 0.000431
E[P_sel(7)] = 0.000351
E[P_sel(8)] = 0.000302
E[P_sel(9)] = 0.000256
E[P_sel(10)] = 0.000236
E[P_sel(11)] = 0.000204
E[P_sel(12)] = 0.000196
E[P_sel(13)] = 0.000174
E[P_sel(14)] = 0.000168
E[P_sel(15)] = 0.000145
E[P_sel(16)] = 0.000136
E[P_sel(17)] = 0.000127
E[P_sel(18)] = 0.000122
E[P_sel(19)] = 0.000113

---- Expected neutral and selected misattributed polymorphism per site
E[mis_neut] = 0.000481
E[mis_sel] = 0.000110

---- alpha_div = 0.238606
---- alpha_dfe = 0.000000



