---- Performing inference on Ns5_pa_0.01_boots/Ns5_pa_0.01.59.polyDFE.txt using model B

---- Warning: mutation variability is not used when only one neutral and one selected fragment is available.
---- No mutation variability. Using Poisson likelihood.

---- Using provided initial values


-- Starting local optimization
 it       eps_an        eps_cont      lambda        theta_bar      S_d            b             p_b           S_b           r  2          r  3          r  4          r  5          r  6          r  7          r  8          r  9          r 10          r 11          r 12          r 13          r 14          r 15          r 16          r 17          r 18          r 19          r 20         ln lk             grad     status
  0      4.50e-06      9.00e-07       0.00500       0.00100     -400.00000       0.40000       0.02000       4.00000       1.00000       1.00000       1.00000       1.00000       1.00000       1.00000       1.00000       1.00000       1.00000       1.00000       1.00000       1.00000       1.00000       1.00000       1.00000       1.00000       1.00000       1.00000       1.00000  -254052.0121762549   1760.00801   -2
299      4.50e-06      9.00e-07       0.00517       0.00951     -877.80065       0.20174       0.00741      12.48897       0.98340       1.01373       0.96911       0.96966       1.00553       0.99559       0.99584       0.97908       1.00430       0.94080       0.98018       0.97636       0.99927       0.95982       0.98265       1.01100       1.02148       0.97418       0.83547  -209.0819440556      0.00283   -3
-- Local optimization: stuck in the same solution


---- Best joint likelihood found -209.08194 with gradient 0.00283
-- Model: B
--     eps_an        eps_cont      lambda        theta_bar     a        
--    4.50e-06      9.00e-07       0.00517       0.00951       -1.00000  
--      S_d            b             p_b           S_b      
--   -877.80065       0.20174       0.00741      12.48897  
--     r  2          r  3          r  4          r  5          r  6          r  7          r  8          r  9          r 10          r 11          r 12          r 13          r 14          r 15          r 16          r 17          r 18          r 19          r 20     
--     0.98340       1.01373       0.96911       0.96966       1.00553       0.99559       0.99584       0.97908       1.00430       0.94080       0.98018       0.97636       0.99927       0.95982       0.98265       1.01100       1.02148       0.97418       0.83547  

---- Expected P_neut(i), 0 < i < n (neutral SFS per site) 
E[P_neut(1)] = 0.009505
E[P_neut(2)] = 0.004674
E[P_neut(3)] = 0.003212
E[P_neut(4)] = 0.002303
E[P_neut(5)] = 0.001843
E[P_neut(6)] = 0.001593
E[P_neut(7)] = 0.001352
E[P_neut(8)] = 0.001183
E[P_neut(9)] = 0.001034
E[P_neut(10)] = 0.000955
E[P_neut(11)] = 0.000813
E[P_neut(12)] = 0.000776
E[P_neut(13)] = 0.000714
E[P_neut(14)] = 0.000678
E[P_neut(15)] = 0.000608
E[P_neut(16)] = 0.000584
E[P_neut(17)] = 0.000565
E[P_neut(18)] = 0.000539
E[P_neut(19)] = 0.000487

---- Expected P_sel(i), 0 < i < n (selected SFS per site) 
E[P_sel(1)] = 0.003822
E[P_sel(2)] = 0.001543
E[P_sel(3)] = 0.000968
E[P_sel(4)] = 0.000656
E[P_sel(5)] = 0.000504
E[P_sel(6)] = 0.000422
E[P_sel(7)] = 0.000350
E[P_sel(8)] = 0.000300
E[P_sel(9)] = 0.000259
E[P_sel(10)] = 0.000236
E[P_sel(11)] = 0.000199
E[P_sel(12)] = 0.000189
E[P_sel(13)] = 0.000173
E[P_sel(14)] = 0.000165
E[P_sel(15)] = 0.000148
E[P_sel(16)] = 0.000144
E[P_sel(17)] = 0.000142
E[P_sel(18)] = 0.000139
E[P_sel(19)] = 0.000130

---- Expected D_neut and D_sel (neutral and selected divergence per site) 
E[D_neut] = 0.005566
E[D_sel] = 0.001649

---- Expected neutral and selected misattributed polymorphism per site
E[mis_neut] = 0.000397
E[mis_sel] = 0.000111

---- alpha_div = 0.311615
---- alpha_dfe = 0.311083



