---- Performing inference on Ns5_pa_0.01_boots/Ns5_pa_0.01.68.polyDFE.txt using model B

---- Warning: mutation variability is not used when only one neutral and one selected fragment is available.
---- No mutation variability. Using Poisson likelihood.

---- Using provided initial values


-- Starting local optimization
 it       eps_an        lambda        theta_bar      S_d            b             r  2          r  3          r  4          r  5          r  6          r  7          r  8          r  9          r 10          r 11          r 12          r 13          r 14          r 15          r 16          r 17          r 18          r 19          r 20         ln lk             grad     status
  0      4.50e-06       0.00500       0.00100     -400.00000       0.40000       1.00000       1.00000       1.00000       1.00000       1.00000       1.00000       1.00000       1.00000       1.00000       1.00000       1.00000       1.00000       1.00000       1.00000       1.00000       1.00000       1.00000       1.00000       1.00000  -271151.0590719690   1950.92582   -2
440      4.54e-06       0.00048       0.00976    -6200.21054       0.13669       0.95085       0.95762       0.91913       0.93582       0.94557       0.91945       0.92170       0.89316       0.92588       0.89525       0.94650       0.92369       0.97012       0.90015       0.91288       0.91334       0.93625       0.91761      11.29743  -348.1751185909      0.00902   -3
-- Local optimization: stuck in the same solution


---- Best joint likelihood found -348.17512 with gradient 0.00902
-- Model: B
--     eps_an        eps_cont      lambda        theta_bar     a        
--    4.54e-06      0.00e+00       0.00048       0.00976       -1.00000  
--      S_d            b             p_b           S_b      
--  -6200.21054       0.13669      0.00e+00      0.00e+00  
--     r  2          r  3          r  4          r  5          r  6          r  7          r  8          r  9          r 10          r 11          r 12          r 13          r 14          r 15          r 16          r 17          r 18          r 19          r 20     
--     0.95085       0.95762       0.91913       0.93582       0.94557       0.91945       0.92170       0.89316       0.92588       0.89525       0.94650       0.92369       0.97012       0.90015       0.91288       0.91334       0.93625       0.91761      11.29743  

---- Expected P_neut(i), 0 < i < n (neutral SFS per site) 
E[P_neut(1)] = 0.009757
E[P_neut(2)] = 0.004639
E[P_neut(3)] = 0.003114
E[P_neut(4)] = 0.002242
E[P_neut(5)] = 0.001826
E[P_neut(6)] = 0.001538
E[P_neut(7)] = 0.001282
E[P_neut(8)] = 0.001124
E[P_neut(9)] = 0.000968
E[P_neut(10)] = 0.000903
E[P_neut(11)] = 0.000794
E[P_neut(12)] = 0.000770
E[P_neut(13)] = 0.000693
E[P_neut(14)] = 0.000676
E[P_neut(15)] = 0.000586
E[P_neut(16)] = 0.000557
E[P_neut(17)] = 0.000524
E[P_neut(18)] = 0.000508
E[P_neut(19)] = 0.000471

---- Expected P_sel(i), 0 < i < n (selected SFS per site) 
E[P_sel(1)] = 0.003783
E[P_sel(2)] = 0.001569
E[P_sel(3)] = 0.000989
E[P_sel(4)] = 0.000683
E[P_sel(5)] = 0.000540
E[P_sel(6)] = 0.000444
E[P_sel(7)] = 0.000363
E[P_sel(8)] = 0.000314
E[P_sel(9)] = 0.000266
E[P_sel(10)] = 0.000245
E[P_sel(11)] = 0.000213
E[P_sel(12)] = 0.000205
E[P_sel(13)] = 0.000183
E[P_sel(14)] = 0.000177
E[P_sel(15)] = 0.000152
E[P_sel(16)] = 0.000143
E[P_sel(17)] = 0.000134
E[P_sel(18)] = 0.000129
E[P_sel(19)] = 0.000119

---- Expected D_neut and D_sel (neutral and selected divergence per site) 
E[D_neut] = 0.005996
E[D_sel] = 0.001503

---- Expected neutral and selected misattributed polymorphism per site
E[mis_neut] = 0.005511
E[mis_sel] = 0.001382

---- alpha_div = 0.911833
---- alpha_dfe = 0.000000



