---- Performing inference on Ns5_pa_0.01_boots/Ns5_pa_0.01.96.polyDFE.txt using model B

---- Warning: mutation variability is not used when only one neutral and one selected fragment is available.
---- No mutation variability. Using Poisson likelihood.

---- Using provided initial values


-- Starting local optimization
 it       eps_an        theta_bar      S_d            b             r  2          r  3          r  4          r  5          r  6          r  7          r  8          r  9          r 10          r 11          r 12          r 13          r 14          r 15          r 16          r 17          r 18          r 19         ln lk             grad     status
  0      4.50e-06       0.00100     -400.00000       0.40000       1.00000       1.00000       1.00000       1.00000       1.00000       1.00000       1.00000       1.00000       1.00000       1.00000       1.00000       1.00000       1.00000       1.00000       1.00000       1.00000       1.00000       1.00000  -263073.5008544708   1828.26606   -2
136      4.50e-06       0.00961    -1791.98199       0.16992       0.97372       0.99290       0.93608       0.95514       0.98364       0.98975       0.95890       0.97480       0.96860       0.95587       0.95135       0.93440       0.99318       0.95758       1.01089       1.00728       1.02024       0.99708  -214.5738118921      0.00198   -3
-- Local optimization: stuck in the same solution


---- Best joint likelihood found -214.57381 with gradient 0.00198
-- Model: B
--     eps_an        eps_cont      theta_bar     a        
--    4.50e-06      0.00e+00       0.00961       -1.00000  
--      S_d            b             p_b           S_b      
--  -1791.98199       0.16992      0.00e+00      0.00e+00  
--     r  2          r  3          r  4          r  5          r  6          r  7          r  8          r  9          r 10          r 11          r 12          r 13          r 14          r 15          r 16          r 17          r 18          r 19     
--     0.97372       0.99290       0.93608       0.95514       0.98364       0.98975       0.95890       0.97480       0.96860       0.95587       0.95135       0.93440       0.99318       0.95758       1.01089       1.00728       1.02024       0.99708  

---- Expected P_neut(i), 0 < i < n (neutral SFS per site) 
E[P_neut(1)] = 0.009608
E[P_neut(2)] = 0.004678
E[P_neut(3)] = 0.003180
E[P_neut(4)] = 0.002249
E[P_neut(5)] = 0.001835
E[P_neut(6)] = 0.001575
E[P_neut(7)] = 0.001359
E[P_neut(8)] = 0.001152
E[P_neut(9)] = 0.001041
E[P_neut(10)] = 0.000931
E[P_neut(11)] = 0.000835
E[P_neut(12)] = 0.000762
E[P_neut(13)] = 0.000691
E[P_neut(14)] = 0.000682
E[P_neut(15)] = 0.000613
E[P_neut(16)] = 0.000607
E[P_neut(17)] = 0.000569
E[P_neut(18)] = 0.000545
E[P_neut(19)] = 0.000504

---- Expected P_sel(i), 0 < i < n (selected SFS per site) 
E[P_sel(1)] = 0.003798
E[P_sel(2)] = 0.001558
E[P_sel(3)] = 0.000978
E[P_sel(4)] = 0.000657
E[P_sel(5)] = 0.000517
E[P_sel(6)] = 0.000431
E[P_sel(7)] = 0.000363
E[P_sel(8)] = 0.000302
E[P_sel(9)] = 0.000268
E[P_sel(10)] = 0.000236
E[P_sel(11)] = 0.000209
E[P_sel(12)] = 0.000188
E[P_sel(13)] = 0.000168
E[P_sel(14)] = 0.000165
E[P_sel(15)] = 0.000147
E[P_sel(16)] = 0.000144
E[P_sel(17)] = 0.000134
E[P_sel(18)] = 0.000127
E[P_sel(19)] = 0.000117

---- Expected neutral and selected misattributed polymorphism per site
E[mis_neut] = 0.000480
E[mis_sel] = 0.000110

---- alpha_div = 0.241982
---- alpha_dfe = 0.000000



