---- Performing inference on Ns5_pa_0.01_boots/Ns5_pa_0.01.4.polyDFE.txt using model B

---- Warning: mutation variability is not used when only one neutral and one selected fragment is available.
---- No mutation variability. Using Poisson likelihood.

---- Using provided initial values


-- Starting local optimization
 it       eps_an        eps_cont      lambda        theta_bar      S_d            b             p_b           S_b           r  2          r  3          r  4          r  5          r  6          r  7          r  8          r  9          r 10          r 11          r 12          r 13          r 14          r 15          r 16          r 17          r 18          r 19          r 20         ln lk             grad     status
  0      4.50e-06      9.00e-07       0.00500       0.00100     -400.00000       0.40000       0.02000       4.00000       1.00000       1.00000       1.00000       1.00000       1.00000       1.00000       1.00000       1.00000       1.00000       1.00000       1.00000       1.00000       1.00000       1.00000       1.00000       1.00000       1.00000       1.00000       1.00000  -253043.5467576138   1756.65951   -2
324      4.50e-06      9.00e-07       0.00515       0.00942     -861.37182       0.20423       0.01013       9.55358       0.99910       1.02694       0.96326       0.98497       0.99022       1.03402       0.99047       0.97688       0.99008       0.95751       0.95895       1.01620       0.99590       1.00122       0.94650       0.98406       1.02396       0.95808       0.99075  -212.8042044206      0.01643   -3
-- Local optimization: stuck in the same solution


---- Best joint likelihood found -212.80420 with gradient 0.01643
-- Model: B
--     eps_an        eps_cont      lambda        theta_bar     a        
--    4.50e-06      9.00e-07       0.00515       0.00942       -1.00000  
--      S_d            b             p_b           S_b      
--   -861.37182       0.20423       0.01013       9.55358  
--     r  2          r  3          r  4          r  5          r  6          r  7          r  8          r  9          r 10          r 11          r 12          r 13          r 14          r 15          r 16          r 17          r 18          r 19          r 20     
--     0.99910       1.02694       0.96326       0.98497       0.99022       1.03402       0.99047       0.97688       0.99008       0.95751       0.95895       1.01620       0.99590       1.00122       0.94650       0.98406       1.02396       0.95808       0.99075  

---- Expected P_neut(i), 0 < i < n (neutral SFS per site) 
E[P_neut(1)] = 0.009423
E[P_neut(2)] = 0.004707
E[P_neut(3)] = 0.003226
E[P_neut(4)] = 0.002269
E[P_neut(5)] = 0.001856
E[P_neut(6)] = 0.001555
E[P_neut(7)] = 0.001392
E[P_neut(8)] = 0.001167
E[P_neut(9)] = 0.001023
E[P_neut(10)] = 0.000933
E[P_neut(11)] = 0.000820
E[P_neut(12)] = 0.000753
E[P_neut(13)] = 0.000737
E[P_neut(14)] = 0.000670
E[P_neut(15)] = 0.000629
E[P_neut(16)] = 0.000557
E[P_neut(17)] = 0.000545
E[P_neut(18)] = 0.000536
E[P_neut(19)] = 0.000475

---- Expected P_sel(i), 0 < i < n (selected SFS per site) 
E[P_sel(1)] = 0.003787
E[P_sel(2)] = 0.001552
E[P_sel(3)] = 0.000972
E[P_sel(4)] = 0.000646
E[P_sel(5)] = 0.000508
E[P_sel(6)] = 0.000413
E[P_sel(7)] = 0.000361
E[P_sel(8)] = 0.000298
E[P_sel(9)] = 0.000257
E[P_sel(10)] = 0.000232
E[P_sel(11)] = 0.000203
E[P_sel(12)] = 0.000185
E[P_sel(13)] = 0.000181
E[P_sel(14)] = 0.000166
E[P_sel(15)] = 0.000156
E[P_sel(16)] = 0.000140
E[P_sel(17)] = 0.000140
E[P_sel(18)] = 0.000141
E[P_sel(19)] = 0.000129

---- Expected D_neut and D_sel (neutral and selected divergence per site) 
E[D_neut] = 0.005621
E[D_sel] = 0.001671

---- Expected neutral and selected misattributed polymorphism per site
E[mis_neut] = 0.000467
E[mis_sel] = 0.000132

---- alpha_div = 0.326865
---- alpha_dfe = 0.324237



