---- Performing inference on Ns5_pa_0.01_boots/Ns5_pa_0.01.35.polyDFE.txt using model B

---- Warning: mutation variability is not used when only one neutral and one selected fragment is available.
---- No mutation variability. Using Poisson likelihood.

---- Using provided initial values


-- Starting local optimization
 it       eps_an        eps_cont      lambda        theta_bar      S_d            b             p_b           S_b           r  2          r  3          r  4          r  5          r  6          r  7          r  8          r  9          r 10          r 11          r 12          r 13          r 14          r 15          r 16          r 17          r 18          r 19          r 20         ln lk             grad     status
  0      4.50e-06      9.00e-07       0.00500       0.00100     -400.00000       0.40000       0.02000       4.00000       1.00000       1.00000       1.00000       1.00000       1.00000       1.00000       1.00000       1.00000       1.00000       1.00000       1.00000       1.00000       1.00000       1.00000       1.00000       1.00000       1.00000       1.00000       1.00000  -254288.3027938736   1762.31903   -2
238      4.50e-06      9.00e-07       0.00501       0.00951     -922.50570       0.20125       0.01091       9.00568       0.97878       1.02222       0.97565       0.98021       0.99827       0.97347       0.95504       0.99350       1.00340       0.94035       0.98557       0.96648       0.99134       0.94461       0.95216       1.00257       0.94278       0.98973       1.01677  -209.0012267694      0.00621   -3
-- Local optimization: stuck in the same solution


---- Best joint likelihood found -209.00123 with gradient 0.00621
-- Model: B
--     eps_an        eps_cont      lambda        theta_bar     a        
--    4.50e-06      9.00e-07       0.00501       0.00951       -1.00000  
--      S_d            b             p_b           S_b      
--   -922.50570       0.20125       0.01091       9.00568  
--     r  2          r  3          r  4          r  5          r  6          r  7          r  8          r  9          r 10          r 11          r 12          r 13          r 14          r 15          r 16          r 17          r 18          r 19          r 20     
--     0.97878       1.02222       0.97565       0.98021       0.99827       0.97347       0.95504       0.99350       1.00340       0.94035       0.98557       0.96648       0.99134       0.94461       0.95216       1.00257       0.94278       0.98973       1.01677  

---- Expected P_neut(i), 0 < i < n (neutral SFS per site) 
E[P_neut(1)] = 0.009508
E[P_neut(2)] = 0.004653
E[P_neut(3)] = 0.003240
E[P_neut(4)] = 0.002319
E[P_neut(5)] = 0.001864
E[P_neut(6)] = 0.001582
E[P_neut(7)] = 0.001322
E[P_neut(8)] = 0.001135
E[P_neut(9)] = 0.001050
E[P_neut(10)] = 0.000954
E[P_neut(11)] = 0.000813
E[P_neut(12)] = 0.000781
E[P_neut(13)] = 0.000707
E[P_neut(14)] = 0.000673
E[P_neut(15)] = 0.000599
E[P_neut(16)] = 0.000566
E[P_neut(17)] = 0.000561
E[P_neut(18)] = 0.000498
E[P_neut(19)] = 0.000495

---- Expected P_sel(i), 0 < i < n (selected SFS per site) 
E[P_sel(1)] = 0.003815
E[P_sel(2)] = 0.001537
E[P_sel(3)] = 0.000979
E[P_sel(4)] = 0.000663
E[P_sel(5)] = 0.000513
E[P_sel(6)] = 0.000423
E[P_sel(7)] = 0.000346
E[P_sel(8)] = 0.000292
E[P_sel(9)] = 0.000266
E[P_sel(10)] = 0.000240
E[P_sel(11)] = 0.000203
E[P_sel(12)] = 0.000194
E[P_sel(13)] = 0.000176
E[P_sel(14)] = 0.000168
E[P_sel(15)] = 0.000151
E[P_sel(16)] = 0.000144
E[P_sel(17)] = 0.000146
E[P_sel(18)] = 0.000133
E[P_sel(19)] = 0.000136

---- Expected D_neut and D_sel (neutral and selected divergence per site) 
E[D_neut] = 0.005490
E[D_sel] = 0.001646

---- Expected neutral and selected misattributed polymorphism per site
E[mis_neut] = 0.000483
E[mis_sel] = 0.000138

---- alpha_div = 0.326310
---- alpha_dfe = 0.326304



