---- Performing inference on Ns5_pa_0.01_boots/Ns5_pa_0.01.47.polyDFE.txt using model B

---- Warning: mutation variability is not used when only one neutral and one selected fragment is available.
---- No mutation variability. Using Poisson likelihood.

---- Using provided initial values


-- Starting local optimization
 it       eps_an        theta_bar      S_d            b             r  2          r  3          r  4          r  5          r  6          r  7          r  8          r  9          r 10          r 11          r 12          r 13          r 14          r 15          r 16          r 17          r 18          r 19         ln lk             grad     status
  0      4.50e-06       0.00100     -400.00000       0.40000       1.00000       1.00000       1.00000       1.00000       1.00000       1.00000       1.00000       1.00000       1.00000       1.00000       1.00000       1.00000       1.00000       1.00000       1.00000       1.00000       1.00000       1.00000  -263357.0210529317   1829.17989   -2
126      4.50e-06       0.00965    -1970.46800       0.16748       0.96444       0.97980       0.95641       0.94186       0.98236       0.94420       0.95459       0.95558       0.98289       0.94116       0.96503       0.94505       0.98253       0.98353       1.01081       1.06411       1.02068       1.01744  -228.2148833280      0.00076   -3
-- Local optimization: stuck in the same solution


---- Best joint likelihood found -228.21488 with gradient 0.00076
-- Model: B
--     eps_an        eps_cont      theta_bar     a        
--    4.50e-06      0.00e+00       0.00965       -1.00000  
--      S_d            b             p_b           S_b      
--  -1970.46800       0.16748      0.00e+00      0.00e+00  
--     r  2          r  3          r  4          r  5          r  6          r  7          r  8          r  9          r 10          r 11          r 12          r 13          r 14          r 15          r 16          r 17          r 18          r 19     
--     0.96444       0.97980       0.95641       0.94186       0.98236       0.94420       0.95459       0.95558       0.98289       0.94116       0.96503       0.94505       0.98253       0.98353       1.01081       1.06411       1.02068       1.01744  

---- Expected P_neut(i), 0 < i < n (neutral SFS per site) 
E[P_neut(1)] = 0.009648
E[P_neut(2)] = 0.004652
E[P_neut(3)] = 0.003151
E[P_neut(4)] = 0.002307
E[P_neut(5)] = 0.001817
E[P_neut(6)] = 0.001580
E[P_neut(7)] = 0.001301
E[P_neut(8)] = 0.001151
E[P_neut(9)] = 0.001024
E[P_neut(10)] = 0.000948
E[P_neut(11)] = 0.000825
E[P_neut(12)] = 0.000776
E[P_neut(13)] = 0.000701
E[P_neut(14)] = 0.000677
E[P_neut(15)] = 0.000633
E[P_neut(16)] = 0.000610
E[P_neut(17)] = 0.000604
E[P_neut(18)] = 0.000547
E[P_neut(19)] = 0.000517

---- Expected P_sel(i), 0 < i < n (selected SFS per site) 
E[P_sel(1)] = 0.003795
E[P_sel(2)] = 0.001546
E[P_sel(3)] = 0.000968
E[P_sel(4)] = 0.000674
E[P_sel(5)] = 0.000512
E[P_sel(6)] = 0.000432
E[P_sel(7)] = 0.000348
E[P_sel(8)] = 0.000302
E[P_sel(9)] = 0.000264
E[P_sel(10)] = 0.000241
E[P_sel(11)] = 0.000207
E[P_sel(12)] = 0.000192
E[P_sel(13)] = 0.000171
E[P_sel(14)] = 0.000164
E[P_sel(15)] = 0.000152
E[P_sel(16)] = 0.000145
E[P_sel(17)] = 0.000142
E[P_sel(18)] = 0.000128
E[P_sel(19)] = 0.000120

---- Expected neutral and selected misattributed polymorphism per site
E[mis_neut] = 0.000482
E[mis_sel] = 0.000111

---- alpha_div = 0.252762
---- alpha_dfe = 0.000000



