---- Performing inference on Ns5_pa_0.01_boots/Ns5_pa_0.01.36.polyDFE.txt using model B

---- Warning: mutation variability is not used when only one neutral and one selected fragment is available.
---- No mutation variability. Using Poisson likelihood.

---- Using provided initial values


-- Starting local optimization
 it       eps_an        theta_bar      S_d            b             r  2          r  3          r  4          r  5          r  6          r  7          r  8          r  9          r 10          r 11          r 12          r 13          r 14          r 15          r 16          r 17          r 18          r 19         ln lk             grad     status
  0      4.50e-06       0.00100     -400.00000       0.40000       1.00000       1.00000       1.00000       1.00000       1.00000       1.00000       1.00000       1.00000       1.00000       1.00000       1.00000       1.00000       1.00000       1.00000       1.00000       1.00000       1.00000       1.00000  -263761.1924089758   1831.19421   -2
121      4.50e-06       0.00961    -1419.92616       0.17676       0.97602       0.98892       0.94861       0.96020       0.97312       0.96148       0.92946       0.98893       0.97915       0.92888       1.00601       0.98185       0.98663       0.96671       0.98870       1.00516       0.98691       1.02206  -210.6334884508      0.00252   -3
-- Local optimization: stuck in the same solution


---- Best joint likelihood found -210.63349 with gradient 0.00252
-- Model: B
--     eps_an        eps_cont      theta_bar     a        
--    4.50e-06      0.00e+00       0.00961       -1.00000  
--      S_d            b             p_b           S_b      
--  -1419.92616       0.17676      0.00e+00      0.00e+00  
--     r  2          r  3          r  4          r  5          r  6          r  7          r  8          r  9          r 10          r 11          r 12          r 13          r 14          r 15          r 16          r 17          r 18          r 19     
--     0.97602       0.98892       0.94861       0.96020       0.97312       0.96148       0.92946       0.98893       0.97915       0.92888       1.00601       0.98185       0.98663       0.96671       0.98870       1.00516       0.98691       1.02206  

---- Expected P_neut(i), 0 < i < n (neutral SFS per site) 
E[P_neut(1)] = 0.009614
E[P_neut(2)] = 0.004692
E[P_neut(3)] = 0.003169
E[P_neut(4)] = 0.002280
E[P_neut(5)] = 0.001846
E[P_neut(6)] = 0.001559
E[P_neut(7)] = 0.001321
E[P_neut(8)] = 0.001117
E[P_neut(9)] = 0.001056
E[P_neut(10)] = 0.000941
E[P_neut(11)] = 0.000812
E[P_neut(12)] = 0.000806
E[P_neut(13)] = 0.000726
E[P_neut(14)] = 0.000678
E[P_neut(15)] = 0.000620
E[P_neut(16)] = 0.000594
E[P_neut(17)] = 0.000568
E[P_neut(18)] = 0.000527
E[P_neut(19)] = 0.000517

---- Expected P_sel(i), 0 < i < n (selected SFS per site) 
E[P_sel(1)] = 0.003841
E[P_sel(2)] = 0.001569
E[P_sel(3)] = 0.000975
E[P_sel(4)] = 0.000666
E[P_sel(5)] = 0.000519
E[P_sel(6)] = 0.000425
E[P_sel(7)] = 0.000351
E[P_sel(8)] = 0.000291
E[P_sel(9)] = 0.000270
E[P_sel(10)] = 0.000237
E[P_sel(11)] = 0.000201
E[P_sel(12)] = 0.000197
E[P_sel(13)] = 0.000176
E[P_sel(14)] = 0.000162
E[P_sel(15)] = 0.000147
E[P_sel(16)] = 0.000139
E[P_sel(17)] = 0.000132
E[P_sel(18)] = 0.000121
E[P_sel(19)] = 0.000118

---- Expected neutral and selected misattributed polymorphism per site
E[mis_neut] = 0.000481
E[mis_sel] = 0.000109

---- alpha_div = 0.255938
---- alpha_dfe = 0.000000



