---- Performing inference on Ns5_pa_0.01_boots/Ns5_pa_0.01.65.polyDFE.txt using model B

---- Warning: mutation variability is not used when only one neutral and one selected fragment is available.
---- No mutation variability. Using Poisson likelihood.

---- Using provided initial values


-- Starting local optimization
 it       eps_an        theta_bar      S_d            b             r  2          r  3          r  4          r  5          r  6          r  7          r  8          r  9          r 10          r 11          r 12          r 13          r 14          r 15          r 16          r 17          r 18          r 19         ln lk             grad     status
  0      4.50e-06       0.00100     -400.00000       0.40000       1.00000       1.00000       1.00000       1.00000       1.00000       1.00000       1.00000       1.00000       1.00000       1.00000       1.00000       1.00000       1.00000       1.00000       1.00000       1.00000       1.00000       1.00000  -264402.1560888450   1833.30240   -2
105      4.50e-06       0.00963    -1575.82646       0.17471       0.97374       1.00920       0.94489       0.95458       0.98573       0.96975       0.94009       0.98792       1.01275       0.94050       0.96685       0.96424       0.99565       0.94792       1.00800       1.04655       1.00035       1.04793  -214.3164593030      0.00535   -3
-- Local optimization: stuck in the same solution


---- Best joint likelihood found -214.31646 with gradient 0.00535
-- Model: B
--     eps_an        eps_cont      theta_bar     a        
--    4.50e-06      0.00e+00       0.00963       -1.00000  
--      S_d            b             p_b           S_b      
--  -1575.82646       0.17471      0.00e+00      0.00e+00  
--     r  2          r  3          r  4          r  5          r  6          r  7          r  8          r  9          r 10          r 11          r 12          r 13          r 14          r 15          r 16          r 17          r 18          r 19     
--     0.97374       1.00920       0.94489       0.95458       0.98573       0.96975       0.94009       0.98792       1.01275       0.94050       0.96685       0.96424       0.99565       0.94792       1.00800       1.04655       1.00035       1.04793  

---- Expected P_neut(i), 0 < i < n (neutral SFS per site) 
E[P_neut(1)] = 0.009630
E[P_neut(2)] = 0.004688
E[P_neut(3)] = 0.003239
E[P_neut(4)] = 0.002275
E[P_neut(5)] = 0.001838
E[P_neut(6)] = 0.001582
E[P_neut(7)] = 0.001334
E[P_neut(8)] = 0.001132
E[P_neut(9)] = 0.001057
E[P_neut(10)] = 0.000975
E[P_neut(11)] = 0.000823
E[P_neut(12)] = 0.000776
E[P_neut(13)] = 0.000714
E[P_neut(14)] = 0.000685
E[P_neut(15)] = 0.000609
E[P_neut(16)] = 0.000607
E[P_neut(17)] = 0.000593
E[P_neut(18)] = 0.000535
E[P_neut(19)] = 0.000531

---- Expected P_sel(i), 0 < i < n (selected SFS per site) 
E[P_sel(1)] = 0.003811
E[P_sel(2)] = 0.001556
E[P_sel(3)] = 0.000991
E[P_sel(4)] = 0.000660
E[P_sel(5)] = 0.000514
E[P_sel(6)] = 0.000429
E[P_sel(7)] = 0.000353
E[P_sel(8)] = 0.000293
E[P_sel(9)] = 0.000269
E[P_sel(10)] = 0.000244
E[P_sel(11)] = 0.000203
E[P_sel(12)] = 0.000189
E[P_sel(13)] = 0.000172
E[P_sel(14)] = 0.000163
E[P_sel(15)] = 0.000144
E[P_sel(16)] = 0.000142
E[P_sel(17)] = 0.000137
E[P_sel(18)] = 0.000123
E[P_sel(19)] = 0.000121

---- Expected neutral and selected misattributed polymorphism per site
E[mis_neut] = 0.000481
E[mis_sel] = 0.000109

---- alpha_div = 0.253634
---- alpha_dfe = 0.000000



