---- Performing inference on Ns5_pa_0.01_boots/Ns5_pa_0.01.71.polyDFE.txt using model B

---- Warning: mutation variability is not used when only one neutral and one selected fragment is available.
---- No mutation variability. Using Poisson likelihood.

---- Using provided initial values


-- Starting local optimization
 it       eps_an        lambda        theta_bar      S_d            b             r  2          r  3          r  4          r  5          r  6          r  7          r  8          r  9          r 10          r 11          r 12          r 13          r 14          r 15          r 16          r 17          r 18          r 19          r 20         ln lk             grad     status
  0      4.50e-06       0.00500       0.00100     -400.00000       0.40000       1.00000       1.00000       1.00000       1.00000       1.00000       1.00000       1.00000       1.00000       1.00000       1.00000       1.00000       1.00000       1.00000       1.00000       1.00000       1.00000       1.00000       1.00000       1.00000  -271781.4786600072   1951.42047   -2
348      4.51e-06       0.00137       0.00984    -9616.28655       0.13020       0.95889       0.95676       0.90867       0.89816       0.94840       0.93425       0.89577       0.90191       0.94588       0.84704       0.91868       0.95431       0.95959       0.89153       0.91608       0.97610       0.96197       0.94454       9.26122  -366.2025824610      0.03535   -3
-- Local optimization: stuck in the same solution


---- Best joint likelihood found -366.20258 with gradient 0.03535
-- Model: B
--     eps_an        eps_cont      lambda        theta_bar     a        
--    4.51e-06      0.00e+00       0.00137       0.00984       -1.00000  
--      S_d            b             p_b           S_b      
--  -9616.28655       0.13020      0.00e+00      0.00e+00  
--     r  2          r  3          r  4          r  5          r  6          r  7          r  8          r  9          r 10          r 11          r 12          r 13          r 14          r 15          r 16          r 17          r 18          r 19          r 20     
--     0.95889       0.95676       0.90867       0.89816       0.94840       0.93425       0.89577       0.90191       0.94588       0.84704       0.91868       0.95431       0.95959       0.89153       0.91608       0.97610       0.96197       0.94454       9.26122  

---- Expected P_neut(i), 0 < i < n (neutral SFS per site) 
E[P_neut(1)] = 0.009836
E[P_neut(2)] = 0.004716
E[P_neut(3)] = 0.003137
E[P_neut(4)] = 0.002234
E[P_neut(5)] = 0.001767
E[P_neut(6)] = 0.001555
E[P_neut(7)] = 0.001313
E[P_neut(8)] = 0.001101
E[P_neut(9)] = 0.000986
E[P_neut(10)] = 0.000930
E[P_neut(11)] = 0.000757
E[P_neut(12)] = 0.000753
E[P_neut(13)] = 0.000722
E[P_neut(14)] = 0.000674
E[P_neut(15)] = 0.000585
E[P_neut(16)] = 0.000563
E[P_neut(17)] = 0.000565
E[P_neut(18)] = 0.000526
E[P_neut(19)] = 0.000489

---- Expected P_sel(i), 0 < i < n (selected SFS per site) 
E[P_sel(1)] = 0.003743
E[P_sel(2)] = 0.001576
E[P_sel(3)] = 0.000987
E[P_sel(4)] = 0.000676
E[P_sel(5)] = 0.000520
E[P_sel(6)] = 0.000447
E[P_sel(7)] = 0.000371
E[P_sel(8)] = 0.000306
E[P_sel(9)] = 0.000271
E[P_sel(10)] = 0.000252
E[P_sel(11)] = 0.000203
E[P_sel(12)] = 0.000200
E[P_sel(13)] = 0.000190
E[P_sel(14)] = 0.000176
E[P_sel(15)] = 0.000152
E[P_sel(16)] = 0.000145
E[P_sel(17)] = 0.000145
E[P_sel(18)] = 0.000134
E[P_sel(19)] = 0.000124

---- Expected D_neut and D_sel (neutral and selected divergence per site) 
E[D_neut] = 0.005929
E[D_sel] = 0.001489

---- Expected neutral and selected misattributed polymorphism per site
E[mis_neut] = 0.004555
E[mis_sel] = 0.001145

---- alpha_div = 0.512536
---- alpha_dfe = 0.000000



