---- Performing inference on Ns5_pa_0.01_boots/Ns5_pa_0.01.9.polyDFE.txt using model B

---- Warning: mutation variability is not used when only one neutral and one selected fragment is available.
---- No mutation variability. Using Poisson likelihood.

---- Using provided initial values


-- Starting local optimization
 it       eps_an        theta_bar      S_d            b             r  2          r  3          r  4          r  5          r  6          r  7          r  8          r  9          r 10          r 11          r 12          r 13          r 14          r 15          r 16          r 17          r 18          r 19         ln lk             grad     status
  0      4.50e-06       0.00100     -400.00000       0.40000       1.00000       1.00000       1.00000       1.00000       1.00000       1.00000       1.00000       1.00000       1.00000       1.00000       1.00000       1.00000       1.00000       1.00000       1.00000       1.00000       1.00000       1.00000  -263000.8288679288   1828.13977   -2
 97      4.50e-06       0.00963    -2132.67008       0.16514       0.99438       0.97837       0.94109       0.95660       0.97927       0.93263       0.93110       0.97431       0.98917       0.87383       0.98711       0.96098       0.99368       0.97559       0.94496       1.04962       1.01099       0.95749  -217.0073314807      0.00277   -3
-- Local optimization: stuck in the same solution


---- Best joint likelihood found -217.00733 with gradient 0.00277
-- Model: B
--     eps_an        eps_cont      theta_bar     a        
--    4.50e-06      0.00e+00       0.00963       -1.00000  
--      S_d            b             p_b           S_b      
--  -2132.67008       0.16514      0.00e+00      0.00e+00  
--     r  2          r  3          r  4          r  5          r  6          r  7          r  8          r  9          r 10          r 11          r 12          r 13          r 14          r 15          r 16          r 17          r 18          r 19     
--     0.99438       0.97837       0.94109       0.95660       0.97927       0.93263       0.93110       0.97431       0.98917       0.87383       0.98711       0.96098       0.99368       0.97559       0.94496       1.04962       1.01099       0.95749  

---- Expected P_neut(i), 0 < i < n (neutral SFS per site) 
E[P_neut(1)] = 0.009632
E[P_neut(2)] = 0.004789
E[P_neut(3)] = 0.003141
E[P_neut(4)] = 0.002266
E[P_neut(5)] = 0.001843
E[P_neut(6)] = 0.001572
E[P_neut(7)] = 0.001283
E[P_neut(8)] = 0.001121
E[P_neut(9)] = 0.001043
E[P_neut(10)] = 0.000953
E[P_neut(11)] = 0.000765
E[P_neut(12)] = 0.000792
E[P_neut(13)] = 0.000712
E[P_neut(14)] = 0.000684
E[P_neut(15)] = 0.000626
E[P_neut(16)] = 0.000569
E[P_neut(17)] = 0.000595
E[P_neut(18)] = 0.000541
E[P_neut(19)] = 0.000485

---- Expected P_sel(i), 0 < i < n (selected SFS per site) 
E[P_sel(1)] = 0.003780
E[P_sel(2)] = 0.001591
E[P_sel(3)] = 0.000966
E[P_sel(4)] = 0.000663
E[P_sel(5)] = 0.000520
E[P_sel(6)] = 0.000432
E[P_sel(7)] = 0.000344
E[P_sel(8)] = 0.000295
E[P_sel(9)] = 0.000270
E[P_sel(10)] = 0.000243
E[P_sel(11)] = 0.000192
E[P_sel(12)] = 0.000197
E[P_sel(13)] = 0.000175
E[P_sel(14)] = 0.000166
E[P_sel(15)] = 0.000151
E[P_sel(16)] = 0.000136
E[P_sel(17)] = 0.000141
E[P_sel(18)] = 0.000127
E[P_sel(19)] = 0.000113

---- Expected neutral and selected misattributed polymorphism per site
E[mis_neut] = 0.000482
E[mis_sel] = 0.000111

---- alpha_div = 0.235902
---- alpha_dfe = 0.000000



