---- Performing inference on Ns5_pa_0.01_boots/Ns5_pa_0.01.11.polyDFE.txt using model B

---- Warning: mutation variability is not used when only one neutral and one selected fragment is available.
---- No mutation variability. Using Poisson likelihood.

---- Using provided initial values


-- Starting local optimization
 it       eps_an        eps_cont      lambda        theta_bar      S_d            b             p_b           S_b           r  2          r  3          r  4          r  5          r  6          r  7          r  8          r  9          r 10          r 11          r 12          r 13          r 14          r 15          r 16          r 17          r 18          r 19          r 20         ln lk             grad     status
  0      4.50e-06      9.00e-07       0.00500       0.00100     -400.00000       0.40000       0.02000       4.00000       1.00000       1.00000       1.00000       1.00000       1.00000       1.00000       1.00000       1.00000       1.00000       1.00000       1.00000       1.00000       1.00000       1.00000       1.00000       1.00000       1.00000       1.00000       1.00000  -254858.6553138374   1763.81785   -2
299      4.50e-06      9.00e-07       0.00513       0.00970    -1247.46840       0.18624       0.00517      16.27153       0.96481       0.98348       0.93849       0.94150       0.97230       0.95963       0.96016       0.96208       0.97238       0.92178       0.97005       0.95659       1.00726       0.93924       0.93791       0.98133       0.93482       0.96492       0.91450  -209.3474334531      0.00273   -3
-- Local optimization: stuck in the same solution


---- Best joint likelihood found -209.34743 with gradient 0.00273
-- Model: B
--     eps_an        eps_cont      lambda        theta_bar     a        
--    4.50e-06      9.00e-07       0.00513       0.00970       -1.00000  
--      S_d            b             p_b           S_b      
--  -1247.46840       0.18624       0.00517      16.27153  
--     r  2          r  3          r  4          r  5          r  6          r  7          r  8          r  9          r 10          r 11          r 12          r 13          r 14          r 15          r 16          r 17          r 18          r 19          r 20     
--     0.96481       0.98348       0.93849       0.94150       0.97230       0.95963       0.96016       0.96208       0.97238       0.92178       0.97005       0.95659       1.00726       0.93924       0.93791       0.98133       0.93482       0.96492       0.91450  

---- Expected P_neut(i), 0 < i < n (neutral SFS per site) 
E[P_neut(1)] = 0.009698
E[P_neut(2)] = 0.004678
E[P_neut(3)] = 0.003179
E[P_neut(4)] = 0.002275
E[P_neut(5)] = 0.001826
E[P_neut(6)] = 0.001572
E[P_neut(7)] = 0.001329
E[P_neut(8)] = 0.001164
E[P_neut(9)] = 0.001037
E[P_neut(10)] = 0.000943
E[P_neut(11)] = 0.000813
E[P_neut(12)] = 0.000784
E[P_neut(13)] = 0.000714
E[P_neut(14)] = 0.000698
E[P_neut(15)] = 0.000607
E[P_neut(16)] = 0.000568
E[P_neut(17)] = 0.000560
E[P_neut(18)] = 0.000504
E[P_neut(19)] = 0.000493

---- Expected P_sel(i), 0 < i < n (selected SFS per site) 
E[P_sel(1)] = 0.003850
E[P_sel(2)] = 0.001545
E[P_sel(3)] = 0.000965
E[P_sel(4)] = 0.000654
E[P_sel(5)] = 0.000506
E[P_sel(6)] = 0.000423
E[P_sel(7)] = 0.000349
E[P_sel(8)] = 0.000300
E[P_sel(9)] = 0.000263
E[P_sel(10)] = 0.000236
E[P_sel(11)] = 0.000202
E[P_sel(12)] = 0.000193
E[P_sel(13)] = 0.000175
E[P_sel(14)] = 0.000171
E[P_sel(15)] = 0.000149
E[P_sel(16)] = 0.000140
E[P_sel(17)] = 0.000140
E[P_sel(18)] = 0.000129
E[P_sel(19)] = 0.000130

---- Expected D_neut and D_sel (neutral and selected divergence per site) 
E[D_neut] = 0.005574
E[D_sel] = 0.001653

---- Expected neutral and selected misattributed polymorphism per site
E[mis_neut] = 0.000443
E[mis_sel] = 0.000123

---- alpha_div = 0.282511
---- alpha_dfe = 0.282282



