---- Performing inference on Ns5_pa_0.01_boots/Ns5_pa_0.01.63.polyDFE.txt using model B

---- Warning: mutation variability is not used when only one neutral and one selected fragment is available.
---- No mutation variability. Using Poisson likelihood.

---- Using provided initial values


-- Starting local optimization
 it       eps_an        theta_bar      S_d            b             r  2          r  3          r  4          r  5          r  6          r  7          r  8          r  9          r 10          r 11          r 12          r 13          r 14          r 15          r 16          r 17          r 18          r 19         ln lk             grad     status
  0      4.50e-06       0.00100     -400.00000       0.40000       1.00000       1.00000       1.00000       1.00000       1.00000       1.00000       1.00000       1.00000       1.00000       1.00000       1.00000       1.00000       1.00000       1.00000       1.00000       1.00000       1.00000       1.00000  -265387.0346880103   1837.81571   -2
111      4.50e-06       0.00959    -1183.33894       0.18361       0.97499       0.99873       0.97597       0.96978       1.00689       0.93696       0.97752       0.97479       1.04117       0.93156       0.98170       0.97636       1.02737       0.98476       1.01758       1.04278       1.04990       1.00674  -220.7634798556      0.00557   -3
-- Local optimization: stuck in the same solution


---- Best joint likelihood found -220.76348 with gradient 0.00557
-- Model: B
--     eps_an        eps_cont      theta_bar     a        
--    4.50e-06      0.00e+00       0.00959       -1.00000  
--      S_d            b             p_b           S_b      
--  -1183.33894       0.18361      0.00e+00      0.00e+00  
--     r  2          r  3          r  4          r  5          r  6          r  7          r  8          r  9          r 10          r 11          r 12          r 13          r 14          r 15          r 16          r 17          r 18          r 19     
--     0.97499       0.99873       0.97597       0.96978       1.00689       0.93696       0.97752       0.97479       1.04117       0.93156       0.98170       0.97636       1.02737       0.98476       1.01758       1.04278       1.04990       1.00674  

---- Expected P_neut(i), 0 < i < n (neutral SFS per site) 
E[P_neut(1)] = 0.009588
E[P_neut(2)] = 0.004674
E[P_neut(3)] = 0.003192
E[P_neut(4)] = 0.002339
E[P_neut(5)] = 0.001860
E[P_neut(6)] = 0.001609
E[P_neut(7)] = 0.001283
E[P_neut(8)] = 0.001172
E[P_neut(9)] = 0.001038
E[P_neut(10)] = 0.000998
E[P_neut(11)] = 0.000812
E[P_neut(12)] = 0.000784
E[P_neut(13)] = 0.000720
E[P_neut(14)] = 0.000704
E[P_neut(15)] = 0.000629
E[P_neut(16)] = 0.000610
E[P_neut(17)] = 0.000588
E[P_neut(18)] = 0.000559
E[P_neut(19)] = 0.000508

---- Expected P_sel(i), 0 < i < n (selected SFS per site) 
E[P_sel(1)] = 0.003849
E[P_sel(2)] = 0.001560
E[P_sel(3)] = 0.000977
E[P_sel(4)] = 0.000678
E[P_sel(5)] = 0.000518
E[P_sel(6)] = 0.000434
E[P_sel(7)] = 0.000337
E[P_sel(8)] = 0.000301
E[P_sel(9)] = 0.000262
E[P_sel(10)] = 0.000248
E[P_sel(11)] = 0.000199
E[P_sel(12)] = 0.000189
E[P_sel(13)] = 0.000172
E[P_sel(14)] = 0.000166
E[P_sel(15)] = 0.000147
E[P_sel(16)] = 0.000141
E[P_sel(17)] = 0.000134
E[P_sel(18)] = 0.000127
E[P_sel(19)] = 0.000114

---- Expected neutral and selected misattributed polymorphism per site
E[mis_neut] = 0.000479
E[mis_sel] = 0.000107

---- alpha_div = 0.276792
---- alpha_dfe = 0.000000



