---- Performing inference on Ns5_pa_0.01_boots/Ns5_pa_0.01.3.polyDFE.txt using model B

---- Warning: mutation variability is not used when only one neutral and one selected fragment is available.
---- No mutation variability. Using Poisson likelihood.

---- Using provided initial values


-- Starting local optimization
 it       eps_an        eps_cont      theta_bar      S_d            b             p_b           S_b           r  2          r  3          r  4          r  5          r  6          r  7          r  8          r  9          r 10          r 11          r 12          r 13          r 14          r 15          r 16          r 17          r 18          r 19         ln lk             grad     status
  0      4.50e-06      9.00e-07       0.00100     -400.00000       0.40000       0.02000       4.00000       1.00000       1.00000       1.00000       1.00000       1.00000       1.00000       1.00000       1.00000       1.00000       1.00000       1.00000       1.00000       1.00000       1.00000       1.00000       1.00000       1.00000       1.00000  -253236.1969857027   1731.34659   -2
104      4.50e-06      9.00e-07       0.00951     -711.18415       0.22108       0.02213       3.61109       0.99909       1.02080       0.98256       0.97511       1.01826       0.99809       0.98424       0.98340       1.01337       0.95280       0.98198       0.96810       0.97835       0.94102       0.96001       1.00900       0.98329       0.98173  -208.0764034371      0.01532   -3
-- Local optimization: stuck in the same solution


---- Best joint likelihood found -208.07640 with gradient 0.01532
-- Model: B
--     eps_an        eps_cont      theta_bar     a        
--    4.50e-06      9.00e-07       0.00951       -1.00000  
--      S_d            b             p_b           S_b      
--   -711.18415       0.22108       0.02213       3.61109  
--     r  2          r  3          r  4          r  5          r  6          r  7          r  8          r  9          r 10          r 11          r 12          r 13          r 14          r 15          r 16          r 17          r 18          r 19     
--     0.99909       1.02080       0.98256       0.97511       1.01826       0.99809       0.98424       0.98340       1.01337       0.95280       0.98198       0.96810       0.97835       0.94102       0.96001       1.00900       0.98329       0.98173  

---- Expected P_neut(i), 0 < i < n (neutral SFS per site) 
E[P_neut(1)] = 0.009508
E[P_neut(2)] = 0.004749
E[P_neut(3)] = 0.003235
E[P_neut(4)] = 0.002335
E[P_neut(5)] = 0.001854
E[P_neut(6)] = 0.001614
E[P_neut(7)] = 0.001356
E[P_neut(8)] = 0.001170
E[P_neut(9)] = 0.001039
E[P_neut(10)] = 0.000963
E[P_neut(11)] = 0.000824
E[P_neut(12)] = 0.000778
E[P_neut(13)] = 0.000708
E[P_neut(14)] = 0.000664
E[P_neut(15)] = 0.000596
E[P_neut(16)] = 0.000570
E[P_neut(17)] = 0.000564
E[P_neut(18)] = 0.000519
E[P_neut(19)] = 0.000491

---- Expected P_sel(i), 0 < i < n (selected SFS per site) 
E[P_sel(1)] = 0.003834
E[P_sel(2)] = 0.001561
E[P_sel(3)] = 0.000969
E[P_sel(4)] = 0.000661
E[P_sel(5)] = 0.000505
E[P_sel(6)] = 0.000427
E[P_sel(7)] = 0.000352
E[P_sel(8)] = 0.000299
E[P_sel(9)] = 0.000262
E[P_sel(10)] = 0.000241
E[P_sel(11)] = 0.000205
E[P_sel(12)] = 0.000193
E[P_sel(13)] = 0.000175
E[P_sel(14)] = 0.000165
E[P_sel(15)] = 0.000149
E[P_sel(16)] = 0.000143
E[P_sel(17)] = 0.000143
E[P_sel(18)] = 0.000133
E[P_sel(19)] = 0.000127

---- Expected neutral and selected misattributed polymorphism per site
E[mis_neut] = 0.000475
E[mis_sel] = 0.000125

---- alpha_div = 0.388480
---- alpha_dfe = 0.306908



