---- Performing inference on Ns5_pa_0.01_boots/Ns5_pa_0.01.53.polyDFE.txt using model B

---- Warning: mutation variability is not used when only one neutral and one selected fragment is available.
---- No mutation variability. Using Poisson likelihood.

---- Using provided initial values


-- Starting local optimization
 it       eps_an        theta_bar      S_d            b             r  2          r  3          r  4          r  5          r  6          r  7          r  8          r  9          r 10          r 11          r 12          r 13          r 14          r 15          r 16          r 17          r 18          r 19         ln lk             grad     status
  0      4.50e-06       0.00100     -400.00000       0.40000       1.00000       1.00000       1.00000       1.00000       1.00000       1.00000       1.00000       1.00000       1.00000       1.00000       1.00000       1.00000       1.00000       1.00000       1.00000       1.00000       1.00000       1.00000  -261142.5844313828   1818.20708   -2
123      4.50e-06       0.00961    -1640.61907       0.17281       0.97235       1.00344       0.93636       0.94063       0.96736       0.96741       0.96138       0.95254       0.97035       0.93331       0.95724       0.96072       0.94853       0.92282       0.99398       0.99872       1.02345       0.96378  -204.7294102571      0.00557   -3
-- Local optimization: stuck in the same solution


---- Best joint likelihood found -204.72941 with gradient 0.00557
-- Model: B
--     eps_an        eps_cont      theta_bar     a        
--    4.50e-06      0.00e+00       0.00961       -1.00000  
--      S_d            b             p_b           S_b      
--  -1640.61907       0.17281      0.00e+00      0.00e+00  
--     r  2          r  3          r  4          r  5          r  6          r  7          r  8          r  9          r 10          r 11          r 12          r 13          r 14          r 15          r 16          r 17          r 18          r 19     
--     0.97235       1.00344       0.93636       0.94063       0.96736       0.96741       0.96138       0.95254       0.97035       0.93331       0.95724       0.96072       0.94853       0.92282       0.99398       0.99872       1.02345       0.96378  

---- Expected P_neut(i), 0 < i < n (neutral SFS per site) 
E[P_neut(1)] = 0.009613
E[P_neut(2)] = 0.004673
E[P_neut(3)] = 0.003215
E[P_neut(4)] = 0.002250
E[P_neut(5)] = 0.001808
E[P_neut(6)] = 0.001550
E[P_neut(7)] = 0.001328
E[P_neut(8)] = 0.001155
E[P_neut(9)] = 0.001017
E[P_neut(10)] = 0.000933
E[P_neut(11)] = 0.000816
E[P_neut(12)] = 0.000767
E[P_neut(13)] = 0.000710
E[P_neut(14)] = 0.000651
E[P_neut(15)] = 0.000591
E[P_neut(16)] = 0.000597
E[P_neut(17)] = 0.000565
E[P_neut(18)] = 0.000547
E[P_neut(19)] = 0.000488

---- Expected P_sel(i), 0 < i < n (selected SFS per site) 
E[P_sel(1)] = 0.003809
E[P_sel(2)] = 0.001556
E[P_sel(3)] = 0.000987
E[P_sel(4)] = 0.000656
E[P_sel(5)] = 0.000508
E[P_sel(6)] = 0.000422
E[P_sel(7)] = 0.000353
E[P_sel(8)] = 0.000301
E[P_sel(9)] = 0.000260
E[P_sel(10)] = 0.000235
E[P_sel(11)] = 0.000203
E[P_sel(12)] = 0.000188
E[P_sel(13)] = 0.000172
E[P_sel(14)] = 0.000156
E[P_sel(15)] = 0.000140
E[P_sel(16)] = 0.000141
E[P_sel(17)] = 0.000132
E[P_sel(18)] = 0.000126
E[P_sel(19)] = 0.000112

---- Expected neutral and selected misattributed polymorphism per site
E[mis_neut] = 0.000481
E[mis_sel] = 0.000110

---- alpha_div = 0.255593
---- alpha_dfe = 0.000000



