---- Performing inference on Ns5_pa_0.01_boots/Ns5_pa_0.01.13.polyDFE.txt using model B

---- Warning: mutation variability is not used when only one neutral and one selected fragment is available.
---- No mutation variability. Using Poisson likelihood.

---- Using provided initial values


-- Starting local optimization
 it       eps_an        eps_cont      theta_bar      S_d            b             p_b           S_b           r  2          r  3          r  4          r  5          r  6          r  7          r  8          r  9          r 10          r 11          r 12          r 13          r 14          r 15          r 16          r 17          r 18          r 19         ln lk             grad     status
  0      4.50e-06      9.00e-07       0.00100     -400.00000       0.40000       0.02000       4.00000       1.00000       1.00000       1.00000       1.00000       1.00000       1.00000       1.00000       1.00000       1.00000       1.00000       1.00000       1.00000       1.00000       1.00000       1.00000       1.00000       1.00000       1.00000  -253107.2464662628   1730.23477   -2
 90      4.50e-06      9.00e-07       0.00954     -695.37177       0.22356       0.02292       3.85377       0.99701       1.02843       0.95631       0.95664       1.00046       1.01289       0.96981       1.00023       1.03279       0.94837       0.97279       0.94981       1.00806       0.95211       0.94829       1.03922       0.94023       0.95706  -216.1213592624      0.02252   -3
-- Local optimization: stuck in the same solution


---- Best joint likelihood found -216.12136 with gradient 0.02252
-- Model: B
--     eps_an        eps_cont      theta_bar     a        
--    4.50e-06      9.00e-07       0.00954       -1.00000  
--      S_d            b             p_b           S_b      
--   -695.37177       0.22356       0.02292       3.85377  
--     r  2          r  3          r  4          r  5          r  6          r  7          r  8          r  9          r 10          r 11          r 12          r 13          r 14          r 15          r 16          r 17          r 18          r 19     
--     0.99701       1.02843       0.95631       0.95664       1.00046       1.01289       0.96981       1.00023       1.03279       0.94837       0.97279       0.94981       1.00806       0.95211       0.94829       1.03922       0.94023       0.95706  

---- Expected P_neut(i), 0 < i < n (neutral SFS per site) 
E[P_neut(1)] = 0.009536
E[P_neut(2)] = 0.004754
E[P_neut(3)] = 0.003269
E[P_neut(4)] = 0.002280
E[P_neut(5)] = 0.001825
E[P_neut(6)] = 0.001590
E[P_neut(7)] = 0.001380
E[P_neut(8)] = 0.001156
E[P_neut(9)] = 0.001060
E[P_neut(10)] = 0.000985
E[P_neut(11)] = 0.000822
E[P_neut(12)] = 0.000773
E[P_neut(13)] = 0.000697
E[P_neut(14)] = 0.000687
E[P_neut(15)] = 0.000605
E[P_neut(16)] = 0.000565
E[P_neut(17)] = 0.000583
E[P_neut(18)] = 0.000498
E[P_neut(19)] = 0.000480

---- Expected P_sel(i), 0 < i < n (selected SFS per site) 
E[P_sel(1)] = 0.003840
E[P_sel(2)] = 0.001557
E[P_sel(3)] = 0.000976
E[P_sel(4)] = 0.000643
E[P_sel(5)] = 0.000495
E[P_sel(6)] = 0.000420
E[P_sel(7)] = 0.000357
E[P_sel(8)] = 0.000294
E[P_sel(9)] = 0.000267
E[P_sel(10)] = 0.000246
E[P_sel(11)] = 0.000204
E[P_sel(12)] = 0.000192
E[P_sel(13)] = 0.000173
E[P_sel(14)] = 0.000171
E[P_sel(15)] = 0.000152
E[P_sel(16)] = 0.000143
E[P_sel(17)] = 0.000149
E[P_sel(18)] = 0.000129
E[P_sel(19)] = 0.000126

---- Expected neutral and selected misattributed polymorphism per site
E[mis_neut] = 0.000477
E[mis_sel] = 0.000128

---- alpha_div = 0.399161
---- alpha_dfe = 0.329920



