---- Performing inference on Ns5_pa_0.01_boots/Ns5_pa_0.01.85.polyDFE.txt using model B

---- Warning: mutation variability is not used when only one neutral and one selected fragment is available.
---- No mutation variability. Using Poisson likelihood.

---- Using provided initial values


-- Starting local optimization
 it       eps_an        lambda        theta_bar      S_d            b             r  2          r  3          r  4          r  5          r  6          r  7          r  8          r  9          r 10          r 11          r 12          r 13          r 14          r 15          r 16          r 17          r 18          r 19          r 20         ln lk             grad     status
  0      4.50e-06       0.00500       0.00100     -400.00000       0.40000       1.00000       1.00000       1.00000       1.00000       1.00000       1.00000       1.00000       1.00000       1.00000       1.00000       1.00000       1.00000       1.00000       1.00000       1.00000       1.00000       1.00000       1.00000       1.00000  -272068.1370619904   1956.31808   -2
711      4.58e-06       0.00012       0.00967    -5688.64640       0.13776       0.96625       0.96710       0.92226       0.92332       0.95976       0.92401       0.91556       0.94523       0.95876       0.90572       0.96001       0.94593       0.93692       0.89542       0.96826       0.95555       0.97239       0.94739      12.07841  -393.2033898174      0.00757   -6
-- Local optimization: reached maximum running time allowed


---- Best joint likelihood found -393.20339 with gradient 0.00757
-- Model: B
--     eps_an        eps_cont      lambda        theta_bar     a        
--    4.58e-06      0.00e+00       0.00012       0.00967       -1.00000  
--      S_d            b             p_b           S_b      
--  -5688.64640       0.13776      0.00e+00      0.00e+00  
--     r  2          r  3          r  4          r  5          r  6          r  7          r  8          r  9          r 10          r 11          r 12          r 13          r 14          r 15          r 16          r 17          r 18          r 19          r 20     
--     0.96625       0.96710       0.92226       0.92332       0.95976       0.92401       0.91556       0.94523       0.95876       0.90572       0.96001       0.94593       0.93692       0.89542       0.96826       0.95555       0.97239       0.94739      12.07841  

---- Expected P_neut(i), 0 < i < n (neutral SFS per site) 
E[P_neut(1)] = 0.009670
E[P_neut(2)] = 0.004672
E[P_neut(3)] = 0.003117
E[P_neut(4)] = 0.002230
E[P_neut(5)] = 0.001786
E[P_neut(6)] = 0.001547
E[P_neut(7)] = 0.001276
E[P_neut(8)] = 0.001107
E[P_neut(9)] = 0.001016
E[P_neut(10)] = 0.000927
E[P_neut(11)] = 0.000796
E[P_neut(12)] = 0.000774
E[P_neut(13)] = 0.000704
E[P_neut(14)] = 0.000647
E[P_neut(15)] = 0.000577
E[P_neut(16)] = 0.000585
E[P_neut(17)] = 0.000544
E[P_neut(18)] = 0.000522
E[P_neut(19)] = 0.000482

---- Expected P_sel(i), 0 < i < n (selected SFS per site) 
E[P_sel(1)] = 0.003771
E[P_sel(2)] = 0.001587
E[P_sel(3)] = 0.000993
E[P_sel(4)] = 0.000682
E[P_sel(5)] = 0.000530
E[P_sel(6)] = 0.000449
E[P_sel(7)] = 0.000363
E[P_sel(8)] = 0.000310
E[P_sel(9)] = 0.000280
E[P_sel(10)] = 0.000253
E[P_sel(11)] = 0.000214
E[P_sel(12)] = 0.000206
E[P_sel(13)] = 0.000186
E[P_sel(14)] = 0.000169
E[P_sel(15)] = 0.000150
E[P_sel(16)] = 0.000151
E[P_sel(17)] = 0.000139
E[P_sel(18)] = 0.000133
E[P_sel(19)] = 0.000122

---- Expected D_neut and D_sel (neutral and selected divergence per site) 
E[D_neut] = 0.005957
E[D_sel] = 0.001497

---- Expected neutral and selected misattributed polymorphism per site
E[mis_neut] = 0.005840
E[mis_sel] = 0.001468

---- alpha_div = 1.454689
---- alpha_dfe = 0.000000



