---- Performing inference on Ns5_pa_0.01_boots/Ns5_pa_0.01.79.polyDFE.txt using model B

---- Warning: mutation variability is not used when only one neutral and one selected fragment is available.
---- No mutation variability. Using Poisson likelihood.

---- Using provided initial values


-- Starting local optimization
 it       eps_an        theta_bar      S_d            b             r  2          r  3          r  4          r  5          r  6          r  7          r  8          r  9          r 10          r 11          r 12          r 13          r 14          r 15          r 16          r 17          r 18          r 19         ln lk             grad     status
  0      4.50e-06       0.00100     -400.00000       0.40000       1.00000       1.00000       1.00000       1.00000       1.00000       1.00000       1.00000       1.00000       1.00000       1.00000       1.00000       1.00000       1.00000       1.00000       1.00000       1.00000       1.00000       1.00000  -261396.4214861622   1818.81935   -2
138      4.50e-06       0.00958    -1478.45681       0.17647       0.97304       0.98080       0.95875       0.95811       0.96386       0.96171       0.96147       0.96784       1.00697       0.92276       0.98383       0.98475       1.00770       0.94802       0.96957       1.05196       1.04502       1.04522  -203.5270202636      0.00089   -3
-- Local optimization: stuck in the same solution


---- Best joint likelihood found -203.52702 with gradient 0.00089
-- Model: B
--     eps_an        eps_cont      theta_bar     a        
--    4.50e-06      0.00e+00       0.00958       -1.00000  
--      S_d            b             p_b           S_b      
--  -1478.45681       0.17647      0.00e+00      0.00e+00  
--     r  2          r  3          r  4          r  5          r  6          r  7          r  8          r  9          r 10          r 11          r 12          r 13          r 14          r 15          r 16          r 17          r 18          r 19     
--     0.97304       0.98080       0.95875       0.95811       0.96386       0.96171       0.96147       0.96784       1.00697       0.92276       0.98383       0.98475       1.00770       0.94802       0.96957       1.05196       1.04502       1.04522  

---- Expected P_neut(i), 0 < i < n (neutral SFS per site) 
E[P_neut(1)] = 0.009576
E[P_neut(2)] = 0.004659
E[P_neut(3)] = 0.003131
E[P_neut(4)] = 0.002295
E[P_neut(5)] = 0.001835
E[P_neut(6)] = 0.001538
E[P_neut(7)] = 0.001316
E[P_neut(8)] = 0.001151
E[P_neut(9)] = 0.001030
E[P_neut(10)] = 0.000964
E[P_neut(11)] = 0.000803
E[P_neut(12)] = 0.000785
E[P_neut(13)] = 0.000725
E[P_neut(14)] = 0.000689
E[P_neut(15)] = 0.000605
E[P_neut(16)] = 0.000580
E[P_neut(17)] = 0.000593
E[P_neut(18)] = 0.000556
E[P_neut(19)] = 0.000527

---- Expected P_sel(i), 0 < i < n (selected SFS per site) 
E[P_sel(1)] = 0.003804
E[P_sel(2)] = 0.001549
E[P_sel(3)] = 0.000958
E[P_sel(4)] = 0.000666
E[P_sel(5)] = 0.000513
E[P_sel(6)] = 0.000417
E[P_sel(7)] = 0.000348
E[P_sel(8)] = 0.000298
E[P_sel(9)] = 0.000262
E[P_sel(10)] = 0.000241
E[P_sel(11)] = 0.000198
E[P_sel(12)] = 0.000191
E[P_sel(13)] = 0.000174
E[P_sel(14)] = 0.000164
E[P_sel(15)] = 0.000143
E[P_sel(16)] = 0.000135
E[P_sel(17)] = 0.000137
E[P_sel(18)] = 0.000127
E[P_sel(19)] = 0.000120

---- Expected neutral and selected misattributed polymorphism per site
E[mis_neut] = 0.000479
E[mis_sel] = 0.000108

---- alpha_div = 0.264713
---- alpha_dfe = 0.000000



