---- Performing inference on Ns5_pa_0.01_boots/Ns5_pa_0.01.64.polyDFE.txt using model B

---- Warning: mutation variability is not used when only one neutral and one selected fragment is available.
---- No mutation variability. Using Poisson likelihood.

---- Using provided initial values


-- Starting local optimization
 it       eps_an        eps_cont      theta_bar      S_d            b             p_b           S_b           r  2          r  3          r  4          r  5          r  6          r  7          r  8          r  9          r 10          r 11          r 12          r 13          r 14          r 15          r 16          r 17          r 18          r 19         ln lk             grad     status
  0      4.50e-06      9.00e-07       0.00100     -400.00000       0.40000       0.02000       4.00000       1.00000       1.00000       1.00000       1.00000       1.00000       1.00000       1.00000       1.00000       1.00000       1.00000       1.00000       1.00000       1.00000       1.00000       1.00000       1.00000       1.00000       1.00000  -253802.7841684055   1733.01374   -2
193      4.50e-06      9.00e-07       0.00958     -775.10965       0.21854       0.02237       3.58502       0.99445       1.00387       0.98497       0.95813       1.02693       0.96337       0.97870       0.99257       1.02007       0.93032       0.99770       0.95760       0.99254       0.96581       0.98468       1.02706       0.98749       0.96759  -202.3406745095      0.00308   -3
-- Local optimization: stuck in the same solution


---- Best joint likelihood found -202.34067 with gradient 0.00308
-- Model: B
--     eps_an        eps_cont      theta_bar     a        
--    4.50e-06      9.00e-07       0.00958       -1.00000  
--      S_d            b             p_b           S_b      
--   -775.10965       0.21854       0.02237       3.58502  
--     r  2          r  3          r  4          r  5          r  6          r  7          r  8          r  9          r 10          r 11          r 12          r 13          r 14          r 15          r 16          r 17          r 18          r 19     
--     0.99445       1.00387       0.98497       0.95813       1.02693       0.96337       0.97870       0.99257       1.02007       0.93032       0.99770       0.95760       0.99254       0.96581       0.98468       1.02706       0.98749       0.96759  

---- Expected P_neut(i), 0 < i < n (neutral SFS per site) 
E[P_neut(1)] = 0.009577
E[P_neut(2)] = 0.004762
E[P_neut(3)] = 0.003205
E[P_neut(4)] = 0.002358
E[P_neut(5)] = 0.001835
E[P_neut(6)] = 0.001639
E[P_neut(7)] = 0.001318
E[P_neut(8)] = 0.001172
E[P_neut(9)] = 0.001056
E[P_neut(10)] = 0.000977
E[P_neut(11)] = 0.000810
E[P_neut(12)] = 0.000796
E[P_neut(13)] = 0.000705
E[P_neut(14)] = 0.000679
E[P_neut(15)] = 0.000617
E[P_neut(16)] = 0.000589
E[P_neut(17)] = 0.000579
E[P_neut(18)] = 0.000525
E[P_neut(19)] = 0.000488

---- Expected P_sel(i), 0 < i < n (selected SFS per site) 
E[P_sel(1)] = 0.003828
E[P_sel(2)] = 0.001554
E[P_sel(3)] = 0.000955
E[P_sel(4)] = 0.000665
E[P_sel(5)] = 0.000498
E[P_sel(6)] = 0.000433
E[P_sel(7)] = 0.000341
E[P_sel(8)] = 0.000298
E[P_sel(9)] = 0.000266
E[P_sel(10)] = 0.000244
E[P_sel(11)] = 0.000201
E[P_sel(12)] = 0.000197
E[P_sel(13)] = 0.000175
E[P_sel(14)] = 0.000168
E[P_sel(15)] = 0.000154
E[P_sel(16)] = 0.000148
E[P_sel(17)] = 0.000146
E[P_sel(18)] = 0.000134
E[P_sel(19)] = 0.000126

---- Expected neutral and selected misattributed polymorphism per site
E[mis_neut] = 0.000479
E[mis_sel] = 0.000126

---- alpha_div = 0.373468
---- alpha_dfe = 0.308309



