---- Performing inference on Ns5_pa_0.01_boots/Ns5_pa_0.01.74.polyDFE.txt using model B

---- Warning: mutation variability is not used when only one neutral and one selected fragment is available.
---- No mutation variability. Using Poisson likelihood.

---- Using provided initial values


-- Starting local optimization
 it       eps_an        theta_bar      S_d            b             r  2          r  3          r  4          r  5          r  6          r  7          r  8          r  9          r 10          r 11          r 12          r 13          r 14          r 15          r 16          r 17          r 18          r 19         ln lk             grad     status
  0      4.50e-06       0.00100     -400.00000       0.40000       1.00000       1.00000       1.00000       1.00000       1.00000       1.00000       1.00000       1.00000       1.00000       1.00000       1.00000       1.00000       1.00000       1.00000       1.00000       1.00000       1.00000       1.00000  -266228.0555557967   1843.07308   -2
132      4.50e-06       0.00969    -1636.59127       0.17247       0.96652       0.97668       0.94523       0.93458       0.99100       0.95335       0.96970       0.97665       1.00076       0.93003       0.98419       0.96504       0.98891       0.97693       1.00237       1.04739       1.01853       1.01582  -209.6243170724      0.00114   -3
-- Local optimization: stuck in the same solution


---- Best joint likelihood found -209.62432 with gradient 0.00114
-- Model: B
--     eps_an        eps_cont      theta_bar     a        
--    4.50e-06      0.00e+00       0.00969       -1.00000  
--      S_d            b             p_b           S_b      
--  -1636.59127       0.17247      0.00e+00      0.00e+00  
--     r  2          r  3          r  4          r  5          r  6          r  7          r  8          r  9          r 10          r 11          r 12          r 13          r 14          r 15          r 16          r 17          r 18          r 19     
--     0.96652       0.97668       0.94523       0.93458       0.99100       0.95335       0.96970       0.97665       1.00076       0.93003       0.98419       0.96504       0.98891       0.97693       1.00237       1.04739       1.01853       1.01582  

---- Expected P_neut(i), 0 < i < n (neutral SFS per site) 
E[P_neut(1)] = 0.009689
E[P_neut(2)] = 0.004682
E[P_neut(3)] = 0.003154
E[P_neut(4)] = 0.002290
E[P_neut(5)] = 0.001811
E[P_neut(6)] = 0.001600
E[P_neut(7)] = 0.001320
E[P_neut(8)] = 0.001174
E[P_neut(9)] = 0.001051
E[P_neut(10)] = 0.000970
E[P_neut(11)] = 0.000819
E[P_neut(12)] = 0.000795
E[P_neut(13)] = 0.000719
E[P_neut(14)] = 0.000684
E[P_neut(15)] = 0.000631
E[P_neut(16)] = 0.000607
E[P_neut(17)] = 0.000597
E[P_neut(18)] = 0.000548
E[P_neut(19)] = 0.000518

---- Expected P_sel(i), 0 < i < n (selected SFS per site) 
E[P_sel(1)] = 0.003847
E[P_sel(2)] = 0.001562
E[P_sel(3)] = 0.000971
E[P_sel(4)] = 0.000669
E[P_sel(5)] = 0.000510
E[P_sel(6)] = 0.000437
E[P_sel(7)] = 0.000352
E[P_sel(8)] = 0.000307
E[P_sel(9)] = 0.000270
E[P_sel(10)] = 0.000245
E[P_sel(11)] = 0.000204
E[P_sel(12)] = 0.000196
E[P_sel(13)] = 0.000175
E[P_sel(14)] = 0.000165
E[P_sel(15)] = 0.000150
E[P_sel(16)] = 0.000143
E[P_sel(17)] = 0.000140
E[P_sel(18)] = 0.000127
E[P_sel(19)] = 0.000119

---- Expected neutral and selected misattributed polymorphism per site
E[mis_neut] = 0.000484
E[mis_sel] = 0.000111

---- alpha_div = 0.255999
---- alpha_dfe = 0.000000



