---- Performing inference on Ns5_pa_0.01_boots/Ns5_pa_0.01.48.polyDFE.txt using model B

---- Warning: mutation variability is not used when only one neutral and one selected fragment is available.
---- No mutation variability. Using Poisson likelihood.

---- Using provided initial values


-- Starting local optimization
 it       eps_an        lambda        theta_bar      S_d            b             r  2          r  3          r  4          r  5          r  6          r  7          r  8          r  9          r 10          r 11          r 12          r 13          r 14          r 15          r 16          r 17          r 18          r 19          r 20         ln lk             grad     status
  0      4.50e-06       0.00500       0.00100     -400.00000       0.40000       1.00000       1.00000       1.00000       1.00000       1.00000       1.00000       1.00000       1.00000       1.00000       1.00000       1.00000       1.00000       1.00000       1.00000       1.00000       1.00000       1.00000       1.00000       1.00000  -271400.5581023263   1951.48191   -2
704      4.62e-06       0.00015       0.00973    -6245.99680       0.13659       0.95848       0.96259       0.91511       0.91648       0.94480       0.93283       0.92726       0.93386       0.92273       0.87507       0.93007       0.91376       0.96193       0.92530       0.92439       0.94750       0.99857       0.97498      11.91432  -377.4735295635      0.01420   -6
-- Local optimization: reached maximum running time allowed


---- Best joint likelihood found -377.47353 with gradient 0.01420
-- Model: B
--     eps_an        eps_cont      lambda        theta_bar     a        
--    4.62e-06      0.00e+00       0.00015       0.00973       -1.00000  
--      S_d            b             p_b           S_b      
--  -6245.99680       0.13659      0.00e+00      0.00e+00  
--     r  2          r  3          r  4          r  5          r  6          r  7          r  8          r  9          r 10          r 11          r 12          r 13          r 14          r 15          r 16          r 17          r 18          r 19          r 20     
--     0.95848       0.96259       0.91511       0.91648       0.94480       0.93283       0.92726       0.93386       0.92273       0.87507       0.93007       0.91376       0.96193       0.92530       0.92439       0.94750       0.99857       0.97498      11.91432  

---- Expected P_neut(i), 0 < i < n (neutral SFS per site) 
E[P_neut(1)] = 0.009729
E[P_neut(2)] = 0.004663
E[P_neut(3)] = 0.003122
E[P_neut(4)] = 0.002226
E[P_neut(5)] = 0.001783
E[P_neut(6)] = 0.001532
E[P_neut(7)] = 0.001297
E[P_neut(8)] = 0.001128
E[P_neut(9)] = 0.001010
E[P_neut(10)] = 0.000898
E[P_neut(11)] = 0.000774
E[P_neut(12)] = 0.000754
E[P_neut(13)] = 0.000684
E[P_neut(14)] = 0.000668
E[P_neut(15)] = 0.000600
E[P_neut(16)] = 0.000562
E[P_neut(17)] = 0.000542
E[P_neut(18)] = 0.000540
E[P_neut(19)] = 0.000499

---- Expected P_sel(i), 0 < i < n (selected SFS per site) 
E[P_sel(1)] = 0.003771
E[P_sel(2)] = 0.001576
E[P_sel(3)] = 0.000991
E[P_sel(4)] = 0.000678
E[P_sel(5)] = 0.000527
E[P_sel(6)] = 0.000443
E[P_sel(7)] = 0.000368
E[P_sel(8)] = 0.000315
E[P_sel(9)] = 0.000278
E[P_sel(10)] = 0.000244
E[P_sel(11)] = 0.000208
E[P_sel(12)] = 0.000200
E[P_sel(13)] = 0.000180
E[P_sel(14)] = 0.000175
E[P_sel(15)] = 0.000156
E[P_sel(16)] = 0.000145
E[P_sel(17)] = 0.000139
E[P_sel(18)] = 0.000137
E[P_sel(19)] = 0.000126

---- Expected D_neut and D_sel (neutral and selected divergence per site) 
E[D_neut] = 0.005941
E[D_sel] = 0.001490

---- Expected neutral and selected misattributed polymorphism per site
E[mis_neut] = 0.005796
E[mis_sel] = 0.001454

---- alpha_div = 1.384617
---- alpha_dfe = 0.000000



