---- Performing inference on Ns5_pa_0.01_boots/Ns5_pa_0.01.39.polyDFE.txt using model B

---- Warning: mutation variability is not used when only one neutral and one selected fragment is available.
---- No mutation variability. Using Poisson likelihood.

---- Using provided initial values


-- Starting local optimization
 it       eps_an        eps_cont      theta_bar      S_d            b             p_b           S_b           r  2          r  3          r  4          r  5          r  6          r  7          r  8          r  9          r 10          r 11          r 12          r 13          r 14          r 15          r 16          r 17          r 18          r 19         ln lk             grad     status
  0      4.50e-06      9.00e-07       0.00100     -400.00000       0.40000       0.02000       4.00000       1.00000       1.00000       1.00000       1.00000       1.00000       1.00000       1.00000       1.00000       1.00000       1.00000       1.00000       1.00000       1.00000       1.00000       1.00000       1.00000       1.00000       1.00000  -251051.6929972630   1720.16423   -2
453      4.50e-06      9.00e-07       0.00951     -747.27991       0.21718       0.01878       4.38696       0.98262       1.00814       0.96518       0.96905       0.98715       0.98656       0.97906       0.98381       1.02643       0.94532       1.01046       0.97454       0.99506       0.95667       0.99178       1.00119       0.97841       1.00173  -199.4529390903      0.00138   -3
-- Local optimization: stuck in the same solution


---- Best joint likelihood found -199.45294 with gradient 0.00138
-- Model: B
--     eps_an        eps_cont      theta_bar     a        
--    4.50e-06      9.00e-07       0.00951       -1.00000  
--      S_d            b             p_b           S_b      
--   -747.27991       0.21718       0.01878       4.38696  
--     r  2          r  3          r  4          r  5          r  6          r  7          r  8          r  9          r 10          r 11          r 12          r 13          r 14          r 15          r 16          r 17          r 18          r 19     
--     0.98262       1.00814       0.96518       0.96905       0.98715       0.98656       0.97906       0.98381       1.02643       0.94532       1.01046       0.97454       0.99506       0.95667       0.99178       1.00119       0.97841       1.00173  

---- Expected P_neut(i), 0 < i < n (neutral SFS per site) 
E[P_neut(1)] = 0.009514
E[P_neut(2)] = 0.004674
E[P_neut(3)] = 0.003197
E[P_neut(4)] = 0.002296
E[P_neut(5)] = 0.001844
E[P_neut(6)] = 0.001565
E[P_neut(7)] = 0.001341
E[P_neut(8)] = 0.001164
E[P_neut(9)] = 0.001040
E[P_neut(10)] = 0.000977
E[P_neut(11)] = 0.000818
E[P_neut(12)] = 0.000801
E[P_neut(13)] = 0.000713
E[P_neut(14)] = 0.000676
E[P_neut(15)] = 0.000607
E[P_neut(16)] = 0.000590
E[P_neut(17)] = 0.000560
E[P_neut(18)] = 0.000517
E[P_neut(19)] = 0.000502

---- Expected P_sel(i), 0 < i < n (selected SFS per site) 
E[P_sel(1)] = 0.003824
E[P_sel(2)] = 0.001533
E[P_sel(3)] = 0.000956
E[P_sel(4)] = 0.000649
E[P_sel(5)] = 0.000501
E[P_sel(6)] = 0.000414
E[P_sel(7)] = 0.000347
E[P_sel(8)] = 0.000296
E[P_sel(9)] = 0.000262
E[P_sel(10)] = 0.000244
E[P_sel(11)] = 0.000203
E[P_sel(12)] = 0.000198
E[P_sel(13)] = 0.000176
E[P_sel(14)] = 0.000168
E[P_sel(15)] = 0.000151
E[P_sel(16)] = 0.000148
E[P_sel(17)] = 0.000142
E[P_sel(18)] = 0.000133
E[P_sel(19)] = 0.000131

---- Expected neutral and selected misattributed polymorphism per site
E[mis_neut] = 0.000476
E[mis_sel] = 0.000127

---- alpha_div = 0.361490
---- alpha_dfe = 0.306325



