---- Performing inference on Ns5_pa_0.01_boots/Ns5_pa_0.01.68.polyDFE.txt using model B

---- Warning: mutation variability is not used when only one neutral and one selected fragment is available.
---- No mutation variability. Using Poisson likelihood.

---- Using provided initial values


-- Starting local optimization
 it       eps_an        eps_cont      lambda        theta_bar      S_d            b             p_b           S_b           r  2          r  3          r  4          r  5          r  6          r  7          r  8          r  9          r 10          r 11          r 12          r 13          r 14          r 15          r 16          r 17          r 18          r 19          r 20         ln lk             grad     status
  0      4.50e-06      9.00e-07       0.00500       0.00100     -400.00000       0.40000       0.02000       4.00000       1.00000       1.00000       1.00000       1.00000       1.00000       1.00000       1.00000       1.00000       1.00000       1.00000       1.00000       1.00000       1.00000       1.00000       1.00000       1.00000       1.00000       1.00000       1.00000  -254329.0772425016   1761.67802   -2
157      4.50e-06      9.00e-07       0.00516       0.00957     -993.97121       0.19453       0.00572      14.54771       0.97872       0.99728       0.96343       0.98498       0.99792       0.97220       0.97562       0.94583       0.98048       0.94733       0.99999       0.97394       1.01968       0.94186       0.94921       0.94136       0.95339       0.91896       0.90605  -213.0604670193      0.15690   -3
-- Local optimization: stuck in the same solution


---- Best joint likelihood found -213.06047 with gradient 0.15690
-- Model: B
--     eps_an        eps_cont      lambda        theta_bar     a        
--    4.50e-06      9.00e-07       0.00516       0.00957       -1.00000  
--      S_d            b             p_b           S_b      
--   -993.97121       0.19453       0.00572      14.54771  
--     r  2          r  3          r  4          r  5          r  6          r  7          r  8          r  9          r 10          r 11          r 12          r 13          r 14          r 15          r 16          r 17          r 18          r 19          r 20     
--     0.97872       0.99728       0.96343       0.98498       0.99792       0.97220       0.97562       0.94583       0.98048       0.94733       0.99999       0.97394       1.01968       0.94186       0.94921       0.94136       0.95339       0.91896       0.90605  

---- Expected P_neut(i), 0 < i < n (neutral SFS per site) 
E[P_neut(1)] = 0.009572
E[P_neut(2)] = 0.004684
E[P_neut(3)] = 0.003182
E[P_neut(4)] = 0.002306
E[P_neut(5)] = 0.001886
E[P_neut(6)] = 0.001592
E[P_neut(7)] = 0.001329
E[P_neut(8)] = 0.001167
E[P_neut(9)] = 0.001006
E[P_neut(10)] = 0.000939
E[P_neut(11)] = 0.000824
E[P_neut(12)] = 0.000798
E[P_neut(13)] = 0.000717
E[P_neut(14)] = 0.000697
E[P_neut(15)] = 0.000601
E[P_neut(16)] = 0.000568
E[P_neut(17)] = 0.000530
E[P_neut(18)] = 0.000507
E[P_neut(19)] = 0.000463

---- Expected P_sel(i), 0 < i < n (selected SFS per site) 
E[P_sel(1)] = 0.003845
E[P_sel(2)] = 0.001554
E[P_sel(3)] = 0.000966
E[P_sel(4)] = 0.000662
E[P_sel(5)] = 0.000520
E[P_sel(6)] = 0.000426
E[P_sel(7)] = 0.000347
E[P_sel(8)] = 0.000299
E[P_sel(9)] = 0.000254
E[P_sel(10)] = 0.000234
E[P_sel(11)] = 0.000203
E[P_sel(12)] = 0.000195
E[P_sel(13)] = 0.000175
E[P_sel(14)] = 0.000170
E[P_sel(15)] = 0.000147
E[P_sel(16)] = 0.000139
E[P_sel(17)] = 0.000132
E[P_sel(18)] = 0.000129
E[P_sel(19)] = 0.000122

---- Expected D_neut and D_sel (neutral and selected divergence per site) 
E[D_neut] = 0.005598
E[D_sel] = 0.001636

---- Expected neutral and selected misattributed polymorphism per site
E[mis_neut] = 0.000434
E[mis_sel] = 0.000119

---- alpha_div = 0.282337
---- alpha_dfe = 0.283247



