---- Performing inference on Ns5_pa_0.01_boots/Ns5_pa_0.01.22.polyDFE.txt using model B

---- Warning: mutation variability is not used when only one neutral and one selected fragment is available.
---- No mutation variability. Using Poisson likelihood.

---- Using provided initial values


-- Starting local optimization
 it       eps_an        theta_bar      S_d            b             r  2          r  3          r  4          r  5          r  6          r  7          r  8          r  9          r 10          r 11          r 12          r 13          r 14          r 15          r 16          r 17          r 18          r 19         ln lk             grad     status
  0      4.50e-06       0.00100     -400.00000       0.40000       1.00000       1.00000       1.00000       1.00000       1.00000       1.00000       1.00000       1.00000       1.00000       1.00000       1.00000       1.00000       1.00000       1.00000       1.00000       1.00000       1.00000       1.00000  -263455.4864160993   1830.20847   -2
 72      4.50e-06       0.00955    -1548.20081       0.17425       0.98059       0.99674       0.95478       0.96264       0.97832       0.98319       0.96808       0.98166       1.00903       0.95141       0.97958       0.96244       1.01663       1.00425       1.02428       0.98535       1.07177       0.99623  -208.5752831236      0.00223   -3
-- Local optimization: stuck in the same solution


---- Best joint likelihood found -208.57528 with gradient 0.00223
-- Model: B
--     eps_an        eps_cont      theta_bar     a        
--    4.50e-06      0.00e+00       0.00955       -1.00000  
--      S_d            b             p_b           S_b      
--  -1548.20081       0.17425      0.00e+00      0.00e+00  
--     r  2          r  3          r  4          r  5          r  6          r  7          r  8          r  9          r 10          r 11          r 12          r 13          r 14          r 15          r 16          r 17          r 18          r 19     
--     0.98059       0.99674       0.95478       0.96264       0.97832       0.98319       0.96808       0.98166       1.00903       0.95141       0.97958       0.96244       1.01663       1.00425       1.02428       0.98535       1.07177       0.99623  

---- Expected P_neut(i), 0 < i < n (neutral SFS per site) 
E[P_neut(1)] = 0.009547
E[P_neut(2)] = 0.004681
E[P_neut(3)] = 0.003172
E[P_neut(4)] = 0.002279
E[P_neut(5)] = 0.001838
E[P_neut(6)] = 0.001557
E[P_neut(7)] = 0.001341
E[P_neut(8)] = 0.001155
E[P_neut(9)] = 0.001041
E[P_neut(10)] = 0.000963
E[P_neut(11)] = 0.000826
E[P_neut(12)] = 0.000779
E[P_neut(13)] = 0.000707
E[P_neut(14)] = 0.000693
E[P_neut(15)] = 0.000639
E[P_neut(16)] = 0.000611
E[P_neut(17)] = 0.000553
E[P_neut(18)] = 0.000568
E[P_neut(19)] = 0.000501

---- Expected P_sel(i), 0 < i < n (selected SFS per site) 
E[P_sel(1)] = 0.003797
E[P_sel(2)] = 0.001562
E[P_sel(3)] = 0.000976
E[P_sel(4)] = 0.000665
E[P_sel(5)] = 0.000517
E[P_sel(6)] = 0.000425
E[P_sel(7)] = 0.000357
E[P_sel(8)] = 0.000301
E[P_sel(9)] = 0.000267
E[P_sel(10)] = 0.000243
E[P_sel(11)] = 0.000205
E[P_sel(12)] = 0.000191
E[P_sel(13)] = 0.000171
E[P_sel(14)] = 0.000166
E[P_sel(15)] = 0.000152
E[P_sel(16)] = 0.000144
E[P_sel(17)] = 0.000129
E[P_sel(18)] = 0.000131
E[P_sel(19)] = 0.000115

---- Expected neutral and selected misattributed polymorphism per site
E[mis_neut] = 0.000477
E[mis_sel] = 0.000109

---- alpha_div = 0.248569
---- alpha_dfe = 0.000000



