---- Performing inference on Ns5_pa_0.01_boots/Ns5_pa_0.01.34.polyDFE.txt using model B

---- Warning: mutation variability is not used when only one neutral and one selected fragment is available.
---- No mutation variability. Using Poisson likelihood.

---- Using provided initial values


-- Starting local optimization
 it       eps_an        theta_bar      S_d            b             r  2          r  3          r  4          r  5          r  6          r  7          r  8          r  9          r 10          r 11          r 12          r 13          r 14          r 15          r 16          r 17          r 18          r 19         ln lk             grad     status
  0      4.50e-06       0.00100     -400.00000       0.40000       1.00000       1.00000       1.00000       1.00000       1.00000       1.00000       1.00000       1.00000       1.00000       1.00000       1.00000       1.00000       1.00000       1.00000       1.00000       1.00000       1.00000       1.00000  -263785.7922246042   1831.77706   -2
203      4.50e-06       0.00959    -1503.58801       0.17470       0.97461       0.97364       0.96648       0.95181       0.97596       0.96690       0.96460       0.97941       0.97612       0.92452       0.97609       0.99745       0.98779       0.97404       1.02074       1.01507       1.09349       1.00819  -219.1449891826      0.00165   -3
-- Local optimization: stuck in the same solution


---- Best joint likelihood found -219.14499 with gradient 0.00165
-- Model: B
--     eps_an        eps_cont      theta_bar     a        
--    4.50e-06      0.00e+00       0.00959       -1.00000  
--      S_d            b             p_b           S_b      
--  -1503.58801       0.17470      0.00e+00      0.00e+00  
--     r  2          r  3          r  4          r  5          r  6          r  7          r  8          r  9          r 10          r 11          r 12          r 13          r 14          r 15          r 16          r 17          r 18          r 19     
--     0.97461       0.97364       0.96648       0.95181       0.97596       0.96690       0.96460       0.97941       0.97612       0.92452       0.97609       0.99745       0.98779       0.97404       1.02074       1.01507       1.09349       1.00819  

---- Expected P_neut(i), 0 < i < n (neutral SFS per site) 
E[P_neut(1)] = 0.009587
E[P_neut(2)] = 0.004672
E[P_neut(3)] = 0.003111
E[P_neut(4)] = 0.002316
E[P_neut(5)] = 0.001825
E[P_neut(6)] = 0.001559
E[P_neut(7)] = 0.001324
E[P_neut(8)] = 0.001156
E[P_neut(9)] = 0.001043
E[P_neut(10)] = 0.000936
E[P_neut(11)] = 0.000806
E[P_neut(12)] = 0.000780
E[P_neut(13)] = 0.000736
E[P_neut(14)] = 0.000676
E[P_neut(15)] = 0.000623
E[P_neut(16)] = 0.000612
E[P_neut(17)] = 0.000572
E[P_neut(18)] = 0.000582
E[P_neut(19)] = 0.000509

---- Expected P_sel(i), 0 < i < n (selected SFS per site) 
E[P_sel(1)] = 0.003825
E[P_sel(2)] = 0.001563
E[P_sel(3)] = 0.000959
E[P_sel(4)] = 0.000678
E[P_sel(5)] = 0.000514
E[P_sel(6)] = 0.000426
E[P_sel(7)] = 0.000353
E[P_sel(8)] = 0.000302
E[P_sel(9)] = 0.000268
E[P_sel(10)] = 0.000236
E[P_sel(11)] = 0.000201
E[P_sel(12)] = 0.000192
E[P_sel(13)] = 0.000179
E[P_sel(14)] = 0.000163
E[P_sel(15)] = 0.000148
E[P_sel(16)] = 0.000144
E[P_sel(17)] = 0.000134
E[P_sel(18)] = 0.000135
E[P_sel(19)] = 0.000117

---- Expected neutral and selected misattributed polymorphism per site
E[mis_neut] = 0.000479
E[mis_sel] = 0.000109

---- alpha_div = 0.246882
---- alpha_dfe = 0.000000



