---- Performing inference on Ns5_pa_0.01_boots/Ns5_pa_0.01.95.polyDFE.txt using model B

---- Warning: mutation variability is not used when only one neutral and one selected fragment is available.
---- No mutation variability. Using Poisson likelihood.

---- Using provided initial values


-- Starting local optimization
 it       eps_an        lambda        theta_bar      S_d            b             r  2          r  3          r  4          r  5          r  6          r  7          r  8          r  9          r 10          r 11          r 12          r 13          r 14          r 15          r 16          r 17          r 18          r 19          r 20         ln lk             grad     status
  0      4.50e-06       0.00500       0.00100     -400.00000       0.40000       1.00000       1.00000       1.00000       1.00000       1.00000       1.00000       1.00000       1.00000       1.00000       1.00000       1.00000       1.00000       1.00000       1.00000       1.00000       1.00000       1.00000       1.00000       1.00000  -272439.5186466587   1956.89678   -2
126      4.50e-06       0.00543       0.00968    -5761.29439       0.13793       0.97091       0.97500       0.93842       0.92590       0.96038       0.92659       0.92102       0.90312       0.94084       0.89676       0.90990       0.94808       0.95874       0.91117       0.95754       0.95844       1.00122       0.98582       1.10027  -378.5429778104      0.02289   -3
-- Local optimization: stuck in the same solution


---- Best joint likelihood found -378.54298 with gradient 0.02289
-- Model: B
--     eps_an        eps_cont      lambda        theta_bar     a        
--    4.50e-06      0.00e+00       0.00543       0.00968       -1.00000  
--      S_d            b             p_b           S_b      
--  -5761.29439       0.13793      0.00e+00      0.00e+00  
--     r  2          r  3          r  4          r  5          r  6          r  7          r  8          r  9          r 10          r 11          r 12          r 13          r 14          r 15          r 16          r 17          r 18          r 19          r 20     
--     0.97091       0.97500       0.93842       0.92590       0.96038       0.92659       0.92102       0.90312       0.94084       0.89676       0.90990       0.94808       0.95874       0.91117       0.95754       0.95844       1.00122       0.98582       1.10027  

---- Expected P_neut(i), 0 < i < n (neutral SFS per site) 
E[P_neut(1)] = 0.009683
E[P_neut(2)] = 0.004701
E[P_neut(3)] = 0.003147
E[P_neut(4)] = 0.002272
E[P_neut(5)] = 0.001793
E[P_neut(6)] = 0.001550
E[P_neut(7)] = 0.001282
E[P_neut(8)] = 0.001115
E[P_neut(9)] = 0.000972
E[P_neut(10)] = 0.000911
E[P_neut(11)] = 0.000789
E[P_neut(12)] = 0.000734
E[P_neut(13)] = 0.000706
E[P_neut(14)] = 0.000663
E[P_neut(15)] = 0.000588
E[P_neut(16)] = 0.000580
E[P_neut(17)] = 0.000546
E[P_neut(18)] = 0.000539
E[P_neut(19)] = 0.000502

---- Expected P_sel(i), 0 < i < n (selected SFS per site) 
E[P_sel(1)] = 0.003766
E[P_sel(2)] = 0.001592
E[P_sel(3)] = 0.001000
E[P_sel(4)] = 0.000693
E[P_sel(5)] = 0.000531
E[P_sel(6)] = 0.000448
E[P_sel(7)] = 0.000363
E[P_sel(8)] = 0.000311
E[P_sel(9)] = 0.000267
E[P_sel(10)] = 0.000247
E[P_sel(11)] = 0.000212
E[P_sel(12)] = 0.000195
E[P_sel(13)] = 0.000186
E[P_sel(14)] = 0.000173
E[P_sel(15)] = 0.000152
E[P_sel(16)] = 0.000149
E[P_sel(17)] = 0.000139
E[P_sel(18)] = 0.000137
E[P_sel(19)] = 0.000127

---- Expected D_neut and D_sel (neutral and selected divergence per site) 
E[D_neut] = 0.005961
E[D_sel] = 0.001486

---- Expected neutral and selected misattributed polymorphism per site
E[mis_neut] = 0.000533
E[mis_sel] = 0.000133

---- alpha_div = 0.168617
---- alpha_dfe = 0.000000



