---- Performing inference on Ns5_pa_0.01_boots/Ns5_pa_0.01.94.polyDFE.txt using model B

---- Warning: mutation variability is not used when only one neutral and one selected fragment is available.
---- No mutation variability. Using Poisson likelihood.

---- Using provided initial values


-- Starting local optimization
 it       eps_an        eps_cont      theta_bar      S_d            b             p_b           S_b           r  2          r  3          r  4          r  5          r  6          r  7          r  8          r  9          r 10          r 11          r 12          r 13          r 14          r 15          r 16          r 17          r 18          r 19         ln lk             grad     status
  0      4.50e-06      9.00e-07       0.00100     -400.00000       0.40000       0.02000       4.00000       1.00000       1.00000       1.00000       1.00000       1.00000       1.00000       1.00000       1.00000       1.00000       1.00000       1.00000       1.00000       1.00000       1.00000       1.00000       1.00000       1.00000       1.00000  -251880.6108143124   1725.62831   -2
263      4.51e-06      9.00e-07       0.00934     -529.13403       0.24979       0.04480       1.53083       1.01234       1.03258       1.00939       1.00836       1.01323       1.02936       1.00211       1.01068       1.00449       0.91869       1.00510       1.00264       1.01293       0.96297       1.00558       1.03446       1.00174       1.02522  -196.2676521774      0.00514   -3
-- Local optimization: stuck in the same solution


---- Best joint likelihood found -196.26765 with gradient 0.00514
-- Model: B
--     eps_an        eps_cont      theta_bar     a        
--    4.51e-06      9.00e-07       0.00934       -1.00000  
--      S_d            b             p_b           S_b      
--   -529.13403       0.24979       0.04480       1.53083  
--     r  2          r  3          r  4          r  5          r  6          r  7          r  8          r  9          r 10          r 11          r 12          r 13          r 14          r 15          r 16          r 17          r 18          r 19     
--     1.01234       1.03258       1.00939       1.00836       1.01323       1.02936       1.00211       1.01068       1.00449       0.91869       1.00510       1.00264       1.01293       0.96297       1.00558       1.03446       1.00174       1.02522  

---- Expected P_neut(i), 0 < i < n (neutral SFS per site) 
E[P_neut(1)] = 0.009339
E[P_neut(2)] = 0.004727
E[P_neut(3)] = 0.003214
E[P_neut(4)] = 0.002357
E[P_neut(5)] = 0.001883
E[P_neut(6)] = 0.001577
E[P_neut(7)] = 0.001373
E[P_neut(8)] = 0.001170
E[P_neut(9)] = 0.001049
E[P_neut(10)] = 0.000938
E[P_neut(11)] = 0.000780
E[P_neut(12)] = 0.000782
E[P_neut(13)] = 0.000720
E[P_neut(14)] = 0.000676
E[P_neut(15)] = 0.000600
E[P_neut(16)] = 0.000587
E[P_neut(17)] = 0.000568
E[P_neut(18)] = 0.000520
E[P_neut(19)] = 0.000504

---- Expected P_sel(i), 0 < i < n (selected SFS per site) 
E[P_sel(1)] = 0.003832
E[P_sel(2)] = 0.001565
E[P_sel(3)] = 0.000966
E[P_sel(4)] = 0.000669
E[P_sel(5)] = 0.000514
E[P_sel(6)] = 0.000418
E[P_sel(7)] = 0.000356
E[P_sel(8)] = 0.000298
E[P_sel(9)] = 0.000264
E[P_sel(10)] = 0.000234
E[P_sel(11)] = 0.000193
E[P_sel(12)] = 0.000193
E[P_sel(13)] = 0.000177
E[P_sel(14)] = 0.000165
E[P_sel(15)] = 0.000147
E[P_sel(16)] = 0.000144
E[P_sel(17)] = 0.000139
E[P_sel(18)] = 0.000128
E[P_sel(19)] = 0.000124

---- Expected neutral and selected misattributed polymorphism per site
E[mis_neut] = 0.000467
E[mis_sel] = 0.000116

---- alpha_div = 0.454660
---- alpha_dfe = 0.350820



