---- Performing inference on Ns5_pa_0.01_boots/Ns5_pa_0.01.56.polyDFE.txt using model B

---- Warning: mutation variability is not used when only one neutral and one selected fragment is available.
---- No mutation variability. Using Poisson likelihood.

---- Using provided initial values


-- Starting local optimization
 it       eps_an        eps_cont      theta_bar      S_d            b             p_b           S_b           r  2          r  3          r  4          r  5          r  6          r  7          r  8          r  9          r 10          r 11          r 12          r 13          r 14          r 15          r 16          r 17          r 18          r 19         ln lk             grad     status
  0      4.50e-06      9.00e-07       0.00100     -400.00000       0.40000       0.02000       4.00000       1.00000       1.00000       1.00000       1.00000       1.00000       1.00000       1.00000       1.00000       1.00000       1.00000       1.00000       1.00000       1.00000       1.00000       1.00000       1.00000       1.00000       1.00000  -251678.3945348280   1724.19287   -2
192      4.51e-06      9.00e-07       0.00956    -1144.80148       0.18850       0.00480      20.22307       0.98318       0.98364       0.96020       0.97150       1.00009       0.98123       0.95397       0.98722       1.01789       0.95150       1.00909       0.95053       0.99814       0.95202       0.93518       0.97573       0.93560       0.99808  -196.2844678487      0.04380   -3
-- Local optimization: stuck in the same solution


---- Best joint likelihood found -196.28447 with gradient 0.04380
-- Model: B
--     eps_an        eps_cont      theta_bar     a        
--    4.51e-06      9.00e-07       0.00956       -1.00000  
--      S_d            b             p_b           S_b      
--  -1144.80148       0.18850       0.00480      20.22307  
--     r  2          r  3          r  4          r  5          r  6          r  7          r  8          r  9          r 10          r 11          r 12          r 13          r 14          r 15          r 16          r 17          r 18          r 19     
--     0.98318       0.98364       0.96020       0.97150       1.00009       0.98123       0.95397       0.98722       1.01789       0.95150       1.00909       0.95053       0.99814       0.95202       0.93518       0.97573       0.93560       0.99808  

---- Expected P_neut(i), 0 < i < n (neutral SFS per site) 
E[P_neut(1)] = 0.009560
E[P_neut(2)] = 0.004700
E[P_neut(3)] = 0.003135
E[P_neut(4)] = 0.002295
E[P_neut(5)] = 0.001858
E[P_neut(6)] = 0.001593
E[P_neut(7)] = 0.001340
E[P_neut(8)] = 0.001140
E[P_neut(9)] = 0.001049
E[P_neut(10)] = 0.000973
E[P_neut(11)] = 0.000827
E[P_neut(12)] = 0.000804
E[P_neut(13)] = 0.000699
E[P_neut(14)] = 0.000682
E[P_neut(15)] = 0.000607
E[P_neut(16)] = 0.000559
E[P_neut(17)] = 0.000549
E[P_neut(18)] = 0.000497
E[P_neut(19)] = 0.000502

---- Expected P_sel(i), 0 < i < n (selected SFS per site) 
E[P_sel(1)] = 0.003819
E[P_sel(2)] = 0.001558
E[P_sel(3)] = 0.000954
E[P_sel(4)] = 0.000661
E[P_sel(5)] = 0.000515
E[P_sel(6)] = 0.000429
E[P_sel(7)] = 0.000352
E[P_sel(8)] = 0.000294
E[P_sel(9)] = 0.000266
E[P_sel(10)] = 0.000244
E[P_sel(11)] = 0.000205
E[P_sel(12)] = 0.000198
E[P_sel(13)] = 0.000171
E[P_sel(14)] = 0.000166
E[P_sel(15)] = 0.000148
E[P_sel(16)] = 0.000137
E[P_sel(17)] = 0.000137
E[P_sel(18)] = 0.000127
E[P_sel(19)] = 0.000134

---- Expected neutral and selected misattributed polymorphism per site
E[mis_neut] = 0.000478
E[mis_sel] = 0.000135

---- alpha_div = 0.307185
---- alpha_dfe = 0.311967



