---- Performing inference on Ns5_pa_0.01_boots/Ns5_pa_0.01.57.polyDFE.txt using model B

---- Warning: mutation variability is not used when only one neutral and one selected fragment is available.
---- No mutation variability. Using Poisson likelihood.

---- Using provided initial values


-- Starting local optimization
 it       eps_an        lambda        theta_bar      S_d            b             r  2          r  3          r  4          r  5          r  6          r  7          r  8          r  9          r 10          r 11          r 12          r 13          r 14          r 15          r 16          r 17          r 18          r 19          r 20         ln lk             grad     status
  0      4.50e-06       0.00500       0.00100     -400.00000       0.40000       1.00000       1.00000       1.00000       1.00000       1.00000       1.00000       1.00000       1.00000       1.00000       1.00000       1.00000       1.00000       1.00000       1.00000       1.00000       1.00000       1.00000       1.00000       1.00000  -273056.8246192768   1959.61210   -2
613      4.55e-06       0.00021       0.00978    -5854.42195       0.13736       0.94039       0.96013       0.92986       0.91560       0.93455       0.91025       0.92205       0.91210       0.94932       0.88103       0.93736       0.92336       0.98331       0.92791       0.95409       0.98194       0.95808       0.93533      11.68404  -373.1267470160      0.03291   -6
-- Local optimization: reached maximum running time allowed


---- Best joint likelihood found -373.12675 with gradient 0.03291
-- Model: B
--     eps_an        eps_cont      lambda        theta_bar     a        
--    4.55e-06      0.00e+00       0.00021       0.00978       -1.00000  
--      S_d            b             p_b           S_b      
--  -5854.42195       0.13736      0.00e+00      0.00e+00  
--     r  2          r  3          r  4          r  5          r  6          r  7          r  8          r  9          r 10          r 11          r 12          r 13          r 14          r 15          r 16          r 17          r 18          r 19          r 20     
--     0.94039       0.96013       0.92986       0.91560       0.93455       0.91025       0.92205       0.91210       0.94932       0.88103       0.93736       0.92336       0.98331       0.92791       0.95409       0.98194       0.95808       0.93533      11.68404  

---- Expected P_neut(i), 0 < i < n (neutral SFS per site) 
E[P_neut(1)] = 0.009776
E[P_neut(2)] = 0.004597
E[P_neut(3)] = 0.003129
E[P_neut(4)] = 0.002273
E[P_neut(5)] = 0.001790
E[P_neut(6)] = 0.001523
E[P_neut(7)] = 0.001271
E[P_neut(8)] = 0.001127
E[P_neut(9)] = 0.000991
E[P_neut(10)] = 0.000928
E[P_neut(11)] = 0.000783
E[P_neut(12)] = 0.000764
E[P_neut(13)] = 0.000694
E[P_neut(14)] = 0.000687
E[P_neut(15)] = 0.000605
E[P_neut(16)] = 0.000583
E[P_neut(17)] = 0.000565
E[P_neut(18)] = 0.000520
E[P_neut(19)] = 0.000481

---- Expected P_sel(i), 0 < i < n (selected SFS per site) 
E[P_sel(1)] = 0.003806
E[P_sel(2)] = 0.001560
E[P_sel(3)] = 0.000996
E[P_sel(4)] = 0.000695
E[P_sel(5)] = 0.000531
E[P_sel(6)] = 0.000441
E[P_sel(7)] = 0.000361
E[P_sel(8)] = 0.000315
E[P_sel(9)] = 0.000273
E[P_sel(10)] = 0.000253
E[P_sel(11)] = 0.000211
E[P_sel(12)] = 0.000203
E[P_sel(13)] = 0.000183
E[P_sel(14)] = 0.000180
E[P_sel(15)] = 0.000157
E[P_sel(16)] = 0.000150
E[P_sel(17)] = 0.000145
E[P_sel(18)] = 0.000132
E[P_sel(19)] = 0.000122

---- Expected D_neut and D_sel (neutral and selected divergence per site) 
E[D_neut] = 0.005916
E[D_sel] = 0.001486

---- Expected neutral and selected misattributed polymorphism per site
E[mis_neut] = 0.005711
E[mis_sel] = 0.001435

---- alpha_div = 1.290945
---- alpha_dfe = 0.000000



