---- Performing inference on Ns5_pa_0.01_boots/Ns5_pa_0.01.97.polyDFE.txt using model B

---- Warning: mutation variability is not used when only one neutral and one selected fragment is available.
---- No mutation variability. Using Poisson likelihood.

---- Using provided initial values


-- Starting local optimization
 it       eps_an        eps_cont      lambda        theta_bar      S_d            b             p_b           S_b           r  2          r  3          r  4          r  5          r  6          r  7          r  8          r  9          r 10          r 11          r 12          r 13          r 14          r 15          r 16          r 17          r 18          r 19          r 20         ln lk             grad     status
  0      4.50e-06      9.00e-07       0.00500       0.00100     -400.00000       0.40000       0.02000       4.00000       1.00000       1.00000       1.00000       1.00000       1.00000       1.00000       1.00000       1.00000       1.00000       1.00000       1.00000       1.00000       1.00000       1.00000       1.00000       1.00000       1.00000       1.00000       1.00000  -256003.5109414306   1768.24674   -2
376      4.50e-06      9.00e-07       0.00507       0.00964    -1000.26718       0.19471       0.00510      17.25389       0.96971       0.99041       0.96030       0.95509       1.00994       0.97535       0.95230       0.95830       1.00729       0.90937       1.00519       0.96312       1.00100       0.97386       0.97897       1.04673       0.95679       0.97794       0.93969  -212.6394019073      0.00419   -3
-- Local optimization: stuck in the same solution


---- Best joint likelihood found -212.63940 with gradient 0.00419
-- Model: B
--     eps_an        eps_cont      lambda        theta_bar     a        
--    4.50e-06      9.00e-07       0.00507       0.00964       -1.00000  
--      S_d            b             p_b           S_b      
--  -1000.26718       0.19471       0.00510      17.25389  
--     r  2          r  3          r  4          r  5          r  6          r  7          r  8          r  9          r 10          r 11          r 12          r 13          r 14          r 15          r 16          r 17          r 18          r 19          r 20     
--     0.96971       0.99041       0.96030       0.95509       1.00994       0.97535       0.95230       0.95830       1.00729       0.90937       1.00519       0.96312       1.00100       0.97386       0.97897       1.04673       0.95679       0.97794       0.93969  

---- Expected P_neut(i), 0 < i < n (neutral SFS per site) 
E[P_neut(1)] = 0.009643
E[P_neut(2)] = 0.004675
E[P_neut(3)] = 0.003183
E[P_neut(4)] = 0.002315
E[P_neut(5)] = 0.001842
E[P_neut(6)] = 0.001623
E[P_neut(7)] = 0.001344
E[P_neut(8)] = 0.001148
E[P_neut(9)] = 0.001027
E[P_neut(10)] = 0.000971
E[P_neut(11)] = 0.000797
E[P_neut(12)] = 0.000808
E[P_neut(13)] = 0.000714
E[P_neut(14)] = 0.000689
E[P_neut(15)] = 0.000626
E[P_neut(16)] = 0.000590
E[P_neut(17)] = 0.000594
E[P_neut(18)] = 0.000513
E[P_neut(19)] = 0.000496

---- Expected P_sel(i), 0 < i < n (selected SFS per site) 
E[P_sel(1)] = 0.003862
E[P_sel(2)] = 0.001545
E[P_sel(3)] = 0.000962
E[P_sel(4)] = 0.000662
E[P_sel(5)] = 0.000506
E[P_sel(6)] = 0.000432
E[P_sel(7)] = 0.000349
E[P_sel(8)] = 0.000292
E[P_sel(9)] = 0.000257
E[P_sel(10)] = 0.000240
E[P_sel(11)] = 0.000195
E[P_sel(12)] = 0.000196
E[P_sel(13)] = 0.000173
E[P_sel(14)] = 0.000166
E[P_sel(15)] = 0.000151
E[P_sel(16)] = 0.000143
E[P_sel(17)] = 0.000146
E[P_sel(18)] = 0.000129
E[P_sel(19)] = 0.000130

---- Expected D_neut and D_sel (neutral and selected divergence per site) 
E[D_neut] = 0.005519
E[D_sel] = 0.001636

---- Expected neutral and selected misattributed polymorphism per site
E[mis_neut] = 0.000453
E[mis_sel] = 0.000125

---- alpha_div = 0.295273
---- alpha_dfe = 0.295209



