---- Performing inference on Ns5_pa_0.01_boots/Ns5_pa_0.01.62.polyDFE.txt using model B

---- Warning: mutation variability is not used when only one neutral and one selected fragment is available.
---- No mutation variability. Using Poisson likelihood.

---- Using provided initial values


-- Starting local optimization
 it       eps_an        eps_cont      lambda        theta_bar      S_d            b             p_b           S_b           r  2          r  3          r  4          r  5          r  6          r  7          r  8          r  9          r 10          r 11          r 12          r 13          r 14          r 15          r 16          r 17          r 18          r 19          r 20         ln lk             grad     status
  0      4.50e-06      9.00e-07       0.00500       0.00100     -400.00000       0.40000       0.02000       4.00000       1.00000       1.00000       1.00000       1.00000       1.00000       1.00000       1.00000       1.00000       1.00000       1.00000       1.00000       1.00000       1.00000       1.00000       1.00000       1.00000       1.00000       1.00000       1.00000  -256442.0103167628   1771.81743   -2
294      4.50e-06      9.00e-07       0.00501       0.00955     -847.08243       0.20364       0.00795      12.82767       0.99375       1.02826       0.97831       0.97586       0.99414       0.97559       0.96563       0.96787       0.99376       0.90355       0.98300       0.96133       1.01755       0.98271       1.03451       1.00243       0.97460       0.94737       0.95115  -209.8831308752      0.00236   -3
-- Local optimization: stuck in the same solution


---- Best joint likelihood found -209.88313 with gradient 0.00236
-- Model: B
--     eps_an        eps_cont      lambda        theta_bar     a        
--    4.50e-06      9.00e-07       0.00501       0.00955       -1.00000  
--      S_d            b             p_b           S_b      
--   -847.08243       0.20364       0.00795      12.82767  
--     r  2          r  3          r  4          r  5          r  6          r  7          r  8          r  9          r 10          r 11          r 12          r 13          r 14          r 15          r 16          r 17          r 18          r 19          r 20     
--     0.99375       1.02826       0.97831       0.97586       0.99414       0.97559       0.96563       0.96787       0.99376       0.90355       0.98300       0.96133       1.01755       0.98271       1.03451       1.00243       0.97460       0.94737       0.95115  

---- Expected P_neut(i), 0 < i < n (neutral SFS per site) 
E[P_neut(1)] = 0.009554
E[P_neut(2)] = 0.004747
E[P_neut(3)] = 0.003275
E[P_neut(4)] = 0.002337
E[P_neut(5)] = 0.001865
E[P_neut(6)] = 0.001583
E[P_neut(7)] = 0.001332
E[P_neut(8)] = 0.001153
E[P_neut(9)] = 0.001027
E[P_neut(10)] = 0.000949
E[P_neut(11)] = 0.000785
E[P_neut(12)] = 0.000783
E[P_neut(13)] = 0.000707
E[P_neut(14)] = 0.000694
E[P_neut(15)] = 0.000626
E[P_neut(16)] = 0.000618
E[P_neut(17)] = 0.000563
E[P_neut(18)] = 0.000517
E[P_neut(19)] = 0.000476

---- Expected P_sel(i), 0 < i < n (selected SFS per site) 
E[P_sel(1)] = 0.003846
E[P_sel(2)] = 0.001567
E[P_sel(3)] = 0.000986
E[P_sel(4)] = 0.000665
E[P_sel(5)] = 0.000509
E[P_sel(6)] = 0.000419
E[P_sel(7)] = 0.000344
E[P_sel(8)] = 0.000293
E[P_sel(9)] = 0.000257
E[P_sel(10)] = 0.000234
E[P_sel(11)] = 0.000192
E[P_sel(12)] = 0.000191
E[P_sel(13)] = 0.000172
E[P_sel(14)] = 0.000169
E[P_sel(15)] = 0.000153
E[P_sel(16)] = 0.000153
E[P_sel(17)] = 0.000142
E[P_sel(18)] = 0.000134
E[P_sel(19)] = 0.000129

---- Expected D_neut and D_sel (neutral and selected divergence per site) 
E[D_neut] = 0.005463
E[D_sel] = 0.001661

---- Expected neutral and selected misattributed polymorphism per site
E[mis_neut] = 0.000454
E[mis_sel] = 0.000129

---- alpha_div = 0.334209
---- alpha_dfe = 0.333780



