---- Performing inference on Ns5_pa_0.01_boots/Ns5_pa_0.01.46.polyDFE.txt using model B

---- Warning: mutation variability is not used when only one neutral and one selected fragment is available.
---- No mutation variability. Using Poisson likelihood.

---- Using provided initial values


-- Starting local optimization
 it       eps_an        theta_bar      S_d            b             r  2          r  3          r  4          r  5          r  6          r  7          r  8          r  9          r 10          r 11          r 12          r 13          r 14          r 15          r 16          r 17          r 18          r 19         ln lk             grad     status
  0      4.50e-06       0.00100     -400.00000       0.40000       1.00000       1.00000       1.00000       1.00000       1.00000       1.00000       1.00000       1.00000       1.00000       1.00000       1.00000       1.00000       1.00000       1.00000       1.00000       1.00000       1.00000       1.00000  -263231.5523901911   1827.21804   -2
 96      4.50e-06       0.00963    -1423.22441       0.17775       0.96974       0.99090       0.94367       0.93784       0.99260       0.93201       0.96020       0.98171       1.01578       0.93271       0.99925       0.95080       1.00693       0.97784       0.99353       1.01734       1.03698       1.01637  -217.7801737044      0.00218   -3
-- Local optimization: stuck in the same solution


---- Best joint likelihood found -217.78017 with gradient 0.00218
-- Model: B
--     eps_an        eps_cont      theta_bar     a        
--    4.50e-06      0.00e+00       0.00963       -1.00000  
--      S_d            b             p_b           S_b      
--  -1423.22441       0.17775      0.00e+00      0.00e+00  
--     r  2          r  3          r  4          r  5          r  6          r  7          r  8          r  9          r 10          r 11          r 12          r 13          r 14          r 15          r 16          r 17          r 18          r 19     
--     0.96974       0.99090       0.94367       0.93784       0.99260       0.93201       0.96020       0.98171       1.01578       0.93271       0.99925       0.95080       1.00693       0.97784       0.99353       1.01734       1.03698       1.01637  

---- Expected P_neut(i), 0 < i < n (neutral SFS per site) 
E[P_neut(1)] = 0.009631
E[P_neut(2)] = 0.004670
E[P_neut(3)] = 0.003181
E[P_neut(4)] = 0.002272
E[P_neut(5)] = 0.001807
E[P_neut(6)] = 0.001593
E[P_neut(7)] = 0.001282
E[P_neut(8)] = 0.001156
E[P_neut(9)] = 0.001051
E[P_neut(10)] = 0.000978
E[P_neut(11)] = 0.000817
E[P_neut(12)] = 0.000802
E[P_neut(13)] = 0.000704
E[P_neut(14)] = 0.000693
E[P_neut(15)] = 0.000628
E[P_neut(16)] = 0.000598
E[P_neut(17)] = 0.000576
E[P_neut(18)] = 0.000555
E[P_neut(19)] = 0.000515

---- Expected P_sel(i), 0 < i < n (selected SFS per site) 
E[P_sel(1)] = 0.003831
E[P_sel(2)] = 0.001553
E[P_sel(3)] = 0.000973
E[P_sel(4)] = 0.000659
E[P_sel(5)] = 0.000504
E[P_sel(6)] = 0.000431
E[P_sel(7)] = 0.000339
E[P_sel(8)] = 0.000299
E[P_sel(9)] = 0.000267
E[P_sel(10)] = 0.000244
E[P_sel(11)] = 0.000201
E[P_sel(12)] = 0.000195
E[P_sel(13)] = 0.000169
E[P_sel(14)] = 0.000164
E[P_sel(15)] = 0.000148
E[P_sel(16)] = 0.000139
E[P_sel(17)] = 0.000133
E[P_sel(18)] = 0.000127
E[P_sel(19)] = 0.000117

---- Expected neutral and selected misattributed polymorphism per site
E[mis_neut] = 0.000482
E[mis_sel] = 0.000108

---- alpha_div = 0.265280
---- alpha_dfe = 0.000000



