---- Performing inference on Ns5_pa_0.01_boots/Ns5_pa_0.01.27.polyDFE.txt using model B

---- Warning: mutation variability is not used when only one neutral and one selected fragment is available.
---- No mutation variability. Using Poisson likelihood.

---- Using provided initial values


-- Starting local optimization
 it       eps_an        theta_bar      S_d            b             r  2          r  3          r  4          r  5          r  6          r  7          r  8          r  9          r 10          r 11          r 12          r 13          r 14          r 15          r 16          r 17          r 18          r 19         ln lk             grad     status
  0      4.50e-06       0.00100     -400.00000       0.40000       1.00000       1.00000       1.00000       1.00000       1.00000       1.00000       1.00000       1.00000       1.00000       1.00000       1.00000       1.00000       1.00000       1.00000       1.00000       1.00000       1.00000       1.00000  -264158.0429841247   1833.17875   -2
165      4.50e-06       0.00953    -1308.87040       0.17967       0.98733       0.99829       0.97227       0.97152       0.99220       0.97946       0.99324       0.97029       1.02102       0.92112       0.97385       0.95803       1.01735       0.96852       1.03404       1.02984       1.06062       0.99372  -214.5845028120      0.00384   -3
-- Local optimization: stuck in the same solution


---- Best joint likelihood found -214.58450 with gradient 0.00384
-- Model: B
--     eps_an        eps_cont      theta_bar     a        
--    4.50e-06      0.00e+00       0.00953       -1.00000  
--      S_d            b             p_b           S_b      
--  -1308.87040       0.17967      0.00e+00      0.00e+00  
--     r  2          r  3          r  4          r  5          r  6          r  7          r  8          r  9          r 10          r 11          r 12          r 13          r 14          r 15          r 16          r 17          r 18          r 19     
--     0.98733       0.99829       0.97227       0.97152       0.99220       0.97946       0.99324       0.97029       1.02102       0.92112       0.97385       0.95803       1.01735       0.96852       1.03404       1.02984       1.06062       0.99372  

---- Expected P_neut(i), 0 < i < n (neutral SFS per site) 
E[P_neut(1)] = 0.009534
E[P_neut(2)] = 0.004706
E[P_neut(3)] = 0.003172
E[P_neut(4)] = 0.002317
E[P_neut(5)] = 0.001852
E[P_neut(6)] = 0.001577
E[P_neut(7)] = 0.001334
E[P_neut(8)] = 0.001184
E[P_neut(9)] = 0.001028
E[P_neut(10)] = 0.000973
E[P_neut(11)] = 0.000798
E[P_neut(12)] = 0.000774
E[P_neut(13)] = 0.000703
E[P_neut(14)] = 0.000693
E[P_neut(15)] = 0.000616
E[P_neut(16)] = 0.000616
E[P_neut(17)] = 0.000578
E[P_neut(18)] = 0.000562
E[P_neut(19)] = 0.000499

---- Expected P_sel(i), 0 < i < n (selected SFS per site) 
E[P_sel(1)] = 0.003818
E[P_sel(2)] = 0.001573
E[P_sel(3)] = 0.000975
E[P_sel(4)] = 0.000675
E[P_sel(5)] = 0.000519
E[P_sel(6)] = 0.000428
E[P_sel(7)] = 0.000353
E[P_sel(8)] = 0.000307
E[P_sel(9)] = 0.000261
E[P_sel(10)] = 0.000244
E[P_sel(11)] = 0.000197
E[P_sel(12)] = 0.000188
E[P_sel(13)] = 0.000169
E[P_sel(14)] = 0.000165
E[P_sel(15)] = 0.000145
E[P_sel(16)] = 0.000144
E[P_sel(17)] = 0.000133
E[P_sel(18)] = 0.000129
E[P_sel(19)] = 0.000113

---- Expected neutral and selected misattributed polymorphism per site
E[mis_neut] = 0.000477
E[mis_sel] = 0.000107

---- alpha_div = 0.275973
---- alpha_dfe = 0.000000



