---- Performing inference on Ns5_pa_0.01_boots/Ns5_pa_0.01.0.polyDFE.txt using model B

---- Warning: mutation variability is not used when only one neutral and one selected fragment is available.
---- No mutation variability. Using Poisson likelihood.

---- Using provided initial values


-- Starting local optimization
 it       eps_an        lambda        theta_bar      S_d            b             r  2          r  3          r  4          r  5          r  6          r  7          r  8          r  9          r 10          r 11          r 12          r 13          r 14          r 15          r 16          r 17          r 18          r 19          r 20         ln lk             grad     status
  0      4.50e-06       0.00500       0.00100     -400.00000       0.40000       1.00000       1.00000       1.00000       1.00000       1.00000       1.00000       1.00000       1.00000       1.00000       1.00000       1.00000       1.00000       1.00000       1.00000       1.00000       1.00000       1.00000       1.00000       1.00000  -270068.1679304107   1943.27575   -2
173      4.50e-06       0.00535       0.00976    -8652.63566       0.13160       0.95315       0.95257       0.89981       0.91209       0.94587       0.93203       0.93149       0.93095       0.90197       0.88563       0.95288       0.93639       0.94689       0.89939       0.95381       0.94780       0.99204       0.96921       1.14993  -388.4859216870      0.02142   -3
-- Local optimization: stuck in the same solution


---- Best joint likelihood found -388.48592 with gradient 0.02142
-- Model: B
--     eps_an        eps_cont      lambda        theta_bar     a        
--    4.50e-06      0.00e+00       0.00535       0.00976       -1.00000  
--      S_d            b             p_b           S_b      
--  -8652.63566       0.13160      0.00e+00      0.00e+00  
--     r  2          r  3          r  4          r  5          r  6          r  7          r  8          r  9          r 10          r 11          r 12          r 13          r 14          r 15          r 16          r 17          r 18          r 19          r 20     
--     0.95315       0.95257       0.89981       0.91209       0.94587       0.93203       0.93149       0.93095       0.90197       0.88563       0.95288       0.93639       0.94689       0.89939       0.95381       0.94780       0.99204       0.96921       1.14993  

---- Expected P_neut(i), 0 < i < n (neutral SFS per site) 
E[P_neut(1)] = 0.009762
E[P_neut(2)] = 0.004653
E[P_neut(3)] = 0.003100
E[P_neut(4)] = 0.002196
E[P_neut(5)] = 0.001781
E[P_neut(6)] = 0.001539
E[P_neut(7)] = 0.001300
E[P_neut(8)] = 0.001137
E[P_neut(9)] = 0.001010
E[P_neut(10)] = 0.000881
E[P_neut(11)] = 0.000786
E[P_neut(12)] = 0.000775
E[P_neut(13)] = 0.000703
E[P_neut(14)] = 0.000660
E[P_neut(15)] = 0.000585
E[P_neut(16)] = 0.000582
E[P_neut(17)] = 0.000544
E[P_neut(18)] = 0.000538
E[P_neut(19)] = 0.000498

---- Expected P_sel(i), 0 < i < n (selected SFS per site) 
E[P_sel(1)] = 0.003733
E[P_sel(2)] = 0.001560
E[P_sel(3)] = 0.000978
E[P_sel(4)] = 0.000666
E[P_sel(5)] = 0.000525
E[P_sel(6)] = 0.000444
E[P_sel(7)] = 0.000368
E[P_sel(8)] = 0.000317
E[P_sel(9)] = 0.000278
E[P_sel(10)] = 0.000239
E[P_sel(11)] = 0.000211
E[P_sel(12)] = 0.000206
E[P_sel(13)] = 0.000185
E[P_sel(14)] = 0.000173
E[P_sel(15)] = 0.000152
E[P_sel(16)] = 0.000150
E[P_sel(17)] = 0.000139
E[P_sel(18)] = 0.000137
E[P_sel(19)] = 0.000126

---- Expected D_neut and D_sel (neutral and selected divergence per site) 
E[D_neut] = 0.005910
E[D_sel] = 0.001479

---- Expected neutral and selected misattributed polymorphism per site
E[mis_neut] = 0.000561
E[mis_sel] = 0.000141

---- alpha_div = 0.176788
---- alpha_dfe = 0.000000



