---- Performing inference on Ns5_pa_0.01_boots/Ns5_pa_0.01.33.polyDFE.txt using model B

---- Warning: mutation variability is not used when only one neutral and one selected fragment is available.
---- No mutation variability. Using Poisson likelihood.

---- Using provided initial values


-- Starting local optimization
 it       eps_an        lambda        theta_bar      S_d            b             r  2          r  3          r  4          r  5          r  6          r  7          r  8          r  9          r 10          r 11          r 12          r 13          r 14          r 15          r 16          r 17          r 18          r 19          r 20         ln lk             grad     status
  0      4.50e-06       0.00500       0.00100     -400.00000       0.40000       1.00000       1.00000       1.00000       1.00000       1.00000       1.00000       1.00000       1.00000       1.00000       1.00000       1.00000       1.00000       1.00000       1.00000       1.00000       1.00000       1.00000       1.00000       1.00000  -272559.7097091619   1957.50497   -2
646      4.56e-06       0.00041       0.00979    -7609.64042       0.13351       0.94748       0.96612       0.91039       0.92509       0.96192       0.92336       0.91345       0.89772       0.93922       0.87720       0.95528       0.91128       0.94614       0.92793       0.93544       0.98193       0.97099       0.96838      11.44077  -352.5629862534      0.44206   -6
-- Local optimization: reached maximum running time allowed


---- Best joint likelihood found -352.56299 with gradient 0.44206
-- Model: B
--     eps_an        eps_cont      lambda        theta_bar     a        
--    4.56e-06      0.00e+00       0.00041       0.00979       -1.00000  
--      S_d            b             p_b           S_b      
--  -7609.64042       0.13351      0.00e+00      0.00e+00  
--     r  2          r  3          r  4          r  5          r  6          r  7          r  8          r  9          r 10          r 11          r 12          r 13          r 14          r 15          r 16          r 17          r 18          r 19          r 20     
--     0.94748       0.96612       0.91039       0.92509       0.96192       0.92336       0.91345       0.89772       0.93922       0.87720       0.95528       0.91128       0.94614       0.92793       0.93544       0.98193       0.97099       0.96838      11.44077  

---- Expected P_neut(i), 0 < i < n (neutral SFS per site) 
E[P_neut(1)] = 0.009786
E[P_neut(2)] = 0.004636
E[P_neut(3)] = 0.003152
E[P_neut(4)] = 0.002227
E[P_neut(5)] = 0.001811
E[P_neut(6)] = 0.001569
E[P_neut(7)] = 0.001291
E[P_neut(8)] = 0.001117
E[P_neut(9)] = 0.000976
E[P_neut(10)] = 0.000919
E[P_neut(11)] = 0.000780
E[P_neut(12)] = 0.000779
E[P_neut(13)] = 0.000686
E[P_neut(14)] = 0.000661
E[P_neut(15)] = 0.000605
E[P_neut(16)] = 0.000572
E[P_neut(17)] = 0.000565
E[P_neut(18)] = 0.000528
E[P_neut(19)] = 0.000499

---- Expected P_sel(i), 0 < i < n (selected SFS per site) 
E[P_sel(1)] = 0.003762
E[P_sel(2)] = 0.001560
E[P_sel(3)] = 0.000997
E[P_sel(4)] = 0.000677
E[P_sel(5)] = 0.000535
E[P_sel(6)] = 0.000453
E[P_sel(7)] = 0.000366
E[P_sel(8)] = 0.000311
E[P_sel(9)] = 0.000268
E[P_sel(10)] = 0.000250
E[P_sel(11)] = 0.000210
E[P_sel(12)] = 0.000207
E[P_sel(13)] = 0.000181
E[P_sel(14)] = 0.000173
E[P_sel(15)] = 0.000157
E[P_sel(16)] = 0.000147
E[P_sel(17)] = 0.000145
E[P_sel(18)] = 0.000134
E[P_sel(19)] = 0.000126

---- Expected D_neut and D_sel (neutral and selected divergence per site) 
E[D_neut] = 0.006011
E[D_sel] = 0.001510

---- Expected neutral and selected misattributed polymorphism per site
E[mis_neut] = 0.005598
E[mis_sel] = 0.001407

---- alpha_div = 0.984216
---- alpha_dfe = 0.000000



