---- Performing inference on Ns5_pa_0.01_boots/Ns5_pa_0.01.80.polyDFE.txt using model B

---- Warning: mutation variability is not used when only one neutral and one selected fragment is available.
---- No mutation variability. Using Poisson likelihood.

---- Using provided initial values


-- Starting local optimization
 it       eps_an        eps_cont      lambda        theta_bar      S_d            b             p_b           S_b           r  2          r  3          r  4          r  5          r  6          r  7          r  8          r  9          r 10          r 11          r 12          r 13          r 14          r 15          r 16          r 17          r 18          r 19          r 20         ln lk             grad     status
  0      4.50e-06      9.00e-07       0.00500       0.00100     -400.00000       0.40000       0.02000       4.00000       1.00000       1.00000       1.00000       1.00000       1.00000       1.00000       1.00000       1.00000       1.00000       1.00000       1.00000       1.00000       1.00000       1.00000       1.00000       1.00000       1.00000       1.00000       1.00000  -254676.8817502196   1762.99798   -2
149      4.50e-06      9.00e-07       0.00503       0.00953     -751.32707       0.20850       0.00863      11.42810       0.98193       0.99903       0.96738       0.95964       1.00926       0.99234       0.96205       0.99112       1.02185       0.94859       1.00944       0.96306       0.98805       0.95886       0.96374       1.02212       0.97355       0.96497       0.96063  -208.6140096576      0.01291   -3
-- Local optimization: stuck in the same solution


---- Best joint likelihood found -208.61401 with gradient 0.01291
-- Model: B
--     eps_an        eps_cont      lambda        theta_bar     a        
--    4.50e-06      9.00e-07       0.00503       0.00953       -1.00000  
--      S_d            b             p_b           S_b      
--   -751.32707       0.20850       0.00863      11.42810  
--     r  2          r  3          r  4          r  5          r  6          r  7          r  8          r  9          r 10          r 11          r 12          r 13          r 14          r 15          r 16          r 17          r 18          r 19          r 20     
--     0.98193       0.99903       0.96738       0.95964       1.00926       0.99234       0.96205       0.99112       1.02185       0.94859       1.00944       0.96306       0.98805       0.95886       0.96374       1.02212       0.97355       0.96497       0.96063  

---- Expected P_neut(i), 0 < i < n (neutral SFS per site) 
E[P_neut(1)] = 0.009528
E[P_neut(2)] = 0.004678
E[P_neut(3)] = 0.003173
E[P_neut(4)] = 0.002304
E[P_neut(5)] = 0.001829
E[P_neut(6)] = 0.001603
E[P_neut(7)] = 0.001351
E[P_neut(8)] = 0.001146
E[P_neut(9)] = 0.001049
E[P_neut(10)] = 0.000974
E[P_neut(11)] = 0.000822
E[P_neut(12)] = 0.000801
E[P_neut(13)] = 0.000706
E[P_neut(14)] = 0.000672
E[P_neut(15)] = 0.000609
E[P_neut(16)] = 0.000574
E[P_neut(17)] = 0.000573
E[P_neut(18)] = 0.000515
E[P_neut(19)] = 0.000484

---- Expected P_sel(i), 0 < i < n (selected SFS per site) 
E[P_sel(1)] = 0.003868
E[P_sel(2)] = 0.001551
E[P_sel(3)] = 0.000958
E[P_sel(4)] = 0.000656
E[P_sel(5)] = 0.000500
E[P_sel(6)] = 0.000425
E[P_sel(7)] = 0.000349
E[P_sel(8)] = 0.000291
E[P_sel(9)] = 0.000262
E[P_sel(10)] = 0.000240
E[P_sel(11)] = 0.000201
E[P_sel(12)] = 0.000195
E[P_sel(13)] = 0.000172
E[P_sel(14)] = 0.000164
E[P_sel(15)] = 0.000149
E[P_sel(16)] = 0.000142
E[P_sel(17)] = 0.000145
E[P_sel(18)] = 0.000134
E[P_sel(19)] = 0.000130

---- Expected D_neut and D_sel (neutral and selected divergence per site) 
E[D_neut] = 0.005488
E[D_sel] = 0.001641

---- Expected neutral and selected misattributed polymorphism per site
E[mis_neut] = 0.000458
E[mis_sel] = 0.000129

---- alpha_div = 0.329736
---- alpha_dfe = 0.328267



