---- Performing inference on Ns5_pa_0.01_boots/Ns5_pa_0.01.9.polyDFE.txt using model B

---- Warning: mutation variability is not used when only one neutral and one selected fragment is available.
---- No mutation variability. Using Poisson likelihood.

---- Using provided initial values


-- Starting local optimization
 it       eps_an        eps_cont      lambda        theta_bar      S_d            b             p_b           S_b           r  2          r  3          r  4          r  5          r  6          r  7          r  8          r  9          r 10          r 11          r 12          r 13          r 14          r 15          r 16          r 17          r 18          r 19          r 20         ln lk             grad     status
  0      4.50e-06      9.00e-07       0.00500       0.00100     -400.00000       0.40000       0.02000       4.00000       1.00000       1.00000       1.00000       1.00000       1.00000       1.00000       1.00000       1.00000       1.00000       1.00000       1.00000       1.00000       1.00000       1.00000       1.00000       1.00000       1.00000       1.00000       1.00000  -254160.8643426701   1760.52970   -2
278      4.50e-06      9.00e-07       0.00502       0.00954     -821.71856       0.21298       0.01812       5.72837       1.01207       1.00166       0.96566       0.98204       1.00471       0.95544       0.95176       0.99309       1.00465       0.88370       0.99319       0.96112       0.98689       0.96107       0.92214       1.01309       0.96351       0.89924       1.00484  -203.8597513508      0.00556   -3
-- Local optimization: stuck in the same solution


---- Best joint likelihood found -203.85975 with gradient 0.00556
-- Model: B
--     eps_an        eps_cont      lambda        theta_bar     a        
--    4.50e-06      9.00e-07       0.00502       0.00954       -1.00000  
--      S_d            b             p_b           S_b      
--   -821.71856       0.21298       0.01812       5.72837  
--     r  2          r  3          r  4          r  5          r  6          r  7          r  8          r  9          r 10          r 11          r 12          r 13          r 14          r 15          r 16          r 17          r 18          r 19          r 20     
--     1.01207       1.00166       0.96566       0.98204       1.00471       0.95544       0.95176       0.99309       1.00465       0.88370       0.99319       0.96112       0.98689       0.96107       0.92214       1.01309       0.96351       0.89924       1.00484  

---- Expected P_neut(i), 0 < i < n (neutral SFS per site) 
E[P_neut(1)] = 0.009541
E[P_neut(2)] = 0.004828
E[P_neut(3)] = 0.003186
E[P_neut(4)] = 0.002303
E[P_neut(5)] = 0.001874
E[P_neut(6)] = 0.001598
E[P_neut(7)] = 0.001302
E[P_neut(8)] = 0.001135
E[P_neut(9)] = 0.001053
E[P_neut(10)] = 0.000959
E[P_neut(11)] = 0.000766
E[P_neut(12)] = 0.000790
E[P_neut(13)] = 0.000705
E[P_neut(14)] = 0.000673
E[P_neut(15)] = 0.000611
E[P_neut(16)] = 0.000550
E[P_neut(17)] = 0.000569
E[P_neut(18)] = 0.000511
E[P_neut(19)] = 0.000452

---- Expected P_sel(i), 0 < i < n (selected SFS per site) 
E[P_sel(1)] = 0.003810
E[P_sel(2)] = 0.001578
E[P_sel(3)] = 0.000951
E[P_sel(4)] = 0.000651
E[P_sel(5)] = 0.000510
E[P_sel(6)] = 0.000423
E[P_sel(7)] = 0.000338
E[P_sel(8)] = 0.000290
E[P_sel(9)] = 0.000266
E[P_sel(10)] = 0.000241
E[P_sel(11)] = 0.000192
E[P_sel(12)] = 0.000198
E[P_sel(13)] = 0.000177
E[P_sel(14)] = 0.000170
E[P_sel(15)] = 0.000156
E[P_sel(16)] = 0.000142
E[P_sel(17)] = 0.000149
E[P_sel(18)] = 0.000137
E[P_sel(19)] = 0.000124

---- Expected D_neut and D_sel (neutral and selected divergence per site) 
E[D_neut] = 0.005498
E[D_sel] = 0.001615

---- Expected neutral and selected misattributed polymorphism per site
E[mis_neut] = 0.000479
E[mis_sel] = 0.000136

---- alpha_div = 0.355919
---- alpha_dfe = 0.353492



