---- Performing inference on Ns5_pa_0.01_boots/Ns5_pa_0.01.39.polyDFE.txt using model B

---- Warning: mutation variability is not used when only one neutral and one selected fragment is available.
---- No mutation variability. Using Poisson likelihood.

---- Using provided initial values


-- Starting local optimization
 it       eps_an        lambda        theta_bar      S_d            b             r  2          r  3          r  4          r  5          r  6          r  7          r  8          r  9          r 10          r 11          r 12          r 13          r 14          r 15          r 16          r 17          r 18          r 19          r 20         ln lk             grad     status
  0      4.50e-06       0.00500       0.00100     -400.00000       0.40000       1.00000       1.00000       1.00000       1.00000       1.00000       1.00000       1.00000       1.00000       1.00000       1.00000       1.00000       1.00000       1.00000       1.00000       1.00000       1.00000       1.00000       1.00000       1.00000  -270541.6506793227   1947.38827   -2
499      4.52e-06       0.00026       0.00973    -7071.78891       0.13471       0.94771       0.95904       0.91180       0.91212       0.92723       0.92607       0.91940       0.92487       0.96672       0.89263       0.95728       0.92695       0.95090       0.91927       0.95919       0.97555       0.96144       0.99407      11.74262  -358.3511117932      0.02192   -3
-- Local optimization: stuck in the same solution


---- Best joint likelihood found -358.35111 with gradient 0.02192
-- Model: B
--     eps_an        eps_cont      lambda        theta_bar     a        
--    4.52e-06      0.00e+00       0.00026       0.00973       -1.00000  
--      S_d            b             p_b           S_b      
--  -7071.78891       0.13471      0.00e+00      0.00e+00  
--     r  2          r  3          r  4          r  5          r  6          r  7          r  8          r  9          r 10          r 11          r 12          r 13          r 14          r 15          r 16          r 17          r 18          r 19          r 20     
--     0.94771       0.95904       0.91180       0.91212       0.92723       0.92607       0.91940       0.92487       0.96672       0.89263       0.95728       0.92695       0.95090       0.91927       0.95919       0.97555       0.96144       0.99407      11.74262  

---- Expected P_neut(i), 0 < i < n (neutral SFS per site) 
E[P_neut(1)] = 0.009733
E[P_neut(2)] = 0.004612
E[P_neut(3)] = 0.003112
E[P_neut(4)] = 0.002219
E[P_neut(5)] = 0.001776
E[P_neut(6)] = 0.001504
E[P_neut(7)] = 0.001288
E[P_neut(8)] = 0.001119
E[P_neut(9)] = 0.001000
E[P_neut(10)] = 0.000941
E[P_neut(11)] = 0.000790
E[P_neut(12)] = 0.000776
E[P_neut(13)] = 0.000694
E[P_neut(14)] = 0.000661
E[P_neut(15)] = 0.000597
E[P_neut(16)] = 0.000584
E[P_neut(17)] = 0.000559
E[P_neut(18)] = 0.000520
E[P_neut(19)] = 0.000509

---- Expected P_sel(i), 0 < i < n (selected SFS per site) 
E[P_sel(1)] = 0.003751
E[P_sel(2)] = 0.001554
E[P_sel(3)] = 0.000985
E[P_sel(4)] = 0.000675
E[P_sel(5)] = 0.000524
E[P_sel(6)] = 0.000434
E[P_sel(7)] = 0.000365
E[P_sel(8)] = 0.000312
E[P_sel(9)] = 0.000275
E[P_sel(10)] = 0.000255
E[P_sel(11)] = 0.000212
E[P_sel(12)] = 0.000206
E[P_sel(13)] = 0.000183
E[P_sel(14)] = 0.000173
E[P_sel(15)] = 0.000155
E[P_sel(16)] = 0.000150
E[P_sel(17)] = 0.000143
E[P_sel(18)] = 0.000132
E[P_sel(19)] = 0.000129

---- Expected D_neut and D_sel (neutral and selected divergence per site) 
E[D_neut] = 0.005977
E[D_sel] = 0.001499

---- Expected neutral and selected misattributed polymorphism per site
E[mis_neut] = 0.005715
E[mis_sel] = 0.001434

---- alpha_div = 1.177754
---- alpha_dfe = 0.000000



