---- Performing inference on Ns5_pa_0.01_boots/Ns5_pa_0.01.33.polyDFE.txt using model B

---- Warning: mutation variability is not used when only one neutral and one selected fragment is available.
---- No mutation variability. Using Poisson likelihood.

---- Using provided initial values


-- Starting local optimization
 it       eps_an        eps_cont      theta_bar      S_d            b             p_b           S_b           r  2          r  3          r  4          r  5          r  6          r  7          r  8          r  9          r 10          r 11          r 12          r 13          r 14          r 15          r 16          r 17          r 18          r 19         ln lk             grad     status
  0      4.50e-06      9.00e-07       0.00100     -400.00000       0.40000       0.02000       4.00000       1.00000       1.00000       1.00000       1.00000       1.00000       1.00000       1.00000       1.00000       1.00000       1.00000       1.00000       1.00000       1.00000       1.00000       1.00000       1.00000       1.00000       1.00000  -252956.9112159748   1729.31592   -2
318      4.50e-06      9.00e-07       0.00957     -754.74399       0.21978       0.02286       3.83734       0.98237       1.01579       0.96332       0.98133       1.02273       0.98302       0.97088       0.95340       0.99455       0.92681       1.00525       0.95499       0.98626       0.96196       0.96366       1.00398       0.98301       0.97327  -200.8025260903      0.00156   -3
-- Local optimization: stuck in the same solution


---- Best joint likelihood found -200.80253 with gradient 0.00156
-- Model: B
--     eps_an        eps_cont      theta_bar     a        
--    4.50e-06      9.00e-07       0.00957       -1.00000  
--      S_d            b             p_b           S_b      
--   -754.74399       0.21978       0.02286       3.83734  
--     r  2          r  3          r  4          r  5          r  6          r  7          r  8          r  9          r 10          r 11          r 12          r 13          r 14          r 15          r 16          r 17          r 18          r 19     
--     0.98237       1.01579       0.96332       0.98133       1.02273       0.98302       0.97088       0.95340       0.99455       0.92681       1.00525       0.95499       0.98626       0.96196       0.96366       1.00398       0.98301       0.97327  

---- Expected P_neut(i), 0 < i < n (neutral SFS per site) 
E[P_neut(1)] = 0.009571
E[P_neut(2)] = 0.004701
E[P_neut(3)] = 0.003241
E[P_neut(4)] = 0.002305
E[P_neut(5)] = 0.001878
E[P_neut(6)] = 0.001631
E[P_neut(7)] = 0.001344
E[P_neut(8)] = 0.001162
E[P_neut(9)] = 0.001014
E[P_neut(10)] = 0.000952
E[P_neut(11)] = 0.000806
E[P_neut(12)] = 0.000802
E[P_neut(13)] = 0.000703
E[P_neut(14)] = 0.000674
E[P_neut(15)] = 0.000614
E[P_neut(16)] = 0.000576
E[P_neut(17)] = 0.000565
E[P_neut(18)] = 0.000523
E[P_neut(19)] = 0.000490

---- Expected P_sel(i), 0 < i < n (selected SFS per site) 
E[P_sel(1)] = 0.003834
E[P_sel(2)] = 0.001537
E[P_sel(3)] = 0.000967
E[P_sel(4)] = 0.000651
E[P_sel(5)] = 0.000511
E[P_sel(6)] = 0.000432
E[P_sel(7)] = 0.000348
E[P_sel(8)] = 0.000297
E[P_sel(9)] = 0.000256
E[P_sel(10)] = 0.000239
E[P_sel(11)] = 0.000201
E[P_sel(12)] = 0.000200
E[P_sel(13)] = 0.000175
E[P_sel(14)] = 0.000169
E[P_sel(15)] = 0.000154
E[P_sel(16)] = 0.000146
E[P_sel(17)] = 0.000145
E[P_sel(18)] = 0.000136
E[P_sel(19)] = 0.000129

---- Expected neutral and selected misattributed polymorphism per site
E[mis_neut] = 0.000479
E[mis_sel] = 0.000128

---- alpha_div = 0.372910
---- alpha_dfe = 0.326975



