---- Performing inference on Ns5_pa_0.01_boots/Ns5_pa_0.01.55.polyDFE.txt using model B

---- Warning: mutation variability is not used when only one neutral and one selected fragment is available.
---- No mutation variability. Using Poisson likelihood.

---- Using provided initial values


-- Starting local optimization
 it       eps_an        lambda        theta_bar      S_d            b             r  2          r  3          r  4          r  5          r  6          r  7          r  8          r  9          r 10          r 11          r 12          r 13          r 14          r 15          r 16          r 17          r 18          r 19          r 20         ln lk             grad     status
  0      4.50e-06       0.00500       0.00100     -400.00000       0.40000       1.00000       1.00000       1.00000       1.00000       1.00000       1.00000       1.00000       1.00000       1.00000       1.00000       1.00000       1.00000       1.00000       1.00000       1.00000       1.00000       1.00000       1.00000       1.00000  -272513.9206240587   1954.91128   -2
638      4.49e-06       0.00016       0.00979    -8214.49589       0.13245       0.95906       0.96447       0.94185       0.91124       0.94921       0.89757       0.90274       0.93004       0.95233       0.91055       0.90250       0.91753       0.92955       0.91520       0.91915       0.98260       0.96020       0.97636      11.64781  -379.9689018961      0.01254   -6
-- Local optimization: reached maximum running time allowed


---- Best joint likelihood found -379.96890 with gradient 0.01254
-- Model: B
--     eps_an        eps_cont      lambda        theta_bar     a        
--    4.49e-06      0.00e+00       0.00016       0.00979       -1.00000  
--      S_d            b             p_b           S_b      
--  -8214.49589       0.13245      0.00e+00      0.00e+00  
--     r  2          r  3          r  4          r  5          r  6          r  7          r  8          r  9          r 10          r 11          r 12          r 13          r 14          r 15          r 16          r 17          r 18          r 19          r 20     
--     0.95906       0.96447       0.94185       0.91124       0.94921       0.89757       0.90274       0.93004       0.95233       0.91055       0.90250       0.91753       0.92955       0.91520       0.91915       0.98260       0.96020       0.97636      11.64781  

---- Expected P_neut(i), 0 < i < n (neutral SFS per site) 
E[P_neut(1)] = 0.009793
E[P_neut(2)] = 0.004696
E[P_neut(3)] = 0.003148
E[P_neut(4)] = 0.002306
E[P_neut(5)] = 0.001785
E[P_neut(6)] = 0.001549
E[P_neut(7)] = 0.001256
E[P_neut(8)] = 0.001105
E[P_neut(9)] = 0.001012
E[P_neut(10)] = 0.000933
E[P_neut(11)] = 0.000811
E[P_neut(12)] = 0.000737
E[P_neut(13)] = 0.000691
E[P_neut(14)] = 0.000650
E[P_neut(15)] = 0.000598
E[P_neut(16)] = 0.000563
E[P_neut(17)] = 0.000566
E[P_neut(18)] = 0.000522
E[P_neut(19)] = 0.000503

---- Expected P_sel(i), 0 < i < n (selected SFS per site) 
E[P_sel(1)] = 0.003751
E[P_sel(2)] = 0.001576
E[P_sel(3)] = 0.000994
E[P_sel(4)] = 0.000700
E[P_sel(5)] = 0.000526
E[P_sel(6)] = 0.000447
E[P_sel(7)] = 0.000355
E[P_sel(8)] = 0.000308
E[P_sel(9)] = 0.000278
E[P_sel(10)] = 0.000253
E[P_sel(11)] = 0.000218
E[P_sel(12)] = 0.000196
E[P_sel(13)] = 0.000182
E[P_sel(14)] = 0.000170
E[P_sel(15)] = 0.000155
E[P_sel(16)] = 0.000145
E[P_sel(17)] = 0.000145
E[P_sel(18)] = 0.000133
E[P_sel(19)] = 0.000127

---- Expected D_neut and D_sel (neutral and selected divergence per site) 
E[D_neut] = 0.005860
E[D_sel] = 0.001472

---- Expected neutral and selected misattributed polymorphism per site
E[mis_neut] = 0.005704
E[mis_sel] = 0.001433

---- alpha_div = 1.382032
---- alpha_dfe = 0.000000



