---- Performing inference on Ns5_pa_0.01_boots/Ns5_pa_0.01.24.polyDFE.txt using model B

---- Warning: mutation variability is not used when only one neutral and one selected fragment is available.
---- No mutation variability. Using Poisson likelihood.

---- Using provided initial values


-- Starting local optimization
 it       eps_an        theta_bar      S_d            b             r  2          r  3          r  4          r  5          r  6          r  7          r  8          r  9          r 10          r 11          r 12          r 13          r 14          r 15          r 16          r 17          r 18          r 19         ln lk             grad     status
  0      4.50e-06       0.00100     -400.00000       0.40000       1.00000       1.00000       1.00000       1.00000       1.00000       1.00000       1.00000       1.00000       1.00000       1.00000       1.00000       1.00000       1.00000       1.00000       1.00000       1.00000       1.00000       1.00000  -263796.8624759914   1829.89906   -2
 90      4.50e-06       0.00961    -1171.59318       0.18386       0.97440       0.98966       0.95880       0.92923       0.98469       0.96458       0.96260       0.97351       1.00668       0.92762       1.00472       0.96626       1.01889       0.96743       1.02548       1.05380       1.00907       1.03128  -213.7533682276      0.00142   -3
-- Local optimization: stuck in the same solution


---- Best joint likelihood found -213.75337 with gradient 0.00142
-- Model: B
--     eps_an        eps_cont      theta_bar     a        
--    4.50e-06      0.00e+00       0.00961       -1.00000  
--      S_d            b             p_b           S_b      
--  -1171.59318       0.18386      0.00e+00      0.00e+00  
--     r  2          r  3          r  4          r  5          r  6          r  7          r  8          r  9          r 10          r 11          r 12          r 13          r 14          r 15          r 16          r 17          r 18          r 19     
--     0.97440       0.98966       0.95880       0.92923       0.98469       0.96458       0.96260       0.97351       1.00668       0.92762       1.00472       0.96626       1.01889       0.96743       1.02548       1.05380       1.00907       1.03128  

---- Expected P_neut(i), 0 < i < n (neutral SFS per site) 
E[P_neut(1)] = 0.009606
E[P_neut(2)] = 0.004680
E[P_neut(3)] = 0.003169
E[P_neut(4)] = 0.002303
E[P_neut(5)] = 0.001785
E[P_neut(6)] = 0.001577
E[P_neut(7)] = 0.001324
E[P_neut(8)] = 0.001156
E[P_neut(9)] = 0.001039
E[P_neut(10)] = 0.000967
E[P_neut(11)] = 0.000810
E[P_neut(12)] = 0.000804
E[P_neut(13)] = 0.000714
E[P_neut(14)] = 0.000699
E[P_neut(15)] = 0.000620
E[P_neut(16)] = 0.000616
E[P_neut(17)] = 0.000595
E[P_neut(18)] = 0.000539
E[P_neut(19)] = 0.000521

---- Expected P_sel(i), 0 < i < n (selected SFS per site) 
E[P_sel(1)] = 0.003860
E[P_sel(2)] = 0.001563
E[P_sel(3)] = 0.000971
E[P_sel(4)] = 0.000668
E[P_sel(5)] = 0.000497
E[P_sel(6)] = 0.000425
E[P_sel(7)] = 0.000348
E[P_sel(8)] = 0.000297
E[P_sel(9)] = 0.000262
E[P_sel(10)] = 0.000240
E[P_sel(11)] = 0.000198
E[P_sel(12)] = 0.000194
E[P_sel(13)] = 0.000170
E[P_sel(14)] = 0.000165
E[P_sel(15)] = 0.000144
E[P_sel(16)] = 0.000142
E[P_sel(17)] = 0.000136
E[P_sel(18)] = 0.000122
E[P_sel(19)] = 0.000117

---- Expected neutral and selected misattributed polymorphism per site
E[mis_neut] = 0.000480
E[mis_sel] = 0.000107

---- alpha_div = 0.287989
---- alpha_dfe = 0.000000



