---- Performing inference on Ns5_pa_0.01_boots/Ns5_pa_0.01.8.polyDFE.txt using model B

---- Warning: mutation variability is not used when only one neutral and one selected fragment is available.
---- No mutation variability. Using Poisson likelihood.

---- Using provided initial values


-- Starting local optimization
 it       eps_an        eps_cont      theta_bar      S_d            b             p_b           S_b           r  2          r  3          r  4          r  5          r  6          r  7          r  8          r  9          r 10          r 11          r 12          r 13          r 14          r 15          r 16          r 17          r 18          r 19         ln lk             grad     status
  0      4.50e-06      9.00e-07       0.00100     -400.00000       0.40000       0.02000       4.00000       1.00000       1.00000       1.00000       1.00000       1.00000       1.00000       1.00000       1.00000       1.00000       1.00000       1.00000       1.00000       1.00000       1.00000       1.00000       1.00000       1.00000       1.00000  -252192.0358155951   1725.73159   -2
 86      4.50e-06      9.00e-07       0.00948     -728.42909       0.21998       0.02169       3.19953       1.00032       1.00131       0.98440       0.99032       1.02185       0.99439       0.96687       1.01013       1.02976       0.96662       1.00595       1.01870       1.02167       0.98696       0.97399       0.96807       0.99827       0.96913  -203.3195843944      0.09294   -3
-- Local optimization: stuck in the same solution


---- Best joint likelihood found -203.31958 with gradient 0.09294
-- Model: B
--     eps_an        eps_cont      theta_bar     a        
--    4.50e-06      9.00e-07       0.00948       -1.00000  
--      S_d            b             p_b           S_b      
--   -728.42909       0.21998       0.02169       3.19953  
--     r  2          r  3          r  4          r  5          r  6          r  7          r  8          r  9          r 10          r 11          r 12          r 13          r 14          r 15          r 16          r 17          r 18          r 19     
--     1.00032       1.00131       0.98440       0.99032       1.02185       0.99439       0.96687       1.01013       1.02976       0.96662       1.00595       1.01870       1.02167       0.98696       0.97399       0.96807       0.99827       0.96913  

---- Expected P_neut(i), 0 < i < n (neutral SFS per site) 
E[P_neut(1)] = 0.009475
E[P_neut(2)] = 0.004739
E[P_neut(3)] = 0.003163
E[P_neut(4)] = 0.002332
E[P_neut(5)] = 0.001877
E[P_neut(6)] = 0.001614
E[P_neut(7)] = 0.001346
E[P_neut(8)] = 0.001145
E[P_neut(9)] = 0.001064
E[P_neut(10)] = 0.000976
E[P_neut(11)] = 0.000833
E[P_neut(12)] = 0.000794
E[P_neut(13)] = 0.000743
E[P_neut(14)] = 0.000691
E[P_neut(15)] = 0.000623
E[P_neut(16)] = 0.000577
E[P_neut(17)] = 0.000540
E[P_neut(18)] = 0.000526
E[P_neut(19)] = 0.000483

---- Expected P_sel(i), 0 < i < n (selected SFS per site) 
E[P_sel(1)] = 0.003813
E[P_sel(2)] = 0.001554
E[P_sel(3)] = 0.000946
E[P_sel(4)] = 0.000659
E[P_sel(5)] = 0.000510
E[P_sel(6)] = 0.000426
E[P_sel(7)] = 0.000348
E[P_sel(8)] = 0.000291
E[P_sel(9)] = 0.000267
E[P_sel(10)] = 0.000243
E[P_sel(11)] = 0.000206
E[P_sel(12)] = 0.000195
E[P_sel(13)] = 0.000182
E[P_sel(14)] = 0.000170
E[P_sel(15)] = 0.000153
E[P_sel(16)] = 0.000142
E[P_sel(17)] = 0.000134
E[P_sel(18)] = 0.000131
E[P_sel(19)] = 0.000122

---- Expected neutral and selected misattributed polymorphism per site
E[mis_neut] = 0.000474
E[mis_sel] = 0.000121

---- alpha_div = 0.385841
---- alpha_dfe = 0.280162



