---- Performing inference on Ns5_pa_0.01_boots/Ns5_pa_0.01.15.polyDFE.txt using model B

---- Warning: mutation variability is not used when only one neutral and one selected fragment is available.
---- No mutation variability. Using Poisson likelihood.

---- Using provided initial values


-- Starting local optimization
 it       eps_an        lambda        theta_bar      S_d            b             r  2          r  3          r  4          r  5          r  6          r  7          r  8          r  9          r 10          r 11          r 12          r 13          r 14          r 15          r 16          r 17          r 18          r 19          r 20         ln lk             grad     status
  0      4.50e-06       0.00500       0.00100     -400.00000       0.40000       1.00000       1.00000       1.00000       1.00000       1.00000       1.00000       1.00000       1.00000       1.00000       1.00000       1.00000       1.00000       1.00000       1.00000       1.00000       1.00000       1.00000       1.00000       1.00000  -272759.8085003148   1959.42327   -2
526      4.62e-06       0.00006       0.00972    -5735.34416       0.13756       0.95834       0.95428       0.92329       0.91778       0.95044       0.94255       0.92681       0.92265       0.94828       0.90436       0.96181       0.92296       0.93938       0.90651       0.91364       0.99430       0.95746       0.98777      12.10218  -367.5158059926      0.01830   -3
-- Local optimization: stuck in the same solution


---- Best joint likelihood found -367.51581 with gradient 0.01830
-- Model: B
--     eps_an        eps_cont      lambda        theta_bar     a        
--    4.62e-06      0.00e+00       0.00006       0.00972       -1.00000  
--      S_d            b             p_b           S_b      
--  -5735.34416       0.13756      0.00e+00      0.00e+00  
--     r  2          r  3          r  4          r  5          r  6          r  7          r  8          r  9          r 10          r 11          r 12          r 13          r 14          r 15          r 16          r 17          r 18          r 19          r 20     
--     0.95834       0.95428       0.92329       0.91778       0.95044       0.94255       0.92681       0.92265       0.94828       0.90436       0.96181       0.92296       0.93938       0.90651       0.91364       0.99430       0.95746       0.98777      12.10218  

---- Expected P_neut(i), 0 < i < n (neutral SFS per site) 
E[P_neut(1)] = 0.009717
E[P_neut(2)] = 0.004656
E[P_neut(3)] = 0.003091
E[P_neut(4)] = 0.002243
E[P_neut(5)] = 0.001784
E[P_neut(6)] = 0.001539
E[P_neut(7)] = 0.001308
E[P_neut(8)] = 0.001126
E[P_neut(9)] = 0.000996
E[P_neut(10)] = 0.000921
E[P_neut(11)] = 0.000799
E[P_neut(12)] = 0.000779
E[P_neut(13)] = 0.000690
E[P_neut(14)] = 0.000652
E[P_neut(15)] = 0.000587
E[P_neut(16)] = 0.000555
E[P_neut(17)] = 0.000568
E[P_neut(18)] = 0.000517
E[P_neut(19)] = 0.000505

---- Expected P_sel(i), 0 < i < n (selected SFS per site) 
E[P_sel(1)] = 0.003789
E[P_sel(2)] = 0.001582
E[P_sel(3)] = 0.000985
E[P_sel(4)] = 0.000686
E[P_sel(5)] = 0.000530
E[P_sel(6)] = 0.000446
E[P_sel(7)] = 0.000372
E[P_sel(8)] = 0.000315
E[P_sel(9)] = 0.000275
E[P_sel(10)] = 0.000251
E[P_sel(11)] = 0.000215
E[P_sel(12)] = 0.000208
E[P_sel(13)] = 0.000182
E[P_sel(14)] = 0.000171
E[P_sel(15)] = 0.000153
E[P_sel(16)] = 0.000143
E[P_sel(17)] = 0.000146
E[P_sel(18)] = 0.000132
E[P_sel(19)] = 0.000128

---- Expected D_neut and D_sel (neutral and selected divergence per site) 
E[D_neut] = 0.005943
E[D_sel] = 0.001495

---- Expected neutral and selected misattributed polymorphism per site
E[mis_neut] = 0.005880
E[mis_sel] = 0.001479

---- alpha_div = 1.568187
---- alpha_dfe = 0.000000



