---- Performing inference on Ns5_pa_0.01_boots/Ns5_pa_0.01.44.polyDFE.txt using model B

---- Warning: mutation variability is not used when only one neutral and one selected fragment is available.
---- No mutation variability. Using Poisson likelihood.

---- Using provided initial values


-- Starting local optimization
 it       eps_an        eps_cont      lambda        theta_bar      S_d            b             p_b           S_b           r  2          r  3          r  4          r  5          r  6          r  7          r  8          r  9          r 10          r 11          r 12          r 13          r 14          r 15          r 16          r 17          r 18          r 19          r 20         ln lk             grad     status
  0      4.50e-06      9.00e-07       0.00500       0.00100     -400.00000       0.40000       0.02000       4.00000       1.00000       1.00000       1.00000       1.00000       1.00000       1.00000       1.00000       1.00000       1.00000       1.00000       1.00000       1.00000       1.00000       1.00000       1.00000       1.00000       1.00000       1.00000       1.00000  -255221.2440295102   1766.15326   -2
285      4.50e-06      9.00e-07       0.00516       0.00951     -921.98474       0.19619       0.00425      20.19938       0.98552       1.01269       0.97592       0.96658       1.00975       1.00722       0.95811       0.97612       1.00810       0.92936       1.01570       1.02521       0.99437       0.95045       0.98123       1.03866       0.97542       0.97426       0.91776  -221.3442004420      0.00135   -3
-- Local optimization: stuck in the same solution


---- Best joint likelihood found -221.34420 with gradient 0.00135
-- Model: B
--     eps_an        eps_cont      lambda        theta_bar     a        
--    4.50e-06      9.00e-07       0.00516       0.00951       -1.00000  
--      S_d            b             p_b           S_b      
--   -921.98474       0.19619       0.00425      20.19938  
--     r  2          r  3          r  4          r  5          r  6          r  7          r  8          r  9          r 10          r 11          r 12          r 13          r 14          r 15          r 16          r 17          r 18          r 19          r 20     
--     0.98552       1.01269       0.97592       0.96658       1.00975       1.00722       0.95811       0.97612       1.00810       0.92936       1.01570       1.02521       0.99437       0.95045       0.98123       1.03866       0.97542       0.97426       0.91776  

---- Expected P_neut(i), 0 < i < n (neutral SFS per site) 
E[P_neut(1)] = 0.009506
E[P_neut(2)] = 0.004684
E[P_neut(3)] = 0.003209
E[P_neut(4)] = 0.002319
E[P_neut(5)] = 0.001838
E[P_neut(6)] = 0.001600
E[P_neut(7)] = 0.001368
E[P_neut(8)] = 0.001138
E[P_neut(9)] = 0.001031
E[P_neut(10)] = 0.000958
E[P_neut(11)] = 0.000803
E[P_neut(12)] = 0.000805
E[P_neut(13)] = 0.000750
E[P_neut(14)] = 0.000675
E[P_neut(15)] = 0.000602
E[P_neut(16)] = 0.000583
E[P_neut(17)] = 0.000581
E[P_neut(18)] = 0.000515
E[P_neut(19)] = 0.000487

---- Expected P_sel(i), 0 < i < n (selected SFS per site) 
E[P_sel(1)] = 0.003840
E[P_sel(2)] = 0.001559
E[P_sel(3)] = 0.000976
E[P_sel(4)] = 0.000666
E[P_sel(5)] = 0.000507
E[P_sel(6)] = 0.000428
E[P_sel(7)] = 0.000356
E[P_sel(8)] = 0.000291
E[P_sel(9)] = 0.000259
E[P_sel(10)] = 0.000237
E[P_sel(11)] = 0.000196
E[P_sel(12)] = 0.000195
E[P_sel(13)] = 0.000181
E[P_sel(14)] = 0.000162
E[P_sel(15)] = 0.000145
E[P_sel(16)] = 0.000141
E[P_sel(17)] = 0.000142
E[P_sel(18)] = 0.000128
E[P_sel(19)] = 0.000126

---- Expected D_neut and D_sel (neutral and selected divergence per site) 
E[D_neut] = 0.005597
E[D_sel] = 0.001654

---- Expected neutral and selected misattributed polymorphism per site
E[mis_neut] = 0.000436
E[mis_sel] = 0.000119

---- alpha_div = 0.288723
---- alpha_dfe = 0.288826



