---- Performing inference on Ns5_pa_0.01_boots/Ns5_pa_0.01.51.polyDFE.txt using model B

---- Warning: mutation variability is not used when only one neutral and one selected fragment is available.
---- No mutation variability. Using Poisson likelihood.

---- Using provided initial values


-- Starting local optimization
 it       eps_an        theta_bar      S_d            b             r  2          r  3          r  4          r  5          r  6          r  7          r  8          r  9          r 10          r 11          r 12          r 13          r 14          r 15          r 16          r 17          r 18          r 19         ln lk             grad     status
  0      4.50e-06       0.00100     -400.00000       0.40000       1.00000       1.00000       1.00000       1.00000       1.00000       1.00000       1.00000       1.00000       1.00000       1.00000       1.00000       1.00000       1.00000       1.00000       1.00000       1.00000       1.00000       1.00000  -264036.7975152332   1833.42997   -2
122      4.50e-06       0.00961    -1812.12651       0.16926       0.98394       0.97274       0.96010       0.95325       0.97418       0.93976       0.95805       0.96039       1.00669       0.92962       1.00924       0.98346       1.00268       0.96790       0.97722       1.02869       1.04476       1.00168  -218.5671649885      0.00188   -3
-- Local optimization: stuck in the same solution


---- Best joint likelihood found -218.56716 with gradient 0.00188
-- Model: B
--     eps_an        eps_cont      theta_bar     a        
--    4.50e-06      0.00e+00       0.00961       -1.00000  
--      S_d            b             p_b           S_b      
--  -1812.12651       0.16926      0.00e+00      0.00e+00  
--     r  2          r  3          r  4          r  5          r  6          r  7          r  8          r  9          r 10          r 11          r 12          r 13          r 14          r 15          r 16          r 17          r 18          r 19     
--     0.98394       0.97274       0.96010       0.95325       0.97418       0.93976       0.95805       0.96039       1.00669       0.92962       1.00924       0.98346       1.00268       0.96790       0.97722       1.02869       1.04476       1.00168  

---- Expected P_neut(i), 0 < i < n (neutral SFS per site) 
E[P_neut(1)] = 0.009606
E[P_neut(2)] = 0.004726
E[P_neut(3)] = 0.003115
E[P_neut(4)] = 0.002306
E[P_neut(5)] = 0.001831
E[P_neut(6)] = 0.001560
E[P_neut(7)] = 0.001290
E[P_neut(8)] = 0.001150
E[P_neut(9)] = 0.001025
E[P_neut(10)] = 0.000967
E[P_neut(11)] = 0.000812
E[P_neut(12)] = 0.000808
E[P_neut(13)] = 0.000727
E[P_neut(14)] = 0.000688
E[P_neut(15)] = 0.000620
E[P_neut(16)] = 0.000587
E[P_neut(17)] = 0.000581
E[P_neut(18)] = 0.000558
E[P_neut(19)] = 0.000506

---- Expected P_sel(i), 0 < i < n (selected SFS per site) 
E[P_sel(1)] = 0.003801
E[P_sel(2)] = 0.001577
E[P_sel(3)] = 0.000960
E[P_sel(4)] = 0.000676
E[P_sel(5)] = 0.000517
E[P_sel(6)] = 0.000428
E[P_sel(7)] = 0.000345
E[P_sel(8)] = 0.000302
E[P_sel(9)] = 0.000264
E[P_sel(10)] = 0.000246
E[P_sel(11)] = 0.000203
E[P_sel(12)] = 0.000200
E[P_sel(13)] = 0.000178
E[P_sel(14)] = 0.000167
E[P_sel(15)] = 0.000149
E[P_sel(16)] = 0.000139
E[P_sel(17)] = 0.000137
E[P_sel(18)] = 0.000130
E[P_sel(19)] = 0.000117

---- Expected neutral and selected misattributed polymorphism per site
E[mis_neut] = 0.000480
E[mis_sel] = 0.000111

---- alpha_div = 0.241138
---- alpha_dfe = 0.000000



