---- Performing inference on Ns5_pa_0.01_boots/Ns5_pa_0.01.82.polyDFE.txt using model B

---- Warning: mutation variability is not used when only one neutral and one selected fragment is available.
---- No mutation variability. Using Poisson likelihood.

---- Using provided initial values


-- Starting local optimization
 it       eps_an        eps_cont      lambda        theta_bar      S_d            b             p_b           S_b           r  2          r  3          r  4          r  5          r  6          r  7          r  8          r  9          r 10          r 11          r 12          r 13          r 14          r 15          r 16          r 17          r 18          r 19          r 20         ln lk             grad     status
  0      4.50e-06      9.00e-07       0.00500       0.00100     -400.00000       0.40000       0.02000       4.00000       1.00000       1.00000       1.00000       1.00000       1.00000       1.00000       1.00000       1.00000       1.00000       1.00000       1.00000       1.00000       1.00000       1.00000       1.00000       1.00000       1.00000       1.00000       1.00000  -254550.9319891035   1761.62058   -2
202      4.50e-06      9.00e-07       0.00504       0.00950     -630.57068       0.22197       0.01209       9.30423       0.99061       1.00803       0.98683       0.98462       1.02431       0.97812       0.99605       1.00220       0.99557       0.98122       0.99682       0.98280       0.98844       0.97152       0.94611       1.02582       0.99926       0.97440       0.97341  -212.4488470825      0.00500   -3
-- Local optimization: stuck in the same solution


---- Best joint likelihood found -212.44885 with gradient 0.00500
-- Model: B
--     eps_an        eps_cont      lambda        theta_bar     a        
--    4.50e-06      9.00e-07       0.00504       0.00950       -1.00000  
--      S_d            b             p_b           S_b      
--   -630.57068       0.22197       0.01209       9.30423  
--     r  2          r  3          r  4          r  5          r  6          r  7          r  8          r  9          r 10          r 11          r 12          r 13          r 14          r 15          r 16          r 17          r 18          r 19          r 20     
--     0.99061       1.00803       0.98683       0.98462       1.02431       0.97812       0.99605       1.00220       0.99557       0.98122       0.99682       0.98280       0.98844       0.97152       0.94611       1.02582       0.99926       0.97440       0.97341  

---- Expected P_neut(i), 0 < i < n (neutral SFS per site) 
E[P_neut(1)] = 0.009496
E[P_neut(2)] = 0.004704
E[P_neut(3)] = 0.003191
E[P_neut(4)] = 0.002343
E[P_neut(5)] = 0.001870
E[P_neut(6)] = 0.001621
E[P_neut(7)] = 0.001327
E[P_neut(8)] = 0.001182
E[P_neut(9)] = 0.001057
E[P_neut(10)] = 0.000945
E[P_neut(11)] = 0.000847
E[P_neut(12)] = 0.000789
E[P_neut(13)] = 0.000718
E[P_neut(14)] = 0.000670
E[P_neut(15)] = 0.000615
E[P_neut(16)] = 0.000562
E[P_neut(17)] = 0.000573
E[P_neut(18)] = 0.000527
E[P_neut(19)] = 0.000487

---- Expected P_sel(i), 0 < i < n (selected SFS per site) 
E[P_sel(1)] = 0.003851
E[P_sel(2)] = 0.001543
E[P_sel(3)] = 0.000949
E[P_sel(4)] = 0.000656
E[P_sel(5)] = 0.000502
E[P_sel(6)] = 0.000422
E[P_sel(7)] = 0.000337
E[P_sel(8)] = 0.000295
E[P_sel(9)] = 0.000260
E[P_sel(10)] = 0.000230
E[P_sel(11)] = 0.000205
E[P_sel(12)] = 0.000190
E[P_sel(13)] = 0.000173
E[P_sel(14)] = 0.000163
E[P_sel(15)] = 0.000151
E[P_sel(16)] = 0.000140
E[P_sel(17)] = 0.000146
E[P_sel(18)] = 0.000138
E[P_sel(19)] = 0.000133

---- Expected D_neut and D_sel (neutral and selected divergence per site) 
E[D_neut] = 0.005499
E[D_sel] = 0.001662

---- Expected neutral and selected misattributed polymorphism per site
E[mis_neut] = 0.000462
E[mis_sel] = 0.000132

---- alpha_div = 0.370197
---- alpha_dfe = 0.370243



