---- Performing inference on Ns400_pa_0.000125_boots/Ns400_pa_0.000125.17.polyDFE.txt using model B

---- Warning: mutation variability is not used when only one neutral and one selected fragment is available.
---- No mutation variability. Using Poisson likelihood.

---- Using provided initial values


-- Starting local optimization
 it       eps_an        lambda        theta_bar      S_d            b             r  2          r  3          r  4          r  5          r  6          r  7          r  8          r  9          r 10          r 11          r 12          r 13          r 14          r 15          r 16          r 17          r 18          r 19          r 20         ln lk             grad     status
  0      4.50e-06       0.00500       0.00100     -400.00000       0.40000       1.00000       1.00000       1.00000       1.00000       1.00000       1.00000       1.00000       1.00000       1.00000       1.00000       1.00000       1.00000       1.00000       1.00000       1.00000       1.00000       1.00000       1.00000       1.00000  -220320.9662352395   1686.63216   -2
554      4.45e-06       0.00017       0.00913    -3436.29691       0.14982       0.94483       0.89812       0.90425       0.87721       0.81831       0.80395       0.77920       0.76660       0.72639       0.78246       0.75830       0.77533       0.74187       0.72866       0.82312       0.77406       0.80493       0.83137      12.42850  -369.2358142901      0.01673   -3
-- Local optimization: stuck in the same solution


---- Best joint likelihood found -369.23581 with gradient 0.01673
-- Model: B
--     eps_an        eps_cont      lambda        theta_bar     a        
--    4.45e-06      0.00e+00       0.00017       0.00913       -1.00000  
--      S_d            b             p_b           S_b      
--  -3436.29691       0.14982      0.00e+00      0.00e+00  
--     r  2          r  3          r  4          r  5          r  6          r  7          r  8          r  9          r 10          r 11          r 12          r 13          r 14          r 15          r 16          r 17          r 18          r 19          r 20     
--     0.94483       0.89812       0.90425       0.87721       0.81831       0.80395       0.77920       0.76660       0.72639       0.78246       0.75830       0.77533       0.74187       0.72866       0.82312       0.77406       0.80493       0.83137      12.42850  

---- Expected P_neut(i), 0 < i < n (neutral SFS per site) 
E[P_neut(1)] = 0.009129
E[P_neut(2)] = 0.004313
E[P_neut(3)] = 0.002733
E[P_neut(4)] = 0.002064
E[P_neut(5)] = 0.001602
E[P_neut(6)] = 0.001245
E[P_neut(7)] = 0.001048
E[P_neut(8)] = 0.000889
E[P_neut(9)] = 0.000778
E[P_neut(10)] = 0.000663
E[P_neut(11)] = 0.000649
E[P_neut(12)] = 0.000577
E[P_neut(13)] = 0.000544
E[P_neut(14)] = 0.000484
E[P_neut(15)] = 0.000443
E[P_neut(16)] = 0.000470
E[P_neut(17)] = 0.000416
E[P_neut(18)] = 0.000408
E[P_neut(19)] = 0.000399

---- Expected P_sel(i), 0 < i < n (selected SFS per site) 
E[P_sel(1)] = 0.003582
E[P_sel(2)] = 0.001456
E[P_sel(3)] = 0.000860
E[P_sel(4)] = 0.000621
E[P_sel(5)] = 0.000467
E[P_sel(6)] = 0.000354
E[P_sel(7)] = 0.000292
E[P_sel(8)] = 0.000243
E[P_sel(9)] = 0.000209
E[P_sel(10)] = 0.000176
E[P_sel(11)] = 0.000170
E[P_sel(12)] = 0.000150
E[P_sel(13)] = 0.000140
E[P_sel(14)] = 0.000123
E[P_sel(15)] = 0.000112
E[P_sel(16)] = 0.000117
E[P_sel(17)] = 0.000103
E[P_sel(18)] = 0.000101
E[P_sel(19)] = 0.000098

---- Expected D_neut and D_sel (neutral and selected divergence per site) 
E[D_neut] = 0.005846
E[D_sel] = 0.001422

---- Expected neutral and selected misattributed polymorphism per site
E[mis_neut] = 0.005673
E[mis_sel] = 0.001380

---- alpha_div = 1.326875
---- alpha_dfe = 0.000000



