---- Performing inference on Ns400_pa_0.000125_boots/Ns400_pa_0.000125.6.polyDFE.txt using model B

---- Warning: mutation variability is not used when only one neutral and one selected fragment is available.
---- No mutation variability. Using Poisson likelihood.

---- Using provided initial values


-- Starting local optimization
 it       eps_an        eps_cont      lambda        theta_bar      S_d            b             p_b           S_b           r  2          r  3          r  4          r  5          r  6          r  7          r  8          r  9          r 10          r 11          r 12          r 13          r 14          r 15          r 16          r 17          r 18          r 19          r 20         ln lk             grad     status
  0      4.50e-06      9.00e-07       0.00500       0.00100     -400.00000       0.40000       0.02000       4.00000       1.00000       1.00000       1.00000       1.00000       1.00000       1.00000       1.00000       1.00000       1.00000       1.00000       1.00000       1.00000       1.00000       1.00000       1.00000       1.00000       1.00000       1.00000       1.00000  -207416.8398771804   1527.29721   -2
142      4.49e-06      9.00e-07       0.00505       0.00900     -637.18705       0.21520       0.00234      37.42836       0.97092       0.94719       0.92408       0.93528       0.88483       0.88949       0.86414       0.81269       0.81565       0.77523       0.82646       0.85954       0.79837       0.84272       0.82578       0.82627       0.84150       0.84377       0.84063  -211.3047847173      0.05496   -3
-- Local optimization: stuck in the same solution


---- Best joint likelihood found -211.30478 with gradient 0.05496
-- Model: B
--     eps_an        eps_cont      lambda        theta_bar     a        
--    4.49e-06      9.00e-07       0.00505       0.00900       -1.00000  
--      S_d            b             p_b           S_b      
--   -637.18705       0.21520       0.00234      37.42836  
--     r  2          r  3          r  4          r  5          r  6          r  7          r  8          r  9          r 10          r 11          r 12          r 13          r 14          r 15          r 16          r 17          r 18          r 19          r 20     
--     0.97092       0.94719       0.92408       0.93528       0.88483       0.88949       0.86414       0.81269       0.81565       0.77523       0.82646       0.85954       0.79837       0.84272       0.82578       0.82627       0.84150       0.84377       0.84063  

---- Expected P_neut(i), 0 < i < n (neutral SFS per site) 
E[P_neut(1)] = 0.008995
E[P_neut(2)] = 0.004367
E[P_neut(3)] = 0.002840
E[P_neut(4)] = 0.002078
E[P_neut(5)] = 0.001683
E[P_neut(6)] = 0.001327
E[P_neut(7)] = 0.001143
E[P_neut(8)] = 0.000972
E[P_neut(9)] = 0.000812
E[P_neut(10)] = 0.000734
E[P_neut(11)] = 0.000634
E[P_neut(12)] = 0.000620
E[P_neut(13)] = 0.000595
E[P_neut(14)] = 0.000513
E[P_neut(15)] = 0.000505
E[P_neut(16)] = 0.000464
E[P_neut(17)] = 0.000437
E[P_neut(18)] = 0.000421
E[P_neut(19)] = 0.000400

---- Expected P_sel(i), 0 < i < n (selected SFS per site) 
E[P_sel(1)] = 0.003658
E[P_sel(2)] = 0.001435
E[P_sel(3)] = 0.000844
E[P_sel(4)] = 0.000580
E[P_sel(5)] = 0.000448
E[P_sel(6)] = 0.000341
E[P_sel(7)] = 0.000285
E[P_sel(8)] = 0.000237
E[P_sel(9)] = 0.000194
E[P_sel(10)] = 0.000172
E[P_sel(11)] = 0.000147
E[P_sel(12)] = 0.000141
E[P_sel(13)] = 0.000134
E[P_sel(14)] = 0.000115
E[P_sel(15)] = 0.000113
E[P_sel(16)] = 0.000103
E[P_sel(17)] = 0.000098
E[P_sel(18)] = 0.000096
E[P_sel(19)] = 0.000094

---- Expected D_neut and D_sel (neutral and selected divergence per site) 
E[D_neut] = 0.005429
E[D_sel] = 0.001555

---- Expected neutral and selected misattributed polymorphism per site
E[mis_neut] = 0.000378
E[mis_sel] = 0.000096

---- alpha_div = 0.304036
---- alpha_dfe = 0.302889



