---- Performing inference on Ns400_pa_0.000125_boots/Ns400_pa_0.000125.78.polyDFE.txt using model B

---- Warning: mutation variability is not used when only one neutral and one selected fragment is available.
---- No mutation variability. Using Poisson likelihood.

---- Using provided initial values


-- Starting local optimization
 it       eps_an        lambda        theta_bar      S_d            b             r  2          r  3          r  4          r  5          r  6          r  7          r  8          r  9          r 10          r 11          r 12          r 13          r 14          r 15          r 16          r 17          r 18          r 19          r 20         ln lk             grad     status
  0      4.50e-06       0.00500       0.00100     -400.00000       0.40000       1.00000       1.00000       1.00000       1.00000       1.00000       1.00000       1.00000       1.00000       1.00000       1.00000       1.00000       1.00000       1.00000       1.00000       1.00000       1.00000       1.00000       1.00000       1.00000  -222550.2640978452   1696.98494   -2
763      4.25e-06       0.00006       0.00922    -3771.60559       0.14903       0.93829       0.91120       0.88091       0.85125       0.82967       0.81789       0.78246       0.79334       0.76873       0.77908       0.75883       0.79809       0.76269       0.75103       0.77601       0.80890       0.78382       0.87257      12.68630  -364.1745060558      0.01886   -6
-- Local optimization: reached maximum running time allowed


---- Best joint likelihood found -364.17451 with gradient 0.01886
-- Model: B
--     eps_an        eps_cont      lambda        theta_bar     a        
--    4.25e-06      0.00e+00       0.00006       0.00922       -1.00000  
--      S_d            b             p_b           S_b      
--  -3771.60559       0.14903      0.00e+00      0.00e+00  
--     r  2          r  3          r  4          r  5          r  6          r  7          r  8          r  9          r 10          r 11          r 12          r 13          r 14          r 15          r 16          r 17          r 18          r 19          r 20     
--     0.93829       0.91120       0.88091       0.85125       0.82967       0.81789       0.78246       0.79334       0.76873       0.77908       0.75883       0.79809       0.76269       0.75103       0.77601       0.80890       0.78382       0.87257      12.68630  

---- Expected P_neut(i), 0 < i < n (neutral SFS per site) 
E[P_neut(1)] = 0.009218
E[P_neut(2)] = 0.004324
E[P_neut(3)] = 0.002800
E[P_neut(4)] = 0.002030
E[P_neut(5)] = 0.001569
E[P_neut(6)] = 0.001275
E[P_neut(7)] = 0.001077
E[P_neut(8)] = 0.000902
E[P_neut(9)] = 0.000813
E[P_neut(10)] = 0.000709
E[P_neut(11)] = 0.000653
E[P_neut(12)] = 0.000583
E[P_neut(13)] = 0.000566
E[P_neut(14)] = 0.000502
E[P_neut(15)] = 0.000462
E[P_neut(16)] = 0.000447
E[P_neut(17)] = 0.000439
E[P_neut(18)] = 0.000401
E[P_neut(19)] = 0.000423

---- Expected P_sel(i), 0 < i < n (selected SFS per site) 
E[P_sel(1)] = 0.003582
E[P_sel(2)] = 0.001447
E[P_sel(3)] = 0.000874
E[P_sel(4)] = 0.000606
E[P_sel(5)] = 0.000454
E[P_sel(6)] = 0.000359
E[P_sel(7)] = 0.000297
E[P_sel(8)] = 0.000244
E[P_sel(9)] = 0.000217
E[P_sel(10)] = 0.000187
E[P_sel(11)] = 0.000170
E[P_sel(12)] = 0.000150
E[P_sel(13)] = 0.000144
E[P_sel(14)] = 0.000127
E[P_sel(15)] = 0.000115
E[P_sel(16)] = 0.000111
E[P_sel(17)] = 0.000108
E[P_sel(18)] = 0.000098
E[P_sel(19)] = 0.000103

---- Expected D_neut and D_sel (neutral and selected divergence per site) 
E[D_neut] = 0.005902
E[D_sel] = 0.001425

---- Expected neutral and selected misattributed polymorphism per site
E[mis_neut] = 0.005847
E[mis_sel] = 0.001412

---- alpha_div = 1.575082
---- alpha_dfe = 0.000000



