---- Performing inference on Ns400_pa_0.000125_boots/Ns400_pa_0.000125.40.polyDFE.txt using model B

---- Warning: mutation variability is not used when only one neutral and one selected fragment is available.
---- No mutation variability. Using Poisson likelihood.

---- Using provided initial values


-- Starting local optimization
 it       eps_an        eps_cont      lambda        theta_bar      S_d            b             p_b           S_b           r  2          r  3          r  4          r  5          r  6          r  7          r  8          r  9          r 10          r 11          r 12          r 13          r 14          r 15          r 16          r 17          r 18          r 19          r 20         ln lk             grad     status
  0      4.50e-06      9.00e-07       0.00500       0.00100     -400.00000       0.40000       0.02000       4.00000       1.00000       1.00000       1.00000       1.00000       1.00000       1.00000       1.00000       1.00000       1.00000       1.00000       1.00000       1.00000       1.00000       1.00000       1.00000       1.00000       1.00000       1.00000       1.00000  -204502.7913871783   1512.75639   -2
154      4.49e-06      9.00e-07       0.00518       0.00897     -831.13267       0.20388       0.00207      37.42978       0.96020       0.94135       0.92829       0.93154       0.88051       0.85767       0.84055       0.82710       0.80985       0.80723       0.82035       0.85545       0.78998       0.82342       0.83733       0.84536       0.87162       0.85165       0.76094  -213.7283151622      0.02732   -3
-- Local optimization: stuck in the same solution


---- Best joint likelihood found -213.72832 with gradient 0.02732
-- Model: B
--     eps_an        eps_cont      lambda        theta_bar     a        
--    4.49e-06      9.00e-07       0.00518       0.00897       -1.00000  
--      S_d            b             p_b           S_b      
--   -831.13267       0.20388       0.00207      37.42978  
--     r  2          r  3          r  4          r  5          r  6          r  7          r  8          r  9          r 10          r 11          r 12          r 13          r 14          r 15          r 16          r 17          r 18          r 19          r 20     
--     0.96020       0.94135       0.92829       0.93154       0.88051       0.85767       0.84055       0.82710       0.80985       0.80723       0.82035       0.85545       0.78998       0.82342       0.83733       0.84536       0.87162       0.85165       0.76094  

---- Expected P_neut(i), 0 < i < n (neutral SFS per site) 
E[P_neut(1)] = 0.008969
E[P_neut(2)] = 0.004306
E[P_neut(3)] = 0.002814
E[P_neut(4)] = 0.002081
E[P_neut(5)] = 0.001671
E[P_neut(6)] = 0.001316
E[P_neut(7)] = 0.001099
E[P_neut(8)] = 0.000942
E[P_neut(9)] = 0.000824
E[P_neut(10)] = 0.000726
E[P_neut(11)] = 0.000658
E[P_neut(12)] = 0.000613
E[P_neut(13)] = 0.000590
E[P_neut(14)] = 0.000506
E[P_neut(15)] = 0.000492
E[P_neut(16)] = 0.000469
E[P_neut(17)] = 0.000446
E[P_neut(18)] = 0.000434
E[P_neut(19)] = 0.000402

---- Expected P_sel(i), 0 < i < n (selected SFS per site) 
E[P_sel(1)] = 0.003586
E[P_sel(2)] = 0.001405
E[P_sel(3)] = 0.000835
E[P_sel(4)] = 0.000582
E[P_sel(5)] = 0.000447
E[P_sel(6)] = 0.000340
E[P_sel(7)] = 0.000276
E[P_sel(8)] = 0.000232
E[P_sel(9)] = 0.000199
E[P_sel(10)] = 0.000172
E[P_sel(11)] = 0.000154
E[P_sel(12)] = 0.000142
E[P_sel(13)] = 0.000135
E[P_sel(14)] = 0.000115
E[P_sel(15)] = 0.000111
E[P_sel(16)] = 0.000106
E[P_sel(17)] = 0.000101
E[P_sel(18)] = 0.000099
E[P_sel(19)] = 0.000095

---- Expected D_neut and D_sel (neutral and selected divergence per site) 
E[D_neut] = 0.005524
E[D_sel] = 0.001551

---- Expected neutral and selected misattributed polymorphism per site
E[mis_neut] = 0.000341
E[mis_sel] = 0.000086

---- alpha_div = 0.274541
---- alpha_dfe = 0.273737



