---- Performing inference on Ns400_pa_0.000125_boots/Ns400_pa_0.000125.75.polyDFE.txt using model B

---- Warning: mutation variability is not used when only one neutral and one selected fragment is available.
---- No mutation variability. Using Poisson likelihood.

---- Using provided initial values


-- Starting local optimization
 it       eps_an        theta_bar      S_d            b             r  2          r  3          r  4          r  5          r  6          r  7          r  8          r  9          r 10          r 11          r 12          r 13          r 14          r 15          r 16          r 17          r 18          r 19         ln lk             grad     status
  0      4.50e-06       0.00100     -400.00000       0.40000       1.00000       1.00000       1.00000       1.00000       1.00000       1.00000       1.00000       1.00000       1.00000       1.00000       1.00000       1.00000       1.00000       1.00000       1.00000       1.00000       1.00000       1.00000  -210768.8235902621   1560.57965   -2
130      4.50e-06       0.00892     -900.14202       0.19668       0.96988       0.92805       0.92773       0.93282       0.85327       0.84316       0.85284       0.82168       0.78394       0.80525       0.83879       0.83193       0.78658       0.81529       0.85827       0.86319       0.85489       0.92095  -197.3982235144      0.00073   -3
-- Local optimization: stuck in the same solution


---- Best joint likelihood found -197.39822 with gradient 0.00073
-- Model: B
--     eps_an        eps_cont      theta_bar     a        
--    4.50e-06      0.00e+00       0.00892       -1.00000  
--      S_d            b             p_b           S_b      
--   -900.14202       0.19668      0.00e+00      0.00e+00  
--     r  2          r  3          r  4          r  5          r  6          r  7          r  8          r  9          r 10          r 11          r 12          r 13          r 14          r 15          r 16          r 17          r 18          r 19     
--     0.96988       0.92805       0.92773       0.93282       0.85327       0.84316       0.85284       0.82168       0.78394       0.80525       0.83879       0.83193       0.78658       0.81529       0.85827       0.86319       0.85489       0.92095  

---- Expected P_neut(i), 0 < i < n (neutral SFS per site) 
E[P_neut(1)] = 0.008924
E[P_neut(2)] = 0.004328
E[P_neut(3)] = 0.002761
E[P_neut(4)] = 0.002070
E[P_neut(5)] = 0.001665
E[P_neut(6)] = 0.001269
E[P_neut(7)] = 0.001075
E[P_neut(8)] = 0.000951
E[P_neut(9)] = 0.000815
E[P_neut(10)] = 0.000700
E[P_neut(11)] = 0.000653
E[P_neut(12)] = 0.000624
E[P_neut(13)] = 0.000571
E[P_neut(14)] = 0.000501
E[P_neut(15)] = 0.000485
E[P_neut(16)] = 0.000479
E[P_neut(17)] = 0.000453
E[P_neut(18)] = 0.000424
E[P_neut(19)] = 0.000433

---- Expected P_sel(i), 0 < i < n (selected SFS per site) 
E[P_sel(1)] = 0.003591
E[P_sel(2)] = 0.001429
E[P_sel(3)] = 0.000831
E[P_sel(4)] = 0.000587
E[P_sel(5)] = 0.000452
E[P_sel(6)] = 0.000333
E[P_sel(7)] = 0.000275
E[P_sel(8)] = 0.000238
E[P_sel(9)] = 0.000199
E[P_sel(10)] = 0.000168
E[P_sel(11)] = 0.000155
E[P_sel(12)] = 0.000145
E[P_sel(13)] = 0.000131
E[P_sel(14)] = 0.000114
E[P_sel(15)] = 0.000109
E[P_sel(16)] = 0.000106
E[P_sel(17)] = 0.000100
E[P_sel(18)] = 0.000092
E[P_sel(19)] = 0.000094

---- Expected neutral and selected misattributed polymorphism per site
E[mis_neut] = 0.000446
E[mis_sel] = 0.000096

---- alpha_div = 0.273769
---- alpha_dfe = 0.000000



