---- Performing inference on Ns400_pa_0.000125_boots/Ns400_pa_0.000125.40.polyDFE.txt using model B

---- Warning: mutation variability is not used when only one neutral and one selected fragment is available.
---- No mutation variability. Using Poisson likelihood.

---- Using provided initial values


-- Starting local optimization
 it       eps_an        lambda        theta_bar      S_d            b             r  2          r  3          r  4          r  5          r  6          r  7          r  8          r  9          r 10          r 11          r 12          r 13          r 14          r 15          r 16          r 17          r 18          r 19          r 20         ln lk             grad     status
  0      4.50e-06       0.00500       0.00100     -400.00000       0.40000       1.00000       1.00000       1.00000       1.00000       1.00000       1.00000       1.00000       1.00000       1.00000       1.00000       1.00000       1.00000       1.00000       1.00000       1.00000       1.00000       1.00000       1.00000       1.00000  -218669.2134434205   1676.15790   -2
562      4.40e-06       0.00017       0.00914    -3933.86614       0.14904       0.93348       0.90446       0.88582       0.88499       0.83376       0.81032       0.79269       0.77881       0.76184       0.75880       0.77118       0.80422       0.74339       0.77592       0.79113       0.80243       0.83457       0.82779      12.57371  -351.1046188751      0.02213   -3
-- Local optimization: stuck in the same solution


---- Best joint likelihood found -351.10462 with gradient 0.02213
-- Model: B
--     eps_an        eps_cont      lambda        theta_bar     a        
--    4.40e-06      0.00e+00       0.00017       0.00914       -1.00000  
--      S_d            b             p_b           S_b      
--  -3933.86614       0.14904      0.00e+00      0.00e+00  
--     r  2          r  3          r  4          r  5          r  6          r  7          r  8          r  9          r 10          r 11          r 12          r 13          r 14          r 15          r 16          r 17          r 18          r 19          r 20     
--     0.93348       0.90446       0.88582       0.88499       0.83376       0.81032       0.79269       0.77881       0.76184       0.75880       0.77118       0.80422       0.74339       0.77592       0.79113       0.80243       0.83457       0.82779      12.57371  

---- Expected P_neut(i), 0 < i < n (neutral SFS per site) 
E[P_neut(1)] = 0.009140
E[P_neut(2)] = 0.004266
E[P_neut(3)] = 0.002756
E[P_neut(4)] = 0.002024
E[P_neut(5)] = 0.001618
E[P_neut(6)] = 0.001270
E[P_neut(7)] = 0.001058
E[P_neut(8)] = 0.000906
E[P_neut(9)] = 0.000791
E[P_neut(10)] = 0.000696
E[P_neut(11)] = 0.000630
E[P_neut(12)] = 0.000587
E[P_neut(13)] = 0.000565
E[P_neut(14)] = 0.000485
E[P_neut(15)] = 0.000473
E[P_neut(16)] = 0.000452
E[P_neut(17)] = 0.000431
E[P_neut(18)] = 0.000424
E[P_neut(19)] = 0.000398

---- Expected P_sel(i), 0 < i < n (selected SFS per site) 
E[P_sel(1)] = 0.003530
E[P_sel(2)] = 0.001418
E[P_sel(3)] = 0.000855
E[P_sel(4)] = 0.000601
E[P_sel(5)] = 0.000465
E[P_sel(6)] = 0.000356
E[P_sel(7)] = 0.000290
E[P_sel(8)] = 0.000244
E[P_sel(9)] = 0.000210
E[P_sel(10)] = 0.000182
E[P_sel(11)] = 0.000163
E[P_sel(12)] = 0.000150
E[P_sel(13)] = 0.000143
E[P_sel(14)] = 0.000122
E[P_sel(15)] = 0.000118
E[P_sel(16)] = 0.000111
E[P_sel(17)] = 0.000106
E[P_sel(18)] = 0.000103
E[P_sel(19)] = 0.000096

---- Expected D_neut and D_sel (neutral and selected divergence per site) 
E[D_neut] = 0.005918
E[D_sel] = 0.001420

---- Expected neutral and selected misattributed polymorphism per site
E[mis_neut] = 0.005746
E[mis_sel] = 0.001379

---- alpha_div = 1.309333
---- alpha_dfe = 0.000000



