---- Performing inference on Ns400_pa_0.000125_boots/Ns400_pa_0.000125.83.polyDFE.txt using model B

---- Warning: mutation variability is not used when only one neutral and one selected fragment is available.
---- No mutation variability. Using Poisson likelihood.

---- Using provided initial values


-- Starting local optimization
 it       eps_an        eps_cont      lambda        theta_bar      S_d            b             p_b           S_b           r  2          r  3          r  4          r  5          r  6          r  7          r  8          r  9          r 10          r 11          r 12          r 13          r 14          r 15          r 16          r 17          r 18          r 19          r 20         ln lk             grad     status
  0      4.50e-06      9.00e-07       0.00500       0.00100     -400.00000       0.40000       0.02000       4.00000       1.00000       1.00000       1.00000       1.00000       1.00000       1.00000       1.00000       1.00000       1.00000       1.00000       1.00000       1.00000       1.00000       1.00000       1.00000       1.00000       1.00000       1.00000       1.00000  -204994.9189324440   1514.48731   -2
175      4.49e-06      9.00e-07       0.00492       0.00898     -619.00896       0.21753       0.00250      37.42424       0.96739       0.94523       0.91593       0.92572       0.87048       0.85922       0.85390       0.81901       0.82961       0.79142       0.80024       0.86297       0.78392       0.83742       0.84477       0.76650       0.85382       0.88214       0.98189  -218.5913535221      0.09874   -3
-- Local optimization: stuck in the same solution


---- Best joint likelihood found -218.59135 with gradient 0.09874
-- Model: B
--     eps_an        eps_cont      lambda        theta_bar     a        
--    4.49e-06      9.00e-07       0.00492       0.00898       -1.00000  
--      S_d            b             p_b           S_b      
--   -619.00896       0.21753       0.00250      37.42424  
--     r  2          r  3          r  4          r  5          r  6          r  7          r  8          r  9          r 10          r 11          r 12          r 13          r 14          r 15          r 16          r 17          r 18          r 19          r 20     
--     0.96739       0.94523       0.91593       0.92572       0.87048       0.85922       0.85390       0.81901       0.82961       0.79142       0.80024       0.86297       0.78392       0.83742       0.84477       0.76650       0.85382       0.88214       0.98189  

---- Expected P_neut(i), 0 < i < n (neutral SFS per site) 
E[P_neut(1)] = 0.008979
E[P_neut(2)] = 0.004343
E[P_neut(3)] = 0.002829
E[P_neut(4)] = 0.002056
E[P_neut(5)] = 0.001662
E[P_neut(6)] = 0.001303
E[P_neut(7)] = 0.001102
E[P_neut(8)] = 0.000958
E[P_neut(9)] = 0.000817
E[P_neut(10)] = 0.000745
E[P_neut(11)] = 0.000646
E[P_neut(12)] = 0.000599
E[P_neut(13)] = 0.000596
E[P_neut(14)] = 0.000503
E[P_neut(15)] = 0.000501
E[P_neut(16)] = 0.000474
E[P_neut(17)] = 0.000405
E[P_neut(18)] = 0.000426
E[P_neut(19)] = 0.000417

---- Expected P_sel(i), 0 < i < n (selected SFS per site) 
E[P_sel(1)] = 0.003648
E[P_sel(2)] = 0.001422
E[P_sel(3)] = 0.000837
E[P_sel(4)] = 0.000571
E[P_sel(5)] = 0.000441
E[P_sel(6)] = 0.000333
E[P_sel(7)] = 0.000274
E[P_sel(8)] = 0.000232
E[P_sel(9)] = 0.000194
E[P_sel(10)] = 0.000174
E[P_sel(11)] = 0.000149
E[P_sel(12)] = 0.000136
E[P_sel(13)] = 0.000134
E[P_sel(14)] = 0.000112
E[P_sel(15)] = 0.000111
E[P_sel(16)] = 0.000105
E[P_sel(17)] = 0.000090
E[P_sel(18)] = 0.000097
E[P_sel(19)] = 0.000098

---- Expected D_neut and D_sel (neutral and selected divergence per site) 
E[D_neut] = 0.005361
E[D_sel] = 0.001554

---- Expected neutral and selected misattributed polymorphism per site
E[mis_neut] = 0.000441
E[mis_sel] = 0.000112

---- alpha_div = 0.321391
---- alpha_dfe = 0.319073



