---- Performing inference on Ns400_pa_0.000125_boots/Ns400_pa_0.000125.61.polyDFE.txt using model B

---- Warning: mutation variability is not used when only one neutral and one selected fragment is available.
---- No mutation variability. Using Poisson likelihood.

---- Using provided initial values


-- Starting local optimization
 it       eps_an        theta_bar      S_d            b             r  2          r  3          r  4          r  5          r  6          r  7          r  8          r  9          r 10          r 11          r 12          r 13          r 14          r 15          r 16          r 17          r 18          r 19         ln lk             grad     status
  0      4.50e-06       0.00100     -400.00000       0.40000       1.00000       1.00000       1.00000       1.00000       1.00000       1.00000       1.00000       1.00000       1.00000       1.00000       1.00000       1.00000       1.00000       1.00000       1.00000       1.00000       1.00000       1.00000  -212427.9340584117   1567.73993   -2
149      4.50e-06       0.00908     -981.66727       0.19404       0.94673       0.92115       0.90624       0.91313       0.84730       0.83725       0.82874       0.80697       0.81423       0.80774       0.80550       0.80921       0.80533       0.81031       0.84765       0.83739       0.83427       0.90234  -206.8321265254      0.00041   -3
-- Local optimization: stuck in the same solution


---- Best joint likelihood found -206.83213 with gradient 0.00041
-- Model: B
--     eps_an        eps_cont      theta_bar     a        
--    4.50e-06      0.00e+00       0.00908       -1.00000  
--      S_d            b             p_b           S_b      
--   -981.66727       0.19404      0.00e+00      0.00e+00  
--     r  2          r  3          r  4          r  5          r  6          r  7          r  8          r  9          r 10          r 11          r 12          r 13          r 14          r 15          r 16          r 17          r 18          r 19     
--     0.94673       0.92115       0.90624       0.91313       0.84730       0.83725       0.82874       0.80697       0.81423       0.80774       0.80550       0.80921       0.80533       0.81031       0.84765       0.83739       0.83427       0.90234  

---- Expected P_neut(i), 0 < i < n (neutral SFS per site) 
E[P_neut(1)] = 0.009078
E[P_neut(2)] = 0.004297
E[P_neut(3)] = 0.002788
E[P_neut(4)] = 0.002057
E[P_neut(5)] = 0.001658
E[P_neut(6)] = 0.001282
E[P_neut(7)] = 0.001086
E[P_neut(8)] = 0.000940
E[P_neut(9)] = 0.000814
E[P_neut(10)] = 0.000739
E[P_neut(11)] = 0.000667
E[P_neut(12)] = 0.000609
E[P_neut(13)] = 0.000565
E[P_neut(14)] = 0.000522
E[P_neut(15)] = 0.000490
E[P_neut(16)] = 0.000481
E[P_neut(17)] = 0.000447
E[P_neut(18)] = 0.000421
E[P_neut(19)] = 0.000431

---- Expected P_sel(i), 0 < i < n (selected SFS per site) 
E[P_sel(1)] = 0.003627
E[P_sel(2)] = 0.001413
E[P_sel(3)] = 0.000836
E[P_sel(4)] = 0.000582
E[P_sel(5)] = 0.000450
E[P_sel(6)] = 0.000336
E[P_sel(7)] = 0.000277
E[P_sel(8)] = 0.000235
E[P_sel(9)] = 0.000199
E[P_sel(10)] = 0.000178
E[P_sel(11)] = 0.000158
E[P_sel(12)] = 0.000142
E[P_sel(13)] = 0.000130
E[P_sel(14)] = 0.000119
E[P_sel(15)] = 0.000110
E[P_sel(16)] = 0.000107
E[P_sel(17)] = 0.000099
E[P_sel(18)] = 0.000092
E[P_sel(19)] = 0.000093

---- Expected neutral and selected misattributed polymorphism per site
E[mis_neut] = 0.000454
E[mis_sel] = 0.000097

---- alpha_div = 0.285514
---- alpha_dfe = 0.000000



