---- Performing inference on Ns400_pa_0.000125_boots/Ns400_pa_0.000125.90.polyDFE.txt using model B

---- Warning: mutation variability is not used when only one neutral and one selected fragment is available.
---- No mutation variability. Using Poisson likelihood.

---- Using provided initial values


-- Starting local optimization
 it       eps_an        theta_bar      S_d            b             r  2          r  3          r  4          r  5          r  6          r  7          r  8          r  9          r 10          r 11          r 12          r 13          r 14          r 15          r 16          r 17          r 18          r 19         ln lk             grad     status
  0      4.50e-06       0.00100     -400.00000       0.40000       1.00000       1.00000       1.00000       1.00000       1.00000       1.00000       1.00000       1.00000       1.00000       1.00000       1.00000       1.00000       1.00000       1.00000       1.00000       1.00000       1.00000       1.00000  -211560.4398081966   1564.24997   -2
166      4.50e-06       0.00897     -875.13558       0.19752       0.97384       0.92856       0.93063       0.91282       0.85955       0.84074       0.85645       0.80136       0.79173       0.79960       0.79601       0.83345       0.78140       0.75755       0.84061       0.85193       0.81800       0.91216  -198.9167094740      0.00206   -3
-- Local optimization: stuck in the same solution


---- Best joint likelihood found -198.91671 with gradient 0.00206
-- Model: B
--     eps_an        eps_cont      theta_bar     a        
--    4.50e-06      0.00e+00       0.00897       -1.00000  
--      S_d            b             p_b           S_b      
--   -875.13558       0.19752      0.00e+00      0.00e+00  
--     r  2          r  3          r  4          r  5          r  6          r  7          r  8          r  9          r 10          r 11          r 12          r 13          r 14          r 15          r 16          r 17          r 18          r 19     
--     0.97384       0.92856       0.93063       0.91282       0.85955       0.84074       0.85645       0.80136       0.79173       0.79960       0.79601       0.83345       0.78140       0.75755       0.84061       0.85193       0.81800       0.91216  

---- Expected P_neut(i), 0 < i < n (neutral SFS per site) 
E[P_neut(1)] = 0.008970
E[P_neut(2)] = 0.004368
E[P_neut(3)] = 0.002777
E[P_neut(4)] = 0.002087
E[P_neut(5)] = 0.001638
E[P_neut(6)] = 0.001285
E[P_neut(7)] = 0.001077
E[P_neut(8)] = 0.000960
E[P_neut(9)] = 0.000799
E[P_neut(10)] = 0.000710
E[P_neut(11)] = 0.000652
E[P_neut(12)] = 0.000595
E[P_neut(13)] = 0.000575
E[P_neut(14)] = 0.000501
E[P_neut(15)] = 0.000453
E[P_neut(16)] = 0.000471
E[P_neut(17)] = 0.000450
E[P_neut(18)] = 0.000408
E[P_neut(19)] = 0.000431

---- Expected P_sel(i), 0 < i < n (selected SFS per site) 
E[P_sel(1)] = 0.003618
E[P_sel(2)] = 0.001445
E[P_sel(3)] = 0.000837
E[P_sel(4)] = 0.000593
E[P_sel(5)] = 0.000445
E[P_sel(6)] = 0.000338
E[P_sel(7)] = 0.000276
E[P_sel(8)] = 0.000240
E[P_sel(9)] = 0.000195
E[P_sel(10)] = 0.000171
E[P_sel(11)] = 0.000154
E[P_sel(12)] = 0.000139
E[P_sel(13)] = 0.000132
E[P_sel(14)] = 0.000114
E[P_sel(15)] = 0.000102
E[P_sel(16)] = 0.000105
E[P_sel(17)] = 0.000099
E[P_sel(18)] = 0.000089
E[P_sel(19)] = 0.000093

---- Expected neutral and selected misattributed polymorphism per site
E[mis_neut] = 0.000449
E[mis_sel] = 0.000096

---- alpha_div = 0.265550
---- alpha_dfe = 0.000000



