---- Performing inference on Ns400_pa_0.000125_boots/Ns400_pa_0.000125.3.polyDFE.txt using model B

---- Warning: mutation variability is not used when only one neutral and one selected fragment is available.
---- No mutation variability. Using Poisson likelihood.

---- Using provided initial values


-- Starting local optimization
 it       eps_an        eps_cont      theta_bar      S_d            b             p_b           S_b           r  2          r  3          r  4          r  5          r  6          r  7          r  8          r  9          r 10          r 11          r 12          r 13          r 14          r 15          r 16          r 17          r 18          r 19         ln lk             grad     status
  0      4.50e-06      9.00e-07       0.00100     -400.00000       0.40000       0.02000       4.00000       1.00000       1.00000       1.00000       1.00000       1.00000       1.00000       1.00000       1.00000       1.00000       1.00000       1.00000       1.00000       1.00000       1.00000       1.00000       1.00000       1.00000       1.00000  -202711.6323362112   1481.81011   -2
455      4.50e-06      9.00e-07       0.00894     -584.76978       0.22076       0.00683       3.87901       0.95555       0.93524       0.92822       0.91620       0.86457       0.87345       0.85371       0.86227       0.82021       0.84990       0.82177       0.79742       0.79873       0.78012       0.82017       0.81953       0.82129       0.85492  -193.5942415118      0.00073   -3
-- Local optimization: stuck in the same solution


---- Best joint likelihood found -193.59424 with gradient 0.00073
-- Model: B
--     eps_an        eps_cont      theta_bar     a        
--    4.50e-06      9.00e-07       0.00894       -1.00000  
--      S_d            b             p_b           S_b      
--   -584.76978       0.22076       0.00683       3.87901  
--     r  2          r  3          r  4          r  5          r  6          r  7          r  8          r  9          r 10          r 11          r 12          r 13          r 14          r 15          r 16          r 17          r 18          r 19     
--     0.95555       0.93524       0.92822       0.91620       0.86457       0.87345       0.85371       0.86227       0.82021       0.84990       0.82177       0.79742       0.79873       0.78012       0.82017       0.81953       0.82129       0.85492  

---- Expected P_neut(i), 0 < i < n (neutral SFS per site) 
E[P_neut(1)] = 0.008944
E[P_neut(2)] = 0.004273
E[P_neut(3)] = 0.002788
E[P_neut(4)] = 0.002075
E[P_neut(5)] = 0.001639
E[P_neut(6)] = 0.001289
E[P_neut(7)] = 0.001116
E[P_neut(8)] = 0.000954
E[P_neut(9)] = 0.000857
E[P_neut(10)] = 0.000734
E[P_neut(11)] = 0.000691
E[P_neut(12)] = 0.000612
E[P_neut(13)] = 0.000549
E[P_neut(14)] = 0.000510
E[P_neut(15)] = 0.000465
E[P_neut(16)] = 0.000458
E[P_neut(17)] = 0.000431
E[P_neut(18)] = 0.000408
E[P_neut(19)] = 0.000402

---- Expected P_sel(i), 0 < i < n (selected SFS per site) 
E[P_sel(1)] = 0.003666
E[P_sel(2)] = 0.001413
E[P_sel(3)] = 0.000834
E[P_sel(4)] = 0.000582
E[P_sel(5)] = 0.000440
E[P_sel(6)] = 0.000334
E[P_sel(7)] = 0.000281
E[P_sel(8)] = 0.000235
E[P_sel(9)] = 0.000207
E[P_sel(10)] = 0.000174
E[P_sel(11)] = 0.000162
E[P_sel(12)] = 0.000142
E[P_sel(13)] = 0.000126
E[P_sel(14)] = 0.000116
E[P_sel(15)] = 0.000105
E[P_sel(16)] = 0.000103
E[P_sel(17)] = 0.000097
E[P_sel(18)] = 0.000091
E[P_sel(19)] = 0.000090

---- Expected neutral and selected misattributed polymorphism per site
E[mis_neut] = 0.000447
E[mis_sel] = 0.000100

---- alpha_div = 0.330543
---- alpha_dfe = 0.120729



