---- Performing inference on Ns400_pa_0.000125_boots/Ns400_pa_0.000125.1.polyDFE.txt using model B

---- Warning: mutation variability is not used when only one neutral and one selected fragment is available.
---- No mutation variability. Using Poisson likelihood.

---- Using provided initial values


-- Starting local optimization
 it       eps_an        theta_bar      S_d            b             r  2          r  3          r  4          r  5          r  6          r  7          r  8          r  9          r 10          r 11          r 12          r 13          r 14          r 15          r 16          r 17          r 18          r 19         ln lk             grad     status
  0      4.50e-06       0.00100     -400.00000       0.40000       1.00000       1.00000       1.00000       1.00000       1.00000       1.00000       1.00000       1.00000       1.00000       1.00000       1.00000       1.00000       1.00000       1.00000       1.00000       1.00000       1.00000       1.00000  -212842.3428053174   1571.81428   -2
141      4.50e-06       0.00895     -765.55673       0.20138       0.96131       0.93769       0.93624       0.90079       0.85305       0.85510       0.83984       0.85384       0.80041       0.81122       0.79864       0.86899       0.78477       0.80953       0.82693       0.83046       0.85975       0.89161  -207.4597624041      0.00065   -3
-- Local optimization: stuck in the same solution


---- Best joint likelihood found -207.45976 with gradient 0.00065
-- Model: B
--     eps_an        eps_cont      theta_bar     a        
--    4.50e-06      0.00e+00       0.00895       -1.00000  
--      S_d            b             p_b           S_b      
--   -765.55673       0.20138      0.00e+00      0.00e+00  
--     r  2          r  3          r  4          r  5          r  6          r  7          r  8          r  9          r 10          r 11          r 12          r 13          r 14          r 15          r 16          r 17          r 18          r 19     
--     0.96131       0.93769       0.93624       0.90079       0.85305       0.85510       0.83984       0.85384       0.80041       0.81122       0.79864       0.86899       0.78477       0.80953       0.82693       0.83046       0.85975       0.89161  

---- Expected P_neut(i), 0 < i < n (neutral SFS per site) 
E[P_neut(1)] = 0.008946
E[P_neut(2)] = 0.004300
E[P_neut(3)] = 0.002796
E[P_neut(4)] = 0.002094
E[P_neut(5)] = 0.001612
E[P_neut(6)] = 0.001272
E[P_neut(7)] = 0.001093
E[P_neut(8)] = 0.000939
E[P_neut(9)] = 0.000849
E[P_neut(10)] = 0.000716
E[P_neut(11)] = 0.000660
E[P_neut(12)] = 0.000595
E[P_neut(13)] = 0.000598
E[P_neut(14)] = 0.000502
E[P_neut(15)] = 0.000483
E[P_neut(16)] = 0.000462
E[P_neut(17)] = 0.000437
E[P_neut(18)] = 0.000427
E[P_neut(19)] = 0.000420

---- Expected P_sel(i), 0 < i < n (selected SFS per site) 
E[P_sel(1)] = 0.003654
E[P_sel(2)] = 0.001435
E[P_sel(3)] = 0.000849
E[P_sel(4)] = 0.000598
E[P_sel(5)] = 0.000441
E[P_sel(6)] = 0.000336
E[P_sel(7)] = 0.000281
E[P_sel(8)] = 0.000235
E[P_sel(9)] = 0.000208
E[P_sel(10)] = 0.000173
E[P_sel(11)] = 0.000156
E[P_sel(12)] = 0.000139
E[P_sel(13)] = 0.000138
E[P_sel(14)] = 0.000114
E[P_sel(15)] = 0.000109
E[P_sel(16)] = 0.000103
E[P_sel(17)] = 0.000096
E[P_sel(18)] = 0.000093
E[P_sel(19)] = 0.000091

---- Expected neutral and selected misattributed polymorphism per site
E[mis_neut] = 0.000447
E[mis_sel] = 0.000096

---- alpha_div = 0.269817
---- alpha_dfe = 0.000000



