---- Performing inference on Ns400_pa_0.000125_boots/Ns400_pa_0.000125.95.polyDFE.txt using model B

---- Warning: mutation variability is not used when only one neutral and one selected fragment is available.
---- No mutation variability. Using Poisson likelihood.

---- Using provided initial values


-- Starting local optimization
 it       eps_an        lambda        theta_bar      S_d            b             r  2          r  3          r  4          r  5          r  6          r  7          r  8          r  9          r 10          r 11          r 12          r 13          r 14          r 15          r 16          r 17          r 18          r 19          r 20         ln lk             grad     status
  0      4.50e-06       0.00500       0.00100     -400.00000       0.40000       1.00000       1.00000       1.00000       1.00000       1.00000       1.00000       1.00000       1.00000       1.00000       1.00000       1.00000       1.00000       1.00000       1.00000       1.00000       1.00000       1.00000       1.00000       1.00000  -218744.0455335620   1678.60754   -2
644      4.40e-06       0.00008       0.00918    -4134.31600       0.14643       0.93376       0.88087       0.86383       0.86148       0.79393       0.78742       0.80336       0.76163       0.76199       0.74879       0.76662       0.80335       0.75373       0.75359       0.78206       0.76554       0.81477       0.83708      12.68123  -357.9358477401      0.01562   -3
-- Local optimization: stuck in the same solution


---- Best joint likelihood found -357.93585 with gradient 0.01562
-- Model: B
--     eps_an        eps_cont      lambda        theta_bar     a        
--    4.40e-06      0.00e+00       0.00008       0.00918       -1.00000  
--      S_d            b             p_b           S_b      
--  -4134.31600       0.14643      0.00e+00      0.00e+00  
--     r  2          r  3          r  4          r  5          r  6          r  7          r  8          r  9          r 10          r 11          r 12          r 13          r 14          r 15          r 16          r 17          r 18          r 19          r 20     
--     0.93376       0.88087       0.86383       0.86148       0.79393       0.78742       0.80336       0.76163       0.76199       0.74879       0.76662       0.80335       0.75373       0.75359       0.78206       0.76554       0.81477       0.83708      12.68123  

---- Expected P_neut(i), 0 < i < n (neutral SFS per site) 
E[P_neut(1)] = 0.009180
E[P_neut(2)] = 0.004286
E[P_neut(3)] = 0.002696
E[P_neut(4)] = 0.001983
E[P_neut(5)] = 0.001582
E[P_neut(6)] = 0.001215
E[P_neut(7)] = 0.001033
E[P_neut(8)] = 0.000922
E[P_neut(9)] = 0.000777
E[P_neut(10)] = 0.000700
E[P_neut(11)] = 0.000625
E[P_neut(12)] = 0.000586
E[P_neut(13)] = 0.000567
E[P_neut(14)] = 0.000494
E[P_neut(15)] = 0.000461
E[P_neut(16)] = 0.000449
E[P_neut(17)] = 0.000413
E[P_neut(18)] = 0.000416
E[P_neut(19)] = 0.000405

---- Expected P_sel(i), 0 < i < n (selected SFS per site) 
E[P_sel(1)] = 0.003569
E[P_sel(2)] = 0.001439
E[P_sel(3)] = 0.000845
E[P_sel(4)] = 0.000595
E[P_sel(5)] = 0.000460
E[P_sel(6)] = 0.000344
E[P_sel(7)] = 0.000287
E[P_sel(8)] = 0.000252
E[P_sel(9)] = 0.000209
E[P_sel(10)] = 0.000186
E[P_sel(11)] = 0.000164
E[P_sel(12)] = 0.000152
E[P_sel(13)] = 0.000146
E[P_sel(14)] = 0.000126
E[P_sel(15)] = 0.000116
E[P_sel(16)] = 0.000112
E[P_sel(17)] = 0.000103
E[P_sel(18)] = 0.000103
E[P_sel(19)] = 0.000099

---- Expected D_neut and D_sel (neutral and selected divergence per site) 
E[D_neut] = 0.005899
E[D_sel] = 0.001437

---- Expected neutral and selected misattributed polymorphism per site
E[mis_neut] = 0.005821
E[mis_sel] = 0.001418

---- alpha_div = 1.518116
---- alpha_dfe = 0.000000



