---- Performing inference on Ns400_pa_0.000125_boots/Ns400_pa_0.000125.35.polyDFE.txt using model B

---- Warning: mutation variability is not used when only one neutral and one selected fragment is available.
---- No mutation variability. Using Poisson likelihood.

---- Using provided initial values


-- Starting local optimization
 it       eps_an        eps_cont      lambda        theta_bar      S_d            b             p_b           S_b           r  2          r  3          r  4          r  5          r  6          r  7          r  8          r  9          r 10          r 11          r 12          r 13          r 14          r 15          r 16          r 17          r 18          r 19          r 20         ln lk             grad     status
  0      4.50e-06      9.00e-07       0.00500       0.00100     -400.00000       0.40000       0.02000       4.00000       1.00000       1.00000       1.00000       1.00000       1.00000       1.00000       1.00000       1.00000       1.00000       1.00000       1.00000       1.00000       1.00000       1.00000       1.00000       1.00000       1.00000       1.00000       1.00000  -205705.9675127041   1519.02275   -2
130      4.49e-06      9.00e-07       0.00511       0.00905     -817.24473       0.20444       0.00226      37.41732       0.96823       0.92364       0.92285       0.92304       0.87396       0.82016       0.80881       0.80544       0.79429       0.78924       0.80490       0.82269       0.83963       0.76759       0.82068       0.80625       0.85826       0.89612       0.84307  -212.1621720928      0.36686   -3
-- Local optimization: stuck in the same solution


---- Best joint likelihood found -212.16217 with gradient 0.36686
-- Model: B
--     eps_an        eps_cont      lambda        theta_bar     a        
--    4.49e-06      9.00e-07       0.00511       0.00905       -1.00000  
--      S_d            b             p_b           S_b      
--   -817.24473       0.20444       0.00226      37.41732  
--     r  2          r  3          r  4          r  5          r  6          r  7          r  8          r  9          r 10          r 11          r 12          r 13          r 14          r 15          r 16          r 17          r 18          r 19          r 20     
--     0.96823       0.92364       0.92285       0.92304       0.87396       0.82016       0.80881       0.80544       0.79429       0.78924       0.80490       0.82269       0.83963       0.76759       0.82068       0.80625       0.85826       0.89612       0.84307  

---- Expected P_neut(i), 0 < i < n (neutral SFS per site) 
E[P_neut(1)] = 0.009053
E[P_neut(2)] = 0.004383
E[P_neut(3)] = 0.002787
E[P_neut(4)] = 0.002089
E[P_neut(5)] = 0.001671
E[P_neut(6)] = 0.001319
E[P_neut(7)] = 0.001061
E[P_neut(8)] = 0.000915
E[P_neut(9)] = 0.000810
E[P_neut(10)] = 0.000719
E[P_neut(11)] = 0.000650
E[P_neut(12)] = 0.000607
E[P_neut(13)] = 0.000573
E[P_neut(14)] = 0.000543
E[P_neut(15)] = 0.000463
E[P_neut(16)] = 0.000464
E[P_neut(17)] = 0.000429
E[P_neut(18)] = 0.000432
E[P_neut(19)] = 0.000427

---- Expected P_sel(i), 0 < i < n (selected SFS per site) 
E[P_sel(1)] = 0.003626
E[P_sel(2)] = 0.001432
E[P_sel(3)] = 0.000828
E[P_sel(4)] = 0.000584
E[P_sel(5)] = 0.000448
E[P_sel(6)] = 0.000341
E[P_sel(7)] = 0.000267
E[P_sel(8)] = 0.000225
E[P_sel(9)] = 0.000196
E[P_sel(10)] = 0.000171
E[P_sel(11)] = 0.000152
E[P_sel(12)] = 0.000140
E[P_sel(13)] = 0.000131
E[P_sel(14)] = 0.000123
E[P_sel(15)] = 0.000105
E[P_sel(16)] = 0.000105
E[P_sel(17)] = 0.000098
E[P_sel(18)] = 0.000100
E[P_sel(19)] = 0.000102

---- Expected D_neut and D_sel (neutral and selected divergence per site) 
E[D_neut] = 0.005496
E[D_sel] = 0.001580

---- Expected neutral and selected misattributed polymorphism per site
E[mis_neut] = 0.000382
E[mis_sel] = 0.000097

---- alpha_div = 0.297383
---- alpha_dfe = 0.291959



