---- Performing inference on Ns400_pa_0.000125_boots/Ns400_pa_0.000125.68.polyDFE.txt using model B

---- Warning: mutation variability is not used when only one neutral and one selected fragment is available.
---- No mutation variability. Using Poisson likelihood.

---- Using provided initial values


-- Starting local optimization
 it       eps_an        lambda        theta_bar      S_d            b             r  2          r  3          r  4          r  5          r  6          r  7          r  8          r  9          r 10          r 11          r 12          r 13          r 14          r 15          r 16          r 17          r 18          r 19          r 20         ln lk             grad     status
  0      4.50e-06       0.00500       0.00100     -400.00000       0.40000       1.00000       1.00000       1.00000       1.00000       1.00000       1.00000       1.00000       1.00000       1.00000       1.00000       1.00000       1.00000       1.00000       1.00000       1.00000       1.00000       1.00000       1.00000       1.00000  -220977.6650942753   1691.58806   -2
134      4.50e-06       0.00544       0.00912    -2933.34557       0.15261       0.94115       0.88738       0.87862       0.87107       0.80353       0.80694       0.82159       0.76017       0.77717       0.77892       0.76637       0.80917       0.77718       0.71457       0.80297       0.81235       0.78198       0.84122       1.05506  -359.6211999999      0.01768   -3
-- Local optimization: stuck in the same solution


---- Best joint likelihood found -359.62120 with gradient 0.01768
-- Model: B
--     eps_an        eps_cont      lambda        theta_bar     a        
--    4.50e-06      0.00e+00       0.00544       0.00912       -1.00000  
--      S_d            b             p_b           S_b      
--  -2933.34557       0.15261      0.00e+00      0.00e+00  
--     r  2          r  3          r  4          r  5          r  6          r  7          r  8          r  9          r 10          r 11          r 12          r 13          r 14          r 15          r 16          r 17          r 18          r 19          r 20     
--     0.94115       0.88738       0.87862       0.87107       0.80353       0.80694       0.82159       0.76017       0.77717       0.77892       0.76637       0.80917       0.77718       0.71457       0.80297       0.81235       0.78198       0.84122       1.05506  

---- Expected P_neut(i), 0 < i < n (neutral SFS per site) 
E[P_neut(1)] = 0.009118
E[P_neut(2)] = 0.004291
E[P_neut(3)] = 0.002697
E[P_neut(4)] = 0.002003
E[P_neut(5)] = 0.001588
E[P_neut(6)] = 0.001221
E[P_neut(7)] = 0.001051
E[P_neut(8)] = 0.000936
E[P_neut(9)] = 0.000770
E[P_neut(10)] = 0.000709
E[P_neut(11)] = 0.000646
E[P_neut(12)] = 0.000582
E[P_neut(13)] = 0.000568
E[P_neut(14)] = 0.000506
E[P_neut(15)] = 0.000434
E[P_neut(16)] = 0.000458
E[P_neut(17)] = 0.000436
E[P_neut(18)] = 0.000396
E[P_neut(19)] = 0.000404

---- Expected P_sel(i), 0 < i < n (selected SFS per site) 
E[P_sel(1)] = 0.003612
E[P_sel(2)] = 0.001458
E[P_sel(3)] = 0.000854
E[P_sel(4)] = 0.000606
E[P_sel(5)] = 0.000465
E[P_sel(6)] = 0.000348
E[P_sel(7)] = 0.000293
E[P_sel(8)] = 0.000257
E[P_sel(9)] = 0.000208
E[P_sel(10)] = 0.000188
E[P_sel(11)] = 0.000170
E[P_sel(12)] = 0.000151
E[P_sel(13)] = 0.000146
E[P_sel(14)] = 0.000129
E[P_sel(15)] = 0.000110
E[P_sel(16)] = 0.000115
E[P_sel(17)] = 0.000108
E[P_sel(18)] = 0.000098
E[P_sel(19)] = 0.000099

---- Expected D_neut and D_sel (neutral and selected divergence per site) 
E[D_neut] = 0.005919
E[D_sel] = 0.001432

---- Expected neutral and selected misattributed polymorphism per site
E[mis_neut] = 0.000481
E[mis_sel] = 0.000117

---- alpha_div = 0.164367
---- alpha_dfe = 0.000000



