---- Performing inference on Ns400_pa_0.000125_boots/Ns400_pa_0.000125.43.polyDFE.txt using model B

---- Warning: mutation variability is not used when only one neutral and one selected fragment is available.
---- No mutation variability. Using Poisson likelihood.

---- Using provided initial values


-- Starting local optimization
 it       eps_an        eps_cont      theta_bar      S_d            b             p_b           S_b           r  2          r  3          r  4          r  5          r  6          r  7          r  8          r  9          r 10          r 11          r 12          r 13          r 14          r 15          r 16          r 17          r 18          r 19         ln lk             grad     status
  0      4.50e-06      9.00e-07       0.00100     -400.00000       0.40000       0.02000       4.00000       1.00000       1.00000       1.00000       1.00000       1.00000       1.00000       1.00000       1.00000       1.00000       1.00000       1.00000       1.00000       1.00000       1.00000       1.00000       1.00000       1.00000       1.00000  -204995.8427268820   1492.96284   -2
770      4.58e-06      9.01e-07       0.00908     -773.89901       0.20455       0.00187      34.54000       0.95717       0.92971       0.91227       0.92855       0.86490       0.82004       0.81263       0.79286       0.80724       0.80485       0.79857       0.83503       0.77577       0.77388       0.85116       0.80197       0.83527       0.87918  -196.0631783476      0.00165   -3
-- Local optimization: stuck in the same solution


---- Best joint likelihood found -196.06318 with gradient 0.00165
-- Model: B
--     eps_an        eps_cont      theta_bar     a        
--    4.58e-06      9.01e-07       0.00908       -1.00000  
--      S_d            b             p_b           S_b      
--   -773.89901       0.20455       0.00187      34.54000  
--     r  2          r  3          r  4          r  5          r  6          r  7          r  8          r  9          r 10          r 11          r 12          r 13          r 14          r 15          r 16          r 17          r 18          r 19     
--     0.95717       0.92971       0.91227       0.92855       0.86490       0.82004       0.81263       0.79286       0.80724       0.80485       0.79857       0.83503       0.77577       0.77388       0.85116       0.80197       0.83527       0.87918  

---- Expected P_neut(i), 0 < i < n (neutral SFS per site) 
E[P_neut(1)] = 0.009081
E[P_neut(2)] = 0.004346
E[P_neut(3)] = 0.002814
E[P_neut(4)] = 0.002071
E[P_neut(5)] = 0.001686
E[P_neut(6)] = 0.001309
E[P_neut(7)] = 0.001064
E[P_neut(8)] = 0.000922
E[P_neut(9)] = 0.000800
E[P_neut(10)] = 0.000733
E[P_neut(11)] = 0.000664
E[P_neut(12)] = 0.000604
E[P_neut(13)] = 0.000583
E[P_neut(14)] = 0.000503
E[P_neut(15)] = 0.000469
E[P_neut(16)] = 0.000483
E[P_neut(17)] = 0.000428
E[P_neut(18)] = 0.000421
E[P_neut(19)] = 0.000420

---- Expected P_sel(i), 0 < i < n (selected SFS per site) 
E[P_sel(1)] = 0.003673
E[P_sel(2)] = 0.001434
E[P_sel(3)] = 0.000844
E[P_sel(4)] = 0.000585
E[P_sel(5)] = 0.000456
E[P_sel(6)] = 0.000342
E[P_sel(7)] = 0.000270
E[P_sel(8)] = 0.000229
E[P_sel(9)] = 0.000195
E[P_sel(10)] = 0.000175
E[P_sel(11)] = 0.000157
E[P_sel(12)] = 0.000141
E[P_sel(13)] = 0.000134
E[P_sel(14)] = 0.000115
E[P_sel(15)] = 0.000106
E[P_sel(16)] = 0.000109
E[P_sel(17)] = 0.000097
E[P_sel(18)] = 0.000097
E[P_sel(19)] = 0.000099

---- Expected neutral and selected misattributed polymorphism per site
E[mis_neut] = 0.000454
E[mis_sel] = 0.000112

---- alpha_div = 0.293602
---- alpha_dfe = 0.237013



