---- Performing inference on Ns400_pa_0.000125_boots/Ns400_pa_0.000125.22.polyDFE.txt using model B

---- Warning: mutation variability is not used when only one neutral and one selected fragment is available.
---- No mutation variability. Using Poisson likelihood.

---- Using provided initial values


-- Starting local optimization
 it       eps_an        eps_cont      theta_bar      S_d            b             p_b           S_b           r  2          r  3          r  4          r  5          r  6          r  7          r  8          r  9          r 10          r 11          r 12          r 13          r 14          r 15          r 16          r 17          r 18          r 19         ln lk             grad     status
  0      4.50e-06      9.00e-07       0.00100     -400.00000       0.40000       0.02000       4.00000       1.00000       1.00000       1.00000       1.00000       1.00000       1.00000       1.00000       1.00000       1.00000       1.00000       1.00000       1.00000       1.00000       1.00000       1.00000       1.00000       1.00000       1.00000  -202157.4033478508   1478.39841   -2
974      4.55e-06      9.00e-07       0.00897     -681.33319       0.21229       0.00294       6.56554       0.96985       0.94613       0.92445       0.90778       0.85321       0.84810       0.82916       0.82220       0.81179       0.79041       0.81261       0.81670       0.84259       0.77585       0.84541       0.83969       0.85910       0.85198  -190.1462943307      0.00085   -3
-- Local optimization: stuck in the same solution


---- Best joint likelihood found -190.14629 with gradient 0.00085
-- Model: B
--     eps_an        eps_cont      theta_bar     a        
--    4.55e-06      9.00e-07       0.00897       -1.00000  
--      S_d            b             p_b           S_b      
--   -681.33319       0.21229       0.00294       6.56554  
--     r  2          r  3          r  4          r  5          r  6          r  7          r  8          r  9          r 10          r 11          r 12          r 13          r 14          r 15          r 16          r 17          r 18          r 19     
--     0.96985       0.94613       0.92445       0.90778       0.85321       0.84810       0.82916       0.82220       0.81179       0.79041       0.81261       0.81670       0.84259       0.77585       0.84541       0.83969       0.85910       0.85198  

---- Expected P_neut(i), 0 < i < n (neutral SFS per site) 
E[P_neut(1)] = 0.008972
E[P_neut(2)] = 0.004351
E[P_neut(3)] = 0.002829
E[P_neut(4)] = 0.002073
E[P_neut(5)] = 0.001629
E[P_neut(6)] = 0.001276
E[P_neut(7)] = 0.001087
E[P_neut(8)] = 0.000930
E[P_neut(9)] = 0.000820
E[P_neut(10)] = 0.000728
E[P_neut(11)] = 0.000645
E[P_neut(12)] = 0.000608
E[P_neut(13)] = 0.000564
E[P_neut(14)] = 0.000540
E[P_neut(15)] = 0.000464
E[P_neut(16)] = 0.000474
E[P_neut(17)] = 0.000443
E[P_neut(18)] = 0.000428
E[P_neut(19)] = 0.000402

---- Expected P_sel(i), 0 < i < n (selected SFS per site) 
E[P_sel(1)] = 0.003635
E[P_sel(2)] = 0.001429
E[P_sel(3)] = 0.000842
E[P_sel(4)] = 0.000580
E[P_sel(5)] = 0.000435
E[P_sel(6)] = 0.000329
E[P_sel(7)] = 0.000273
E[P_sel(8)] = 0.000228
E[P_sel(9)] = 0.000197
E[P_sel(10)] = 0.000172
E[P_sel(11)] = 0.000150
E[P_sel(12)] = 0.000140
E[P_sel(13)] = 0.000128
E[P_sel(14)] = 0.000122
E[P_sel(15)] = 0.000104
E[P_sel(16)] = 0.000105
E[P_sel(17)] = 0.000098
E[P_sel(18)] = 0.000094
E[P_sel(19)] = 0.000089

---- Expected neutral and selected misattributed polymorphism per site
E[mis_neut] = 0.000449
E[mis_sel] = 0.000099

---- alpha_div = 0.303930
---- alpha_dfe = 0.087132



