---- Performing inference on Ns400_pa_0.000125_boots/Ns400_pa_0.000125.91.polyDFE.txt using model B

---- Warning: mutation variability is not used when only one neutral and one selected fragment is available.
---- No mutation variability. Using Poisson likelihood.

---- Using provided initial values


-- Starting local optimization
 it       eps_an        eps_cont      theta_bar      S_d            b             p_b           S_b           r  2          r  3          r  4          r  5          r  6          r  7          r  8          r  9          r 10          r 11          r 12          r 13          r 14          r 15          r 16          r 17          r 18          r 19         ln lk             grad     status
  0      4.50e-06      9.00e-07       0.00100     -400.00000       0.40000       0.02000       4.00000       1.00000       1.00000       1.00000       1.00000       1.00000       1.00000       1.00000       1.00000       1.00000       1.00000       1.00000       1.00000       1.00000       1.00000       1.00000       1.00000       1.00000       1.00000  -202690.7174205793   1482.36901   -2
760      4.61e-06      9.00e-07       0.00893     -817.27170       0.20117       0.00082      14.21720       0.97916       0.94006       0.92043       0.93527       0.85968       0.84880       0.82349       0.82841       0.79721       0.83211       0.82047       0.87022       0.80368       0.78135       0.82927       0.80884       0.85020       0.92584  -196.3505406015      0.00215   -3
-- Local optimization: stuck in the same solution


---- Best joint likelihood found -196.35054 with gradient 0.00215
-- Model: B
--     eps_an        eps_cont      theta_bar     a        
--    4.61e-06      9.00e-07       0.00893       -1.00000  
--      S_d            b             p_b           S_b      
--   -817.27170       0.20117       0.00082      14.21720  
--     r  2          r  3          r  4          r  5          r  6          r  7          r  8          r  9          r 10          r 11          r 12          r 13          r 14          r 15          r 16          r 17          r 18          r 19     
--     0.97916       0.94006       0.92043       0.93527       0.85968       0.84880       0.82349       0.82841       0.79721       0.83211       0.82047       0.87022       0.80368       0.78135       0.82927       0.80884       0.85020       0.92584  

---- Expected P_neut(i), 0 < i < n (neutral SFS per site) 
E[P_neut(1)] = 0.008925
E[P_neut(2)] = 0.004370
E[P_neut(3)] = 0.002797
E[P_neut(4)] = 0.002054
E[P_neut(5)] = 0.001670
E[P_neut(6)] = 0.001279
E[P_neut(7)] = 0.001082
E[P_neut(8)] = 0.000919
E[P_neut(9)] = 0.000822
E[P_neut(10)] = 0.000712
E[P_neut(11)] = 0.000675
E[P_neut(12)] = 0.000610
E[P_neut(13)] = 0.000597
E[P_neut(14)] = 0.000512
E[P_neut(15)] = 0.000465
E[P_neut(16)] = 0.000463
E[P_neut(17)] = 0.000425
E[P_neut(18)] = 0.000422
E[P_neut(19)] = 0.000435

---- Expected P_sel(i), 0 < i < n (selected SFS per site) 
E[P_sel(1)] = 0.003607
E[P_sel(2)] = 0.001444
E[P_sel(3)] = 0.000841
E[P_sel(4)] = 0.000582
E[P_sel(5)] = 0.000453
E[P_sel(6)] = 0.000335
E[P_sel(7)] = 0.000276
E[P_sel(8)] = 0.000229
E[P_sel(9)] = 0.000200
E[P_sel(10)] = 0.000171
E[P_sel(11)] = 0.000159
E[P_sel(12)] = 0.000142
E[P_sel(13)] = 0.000137
E[P_sel(14)] = 0.000117
E[P_sel(15)] = 0.000105
E[P_sel(16)] = 0.000103
E[P_sel(17)] = 0.000094
E[P_sel(18)] = 0.000093
E[P_sel(19)] = 0.000096

---- Expected neutral and selected misattributed polymorphism per site
E[mis_neut] = 0.000446
E[mis_sel] = 0.000099

---- alpha_div = 0.302855
---- alpha_dfe = 0.052819



