---- Performing inference on Ns400_pa_0.000125_boots/Ns400_pa_0.000125.56.polyDFE.txt using model B

---- Warning: mutation variability is not used when only one neutral and one selected fragment is available.
---- No mutation variability. Using Poisson likelihood.

---- Using provided initial values


-- Starting local optimization
 it       eps_an        eps_cont      theta_bar      S_d            b             p_b           S_b           r  2          r  3          r  4          r  5          r  6          r  7          r  8          r  9          r 10          r 11          r 12          r 13          r 14          r 15          r 16          r 17          r 18          r 19         ln lk             grad     status
  0      4.50e-06      9.00e-07       0.00100     -400.00000       0.40000       0.02000       4.00000       1.00000       1.00000       1.00000       1.00000       1.00000       1.00000       1.00000       1.00000       1.00000       1.00000       1.00000       1.00000       1.00000       1.00000       1.00000       1.00000       1.00000       1.00000  -201931.8975269584   1476.95102   -2
637      4.70e-06      8.99e-07       0.00897     -839.79770       0.20383       0.00137      47.47200       0.97147       0.92403       0.94420       0.93563       0.87323       0.85455       0.85629       0.81547       0.78535       0.84295       0.84365       0.82563       0.84253       0.77982       0.83714       0.85924       0.79715       0.89040  -194.8480221632      0.00146   -3
-- Local optimization: stuck in the same solution


---- Best joint likelihood found -194.84802 with gradient 0.00146
-- Model: B
--     eps_an        eps_cont      theta_bar     a        
--    4.70e-06      8.99e-07       0.00897       -1.00000  
--      S_d            b             p_b           S_b      
--   -839.79770       0.20383       0.00137      47.47200  
--     r  2          r  3          r  4          r  5          r  6          r  7          r  8          r  9          r 10          r 11          r 12          r 13          r 14          r 15          r 16          r 17          r 18          r 19     
--     0.97147       0.92403       0.94420       0.93563       0.87323       0.85455       0.85629       0.81547       0.78535       0.84295       0.84365       0.82563       0.84253       0.77982       0.83714       0.85924       0.79715       0.89040  

---- Expected P_neut(i), 0 < i < n (neutral SFS per site) 
E[P_neut(1)] = 0.008969
E[P_neut(2)] = 0.004357
E[P_neut(3)] = 0.002763
E[P_neut(4)] = 0.002117
E[P_neut(5)] = 0.001678
E[P_neut(6)] = 0.001305
E[P_neut(7)] = 0.001095
E[P_neut(8)] = 0.000960
E[P_neut(9)] = 0.000813
E[P_neut(10)] = 0.000704
E[P_neut(11)] = 0.000687
E[P_neut(12)] = 0.000631
E[P_neut(13)] = 0.000570
E[P_neut(14)] = 0.000540
E[P_neut(15)] = 0.000466
E[P_neut(16)] = 0.000469
E[P_neut(17)] = 0.000453
E[P_neut(18)] = 0.000397
E[P_neut(19)] = 0.000420

---- Expected P_sel(i), 0 < i < n (selected SFS per site) 
E[P_sel(1)] = 0.003576
E[P_sel(2)] = 0.001416
E[P_sel(3)] = 0.000816
E[P_sel(4)] = 0.000589
E[P_sel(5)] = 0.000447
E[P_sel(6)] = 0.000336
E[P_sel(7)] = 0.000274
E[P_sel(8)] = 0.000235
E[P_sel(9)] = 0.000195
E[P_sel(10)] = 0.000166
E[P_sel(11)] = 0.000159
E[P_sel(12)] = 0.000144
E[P_sel(13)] = 0.000129
E[P_sel(14)] = 0.000121
E[P_sel(15)] = 0.000104
E[P_sel(16)] = 0.000104
E[P_sel(17)] = 0.000100
E[P_sel(18)] = 0.000089
E[P_sel(19)] = 0.000099

---- Expected neutral and selected misattributed polymorphism per site
E[mis_neut] = 0.000448
E[mis_sel] = 0.000108

---- alpha_div = 0.300658
---- alpha_dfe = 0.240900



