---- Performing inference on Ns400_pa_0.000125_boots/Ns400_pa_0.000125.80.polyDFE.txt using model B

---- Warning: mutation variability is not used when only one neutral and one selected fragment is available.
---- No mutation variability. Using Poisson likelihood.

---- Using provided initial values


-- Starting local optimization
 it       eps_an        eps_cont      theta_bar      S_d            b             p_b           S_b           r  2          r  3          r  4          r  5          r  6          r  7          r  8          r  9          r 10          r 11          r 12          r 13          r 14          r 15          r 16          r 17          r 18          r 19         ln lk             grad     status
  0      4.50e-06      9.00e-07       0.00100     -400.00000       0.40000       0.02000       4.00000       1.00000       1.00000       1.00000       1.00000       1.00000       1.00000       1.00000       1.00000       1.00000       1.00000       1.00000       1.00000       1.00000       1.00000       1.00000       1.00000       1.00000       1.00000  -202517.3231771408   1480.88556   -2
563      4.54e-06      9.00e-07       0.00896     -880.46472       0.19874       0.00086       0.23960       0.96331       0.94185       0.93040       0.92588       0.83909       0.87111       0.84082       0.83525       0.80409       0.79925       0.81054       0.82435       0.80910       0.82244       0.85782       0.84082       0.82636       0.89478  -192.9767880137      0.00914   -3
-- Local optimization: stuck in the same solution


---- Best joint likelihood found -192.97679 with gradient 0.00914
-- Model: B
--     eps_an        eps_cont      theta_bar     a        
--    4.54e-06      9.00e-07       0.00896       -1.00000  
--      S_d            b             p_b           S_b      
--   -880.46472       0.19874       0.00086       0.23960  
--     r  2          r  3          r  4          r  5          r  6          r  7          r  8          r  9          r 10          r 11          r 12          r 13          r 14          r 15          r 16          r 17          r 18          r 19     
--     0.96331       0.94185       0.93040       0.92588       0.83909       0.87111       0.84082       0.83525       0.80409       0.79925       0.81054       0.82435       0.80910       0.82244       0.85782       0.84082       0.82636       0.89478  

---- Expected P_neut(i), 0 < i < n (neutral SFS per site) 
E[P_neut(1)] = 0.008964
E[P_neut(2)] = 0.004318
E[P_neut(3)] = 0.002814
E[P_neut(4)] = 0.002085
E[P_neut(5)] = 0.001660
E[P_neut(6)] = 0.001254
E[P_neut(7)] = 0.001116
E[P_neut(8)] = 0.000942
E[P_neut(9)] = 0.000832
E[P_neut(10)] = 0.000721
E[P_neut(11)] = 0.000651
E[P_neut(12)] = 0.000605
E[P_neut(13)] = 0.000568
E[P_neut(14)] = 0.000518
E[P_neut(15)] = 0.000491
E[P_neut(16)] = 0.000481
E[P_neut(17)] = 0.000443
E[P_neut(18)] = 0.000412
E[P_neut(19)] = 0.000422

---- Expected P_sel(i), 0 < i < n (selected SFS per site) 
E[P_sel(1)] = 0.003600
E[P_sel(2)] = 0.001421
E[P_sel(3)] = 0.000844
E[P_sel(4)] = 0.000589
E[P_sel(5)] = 0.000449
E[P_sel(6)] = 0.000328
E[P_sel(7)] = 0.000284
E[P_sel(8)] = 0.000234
E[P_sel(9)] = 0.000202
E[P_sel(10)] = 0.000172
E[P_sel(11)] = 0.000153
E[P_sel(12)] = 0.000140
E[P_sel(13)] = 0.000130
E[P_sel(14)] = 0.000117
E[P_sel(15)] = 0.000110
E[P_sel(16)] = 0.000106
E[P_sel(17)] = 0.000097
E[P_sel(18)] = 0.000089
E[P_sel(19)] = 0.000091

---- Expected neutral and selected misattributed polymorphism per site
E[mis_neut] = 0.000448
E[mis_sel] = 0.000096

---- alpha_div = 0.274379
---- alpha_dfe = 0.004577



