---- Performing inference on Ns400_pa_0.000125_boots/Ns400_pa_0.000125.81.polyDFE.txt using model B

---- Warning: mutation variability is not used when only one neutral and one selected fragment is available.
---- No mutation variability. Using Poisson likelihood.

---- Using provided initial values


-- Starting local optimization
 it       eps_an        theta_bar      S_d            b             r  2          r  3          r  4          r  5          r  6          r  7          r  8          r  9          r 10          r 11          r 12          r 13          r 14          r 15          r 16          r 17          r 18          r 19         ln lk             grad     status
  0      4.50e-06       0.00100     -400.00000       0.40000       1.00000       1.00000       1.00000       1.00000       1.00000       1.00000       1.00000       1.00000       1.00000       1.00000       1.00000       1.00000       1.00000       1.00000       1.00000       1.00000       1.00000       1.00000  -212816.8850453726   1569.46255   -2
204      4.50e-06       0.00912    -1082.36961       0.19067       0.96445       0.92843       0.91010       0.88458       0.84152       0.83471       0.80132       0.79624       0.78656       0.79502       0.81049       0.82777       0.79040       0.73997       0.83290       0.81619       0.82632       0.90589  -201.8854967324      0.00043   -3
-- Local optimization: stuck in the same solution


---- Best joint likelihood found -201.88550 with gradient 0.00043
-- Model: B
--     eps_an        eps_cont      theta_bar     a        
--    4.50e-06      0.00e+00       0.00912       -1.00000  
--      S_d            b             p_b           S_b      
--  -1082.36961       0.19067      0.00e+00      0.00e+00  
--     r  2          r  3          r  4          r  5          r  6          r  7          r  8          r  9          r 10          r 11          r 12          r 13          r 14          r 15          r 16          r 17          r 18          r 19     
--     0.96445       0.92843       0.91010       0.88458       0.84152       0.83471       0.80132       0.79624       0.78656       0.79502       0.81049       0.82777       0.79040       0.73997       0.83290       0.81619       0.82632       0.90589  

---- Expected P_neut(i), 0 < i < n (neutral SFS per site) 
E[P_neut(1)] = 0.009118
E[P_neut(2)] = 0.004397
E[P_neut(3)] = 0.002822
E[P_neut(4)] = 0.002074
E[P_neut(5)] = 0.001613
E[P_neut(6)] = 0.001279
E[P_neut(7)] = 0.001087
E[P_neut(8)] = 0.000913
E[P_neut(9)] = 0.000807
E[P_neut(10)] = 0.000717
E[P_neut(11)] = 0.000659
E[P_neut(12)] = 0.000616
E[P_neut(13)] = 0.000581
E[P_neut(14)] = 0.000515
E[P_neut(15)] = 0.000450
E[P_neut(16)] = 0.000475
E[P_neut(17)] = 0.000438
E[P_neut(18)] = 0.000419
E[P_neut(19)] = 0.000435

---- Expected P_sel(i), 0 < i < n (selected SFS per site) 
E[P_sel(1)] = 0.003622
E[P_sel(2)] = 0.001441
E[P_sel(3)] = 0.000846
E[P_sel(4)] = 0.000587
E[P_sel(5)] = 0.000438
E[P_sel(6)] = 0.000336
E[P_sel(7)] = 0.000278
E[P_sel(8)] = 0.000228
E[P_sel(9)] = 0.000198
E[P_sel(10)] = 0.000173
E[P_sel(11)] = 0.000156
E[P_sel(12)] = 0.000144
E[P_sel(13)] = 0.000134
E[P_sel(14)] = 0.000117
E[P_sel(15)] = 0.000102
E[P_sel(16)] = 0.000106
E[P_sel(17)] = 0.000097
E[P_sel(18)] = 0.000092
E[P_sel(19)] = 0.000095

---- Expected neutral and selected misattributed polymorphism per site
E[mis_neut] = 0.000456
E[mis_sel] = 0.000098

---- alpha_div = 0.295508
---- alpha_dfe = 0.000000



