---- Performing inference on Ns400_pa_0.000125_boots/Ns400_pa_0.000125.44.polyDFE.txt using model B

---- Warning: mutation variability is not used when only one neutral and one selected fragment is available.
---- No mutation variability. Using Poisson likelihood.

---- Using provided initial values


-- Starting local optimization
 it       eps_an        theta_bar      S_d            b             r  2          r  3          r  4          r  5          r  6          r  7          r  8          r  9          r 10          r 11          r 12          r 13          r 14          r 15          r 16          r 17          r 18          r 19         ln lk             grad     status
  0      4.50e-06       0.00100     -400.00000       0.40000       1.00000       1.00000       1.00000       1.00000       1.00000       1.00000       1.00000       1.00000       1.00000       1.00000       1.00000       1.00000       1.00000       1.00000       1.00000       1.00000       1.00000       1.00000  -210820.0193287717   1558.86993   -2
166      4.50e-06       0.00897     -786.42018       0.20378       0.96491       0.93405       0.91484       0.92905       0.88251       0.84021       0.82789       0.82846       0.78954       0.82242       0.81829       0.83126       0.81218       0.80417       0.80842       0.85135       0.88034       0.94337  -198.1306018959      0.00097   -3
-- Local optimization: stuck in the same solution


---- Best joint likelihood found -198.13060 with gradient 0.00097
-- Model: B
--     eps_an        eps_cont      theta_bar     a        
--    4.50e-06      0.00e+00       0.00897       -1.00000  
--      S_d            b             p_b           S_b      
--   -786.42018       0.20378      0.00e+00      0.00e+00  
--     r  2          r  3          r  4          r  5          r  6          r  7          r  8          r  9          r 10          r 11          r 12          r 13          r 14          r 15          r 16          r 17          r 18          r 19     
--     0.96491       0.93405       0.91484       0.92905       0.88251       0.84021       0.82789       0.82846       0.78954       0.82242       0.81829       0.83126       0.81218       0.80417       0.80842       0.85135       0.88034       0.94337  

---- Expected P_neut(i), 0 < i < n (neutral SFS per site) 
E[P_neut(1)] = 0.008965
E[P_neut(2)] = 0.004325
E[P_neut(3)] = 0.002791
E[P_neut(4)] = 0.002050
E[P_neut(5)] = 0.001666
E[P_neut(6)] = 0.001319
E[P_neut(7)] = 0.001076
E[P_neut(8)] = 0.000928
E[P_neut(9)] = 0.000825
E[P_neut(10)] = 0.000708
E[P_neut(11)] = 0.000670
E[P_neut(12)] = 0.000611
E[P_neut(13)] = 0.000573
E[P_neut(14)] = 0.000520
E[P_neut(15)] = 0.000481
E[P_neut(16)] = 0.000453
E[P_neut(17)] = 0.000449
E[P_neut(18)] = 0.000438
E[P_neut(19)] = 0.000445

---- Expected P_sel(i), 0 < i < n (selected SFS per site) 
E[P_sel(1)] = 0.003613
E[P_sel(2)] = 0.001421
E[P_sel(3)] = 0.000833
E[P_sel(4)] = 0.000575
E[P_sel(5)] = 0.000447
E[P_sel(6)] = 0.000342
E[P_sel(7)] = 0.000271
E[P_sel(8)] = 0.000228
E[P_sel(9)] = 0.000199
E[P_sel(10)] = 0.000167
E[P_sel(11)] = 0.000156
E[P_sel(12)] = 0.000140
E[P_sel(13)] = 0.000129
E[P_sel(14)] = 0.000116
E[P_sel(15)] = 0.000106
E[P_sel(16)] = 0.000099
E[P_sel(17)] = 0.000097
E[P_sel(18)] = 0.000094
E[P_sel(19)] = 0.000094

---- Expected neutral and selected misattributed polymorphism per site
E[mis_neut] = 0.000448
E[mis_sel] = 0.000094

---- alpha_div = 0.305003
---- alpha_dfe = 0.000000



