---- Performing inference on Ns400_pa_0.000125_boots/Ns400_pa_0.000125.55.polyDFE.txt using model B

---- Warning: mutation variability is not used when only one neutral and one selected fragment is available.
---- No mutation variability. Using Poisson likelihood.

---- Using provided initial values


-- Starting local optimization
 it       eps_an        theta_bar      S_d            b             r  2          r  3          r  4          r  5          r  6          r  7          r  8          r  9          r 10          r 11          r 12          r 13          r 14          r 15          r 16          r 17          r 18          r 19         ln lk             grad     status
  0      4.50e-06       0.00100     -400.00000       0.40000       1.00000       1.00000       1.00000       1.00000       1.00000       1.00000       1.00000       1.00000       1.00000       1.00000       1.00000       1.00000       1.00000       1.00000       1.00000       1.00000       1.00000       1.00000  -210197.3903295647   1556.66174   -2
154      4.50e-06       0.00893     -750.09513       0.20395       0.96015       0.92638       0.93367       0.92269       0.85312       0.86022       0.82255       0.80055       0.79856       0.79717       0.80235       0.83917       0.80394       0.81103       0.87750       0.80167       0.82903       0.93620  -202.3907891015      0.00042   -3
-- Local optimization: stuck in the same solution


---- Best joint likelihood found -202.39079 with gradient 0.00042
-- Model: B
--     eps_an        eps_cont      theta_bar     a        
--    4.50e-06      0.00e+00       0.00893       -1.00000  
--      S_d            b             p_b           S_b      
--   -750.09513       0.20395      0.00e+00      0.00e+00  
--     r  2          r  3          r  4          r  5          r  6          r  7          r  8          r  9          r 10          r 11          r 12          r 13          r 14          r 15          r 16          r 17          r 18          r 19     
--     0.96015       0.92638       0.93367       0.92269       0.85312       0.86022       0.82255       0.80055       0.79856       0.79717       0.80235       0.83917       0.80394       0.81103       0.87750       0.80167       0.82903       0.93620  

---- Expected P_neut(i), 0 < i < n (neutral SFS per site) 
E[P_neut(1)] = 0.008935
E[P_neut(2)] = 0.004289
E[P_neut(3)] = 0.002759
E[P_neut(4)] = 0.002086
E[P_neut(5)] = 0.001649
E[P_neut(6)] = 0.001270
E[P_neut(7)] = 0.001098
E[P_neut(8)] = 0.000919
E[P_neut(9)] = 0.000795
E[P_neut(10)] = 0.000713
E[P_neut(11)] = 0.000647
E[P_neut(12)] = 0.000597
E[P_neut(13)] = 0.000577
E[P_neut(14)] = 0.000513
E[P_neut(15)] = 0.000483
E[P_neut(16)] = 0.000490
E[P_neut(17)] = 0.000421
E[P_neut(18)] = 0.000412
E[P_neut(19)] = 0.000440

---- Expected P_sel(i), 0 < i < n (selected SFS per site) 
E[P_sel(1)] = 0.003632
E[P_sel(2)] = 0.001421
E[P_sel(3)] = 0.000830
E[P_sel(4)] = 0.000590
E[P_sel(5)] = 0.000446
E[P_sel(6)] = 0.000332
E[P_sel(7)] = 0.000279
E[P_sel(8)] = 0.000228
E[P_sel(9)] = 0.000193
E[P_sel(10)] = 0.000170
E[P_sel(11)] = 0.000152
E[P_sel(12)] = 0.000138
E[P_sel(13)] = 0.000131
E[P_sel(14)] = 0.000115
E[P_sel(15)] = 0.000107
E[P_sel(16)] = 0.000108
E[P_sel(17)] = 0.000092
E[P_sel(18)] = 0.000089
E[P_sel(19)] = 0.000094

---- Expected neutral and selected misattributed polymorphism per site
E[mis_neut] = 0.000447
E[mis_sel] = 0.000095

---- alpha_div = 0.292113
---- alpha_dfe = 0.000000



