---- Performing inference on Ns400_pa_0.000125_boots/Ns400_pa_0.000125.58.polyDFE.txt using model B

---- Warning: mutation variability is not used when only one neutral and one selected fragment is available.
---- No mutation variability. Using Poisson likelihood.

---- Using provided initial values


-- Starting local optimization
 it       eps_an        lambda        theta_bar      S_d            b             r  2          r  3          r  4          r  5          r  6          r  7          r  8          r  9          r 10          r 11          r 12          r 13          r 14          r 15          r 16          r 17          r 18          r 19          r 20         ln lk             grad     status
  0      4.50e-06       0.00500       0.00100     -400.00000       0.40000       1.00000       1.00000       1.00000       1.00000       1.00000       1.00000       1.00000       1.00000       1.00000       1.00000       1.00000       1.00000       1.00000       1.00000       1.00000       1.00000       1.00000       1.00000       1.00000  -220285.7374806878   1687.98318   -2
404      4.36e-06       0.00026       0.00912    -3321.21237       0.15046       0.93344       0.91237       0.88848       0.86097       0.81302       0.80840       0.78950       0.77237       0.75853       0.77140       0.77094       0.76390       0.75253       0.76295       0.79436       0.78366       0.77945       0.89575      12.41943  -334.6120543206      0.04325   -3
-- Local optimization: stuck in the same solution


---- Best joint likelihood found -334.61205 with gradient 0.04325
-- Model: B
--     eps_an        eps_cont      lambda        theta_bar     a        
--    4.36e-06      0.00e+00       0.00026       0.00912       -1.00000  
--      S_d            b             p_b           S_b      
--  -3321.21237       0.15046      0.00e+00      0.00e+00  
--     r  2          r  3          r  4          r  5          r  6          r  7          r  8          r  9          r 10          r 11          r 12          r 13          r 14          r 15          r 16          r 17          r 18          r 19          r 20     
--     0.93344       0.91237       0.88848       0.86097       0.81302       0.80840       0.78950       0.77237       0.75853       0.77140       0.77094       0.76390       0.75253       0.76295       0.79436       0.78366       0.77945       0.89575      12.41943  

---- Expected P_neut(i), 0 < i < n (neutral SFS per site) 
E[P_neut(1)] = 0.009121
E[P_neut(2)] = 0.004257
E[P_neut(3)] = 0.002774
E[P_neut(4)] = 0.002026
E[P_neut(5)] = 0.001571
E[P_neut(6)] = 0.001236
E[P_neut(7)] = 0.001053
E[P_neut(8)] = 0.000900
E[P_neut(9)] = 0.000783
E[P_neut(10)] = 0.000692
E[P_neut(11)] = 0.000640
E[P_neut(12)] = 0.000586
E[P_neut(13)] = 0.000536
E[P_neut(14)] = 0.000490
E[P_neut(15)] = 0.000464
E[P_neut(16)] = 0.000453
E[P_neut(17)] = 0.000420
E[P_neut(18)] = 0.000395
E[P_neut(19)] = 0.000430

---- Expected P_sel(i), 0 < i < n (selected SFS per site) 
E[P_sel(1)] = 0.003586
E[P_sel(2)] = 0.001439
E[P_sel(3)] = 0.000874
E[P_sel(4)] = 0.000610
E[P_sel(5)] = 0.000458
E[P_sel(6)] = 0.000351
E[P_sel(7)] = 0.000293
E[P_sel(8)] = 0.000246
E[P_sel(9)] = 0.000211
E[P_sel(10)] = 0.000184
E[P_sel(11)] = 0.000168
E[P_sel(12)] = 0.000152
E[P_sel(13)] = 0.000138
E[P_sel(14)] = 0.000125
E[P_sel(15)] = 0.000117
E[P_sel(16)] = 0.000113
E[P_sel(17)] = 0.000104
E[P_sel(18)] = 0.000097
E[P_sel(19)] = 0.000105

---- Expected D_neut and D_sel (neutral and selected divergence per site) 
E[D_neut] = 0.005925
E[D_sel] = 0.001440

---- Expected neutral and selected misattributed polymorphism per site
E[mis_neut] = 0.005664
E[mis_sel] = 0.001377

---- alpha_div = 1.152405
---- alpha_dfe = 0.000000



