---- Performing inference on Ns400_pa_0.000125_boots/Ns400_pa_0.000125.88.polyDFE.txt using model B

---- Warning: mutation variability is not used when only one neutral and one selected fragment is available.
---- No mutation variability. Using Poisson likelihood.

---- Using provided initial values


-- Starting local optimization
 it       eps_an        lambda        theta_bar      S_d            b             r  2          r  3          r  4          r  5          r  6          r  7          r  8          r  9          r 10          r 11          r 12          r 13          r 14          r 15          r 16          r 17          r 18          r 19          r 20         ln lk             grad     status
  0      4.50e-06       0.00500       0.00100     -400.00000       0.40000       1.00000       1.00000       1.00000       1.00000       1.00000       1.00000       1.00000       1.00000       1.00000       1.00000       1.00000       1.00000       1.00000       1.00000       1.00000       1.00000       1.00000       1.00000       1.00000  -219532.3149528995   1683.73980   -2
633      4.26e-06       0.00009       0.00922    -4392.52853       0.14510       0.92738       0.88596       0.88493       0.87695       0.78800       0.79013       0.75022       0.74968       0.76066       0.75805       0.78111       0.78781       0.72845       0.70964       0.77496       0.74536       0.79147       0.82295      12.82192  -372.0763796472      0.00837   -3
-- Local optimization: stuck in the same solution


---- Best joint likelihood found -372.07638 with gradient 0.00837
-- Model: B
--     eps_an        eps_cont      lambda        theta_bar     a        
--    4.26e-06      0.00e+00       0.00009       0.00922       -1.00000  
--      S_d            b             p_b           S_b      
--  -4392.52853       0.14510      0.00e+00      0.00e+00  
--     r  2          r  3          r  4          r  5          r  6          r  7          r  8          r  9          r 10          r 11          r 12          r 13          r 14          r 15          r 16          r 17          r 18          r 19          r 20     
--     0.92738       0.88596       0.88493       0.87695       0.78800       0.79013       0.75022       0.74968       0.76066       0.75805       0.78111       0.78781       0.72845       0.70964       0.77496       0.74536       0.79147       0.82295      12.82192  

---- Expected P_neut(i), 0 < i < n (neutral SFS per site) 
E[P_neut(1)] = 0.009216
E[P_neut(2)] = 0.004273
E[P_neut(3)] = 0.002722
E[P_neut(4)] = 0.002039
E[P_neut(5)] = 0.001616
E[P_neut(6)] = 0.001210
E[P_neut(7)] = 0.001040
E[P_neut(8)] = 0.000864
E[P_neut(9)] = 0.000768
E[P_neut(10)] = 0.000701
E[P_neut(11)] = 0.000635
E[P_neut(12)] = 0.000600
E[P_neut(13)] = 0.000558
E[P_neut(14)] = 0.000480
E[P_neut(15)] = 0.000436
E[P_neut(16)] = 0.000446
E[P_neut(17)] = 0.000404
E[P_neut(18)] = 0.000405
E[P_neut(19)] = 0.000399

---- Expected P_sel(i), 0 < i < n (selected SFS per site) 
E[P_sel(1)] = 0.003577
E[P_sel(2)] = 0.001434
E[P_sel(3)] = 0.000854
E[P_sel(4)] = 0.000612
E[P_sel(5)] = 0.000470
E[P_sel(6)] = 0.000344
E[P_sel(7)] = 0.000289
E[P_sel(8)] = 0.000236
E[P_sel(9)] = 0.000207
E[P_sel(10)] = 0.000186
E[P_sel(11)] = 0.000167
E[P_sel(12)] = 0.000156
E[P_sel(13)] = 0.000144
E[P_sel(14)] = 0.000122
E[P_sel(15)] = 0.000110
E[P_sel(16)] = 0.000112
E[P_sel(17)] = 0.000101
E[P_sel(18)] = 0.000100
E[P_sel(19)] = 0.000098

---- Expected D_neut and D_sel (neutral and selected divergence per site) 
E[D_neut] = 0.006001
E[D_sel] = 0.001466

---- Expected neutral and selected misattributed polymorphism per site
E[mis_neut] = 0.005908
E[mis_sel] = 0.001443

---- alpha_div = 1.495603
---- alpha_dfe = 0.000000



