---- Performing inference on Ns400_pa_0.000125_boots/Ns400_pa_0.000125.54.polyDFE.txt using model B

---- Warning: mutation variability is not used when only one neutral and one selected fragment is available.
---- No mutation variability. Using Poisson likelihood.

---- Using provided initial values


-- Starting local optimization
 it       eps_an        theta_bar      S_d            b             r  2          r  3          r  4          r  5          r  6          r  7          r  8          r  9          r 10          r 11          r 12          r 13          r 14          r 15          r 16          r 17          r 18          r 19         ln lk             grad     status
  0      4.50e-06       0.00100     -400.00000       0.40000       1.00000       1.00000       1.00000       1.00000       1.00000       1.00000       1.00000       1.00000       1.00000       1.00000       1.00000       1.00000       1.00000       1.00000       1.00000       1.00000       1.00000       1.00000  -212534.2763617529   1567.82252   -2
162      4.50e-06       0.00900     -720.15332       0.20639       0.96061       0.92063       0.92918       0.91846       0.87702       0.83878       0.82513       0.81886       0.80950       0.79627       0.79356       0.85045       0.79770       0.81624       0.85602       0.81288       0.88930       0.92497  -206.3451202893      0.00041   -3
-- Local optimization: stuck in the same solution


---- Best joint likelihood found -206.34512 with gradient 0.00041
-- Model: B
--     eps_an        eps_cont      theta_bar     a        
--    4.50e-06      0.00e+00       0.00900       -1.00000  
--      S_d            b             p_b           S_b      
--   -720.15332       0.20639      0.00e+00      0.00e+00  
--     r  2          r  3          r  4          r  5          r  6          r  7          r  8          r  9          r 10          r 11          r 12          r 13          r 14          r 15          r 16          r 17          r 18          r 19     
--     0.96061       0.92063       0.92918       0.91846       0.87702       0.83878       0.82513       0.81886       0.80950       0.79627       0.79356       0.85045       0.79770       0.81624       0.85602       0.81288       0.88930       0.92497  

---- Expected P_neut(i), 0 < i < n (neutral SFS per site) 
E[P_neut(1)] = 0.009005
E[P_neut(2)] = 0.004325
E[P_neut(3)] = 0.002763
E[P_neut(4)] = 0.002092
E[P_neut(5)] = 0.001654
E[P_neut(6)] = 0.001316
E[P_neut(7)] = 0.001079
E[P_neut(8)] = 0.000929
E[P_neut(9)] = 0.000819
E[P_neut(10)] = 0.000729
E[P_neut(11)] = 0.000652
E[P_neut(12)] = 0.000595
E[P_neut(13)] = 0.000589
E[P_neut(14)] = 0.000513
E[P_neut(15)] = 0.000490
E[P_neut(16)] = 0.000482
E[P_neut(17)] = 0.000431
E[P_neut(18)] = 0.000445
E[P_neut(19)] = 0.000438

---- Expected P_sel(i), 0 < i < n (selected SFS per site) 
E[P_sel(1)] = 0.003661
E[P_sel(2)] = 0.001430
E[P_sel(3)] = 0.000829
E[P_sel(4)] = 0.000590
E[P_sel(5)] = 0.000446
E[P_sel(6)] = 0.000342
E[P_sel(7)] = 0.000273
E[P_sel(8)] = 0.000229
E[P_sel(9)] = 0.000198
E[P_sel(10)] = 0.000173
E[P_sel(11)] = 0.000152
E[P_sel(12)] = 0.000137
E[P_sel(13)] = 0.000133
E[P_sel(14)] = 0.000115
E[P_sel(15)] = 0.000108
E[P_sel(16)] = 0.000105
E[P_sel(17)] = 0.000093
E[P_sel(18)] = 0.000095
E[P_sel(19)] = 0.000093

---- Expected neutral and selected misattributed polymorphism per site
E[mis_neut] = 0.000450
E[mis_sel] = 0.000095

---- alpha_div = 0.295224
---- alpha_dfe = 0.000000



