---- Performing inference on Ns400_pa_0.000125_boots/Ns400_pa_0.000125.56.polyDFE.txt using model B

---- Warning: mutation variability is not used when only one neutral and one selected fragment is available.
---- No mutation variability. Using Poisson likelihood.

---- Using provided initial values


-- Starting local optimization
 it       eps_an        theta_bar      S_d            b             r  2          r  3          r  4          r  5          r  6          r  7          r  8          r  9          r 10          r 11          r 12          r 13          r 14          r 15          r 16          r 17          r 18          r 19         ln lk             grad     status
  0      4.50e-06       0.00100     -400.00000       0.40000       1.00000       1.00000       1.00000       1.00000       1.00000       1.00000       1.00000       1.00000       1.00000       1.00000       1.00000       1.00000       1.00000       1.00000       1.00000       1.00000       1.00000       1.00000  -210888.2107870267   1559.22681   -2
157      4.50e-06       0.00899     -965.82897       0.19649       0.96838       0.91993       0.93943       0.93058       0.86836       0.84976       0.85156       0.81110       0.78136       0.83901       0.84018       0.82288       0.84063       0.77929       0.83860       0.86427       0.80843       0.92530  -197.9136604563      0.00073   -3
-- Local optimization: stuck in the same solution


---- Best joint likelihood found -197.91366 with gradient 0.00073
-- Model: B
--     eps_an        eps_cont      theta_bar     a        
--    4.50e-06      0.00e+00       0.00899       -1.00000  
--      S_d            b             p_b           S_b      
--   -965.82897       0.19649      0.00e+00      0.00e+00  
--     r  2          r  3          r  4          r  5          r  6          r  7          r  8          r  9          r 10          r 11          r 12          r 13          r 14          r 15          r 16          r 17          r 18          r 19     
--     0.96838       0.91993       0.93943       0.93058       0.86836       0.84976       0.85156       0.81110       0.78136       0.83901       0.84018       0.82288       0.84063       0.77929       0.83860       0.86427       0.80843       0.92530  

---- Expected P_neut(i), 0 < i < n (neutral SFS per site) 
E[P_neut(1)] = 0.008986
E[P_neut(2)] = 0.004351
E[P_neut(3)] = 0.002756
E[P_neut(4)] = 0.002110
E[P_neut(5)] = 0.001672
E[P_neut(6)] = 0.001301
E[P_neut(7)] = 0.001091
E[P_neut(8)] = 0.000957
E[P_neut(9)] = 0.000810
E[P_neut(10)] = 0.000702
E[P_neut(11)] = 0.000685
E[P_neut(12)] = 0.000629
E[P_neut(13)] = 0.000569
E[P_neut(14)] = 0.000540
E[P_neut(15)] = 0.000467
E[P_neut(16)] = 0.000471
E[P_neut(17)] = 0.000457
E[P_neut(18)] = 0.000404
E[P_neut(19)] = 0.000438

---- Expected P_sel(i), 0 < i < n (selected SFS per site) 
E[P_sel(1)] = 0.003570
E[P_sel(2)] = 0.001418
E[P_sel(3)] = 0.000819
E[P_sel(4)] = 0.000591
E[P_sel(5)] = 0.000449
E[P_sel(6)] = 0.000337
E[P_sel(7)] = 0.000275
E[P_sel(8)] = 0.000236
E[P_sel(9)] = 0.000196
E[P_sel(10)] = 0.000167
E[P_sel(11)] = 0.000160
E[P_sel(12)] = 0.000145
E[P_sel(13)] = 0.000129
E[P_sel(14)] = 0.000121
E[P_sel(15)] = 0.000104
E[P_sel(16)] = 0.000103
E[P_sel(17)] = 0.000099
E[P_sel(18)] = 0.000087
E[P_sel(19)] = 0.000093

---- Expected neutral and selected misattributed polymorphism per site
E[mis_neut] = 0.000449
E[mis_sel] = 0.000095

---- alpha_div = 0.290032
---- alpha_dfe = 0.000000



