---- Performing inference on Ns400_pa_0.000125_boots/Ns400_pa_0.000125.1.polyDFE.txt using model B

---- Warning: mutation variability is not used when only one neutral and one selected fragment is available.
---- No mutation variability. Using Poisson likelihood.

---- Using provided initial values


-- Starting local optimization
 it       eps_an        lambda        theta_bar      S_d            b             r  2          r  3          r  4          r  5          r  6          r  7          r  8          r  9          r 10          r 11          r 12          r 13          r 14          r 15          r 16          r 17          r 18          r 19          r 20         ln lk             grad     status
  0      4.50e-06       0.00500       0.00100     -400.00000       0.40000       1.00000       1.00000       1.00000       1.00000       1.00000       1.00000       1.00000       1.00000       1.00000       1.00000       1.00000       1.00000       1.00000       1.00000       1.00000       1.00000       1.00000       1.00000       1.00000  -220211.2383165656   1686.61186   -2
512      4.43e-06       0.00010       0.00910    -2793.67845       0.15419       0.93769       0.90493       0.89790       0.86019       0.81200       0.81190       0.79576       0.80762       0.75596       0.76515       0.75244       0.81785       0.73789       0.76054       0.77629       0.77904       0.80594       0.83531      12.69538  -364.3585485169      0.00498   -3
-- Local optimization: stuck in the same solution


---- Best joint likelihood found -364.35855 with gradient 0.00498
-- Model: B
--     eps_an        eps_cont      lambda        theta_bar     a        
--    4.43e-06      0.00e+00       0.00010       0.00910       -1.00000  
--      S_d            b             p_b           S_b      
--  -2793.67845       0.15419      0.00e+00      0.00e+00  
--     r  2          r  3          r  4          r  5          r  6          r  7          r  8          r  9          r 10          r 11          r 12          r 13          r 14          r 15          r 16          r 17          r 18          r 19          r 20     
--     0.93769       0.90493       0.89790       0.86019       0.81200       0.81190       0.79576       0.80762       0.75596       0.76515       0.75244       0.81785       0.73789       0.76054       0.77629       0.77904       0.80594       0.83531      12.69538  

---- Expected P_neut(i), 0 < i < n (neutral SFS per site) 
E[P_neut(1)] = 0.009098
E[P_neut(2)] = 0.004266
E[P_neut(3)] = 0.002744
E[P_neut(4)] = 0.002042
E[P_neut(5)] = 0.001565
E[P_neut(6)] = 0.001231
E[P_neut(7)] = 0.001055
E[P_neut(8)] = 0.000905
E[P_neut(9)] = 0.000816
E[P_neut(10)] = 0.000688
E[P_neut(11)] = 0.000633
E[P_neut(12)] = 0.000570
E[P_neut(13)] = 0.000572
E[P_neut(14)] = 0.000480
E[P_neut(15)] = 0.000461
E[P_neut(16)] = 0.000441
E[P_neut(17)] = 0.000417
E[P_neut(18)] = 0.000407
E[P_neut(19)] = 0.000400

---- Expected P_sel(i), 0 < i < n (selected SFS per site) 
E[P_sel(1)] = 0.003603
E[P_sel(2)] = 0.001447
E[P_sel(3)] = 0.000866
E[P_sel(4)] = 0.000616
E[P_sel(5)] = 0.000456
E[P_sel(6)] = 0.000350
E[P_sel(7)] = 0.000293
E[P_sel(8)] = 0.000247
E[P_sel(9)] = 0.000219
E[P_sel(10)] = 0.000182
E[P_sel(11)] = 0.000165
E[P_sel(12)] = 0.000147
E[P_sel(13)] = 0.000146
E[P_sel(14)] = 0.000121
E[P_sel(15)] = 0.000116
E[P_sel(16)] = 0.000110
E[P_sel(17)] = 0.000103
E[P_sel(18)] = 0.000100
E[P_sel(19)] = 0.000097

---- Expected D_neut and D_sel (neutral and selected divergence per site) 
E[D_neut] = 0.005880
E[D_sel] = 0.001423

---- Expected neutral and selected misattributed polymorphism per site
E[mis_neut] = 0.005775
E[mis_sel] = 0.001398

---- alpha_div = 1.453193
---- alpha_dfe = 0.000000



