---- Performing inference on Ns400_pa_0.000125_boots/Ns400_pa_0.000125.32.polyDFE.txt using model B

---- Warning: mutation variability is not used when only one neutral and one selected fragment is available.
---- No mutation variability. Using Poisson likelihood.

---- Using provided initial values


-- Starting local optimization
 it       eps_an        eps_cont      lambda        theta_bar      S_d            b             p_b           S_b           r  2          r  3          r  4          r  5          r  6          r  7          r  8          r  9          r 10          r 11          r 12          r 13          r 14          r 15          r 16          r 17          r 18          r 19          r 20         ln lk             grad     status
  0      4.50e-06      9.00e-07       0.00500       0.00100     -400.00000       0.40000       0.02000       4.00000       1.00000       1.00000       1.00000       1.00000       1.00000       1.00000       1.00000       1.00000       1.00000       1.00000       1.00000       1.00000       1.00000       1.00000       1.00000       1.00000       1.00000       1.00000       1.00000  -206009.0330327966   1519.97312   -2
 88      4.49e-06      9.00e-07       0.00506       0.00913     -924.77107       0.20001       0.00226      37.42761       0.94716       0.92670       0.92152       0.90093       0.85304       0.84070       0.84267       0.79001       0.78138       0.79485       0.82005       0.83007       0.79558       0.80960       0.82612       0.78666       0.82679       0.83159       0.88108  -223.4217957662      0.43809   -3
-- Local optimization: stuck in the same solution


---- Best joint likelihood found -223.42180 with gradient 0.43809
-- Model: B
--     eps_an        eps_cont      lambda        theta_bar     a        
--    4.49e-06      9.00e-07       0.00506       0.00913       -1.00000  
--      S_d            b             p_b           S_b      
--   -924.77107       0.20001       0.00226      37.42761  
--     r  2          r  3          r  4          r  5          r  6          r  7          r  8          r  9          r 10          r 11          r 12          r 13          r 14          r 15          r 16          r 17          r 18          r 19          r 20     
--     0.94716       0.92670       0.92152       0.90093       0.85304       0.84070       0.84267       0.79001       0.78138       0.79485       0.82005       0.83007       0.79558       0.80960       0.82612       0.78666       0.82679       0.83159       0.88108  

---- Expected P_neut(i), 0 < i < n (neutral SFS per site) 
E[P_neut(1)] = 0.009129
E[P_neut(2)] = 0.004323
E[P_neut(3)] = 0.002820
E[P_neut(4)] = 0.002103
E[P_neut(5)] = 0.001645
E[P_neut(6)] = 0.001298
E[P_neut(7)] = 0.001096
E[P_neut(8)] = 0.000962
E[P_neut(9)] = 0.000801
E[P_neut(10)] = 0.000713
E[P_neut(11)] = 0.000660
E[P_neut(12)] = 0.000624
E[P_neut(13)] = 0.000583
E[P_neut(14)] = 0.000519
E[P_neut(15)] = 0.000493
E[P_neut(16)] = 0.000471
E[P_neut(17)] = 0.000422
E[P_neut(18)] = 0.000419
E[P_neut(19)] = 0.000400

---- Expected P_sel(i), 0 < i < n (selected SFS per site) 
E[P_sel(1)] = 0.003625
E[P_sel(2)] = 0.001406
E[P_sel(3)] = 0.000836
E[P_sel(4)] = 0.000588
E[P_sel(5)] = 0.000440
E[P_sel(6)] = 0.000336
E[P_sel(7)] = 0.000276
E[P_sel(8)] = 0.000237
E[P_sel(9)] = 0.000194
E[P_sel(10)] = 0.000170
E[P_sel(11)] = 0.000155
E[P_sel(12)] = 0.000145
E[P_sel(13)] = 0.000134
E[P_sel(14)] = 0.000118
E[P_sel(15)] = 0.000112
E[P_sel(16)] = 0.000107
E[P_sel(17)] = 0.000096
E[P_sel(18)] = 0.000097
E[P_sel(19)] = 0.000096

---- Expected D_neut and D_sel (neutral and selected divergence per site) 
E[D_neut] = 0.005463
E[D_sel] = 0.001575

---- Expected neutral and selected misattributed polymorphism per site
E[mis_neut] = 0.000402
E[mis_sel] = 0.000103

---- alpha_div = 0.294535
---- alpha_dfe = 0.290712



