---- Performing inference on Ns400_pa_0.000125_boots/Ns400_pa_0.000125.92.polyDFE.txt using model B

---- Warning: mutation variability is not used when only one neutral and one selected fragment is available.
---- No mutation variability. Using Poisson likelihood.

---- Using provided initial values


-- Starting local optimization
 it       eps_an        eps_cont      theta_bar      S_d            b             p_b           S_b           r  2          r  3          r  4          r  5          r  6          r  7          r  8          r  9          r 10          r 11          r 12          r 13          r 14          r 15          r 16          r 17          r 18          r 19         ln lk             grad     status
  0      4.50e-06      9.00e-07       0.00100     -400.00000       0.40000       0.02000       4.00000       1.00000       1.00000       1.00000       1.00000       1.00000       1.00000       1.00000       1.00000       1.00000       1.00000       1.00000       1.00000       1.00000       1.00000       1.00000       1.00000       1.00000       1.00000  -203175.8342878260   1484.34382   -2
809      4.58e-06      8.97e-07       0.00905    -1021.88475       0.19272       0.00122      11.22887       0.94884       0.94800       0.90428       0.89672       0.84790       0.85615       0.79426       0.79708       0.80160       0.80026       0.81187       0.85152       0.76841       0.76879       0.81353       0.85281       0.83452       0.88176  -193.3285033559      0.00048   -3
-- Local optimization: stuck in the same solution


---- Best joint likelihood found -193.32850 with gradient 0.00048
-- Model: B
--     eps_an        eps_cont      theta_bar     a        
--    4.58e-06      8.97e-07       0.00905       -1.00000  
--      S_d            b             p_b           S_b      
--  -1021.88475       0.19272       0.00122      11.22887  
--     r  2          r  3          r  4          r  5          r  6          r  7          r  8          r  9          r 10          r 11          r 12          r 13          r 14          r 15          r 16          r 17          r 18          r 19     
--     0.94884       0.94800       0.90428       0.89672       0.84790       0.85615       0.79426       0.79708       0.80160       0.80026       0.81187       0.85152       0.76841       0.76879       0.81353       0.85281       0.83452       0.88176  

---- Expected P_neut(i), 0 < i < n (neutral SFS per site) 
E[P_neut(1)] = 0.009055
E[P_neut(2)] = 0.004296
E[P_neut(3)] = 0.002861
E[P_neut(4)] = 0.002047
E[P_neut(5)] = 0.001624
E[P_neut(6)] = 0.001280
E[P_neut(7)] = 0.001107
E[P_neut(8)] = 0.000899
E[P_neut(9)] = 0.000802
E[P_neut(10)] = 0.000726
E[P_neut(11)] = 0.000659
E[P_neut(12)] = 0.000613
E[P_neut(13)] = 0.000593
E[P_neut(14)] = 0.000497
E[P_neut(15)] = 0.000464
E[P_neut(16)] = 0.000460
E[P_neut(17)] = 0.000454
E[P_neut(18)] = 0.000420
E[P_neut(19)] = 0.000420

---- Expected P_sel(i), 0 < i < n (selected SFS per site) 
E[P_sel(1)] = 0.003615
E[P_sel(2)] = 0.001414
E[P_sel(3)] = 0.000861
E[P_sel(4)] = 0.000582
E[P_sel(5)] = 0.000443
E[P_sel(6)] = 0.000338
E[P_sel(7)] = 0.000285
E[P_sel(8)] = 0.000226
E[P_sel(9)] = 0.000198
E[P_sel(10)] = 0.000176
E[P_sel(11)] = 0.000157
E[P_sel(12)] = 0.000145
E[P_sel(13)] = 0.000138
E[P_sel(14)] = 0.000115
E[P_sel(15)] = 0.000106
E[P_sel(16)] = 0.000105
E[P_sel(17)] = 0.000103
E[P_sel(18)] = 0.000095
E[P_sel(19)] = 0.000095

---- Expected neutral and selected misattributed polymorphism per site
E[mis_neut] = 0.000453
E[mis_sel] = 0.000102

---- alpha_div = 0.279637
---- alpha_dfe = 0.060340



