---- Performing inference on Ns400_pa_0.000125_boots/Ns400_pa_0.000125.88.polyDFE.txt using model B

---- Warning: mutation variability is not used when only one neutral and one selected fragment is available.
---- No mutation variability. Using Poisson likelihood.

---- Using provided initial values


-- Starting local optimization
 it       eps_an        eps_cont      theta_bar      S_d            b             p_b           S_b           r  2          r  3          r  4          r  5          r  6          r  7          r  8          r  9          r 10          r 11          r 12          r 13          r 14          r 15          r 16          r 17          r 18          r 19         ln lk             grad     status
  0      4.50e-06      9.00e-07       0.00100     -400.00000       0.40000       0.02000       4.00000       1.00000       1.00000       1.00000       1.00000       1.00000       1.00000       1.00000       1.00000       1.00000       1.00000       1.00000       1.00000       1.00000       1.00000       1.00000       1.00000       1.00000       1.00000  -202635.1078658052   1480.99592   -2
442      4.49e-06      9.00e-07       0.00904     -833.46463       0.20495       0.00805       1.33257       0.95472       0.92302       0.92820       0.92392       0.83284       0.83709       0.79628       0.79683       0.80938       0.80735       0.83250       0.84003       0.77709       0.75724       0.82707       0.79550       0.84474       0.87828  -197.6112090127      0.00121   -3
-- Local optimization: stuck in the same solution


---- Best joint likelihood found -197.61121 with gradient 0.00121
-- Model: B
--     eps_an        eps_cont      theta_bar     a        
--    4.49e-06      9.00e-07       0.00904       -1.00000  
--      S_d            b             p_b           S_b      
--   -833.46463       0.20495       0.00805       1.33257  
--     r  2          r  3          r  4          r  5          r  6          r  7          r  8          r  9          r 10          r 11          r 12          r 13          r 14          r 15          r 16          r 17          r 18          r 19     
--     0.95472       0.92302       0.92820       0.92392       0.83284       0.83709       0.79628       0.79683       0.80938       0.80735       0.83250       0.84003       0.77709       0.75724       0.82707       0.79550       0.84474       0.87828  

---- Expected P_neut(i), 0 < i < n (neutral SFS per site) 
E[P_neut(1)] = 0.009043
E[P_neut(2)] = 0.004317
E[P_neut(3)] = 0.002782
E[P_neut(4)] = 0.002098
E[P_neut(5)] = 0.001671
E[P_neut(6)] = 0.001255
E[P_neut(7)] = 0.001081
E[P_neut(8)] = 0.000900
E[P_neut(9)] = 0.000801
E[P_neut(10)] = 0.000732
E[P_neut(11)] = 0.000664
E[P_neut(12)] = 0.000627
E[P_neut(13)] = 0.000584
E[P_neut(14)] = 0.000502
E[P_neut(15)] = 0.000457
E[P_neut(16)] = 0.000467
E[P_neut(17)] = 0.000423
E[P_neut(18)] = 0.000424
E[P_neut(19)] = 0.000418

---- Expected P_sel(i), 0 < i < n (selected SFS per site) 
E[P_sel(1)] = 0.003635
E[P_sel(2)] = 0.001419
E[P_sel(3)] = 0.000833
E[P_sel(4)] = 0.000593
E[P_sel(5)] = 0.000452
E[P_sel(6)] = 0.000329
E[P_sel(7)] = 0.000276
E[P_sel(8)] = 0.000224
E[P_sel(9)] = 0.000196
E[P_sel(10)] = 0.000176
E[P_sel(11)] = 0.000157
E[P_sel(12)] = 0.000147
E[P_sel(13)] = 0.000135
E[P_sel(14)] = 0.000115
E[P_sel(15)] = 0.000103
E[P_sel(16)] = 0.000105
E[P_sel(17)] = 0.000094
E[P_sel(18)] = 0.000094
E[P_sel(19)] = 0.000092

---- Expected neutral and selected misattributed polymorphism per site
E[mis_neut] = 0.000452
E[mis_sel] = 0.000099

---- alpha_div = 0.315406
---- alpha_dfe = 0.067138



