---- Performing inference on Ns400_pa_0.000125_boots/Ns400_pa_0.000125.26.polyDFE.txt using model B

---- Warning: mutation variability is not used when only one neutral and one selected fragment is available.
---- No mutation variability. Using Poisson likelihood.

---- Using provided initial values


-- Starting local optimization
 it       eps_an        eps_cont      theta_bar      S_d            b             p_b           S_b           r  2          r  3          r  4          r  5          r  6          r  7          r  8          r  9          r 10          r 11          r 12          r 13          r 14          r 15          r 16          r 17          r 18          r 19         ln lk             grad     status
  0      4.50e-06      9.00e-07       0.00100     -400.00000       0.40000       0.02000       4.00000       1.00000       1.00000       1.00000       1.00000       1.00000       1.00000       1.00000       1.00000       1.00000       1.00000       1.00000       1.00000       1.00000       1.00000       1.00000       1.00000       1.00000       1.00000  -202928.3561028395   1481.99048   -2
601      4.53e-06      9.00e-07       0.00897     -729.81372       0.21017       0.00251      11.92960       0.96471       0.92987       0.93014       0.94257       0.88295       0.87661       0.85476       0.82086       0.80876       0.80791       0.83826       0.86810       0.79043       0.80214       0.87441       0.85483       0.83396       0.84889  -197.2676144097      0.00260   -3
-- Local optimization: stuck in the same solution


---- Best joint likelihood found -197.26761 with gradient 0.00260
-- Model: B
--     eps_an        eps_cont      theta_bar     a        
--    4.53e-06      9.00e-07       0.00897       -1.00000  
--      S_d            b             p_b           S_b      
--   -729.81372       0.21017       0.00251      11.92960  
--     r  2          r  3          r  4          r  5          r  6          r  7          r  8          r  9          r 10          r 11          r 12          r 13          r 14          r 15          r 16          r 17          r 18          r 19     
--     0.96471       0.92987       0.93014       0.94257       0.88295       0.87661       0.85476       0.82086       0.80876       0.80791       0.83826       0.86810       0.79043       0.80214       0.87441       0.85483       0.83396       0.84889  

---- Expected P_neut(i), 0 < i < n (neutral SFS per site) 
E[P_neut(1)] = 0.008974
E[P_neut(2)] = 0.004329
E[P_neut(3)] = 0.002782
E[P_neut(4)] = 0.002087
E[P_neut(5)] = 0.001692
E[P_neut(6)] = 0.001321
E[P_neut(7)] = 0.001124
E[P_neut(8)] = 0.000959
E[P_neut(9)] = 0.000818
E[P_neut(10)] = 0.000726
E[P_neut(11)] = 0.000659
E[P_neut(12)] = 0.000627
E[P_neut(13)] = 0.000599
E[P_neut(14)] = 0.000507
E[P_neut(15)] = 0.000480
E[P_neut(16)] = 0.000490
E[P_neut(17)] = 0.000451
E[P_neut(18)] = 0.000416
E[P_neut(19)] = 0.000401

---- Expected P_sel(i), 0 < i < n (selected SFS per site) 
E[P_sel(1)] = 0.003608
E[P_sel(2)] = 0.001412
E[P_sel(3)] = 0.000823
E[P_sel(4)] = 0.000580
E[P_sel(5)] = 0.000450
E[P_sel(6)] = 0.000339
E[P_sel(7)] = 0.000281
E[P_sel(8)] = 0.000234
E[P_sel(9)] = 0.000196
E[P_sel(10)] = 0.000171
E[P_sel(11)] = 0.000153
E[P_sel(12)] = 0.000144
E[P_sel(13)] = 0.000136
E[P_sel(14)] = 0.000114
E[P_sel(15)] = 0.000107
E[P_sel(16)] = 0.000109
E[P_sel(17)] = 0.000100
E[P_sel(18)] = 0.000093
E[P_sel(19)] = 0.000090

---- Expected neutral and selected misattributed polymorphism per site
E[mis_neut] = 0.000449
E[mis_sel] = 0.000102

---- alpha_div = 0.313406
---- alpha_dfe = 0.128849



