---- Performing inference on Ns400_pa_0.000125_boots/Ns400_pa_0.000125.16.polyDFE.txt using model B

---- Warning: mutation variability is not used when only one neutral and one selected fragment is available.
---- No mutation variability. Using Poisson likelihood.

---- Using provided initial values


-- Starting local optimization
 it       eps_an        eps_cont      theta_bar      S_d            b             p_b           S_b           r  2          r  3          r  4          r  5          r  6          r  7          r  8          r  9          r 10          r 11          r 12          r 13          r 14          r 15          r 16          r 17          r 18          r 19         ln lk             grad     status
  0      4.50e-06      9.00e-07       0.00100     -400.00000       0.40000       0.02000       4.00000       1.00000       1.00000       1.00000       1.00000       1.00000       1.00000       1.00000       1.00000       1.00000       1.00000       1.00000       1.00000       1.00000       1.00000       1.00000       1.00000       1.00000       1.00000  -202574.9351726570   1480.48380   -2
610      4.50e-06      8.99e-07       0.00897     -710.64025       0.20828       0.00161       0.48184       0.96629       0.93714       0.92638       0.90404       0.86043       0.86641       0.83584       0.80367       0.80476       0.80528       0.81417       0.84516       0.82769       0.78590       0.81865       0.84756       0.83036       0.93082  -193.9247961203      0.00070   -3
-- Local optimization: stuck in the same solution


---- Best joint likelihood found -193.92480 with gradient 0.00070
-- Model: B
--     eps_an        eps_cont      theta_bar     a        
--    4.50e-06      8.99e-07       0.00897       -1.00000  
--      S_d            b             p_b           S_b      
--   -710.64025       0.20828       0.00161       0.48184  
--     r  2          r  3          r  4          r  5          r  6          r  7          r  8          r  9          r 10          r 11          r 12          r 13          r 14          r 15          r 16          r 17          r 18          r 19     
--     0.96629       0.93714       0.92638       0.90404       0.86043       0.86641       0.83584       0.80367       0.80476       0.80528       0.81417       0.84516       0.82769       0.78590       0.81865       0.84756       0.83036       0.93082  

---- Expected P_neut(i), 0 < i < n (neutral SFS per site) 
E[P_neut(1)] = 0.008974
E[P_neut(2)] = 0.004336
E[P_neut(3)] = 0.002803
E[P_neut(4)] = 0.002078
E[P_neut(5)] = 0.001623
E[P_neut(6)] = 0.001287
E[P_neut(7)] = 0.001111
E[P_neut(8)] = 0.000938
E[P_neut(9)] = 0.000801
E[P_neut(10)] = 0.000722
E[P_neut(11)] = 0.000657
E[P_neut(12)] = 0.000609
E[P_neut(13)] = 0.000583
E[P_neut(14)] = 0.000531
E[P_neut(15)] = 0.000470
E[P_neut(16)] = 0.000459
E[P_neut(17)] = 0.000447
E[P_neut(18)] = 0.000414
E[P_neut(19)] = 0.000440

---- Expected P_sel(i), 0 < i < n (selected SFS per site) 
E[P_sel(1)] = 0.003644
E[P_sel(2)] = 0.001431
E[P_sel(3)] = 0.000839
E[P_sel(4)] = 0.000584
E[P_sel(5)] = 0.000436
E[P_sel(6)] = 0.000334
E[P_sel(7)] = 0.000280
E[P_sel(8)] = 0.000231
E[P_sel(9)] = 0.000193
E[P_sel(10)] = 0.000171
E[P_sel(11)] = 0.000153
E[P_sel(12)] = 0.000139
E[P_sel(13)] = 0.000132
E[P_sel(14)] = 0.000118
E[P_sel(15)] = 0.000104
E[P_sel(16)] = 0.000100
E[P_sel(17)] = 0.000096
E[P_sel(18)] = 0.000088
E[P_sel(19)] = 0.000093

---- Expected neutral and selected misattributed polymorphism per site
E[mis_neut] = 0.000449
E[mis_sel] = 0.000094

---- alpha_div = 0.302460
---- alpha_dfe = 0.009761



