---- Performing inference on Ns400_pa_0.000125_boots/Ns400_pa_0.000125.94.polyDFE.txt using model B

---- Warning: mutation variability is not used when only one neutral and one selected fragment is available.
---- No mutation variability. Using Poisson likelihood.

---- Using provided initial values


-- Starting local optimization
 it       eps_an        theta_bar      S_d            b             r  2          r  3          r  4          r  5          r  6          r  7          r  8          r  9          r 10          r 11          r 12          r 13          r 14          r 15          r 16          r 17          r 18          r 19         ln lk             grad     status
  0      4.50e-06       0.00100     -400.00000       0.40000       1.00000       1.00000       1.00000       1.00000       1.00000       1.00000       1.00000       1.00000       1.00000       1.00000       1.00000       1.00000       1.00000       1.00000       1.00000       1.00000       1.00000       1.00000  -213511.6745042042   1572.89456   -2
177      4.50e-06       0.00911     -932.96267       0.19610       0.95295       0.90220       0.90958       0.91578       0.86735       0.86391       0.81755       0.80357       0.81913       0.80127       0.78778       0.80971       0.79509       0.78173       0.80318       0.84233       0.85545       0.90348  -190.8388219954      0.00058   -3
-- Local optimization: stuck in the same solution


---- Best joint likelihood found -190.83882 with gradient 0.00058
-- Model: B
--     eps_an        eps_cont      theta_bar     a        
--    4.50e-06      0.00e+00       0.00911       -1.00000  
--      S_d            b             p_b           S_b      
--   -932.96267       0.19610      0.00e+00      0.00e+00  
--     r  2          r  3          r  4          r  5          r  6          r  7          r  8          r  9          r 10          r 11          r 12          r 13          r 14          r 15          r 16          r 17          r 18          r 19     
--     0.95295       0.90220       0.90958       0.91578       0.86735       0.86391       0.81755       0.80357       0.81913       0.80127       0.78778       0.80971       0.79509       0.78173       0.80318       0.84233       0.85545       0.90348  

---- Expected P_neut(i), 0 < i < n (neutral SFS per site) 
E[P_neut(1)] = 0.009113
E[P_neut(2)] = 0.004342
E[P_neut(3)] = 0.002741
E[P_neut(4)] = 0.002072
E[P_neut(5)] = 0.001669
E[P_neut(6)] = 0.001317
E[P_neut(7)] = 0.001125
E[P_neut(8)] = 0.000931
E[P_neut(9)] = 0.000814
E[P_neut(10)] = 0.000746
E[P_neut(11)] = 0.000664
E[P_neut(12)] = 0.000598
E[P_neut(13)] = 0.000568
E[P_neut(14)] = 0.000518
E[P_neut(15)] = 0.000475
E[P_neut(16)] = 0.000457
E[P_neut(17)] = 0.000452
E[P_neut(18)] = 0.000433
E[P_neut(19)] = 0.000433

---- Expected P_sel(i), 0 < i < n (selected SFS per site) 
E[P_sel(1)] = 0.003649
E[P_sel(2)] = 0.001428
E[P_sel(3)] = 0.000822
E[P_sel(4)] = 0.000586
E[P_sel(5)] = 0.000452
E[P_sel(6)] = 0.000345
E[P_sel(7)] = 0.000286
E[P_sel(8)] = 0.000232
E[P_sel(9)] = 0.000198
E[P_sel(10)] = 0.000179
E[P_sel(11)] = 0.000156
E[P_sel(12)] = 0.000139
E[P_sel(13)] = 0.000130
E[P_sel(14)] = 0.000117
E[P_sel(15)] = 0.000106
E[P_sel(16)] = 0.000101
E[P_sel(17)] = 0.000099
E[P_sel(18)] = 0.000094
E[P_sel(19)] = 0.000093

---- Expected neutral and selected misattributed polymorphism per site
E[mis_neut] = 0.000456
E[mis_sel] = 0.000097

---- alpha_div = 0.277062
---- alpha_dfe = 0.000000



