---- Performing inference on Ns400_pa_0.000125_boots/Ns400_pa_0.000125.77.polyDFE.txt using model B

---- Warning: mutation variability is not used when only one neutral and one selected fragment is available.
---- No mutation variability. Using Poisson likelihood.

---- Using provided initial values


-- Starting local optimization
 it       eps_an        eps_cont      theta_bar      S_d            b             p_b           S_b           r  2          r  3          r  4          r  5          r  6          r  7          r  8          r  9          r 10          r 11          r 12          r 13          r 14          r 15          r 16          r 17          r 18          r 19         ln lk             grad     status
  0      4.50e-06      9.00e-07       0.00100     -400.00000       0.40000       0.02000       4.00000       1.00000       1.00000       1.00000       1.00000       1.00000       1.00000       1.00000       1.00000       1.00000       1.00000       1.00000       1.00000       1.00000       1.00000       1.00000       1.00000       1.00000       1.00000  -202826.0172153074   1481.03364   -2
293      4.50e-06      9.00e-07       0.00902     -609.31143       0.22401       0.01226       2.00166       0.95745       0.93589       0.91627       0.92197       0.85051       0.86487       0.82078       0.81545       0.80158       0.80582       0.77950       0.83467       0.79590       0.80207       0.82760       0.79432       0.88723       0.92917  -193.5948470200      0.00430   -3
-- Local optimization: stuck in the same solution


---- Best joint likelihood found -193.59485 with gradient 0.00430
-- Model: B
--     eps_an        eps_cont      theta_bar     a        
--    4.50e-06      9.00e-07       0.00902       -1.00000  
--      S_d            b             p_b           S_b      
--   -609.31143       0.22401       0.01226       2.00166  
--     r  2          r  3          r  4          r  5          r  6          r  7          r  8          r  9          r 10          r 11          r 12          r 13          r 14          r 15          r 16          r 17          r 18          r 19     
--     0.95745       0.93589       0.91627       0.92197       0.85051       0.86487       0.82078       0.81545       0.80158       0.80582       0.77950       0.83467       0.79590       0.80207       0.82760       0.79432       0.88723       0.92917  

---- Expected P_neut(i), 0 < i < n (neutral SFS per site) 
E[P_neut(1)] = 0.009021
E[P_neut(2)] = 0.004318
E[P_neut(3)] = 0.002814
E[P_neut(4)] = 0.002066
E[P_neut(5)] = 0.001663
E[P_neut(6)] = 0.001279
E[P_neut(7)] = 0.001115
E[P_neut(8)] = 0.000926
E[P_neut(9)] = 0.000817
E[P_neut(10)] = 0.000723
E[P_neut(11)] = 0.000661
E[P_neut(12)] = 0.000586
E[P_neut(13)] = 0.000579
E[P_neut(14)] = 0.000513
E[P_neut(15)] = 0.000482
E[P_neut(16)] = 0.000467
E[P_neut(17)] = 0.000422
E[P_neut(18)] = 0.000445
E[P_neut(19)] = 0.000441

---- Expected P_sel(i), 0 < i < n (selected SFS per site) 
E[P_sel(1)] = 0.003661
E[P_sel(2)] = 0.001414
E[P_sel(3)] = 0.000834
E[P_sel(4)] = 0.000575
E[P_sel(5)] = 0.000443
E[P_sel(6)] = 0.000329
E[P_sel(7)] = 0.000279
E[P_sel(8)] = 0.000226
E[P_sel(9)] = 0.000196
E[P_sel(10)] = 0.000171
E[P_sel(11)] = 0.000154
E[P_sel(12)] = 0.000135
E[P_sel(13)] = 0.000132
E[P_sel(14)] = 0.000116
E[P_sel(15)] = 0.000108
E[P_sel(16)] = 0.000104
E[P_sel(17)] = 0.000093
E[P_sel(18)] = 0.000098
E[P_sel(19)] = 0.000097

---- Expected neutral and selected misattributed polymorphism per site
E[mis_neut] = 0.000451
E[mis_sel] = 0.000099

---- alpha_div = 0.348758
---- alpha_dfe = 0.129769



