---- Performing inference on Ns400_pa_0.000125_boots/Ns400_pa_0.000125.38.polyDFE.txt using model B

---- Warning: mutation variability is not used when only one neutral and one selected fragment is available.
---- No mutation variability. Using Poisson likelihood.

---- Using provided initial values


-- Starting local optimization
 it       eps_an        eps_cont      theta_bar      S_d            b             p_b           S_b           r  2          r  3          r  4          r  5          r  6          r  7          r  8          r  9          r 10          r 11          r 12          r 13          r 14          r 15          r 16          r 17          r 18          r 19         ln lk             grad     status
  0      4.50e-06      9.00e-07       0.00100     -400.00000       0.40000       0.02000       4.00000       1.00000       1.00000       1.00000       1.00000       1.00000       1.00000       1.00000       1.00000       1.00000       1.00000       1.00000       1.00000       1.00000       1.00000       1.00000       1.00000       1.00000       1.00000  -203095.1190934126   1484.01698   -2
595      4.55e-06      9.00e-07       0.00903    -1122.25527       0.18934       0.00086       0.27388       0.96437       0.92373       0.91196       0.90378       0.85487       0.82724       0.83642       0.81266       0.82845       0.80470       0.83992       0.83697       0.78667       0.76279       0.83050       0.84603       0.88840       0.89408  -191.3854368329      0.00078   -3
-- Local optimization: stuck in the same solution


---- Best joint likelihood found -191.38544 with gradient 0.00078
-- Model: B
--     eps_an        eps_cont      theta_bar     a        
--    4.55e-06      9.00e-07       0.00903       -1.00000  
--      S_d            b             p_b           S_b      
--  -1122.25527       0.18934       0.00086       0.27388  
--     r  2          r  3          r  4          r  5          r  6          r  7          r  8          r  9          r 10          r 11          r 12          r 13          r 14          r 15          r 16          r 17          r 18          r 19     
--     0.96437       0.92373       0.91196       0.90378       0.85487       0.82724       0.83642       0.81266       0.82845       0.80470       0.83992       0.83697       0.78667       0.76279       0.83050       0.84603       0.88840       0.89408  

---- Expected P_neut(i), 0 < i < n (neutral SFS per site) 
E[P_neut(1)] = 0.009031
E[P_neut(2)] = 0.004355
E[P_neut(3)] = 0.002781
E[P_neut(4)] = 0.002059
E[P_neut(5)] = 0.001632
E[P_neut(6)] = 0.001287
E[P_neut(7)] = 0.001067
E[P_neut(8)] = 0.000944
E[P_neut(9)] = 0.000815
E[P_neut(10)] = 0.000748
E[P_neut(11)] = 0.000661
E[P_neut(12)] = 0.000632
E[P_neut(13)] = 0.000581
E[P_neut(14)] = 0.000507
E[P_neut(15)] = 0.000459
E[P_neut(16)] = 0.000469
E[P_neut(17)] = 0.000449
E[P_neut(18)] = 0.000446
E[P_neut(19)] = 0.000425

---- Expected P_sel(i), 0 < i < n (selected SFS per site) 
E[P_sel(1)] = 0.003586
E[P_sel(2)] = 0.001430
E[P_sel(3)] = 0.000835
E[P_sel(4)] = 0.000584
E[P_sel(5)] = 0.000445
E[P_sel(6)] = 0.000339
E[P_sel(7)] = 0.000274
E[P_sel(8)] = 0.000237
E[P_sel(9)] = 0.000201
E[P_sel(10)] = 0.000181
E[P_sel(11)] = 0.000158
E[P_sel(12)] = 0.000149
E[P_sel(13)] = 0.000135
E[P_sel(14)] = 0.000116
E[P_sel(15)] = 0.000104
E[P_sel(16)] = 0.000105
E[P_sel(17)] = 0.000100
E[P_sel(18)] = 0.000098
E[P_sel(19)] = 0.000093

---- Expected neutral and selected misattributed polymorphism per site
E[mis_neut] = 0.000452
E[mis_sel] = 0.000098

---- alpha_div = 0.274818
---- alpha_dfe = 0.004554



