---- Performing inference on Ns400_pa_0.000125_boots/Ns400_pa_0.000125.61.polyDFE.txt using model B

---- Warning: mutation variability is not used when only one neutral and one selected fragment is available.
---- No mutation variability. Using Poisson likelihood.

---- Using provided initial values


-- Starting local optimization
 it       eps_an        eps_cont      theta_bar      S_d            b             p_b           S_b           r  2          r  3          r  4          r  5          r  6          r  7          r  8          r  9          r 10          r 11          r 12          r 13          r 14          r 15          r 16          r 17          r 18          r 19         ln lk             grad     status
  0      4.50e-06      9.00e-07       0.00100     -400.00000       0.40000       0.02000       4.00000       1.00000       1.00000       1.00000       1.00000       1.00000       1.00000       1.00000       1.00000       1.00000       1.00000       1.00000       1.00000       1.00000       1.00000       1.00000       1.00000       1.00000       1.00000  -203374.1378628518   1484.45187   -2
445      4.63e-06      9.00e-07       0.00904     -629.46422       0.23503       0.03169       1.23228       0.95537       0.93173       0.91697       0.92348       0.85608       0.84487       0.83507       0.81182       0.81766       0.80961       0.80577       0.80778       0.80213       0.80522       0.84030       0.82806       0.82283       0.88756  -203.0490741941      0.00407   -3
-- Local optimization: stuck in the same solution


---- Best joint likelihood found -203.04907 with gradient 0.00407
-- Model: B
--     eps_an        eps_cont      theta_bar     a        
--    4.63e-06      9.00e-07       0.00904       -1.00000  
--      S_d            b             p_b           S_b      
--   -629.46422       0.23503       0.03169       1.23228  
--     r  2          r  3          r  4          r  5          r  6          r  7          r  8          r  9          r 10          r 11          r 12          r 13          r 14          r 15          r 16          r 17          r 18          r 19     
--     0.95537       0.93173       0.91697       0.92348       0.85608       0.84487       0.83507       0.81182       0.81766       0.80961       0.80577       0.80778       0.80213       0.80522       0.84030       0.82806       0.82283       0.88756  

---- Expected P_neut(i), 0 < i < n (neutral SFS per site) 
E[P_neut(1)] = 0.009039
E[P_neut(2)] = 0.004318
E[P_neut(3)] = 0.002807
E[P_neut(4)] = 0.002072
E[P_neut(5)] = 0.001670
E[P_neut(6)] = 0.001290
E[P_neut(7)] = 0.001091
E[P_neut(8)] = 0.000944
E[P_neut(9)] = 0.000815
E[P_neut(10)] = 0.000739
E[P_neut(11)] = 0.000665
E[P_neut(12)] = 0.000607
E[P_neut(13)] = 0.000562
E[P_neut(14)] = 0.000518
E[P_neut(15)] = 0.000485
E[P_neut(16)] = 0.000475
E[P_neut(17)] = 0.000440
E[P_neut(18)] = 0.000413
E[P_neut(19)] = 0.000422

---- Expected P_sel(i), 0 < i < n (selected SFS per site) 
E[P_sel(1)] = 0.003640
E[P_sel(2)] = 0.001406
E[P_sel(3)] = 0.000830
E[P_sel(4)] = 0.000577
E[P_sel(5)] = 0.000446
E[P_sel(6)] = 0.000334
E[P_sel(7)] = 0.000276
E[P_sel(8)] = 0.000234
E[P_sel(9)] = 0.000199
E[P_sel(10)] = 0.000178
E[P_sel(11)] = 0.000158
E[P_sel(12)] = 0.000143
E[P_sel(13)] = 0.000131
E[P_sel(14)] = 0.000120
E[P_sel(15)] = 0.000112
E[P_sel(16)] = 0.000109
E[P_sel(17)] = 0.000101
E[P_sel(18)] = 0.000094
E[P_sel(19)] = 0.000096

---- Expected neutral and selected misattributed polymorphism per site
E[mis_neut] = 0.000452
E[mis_sel] = 0.000103

---- alpha_div = 0.418681
---- alpha_dfe = 0.242062



