---- Performing inference on Ns400_pa_0.000125_boots/Ns400_pa_0.000125.80.polyDFE.txt using model B

---- Warning: mutation variability is not used when only one neutral and one selected fragment is available.
---- No mutation variability. Using Poisson likelihood.

---- Using provided initial values


-- Starting local optimization
 it       eps_an        eps_cont      lambda        theta_bar      S_d            b             p_b           S_b           r  2          r  3          r  4          r  5          r  6          r  7          r  8          r  9          r 10          r 11          r 12          r 13          r 14          r 15          r 16          r 17          r 18          r 19          r 20         ln lk             grad     status
  0      4.50e-06      9.00e-07       0.00500       0.00100     -400.00000       0.40000       0.02000       4.00000       1.00000       1.00000       1.00000       1.00000       1.00000       1.00000       1.00000       1.00000       1.00000       1.00000       1.00000       1.00000       1.00000       1.00000       1.00000       1.00000       1.00000       1.00000       1.00000  -204634.3920972311   1513.86804   -2
107      4.49e-06      9.00e-07       0.00495       0.00913    -1596.01610       0.17970       0.00186      37.42787       0.95360       0.92754       0.91345       0.90693       0.82054       0.85057       0.81999       0.81320       0.78273       0.77587       0.78597       0.79984       0.78439       0.79365       0.82337       0.80371       0.78624       0.83728       1.12493  -221.3797411206      0.49753   -3
-- Local optimization: stuck in the same solution


---- Best joint likelihood found -221.37974 with gradient 0.49753
-- Model: B
--     eps_an        eps_cont      lambda        theta_bar     a        
--    4.49e-06      9.00e-07       0.00495       0.00913       -1.00000  
--      S_d            b             p_b           S_b      
--  -1596.01610       0.17970       0.00186      37.42787  
--     r  2          r  3          r  4          r  5          r  6          r  7          r  8          r  9          r 10          r 11          r 12          r 13          r 14          r 15          r 16          r 17          r 18          r 19          r 20     
--     0.95360       0.92754       0.91345       0.90693       0.82054       0.85057       0.81999       0.81320       0.78273       0.77587       0.78597       0.79984       0.78439       0.79365       0.82337       0.80371       0.78624       0.83728       1.12493  

---- Expected P_neut(i), 0 < i < n (neutral SFS per site) 
E[P_neut(1)] = 0.009127
E[P_neut(2)] = 0.004352
E[P_neut(3)] = 0.002822
E[P_neut(4)] = 0.002084
E[P_neut(5)] = 0.001656
E[P_neut(6)] = 0.001248
E[P_neut(7)] = 0.001109
E[P_neut(8)] = 0.000936
E[P_neut(9)] = 0.000825
E[P_neut(10)] = 0.000714
E[P_neut(11)] = 0.000644
E[P_neut(12)] = 0.000598
E[P_neut(13)] = 0.000562
E[P_neut(14)] = 0.000511
E[P_neut(15)] = 0.000483
E[P_neut(16)] = 0.000470
E[P_neut(17)] = 0.000432
E[P_neut(18)] = 0.000399
E[P_neut(19)] = 0.000402

---- Expected P_sel(i), 0 < i < n (selected SFS per site) 
E[P_sel(1)] = 0.003541
E[P_sel(2)] = 0.001410
E[P_sel(3)] = 0.000841
E[P_sel(4)] = 0.000589
E[P_sel(5)] = 0.000450
E[P_sel(6)] = 0.000330
E[P_sel(7)] = 0.000286
E[P_sel(8)] = 0.000236
E[P_sel(9)] = 0.000205
E[P_sel(10)] = 0.000175
E[P_sel(11)] = 0.000156
E[P_sel(12)] = 0.000143
E[P_sel(13)] = 0.000133
E[P_sel(14)] = 0.000120
E[P_sel(15)] = 0.000113
E[P_sel(16)] = 0.000110
E[P_sel(17)] = 0.000101
E[P_sel(18)] = 0.000094
E[P_sel(19)] = 0.000098

---- Expected D_neut and D_sel (neutral and selected divergence per site) 
E[D_neut] = 0.005466
E[D_sel] = 0.001544

---- Expected neutral and selected misattributed polymorphism per site
E[mis_neut] = 0.000513
E[mis_sel] = 0.000132

---- alpha_div = 0.247982
---- alpha_dfe = 0.244433



