---- Performing inference on Ns400_pa_0.000125_boots/Ns400_pa_0.000125.93.polyDFE.txt using model B

---- Warning: mutation variability is not used when only one neutral and one selected fragment is available.
---- No mutation variability. Using Poisson likelihood.

---- Using provided initial values


-- Starting local optimization
 it       eps_an        lambda        theta_bar      S_d            b             r  2          r  3          r  4          r  5          r  6          r  7          r  8          r  9          r 10          r 11          r 12          r 13          r 14          r 15          r 16          r 17          r 18          r 19          r 20         ln lk             grad     status
  0      4.50e-06       0.00500       0.00100     -400.00000       0.40000       1.00000       1.00000       1.00000       1.00000       1.00000       1.00000       1.00000       1.00000       1.00000       1.00000       1.00000       1.00000       1.00000       1.00000       1.00000       1.00000       1.00000       1.00000       1.00000  -218390.2011722421   1675.13053   -2
727      4.26e-06       0.00009       0.00914    -3237.42233       0.15230       0.93178       0.89512       0.87374       0.88949       0.82415       0.81570       0.78326       0.77060       0.76085       0.74943       0.73993       0.77319       0.76901       0.74776       0.77425       0.78674       0.81916       0.85457      12.72261  -360.6514926413      0.00241   -6
-- Local optimization: reached maximum running time allowed


---- Best joint likelihood found -360.65149 with gradient 0.00241
-- Model: B
--     eps_an        eps_cont      lambda        theta_bar     a        
--    4.26e-06      0.00e+00       0.00009       0.00914       -1.00000  
--      S_d            b             p_b           S_b      
--  -3237.42233       0.15230      0.00e+00      0.00e+00  
--     r  2          r  3          r  4          r  5          r  6          r  7          r  8          r  9          r 10          r 11          r 12          r 13          r 14          r 15          r 16          r 17          r 18          r 19          r 20     
--     0.93178       0.89512       0.87374       0.88949       0.82415       0.81570       0.78326       0.77060       0.76085       0.74943       0.73993       0.77319       0.76901       0.74776       0.77425       0.78674       0.81916       0.85457      12.72261  

---- Expected P_neut(i), 0 < i < n (neutral SFS per site) 
E[P_neut(1)] = 0.009136
E[P_neut(2)] = 0.004256
E[P_neut(3)] = 0.002726
E[P_neut(4)] = 0.001996
E[P_neut(5)] = 0.001625
E[P_neut(6)] = 0.001255
E[P_neut(7)] = 0.001065
E[P_neut(8)] = 0.000894
E[P_neut(9)] = 0.000782
E[P_neut(10)] = 0.000695
E[P_neut(11)] = 0.000622
E[P_neut(12)] = 0.000563
E[P_neut(13)] = 0.000543
E[P_neut(14)] = 0.000502
E[P_neut(15)] = 0.000455
E[P_neut(16)] = 0.000442
E[P_neut(17)] = 0.000423
E[P_neut(18)] = 0.000416
E[P_neut(19)] = 0.000411

---- Expected P_sel(i), 0 < i < n (selected SFS per site) 
E[P_sel(1)] = 0.003572
E[P_sel(2)] = 0.001428
E[P_sel(3)] = 0.000852
E[P_sel(4)] = 0.000596
E[P_sel(5)] = 0.000469
E[P_sel(6)] = 0.000353
E[P_sel(7)] = 0.000293
E[P_sel(8)] = 0.000242
E[P_sel(9)] = 0.000208
E[P_sel(10)] = 0.000183
E[P_sel(11)] = 0.000161
E[P_sel(12)] = 0.000144
E[P_sel(13)] = 0.000138
E[P_sel(14)] = 0.000126
E[P_sel(15)] = 0.000114
E[P_sel(16)] = 0.000109
E[P_sel(17)] = 0.000104
E[P_sel(18)] = 0.000101
E[P_sel(19)] = 0.000099

---- Expected D_neut and D_sel (neutral and selected divergence per site) 
E[D_neut] = 0.005906
E[D_sel] = 0.001419

---- Expected neutral and selected misattributed polymorphism per site
E[mis_neut] = 0.005812
E[mis_sel] = 0.001397

---- alpha_div = 1.472697
---- alpha_dfe = 0.000000



