---- Performing inference on Ns400_pa_0.000125_boots/Ns400_pa_0.000125.96.polyDFE.txt using model B

---- Warning: mutation variability is not used when only one neutral and one selected fragment is available.
---- No mutation variability. Using Poisson likelihood.

---- Using provided initial values


-- Starting local optimization
 it       eps_an        theta_bar      S_d            b             r  2          r  3          r  4          r  5          r  6          r  7          r  8          r  9          r 10          r 11          r 12          r 13          r 14          r 15          r 16          r 17          r 18          r 19         ln lk             grad     status
  0      4.50e-06       0.00100     -400.00000       0.40000       1.00000       1.00000       1.00000       1.00000       1.00000       1.00000       1.00000       1.00000       1.00000       1.00000       1.00000       1.00000       1.00000       1.00000       1.00000       1.00000       1.00000       1.00000  -210998.3723399972   1560.31351   -2
189      4.50e-06       0.00902    -1084.88552       0.19133       0.96372       0.92243       0.93146       0.92232       0.87218       0.85108       0.87559       0.79997       0.77441       0.77458       0.80418       0.83895       0.79299       0.79022       0.80252       0.80645       0.84632       0.90447  -202.0439491070      0.00045   -3
-- Local optimization: stuck in the same solution


---- Best joint likelihood found -202.04395 with gradient 0.00045
-- Model: B
--     eps_an        eps_cont      theta_bar     a        
--    4.50e-06      0.00e+00       0.00902       -1.00000  
--      S_d            b             p_b           S_b      
--  -1084.88552       0.19133      0.00e+00      0.00e+00  
--     r  2          r  3          r  4          r  5          r  6          r  7          r  8          r  9          r 10          r 11          r 12          r 13          r 14          r 15          r 16          r 17          r 18          r 19     
--     0.96372       0.92243       0.93146       0.92232       0.87218       0.85108       0.87559       0.79997       0.77441       0.77458       0.80418       0.83895       0.79299       0.79022       0.80252       0.80645       0.84632       0.90447  

---- Expected P_neut(i), 0 < i < n (neutral SFS per site) 
E[P_neut(1)] = 0.009018
E[P_neut(2)] = 0.004345
E[P_neut(3)] = 0.002773
E[P_neut(4)] = 0.002100
E[P_neut(5)] = 0.001663
E[P_neut(6)] = 0.001311
E[P_neut(7)] = 0.001096
E[P_neut(8)] = 0.000987
E[P_neut(9)] = 0.000802
E[P_neut(10)] = 0.000698
E[P_neut(11)] = 0.000635
E[P_neut(12)] = 0.000604
E[P_neut(13)] = 0.000582
E[P_neut(14)] = 0.000511
E[P_neut(15)] = 0.000475
E[P_neut(16)] = 0.000452
E[P_neut(17)] = 0.000428
E[P_neut(18)] = 0.000424
E[P_neut(19)] = 0.000429

---- Expected P_sel(i), 0 < i < n (selected SFS per site) 
E[P_sel(1)] = 0.003572
E[P_sel(2)] = 0.001419
E[P_sel(3)] = 0.000828
E[P_sel(4)] = 0.000592
E[P_sel(5)] = 0.000450
E[P_sel(6)] = 0.000343
E[P_sel(7)] = 0.000279
E[P_sel(8)] = 0.000246
E[P_sel(9)] = 0.000196
E[P_sel(10)] = 0.000167
E[P_sel(11)] = 0.000150
E[P_sel(12)] = 0.000141
E[P_sel(13)] = 0.000134
E[P_sel(14)] = 0.000116
E[P_sel(15)] = 0.000107
E[P_sel(16)] = 0.000101
E[P_sel(17)] = 0.000094
E[P_sel(18)] = 0.000093
E[P_sel(19)] = 0.000093

---- Expected neutral and selected misattributed polymorphism per site
E[mis_neut] = 0.000451
E[mis_sel] = 0.000097

---- alpha_div = 0.279251
---- alpha_dfe = 0.000000



