---- Performing inference on Ns400_pa_0.000125_boots/Ns400_pa_0.000125.4.polyDFE.txt using model B

---- Warning: mutation variability is not used when only one neutral and one selected fragment is available.
---- No mutation variability. Using Poisson likelihood.

---- Using provided initial values


-- Starting local optimization
 it       eps_an        theta_bar      S_d            b             r  2          r  3          r  4          r  5          r  6          r  7          r  8          r  9          r 10          r 11          r 12          r 13          r 14          r 15          r 16          r 17          r 18          r 19         ln lk             grad     status
  0      4.50e-06       0.00100     -400.00000       0.40000       1.00000       1.00000       1.00000       1.00000       1.00000       1.00000       1.00000       1.00000       1.00000       1.00000       1.00000       1.00000       1.00000       1.00000       1.00000       1.00000       1.00000       1.00000  -212255.7669217531   1567.46382   -2
157      4.50e-06       0.00898     -799.10877       0.20138       0.96649       0.92798       0.92723       0.90171       0.85274       0.84513       0.85382       0.81825       0.78857       0.80671       0.84036       0.81137       0.85441       0.76563       0.87979       0.84431       0.82391       0.92470  -201.7736439716      0.00046   -3
-- Local optimization: stuck in the same solution


---- Best joint likelihood found -201.77364 with gradient 0.00046
-- Model: B
--     eps_an        eps_cont      theta_bar     a        
--    4.50e-06      0.00e+00       0.00898       -1.00000  
--      S_d            b             p_b           S_b      
--   -799.10877       0.20138      0.00e+00      0.00e+00  
--     r  2          r  3          r  4          r  5          r  6          r  7          r  8          r  9          r 10          r 11          r 12          r 13          r 14          r 15          r 16          r 17          r 18          r 19     
--     0.96649       0.92798       0.92723       0.90171       0.85274       0.84513       0.85382       0.81825       0.78857       0.80671       0.84036       0.81137       0.85441       0.76563       0.87979       0.84431       0.82391       0.92470  

---- Expected P_neut(i), 0 < i < n (neutral SFS per site) 
E[P_neut(1)] = 0.008981
E[P_neut(2)] = 0.004340
E[P_neut(3)] = 0.002778
E[P_neut(4)] = 0.002082
E[P_neut(5)] = 0.001620
E[P_neut(6)] = 0.001276
E[P_neut(7)] = 0.001084
E[P_neut(8)] = 0.000959
E[P_neut(9)] = 0.000817
E[P_neut(10)] = 0.000708
E[P_neut(11)] = 0.000659
E[P_neut(12)] = 0.000629
E[P_neut(13)] = 0.000561
E[P_neut(14)] = 0.000548
E[P_neut(15)] = 0.000458
E[P_neut(16)] = 0.000494
E[P_neut(17)] = 0.000446
E[P_neut(18)] = 0.000411
E[P_neut(19)] = 0.000437

---- Expected P_sel(i), 0 < i < n (selected SFS per site) 
E[P_sel(1)] = 0.003637
E[P_sel(2)] = 0.001436
E[P_sel(3)] = 0.000836
E[P_sel(4)] = 0.000590
E[P_sel(5)] = 0.000439
E[P_sel(6)] = 0.000334
E[P_sel(7)] = 0.000276
E[P_sel(8)] = 0.000238
E[P_sel(9)] = 0.000199
E[P_sel(10)] = 0.000169
E[P_sel(11)] = 0.000155
E[P_sel(12)] = 0.000146
E[P_sel(13)] = 0.000128
E[P_sel(14)] = 0.000124
E[P_sel(15)] = 0.000102
E[P_sel(16)] = 0.000109
E[P_sel(17)] = 0.000097
E[P_sel(18)] = 0.000089
E[P_sel(19)] = 0.000094

---- Expected neutral and selected misattributed polymorphism per site
E[mis_neut] = 0.000449
E[mis_sel] = 0.000095

---- alpha_div = 0.267484
---- alpha_dfe = 0.000000



