---- Performing inference on Ns400_pa_0.000125_boots/Ns400_pa_0.000125.37.polyDFE.txt using model B

---- Warning: mutation variability is not used when only one neutral and one selected fragment is available.
---- No mutation variability. Using Poisson likelihood.

---- Using provided initial values


-- Starting local optimization
 it       eps_an        lambda        theta_bar      S_d            b             r  2          r  3          r  4          r  5          r  6          r  7          r  8          r  9          r 10          r 11          r 12          r 13          r 14          r 15          r 16          r 17          r 18          r 19          r 20         ln lk             grad     status
  0      4.50e-06       0.00500       0.00100     -400.00000       0.40000       1.00000       1.00000       1.00000       1.00000       1.00000       1.00000       1.00000       1.00000       1.00000       1.00000       1.00000       1.00000       1.00000       1.00000       1.00000       1.00000       1.00000       1.00000       1.00000  -218604.5790698571   1676.22375   -2
564      4.40e-06       0.00017       0.00905    -2924.54795       0.15444       0.94094       0.91874       0.89237       0.88228       0.83796       0.81345       0.79730       0.77687       0.75572       0.79901       0.75539       0.80798       0.78656       0.75483       0.78362       0.78331       0.82877       0.88265      12.56006  -393.4158006679      0.00905   -3
-- Local optimization: stuck in the same solution


---- Best joint likelihood found -393.41580 with gradient 0.00905
-- Model: B
--     eps_an        eps_cont      lambda        theta_bar     a        
--    4.40e-06      0.00e+00       0.00017       0.00905       -1.00000  
--      S_d            b             p_b           S_b      
--  -2924.54795       0.15444      0.00e+00      0.00e+00  
--     r  2          r  3          r  4          r  5          r  6          r  7          r  8          r  9          r 10          r 11          r 12          r 13          r 14          r 15          r 16          r 17          r 18          r 19          r 20     
--     0.94094       0.91874       0.89237       0.88228       0.83796       0.81345       0.79730       0.77687       0.75572       0.79901       0.75539       0.80798       0.78656       0.75483       0.78362       0.78331       0.82877       0.88265      12.56006  

---- Expected P_neut(i), 0 < i < n (neutral SFS per site) 
E[P_neut(1)] = 0.009047
E[P_neut(2)] = 0.004257
E[P_neut(3)] = 0.002771
E[P_neut(4)] = 0.002018
E[P_neut(5)] = 0.001596
E[P_neut(6)] = 0.001264
E[P_neut(7)] = 0.001051
E[P_neut(8)] = 0.000902
E[P_neut(9)] = 0.000781
E[P_neut(10)] = 0.000684
E[P_neut(11)] = 0.000657
E[P_neut(12)] = 0.000570
E[P_neut(13)] = 0.000562
E[P_neut(14)] = 0.000508
E[P_neut(15)] = 0.000455
E[P_neut(16)] = 0.000443
E[P_neut(17)] = 0.000417
E[P_neut(18)] = 0.000417
E[P_neut(19)] = 0.000420

---- Expected P_sel(i), 0 < i < n (selected SFS per site) 
E[P_sel(1)] = 0.003554
E[P_sel(2)] = 0.001432
E[P_sel(3)] = 0.000867
E[P_sel(4)] = 0.000603
E[P_sel(5)] = 0.000461
E[P_sel(6)] = 0.000356
E[P_sel(7)] = 0.000290
E[P_sel(8)] = 0.000244
E[P_sel(9)] = 0.000208
E[P_sel(10)] = 0.000179
E[P_sel(11)] = 0.000170
E[P_sel(12)] = 0.000146
E[P_sel(13)] = 0.000143
E[P_sel(14)] = 0.000128
E[P_sel(15)] = 0.000113
E[P_sel(16)] = 0.000109
E[P_sel(17)] = 0.000102
E[P_sel(18)] = 0.000101
E[P_sel(19)] = 0.000101

---- Expected D_neut and D_sel (neutral and selected divergence per site) 
E[D_neut] = 0.005848
E[D_sel] = 0.001402

---- Expected neutral and selected misattributed polymorphism per site
E[mis_neut] = 0.005682
E[mis_sel] = 0.001363

---- alpha_div = 1.356530
---- alpha_dfe = 0.000000



