---- Performing inference on Ns400_pa_0.000125_boots/Ns400_pa_0.000125.42.polyDFE.txt using model B

---- Warning: mutation variability is not used when only one neutral and one selected fragment is available.
---- No mutation variability. Using Poisson likelihood.

---- Using provided initial values


-- Starting local optimization
 it       eps_an        theta_bar      S_d            b             r  2          r  3          r  4          r  5          r  6          r  7          r  8          r  9          r 10          r 11          r 12          r 13          r 14          r 15          r 16          r 17          r 18          r 19         ln lk             grad     status
  0      4.50e-06       0.00100     -400.00000       0.40000       1.00000       1.00000       1.00000       1.00000       1.00000       1.00000       1.00000       1.00000       1.00000       1.00000       1.00000       1.00000       1.00000       1.00000       1.00000       1.00000       1.00000       1.00000  -213648.4617759972   1574.60772   -2
143      4.50e-06       0.00901     -792.96498       0.20163       0.95455       0.92405       0.92340       0.91664       0.87442       0.85270       0.84615       0.81405       0.81665       0.82547       0.82499       0.83130       0.79681       0.79271       0.84879       0.87128       0.85625       0.92080  -197.9632883952      0.00056   -3
-- Local optimization: stuck in the same solution


---- Best joint likelihood found -197.96329 with gradient 0.00056
-- Model: B
--     eps_an        eps_cont      theta_bar     a        
--    4.50e-06      0.00e+00       0.00901       -1.00000  
--      S_d            b             p_b           S_b      
--   -792.96498       0.20163      0.00e+00      0.00e+00  
--     r  2          r  3          r  4          r  5          r  6          r  7          r  8          r  9          r 10          r 11          r 12          r 13          r 14          r 15          r 16          r 17          r 18          r 19     
--     0.95455       0.92405       0.92340       0.91664       0.87442       0.85270       0.84615       0.81405       0.81665       0.82547       0.82499       0.83130       0.79681       0.79271       0.84879       0.87128       0.85625       0.92080  

---- Expected P_neut(i), 0 < i < n (neutral SFS per site) 
E[P_neut(1)] = 0.009014
E[P_neut(2)] = 0.004302
E[P_neut(3)] = 0.002777
E[P_neut(4)] = 0.002081
E[P_neut(5)] = 0.001653
E[P_neut(6)] = 0.001314
E[P_neut(7)] = 0.001098
E[P_neut(8)] = 0.000953
E[P_neut(9)] = 0.000815
E[P_neut(10)] = 0.000736
E[P_neut(11)] = 0.000676
E[P_neut(12)] = 0.000620
E[P_neut(13)] = 0.000576
E[P_neut(14)] = 0.000513
E[P_neut(15)] = 0.000476
E[P_neut(16)] = 0.000478
E[P_neut(17)] = 0.000462
E[P_neut(18)] = 0.000429
E[P_neut(19)] = 0.000437

---- Expected P_sel(i), 0 < i < n (selected SFS per site) 
E[P_sel(1)] = 0.003653
E[P_sel(2)] = 0.001424
E[P_sel(3)] = 0.000836
E[P_sel(4)] = 0.000590
E[P_sel(5)] = 0.000448
E[P_sel(6)] = 0.000344
E[P_sel(7)] = 0.000280
E[P_sel(8)] = 0.000237
E[P_sel(9)] = 0.000198
E[P_sel(10)] = 0.000176
E[P_sel(11)] = 0.000159
E[P_sel(12)] = 0.000144
E[P_sel(13)] = 0.000132
E[P_sel(14)] = 0.000116
E[P_sel(15)] = 0.000106
E[P_sel(16)] = 0.000106
E[P_sel(17)] = 0.000101
E[P_sel(18)] = 0.000093
E[P_sel(19)] = 0.000094

---- Expected neutral and selected misattributed polymorphism per site
E[mis_neut] = 0.000451
E[mis_sel] = 0.000096

---- alpha_div = 0.294351
---- alpha_dfe = 0.000000



