---- Performing inference on Ns400_pa_0.000125_boots/Ns400_pa_0.000125.97.polyDFE.txt using model B

---- Warning: mutation variability is not used when only one neutral and one selected fragment is available.
---- No mutation variability. Using Poisson likelihood.

---- Using provided initial values


-- Starting local optimization
 it       eps_an        eps_cont      lambda        theta_bar      S_d            b             p_b           S_b           r  2          r  3          r  4          r  5          r  6          r  7          r  8          r  9          r 10          r 11          r 12          r 13          r 14          r 15          r 16          r 17          r 18          r 19          r 20         ln lk             grad     status
  0      4.50e-06      9.00e-07       0.00500       0.00100     -400.00000       0.40000       0.02000       4.00000       1.00000       1.00000       1.00000       1.00000       1.00000       1.00000       1.00000       1.00000       1.00000       1.00000       1.00000       1.00000       1.00000       1.00000       1.00000       1.00000       1.00000       1.00000       1.00000  -205729.0641824815   1518.46030   -2
109      4.49e-06      9.00e-07       0.00505       0.00910     -852.77838       0.20244       0.00216      37.37556       0.94280       0.92227       0.93102       0.88996       0.85830       0.85564       0.82794       0.82336       0.80097       0.78318       0.80109       0.83113       0.81322       0.75448       0.80912       0.82406       0.83041       0.90886       0.87165  -206.4979835264      0.86367   -3
-- Local optimization: stuck in the same solution


---- Best joint likelihood found -206.49798 with gradient 0.86367
-- Model: B
--     eps_an        eps_cont      lambda        theta_bar     a        
--    4.49e-06      9.00e-07       0.00505       0.00910       -1.00000  
--      S_d            b             p_b           S_b      
--   -852.77838       0.20244       0.00216      37.37556  
--     r  2          r  3          r  4          r  5          r  6          r  7          r  8          r  9          r 10          r 11          r 12          r 13          r 14          r 15          r 16          r 17          r 18          r 19          r 20     
--     0.94280       0.92227       0.93102       0.88996       0.85830       0.85564       0.82794       0.82336       0.80097       0.78318       0.80109       0.83113       0.81322       0.75448       0.80912       0.82406       0.83041       0.90886       0.87165  

---- Expected P_neut(i), 0 < i < n (neutral SFS per site) 
E[P_neut(1)] = 0.009098
E[P_neut(2)] = 0.004289
E[P_neut(3)] = 0.002797
E[P_neut(4)] = 0.002118
E[P_neut(5)] = 0.001619
E[P_neut(6)] = 0.001302
E[P_neut(7)] = 0.001112
E[P_neut(8)] = 0.000942
E[P_neut(9)] = 0.000832
E[P_neut(10)] = 0.000729
E[P_neut(11)] = 0.000648
E[P_neut(12)] = 0.000607
E[P_neut(13)] = 0.000582
E[P_neut(14)] = 0.000528
E[P_neut(15)] = 0.000458
E[P_neut(16)] = 0.000460
E[P_neut(17)] = 0.000441
E[P_neut(18)] = 0.000420
E[P_neut(19)] = 0.000435

---- Expected P_sel(i), 0 < i < n (selected SFS per site) 
E[P_sel(1)] = 0.003638
E[P_sel(2)] = 0.001402
E[P_sel(3)] = 0.000832
E[P_sel(4)] = 0.000593
E[P_sel(5)] = 0.000434
E[P_sel(6)] = 0.000338
E[P_sel(7)] = 0.000281
E[P_sel(8)] = 0.000232
E[P_sel(9)] = 0.000202
E[P_sel(10)] = 0.000174
E[P_sel(11)] = 0.000152
E[P_sel(12)] = 0.000141
E[P_sel(13)] = 0.000134
E[P_sel(14)] = 0.000120
E[P_sel(15)] = 0.000104
E[P_sel(16)] = 0.000104
E[P_sel(17)] = 0.000100
E[P_sel(18)] = 0.000097
E[P_sel(19)] = 0.000104

---- Expected D_neut and D_sel (neutral and selected divergence per site) 
E[D_neut] = 0.005451
E[D_sel] = 0.001552

---- Expected neutral and selected misattributed polymorphism per site
E[mis_neut] = 0.000397
E[mis_sel] = 0.000101

---- alpha_div = 0.298034
---- alpha_dfe = 0.281699



