---- Performing inference on Ns400_pa_0.000125_boots/Ns400_pa_0.000125.13.polyDFE.txt using model B

---- Warning: mutation variability is not used when only one neutral and one selected fragment is available.
---- No mutation variability. Using Poisson likelihood.

---- Using provided initial values


-- Starting local optimization
 it       eps_an        eps_cont      lambda        theta_bar      S_d            b             p_b           S_b           r  2          r  3          r  4          r  5          r  6          r  7          r  8          r  9          r 10          r 11          r 12          r 13          r 14          r 15          r 16          r 17          r 18          r 19          r 20         ln lk             grad     status
  0      4.50e-06      9.00e-07       0.00500       0.00100     -400.00000       0.40000       0.02000       4.00000       1.00000       1.00000       1.00000       1.00000       1.00000       1.00000       1.00000       1.00000       1.00000       1.00000       1.00000       1.00000       1.00000       1.00000       1.00000       1.00000       1.00000       1.00000       1.00000  -203346.1452869615   1506.70280   -2
208      4.49e-06      9.00e-07       0.00500       0.00900     -842.72272       0.20456       0.00239      37.42989       0.96221       0.93683       0.93007       0.92130       0.86244       0.87180       0.84161       0.81103       0.78843       0.80588       0.79128       0.84035       0.76427       0.76697       0.81184       0.85419       0.84044       0.83905       0.94296  -208.9961873348      0.02620   -3
-- Local optimization: stuck in the same solution


---- Best joint likelihood found -208.99619 with gradient 0.02620
-- Model: B
--     eps_an        eps_cont      lambda        theta_bar     a        
--    4.49e-06      9.00e-07       0.00500       0.00900       -1.00000  
--      S_d            b             p_b           S_b      
--   -842.72272       0.20456       0.00239      37.42989  
--     r  2          r  3          r  4          r  5          r  6          r  7          r  8          r  9          r 10          r 11          r 12          r 13          r 14          r 15          r 16          r 17          r 18          r 19          r 20     
--     0.96221       0.93683       0.93007       0.92130       0.86244       0.87180       0.84161       0.81103       0.78843       0.80588       0.79128       0.84035       0.76427       0.76697       0.81184       0.85419       0.84044       0.83905       0.94296  

---- Expected P_neut(i), 0 < i < n (neutral SFS per site) 
E[P_neut(1)] = 0.009001
E[P_neut(2)] = 0.004330
E[P_neut(3)] = 0.002811
E[P_neut(4)] = 0.002093
E[P_neut(5)] = 0.001659
E[P_neut(6)] = 0.001294
E[P_neut(7)] = 0.001121
E[P_neut(8)] = 0.000947
E[P_neut(9)] = 0.000811
E[P_neut(10)] = 0.000710
E[P_neut(11)] = 0.000659
E[P_neut(12)] = 0.000594
E[P_neut(13)] = 0.000582
E[P_neut(14)] = 0.000491
E[P_neut(15)] = 0.000460
E[P_neut(16)] = 0.000457
E[P_neut(17)] = 0.000452
E[P_neut(18)] = 0.000420
E[P_neut(19)] = 0.000398

---- Expected P_sel(i), 0 < i < n (selected SFS per site) 
E[P_sel(1)] = 0.003583
E[P_sel(2)] = 0.001406
E[P_sel(3)] = 0.000830
E[P_sel(4)] = 0.000582
E[P_sel(5)] = 0.000441
E[P_sel(6)] = 0.000333
E[P_sel(7)] = 0.000281
E[P_sel(8)] = 0.000232
E[P_sel(9)] = 0.000195
E[P_sel(10)] = 0.000168
E[P_sel(11)] = 0.000154
E[P_sel(12)] = 0.000137
E[P_sel(13)] = 0.000133
E[P_sel(14)] = 0.000111
E[P_sel(15)] = 0.000104
E[P_sel(16)] = 0.000103
E[P_sel(17)] = 0.000102
E[P_sel(18)] = 0.000097
E[P_sel(19)] = 0.000095

---- Expected D_neut and D_sel (neutral and selected divergence per site) 
E[D_neut] = 0.005425
E[D_sel] = 0.001575

---- Expected neutral and selected misattributed polymorphism per site
E[mis_neut] = 0.000424
E[mis_sel] = 0.000109

---- alpha_div = 0.305911
---- alpha_dfe = 0.305220



