---- Performing inference on Ns400_pa_0.000125_boots/Ns400_pa_0.000125.53.polyDFE.txt using model B

---- Warning: mutation variability is not used when only one neutral and one selected fragment is available.
---- No mutation variability. Using Poisson likelihood.

---- Using provided initial values


-- Starting local optimization
 it       eps_an        eps_cont      theta_bar      S_d            b             p_b           S_b           r  2          r  3          r  4          r  5          r  6          r  7          r  8          r  9          r 10          r 11          r 12          r 13          r 14          r 15          r 16          r 17          r 18          r 19         ln lk             grad     status
  0      4.50e-06      9.00e-07       0.00100     -400.00000       0.40000       0.02000       4.00000       1.00000       1.00000       1.00000       1.00000       1.00000       1.00000       1.00000       1.00000       1.00000       1.00000       1.00000       1.00000       1.00000       1.00000       1.00000       1.00000       1.00000       1.00000  -204273.5002515352   1489.22363   -2
764      4.45e-06      9.00e-07       0.00899     -792.12944       0.20609       0.00532       0.65491       0.96867       0.94753       0.93044       0.92768       0.87682       0.85434       0.82504       0.82718       0.80629       0.79850       0.80620       0.83199       0.78357       0.84087       0.85473       0.84850       0.89428       0.90224  -197.4527197710      0.00087   -3
-- Local optimization: stuck in the same solution


---- Best joint likelihood found -197.45272 with gradient 0.00087
-- Model: B
--     eps_an        eps_cont      theta_bar     a        
--    4.45e-06      9.00e-07       0.00899       -1.00000  
--      S_d            b             p_b           S_b      
--   -792.12944       0.20609       0.00532       0.65491  
--     r  2          r  3          r  4          r  5          r  6          r  7          r  8          r  9          r 10          r 11          r 12          r 13          r 14          r 15          r 16          r 17          r 18          r 19     
--     0.96867       0.94753       0.93044       0.92768       0.87682       0.85434       0.82504       0.82718       0.80629       0.79850       0.80620       0.83199       0.78357       0.84087       0.85473       0.84850       0.89428       0.90224  

---- Expected P_neut(i), 0 < i < n (neutral SFS per site) 
E[P_neut(1)] = 0.008994
E[P_neut(2)] = 0.004356
E[P_neut(3)] = 0.002841
E[P_neut(4)] = 0.002092
E[P_neut(5)] = 0.001669
E[P_neut(6)] = 0.001314
E[P_neut(7)] = 0.001098
E[P_neut(8)] = 0.000928
E[P_neut(9)] = 0.000827
E[P_neut(10)] = 0.000725
E[P_neut(11)] = 0.000653
E[P_neut(12)] = 0.000604
E[P_neut(13)] = 0.000576
E[P_neut(14)] = 0.000503
E[P_neut(15)] = 0.000504
E[P_neut(16)] = 0.000480
E[P_neut(17)] = 0.000449
E[P_neut(18)] = 0.000447
E[P_neut(19)] = 0.000427

---- Expected P_sel(i), 0 < i < n (selected SFS per site) 
E[P_sel(1)] = 0.003621
E[P_sel(2)] = 0.001431
E[P_sel(3)] = 0.000848
E[P_sel(4)] = 0.000588
E[P_sel(5)] = 0.000449
E[P_sel(6)] = 0.000342
E[P_sel(7)] = 0.000277
E[P_sel(8)] = 0.000229
E[P_sel(9)] = 0.000200
E[P_sel(10)] = 0.000172
E[P_sel(11)] = 0.000153
E[P_sel(12)] = 0.000139
E[P_sel(13)] = 0.000131
E[P_sel(14)] = 0.000113
E[P_sel(15)] = 0.000112
E[P_sel(16)] = 0.000106
E[P_sel(17)] = 0.000098
E[P_sel(18)] = 0.000097
E[P_sel(19)] = 0.000091

---- Expected neutral and selected misattributed polymorphism per site
E[mis_neut] = 0.000450
E[mis_sel] = 0.000096

---- alpha_div = 0.297337
---- alpha_dfe = 0.034407



