---- Performing inference on Ns400_pa_0.000125_boots/Ns400_pa_0.000125.77.polyDFE.txt using model B

---- Warning: mutation variability is not used when only one neutral and one selected fragment is available.
---- No mutation variability. Using Poisson likelihood.

---- Using provided initial values


-- Starting local optimization
 it       eps_an        eps_cont      lambda        theta_bar      S_d            b             p_b           S_b           r  2          r  3          r  4          r  5          r  6          r  7          r  8          r  9          r 10          r 11          r 12          r 13          r 14          r 15          r 16          r 17          r 18          r 19          r 20         ln lk             grad     status
  0      4.50e-06      9.00e-07       0.00500       0.00100     -400.00000       0.40000       0.02000       4.00000       1.00000       1.00000       1.00000       1.00000       1.00000       1.00000       1.00000       1.00000       1.00000       1.00000       1.00000       1.00000       1.00000       1.00000       1.00000       1.00000       1.00000       1.00000       1.00000  -204987.1090280928   1514.34824   -2
101      4.49e-06      9.00e-07       0.00503       0.00912     -928.56731       0.19926       0.00215      37.42663       0.94979       0.92455       0.90327       0.90850       0.83748       0.85191       0.80825       0.80310       0.78898       0.79366       0.76765       0.82216       0.78407       0.78850       0.81138       0.77690       0.86076       0.88898       0.92949  -210.8265682906      0.38310   -3
-- Local optimization: stuck in the same solution


---- Best joint likelihood found -210.82657 with gradient 0.38310
-- Model: B
--     eps_an        eps_cont      lambda        theta_bar     a        
--    4.49e-06      9.00e-07       0.00503       0.00912       -1.00000  
--      S_d            b             p_b           S_b      
--   -928.56731       0.19926       0.00215      37.42663  
--     r  2          r  3          r  4          r  5          r  6          r  7          r  8          r  9          r 10          r 11          r 12          r 13          r 14          r 15          r 16          r 17          r 18          r 19          r 20     
--     0.94979       0.92455       0.90327       0.90850       0.83748       0.85191       0.80825       0.80310       0.78898       0.79366       0.76765       0.82216       0.78407       0.78850       0.81138       0.77690       0.86076       0.88898       0.92949  

---- Expected P_neut(i), 0 < i < n (neutral SFS per site) 
E[P_neut(1)] = 0.009118
E[P_neut(2)] = 0.004330
E[P_neut(3)] = 0.002810
E[P_neut(4)] = 0.002059
E[P_neut(5)] = 0.001657
E[P_neut(6)] = 0.001273
E[P_neut(7)] = 0.001110
E[P_neut(8)] = 0.000921
E[P_neut(9)] = 0.000814
E[P_neut(10)] = 0.000719
E[P_neut(11)] = 0.000658
E[P_neut(12)] = 0.000583
E[P_neut(13)] = 0.000577
E[P_neut(14)] = 0.000511
E[P_neut(15)] = 0.000479
E[P_neut(16)] = 0.000462
E[P_neut(17)] = 0.000417
E[P_neut(18)] = 0.000436
E[P_neut(19)] = 0.000427

---- Expected P_sel(i), 0 < i < n (selected SFS per site) 
E[P_sel(1)] = 0.003626
E[P_sel(2)] = 0.001412
E[P_sel(3)] = 0.000835
E[P_sel(4)] = 0.000577
E[P_sel(5)] = 0.000445
E[P_sel(6)] = 0.000331
E[P_sel(7)] = 0.000281
E[P_sel(8)] = 0.000228
E[P_sel(9)] = 0.000197
E[P_sel(10)] = 0.000172
E[P_sel(11)] = 0.000155
E[P_sel(12)] = 0.000136
E[P_sel(13)] = 0.000133
E[P_sel(14)] = 0.000117
E[P_sel(15)] = 0.000109
E[P_sel(16)] = 0.000105
E[P_sel(17)] = 0.000095
E[P_sel(18)] = 0.000101
E[P_sel(19)] = 0.000102

---- Expected D_neut and D_sel (neutral and selected divergence per site) 
E[D_neut] = 0.005454
E[D_sel] = 0.001555

---- Expected neutral and selected misattributed polymorphism per site
E[mis_neut] = 0.000424
E[mis_sel] = 0.000108

---- alpha_div = 0.282377
---- alpha_dfe = 0.279504



