---- Performing inference on Ns400_pa_0.000125_boots/Ns400_pa_0.000125.35.polyDFE.txt using model B

---- Warning: mutation variability is not used when only one neutral and one selected fragment is available.
---- No mutation variability. Using Poisson likelihood.

---- Using provided initial values


-- Starting local optimization
 it       eps_an        lambda        theta_bar      S_d            b             r  2          r  3          r  4          r  5          r  6          r  7          r  8          r  9          r 10          r 11          r 12          r 13          r 14          r 15          r 16          r 17          r 18          r 19          r 20         ln lk             grad     status
  0      4.50e-06       0.00500       0.00100     -400.00000       0.40000       1.00000       1.00000       1.00000       1.00000       1.00000       1.00000       1.00000       1.00000       1.00000       1.00000       1.00000       1.00000       1.00000       1.00000       1.00000       1.00000       1.00000       1.00000       1.00000  -220009.3122460600   1683.81675   -2
740      4.23e-06       0.00009       0.00926    -4874.11130       0.14385       0.93811       0.88268       0.87523       0.87113       0.82073       0.76838       0.75741       0.75320       0.73941       0.73741       0.75097       0.76810       0.78368       0.71682       0.76946       0.76283       0.81538       0.85965      12.59660  -370.8549858658      0.01299   -6
-- Local optimization: reached maximum running time allowed


---- Best joint likelihood found -370.85499 with gradient 0.01299
-- Model: B
--     eps_an        eps_cont      lambda        theta_bar     a        
--    4.23e-06      0.00e+00       0.00009       0.00926       -1.00000  
--      S_d            b             p_b           S_b      
--  -4874.11130       0.14385      0.00e+00      0.00e+00  
--     r  2          r  3          r  4          r  5          r  6          r  7          r  8          r  9          r 10          r 11          r 12          r 13          r 14          r 15          r 16          r 17          r 18          r 19          r 20     
--     0.93811       0.88268       0.87523       0.87113       0.82073       0.76838       0.75741       0.75320       0.73941       0.73741       0.75097       0.76810       0.78368       0.71682       0.76946       0.76283       0.81538       0.85965      12.59660  

---- Expected P_neut(i), 0 < i < n (neutral SFS per site) 
E[P_neut(1)] = 0.009256
E[P_neut(2)] = 0.004342
E[P_neut(3)] = 0.002723
E[P_neut(4)] = 0.002025
E[P_neut(5)] = 0.001613
E[P_neut(6)] = 0.001266
E[P_neut(7)] = 0.001016
E[P_neut(8)] = 0.000876
E[P_neut(9)] = 0.000775
E[P_neut(10)] = 0.000684
E[P_neut(11)] = 0.000621
E[P_neut(12)] = 0.000579
E[P_neut(13)] = 0.000547
E[P_neut(14)] = 0.000518
E[P_neut(15)] = 0.000442
E[P_neut(16)] = 0.000445
E[P_neut(17)] = 0.000415
E[P_neut(18)] = 0.000419
E[P_neut(19)] = 0.000419

---- Expected P_sel(i), 0 < i < n (selected SFS per site) 
E[P_sel(1)] = 0.003564
E[P_sel(2)] = 0.001447
E[P_sel(3)] = 0.000849
E[P_sel(4)] = 0.000605
E[P_sel(5)] = 0.000467
E[P_sel(6)] = 0.000358
E[P_sel(7)] = 0.000281
E[P_sel(8)] = 0.000238
E[P_sel(9)] = 0.000208
E[P_sel(10)] = 0.000181
E[P_sel(11)] = 0.000162
E[P_sel(12)] = 0.000150
E[P_sel(13)] = 0.000140
E[P_sel(14)] = 0.000132
E[P_sel(15)] = 0.000111
E[P_sel(16)] = 0.000111
E[P_sel(17)] = 0.000103
E[P_sel(18)] = 0.000103
E[P_sel(19)] = 0.000103

---- Expected D_neut and D_sel (neutral and selected divergence per site) 
E[D_neut] = 0.005923
E[D_sel] = 0.001441

---- Expected neutral and selected misattributed polymorphism per site
E[mis_neut] = 0.005830
E[mis_sel] = 0.001418

---- alpha_div = 1.496534
---- alpha_dfe = 0.000000



