---- Performing inference on Ns400_pa_0.000125_boots/Ns400_pa_0.000125.58.polyDFE.txt using model B

---- Warning: mutation variability is not used when only one neutral and one selected fragment is available.
---- No mutation variability. Using Poisson likelihood.

---- Using provided initial values


-- Starting local optimization
 it       eps_an        theta_bar      S_d            b             r  2          r  3          r  4          r  5          r  6          r  7          r  8          r  9          r 10          r 11          r 12          r 13          r 14          r 15          r 16          r 17          r 18          r 19         ln lk             grad     status
  0      4.50e-06       0.00100     -400.00000       0.40000       1.00000       1.00000       1.00000       1.00000       1.00000       1.00000       1.00000       1.00000       1.00000       1.00000       1.00000       1.00000       1.00000       1.00000       1.00000       1.00000       1.00000       1.00000  -212822.3877503881   1572.14648   -2
178      4.50e-06       0.00898     -916.80099       0.19411       0.95535       0.94312       0.92367       0.89872       0.85106       0.84863       0.83005       0.81352       0.80026       0.81459       0.81511       0.80841       0.79708       0.80867       0.84241       0.83143       0.82764       0.95213  -198.3199523167      0.00034   -3
-- Local optimization: stuck in the same solution


---- Best joint likelihood found -198.31995 with gradient 0.00034
-- Model: B
--     eps_an        eps_cont      theta_bar     a        
--    4.50e-06      0.00e+00       0.00898       -1.00000  
--      S_d            b             p_b           S_b      
--   -916.80099       0.19411      0.00e+00      0.00e+00  
--     r  2          r  3          r  4          r  5          r  6          r  7          r  8          r  9          r 10          r 11          r 12          r 13          r 14          r 15          r 16          r 17          r 18          r 19     
--     0.95535       0.94312       0.92367       0.89872       0.85106       0.84863       0.83005       0.81352       0.80026       0.81459       0.81511       0.80841       0.79708       0.80867       0.84241       0.83143       0.82764       0.95213  

---- Expected P_neut(i), 0 < i < n (neutral SFS per site) 
E[P_neut(1)] = 0.008979
E[P_neut(2)] = 0.004289
E[P_neut(3)] = 0.002823
E[P_neut(4)] = 0.002073
E[P_neut(5)] = 0.001614
E[P_neut(6)] = 0.001274
E[P_neut(7)] = 0.001089
E[P_neut(8)] = 0.000932
E[P_neut(9)] = 0.000812
E[P_neut(10)] = 0.000719
E[P_neut(11)] = 0.000665
E[P_neut(12)] = 0.000610
E[P_neut(13)] = 0.000558
E[P_neut(14)] = 0.000511
E[P_neut(15)] = 0.000484
E[P_neut(16)] = 0.000473
E[P_neut(17)] = 0.000439
E[P_neut(18)] = 0.000413
E[P_neut(19)] = 0.000450

---- Expected P_sel(i), 0 < i < n (selected SFS per site) 
E[P_sel(1)] = 0.003633
E[P_sel(2)] = 0.001428
E[P_sel(3)] = 0.000858
E[P_sel(4)] = 0.000594
E[P_sel(5)] = 0.000443
E[P_sel(6)] = 0.000339
E[P_sel(7)] = 0.000282
E[P_sel(8)] = 0.000235
E[P_sel(9)] = 0.000201
E[P_sel(10)] = 0.000175
E[P_sel(11)] = 0.000159
E[P_sel(12)] = 0.000144
E[P_sel(13)] = 0.000130
E[P_sel(14)] = 0.000118
E[P_sel(15)] = 0.000110
E[P_sel(16)] = 0.000107
E[P_sel(17)] = 0.000098
E[P_sel(18)] = 0.000091
E[P_sel(19)] = 0.000099

---- Expected neutral and selected misattributed polymorphism per site
E[mis_neut] = 0.000449
E[mis_sel] = 0.000098

---- alpha_div = 0.251931
---- alpha_dfe = 0.000000



