---- Performing inference on Ns400_pa_0.000125_boots/Ns400_pa_0.000125.86.polyDFE.txt using model B

---- Warning: mutation variability is not used when only one neutral and one selected fragment is available.
---- No mutation variability. Using Poisson likelihood.

---- Using provided initial values


-- Starting local optimization
 it       eps_an        eps_cont      theta_bar      S_d            b             p_b           S_b           r  2          r  3          r  4          r  5          r  6          r  7          r  8          r  9          r 10          r 11          r 12          r 13          r 14          r 15          r 16          r 17          r 18          r 19         ln lk             grad     status
  0      4.50e-06      9.00e-07       0.00100     -400.00000       0.40000       0.02000       4.00000       1.00000       1.00000       1.00000       1.00000       1.00000       1.00000       1.00000       1.00000       1.00000       1.00000       1.00000       1.00000       1.00000       1.00000       1.00000       1.00000       1.00000       1.00000  -203545.4708275361   1485.44120   -2
562      4.47e-06      9.00e-07       0.00905     -833.85204       0.20418       0.00646       0.96569       0.95942       0.92506       0.92013       0.88813       0.86379       0.85878       0.85336       0.78484       0.78061       0.80748       0.81183       0.82272       0.79841       0.78456       0.84478       0.84648       0.86605       0.92147  -197.8145814567      0.00097   -3
-- Local optimization: stuck in the same solution


---- Best joint likelihood found -197.81458 with gradient 0.00097
-- Model: B
--     eps_an        eps_cont      theta_bar     a        
--    4.47e-06      9.00e-07       0.00905       -1.00000  
--      S_d            b             p_b           S_b      
--   -833.85204       0.20418       0.00646       0.96569  
--     r  2          r  3          r  4          r  5          r  6          r  7          r  8          r  9          r 10          r 11          r 12          r 13          r 14          r 15          r 16          r 17          r 18          r 19     
--     0.95942       0.92506       0.92013       0.88813       0.86379       0.85878       0.85336       0.78484       0.78061       0.80748       0.81183       0.82272       0.79841       0.78456       0.84478       0.84648       0.86605       0.92147  

---- Expected P_neut(i), 0 < i < n (neutral SFS per site) 
E[P_neut(1)] = 0.009046
E[P_neut(2)] = 0.004340
E[P_neut(3)] = 0.002789
E[P_neut(4)] = 0.002081
E[P_neut(5)] = 0.001607
E[P_neut(6)] = 0.001302
E[P_neut(7)] = 0.001110
E[P_neut(8)] = 0.000965
E[P_neut(9)] = 0.000789
E[P_neut(10)] = 0.000706
E[P_neut(11)] = 0.000664
E[P_neut(12)] = 0.000612
E[P_neut(13)] = 0.000573
E[P_neut(14)] = 0.000516
E[P_neut(15)] = 0.000473
E[P_neut(16)] = 0.000478
E[P_neut(17)] = 0.000450
E[P_neut(18)] = 0.000435
E[P_neut(19)] = 0.000439

---- Expected P_sel(i), 0 < i < n (selected SFS per site) 
E[P_sel(1)] = 0.003635
E[P_sel(2)] = 0.001426
E[P_sel(3)] = 0.000835
E[P_sel(4)] = 0.000587
E[P_sel(5)] = 0.000434
E[P_sel(6)] = 0.000340
E[P_sel(7)] = 0.000282
E[P_sel(8)] = 0.000240
E[P_sel(9)] = 0.000192
E[P_sel(10)] = 0.000169
E[P_sel(11)] = 0.000157
E[P_sel(12)] = 0.000142
E[P_sel(13)] = 0.000131
E[P_sel(14)] = 0.000117
E[P_sel(15)] = 0.000106
E[P_sel(16)] = 0.000106
E[P_sel(17)] = 0.000099
E[P_sel(18)] = 0.000095
E[P_sel(19)] = 0.000095

---- Expected neutral and selected misattributed polymorphism per site
E[mis_neut] = 0.000452
E[mis_sel] = 0.000097

---- alpha_div = 0.311919
---- alpha_dfe = 0.047090



