---- Performing inference on Ns400_pa_0.000125_boots/Ns400_pa_0.000125.99.polyDFE.txt using model B

---- Warning: mutation variability is not used when only one neutral and one selected fragment is available.
---- No mutation variability. Using Poisson likelihood.

---- Using provided initial values


-- Starting local optimization
 it       eps_an        lambda        theta_bar      S_d            b             r  2          r  3          r  4          r  5          r  6          r  7          r  8          r  9          r 10          r 11          r 12          r 13          r 14          r 15          r 16          r 17          r 18          r 19          r 20         ln lk             grad     status
  0      4.50e-06       0.00500       0.00100     -400.00000       0.40000       1.00000       1.00000       1.00000       1.00000       1.00000       1.00000       1.00000       1.00000       1.00000       1.00000       1.00000       1.00000       1.00000       1.00000       1.00000       1.00000       1.00000       1.00000       1.00000  -219258.2315659536   1678.86491   -2
448      4.33e-06       0.00014       0.00917    -3241.80369       0.15208       0.93698       0.90429       0.86838       0.85308       0.82324       0.81404       0.78409       0.78591       0.77079       0.75085       0.74888       0.79044       0.74093       0.74409       0.76842       0.76102       0.84408       0.80944      12.44125  -369.9966381681      0.00757   -3
-- Local optimization: stuck in the same solution


---- Best joint likelihood found -369.99664 with gradient 0.00757
-- Model: B
--     eps_an        eps_cont      lambda        theta_bar     a        
--    4.33e-06      0.00e+00       0.00014       0.00917       -1.00000  
--      S_d            b             p_b           S_b      
--  -3241.80369       0.15208      0.00e+00      0.00e+00  
--     r  2          r  3          r  4          r  5          r  6          r  7          r  8          r  9          r 10          r 11          r 12          r 13          r 14          r 15          r 16          r 17          r 18          r 19          r 20     
--     0.93698       0.90429       0.86838       0.85308       0.82324       0.81404       0.78409       0.78591       0.77079       0.75085       0.74888       0.79044       0.74093       0.74409       0.76842       0.76102       0.84408       0.80944      12.44125  

---- Expected P_neut(i), 0 < i < n (neutral SFS per site) 
E[P_neut(1)] = 0.009166
E[P_neut(2)] = 0.004294
E[P_neut(3)] = 0.002763
E[P_neut(4)] = 0.001990
E[P_neut(5)] = 0.001564
E[P_neut(6)] = 0.001258
E[P_neut(7)] = 0.001066
E[P_neut(8)] = 0.000898
E[P_neut(9)] = 0.000800
E[P_neut(10)] = 0.000706
E[P_neut(11)] = 0.000626
E[P_neut(12)] = 0.000572
E[P_neut(13)] = 0.000557
E[P_neut(14)] = 0.000485
E[P_neut(15)] = 0.000455
E[P_neut(16)] = 0.000440
E[P_neut(17)] = 0.000410
E[P_neut(18)] = 0.000430
E[P_neut(19)] = 0.000391

---- Expected P_sel(i), 0 < i < n (selected SFS per site) 
E[P_sel(1)] = 0.003587
E[P_sel(2)] = 0.001442
E[P_sel(3)] = 0.000864
E[P_sel(4)] = 0.000595
E[P_sel(5)] = 0.000452
E[P_sel(6)] = 0.000354
E[P_sel(7)] = 0.000294
E[P_sel(8)] = 0.000243
E[P_sel(9)] = 0.000213
E[P_sel(10)] = 0.000186
E[P_sel(11)] = 0.000163
E[P_sel(12)] = 0.000147
E[P_sel(13)] = 0.000142
E[P_sel(14)] = 0.000122
E[P_sel(15)] = 0.000114
E[P_sel(16)] = 0.000109
E[P_sel(17)] = 0.000101
E[P_sel(18)] = 0.000105
E[P_sel(19)] = 0.000095

---- Expected D_neut and D_sel (neutral and selected divergence per site) 
E[D_neut] = 0.005842
E[D_sel] = 0.001406

---- Expected neutral and selected misattributed polymorphism per site
E[mis_neut] = 0.005702
E[mis_sel] = 0.001373

---- alpha_div = 1.392293
---- alpha_dfe = 0.000000



