---- Performing inference on Ns400_pa_0.000125_boots/Ns400_pa_0.000125.2.polyDFE.txt using model B

---- Warning: mutation variability is not used when only one neutral and one selected fragment is available.
---- No mutation variability. Using Poisson likelihood.

---- Using provided initial values


-- Starting local optimization
 it       eps_an        eps_cont      lambda        theta_bar      S_d            b             p_b           S_b           r  2          r  3          r  4          r  5          r  6          r  7          r  8          r  9          r 10          r 11          r 12          r 13          r 14          r 15          r 16          r 17          r 18          r 19          r 20         ln lk             grad     status
  0      4.50e-06      9.00e-07       0.00500       0.00100     -400.00000       0.40000       0.02000       4.00000       1.00000       1.00000       1.00000       1.00000       1.00000       1.00000       1.00000       1.00000       1.00000       1.00000       1.00000       1.00000       1.00000       1.00000       1.00000       1.00000       1.00000       1.00000       1.00000  -204943.3969510828   1516.29488   -2
107      4.49e-06      9.00e-07       0.00496       0.00911    -1382.43821       0.18213       0.00189      37.42356       0.94398       0.91176       0.91277       0.88071       0.84533       0.82111       0.82349       0.78210       0.77607       0.80871       0.80467       0.80599       0.76347       0.76943       0.84632       0.82673       0.82176       0.89131       1.04698  -212.2335400879      1.10603   -3
-- Local optimization: stuck in the same solution


---- Best joint likelihood found -212.23354 with gradient 1.10603
-- Model: B
--     eps_an        eps_cont      lambda        theta_bar     a        
--    4.49e-06      9.00e-07       0.00496       0.00911       -1.00000  
--      S_d            b             p_b           S_b      
--  -1382.43821       0.18213       0.00189      37.42356  
--     r  2          r  3          r  4          r  5          r  6          r  7          r  8          r  9          r 10          r 11          r 12          r 13          r 14          r 15          r 16          r 17          r 18          r 19          r 20     
--     0.94398       0.91176       0.91277       0.88071       0.84533       0.82111       0.82349       0.78210       0.77607       0.80871       0.80467       0.80599       0.76347       0.76943       0.84632       0.82673       0.82176       0.89131       1.04698  

---- Expected P_neut(i), 0 < i < n (neutral SFS per site) 
E[P_neut(1)] = 0.009107
E[P_neut(2)] = 0.004298
E[P_neut(3)] = 0.002768
E[P_neut(4)] = 0.002078
E[P_neut(5)] = 0.001604
E[P_neut(6)] = 0.001283
E[P_neut(7)] = 0.001068
E[P_neut(8)] = 0.000937
E[P_neut(9)] = 0.000791
E[P_neut(10)] = 0.000707
E[P_neut(11)] = 0.000670
E[P_neut(12)] = 0.000611
E[P_neut(13)] = 0.000565
E[P_neut(14)] = 0.000497
E[P_neut(15)] = 0.000467
E[P_neut(16)] = 0.000482
E[P_neut(17)] = 0.000443
E[P_neut(18)] = 0.000416
E[P_neut(19)] = 0.000427

---- Expected P_sel(i), 0 < i < n (selected SFS per site) 
E[P_sel(1)] = 0.003588
E[P_sel(2)] = 0.001411
E[P_sel(3)] = 0.000835
E[P_sel(4)] = 0.000594
E[P_sel(5)] = 0.000441
E[P_sel(6)] = 0.000342
E[P_sel(7)] = 0.000278
E[P_sel(8)] = 0.000239
E[P_sel(9)] = 0.000198
E[P_sel(10)] = 0.000175
E[P_sel(11)] = 0.000163
E[P_sel(12)] = 0.000147
E[P_sel(13)] = 0.000135
E[P_sel(14)] = 0.000118
E[P_sel(15)] = 0.000110
E[P_sel(16)] = 0.000113
E[P_sel(17)] = 0.000105
E[P_sel(18)] = 0.000099
E[P_sel(19)] = 0.000105

---- Expected D_neut and D_sel (neutral and selected divergence per site) 
E[D_neut] = 0.005441
E[D_sel] = 0.001554

---- Expected neutral and selected misattributed polymorphism per site
E[mis_neut] = 0.000477
E[mis_sel] = 0.000124

---- alpha_div = 0.260947
---- alpha_dfe = 0.246160



