---- Performing inference on Ns400_pa_0.000125_boots/Ns400_pa_0.000125.50.polyDFE.txt using model B

---- Warning: mutation variability is not used when only one neutral and one selected fragment is available.
---- No mutation variability. Using Poisson likelihood.

---- Using provided initial values


-- Starting local optimization
 it       eps_an        lambda        theta_bar      S_d            b             r  2          r  3          r  4          r  5          r  6          r  7          r  8          r  9          r 10          r 11          r 12          r 13          r 14          r 15          r 16          r 17          r 18          r 19          r 20         ln lk             grad     status
  0      4.50e-06       0.00500       0.00100     -400.00000       0.40000       1.00000       1.00000       1.00000       1.00000       1.00000       1.00000       1.00000       1.00000       1.00000       1.00000       1.00000       1.00000       1.00000       1.00000       1.00000       1.00000       1.00000       1.00000       1.00000  -219594.0317778765   1681.47401   -2
800      4.37e-06       0.00013       0.00925    -4870.70093       0.14322       0.93021       0.87668       0.85777       0.87437       0.80873       0.78148       0.78436       0.75171       0.76443       0.75335       0.73799       0.79034       0.77031       0.73688       0.74478       0.77831       0.79511       0.81845      12.27862  -374.2679220745      0.05670   -6
-- Local optimization: reached maximum running time allowed


---- Best joint likelihood found -374.26792 with gradient 0.05670
-- Model: B
--     eps_an        eps_cont      lambda        theta_bar     a        
--    4.37e-06      0.00e+00       0.00013       0.00925       -1.00000  
--      S_d            b             p_b           S_b      
--  -4870.70093       0.14322      0.00e+00      0.00e+00  
--     r  2          r  3          r  4          r  5          r  6          r  7          r  8          r  9          r 10          r 11          r 12          r 13          r 14          r 15          r 16          r 17          r 18          r 19          r 20     
--     0.93021       0.87668       0.85777       0.87437       0.80873       0.78148       0.78436       0.75171       0.76443       0.75335       0.73799       0.79034       0.77031       0.73688       0.74478       0.77831       0.79511       0.81845      12.27862  

---- Expected P_neut(i), 0 < i < n (neutral SFS per site) 
E[P_neut(1)] = 0.009246
E[P_neut(2)] = 0.004301
E[P_neut(3)] = 0.002702
E[P_neut(4)] = 0.001983
E[P_neut(5)] = 0.001617
E[P_neut(6)] = 0.001246
E[P_neut(7)] = 0.001032
E[P_neut(8)] = 0.000907
E[P_neut(9)] = 0.000772
E[P_neut(10)] = 0.000707
E[P_neut(11)] = 0.000633
E[P_neut(12)] = 0.000569
E[P_neut(13)] = 0.000562
E[P_neut(14)] = 0.000509
E[P_neut(15)] = 0.000454
E[P_neut(16)] = 0.000430
E[P_neut(17)] = 0.000423
E[P_neut(18)] = 0.000408
E[P_neut(19)] = 0.000398

---- Expected P_sel(i), 0 < i < n (selected SFS per site) 
E[P_sel(1)] = 0.003573
E[P_sel(2)] = 0.001439
E[P_sel(3)] = 0.000846
E[P_sel(4)] = 0.000595
E[P_sel(5)] = 0.000470
E[P_sel(6)] = 0.000354
E[P_sel(7)] = 0.000287
E[P_sel(8)] = 0.000248
E[P_sel(9)] = 0.000208
E[P_sel(10)] = 0.000188
E[P_sel(11)] = 0.000166
E[P_sel(12)] = 0.000148
E[P_sel(13)] = 0.000145
E[P_sel(14)] = 0.000130
E[P_sel(15)] = 0.000115
E[P_sel(16)] = 0.000108
E[P_sel(17)] = 0.000106
E[P_sel(18)] = 0.000101
E[P_sel(19)] = 0.000098

---- Expected D_neut and D_sel (neutral and selected divergence per site) 
E[D_neut] = 0.005803
E[D_sel] = 0.001420

---- Expected neutral and selected misattributed polymorphism per site
E[mis_neut] = 0.005677
E[mis_sel] = 0.001389

---- alpha_div = 1.427284
---- alpha_dfe = 0.000000



