---- Performing inference on Ns400_pa_0.000125_boots/Ns400_pa_0.000125.4.polyDFE.txt using model B

---- Warning: mutation variability is not used when only one neutral and one selected fragment is available.
---- No mutation variability. Using Poisson likelihood.

---- Using provided initial values


-- Starting local optimization
 it       eps_an        lambda        theta_bar      S_d            b             r  2          r  3          r  4          r  5          r  6          r  7          r  8          r  9          r 10          r 11          r 12          r 13          r 14          r 15          r 16          r 17          r 18          r 19          r 20         ln lk             grad     status
  0      4.50e-06       0.00500       0.00100     -400.00000       0.40000       1.00000       1.00000       1.00000       1.00000       1.00000       1.00000       1.00000       1.00000       1.00000       1.00000       1.00000       1.00000       1.00000       1.00000       1.00000       1.00000       1.00000       1.00000       1.00000  -219583.6398993121   1681.50837   -2
527      4.42e-06       0.00023       0.00913    -2929.21113       0.15444       0.94287       0.89575       0.88948       0.86132       0.81198       0.80272       0.80931       0.77423       0.74509       0.76127       0.79208       0.76397       0.80377       0.71968       0.82636       0.79240       0.77277       0.86677      12.45635  -356.0896874689      0.00938   -3
-- Local optimization: stuck in the same solution


---- Best joint likelihood found -356.08969 with gradient 0.00938
-- Model: B
--     eps_an        eps_cont      lambda        theta_bar     a        
--    4.42e-06      0.00e+00       0.00023       0.00913       -1.00000  
--      S_d            b             p_b           S_b      
--  -2929.21113       0.15444      0.00e+00      0.00e+00  
--     r  2          r  3          r  4          r  5          r  6          r  7          r  8          r  9          r 10          r 11          r 12          r 13          r 14          r 15          r 16          r 17          r 18          r 19          r 20     
--     0.94287       0.89575       0.88948       0.86132       0.81198       0.80272       0.80931       0.77423       0.74509       0.76127       0.79208       0.76397       0.80377       0.71968       0.82636       0.79240       0.77277       0.86677      12.45635  

---- Expected P_neut(i), 0 < i < n (neutral SFS per site) 
E[P_neut(1)] = 0.009133
E[P_neut(2)] = 0.004306
E[P_neut(3)] = 0.002727
E[P_neut(4)] = 0.002031
E[P_neut(5)] = 0.001573
E[P_neut(6)] = 0.001236
E[P_neut(7)] = 0.001047
E[P_neut(8)] = 0.000924
E[P_neut(9)] = 0.000786
E[P_neut(10)] = 0.000680
E[P_neut(11)] = 0.000632
E[P_neut(12)] = 0.000603
E[P_neut(13)] = 0.000537
E[P_neut(14)] = 0.000524
E[P_neut(15)] = 0.000438
E[P_neut(16)] = 0.000472
E[P_neut(17)] = 0.000426
E[P_neut(18)] = 0.000392
E[P_neut(19)] = 0.000417

---- Expected P_sel(i), 0 < i < n (selected SFS per site) 
E[P_sel(1)] = 0.003587
E[P_sel(2)] = 0.001448
E[P_sel(3)] = 0.000853
E[P_sel(4)] = 0.000607
E[P_sel(5)] = 0.000455
E[P_sel(6)] = 0.000348
E[P_sel(7)] = 0.000288
E[P_sel(8)] = 0.000250
E[P_sel(9)] = 0.000209
E[P_sel(10)] = 0.000179
E[P_sel(11)] = 0.000164
E[P_sel(12)] = 0.000154
E[P_sel(13)] = 0.000136
E[P_sel(14)] = 0.000132
E[P_sel(15)] = 0.000109
E[P_sel(16)] = 0.000116
E[P_sel(17)] = 0.000104
E[P_sel(18)] = 0.000095
E[P_sel(19)] = 0.000101

---- Expected D_neut and D_sel (neutral and selected divergence per site) 
E[D_neut] = 0.005922
E[D_sel] = 0.001419

---- Expected neutral and selected misattributed polymorphism per site
E[mis_neut] = 0.005688
E[mis_sel] = 0.001364

---- alpha_div = 1.214990
---- alpha_dfe = 0.000000



