---- Performing inference on Ns400_pa_0.000125_boots/Ns400_pa_0.000125.10.polyDFE.txt using model B

---- Warning: mutation variability is not used when only one neutral and one selected fragment is available.
---- No mutation variability. Using Poisson likelihood.

---- Using provided initial values


-- Starting local optimization
 it       eps_an        eps_cont      lambda        theta_bar      S_d            b             p_b           S_b           r  2          r  3          r  4          r  5          r  6          r  7          r  8          r  9          r 10          r 11          r 12          r 13          r 14          r 15          r 16          r 17          r 18          r 19          r 20         ln lk             grad     status
  0      4.50e-06      9.00e-07       0.00500       0.00100     -400.00000       0.40000       0.02000       4.00000       1.00000       1.00000       1.00000       1.00000       1.00000       1.00000       1.00000       1.00000       1.00000       1.00000       1.00000       1.00000       1.00000       1.00000       1.00000       1.00000       1.00000       1.00000       1.00000  -206837.1907888289   1526.30422   -2
211      4.49e-06      9.00e-07       0.00513       0.00892     -723.97364       0.20826       0.00217      37.42988       0.97240       0.95822       0.93967       0.91382       0.88254       0.88331       0.88105       0.83038       0.82614       0.83382       0.83391       0.86228       0.82786       0.79916       0.84140       0.85202       0.84289       0.85458       0.96241  -210.4244668137      0.03204   -3
-- Local optimization: stuck in the same solution


---- Best joint likelihood found -210.42447 with gradient 0.03204
-- Model: B
--     eps_an        eps_cont      lambda        theta_bar     a        
--    4.49e-06      9.00e-07       0.00513       0.00892       -1.00000  
--      S_d            b             p_b           S_b      
--   -723.97364       0.20826       0.00217      37.42988  
--     r  2          r  3          r  4          r  5          r  6          r  7          r  8          r  9          r 10          r 11          r 12          r 13          r 14          r 15          r 16          r 17          r 18          r 19          r 20     
--     0.97240       0.95822       0.93967       0.91382       0.88254       0.88331       0.88105       0.83038       0.82614       0.83382       0.83391       0.86228       0.82786       0.79916       0.84140       0.85202       0.84289       0.85458       0.96241  

---- Expected P_neut(i), 0 < i < n (neutral SFS per site) 
E[P_neut(1)] = 0.008921
E[P_neut(2)] = 0.004337
E[P_neut(3)] = 0.002849
E[P_neut(4)] = 0.002096
E[P_neut(5)] = 0.001630
E[P_neut(6)] = 0.001312
E[P_neut(7)] = 0.001126
E[P_neut(8)] = 0.000982
E[P_neut(9)] = 0.000823
E[P_neut(10)] = 0.000737
E[P_neut(11)] = 0.000676
E[P_neut(12)] = 0.000620
E[P_neut(13)] = 0.000592
E[P_neut(14)] = 0.000528
E[P_neut(15)] = 0.000475
E[P_neut(16)] = 0.000469
E[P_neut(17)] = 0.000447
E[P_neut(18)] = 0.000418
E[P_neut(19)] = 0.000401

---- Expected P_sel(i), 0 < i < n (selected SFS per site) 
E[P_sel(1)] = 0.003613
E[P_sel(2)] = 0.001428
E[P_sel(3)] = 0.000852
E[P_sel(4)] = 0.000589
E[P_sel(5)] = 0.000438
E[P_sel(6)] = 0.000341
E[P_sel(7)] = 0.000284
E[P_sel(8)] = 0.000242
E[P_sel(9)] = 0.000199
E[P_sel(10)] = 0.000175
E[P_sel(11)] = 0.000158
E[P_sel(12)] = 0.000143
E[P_sel(13)] = 0.000136
E[P_sel(14)] = 0.000120
E[P_sel(15)] = 0.000107
E[P_sel(16)] = 0.000106
E[P_sel(17)] = 0.000101
E[P_sel(18)] = 0.000096
E[P_sel(19)] = 0.000095

---- Expected D_neut and D_sel (neutral and selected divergence per site) 
E[D_neut] = 0.005559
E[D_sel] = 0.001578

---- Expected neutral and selected misattributed polymorphism per site
E[mis_neut] = 0.000429
E[mis_sel] = 0.000109

---- alpha_div = 0.284529
---- alpha_dfe = 0.283788



