---- Performing inference on Ns400_pa_0.000125_boots/Ns400_pa_0.000125.7.polyDFE.txt using model B

---- Warning: mutation variability is not used when only one neutral and one selected fragment is available.
---- No mutation variability. Using Poisson likelihood.

---- Using provided initial values


-- Starting local optimization
 it       eps_an        eps_cont      lambda        theta_bar      S_d            b             p_b           S_b           r  2          r  3          r  4          r  5          r  6          r  7          r  8          r  9          r 10          r 11          r 12          r 13          r 14          r 15          r 16          r 17          r 18          r 19          r 20         ln lk             grad     status
  0      4.50e-06      9.00e-07       0.00500       0.00100     -400.00000       0.40000       0.02000       4.00000       1.00000       1.00000       1.00000       1.00000       1.00000       1.00000       1.00000       1.00000       1.00000       1.00000       1.00000       1.00000       1.00000       1.00000       1.00000       1.00000       1.00000       1.00000       1.00000  -204973.8611526227   1515.62456   -2
158      4.49e-06      9.00e-07       0.00506       0.00890     -630.97724       0.21629       0.00237      37.42543       0.97407       0.95066       0.94544       0.92298       0.88461       0.89064       0.85955       0.83617       0.80540       0.82967       0.81170       0.86292       0.82607       0.79036       0.82181       0.86122       0.85771       0.87503       1.00214  -209.1271028337      0.19515   -3
-- Local optimization: stuck in the same solution


---- Best joint likelihood found -209.12710 with gradient 0.19515
-- Model: B
--     eps_an        eps_cont      lambda        theta_bar     a        
--    4.49e-06      9.00e-07       0.00506       0.00890       -1.00000  
--      S_d            b             p_b           S_b      
--   -630.97724       0.21629       0.00237      37.42543  
--     r  2          r  3          r  4          r  5          r  6          r  7          r  8          r  9          r 10          r 11          r 12          r 13          r 14          r 15          r 16          r 17          r 18          r 19          r 20     
--     0.97407       0.95066       0.94544       0.92298       0.88461       0.89064       0.85955       0.83617       0.80540       0.82967       0.81170       0.86292       0.82607       0.79036       0.82181       0.86122       0.85771       0.87503       1.00214  

---- Expected P_neut(i), 0 < i < n (neutral SFS per site) 
E[P_neut(1)] = 0.008903
E[P_neut(2)] = 0.004336
E[P_neut(3)] = 0.002821
E[P_neut(4)] = 0.002104
E[P_neut(5)] = 0.001644
E[P_neut(6)] = 0.001313
E[P_neut(7)] = 0.001133
E[P_neut(8)] = 0.000957
E[P_neut(9)] = 0.000827
E[P_neut(10)] = 0.000717
E[P_neut(11)] = 0.000672
E[P_neut(12)] = 0.000602
E[P_neut(13)] = 0.000591
E[P_neut(14)] = 0.000525
E[P_neut(15)] = 0.000469
E[P_neut(16)] = 0.000457
E[P_neut(17)] = 0.000451
E[P_neut(18)] = 0.000424
E[P_neut(19)] = 0.000410

---- Expected P_sel(i), 0 < i < n (selected SFS per site) 
E[P_sel(1)] = 0.003616
E[P_sel(2)] = 0.001421
E[P_sel(3)] = 0.000836
E[P_sel(4)] = 0.000585
E[P_sel(5)] = 0.000436
E[P_sel(6)] = 0.000336
E[P_sel(7)] = 0.000282
E[P_sel(8)] = 0.000232
E[P_sel(9)] = 0.000197
E[P_sel(10)] = 0.000168
E[P_sel(11)] = 0.000155
E[P_sel(12)] = 0.000137
E[P_sel(13)] = 0.000133
E[P_sel(14)] = 0.000117
E[P_sel(15)] = 0.000104
E[P_sel(16)] = 0.000102
E[P_sel(17)] = 0.000101
E[P_sel(18)] = 0.000096
E[P_sel(19)] = 0.000096

---- Expected D_neut and D_sel (neutral and selected divergence per site) 
E[D_neut] = 0.005509
E[D_sel] = 0.001576

---- Expected neutral and selected misattributed polymorphism per site
E[mis_neut] = 0.000446
E[mis_sel] = 0.000113

---- alpha_div = 0.310479
---- alpha_dfe = 0.306542



