---- Performing inference on Ns400_pa_0.000125_boots/Ns400_pa_0.000125.12.polyDFE.txt using model B

---- Warning: mutation variability is not used when only one neutral and one selected fragment is available.
---- No mutation variability. Using Poisson likelihood.

---- Using provided initial values


-- Starting local optimization
 it       eps_an        lambda        theta_bar      S_d            b             r  2          r  3          r  4          r  5          r  6          r  7          r  8          r  9          r 10          r 11          r 12          r 13          r 14          r 15          r 16          r 17          r 18          r 19          r 20         ln lk             grad     status
  0      4.50e-06       0.00500       0.00100     -400.00000       0.40000       1.00000       1.00000       1.00000       1.00000       1.00000       1.00000       1.00000       1.00000       1.00000       1.00000       1.00000       1.00000       1.00000       1.00000       1.00000       1.00000       1.00000       1.00000       1.00000  -219232.1202134753   1678.42402   -2
805      4.38e-06       0.00013       0.00915    -2752.39221       0.15656       0.93922       0.90042       0.87971       0.87314       0.79681       0.80899       0.80576       0.77449       0.77004       0.78065       0.77614       0.76234       0.77951       0.76607       0.78940       0.79466       0.77274       0.84707      12.75049  -400.6214113023      0.01457   -6
-- Local optimization: reached maximum running time allowed


---- Best joint likelihood found -400.62141 with gradient 0.01457
-- Model: B
--     eps_an        eps_cont      lambda        theta_bar     a        
--    4.38e-06      0.00e+00       0.00013       0.00915       -1.00000  
--      S_d            b             p_b           S_b      
--  -2752.39221       0.15656      0.00e+00      0.00e+00  
--     r  2          r  3          r  4          r  5          r  6          r  7          r  8          r  9          r 10          r 11          r 12          r 13          r 14          r 15          r 16          r 17          r 18          r 19          r 20     
--     0.93922       0.90042       0.87971       0.87314       0.79681       0.80899       0.80576       0.77449       0.77004       0.78065       0.77614       0.76234       0.77951       0.76607       0.78940       0.79466       0.77274       0.84707      12.75049  

---- Expected P_neut(i), 0 < i < n (neutral SFS per site) 
E[P_neut(1)] = 0.009146
E[P_neut(2)] = 0.004295
E[P_neut(3)] = 0.002745
E[P_neut(4)] = 0.002011
E[P_neut(5)] = 0.001597
E[P_neut(6)] = 0.001215
E[P_neut(7)] = 0.001057
E[P_neut(8)] = 0.000921
E[P_neut(9)] = 0.000787
E[P_neut(10)] = 0.000704
E[P_neut(11)] = 0.000649
E[P_neut(12)] = 0.000592
E[P_neut(13)] = 0.000536
E[P_neut(14)] = 0.000509
E[P_neut(15)] = 0.000467
E[P_neut(16)] = 0.000451
E[P_neut(17)] = 0.000428
E[P_neut(18)] = 0.000393
E[P_neut(19)] = 0.000408

---- Expected P_sel(i), 0 < i < n (selected SFS per site) 
E[P_sel(1)] = 0.003589
E[P_sel(2)] = 0.001440
E[P_sel(3)] = 0.000855
E[P_sel(4)] = 0.000598
E[P_sel(5)] = 0.000459
E[P_sel(6)] = 0.000340
E[P_sel(7)] = 0.000289
E[P_sel(8)] = 0.000247
E[P_sel(9)] = 0.000208
E[P_sel(10)] = 0.000184
E[P_sel(11)] = 0.000167
E[P_sel(12)] = 0.000150
E[P_sel(13)] = 0.000135
E[P_sel(14)] = 0.000127
E[P_sel(15)] = 0.000115
E[P_sel(16)] = 0.000111
E[P_sel(17)] = 0.000104
E[P_sel(18)] = 0.000095
E[P_sel(19)] = 0.000098

---- Expected D_neut and D_sel (neutral and selected divergence per site) 
E[D_neut] = 0.005957
E[D_sel] = 0.001417

---- Expected neutral and selected misattributed polymorphism per site
E[mis_neut] = 0.005831
E[mis_sel] = 0.001387

---- alpha_div = 1.427799
---- alpha_dfe = 0.000000



