---- Performing inference on Ns400_pa_0.000125_boots/Ns400_pa_0.000125.33.polyDFE.txt using model B

---- Warning: mutation variability is not used when only one neutral and one selected fragment is available.
---- No mutation variability. Using Poisson likelihood.

---- Using provided initial values


-- Starting local optimization
 it       eps_an        theta_bar      S_d            b             r  2          r  3          r  4          r  5          r  6          r  7          r  8          r  9          r 10          r 11          r 12          r 13          r 14          r 15          r 16          r 17          r 18          r 19         ln lk             grad     status
  0      4.50e-06       0.00100     -400.00000       0.40000       1.00000       1.00000       1.00000       1.00000       1.00000       1.00000       1.00000       1.00000       1.00000       1.00000       1.00000       1.00000       1.00000       1.00000       1.00000       1.00000       1.00000       1.00000  -211758.4599247217   1563.87844   -2
137      4.50e-06       0.00897     -758.05251       0.20506       0.96218       0.93185       0.94020       0.92904       0.85254       0.85959       0.85000       0.82407       0.79257       0.82034       0.81607       0.84721       0.82876       0.81360       0.83192       0.82950       0.86449       0.91518  -191.8730557396      0.00048   -3
-- Local optimization: stuck in the same solution


---- Best joint likelihood found -191.87306 with gradient 0.00048
-- Model: B
--     eps_an        eps_cont      theta_bar     a        
--    4.50e-06      0.00e+00       0.00897       -1.00000  
--      S_d            b             p_b           S_b      
--   -758.05251       0.20506      0.00e+00      0.00e+00  
--     r  2          r  3          r  4          r  5          r  6          r  7          r  8          r  9          r 10          r 11          r 12          r 13          r 14          r 15          r 16          r 17          r 18          r 19     
--     0.96218       0.93185       0.94020       0.92904       0.85254       0.85959       0.85000       0.82407       0.79257       0.82034       0.81607       0.84721       0.82876       0.81360       0.83192       0.82950       0.86449       0.91518  

---- Expected P_neut(i), 0 < i < n (neutral SFS per site) 
E[P_neut(1)] = 0.008970
E[P_neut(2)] = 0.004316
E[P_neut(3)] = 0.002786
E[P_neut(4)] = 0.002109
E[P_neut(5)] = 0.001667
E[P_neut(6)] = 0.001275
E[P_neut(7)] = 0.001102
E[P_neut(8)] = 0.000953
E[P_neut(9)] = 0.000821
E[P_neut(10)] = 0.000711
E[P_neut(11)] = 0.000669
E[P_neut(12)] = 0.000610
E[P_neut(13)] = 0.000585
E[P_neut(14)] = 0.000531
E[P_neut(15)] = 0.000487
E[P_neut(16)] = 0.000466
E[P_neut(17)] = 0.000438
E[P_neut(18)] = 0.000431
E[P_neut(19)] = 0.000432

---- Expected P_sel(i), 0 < i < n (selected SFS per site) 
E[P_sel(1)] = 0.003626
E[P_sel(2)] = 0.001420
E[P_sel(3)] = 0.000832
E[P_sel(4)] = 0.000592
E[P_sel(5)] = 0.000448
E[P_sel(6)] = 0.000330
E[P_sel(7)] = 0.000277
E[P_sel(8)] = 0.000234
E[P_sel(9)] = 0.000198
E[P_sel(10)] = 0.000168
E[P_sel(11)] = 0.000155
E[P_sel(12)] = 0.000140
E[P_sel(13)] = 0.000132
E[P_sel(14)] = 0.000118
E[P_sel(15)] = 0.000107
E[P_sel(16)] = 0.000102
E[P_sel(17)] = 0.000094
E[P_sel(18)] = 0.000092
E[P_sel(19)] = 0.000091

---- Expected neutral and selected misattributed polymorphism per site
E[mis_neut] = 0.000449
E[mis_sel] = 0.000094

---- alpha_div = 0.282857
---- alpha_dfe = 0.000000



