---- Performing inference on Ns400_pa_0.000125_boots/Ns400_pa_0.000125.26.polyDFE.txt using model B

---- Warning: mutation variability is not used when only one neutral and one selected fragment is available.
---- No mutation variability. Using Poisson likelihood.

---- Using provided initial values


-- Starting local optimization
 it       eps_an        eps_cont      lambda        theta_bar      S_d            b             p_b           S_b           r  2          r  3          r  4          r  5          r  6          r  7          r  8          r  9          r 10          r 11          r 12          r 13          r 14          r 15          r 16          r 17          r 18          r 19          r 20         ln lk             grad     status
  0      4.50e-06      9.00e-07       0.00500       0.00100     -400.00000       0.40000       0.02000       4.00000       1.00000       1.00000       1.00000       1.00000       1.00000       1.00000       1.00000       1.00000       1.00000       1.00000       1.00000       1.00000       1.00000       1.00000       1.00000       1.00000       1.00000       1.00000       1.00000  -205095.9786135920   1515.38036   -2
 70      4.49e-06      9.00e-07       0.00506       0.00899     -884.13039       0.20187       0.00209      37.42129       0.96660       0.92791       0.92839       0.94105       0.88102       0.87264       0.85321       0.82170       0.80483       0.80666       0.84080       0.87144       0.79305       0.80349       0.87305       0.85401       0.82726       0.82162       0.88597  -213.7644657940      1.68099   -3
-- Local optimization: stuck in the same solution


---- Best joint likelihood found -213.76447 with gradient 1.68099
-- Model: B
--     eps_an        eps_cont      lambda        theta_bar     a        
--    4.49e-06      9.00e-07       0.00506       0.00899       -1.00000  
--      S_d            b             p_b           S_b      
--   -884.13039       0.20187       0.00209      37.42129  
--     r  2          r  3          r  4          r  5          r  6          r  7          r  8          r  9          r 10          r 11          r 12          r 13          r 14          r 15          r 16          r 17          r 18          r 19          r 20     
--     0.96660       0.92791       0.92839       0.94105       0.88102       0.87264       0.85321       0.82170       0.80483       0.80666       0.84080       0.87144       0.79305       0.80349       0.87305       0.85401       0.82726       0.82162       0.88597  

---- Expected P_neut(i), 0 < i < n (neutral SFS per site) 
E[P_neut(1)] = 0.008992
E[P_neut(2)] = 0.004346
E[P_neut(3)] = 0.002781
E[P_neut(4)] = 0.002087
E[P_neut(5)] = 0.001692
E[P_neut(6)] = 0.001320
E[P_neut(7)] = 0.001121
E[P_neut(8)] = 0.000959
E[P_neut(9)] = 0.000821
E[P_neut(10)] = 0.000724
E[P_neut(11)] = 0.000659
E[P_neut(12)] = 0.000630
E[P_neut(13)] = 0.000603
E[P_neut(14)] = 0.000509
E[P_neut(15)] = 0.000482
E[P_neut(16)] = 0.000491
E[P_neut(17)] = 0.000452
E[P_neut(18)] = 0.000413
E[P_neut(19)] = 0.000389

---- Expected P_sel(i), 0 < i < n (selected SFS per site) 
E[P_sel(1)] = 0.003577
E[P_sel(2)] = 0.001413
E[P_sel(3)] = 0.000823
E[P_sel(4)] = 0.000582
E[P_sel(5)] = 0.000452
E[P_sel(6)] = 0.000341
E[P_sel(7)] = 0.000282
E[P_sel(8)] = 0.000236
E[P_sel(9)] = 0.000198
E[P_sel(10)] = 0.000172
E[P_sel(11)] = 0.000154
E[P_sel(12)] = 0.000146
E[P_sel(13)] = 0.000138
E[P_sel(14)] = 0.000116
E[P_sel(15)] = 0.000109
E[P_sel(16)] = 0.000111
E[P_sel(17)] = 0.000102
E[P_sel(18)] = 0.000095
E[P_sel(19)] = 0.000092

---- Expected D_neut and D_sel (neutral and selected divergence per site) 
E[D_neut] = 0.005458
E[D_sel] = 0.001535

---- Expected neutral and selected misattributed polymorphism per site
E[mis_neut] = 0.000398
E[mis_sel] = 0.000100

---- alpha_div = 0.295582
---- alpha_dfe = 0.275185



