---- Performing inference on Ns400_pa_0.000125_boots/Ns400_pa_0.000125.20.polyDFE.txt using model B

---- Warning: mutation variability is not used when only one neutral and one selected fragment is available.
---- No mutation variability. Using Poisson likelihood.

---- Using provided initial values


-- Starting local optimization
 it       eps_an        theta_bar      S_d            b             r  2          r  3          r  4          r  5          r  6          r  7          r  8          r  9          r 10          r 11          r 12          r 13          r 14          r 15          r 16          r 17          r 18          r 19         ln lk             grad     status
  0      4.50e-06       0.00100     -400.00000       0.40000       1.00000       1.00000       1.00000       1.00000       1.00000       1.00000       1.00000       1.00000       1.00000       1.00000       1.00000       1.00000       1.00000       1.00000       1.00000       1.00000       1.00000       1.00000  -211075.1064932661   1561.31262   -2
156      4.50e-06       0.00896     -788.88766       0.20207       0.96354       0.93118       0.92204       0.90557       0.84430       0.85589       0.85143       0.78918       0.79940       0.82518       0.80963       0.84616       0.81375       0.84225       0.83350       0.81303       0.83777       0.90390  -190.3977122725      0.00056   -3
-- Local optimization: stuck in the same solution


---- Best joint likelihood found -190.39771 with gradient 0.00056
-- Model: B
--     eps_an        eps_cont      theta_bar     a        
--    4.50e-06      0.00e+00       0.00896       -1.00000  
--      S_d            b             p_b           S_b      
--   -788.88766       0.20207      0.00e+00      0.00e+00  
--     r  2          r  3          r  4          r  5          r  6          r  7          r  8          r  9          r 10          r 11          r 12          r 13          r 14          r 15          r 16          r 17          r 18          r 19     
--     0.96354       0.93118       0.92204       0.90557       0.84430       0.85589       0.85143       0.78918       0.79940       0.82518       0.80963       0.84616       0.81375       0.84225       0.83350       0.81303       0.83777       0.90390  

---- Expected P_neut(i), 0 < i < n (neutral SFS per site) 
E[P_neut(1)] = 0.008964
E[P_neut(2)] = 0.004319
E[P_neut(3)] = 0.002782
E[P_neut(4)] = 0.002066
E[P_neut(5)] = 0.001624
E[P_neut(6)] = 0.001261
E[P_neut(7)] = 0.001096
E[P_neut(8)] = 0.000954
E[P_neut(9)] = 0.000786
E[P_neut(10)] = 0.000717
E[P_neut(11)] = 0.000672
E[P_neut(12)] = 0.000605
E[P_neut(13)] = 0.000583
E[P_neut(14)] = 0.000521
E[P_neut(15)] = 0.000503
E[P_neut(16)] = 0.000467
E[P_neut(17)] = 0.000429
E[P_neut(18)] = 0.000417
E[P_neut(19)] = 0.000427

---- Expected P_sel(i), 0 < i < n (selected SFS per site) 
E[P_sel(1)] = 0.003631
E[P_sel(2)] = 0.001429
E[P_sel(3)] = 0.000837
E[P_sel(4)] = 0.000585
E[P_sel(5)] = 0.000440
E[P_sel(6)] = 0.000330
E[P_sel(7)] = 0.000279
E[P_sel(8)] = 0.000237
E[P_sel(9)] = 0.000191
E[P_sel(10)] = 0.000171
E[P_sel(11)] = 0.000158
E[P_sel(12)] = 0.000140
E[P_sel(13)] = 0.000133
E[P_sel(14)] = 0.000117
E[P_sel(15)] = 0.000112
E[P_sel(16)] = 0.000103
E[P_sel(17)] = 0.000093
E[P_sel(18)] = 0.000090
E[P_sel(19)] = 0.000091

---- Expected neutral and selected misattributed polymorphism per site
E[mis_neut] = 0.000448
E[mis_sel] = 0.000095

---- alpha_div = 0.307495
---- alpha_dfe = 0.000000



