---- Performing inference on Ns400_pa_0.000125_boots/Ns400_pa_0.000125.70.polyDFE.txt using model B

---- Warning: mutation variability is not used when only one neutral and one selected fragment is available.
---- No mutation variability. Using Poisson likelihood.

---- Using provided initial values


-- Starting local optimization
 it       eps_an        eps_cont      theta_bar      S_d            b             p_b           S_b           r  2          r  3          r  4          r  5          r  6          r  7          r  8          r  9          r 10          r 11          r 12          r 13          r 14          r 15          r 16          r 17          r 18          r 19         ln lk             grad     status
  0      4.50e-06      9.00e-07       0.00100     -400.00000       0.40000       0.02000       4.00000       1.00000       1.00000       1.00000       1.00000       1.00000       1.00000       1.00000       1.00000       1.00000       1.00000       1.00000       1.00000       1.00000       1.00000       1.00000       1.00000       1.00000       1.00000  -202294.7191320248   1480.39085   -2
780      4.55e-06      9.00e-07       0.00892     -790.17524       0.20239       0.00111      18.07405       0.96254       0.93231       0.93105       0.92580       0.86206       0.86122       0.84602       0.81367       0.81091       0.82471       0.82715       0.85356       0.77474       0.78848       0.82532       0.86203       0.86637       0.90428  -201.3978552857      0.00652   -3
-- Local optimization: stuck in the same solution


---- Best joint likelihood found -201.39786 with gradient 0.00652
-- Model: B
--     eps_an        eps_cont      theta_bar     a        
--    4.55e-06      9.00e-07       0.00892       -1.00000  
--      S_d            b             p_b           S_b      
--   -790.17524       0.20239       0.00111      18.07405  
--     r  2          r  3          r  4          r  5          r  6          r  7          r  8          r  9          r 10          r 11          r 12          r 13          r 14          r 15          r 16          r 17          r 18          r 19     
--     0.96254       0.93231       0.93105       0.92580       0.86206       0.86122       0.84602       0.81367       0.81091       0.82471       0.82715       0.85356       0.77474       0.78848       0.82532       0.86203       0.86637       0.90428  

---- Expected P_neut(i), 0 < i < n (neutral SFS per site) 
E[P_neut(1)] = 0.008922
E[P_neut(2)] = 0.004294
E[P_neut(3)] = 0.002773
E[P_neut(4)] = 0.002077
E[P_neut(5)] = 0.001652
E[P_neut(6)] = 0.001282
E[P_neut(7)] = 0.001098
E[P_neut(8)] = 0.000943
E[P_neut(9)] = 0.000807
E[P_neut(10)] = 0.000723
E[P_neut(11)] = 0.000669
E[P_neut(12)] = 0.000615
E[P_neut(13)] = 0.000586
E[P_neut(14)] = 0.000494
E[P_neut(15)] = 0.000469
E[P_neut(16)] = 0.000460
E[P_neut(17)] = 0.000452
E[P_neut(18)] = 0.000429
E[P_neut(19)] = 0.000425

---- Expected P_sel(i), 0 < i < n (selected SFS per site) 
E[P_sel(1)] = 0.003615
E[P_sel(2)] = 0.001421
E[P_sel(3)] = 0.000835
E[P_sel(4)] = 0.000589
E[P_sel(5)] = 0.000448
E[P_sel(6)] = 0.000336
E[P_sel(7)] = 0.000280
E[P_sel(8)] = 0.000235
E[P_sel(9)] = 0.000197
E[P_sel(10)] = 0.000174
E[P_sel(11)] = 0.000158
E[P_sel(12)] = 0.000143
E[P_sel(13)] = 0.000135
E[P_sel(14)] = 0.000113
E[P_sel(15)] = 0.000106
E[P_sel(16)] = 0.000103
E[P_sel(17)] = 0.000101
E[P_sel(18)] = 0.000096
E[P_sel(19)] = 0.000095

---- Expected neutral and selected misattributed polymorphism per site
E[mis_neut] = 0.000446
E[mis_sel] = 0.000101

---- alpha_div = 0.298752
---- alpha_dfe = 0.087472



