---- Performing inference on Ns400_pa_0.000125_boots/Ns400_pa_0.000125.14.polyDFE.txt using model B

---- Warning: mutation variability is not used when only one neutral and one selected fragment is available.
---- No mutation variability. Using Poisson likelihood.

---- Using provided initial values


-- Starting local optimization
 it       eps_an        theta_bar      S_d            b             r  2          r  3          r  4          r  5          r  6          r  7          r  8          r  9          r 10          r 11          r 12          r 13          r 14          r 15          r 16          r 17          r 18          r 19         ln lk             grad     status
  0      4.50e-06       0.00100     -400.00000       0.40000       1.00000       1.00000       1.00000       1.00000       1.00000       1.00000       1.00000       1.00000       1.00000       1.00000       1.00000       1.00000       1.00000       1.00000       1.00000       1.00000       1.00000       1.00000  -213217.2300877895   1571.71286   -2
191      4.50e-06       0.00917    -1212.49658       0.18636       0.94542       0.91186       0.89149       0.89708       0.84501       0.85783       0.81307       0.78062       0.76457       0.80169       0.78792       0.80661       0.80090       0.77128       0.82894       0.81213       0.83084       0.90582  -195.7462293505      0.00047   -3
-- Local optimization: stuck in the same solution


---- Best joint likelihood found -195.74623 with gradient 0.00047
-- Model: B
--     eps_an        eps_cont      theta_bar     a        
--    4.50e-06      0.00e+00       0.00917       -1.00000  
--      S_d            b             p_b           S_b      
--  -1212.49658       0.18636      0.00e+00      0.00e+00  
--     r  2          r  3          r  4          r  5          r  6          r  7          r  8          r  9          r 10          r 11          r 12          r 13          r 14          r 15          r 16          r 17          r 18          r 19     
--     0.94542       0.91186       0.89149       0.89708       0.84501       0.85783       0.81307       0.78062       0.76457       0.80169       0.78792       0.80661       0.80090       0.77128       0.82894       0.81213       0.83084       0.90582  

---- Expected P_neut(i), 0 < i < n (neutral SFS per site) 
E[P_neut(1)] = 0.009171
E[P_neut(2)] = 0.004335
E[P_neut(3)] = 0.002788
E[P_neut(4)] = 0.002044
E[P_neut(5)] = 0.001645
E[P_neut(6)] = 0.001292
E[P_neut(7)] = 0.001124
E[P_neut(8)] = 0.000932
E[P_neut(9)] = 0.000795
E[P_neut(10)] = 0.000701
E[P_neut(11)] = 0.000668
E[P_neut(12)] = 0.000602
E[P_neut(13)] = 0.000569
E[P_neut(14)] = 0.000525
E[P_neut(15)] = 0.000472
E[P_neut(16)] = 0.000475
E[P_neut(17)] = 0.000438
E[P_neut(18)] = 0.000423
E[P_neut(19)] = 0.000437

---- Expected P_sel(i), 0 < i < n (selected SFS per site) 
E[P_sel(1)] = 0.003627
E[P_sel(2)] = 0.001421
E[P_sel(3)] = 0.000837
E[P_sel(4)] = 0.000580
E[P_sel(5)] = 0.000449
E[P_sel(6)] = 0.000341
E[P_sel(7)] = 0.000289
E[P_sel(8)] = 0.000234
E[P_sel(9)] = 0.000196
E[P_sel(10)] = 0.000170
E[P_sel(11)] = 0.000160
E[P_sel(12)] = 0.000142
E[P_sel(13)] = 0.000132
E[P_sel(14)] = 0.000121
E[P_sel(15)] = 0.000107
E[P_sel(16)] = 0.000107
E[P_sel(17)] = 0.000098
E[P_sel(18)] = 0.000094
E[P_sel(19)] = 0.000096

---- Expected neutral and selected misattributed polymorphism per site
E[mis_neut] = 0.000459
E[mis_sel] = 0.000100

---- alpha_div = 0.281551
---- alpha_dfe = 0.000000



