---- Performing inference on Ns400_pa_0.000125_boots/Ns400_pa_0.000125.60.polyDFE.txt using model B

---- Warning: mutation variability is not used when only one neutral and one selected fragment is available.
---- No mutation variability. Using Poisson likelihood.

---- Using provided initial values


-- Starting local optimization
 it       eps_an        theta_bar      S_d            b             r  2          r  3          r  4          r  5          r  6          r  7          r  8          r  9          r 10          r 11          r 12          r 13          r 14          r 15          r 16          r 17          r 18          r 19         ln lk             grad     status
  0      4.50e-06       0.00100     -400.00000       0.40000       1.00000       1.00000       1.00000       1.00000       1.00000       1.00000       1.00000       1.00000       1.00000       1.00000       1.00000       1.00000       1.00000       1.00000       1.00000       1.00000       1.00000       1.00000  -211209.5446650690   1559.81262   -2
181      4.50e-06       0.00899     -807.02230       0.20424       0.95853       0.94624       0.91615       0.92504       0.86335       0.84685       0.86139       0.81536       0.80930       0.79568       0.80574       0.86149       0.82242       0.83491       0.83355       0.89013       0.87114       0.93931  -206.2187529824      0.00030   -3
-- Local optimization: stuck in the same solution


---- Best joint likelihood found -206.21875 with gradient 0.00030
-- Model: B
--     eps_an        eps_cont      theta_bar     a        
--    4.50e-06      0.00e+00       0.00899       -1.00000  
--      S_d            b             p_b           S_b      
--   -807.02230       0.20424      0.00e+00      0.00e+00  
--     r  2          r  3          r  4          r  5          r  6          r  7          r  8          r  9          r 10          r 11          r 12          r 13          r 14          r 15          r 16          r 17          r 18          r 19     
--     0.95853       0.94624       0.91615       0.92504       0.86335       0.84685       0.86139       0.81536       0.80930       0.79568       0.80574       0.86149       0.82242       0.83491       0.83355       0.89013       0.87114       0.93931  

---- Expected P_neut(i), 0 < i < n (neutral SFS per site) 
E[P_neut(1)] = 0.008993
E[P_neut(2)] = 0.004310
E[P_neut(3)] = 0.002837
E[P_neut(4)] = 0.002060
E[P_neut(5)] = 0.001664
E[P_neut(6)] = 0.001294
E[P_neut(7)] = 0.001088
E[P_neut(8)] = 0.000968
E[P_neut(9)] = 0.000815
E[P_neut(10)] = 0.000728
E[P_neut(11)] = 0.000651
E[P_neut(12)] = 0.000604
E[P_neut(13)] = 0.000596
E[P_neut(14)] = 0.000528
E[P_neut(15)] = 0.000501
E[P_neut(16)] = 0.000469
E[P_neut(17)] = 0.000471
E[P_neut(18)] = 0.000435
E[P_neut(19)] = 0.000445

---- Expected P_sel(i), 0 < i < n (selected SFS per site) 
E[P_sel(1)] = 0.003600
E[P_sel(2)] = 0.001406
E[P_sel(3)] = 0.000840
E[P_sel(4)] = 0.000574
E[P_sel(5)] = 0.000443
E[P_sel(6)] = 0.000333
E[P_sel(7)] = 0.000272
E[P_sel(8)] = 0.000236
E[P_sel(9)] = 0.000195
E[P_sel(10)] = 0.000171
E[P_sel(11)] = 0.000150
E[P_sel(12)] = 0.000137
E[P_sel(13)] = 0.000133
E[P_sel(14)] = 0.000117
E[P_sel(15)] = 0.000109
E[P_sel(16)] = 0.000101
E[P_sel(17)] = 0.000101
E[P_sel(18)] = 0.000092
E[P_sel(19)] = 0.000093

---- Expected neutral and selected misattributed polymorphism per site
E[mis_neut] = 0.000450
E[mis_sel] = 0.000094

---- alpha_div = 0.302315
---- alpha_dfe = 0.000000



