---- Performing inference on Ns400_pa_0.000125_boots/Ns400_pa_0.000125.44.polyDFE.txt using model B

---- Warning: mutation variability is not used when only one neutral and one selected fragment is available.
---- No mutation variability. Using Poisson likelihood.

---- Using provided initial values


-- Starting local optimization
 it       eps_an        eps_cont      theta_bar      S_d            b             p_b           S_b           r  2          r  3          r  4          r  5          r  6          r  7          r  8          r  9          r 10          r 11          r 12          r 13          r 14          r 15          r 16          r 17          r 18          r 19         ln lk             grad     status
  0      4.50e-06      9.00e-07       0.00100     -400.00000       0.40000       0.02000       4.00000       1.00000       1.00000       1.00000       1.00000       1.00000       1.00000       1.00000       1.00000       1.00000       1.00000       1.00000       1.00000       1.00000       1.00000       1.00000       1.00000       1.00000       1.00000  -201890.2286713983   1476.80726   -2
1209      4.40e-06      9.00e-07       0.00894     -521.52222       0.28115       0.08230       0.06340       0.97218       0.94193       0.92204       0.93548       0.88767       0.84420       0.83094       0.83064       0.79083       0.82296       0.81806       0.83028       0.81051       0.80183       0.80539       0.84748       0.87565       0.93761  -196.7661360850      0.00118   -3
-- Local optimization: stuck in the same solution


---- Best joint likelihood found -196.76614 with gradient 0.00118
-- Model: B
--     eps_an        eps_cont      theta_bar     a        
--    4.40e-06      9.00e-07       0.00894       -1.00000  
--      S_d            b             p_b           S_b      
--   -521.52222       0.28115       0.08230       0.06340  
--     r  2          r  3          r  4          r  5          r  6          r  7          r  8          r  9          r 10          r 11          r 12          r 13          r 14          r 15          r 16          r 17          r 18          r 19     
--     0.97218       0.94193       0.92204       0.93548       0.88767       0.84420       0.83094       0.83064       0.79083       0.82296       0.81806       0.83028       0.81051       0.80183       0.80539       0.84748       0.87565       0.93761  

---- Expected P_neut(i), 0 < i < n (neutral SFS per site) 
E[P_neut(1)] = 0.008937
E[P_neut(2)] = 0.004344
E[P_neut(3)] = 0.002806
E[P_neut(4)] = 0.002060
E[P_neut(5)] = 0.001672
E[P_neut(6)] = 0.001322
E[P_neut(7)] = 0.001078
E[P_neut(8)] = 0.000928
E[P_neut(9)] = 0.000825
E[P_neut(10)] = 0.000707
E[P_neut(11)] = 0.000669
E[P_neut(12)] = 0.000609
E[P_neut(13)] = 0.000571
E[P_neut(14)] = 0.000517
E[P_neut(15)] = 0.000478
E[P_neut(16)] = 0.000450
E[P_neut(17)] = 0.000446
E[P_neut(18)] = 0.000435
E[P_neut(19)] = 0.000441

---- Expected P_sel(i), 0 < i < n (selected SFS per site) 
E[P_sel(1)] = 0.003622
E[P_sel(2)] = 0.001414
E[P_sel(3)] = 0.000828
E[P_sel(4)] = 0.000572
E[P_sel(5)] = 0.000445
E[P_sel(6)] = 0.000341
E[P_sel(7)] = 0.000270
E[P_sel(8)] = 0.000228
E[P_sel(9)] = 0.000199
E[P_sel(10)] = 0.000168
E[P_sel(11)] = 0.000156
E[P_sel(12)] = 0.000141
E[P_sel(13)] = 0.000130
E[P_sel(14)] = 0.000117
E[P_sel(15)] = 0.000107
E[P_sel(16)] = 0.000100
E[P_sel(17)] = 0.000098
E[P_sel(18)] = 0.000095
E[P_sel(19)] = 0.000096

---- Expected neutral and selected misattributed polymorphism per site
E[mis_neut] = 0.000447
E[mis_sel] = 0.000096

---- alpha_div = 0.568185
---- alpha_dfe = 0.396722



