---- Performing inference on Ns400_pa_0.000125_boots/Ns400_pa_0.000125.98.polyDFE.txt using model B

---- Warning: mutation variability is not used when only one neutral and one selected fragment is available.
---- No mutation variability. Using Poisson likelihood.

---- Using provided initial values


-- Starting local optimization
 it       eps_an        eps_cont      lambda        theta_bar      S_d            b             p_b           S_b           r  2          r  3          r  4          r  5          r  6          r  7          r  8          r  9          r 10          r 11          r 12          r 13          r 14          r 15          r 16          r 17          r 18          r 19          r 20         ln lk             grad     status
  0      4.50e-06      9.00e-07       0.00500       0.00100     -400.00000       0.40000       0.02000       4.00000       1.00000       1.00000       1.00000       1.00000       1.00000       1.00000       1.00000       1.00000       1.00000       1.00000       1.00000       1.00000       1.00000       1.00000       1.00000       1.00000       1.00000       1.00000       1.00000  -204526.5765601867   1513.02174   -2
 77      4.49e-06      9.00e-07       0.00501       0.00918    -1556.08544       0.18030       0.00196      37.42981       0.94779       0.92573       0.92097       0.87935       0.83295       0.81916       0.80706       0.78152       0.74817       0.76413       0.78912       0.79562       0.78297       0.75902       0.80836       0.76251       0.83895       0.83952       0.90571  -214.6305951917      1.38348   -3
-- Local optimization: stuck in the same solution


---- Best joint likelihood found -214.63060 with gradient 1.38348
-- Model: B
--     eps_an        eps_cont      lambda        theta_bar     a        
--    4.49e-06      9.00e-07       0.00501       0.00918       -1.00000  
--      S_d            b             p_b           S_b      
--  -1556.08544       0.18030       0.00196      37.42981  
--     r  2          r  3          r  4          r  5          r  6          r  7          r  8          r  9          r 10          r 11          r 12          r 13          r 14          r 15          r 16          r 17          r 18          r 19          r 20     
--     0.94779       0.92573       0.92097       0.87935       0.83295       0.81916       0.80706       0.78152       0.74817       0.76413       0.78912       0.79562       0.78297       0.75902       0.80836       0.76251       0.83895       0.83952       0.90571  

---- Expected P_neut(i), 0 < i < n (neutral SFS per site) 
E[P_neut(1)] = 0.009179
E[P_neut(2)] = 0.004350
E[P_neut(3)] = 0.002832
E[P_neut(4)] = 0.002113
E[P_neut(5)] = 0.001614
E[P_neut(6)] = 0.001274
E[P_neut(7)] = 0.001074
E[P_neut(8)] = 0.000926
E[P_neut(9)] = 0.000797
E[P_neut(10)] = 0.000687
E[P_neut(11)] = 0.000638
E[P_neut(12)] = 0.000604
E[P_neut(13)] = 0.000562
E[P_neut(14)] = 0.000513
E[P_neut(15)] = 0.000464
E[P_neut(16)] = 0.000464
E[P_neut(17)] = 0.000412
E[P_neut(18)] = 0.000428
E[P_neut(19)] = 0.000406

---- Expected P_sel(i), 0 < i < n (selected SFS per site) 
E[P_sel(1)] = 0.003569
E[P_sel(2)] = 0.001412
E[P_sel(3)] = 0.000845
E[P_sel(4)] = 0.000598
E[P_sel(5)] = 0.000440
E[P_sel(6)] = 0.000337
E[P_sel(7)] = 0.000277
E[P_sel(8)] = 0.000234
E[P_sel(9)] = 0.000198
E[P_sel(10)] = 0.000168
E[P_sel(11)] = 0.000154
E[P_sel(12)] = 0.000144
E[P_sel(13)] = 0.000133
E[P_sel(14)] = 0.000121
E[P_sel(15)] = 0.000109
E[P_sel(16)] = 0.000109
E[P_sel(17)] = 0.000097
E[P_sel(18)] = 0.000102
E[P_sel(19)] = 0.000099

---- Expected D_neut and D_sel (neutral and selected divergence per site) 
E[D_neut] = 0.005424
E[D_sel] = 0.001555

---- Expected neutral and selected misattributed polymorphism per site
E[mis_neut] = 0.000416
E[mis_sel] = 0.000108

---- alpha_div = 0.264915
---- alpha_dfe = 0.254445



