---- Performing inference on Ns400_pa_0.000125_boots/Ns400_pa_0.000125.40.polyDFE.txt using model B

---- Warning: mutation variability is not used when only one neutral and one selected fragment is available.
---- No mutation variability. Using Poisson likelihood.

---- Using provided initial values


-- Starting local optimization
 it       eps_an        theta_bar      S_d            b             r  2          r  3          r  4          r  5          r  6          r  7          r  8          r  9          r 10          r 11          r 12          r 13          r 14          r 15          r 16          r 17          r 18          r 19         ln lk             grad     status
  0      4.50e-06       0.00100     -400.00000       0.40000       1.00000       1.00000       1.00000       1.00000       1.00000       1.00000       1.00000       1.00000       1.00000       1.00000       1.00000       1.00000       1.00000       1.00000       1.00000       1.00000       1.00000       1.00000  -211367.4517001028   1562.48485   -2
124      4.50e-06       0.00899     -990.70670       0.19456       0.95640       0.93618       0.92253       0.92534       0.87458       0.85201       0.83514       0.82189       0.80527       0.80300       0.81696       0.85278       0.78894       0.82434       0.84103       0.85372       0.88830       0.88174  -203.2155737544      0.00477   -3
-- Local optimization: stuck in the same solution


---- Best joint likelihood found -203.21557 with gradient 0.00477
-- Model: B
--     eps_an        eps_cont      theta_bar     a        
--    4.50e-06      0.00e+00       0.00899       -1.00000  
--      S_d            b             p_b           S_b      
--   -990.70670       0.19456      0.00e+00      0.00e+00  
--     r  2          r  3          r  4          r  5          r  6          r  7          r  8          r  9          r 10          r 11          r 12          r 13          r 14          r 15          r 16          r 17          r 18          r 19     
--     0.95640       0.93618       0.92253       0.92534       0.87458       0.85201       0.83514       0.82189       0.80527       0.80300       0.81696       0.85278       0.78894       0.82434       0.84103       0.85372       0.88830       0.88174  

---- Expected P_neut(i), 0 < i < n (neutral SFS per site) 
E[P_neut(1)] = 0.008991
E[P_neut(2)] = 0.004299
E[P_neut(3)] = 0.002806
E[P_neut(4)] = 0.002074
E[P_neut(5)] = 0.001664
E[P_neut(6)] = 0.001311
E[P_neut(7)] = 0.001094
E[P_neut(8)] = 0.000939
E[P_neut(9)] = 0.000821
E[P_neut(10)] = 0.000724
E[P_neut(11)] = 0.000656
E[P_neut(12)] = 0.000612
E[P_neut(13)] = 0.000590
E[P_neut(14)] = 0.000507
E[P_neut(15)] = 0.000494
E[P_neut(16)] = 0.000473
E[P_neut(17)] = 0.000452
E[P_neut(18)] = 0.000444
E[P_neut(19)] = 0.000417

---- Expected P_sel(i), 0 < i < n (selected SFS per site) 
E[P_sel(1)] = 0.003579
E[P_sel(2)] = 0.001407
E[P_sel(3)] = 0.000838
E[P_sel(4)] = 0.000584
E[P_sel(5)] = 0.000449
E[P_sel(6)] = 0.000342
E[P_sel(7)] = 0.000278
E[P_sel(8)] = 0.000233
E[P_sel(9)] = 0.000200
E[P_sel(10)] = 0.000173
E[P_sel(11)] = 0.000154
E[P_sel(12)] = 0.000142
E[P_sel(13)] = 0.000135
E[P_sel(14)] = 0.000115
E[P_sel(15)] = 0.000110
E[P_sel(16)] = 0.000105
E[P_sel(17)] = 0.000099
E[P_sel(18)] = 0.000096
E[P_sel(19)] = 0.000090

---- Expected neutral and selected misattributed polymorphism per site
E[mis_neut] = 0.000450
E[mis_sel] = 0.000096

---- alpha_div = 0.261987
---- alpha_dfe = 0.000000



