---- Performing inference on Ns400_pa_0.000125_boots/Ns400_pa_0.000125.13.polyDFE.txt using model B

---- Warning: mutation variability is not used when only one neutral and one selected fragment is available.
---- No mutation variability. Using Poisson likelihood.

---- Using provided initial values


-- Starting local optimization
 it       eps_an        eps_cont      theta_bar      S_d            b             p_b           S_b           r  2          r  3          r  4          r  5          r  6          r  7          r  8          r  9          r 10          r 11          r 12          r 13          r 14          r 15          r 16          r 17          r 18          r 19         ln lk             grad     status
  0      4.50e-06      9.00e-07       0.00100     -400.00000       0.40000       0.02000       4.00000       1.00000       1.00000       1.00000       1.00000       1.00000       1.00000       1.00000       1.00000       1.00000       1.00000       1.00000       1.00000       1.00000       1.00000       1.00000       1.00000       1.00000       1.00000  -201099.0232004328   1472.58628   -2
492      4.49e-06      9.00e-07       0.00900     -862.57966       0.20359       0.00268      11.62251       0.96166       0.93600       0.92901       0.92018       0.86119       0.87054       0.84031       0.80972       0.78711       0.80441       0.78981       0.83880       0.76293       0.76600       0.81170       0.85618       0.84716       0.85578  -196.7111570201      0.00060   -3
-- Local optimization: stuck in the same solution


---- Best joint likelihood found -196.71116 with gradient 0.00060
-- Model: B
--     eps_an        eps_cont      theta_bar     a        
--    4.49e-06      9.00e-07       0.00900       -1.00000  
--      S_d            b             p_b           S_b      
--   -862.57966       0.20359       0.00268      11.62251  
--     r  2          r  3          r  4          r  5          r  6          r  7          r  8          r  9          r 10          r 11          r 12          r 13          r 14          r 15          r 16          r 17          r 18          r 19     
--     0.96166       0.93600       0.92901       0.92018       0.86119       0.87054       0.84031       0.80972       0.78711       0.80441       0.78981       0.83880       0.76293       0.76600       0.81170       0.85618       0.84716       0.85578  

---- Expected P_neut(i), 0 < i < n (neutral SFS per site) 
E[P_neut(1)] = 0.009005
E[P_neut(2)] = 0.004330
E[P_neut(3)] = 0.002810
E[P_neut(4)] = 0.002091
E[P_neut(5)] = 0.001657
E[P_neut(6)] = 0.001292
E[P_neut(7)] = 0.001120
E[P_neut(8)] = 0.000946
E[P_neut(9)] = 0.000810
E[P_neut(10)] = 0.000709
E[P_neut(11)] = 0.000659
E[P_neut(12)] = 0.000593
E[P_neut(13)] = 0.000581
E[P_neut(14)] = 0.000491
E[P_neut(15)] = 0.000460
E[P_neut(16)] = 0.000457
E[P_neut(17)] = 0.000454
E[P_neut(18)] = 0.000424
E[P_neut(19)] = 0.000406

---- Expected P_sel(i), 0 < i < n (selected SFS per site) 
E[P_sel(1)] = 0.003582
E[P_sel(2)] = 0.001406
E[P_sel(3)] = 0.000830
E[P_sel(4)] = 0.000582
E[P_sel(5)] = 0.000442
E[P_sel(6)] = 0.000333
E[P_sel(7)] = 0.000281
E[P_sel(8)] = 0.000232
E[P_sel(9)] = 0.000195
E[P_sel(10)] = 0.000168
E[P_sel(11)] = 0.000154
E[P_sel(12)] = 0.000137
E[P_sel(13)] = 0.000133
E[P_sel(14)] = 0.000111
E[P_sel(15)] = 0.000104
E[P_sel(16)] = 0.000103
E[P_sel(17)] = 0.000102
E[P_sel(18)] = 0.000096
E[P_sel(19)] = 0.000092

---- Expected neutral and selected misattributed polymorphism per site
E[mis_neut] = 0.000450
E[mis_sel] = 0.000104

---- alpha_div = 0.310820
---- alpha_dfe = 0.132314



