---- Performing inference on Ns400_pa_0.000125_boots/Ns400_pa_0.000125.65.polyDFE.txt using model B

---- Warning: mutation variability is not used when only one neutral and one selected fragment is available.
---- No mutation variability. Using Poisson likelihood.

---- Using provided initial values


-- Starting local optimization
 it       eps_an        eps_cont      theta_bar      S_d            b             p_b           S_b           r  2          r  3          r  4          r  5          r  6          r  7          r  8          r  9          r 10          r 11          r 12          r 13          r 14          r 15          r 16          r 17          r 18          r 19         ln lk             grad     status
  0      4.50e-06      9.00e-07       0.00100     -400.00000       0.40000       0.02000       4.00000       1.00000       1.00000       1.00000       1.00000       1.00000       1.00000       1.00000       1.00000       1.00000       1.00000       1.00000       1.00000       1.00000       1.00000       1.00000       1.00000       1.00000       1.00000  -203554.4706078417   1485.56227   -2
843      4.11e-06      9.01e-07       0.00903     -849.17934       0.19997       0.00012       0.09905       0.95528       0.93676       0.93778       0.91855       0.84263       0.84845       0.84011       0.81425       0.81811       0.81073       0.80375       0.82728       0.79356       0.80515       0.82792       0.81894       0.82773       0.90593  -196.4818144365      0.00032   -3
-- Local optimization: stuck in the same solution


---- Best joint likelihood found -196.48181 with gradient 0.00032
-- Model: B
--     eps_an        eps_cont      theta_bar     a        
--    4.11e-06      9.01e-07       0.00903       -1.00000  
--      S_d            b             p_b           S_b      
--   -849.17934       0.19997       0.00012       0.09905  
--     r  2          r  3          r  4          r  5          r  6          r  7          r  8          r  9          r 10          r 11          r 12          r 13          r 14          r 15          r 16          r 17          r 18          r 19     
--     0.95528       0.93676       0.93778       0.91855       0.84263       0.84845       0.84011       0.81425       0.81811       0.81073       0.80375       0.82728       0.79356       0.80515       0.82792       0.81894       0.82773       0.90593  

---- Expected P_neut(i), 0 < i < n (neutral SFS per site) 
E[P_neut(1)] = 0.009027
E[P_neut(2)] = 0.004312
E[P_neut(3)] = 0.002819
E[P_neut(4)] = 0.002116
E[P_neut(5)] = 0.001658
E[P_neut(6)] = 0.001268
E[P_neut(7)] = 0.001094
E[P_neut(8)] = 0.000948
E[P_neut(9)] = 0.000817
E[P_neut(10)] = 0.000739
E[P_neut(11)] = 0.000665
E[P_neut(12)] = 0.000605
E[P_neut(13)] = 0.000574
E[P_neut(14)] = 0.000512
E[P_neut(15)] = 0.000485
E[P_neut(16)] = 0.000467
E[P_neut(17)] = 0.000435
E[P_neut(18)] = 0.000415
E[P_neut(19)] = 0.000430

---- Expected P_sel(i), 0 < i < n (selected SFS per site) 
E[P_sel(1)] = 0.003631
E[P_sel(2)] = 0.001419
E[P_sel(3)] = 0.000844
E[P_sel(4)] = 0.000597
E[P_sel(5)] = 0.000448
E[P_sel(6)] = 0.000331
E[P_sel(7)] = 0.000278
E[P_sel(8)] = 0.000235
E[P_sel(9)] = 0.000198
E[P_sel(10)] = 0.000176
E[P_sel(11)] = 0.000156
E[P_sel(12)] = 0.000140
E[P_sel(13)] = 0.000131
E[P_sel(14)] = 0.000115
E[P_sel(15)] = 0.000108
E[P_sel(16)] = 0.000103
E[P_sel(17)] = 0.000095
E[P_sel(18)] = 0.000090
E[P_sel(19)] = 0.000092

---- Expected neutral and selected misattributed polymorphism per site
E[mis_neut] = 0.000451
E[mis_sel] = 0.000096

---- alpha_div = 0.280698
---- alpha_dfe = 0.000619



