---- Performing inference on Ns400_pa_0.000125_boots/Ns400_pa_0.000125.89.polyDFE.txt using model B

---- Warning: mutation variability is not used when only one neutral and one selected fragment is available.
---- No mutation variability. Using Poisson likelihood.

---- Using provided initial values


-- Starting local optimization
 it       eps_an        eps_cont      theta_bar      S_d            b             p_b           S_b           r  2          r  3          r  4          r  5          r  6          r  7          r  8          r  9          r 10          r 11          r 12          r 13          r 14          r 15          r 16          r 17          r 18          r 19         ln lk             grad     status
  0      4.50e-06      9.00e-07       0.00100     -400.00000       0.40000       0.02000       4.00000       1.00000       1.00000       1.00000       1.00000       1.00000       1.00000       1.00000       1.00000       1.00000       1.00000       1.00000       1.00000       1.00000       1.00000       1.00000       1.00000       1.00000       1.00000  -203513.7985615723   1485.32634   -2
481      4.41e-06      9.00e-07       0.00902     -600.63855       0.23053       0.02217       1.64447       0.95263       0.93470       0.93007       0.91825       0.85427       0.85826       0.81741       0.80364       0.85208       0.82154       0.76772       0.82131       0.83013       0.79217       0.83180       0.86264       0.83118       0.84727  -194.9808621726      0.00044   -3
-- Local optimization: stuck in the same solution


---- Best joint likelihood found -194.98086 with gradient 0.00044
-- Model: B
--     eps_an        eps_cont      theta_bar     a        
--    4.41e-06      9.00e-07       0.00902       -1.00000  
--      S_d            b             p_b           S_b      
--   -600.63855       0.23053       0.02217       1.64447  
--     r  2          r  3          r  4          r  5          r  6          r  7          r  8          r  9          r 10          r 11          r 12          r 13          r 14          r 15          r 16          r 17          r 18          r 19     
--     0.95263       0.93470       0.93007       0.91825       0.85427       0.85826       0.81741       0.80364       0.85208       0.82154       0.76772       0.82131       0.83013       0.79217       0.83180       0.86264       0.83118       0.84727  

---- Expected P_neut(i), 0 < i < n (neutral SFS per site) 
E[P_neut(1)] = 0.009017
E[P_neut(2)] = 0.004295
E[P_neut(3)] = 0.002809
E[P_neut(4)] = 0.002097
E[P_neut(5)] = 0.001656
E[P_neut(6)] = 0.001284
E[P_neut(7)] = 0.001106
E[P_neut(8)] = 0.000921
E[P_neut(9)] = 0.000805
E[P_neut(10)] = 0.000768
E[P_neut(11)] = 0.000673
E[P_neut(12)] = 0.000577
E[P_neut(13)] = 0.000570
E[P_neut(14)] = 0.000535
E[P_neut(15)] = 0.000476
E[P_neut(16)] = 0.000469
E[P_neut(17)] = 0.000458
E[P_neut(18)] = 0.000416
E[P_neut(19)] = 0.000402

---- Expected P_sel(i), 0 < i < n (selected SFS per site) 
E[P_sel(1)] = 0.003658
E[P_sel(2)] = 0.001406
E[P_sel(3)] = 0.000834
E[P_sel(4)] = 0.000585
E[P_sel(5)] = 0.000443
E[P_sel(6)] = 0.000332
E[P_sel(7)] = 0.000279
E[P_sel(8)] = 0.000228
E[P_sel(9)] = 0.000196
E[P_sel(10)] = 0.000184
E[P_sel(11)] = 0.000159
E[P_sel(12)] = 0.000135
E[P_sel(13)] = 0.000132
E[P_sel(14)] = 0.000123
E[P_sel(15)] = 0.000109
E[P_sel(16)] = 0.000107
E[P_sel(17)] = 0.000104
E[P_sel(18)] = 0.000095
E[P_sel(19)] = 0.000091

---- Expected neutral and selected misattributed polymorphism per site
E[mis_neut] = 0.000451
E[mis_sel] = 0.000102

---- alpha_div = 0.379743
---- alpha_dfe = 0.199493



