---- Performing inference on Ns400_pa_0.000125_boots/Ns400_pa_0.000125.28.polyDFE.txt using model B

---- Warning: mutation variability is not used when only one neutral and one selected fragment is available.
---- No mutation variability. Using Poisson likelihood.

---- Using provided initial values


-- Starting local optimization
 it       eps_an        theta_bar      S_d            b             r  2          r  3          r  4          r  5          r  6          r  7          r  8          r  9          r 10          r 11          r 12          r 13          r 14          r 15          r 16          r 17          r 18          r 19         ln lk             grad     status
  0      4.50e-06       0.00100     -400.00000       0.40000       1.00000       1.00000       1.00000       1.00000       1.00000       1.00000       1.00000       1.00000       1.00000       1.00000       1.00000       1.00000       1.00000       1.00000       1.00000       1.00000       1.00000       1.00000  -210130.4865135092   1557.49139   -2
154      4.50e-06       0.00885     -692.31140       0.20665       0.96727       0.93664       0.93302       0.91478       0.87492       0.84516       0.85369       0.83007       0.82053       0.82630       0.80231       0.84934       0.83212       0.80997       0.86604       0.84862       0.87281       0.93136  -194.7761318115      0.00147   -3
-- Local optimization: stuck in the same solution


---- Best joint likelihood found -194.77613 with gradient 0.00147
-- Model: B
--     eps_an        eps_cont      theta_bar     a        
--    4.50e-06      0.00e+00       0.00885       -1.00000  
--      S_d            b             p_b           S_b      
--   -692.31140       0.20665      0.00e+00      0.00e+00  
--     r  2          r  3          r  4          r  5          r  6          r  7          r  8          r  9          r 10          r 11          r 12          r 13          r 14          r 15          r 16          r 17          r 18          r 19     
--     0.96727       0.93664       0.93302       0.91478       0.87492       0.84516       0.85369       0.83007       0.82053       0.82630       0.80231       0.84934       0.83212       0.80997       0.86604       0.84862       0.87281       0.93136  

---- Expected P_neut(i), 0 < i < n (neutral SFS per site) 
E[P_neut(1)] = 0.008851
E[P_neut(2)] = 0.004281
E[P_neut(3)] = 0.002763
E[P_neut(4)] = 0.002065
E[P_neut(5)] = 0.001619
E[P_neut(6)] = 0.001291
E[P_neut(7)] = 0.001069
E[P_neut(8)] = 0.000944
E[P_neut(9)] = 0.000816
E[P_neut(10)] = 0.000726
E[P_neut(11)] = 0.000665
E[P_neut(12)] = 0.000592
E[P_neut(13)] = 0.000578
E[P_neut(14)] = 0.000526
E[P_neut(15)] = 0.000478
E[P_neut(16)] = 0.000479
E[P_neut(17)] = 0.000442
E[P_neut(18)] = 0.000429
E[P_neut(19)] = 0.000434

---- Expected P_sel(i), 0 < i < n (selected SFS per site) 
E[P_sel(1)] = 0.003623
E[P_sel(2)] = 0.001425
E[P_sel(3)] = 0.000835
E[P_sel(4)] = 0.000586
E[P_sel(5)] = 0.000439
E[P_sel(6)] = 0.000338
E[P_sel(7)] = 0.000272
E[P_sel(8)] = 0.000234
E[P_sel(9)] = 0.000198
E[P_sel(10)] = 0.000173
E[P_sel(11)] = 0.000156
E[P_sel(12)] = 0.000137
E[P_sel(13)] = 0.000132
E[P_sel(14)] = 0.000118
E[P_sel(15)] = 0.000106
E[P_sel(16)] = 0.000105
E[P_sel(17)] = 0.000096
E[P_sel(18)] = 0.000092
E[P_sel(19)] = 0.000093

---- Expected neutral and selected misattributed polymorphism per site
E[mis_neut] = 0.000443
E[mis_sel] = 0.000094

---- alpha_div = 0.289209
---- alpha_dfe = 0.000000



