---- Performing inference on Ns400_pa_0.000125_boots/Ns400_pa_0.000125.72.polyDFE.txt using model B

---- Warning: mutation variability is not used when only one neutral and one selected fragment is available.
---- No mutation variability. Using Poisson likelihood.

---- Using provided initial values


-- Starting local optimization
 it       eps_an        theta_bar      S_d            b             r  2          r  3          r  4          r  5          r  6          r  7          r  8          r  9          r 10          r 11          r 12          r 13          r 14          r 15          r 16          r 17          r 18          r 19         ln lk             grad     status
  0      4.50e-06       0.00100     -400.00000       0.40000       1.00000       1.00000       1.00000       1.00000       1.00000       1.00000       1.00000       1.00000       1.00000       1.00000       1.00000       1.00000       1.00000       1.00000       1.00000       1.00000       1.00000       1.00000  -210188.6556369013   1555.86632   -2
133      4.50e-06       0.00906    -1035.39996       0.19257       0.95501       0.91445       0.91215       0.88329       0.84193       0.84156       0.80456       0.80662       0.81227       0.82858       0.80256       0.82074       0.75951       0.75846       0.84501       0.83530       0.87080       0.86882  -205.4188781255      0.00027   -3
-- Local optimization: stuck in the same solution


---- Best joint likelihood found -205.41888 with gradient 0.00027
-- Model: B
--     eps_an        eps_cont      theta_bar     a        
--    4.50e-06      0.00e+00       0.00906       -1.00000  
--      S_d            b             p_b           S_b      
--  -1035.39996       0.19257      0.00e+00      0.00e+00  
--     r  2          r  3          r  4          r  5          r  6          r  7          r  8          r  9          r 10          r 11          r 12          r 13          r 14          r 15          r 16          r 17          r 18          r 19     
--     0.95501       0.91445       0.91215       0.88329       0.84193       0.84156       0.80456       0.80662       0.81227       0.82858       0.80256       0.82074       0.75951       0.75846       0.84501       0.83530       0.87080       0.86882  

---- Expected P_neut(i), 0 < i < n (neutral SFS per site) 
E[P_neut(1)] = 0.009058
E[P_neut(2)] = 0.004325
E[P_neut(3)] = 0.002761
E[P_neut(4)] = 0.002066
E[P_neut(5)] = 0.001600
E[P_neut(6)] = 0.001271
E[P_neut(7)] = 0.001089
E[P_neut(8)] = 0.000911
E[P_neut(9)] = 0.000812
E[P_neut(10)] = 0.000736
E[P_neut(11)] = 0.000682
E[P_neut(12)] = 0.000606
E[P_neut(13)] = 0.000572
E[P_neut(14)] = 0.000491
E[P_neut(15)] = 0.000458
E[P_neut(16)] = 0.000478
E[P_neut(17)] = 0.000445
E[P_neut(18)] = 0.000438
E[P_neut(19)] = 0.000414

---- Expected P_sel(i), 0 < i < n (selected SFS per site) 
E[P_sel(1)] = 0.003602
E[P_sel(2)] = 0.001417
E[P_sel(3)] = 0.000826
E[P_sel(4)] = 0.000583
E[P_sel(5)] = 0.000433
E[P_sel(6)] = 0.000333
E[P_sel(7)] = 0.000278
E[P_sel(8)] = 0.000227
E[P_sel(9)] = 0.000198
E[P_sel(10)] = 0.000177
E[P_sel(11)] = 0.000161
E[P_sel(12)] = 0.000141
E[P_sel(13)] = 0.000132
E[P_sel(14)] = 0.000112
E[P_sel(15)] = 0.000103
E[P_sel(16)] = 0.000106
E[P_sel(17)] = 0.000098
E[P_sel(18)] = 0.000096
E[P_sel(19)] = 0.000090

---- Expected neutral and selected misattributed polymorphism per site
E[mis_neut] = 0.000453
E[mis_sel] = 0.000097

---- alpha_div = 0.273916
---- alpha_dfe = 0.000000



