---- Performing inference on Ns400_pa_0.000125_boots/Ns400_pa_0.000125.59.polyDFE.txt using model B

---- Warning: mutation variability is not used when only one neutral and one selected fragment is available.
---- No mutation variability. Using Poisson likelihood.

---- Using provided initial values


-- Starting local optimization
 it       eps_an        eps_cont      theta_bar      S_d            b             p_b           S_b           r  2          r  3          r  4          r  5          r  6          r  7          r  8          r  9          r 10          r 11          r 12          r 13          r 14          r 15          r 16          r 17          r 18          r 19         ln lk             grad     status
  0      4.50e-06      9.00e-07       0.00100     -400.00000       0.40000       0.02000       4.00000       1.00000       1.00000       1.00000       1.00000       1.00000       1.00000       1.00000       1.00000       1.00000       1.00000       1.00000       1.00000       1.00000       1.00000       1.00000       1.00000       1.00000       1.00000  -201802.8142890630   1476.20554   -2
978      4.85e-06      9.00e-07       0.00900     -711.64130       0.20850       0.00082      37.42993       0.95464       0.92759       0.91136       0.90563       0.88574       0.84246       0.85771       0.79181       0.82194       0.82797       0.78010       0.84498       0.78808       0.79025       0.85529       0.80684       0.83512       0.87742  -202.1737674980      0.00388   -3
-- Local optimization: stuck in the same solution


---- Best joint likelihood found -202.17377 with gradient 0.00388
-- Model: B
--     eps_an        eps_cont      theta_bar     a        
--    4.85e-06      9.00e-07       0.00900       -1.00000  
--      S_d            b             p_b           S_b      
--   -711.64130       0.20850       0.00082      37.42993  
--     r  2          r  3          r  4          r  5          r  6          r  7          r  8          r  9          r 10          r 11          r 12          r 13          r 14          r 15          r 16          r 17          r 18          r 19     
--     0.95464       0.92759       0.91136       0.90563       0.88574       0.84246       0.85771       0.79181       0.82194       0.82797       0.78010       0.84498       0.78808       0.79025       0.85529       0.80684       0.83512       0.87742  

---- Expected P_neut(i), 0 < i < n (neutral SFS per site) 
E[P_neut(1)] = 0.008997
E[P_neut(2)] = 0.004295
E[P_neut(3)] = 0.002782
E[P_neut(4)] = 0.002050
E[P_neut(5)] = 0.001630
E[P_neut(6)] = 0.001328
E[P_neut(7)] = 0.001083
E[P_neut(8)] = 0.000965
E[P_neut(9)] = 0.000792
E[P_neut(10)] = 0.000740
E[P_neut(11)] = 0.000677
E[P_neut(12)] = 0.000585
E[P_neut(13)] = 0.000585
E[P_neut(14)] = 0.000506
E[P_neut(15)] = 0.000474
E[P_neut(16)] = 0.000481
E[P_neut(17)] = 0.000427
E[P_neut(18)] = 0.000417
E[P_neut(19)] = 0.000416

---- Expected P_sel(i), 0 < i < n (selected SFS per site) 
E[P_sel(1)] = 0.003646
E[P_sel(2)] = 0.001413
E[P_sel(3)] = 0.000830
E[P_sel(4)] = 0.000575
E[P_sel(5)] = 0.000437
E[P_sel(6)] = 0.000344
E[P_sel(7)] = 0.000272
E[P_sel(8)] = 0.000237
E[P_sel(9)] = 0.000190
E[P_sel(10)] = 0.000174
E[P_sel(11)] = 0.000157
E[P_sel(12)] = 0.000134
E[P_sel(13)] = 0.000132
E[P_sel(14)] = 0.000113
E[P_sel(15)] = 0.000105
E[P_sel(16)] = 0.000106
E[P_sel(17)] = 0.000093
E[P_sel(18)] = 0.000091
E[P_sel(19)] = 0.000091

---- Expected neutral and selected misattributed polymorphism per site
E[mis_neut] = 0.000450
E[mis_sel] = 0.000101

---- alpha_div = 0.289511
---- alpha_dfe = 0.129331



