---- Performing inference on Ns400_pa_0.000125_boots/Ns400_pa_0.000125.2.polyDFE.txt using model B

---- Warning: mutation variability is not used when only one neutral and one selected fragment is available.
---- No mutation variability. Using Poisson likelihood.

---- Using provided initial values


-- Starting local optimization
 it       eps_an        lambda        theta_bar      S_d            b             r  2          r  3          r  4          r  5          r  6          r  7          r  8          r  9          r 10          r 11          r 12          r 13          r 14          r 15          r 16          r 17          r 18          r 19          r 20         ln lk             grad     status
  0      4.50e-06       0.00500       0.00100     -400.00000       0.40000       1.00000       1.00000       1.00000       1.00000       1.00000       1.00000       1.00000       1.00000       1.00000       1.00000       1.00000       1.00000       1.00000       1.00000       1.00000       1.00000       1.00000       1.00000       1.00000  -219276.1205401143   1681.88769   -2
680      4.34e-06       0.00007       0.00918    -4675.25673       0.14329       0.92373       0.88841       0.88007       0.84963       0.81143       0.78973       0.79186       0.74797       0.74864       0.76629       0.76514       0.77600       0.73210       0.73494       0.81195       0.80194       0.80490       0.88091      12.50261  -355.6573316416      0.00475   -3
-- Local optimization: stuck in the same solution


---- Best joint likelihood found -355.65733 with gradient 0.00475
-- Model: B
--     eps_an        eps_cont      lambda        theta_bar     a        
--    4.34e-06      0.00e+00       0.00007       0.00918       -1.00000  
--      S_d            b             p_b           S_b      
--  -4675.25673       0.14329      0.00e+00      0.00e+00  
--     r  2          r  3          r  4          r  5          r  6          r  7          r  8          r  9          r 10          r 11          r 12          r 13          r 14          r 15          r 16          r 17          r 18          r 19          r 20     
--     0.92373       0.88841       0.88007       0.84963       0.81143       0.78973       0.79186       0.74797       0.74864       0.76629       0.76514       0.77600       0.73210       0.73494       0.81195       0.80194       0.80490       0.88091      12.50261  

---- Expected P_neut(i), 0 < i < n (neutral SFS per site) 
E[P_neut(1)] = 0.009179
E[P_neut(2)] = 0.004240
E[P_neut(3)] = 0.002718
E[P_neut(4)] = 0.002020
E[P_neut(5)] = 0.001560
E[P_neut(6)] = 0.001241
E[P_neut(7)] = 0.001036
E[P_neut(8)] = 0.000909
E[P_neut(9)] = 0.000763
E[P_neut(10)] = 0.000687
E[P_neut(11)] = 0.000639
E[P_neut(12)] = 0.000585
E[P_neut(13)] = 0.000548
E[P_neut(14)] = 0.000480
E[P_neut(15)] = 0.000450
E[P_neut(16)] = 0.000466
E[P_neut(17)] = 0.000433
E[P_neut(18)] = 0.000410
E[P_neut(19)] = 0.000426

---- Expected P_sel(i), 0 < i < n (selected SFS per site) 
E[P_sel(1)] = 0.003566
E[P_sel(2)] = 0.001427
E[P_sel(3)] = 0.000856
E[P_sel(4)] = 0.000609
E[P_sel(5)] = 0.000456
E[P_sel(6)] = 0.000354
E[P_sel(7)] = 0.000290
E[P_sel(8)] = 0.000250
E[P_sel(9)] = 0.000207
E[P_sel(10)] = 0.000184
E[P_sel(11)] = 0.000169
E[P_sel(12)] = 0.000153
E[P_sel(13)] = 0.000142
E[P_sel(14)] = 0.000123
E[P_sel(15)] = 0.000114
E[P_sel(16)] = 0.000118
E[P_sel(17)] = 0.000109
E[P_sel(18)] = 0.000102
E[P_sel(19)] = 0.000105

---- Expected D_neut and D_sel (neutral and selected divergence per site) 
E[D_neut] = 0.005810
E[D_sel] = 0.001429

---- Expected neutral and selected misattributed polymorphism per site
E[mis_neut] = 0.005738
E[mis_sel] = 0.001411

---- alpha_div = 1.538858
---- alpha_dfe = 0.000000



