---- Performing inference on Ns400_pa_0.000125_boots/Ns400_pa_0.000125.34.polyDFE.txt using model B

---- Warning: mutation variability is not used when only one neutral and one selected fragment is available.
---- No mutation variability. Using Poisson likelihood.

---- Using provided initial values


-- Starting local optimization
 it       eps_an        eps_cont      lambda        theta_bar      S_d            b             p_b           S_b           r  2          r  3          r  4          r  5          r  6          r  7          r  8          r  9          r 10          r 11          r 12          r 13          r 14          r 15          r 16          r 17          r 18          r 19          r 20         ln lk             grad     status
  0      4.50e-06      9.00e-07       0.00500       0.00100     -400.00000       0.40000       0.02000       4.00000       1.00000       1.00000       1.00000       1.00000       1.00000       1.00000       1.00000       1.00000       1.00000       1.00000       1.00000       1.00000       1.00000       1.00000       1.00000       1.00000       1.00000       1.00000       1.00000  -204245.2085935324   1511.68409   -2
300      4.49e-06      9.00e-07       0.00498       0.00893     -698.15262       0.21143       0.00253      34.07703       0.97289       0.94805       0.93351       0.90965       0.86994       0.85940       0.86532       0.82242       0.79850       0.84033       0.82515       0.82479       0.80636       0.79882       0.85082       0.82953       0.85654       0.86613       1.02786  -213.3921638523      0.00099   -3
-- Local optimization: stuck in the same solution


---- Best joint likelihood found -213.39216 with gradient 0.00099
-- Model: B
--     eps_an        eps_cont      lambda        theta_bar     a        
--    4.49e-06      9.00e-07       0.00498       0.00893       -1.00000  
--      S_d            b             p_b           S_b      
--   -698.15262       0.21143       0.00253      34.07703  
--     r  2          r  3          r  4          r  5          r  6          r  7          r  8          r  9          r 10          r 11          r 12          r 13          r 14          r 15          r 16          r 17          r 18          r 19          r 20     
--     0.97289       0.94805       0.93351       0.90965       0.86994       0.85940       0.86532       0.82242       0.79850       0.84033       0.82515       0.82479       0.80636       0.79882       0.85082       0.82953       0.85654       0.86613       1.02786  

---- Expected P_neut(i), 0 < i < n (neutral SFS per site) 
E[P_neut(1)] = 0.008929
E[P_neut(2)] = 0.004343
E[P_neut(3)] = 0.002822
E[P_neut(4)] = 0.002084
E[P_neut(5)] = 0.001624
E[P_neut(6)] = 0.001295
E[P_neut(7)] = 0.001096
E[P_neut(8)] = 0.000966
E[P_neut(9)] = 0.000816
E[P_neut(10)] = 0.000713
E[P_neut(11)] = 0.000682
E[P_neut(12)] = 0.000614
E[P_neut(13)] = 0.000566
E[P_neut(14)] = 0.000514
E[P_neut(15)] = 0.000475
E[P_neut(16)] = 0.000475
E[P_neut(17)] = 0.000436
E[P_neut(18)] = 0.000425
E[P_neut(19)] = 0.000407

---- Expected P_sel(i), 0 < i < n (selected SFS per site) 
E[P_sel(1)] = 0.003608
E[P_sel(2)] = 0.001423
E[P_sel(3)] = 0.000838
E[P_sel(4)] = 0.000581
E[P_sel(5)] = 0.000433
E[P_sel(6)] = 0.000333
E[P_sel(7)] = 0.000274
E[P_sel(8)] = 0.000236
E[P_sel(9)] = 0.000196
E[P_sel(10)] = 0.000168
E[P_sel(11)] = 0.000159
E[P_sel(12)] = 0.000141
E[P_sel(13)] = 0.000129
E[P_sel(14)] = 0.000116
E[P_sel(15)] = 0.000107
E[P_sel(16)] = 0.000107
E[P_sel(17)] = 0.000099
E[P_sel(18)] = 0.000098
E[P_sel(19)] = 0.000097

---- Expected D_neut and D_sel (neutral and selected divergence per site) 
E[D_neut] = 0.005435
E[D_sel] = 0.001554

---- Expected neutral and selected misattributed polymorphism per site
E[mis_neut] = 0.000459
E[mis_sel] = 0.000117

---- alpha_div = 0.299527
---- alpha_dfe = 0.299177



