---- Performing inference on Ns400_pa_0.000125_boots/Ns400_pa_0.000125.41.polyDFE.txt using model B

---- Warning: mutation variability is not used when only one neutral and one selected fragment is available.
---- No mutation variability. Using Poisson likelihood.

---- Using provided initial values


-- Starting local optimization
 it       eps_an        eps_cont      theta_bar      S_d            b             p_b           S_b           r  2          r  3          r  4          r  5          r  6          r  7          r  8          r  9          r 10          r 11          r 12          r 13          r 14          r 15          r 16          r 17          r 18          r 19         ln lk             grad     status
  0      4.50e-06      9.00e-07       0.00100     -400.00000       0.40000       0.02000       4.00000       1.00000       1.00000       1.00000       1.00000       1.00000       1.00000       1.00000       1.00000       1.00000       1.00000       1.00000       1.00000       1.00000       1.00000       1.00000       1.00000       1.00000       1.00000  -203542.1120736608   1485.53880   -2
511      4.42e-06      9.00e-07       0.00899     -805.48894       0.20364       0.00247       0.52304       0.96600       0.94303       0.92229       0.91747       0.85812       0.84586       0.84908       0.81723       0.78278       0.83034       0.82514       0.83311       0.81831       0.81509       0.83749       0.85442       0.85935       0.92508  -196.2552223067      0.00076   -3
-- Local optimization: stuck in the same solution


---- Best joint likelihood found -196.25522 with gradient 0.00076
-- Model: B
--     eps_an        eps_cont      theta_bar     a        
--    4.42e-06      9.00e-07       0.00899       -1.00000  
--      S_d            b             p_b           S_b      
--   -805.48894       0.20364       0.00247       0.52304  
--     r  2          r  3          r  4          r  5          r  6          r  7          r  8          r  9          r 10          r 11          r 12          r 13          r 14          r 15          r 16          r 17          r 18          r 19     
--     0.96600       0.94303       0.92229       0.91747       0.85812       0.84586       0.84908       0.81723       0.78278       0.83034       0.82514       0.83311       0.81831       0.81509       0.83749       0.85442       0.85935       0.92508  

---- Expected P_neut(i), 0 < i < n (neutral SFS per site) 
E[P_neut(1)] = 0.008993
E[P_neut(2)] = 0.004344
E[P_neut(3)] = 0.002827
E[P_neut(4)] = 0.002074
E[P_neut(5)] = 0.001650
E[P_neut(6)] = 0.001286
E[P_neut(7)] = 0.001087
E[P_neut(8)] = 0.000954
E[P_neut(9)] = 0.000817
E[P_neut(10)] = 0.000704
E[P_neut(11)] = 0.000679
E[P_neut(12)] = 0.000618
E[P_neut(13)] = 0.000576
E[P_neut(14)] = 0.000526
E[P_neut(15)] = 0.000489
E[P_neut(16)] = 0.000471
E[P_neut(17)] = 0.000452
E[P_neut(18)] = 0.000429
E[P_neut(19)] = 0.000438

---- Expected P_sel(i), 0 < i < n (selected SFS per site) 
E[P_sel(1)] = 0.003622
E[P_sel(2)] = 0.001428
E[P_sel(3)] = 0.000845
E[P_sel(4)] = 0.000583
E[P_sel(5)] = 0.000444
E[P_sel(6)] = 0.000335
E[P_sel(7)] = 0.000275
E[P_sel(8)] = 0.000236
E[P_sel(9)] = 0.000198
E[P_sel(10)] = 0.000167
E[P_sel(11)] = 0.000159
E[P_sel(12)] = 0.000142
E[P_sel(13)] = 0.000131
E[P_sel(14)] = 0.000118
E[P_sel(15)] = 0.000108
E[P_sel(16)] = 0.000103
E[P_sel(17)] = 0.000098
E[P_sel(18)] = 0.000092
E[P_sel(19)] = 0.000094

---- Expected neutral and selected misattributed polymorphism per site
E[mis_neut] = 0.000450
E[mis_sel] = 0.000095

---- alpha_div = 0.295362
---- alpha_dfe = 0.015120



