---- Performing inference on Ns400_pa_0.000125_boots/Ns400_pa_0.000125.91.polyDFE.txt using model B

---- Warning: mutation variability is not used when only one neutral and one selected fragment is available.
---- No mutation variability. Using Poisson likelihood.

---- Using provided initial values


-- Starting local optimization
 it       eps_an        theta_bar      S_d            b             r  2          r  3          r  4          r  5          r  6          r  7          r  8          r  9          r 10          r 11          r 12          r 13          r 14          r 15          r 16          r 17          r 18          r 19         ln lk             grad     status
  0      4.50e-06       0.00100     -400.00000       0.40000       1.00000       1.00000       1.00000       1.00000       1.00000       1.00000       1.00000       1.00000       1.00000       1.00000       1.00000       1.00000       1.00000       1.00000       1.00000       1.00000       1.00000       1.00000  -211692.6261177965   1565.37044   -2
159      4.50e-06       0.00893     -865.14982       0.19800       0.97789       0.93839       0.91858       0.93330       0.85786       0.84703       0.82184       0.82687       0.79588       0.83094       0.81960       0.86969       0.80366       0.78194       0.83075       0.81140       0.85450       0.93293  -196.5775590320      0.00091   -3
-- Local optimization: stuck in the same solution


---- Best joint likelihood found -196.57756 with gradient 0.00091
-- Model: B
--     eps_an        eps_cont      theta_bar     a        
--    4.50e-06      0.00e+00       0.00893       -1.00000  
--      S_d            b             p_b           S_b      
--   -865.14982       0.19800      0.00e+00      0.00e+00  
--     r  2          r  3          r  4          r  5          r  6          r  7          r  8          r  9          r 10          r 11          r 12          r 13          r 14          r 15          r 16          r 17          r 18          r 19     
--     0.97789       0.93839       0.91858       0.93330       0.85786       0.84703       0.82184       0.82687       0.79588       0.83094       0.81960       0.86969       0.80366       0.78194       0.83075       0.81140       0.85450       0.93293  

---- Expected P_neut(i), 0 < i < n (neutral SFS per site) 
E[P_neut(1)] = 0.008932
E[P_neut(2)] = 0.004367
E[P_neut(3)] = 0.002794
E[P_neut(4)] = 0.002051
E[P_neut(5)] = 0.001667
E[P_neut(6)] = 0.001277
E[P_neut(7)] = 0.001081
E[P_neut(8)] = 0.000918
E[P_neut(9)] = 0.000821
E[P_neut(10)] = 0.000711
E[P_neut(11)] = 0.000675
E[P_neut(12)] = 0.000610
E[P_neut(13)] = 0.000598
E[P_neut(14)] = 0.000513
E[P_neut(15)] = 0.000466
E[P_neut(16)] = 0.000464
E[P_neut(17)] = 0.000426
E[P_neut(18)] = 0.000424
E[P_neut(19)] = 0.000439

---- Expected P_sel(i), 0 < i < n (selected SFS per site) 
E[P_sel(1)] = 0.003604
E[P_sel(2)] = 0.001445
E[P_sel(3)] = 0.000842
E[P_sel(4)] = 0.000582
E[P_sel(5)] = 0.000453
E[P_sel(6)] = 0.000336
E[P_sel(7)] = 0.000276
E[P_sel(8)] = 0.000229
E[P_sel(9)] = 0.000201
E[P_sel(10)] = 0.000171
E[P_sel(11)] = 0.000159
E[P_sel(12)] = 0.000142
E[P_sel(13)] = 0.000137
E[P_sel(14)] = 0.000116
E[P_sel(15)] = 0.000105
E[P_sel(16)] = 0.000103
E[P_sel(17)] = 0.000094
E[P_sel(18)] = 0.000092
E[P_sel(19)] = 0.000095

---- Expected neutral and selected misattributed polymorphism per site
E[mis_neut] = 0.000447
E[mis_sel] = 0.000096

---- alpha_div = 0.296574
---- alpha_dfe = 0.000000



