---- Performing inference on Ns400_pa_0.000125_boots/Ns400_pa_0.000125.89.polyDFE.txt using model B

---- Warning: mutation variability is not used when only one neutral and one selected fragment is available.
---- No mutation variability. Using Poisson likelihood.

---- Using provided initial values


-- Starting local optimization
 it       eps_an        eps_cont      lambda        theta_bar      S_d            b             p_b           S_b           r  2          r  3          r  4          r  5          r  6          r  7          r  8          r  9          r 10          r 11          r 12          r 13          r 14          r 15          r 16          r 17          r 18          r 19          r 20         ln lk             grad     status
  0      4.50e-06      9.00e-07       0.00500       0.00100     -400.00000       0.40000       0.02000       4.00000       1.00000       1.00000       1.00000       1.00000       1.00000       1.00000       1.00000       1.00000       1.00000       1.00000       1.00000       1.00000       1.00000       1.00000       1.00000       1.00000       1.00000       1.00000       1.00000  -205667.7793061502   1518.67482   -2
204      4.49e-06      9.00e-07       0.00509       0.00902     -711.94936       0.20913       0.00224      37.42843       0.94957       0.93114       0.92698       0.91588       0.85319       0.85787       0.81792       0.80524       0.85457       0.82530       0.77140       0.82590       0.83565       0.79678       0.83553       0.86352       0.82554       0.83081       0.76434  -208.8524807375      0.05272   -3
-- Local optimization: stuck in the same solution


---- Best joint likelihood found -208.85248 with gradient 0.05272
-- Model: B
--     eps_an        eps_cont      lambda        theta_bar     a        
--    4.49e-06      9.00e-07       0.00509       0.00902       -1.00000  
--      S_d            b             p_b           S_b      
--   -711.94936       0.20913       0.00224      37.42843  
--     r  2          r  3          r  4          r  5          r  6          r  7          r  8          r  9          r 10          r 11          r 12          r 13          r 14          r 15          r 16          r 17          r 18          r 19          r 20     
--     0.94957       0.93114       0.92698       0.91588       0.85319       0.85787       0.81792       0.80524       0.85457       0.82530       0.77140       0.82590       0.83565       0.79678       0.83553       0.86352       0.82554       0.83081       0.76434  

---- Expected P_neut(i), 0 < i < n (neutral SFS per site) 
E[P_neut(1)] = 0.009022
E[P_neut(2)] = 0.004284
E[P_neut(3)] = 0.002800
E[P_neut(4)] = 0.002091
E[P_neut(5)] = 0.001653
E[P_neut(6)] = 0.001283
E[P_neut(7)] = 0.001106
E[P_neut(8)] = 0.000922
E[P_neut(9)] = 0.000807
E[P_neut(10)] = 0.000771
E[P_neut(11)] = 0.000677
E[P_neut(12)] = 0.000580
E[P_neut(13)] = 0.000573
E[P_neut(14)] = 0.000539
E[P_neut(15)] = 0.000479
E[P_neut(16)] = 0.000471
E[P_neut(17)] = 0.000458
E[P_neut(18)] = 0.000414
E[P_neut(19)] = 0.000395

---- Expected P_sel(i), 0 < i < n (selected SFS per site) 
E[P_sel(1)] = 0.003656
E[P_sel(2)] = 0.001410
E[P_sel(3)] = 0.000836
E[P_sel(4)] = 0.000587
E[P_sel(5)] = 0.000444
E[P_sel(6)] = 0.000333
E[P_sel(7)] = 0.000279
E[P_sel(8)] = 0.000227
E[P_sel(9)] = 0.000195
E[P_sel(10)] = 0.000183
E[P_sel(11)] = 0.000158
E[P_sel(12)] = 0.000134
E[P_sel(13)] = 0.000131
E[P_sel(14)] = 0.000122
E[P_sel(15)] = 0.000108
E[P_sel(16)] = 0.000106
E[P_sel(17)] = 0.000104
E[P_sel(18)] = 0.000095
E[P_sel(19)] = 0.000094

---- Expected D_neut and D_sel (neutral and selected divergence per site) 
E[D_neut] = 0.005432
E[D_sel] = 0.001556

---- Expected neutral and selected misattributed polymorphism per site
E[mis_neut] = 0.000345
E[mis_sel] = 0.000088

---- alpha_div = 0.292048
---- alpha_dfe = 0.290964



