---- Performing inference on Ns400_pa_0.000125_boots/Ns400_pa_0.000125.86.polyDFE.txt using model B

---- Warning: mutation variability is not used when only one neutral and one selected fragment is available.
---- No mutation variability. Using Poisson likelihood.

---- Using provided initial values


-- Starting local optimization
 it       eps_an        lambda        theta_bar      S_d            b             r  2          r  3          r  4          r  5          r  6          r  7          r  8          r  9          r 10          r 11          r 12          r 13          r 14          r 15          r 16          r 17          r 18          r 19          r 20         ln lk             grad     status
  0      4.50e-06       0.00500       0.00100     -400.00000       0.40000       1.00000       1.00000       1.00000       1.00000       1.00000       1.00000       1.00000       1.00000       1.00000       1.00000       1.00000       1.00000       1.00000       1.00000       1.00000       1.00000       1.00000       1.00000       1.00000  -220065.5535313608   1684.16252   -2
726      4.09e-06       0.00002       0.00922    -4063.64223       0.14708       0.93277       0.88891       0.87827       0.84393       0.81814       0.81137       0.80468       0.73889       0.73394       0.75837       0.76175       0.77136       0.74808       0.73470       0.79071       0.79199       0.81004       0.86166      12.69685  -377.2062785027      0.00121   -6
-- Local optimization: reached maximum running time allowed


---- Best joint likelihood found -377.20628 with gradient 0.00121
-- Model: B
--     eps_an        eps_cont      lambda        theta_bar     a        
--    4.09e-06      0.00e+00       0.00002       0.00922       -1.00000  
--      S_d            b             p_b           S_b      
--  -4063.64223       0.14708      0.00e+00      0.00e+00  
--     r  2          r  3          r  4          r  5          r  6          r  7          r  8          r  9          r 10          r 11          r 12          r 13          r 14          r 15          r 16          r 17          r 18          r 19          r 20     
--     0.93277       0.88891       0.87827       0.84393       0.81814       0.81137       0.80468       0.73889       0.73394       0.75837       0.76175       0.77136       0.74808       0.73470       0.79071       0.79199       0.81004       0.86166      12.69685  

---- Expected P_neut(i), 0 < i < n (neutral SFS per site) 
E[P_neut(1)] = 0.009215
E[P_neut(2)] = 0.004298
E[P_neut(3)] = 0.002731
E[P_neut(4)] = 0.002023
E[P_neut(5)] = 0.001555
E[P_neut(6)] = 0.001257
E[P_neut(7)] = 0.001068
E[P_neut(8)] = 0.000927
E[P_neut(9)] = 0.000757
E[P_neut(10)] = 0.000676
E[P_neut(11)] = 0.000635
E[P_neut(12)] = 0.000585
E[P_neut(13)] = 0.000547
E[P_neut(14)] = 0.000492
E[P_neut(15)] = 0.000451
E[P_neut(16)] = 0.000455
E[P_neut(17)] = 0.000429
E[P_neut(18)] = 0.000415
E[P_neut(19)] = 0.000418

---- Expected P_sel(i), 0 < i < n (selected SFS per site) 
E[P_sel(1)] = 0.003579
E[P_sel(2)] = 0.001440
E[P_sel(3)] = 0.000854
E[P_sel(4)] = 0.000606
E[P_sel(5)] = 0.000451
E[P_sel(6)] = 0.000355
E[P_sel(7)] = 0.000296
E[P_sel(8)] = 0.000252
E[P_sel(9)] = 0.000203
E[P_sel(10)] = 0.000179
E[P_sel(11)] = 0.000166
E[P_sel(12)] = 0.000151
E[P_sel(13)] = 0.000140
E[P_sel(14)] = 0.000125
E[P_sel(15)] = 0.000114
E[P_sel(16)] = 0.000114
E[P_sel(17)] = 0.000106
E[P_sel(18)] = 0.000102
E[P_sel(19)] = 0.000102

---- Expected D_neut and D_sel (neutral and selected divergence per site) 
E[D_neut] = 0.005875
E[D_sel] = 0.001427

---- Expected neutral and selected misattributed polymorphism per site
E[mis_neut] = 0.005850
E[mis_sel] = 0.001421

---- alpha_div = 1.657828
---- alpha_dfe = 0.000000



