---- Performing inference on Ns400_pa_0.000125_boots/Ns400_pa_0.000125.28.polyDFE.txt using model B

---- Warning: mutation variability is not used when only one neutral and one selected fragment is available.
---- No mutation variability. Using Poisson likelihood.

---- Using provided initial values


-- Starting local optimization
 it       eps_an        eps_cont      lambda        theta_bar      S_d            b             p_b           S_b           r  2          r  3          r  4          r  5          r  6          r  7          r  8          r  9          r 10          r 11          r 12          r 13          r 14          r 15          r 16          r 17          r 18          r 19          r 20         ln lk             grad     status
  0      4.50e-06      9.00e-07       0.00500       0.00100     -400.00000       0.40000       0.02000       4.00000       1.00000       1.00000       1.00000       1.00000       1.00000       1.00000       1.00000       1.00000       1.00000       1.00000       1.00000       1.00000       1.00000       1.00000       1.00000       1.00000       1.00000       1.00000       1.00000  -203333.1533412625   1508.31620   -2
 95      4.49e-06      9.00e-07       0.00503       0.00882     -575.62700       0.21786       0.00232      37.42730       0.97187       0.94295       0.94012       0.92228       0.88220       0.85193       0.86060       0.83673       0.82582       0.83289       0.80641       0.85250       0.83457       0.80964       0.86145       0.83914       0.85512       0.89702       0.89162  -207.8982047731      0.16912   -3
-- Local optimization: stuck in the same solution


---- Best joint likelihood found -207.89820 with gradient 0.16912
-- Model: B
--     eps_an        eps_cont      lambda        theta_bar     a        
--    4.49e-06      9.00e-07       0.00503       0.00882       -1.00000  
--      S_d            b             p_b           S_b      
--   -575.62700       0.21786       0.00232      37.42730  
--     r  2          r  3          r  4          r  5          r  6          r  7          r  8          r  9          r 10          r 11          r 12          r 13          r 14          r 15          r 16          r 17          r 18          r 19          r 20     
--     0.97187       0.94295       0.94012       0.92228       0.88220       0.85193       0.86060       0.83673       0.82582       0.83289       0.80641       0.85250       0.83457       0.80964       0.86145       0.83914       0.85512       0.89702       0.89162  

---- Expected P_neut(i), 0 < i < n (neutral SFS per site) 
E[P_neut(1)] = 0.008821
E[P_neut(2)] = 0.004286
E[P_neut(3)] = 0.002773
E[P_neut(4)] = 0.002073
E[P_neut(5)] = 0.001627
E[P_neut(6)] = 0.001297
E[P_neut(7)] = 0.001074
E[P_neut(8)] = 0.000949
E[P_neut(9)] = 0.000820
E[P_neut(10)] = 0.000728
E[P_neut(11)] = 0.000668
E[P_neut(12)] = 0.000593
E[P_neut(13)] = 0.000578
E[P_neut(14)] = 0.000526
E[P_neut(15)] = 0.000476
E[P_neut(16)] = 0.000475
E[P_neut(17)] = 0.000435
E[P_neut(18)] = 0.000419
E[P_neut(19)] = 0.000416

---- Expected P_sel(i), 0 < i < n (selected SFS per site) 
E[P_sel(1)] = 0.003633
E[P_sel(2)] = 0.001423
E[P_sel(3)] = 0.000832
E[P_sel(4)] = 0.000583
E[P_sel(5)] = 0.000437
E[P_sel(6)] = 0.000336
E[P_sel(7)] = 0.000270
E[P_sel(8)] = 0.000233
E[P_sel(9)] = 0.000197
E[P_sel(10)] = 0.000172
E[P_sel(11)] = 0.000155
E[P_sel(12)] = 0.000136
E[P_sel(13)] = 0.000131
E[P_sel(14)] = 0.000119
E[P_sel(15)] = 0.000107
E[P_sel(16)] = 0.000106
E[P_sel(17)] = 0.000098
E[P_sel(18)] = 0.000096
E[P_sel(19)] = 0.000099

---- Expected D_neut and D_sel (neutral and selected divergence per site) 
E[D_neut] = 0.005424
E[D_sel] = 0.001555

---- Expected neutral and selected misattributed polymorphism per site
E[mis_neut] = 0.000393
E[mis_sel] = 0.000100

---- alpha_div = 0.304355
---- alpha_dfe = 0.300274



