---- Performing inference on Ns400_pa_0.000125_boots/Ns400_pa_0.000125.55.polyDFE.txt using model B

---- Warning: mutation variability is not used when only one neutral and one selected fragment is available.
---- No mutation variability. Using Poisson likelihood.

---- Using provided initial values


-- Starting local optimization
 it       eps_an        lambda        theta_bar      S_d            b             r  2          r  3          r  4          r  5          r  6          r  7          r  8          r  9          r 10          r 11          r 12          r 13          r 14          r 15          r 16          r 17          r 18          r 19          r 20         ln lk             grad     status
  0      4.50e-06       0.00500       0.00100     -400.00000       0.40000       1.00000       1.00000       1.00000       1.00000       1.00000       1.00000       1.00000       1.00000       1.00000       1.00000       1.00000       1.00000       1.00000       1.00000       1.00000       1.00000       1.00000       1.00000       1.00000  -217999.6193454411   1675.60176   -2
829      4.35e-06       0.00012       0.00910    -3166.84441       0.15180       0.93415       0.89085       0.89151       0.87690       0.80825       0.81212       0.77511       0.75276       0.74968       0.74728       0.75129       0.78504       0.75087       0.75678       0.81825       0.74699       0.77188       0.87168      12.88741  -392.2303338081      0.06090   -6
-- Local optimization: reached maximum running time allowed


---- Best joint likelihood found -392.23033 with gradient 0.06090
-- Model: B
--     eps_an        eps_cont      lambda        theta_bar     a        
--    4.35e-06      0.00e+00       0.00012       0.00910       -1.00000  
--      S_d            b             p_b           S_b      
--  -3166.84441       0.15180      0.00e+00      0.00e+00  
--     r  2          r  3          r  4          r  5          r  6          r  7          r  8          r  9          r 10          r 11          r 12          r 13          r 14          r 15          r 16          r 17          r 18          r 19          r 20     
--     0.93415       0.89085       0.89151       0.87690       0.80825       0.81212       0.77511       0.75276       0.74968       0.74728       0.75129       0.78504       0.75087       0.75678       0.81825       0.74699       0.77188       0.87168      12.88741  

---- Expected P_neut(i), 0 < i < n (neutral SFS per site) 
E[P_neut(1)] = 0.009098
E[P_neut(2)] = 0.004249
E[P_neut(3)] = 0.002702
E[P_neut(4)] = 0.002028
E[P_neut(5)] = 0.001596
E[P_neut(6)] = 0.001226
E[P_neut(7)] = 0.001056
E[P_neut(8)] = 0.000882
E[P_neut(9)] = 0.000761
E[P_neut(10)] = 0.000682
E[P_neut(11)] = 0.000618
E[P_neut(12)] = 0.000570
E[P_neut(13)] = 0.000549
E[P_neut(14)] = 0.000488
E[P_neut(15)] = 0.000459
E[P_neut(16)] = 0.000465
E[P_neut(17)] = 0.000400
E[P_neut(18)] = 0.000390
E[P_neut(19)] = 0.000417

---- Expected P_sel(i), 0 < i < n (selected SFS per site) 
E[P_sel(1)] = 0.003578
E[P_sel(2)] = 0.001435
E[P_sel(3)] = 0.000850
E[P_sel(4)] = 0.000610
E[P_sel(5)] = 0.000464
E[P_sel(6)] = 0.000347
E[P_sel(7)] = 0.000293
E[P_sel(8)] = 0.000240
E[P_sel(9)] = 0.000204
E[P_sel(10)] = 0.000180
E[P_sel(11)] = 0.000161
E[P_sel(12)] = 0.000147
E[P_sel(13)] = 0.000140
E[P_sel(14)] = 0.000124
E[P_sel(15)] = 0.000115
E[P_sel(16)] = 0.000116
E[P_sel(17)] = 0.000099
E[P_sel(18)] = 0.000096
E[P_sel(19)] = 0.000102

---- Expected D_neut and D_sel (neutral and selected divergence per site) 
E[D_neut] = 0.005979
E[D_sel] = 0.001448

---- Expected neutral and selected misattributed polymorphism per site
E[mis_neut] = 0.005863
E[mis_sel] = 0.001420

---- alpha_div = 1.453933
---- alpha_dfe = 0.000000



