---- Performing inference on Ns400_pa_0.000125_boots/Ns400_pa_0.000125.48.polyDFE.txt using model B

---- Warning: mutation variability is not used when only one neutral and one selected fragment is available.
---- No mutation variability. Using Poisson likelihood.

---- Using provided initial values


-- Starting local optimization
 it       eps_an        lambda        theta_bar      S_d            b             r  2          r  3          r  4          r  5          r  6          r  7          r  8          r  9          r 10          r 11          r 12          r 13          r 14          r 15          r 16          r 17          r 18          r 19          r 20         ln lk             grad     status
  0      4.50e-06       0.00500       0.00100     -400.00000       0.40000       1.00000       1.00000       1.00000       1.00000       1.00000       1.00000       1.00000       1.00000       1.00000       1.00000       1.00000       1.00000       1.00000       1.00000       1.00000       1.00000       1.00000       1.00000       1.00000  -217833.4041567314   1675.44080   -2
592      4.40e-06       0.00025       0.00911    -4700.79102       0.14328       0.94175       0.88436       0.87493       0.86522       0.80891       0.80476       0.80975       0.77204       0.75768       0.75377       0.75197       0.77405       0.75165       0.72498       0.82471       0.79832       0.78249       0.82064      12.33615  -375.0459802135      0.01723   -6
-- Local optimization: reached maximum running time allowed


---- Best joint likelihood found -375.04598 with gradient 0.01723
-- Model: B
--     eps_an        eps_cont      lambda        theta_bar     a        
--    4.40e-06      0.00e+00       0.00025       0.00911       -1.00000  
--      S_d            b             p_b           S_b      
--  -4700.79102       0.14328      0.00e+00      0.00e+00  
--     r  2          r  3          r  4          r  5          r  6          r  7          r  8          r  9          r 10          r 11          r 12          r 13          r 14          r 15          r 16          r 17          r 18          r 19          r 20     
--     0.94175       0.88436       0.87493       0.86522       0.80891       0.80476       0.80975       0.77204       0.75768       0.75377       0.75197       0.77405       0.75165       0.72498       0.82471       0.79832       0.78249       0.82064      12.33615  

---- Expected P_neut(i), 0 < i < n (neutral SFS per site) 
E[P_neut(1)] = 0.009106
E[P_neut(2)] = 0.004288
E[P_neut(3)] = 0.002684
E[P_neut(4)] = 0.001992
E[P_neut(5)] = 0.001576
E[P_neut(6)] = 0.001228
E[P_neut(7)] = 0.001047
E[P_neut(8)] = 0.000922
E[P_neut(9)] = 0.000781
E[P_neut(10)] = 0.000690
E[P_neut(11)] = 0.000624
E[P_neut(12)] = 0.000571
E[P_neut(13)] = 0.000542
E[P_neut(14)] = 0.000489
E[P_neut(15)] = 0.000440
E[P_neut(16)] = 0.000469
E[P_neut(17)] = 0.000428
E[P_neut(18)] = 0.000396
E[P_neut(19)] = 0.000393

---- Expected P_sel(i), 0 < i < n (selected SFS per site) 
E[P_sel(1)] = 0.003535
E[P_sel(2)] = 0.001442
E[P_sel(3)] = 0.000844
E[P_sel(4)] = 0.000600
E[P_sel(5)] = 0.000460
E[P_sel(6)] = 0.000350
E[P_sel(7)] = 0.000293
E[P_sel(8)] = 0.000253
E[P_sel(9)] = 0.000211
E[P_sel(10)] = 0.000184
E[P_sel(11)] = 0.000165
E[P_sel(12)] = 0.000149
E[P_sel(13)] = 0.000140
E[P_sel(14)] = 0.000125
E[P_sel(15)] = 0.000112
E[P_sel(16)] = 0.000118
E[P_sel(17)] = 0.000107
E[P_sel(18)] = 0.000099
E[P_sel(19)] = 0.000097

---- Expected D_neut and D_sel (neutral and selected divergence per site) 
E[D_neut] = 0.005863
E[D_sel] = 0.001441

---- Expected neutral and selected misattributed polymorphism per site
E[mis_neut] = 0.005617
E[mis_sel] = 0.001381

---- alpha_div = 1.224907
---- alpha_dfe = 0.000000



