---- Performing inference on Ns400_pa_0.000125_boots/Ns400_pa_0.000125.29.polyDFE.txt using model B

---- Warning: mutation variability is not used when only one neutral and one selected fragment is available.
---- No mutation variability. Using Poisson likelihood.

---- Using provided initial values


-- Starting local optimization
 it       eps_an        eps_cont      theta_bar      S_d            b             p_b           S_b           r  2          r  3          r  4          r  5          r  6          r  7          r  8          r  9          r 10          r 11          r 12          r 13          r 14          r 15          r 16          r 17          r 18          r 19         ln lk             grad     status
  0      4.50e-06      9.00e-07       0.00100     -400.00000       0.40000       0.02000       4.00000       1.00000       1.00000       1.00000       1.00000       1.00000       1.00000       1.00000       1.00000       1.00000       1.00000       1.00000       1.00000       1.00000       1.00000       1.00000       1.00000       1.00000       1.00000  -203909.3054364297   1486.92589   -2
936      4.26e-06      9.00e-07       0.00907     -889.12934       0.20008       0.00155       6.82493       0.95534       0.93373       0.94442       0.89430       0.86367       0.88363       0.82476       0.80808       0.79219       0.79858       0.79601       0.80599       0.80218       0.80018       0.83212       0.80446       0.78380       0.91763  -201.5993653774      0.00213   -3
-- Local optimization: stuck in the same solution


---- Best joint likelihood found -201.59937 with gradient 0.00213
-- Model: B
--     eps_an        eps_cont      theta_bar     a        
--    4.26e-06      9.00e-07       0.00907       -1.00000  
--      S_d            b             p_b           S_b      
--   -889.12934       0.20008       0.00155       6.82493  
--     r  2          r  3          r  4          r  5          r  6          r  7          r  8          r  9          r 10          r 11          r 12          r 13          r 14          r 15          r 16          r 17          r 18          r 19     
--     0.95534       0.93373       0.94442       0.89430       0.86367       0.88363       0.82476       0.80808       0.79219       0.79858       0.79601       0.80599       0.80218       0.80018       0.83212       0.80446       0.78380       0.91763  

---- Expected P_neut(i), 0 < i < n (neutral SFS per site) 
E[P_neut(1)] = 0.009069
E[P_neut(2)] = 0.004332
E[P_neut(3)] = 0.002823
E[P_neut(4)] = 0.002141
E[P_neut(5)] = 0.001622
E[P_neut(6)] = 0.001305
E[P_neut(7)] = 0.001145
E[P_neut(8)] = 0.000935
E[P_neut(9)] = 0.000814
E[P_neut(10)] = 0.000718
E[P_neut(11)] = 0.000658
E[P_neut(12)] = 0.000602
E[P_neut(13)] = 0.000562
E[P_neut(14)] = 0.000520
E[P_neut(15)] = 0.000484
E[P_neut(16)] = 0.000472
E[P_neut(17)] = 0.000429
E[P_neut(18)] = 0.000395
E[P_neut(19)] = 0.000438

---- Expected P_sel(i), 0 < i < n (selected SFS per site) 
E[P_sel(1)] = 0.003623
E[P_sel(2)] = 0.001417
E[P_sel(3)] = 0.000841
E[P_sel(4)] = 0.000601
E[P_sel(5)] = 0.000436
E[P_sel(6)] = 0.000339
E[P_sel(7)] = 0.000290
E[P_sel(8)] = 0.000231
E[P_sel(9)] = 0.000197
E[P_sel(10)] = 0.000171
E[P_sel(11)] = 0.000155
E[P_sel(12)] = 0.000139
E[P_sel(13)] = 0.000129
E[P_sel(14)] = 0.000118
E[P_sel(15)] = 0.000109
E[P_sel(16)] = 0.000105
E[P_sel(17)] = 0.000095
E[P_sel(18)] = 0.000087
E[P_sel(19)] = 0.000096

---- Expected neutral and selected misattributed polymorphism per site
E[mis_neut] = 0.000453
E[mis_sel] = 0.000099

---- alpha_div = 0.291085
---- alpha_dfe = 0.048418



