---- Performing inference on Ns400_pa_0.000125_boots/Ns400_pa_0.000125.4.polyDFE.txt using model B

---- Warning: mutation variability is not used when only one neutral and one selected fragment is available.
---- No mutation variability. Using Poisson likelihood.

---- Using provided initial values


-- Starting local optimization
 it       eps_an        eps_cont      lambda        theta_bar      S_d            b             p_b           S_b           r  2          r  3          r  4          r  5          r  6          r  7          r  8          r  9          r 10          r 11          r 12          r 13          r 14          r 15          r 16          r 17          r 18          r 19          r 20         ln lk             grad     status
  0      4.50e-06      9.00e-07       0.00500       0.00100     -400.00000       0.40000       0.02000       4.00000       1.00000       1.00000       1.00000       1.00000       1.00000       1.00000       1.00000       1.00000       1.00000       1.00000       1.00000       1.00000       1.00000       1.00000       1.00000       1.00000       1.00000       1.00000       1.00000  -205410.7687186972   1517.89544   -2
166      4.49e-06      9.00e-07       0.00473       0.00896     -679.45356       0.21087       0.00218      37.42909       0.97028       0.93305       0.93300       0.90765       0.85850       0.85074       0.85937       0.82338       0.79300       0.81034       0.84409       0.81340       0.85509       0.76419       0.87499       0.83484       0.80677       0.89134       1.77882  -215.0876318740      0.04805   -3
-- Local optimization: stuck in the same solution


---- Best joint likelihood found -215.08763 with gradient 0.04805
-- Model: B
--     eps_an        eps_cont      lambda        theta_bar     a        
--    4.49e-06      9.00e-07       0.00473       0.00896       -1.00000  
--      S_d            b             p_b           S_b      
--   -679.45356       0.21087       0.00218      37.42909  
--     r  2          r  3          r  4          r  5          r  6          r  7          r  8          r  9          r 10          r 11          r 12          r 13          r 14          r 15          r 16          r 17          r 18          r 19          r 20     
--     0.97028       0.93305       0.93300       0.90765       0.85850       0.85074       0.85937       0.82338       0.79300       0.81034       0.84409       0.81340       0.85509       0.76419       0.87499       0.83484       0.80677       0.89134       1.77882  

---- Expected P_neut(i), 0 < i < n (neutral SFS per site) 
E[P_neut(1)] = 0.008959
E[P_neut(2)] = 0.004346
E[P_neut(3)] = 0.002786
E[P_neut(4)] = 0.002090
E[P_neut(5)] = 0.001626
E[P_neut(6)] = 0.001282
E[P_neut(7)] = 0.001089
E[P_neut(8)] = 0.000962
E[P_neut(9)] = 0.000820
E[P_neut(10)] = 0.000710
E[P_neut(11)] = 0.000660
E[P_neut(12)] = 0.000630
E[P_neut(13)] = 0.000561
E[P_neut(14)] = 0.000547
E[P_neut(15)] = 0.000456
E[P_neut(16)] = 0.000490
E[P_neut(17)] = 0.000440
E[P_neut(18)] = 0.000402
E[P_neut(19)] = 0.000420

---- Expected P_sel(i), 0 < i < n (selected SFS per site) 
E[P_sel(1)] = 0.003644
E[P_sel(2)] = 0.001434
E[P_sel(3)] = 0.000833
E[P_sel(4)] = 0.000587
E[P_sel(5)] = 0.000437
E[P_sel(6)] = 0.000333
E[P_sel(7)] = 0.000275
E[P_sel(8)] = 0.000237
E[P_sel(9)] = 0.000198
E[P_sel(10)] = 0.000169
E[P_sel(11)] = 0.000154
E[P_sel(12)] = 0.000145
E[P_sel(13)] = 0.000128
E[P_sel(14)] = 0.000124
E[P_sel(15)] = 0.000103
E[P_sel(16)] = 0.000110
E[P_sel(17)] = 0.000099
E[P_sel(18)] = 0.000092
E[P_sel(19)] = 0.000099

---- Expected D_neut and D_sel (neutral and selected divergence per site) 
E[D_neut] = 0.005523
E[D_sel] = 0.001552

---- Expected neutral and selected misattributed polymorphism per site
E[mis_neut] = 0.000797
E[mis_sel] = 0.000201

---- alpha_div = 0.287510
---- alpha_dfe = 0.285256



