---- Performing inference on Ns400_pa_0.000125_boots/Ns400_pa_0.000125.98.polyDFE.txt using model B

---- Warning: mutation variability is not used when only one neutral and one selected fragment is available.
---- No mutation variability. Using Poisson likelihood.

---- Using provided initial values


-- Starting local optimization
 it       eps_an        lambda        theta_bar      S_d            b             r  2          r  3          r  4          r  5          r  6          r  7          r  8          r  9          r 10          r 11          r 12          r 13          r 14          r 15          r 16          r 17          r 18          r 19          r 20         ln lk             grad     status
  0      4.50e-06       0.00500       0.00100     -400.00000       0.40000       1.00000       1.00000       1.00000       1.00000       1.00000       1.00000       1.00000       1.00000       1.00000       1.00000       1.00000       1.00000       1.00000       1.00000       1.00000       1.00000       1.00000       1.00000       1.00000  -218726.3115565916   1676.82841   -2
702      4.37e-06       0.00009       0.00923    -5632.27010       0.14085       0.93007       0.90118       0.89012       0.85122       0.80439       0.78890       0.77427       0.75200       0.71806       0.73681       0.76101       0.76462       0.75097       0.73130       0.78142       0.74305       0.81983       0.82743      12.39841  -363.9927395767      0.00468   -3
-- Local optimization: stuck in the same solution


---- Best joint likelihood found -363.99274 with gradient 0.00468
-- Model: B
--     eps_an        eps_cont      lambda        theta_bar     a        
--    4.37e-06      0.00e+00       0.00009       0.00923       -1.00000  
--      S_d            b             p_b           S_b      
--  -5632.27010       0.14085      0.00e+00      0.00e+00  
--     r  2          r  3          r  4          r  5          r  6          r  7          r  8          r  9          r 10          r 11          r 12          r 13          r 14          r 15          r 16          r 17          r 18          r 19          r 20     
--     0.93007       0.90118       0.89012       0.85122       0.80439       0.78890       0.77427       0.75200       0.71806       0.73681       0.76101       0.76462       0.75097       0.73130       0.78142       0.74305       0.81983       0.82743      12.39841  

---- Expected P_neut(i), 0 < i < n (neutral SFS per site) 
E[P_neut(1)] = 0.009228
E[P_neut(2)] = 0.004291
E[P_neut(3)] = 0.002772
E[P_neut(4)] = 0.002053
E[P_neut(5)] = 0.001571
E[P_neut(6)] = 0.001237
E[P_neut(7)] = 0.001040
E[P_neut(8)] = 0.000893
E[P_neut(9)] = 0.000771
E[P_neut(10)] = 0.000663
E[P_neut(11)] = 0.000618
E[P_neut(12)] = 0.000585
E[P_neut(13)] = 0.000543
E[P_neut(14)] = 0.000495
E[P_neut(15)] = 0.000450
E[P_neut(16)] = 0.000451
E[P_neut(17)] = 0.000403
E[P_neut(18)] = 0.000420
E[P_neut(19)] = 0.000402

---- Expected P_sel(i), 0 < i < n (selected SFS per site) 
E[P_sel(1)] = 0.003540
E[P_sel(2)] = 0.001429
E[P_sel(3)] = 0.000865
E[P_sel(4)] = 0.000614
E[P_sel(5)] = 0.000456
E[P_sel(6)] = 0.000350
E[P_sel(7)] = 0.000289
E[P_sel(8)] = 0.000244
E[P_sel(9)] = 0.000208
E[P_sel(10)] = 0.000176
E[P_sel(11)] = 0.000162
E[P_sel(12)] = 0.000152
E[P_sel(13)] = 0.000140
E[P_sel(14)] = 0.000126
E[P_sel(15)] = 0.000114
E[P_sel(16)] = 0.000113
E[P_sel(17)] = 0.000101
E[P_sel(18)] = 0.000104
E[P_sel(19)] = 0.000099

---- Expected D_neut and D_sel (neutral and selected divergence per site) 
E[D_neut] = 0.005815
E[D_sel] = 0.001423

---- Expected neutral and selected misattributed polymorphism per site
E[mis_neut] = 0.005720
E[mis_sel] = 0.001400

---- alpha_div = 1.489110
---- alpha_dfe = 0.000000



