---- Performing inference on Ns400_pa_0.000125_boots/Ns400_pa_0.000125.50.polyDFE.txt using model B

---- Warning: mutation variability is not used when only one neutral and one selected fragment is available.
---- No mutation variability. Using Poisson likelihood.

---- Using provided initial values


-- Starting local optimization
 it       eps_an        eps_cont      lambda        theta_bar      S_d            b             p_b           S_b           r  2          r  3          r  4          r  5          r  6          r  7          r  8          r  9          r 10          r 11          r 12          r 13          r 14          r 15          r 16          r 17          r 18          r 19          r 20         ln lk             grad     status
  0      4.50e-06      9.00e-07       0.00500       0.00100     -400.00000       0.40000       0.02000       4.00000       1.00000       1.00000       1.00000       1.00000       1.00000       1.00000       1.00000       1.00000       1.00000       1.00000       1.00000       1.00000       1.00000       1.00000       1.00000       1.00000       1.00000       1.00000       1.00000  -205363.5609986724   1517.32255   -2
117      4.49e-06      9.00e-07       0.00501       0.00913    -1091.20312       0.19211       0.00211      37.42905       0.95392       0.90759       0.89305       0.91274       0.84733       0.82256       0.82523       0.79312       0.80636       0.79590       0.77823       0.83324       0.81204       0.77579       0.78182       0.81300       0.82373       0.83493       0.85623  -214.1877063182      0.52568   -3
-- Local optimization: stuck in the same solution


---- Best joint likelihood found -214.18771 with gradient 0.52568
-- Model: B
--     eps_an        eps_cont      lambda        theta_bar     a        
--    4.49e-06      9.00e-07       0.00501       0.00913       -1.00000  
--      S_d            b             p_b           S_b      
--  -1091.20312       0.19211       0.00211      37.42905  
--     r  2          r  3          r  4          r  5          r  6          r  7          r  8          r  9          r 10          r 11          r 12          r 13          r 14          r 15          r 16          r 17          r 18          r 19          r 20     
--     0.95392       0.90759       0.89305       0.91274       0.84733       0.82256       0.82523       0.79312       0.80636       0.79590       0.77823       0.83324       0.81204       0.77579       0.78182       0.81300       0.82373       0.83493       0.85623  

---- Expected P_neut(i), 0 < i < n (neutral SFS per site) 
E[P_neut(1)] = 0.009132
E[P_neut(2)] = 0.004355
E[P_neut(3)] = 0.002763
E[P_neut(4)] = 0.002039
E[P_neut(5)] = 0.001667
E[P_neut(6)] = 0.001290
E[P_neut(7)] = 0.001073
E[P_neut(8)] = 0.000942
E[P_neut(9)] = 0.000805
E[P_neut(10)] = 0.000736
E[P_neut(11)] = 0.000661
E[P_neut(12)] = 0.000592
E[P_neut(13)] = 0.000585
E[P_neut(14)] = 0.000530
E[P_neut(15)] = 0.000472
E[P_neut(16)] = 0.000446
E[P_neut(17)] = 0.000437
E[P_neut(18)] = 0.000418
E[P_neut(19)] = 0.000401

---- Expected P_sel(i), 0 < i < n (selected SFS per site) 
E[P_sel(1)] = 0.003615
E[P_sel(2)] = 0.001423
E[P_sel(3)] = 0.000826
E[P_sel(4)] = 0.000576
E[P_sel(5)] = 0.000452
E[P_sel(6)] = 0.000339
E[P_sel(7)] = 0.000275
E[P_sel(8)] = 0.000236
E[P_sel(9)] = 0.000198
E[P_sel(10)] = 0.000178
E[P_sel(11)] = 0.000158
E[P_sel(12)] = 0.000140
E[P_sel(13)] = 0.000137
E[P_sel(14)] = 0.000123
E[P_sel(15)] = 0.000109
E[P_sel(16)] = 0.000103
E[P_sel(17)] = 0.000101
E[P_sel(18)] = 0.000098
E[P_sel(19)] = 0.000097

---- Expected D_neut and D_sel (neutral and selected divergence per site) 
E[D_neut] = 0.005397
E[D_sel] = 0.001553

---- Expected neutral and selected misattributed polymorphism per site
E[mis_neut] = 0.000391
E[mis_sel] = 0.000101

---- alpha_div = 0.282051
---- alpha_dfe = 0.272199



