---- Performing inference on Ns400_pa_0.000125_boots/Ns400_pa_0.000125.66.polyDFE.txt using model B

---- Warning: mutation variability is not used when only one neutral and one selected fragment is available.
---- No mutation variability. Using Poisson likelihood.

---- Using provided initial values


-- Starting local optimization
 it       eps_an        theta_bar      S_d            b             r  2          r  3          r  4          r  5          r  6          r  7          r  8          r  9          r 10          r 11          r 12          r 13          r 14          r 15          r 16          r 17          r 18          r 19         ln lk             grad     status
  0      4.50e-06       0.00100     -400.00000       0.40000       1.00000       1.00000       1.00000       1.00000       1.00000       1.00000       1.00000       1.00000       1.00000       1.00000       1.00000       1.00000       1.00000       1.00000       1.00000       1.00000       1.00000       1.00000  -213522.6146254875   1572.66700   -2
145      4.50e-06       0.00899     -702.64466       0.20844       0.97172       0.94089       0.93027       0.90427       0.85643       0.88440       0.83747       0.84871       0.78434       0.83184       0.81452       0.84630       0.84543       0.80100       0.83444       0.87551       0.86499       0.92352  -188.4653777327      0.00053   -3
-- Local optimization: stuck in the same solution


---- Best joint likelihood found -188.46538 with gradient 0.00053
-- Model: B
--     eps_an        eps_cont      theta_bar     a        
--    4.50e-06      0.00e+00       0.00899       -1.00000  
--      S_d            b             p_b           S_b      
--   -702.64466       0.20844      0.00e+00      0.00e+00  
--     r  2          r  3          r  4          r  5          r  6          r  7          r  8          r  9          r 10          r 11          r 12          r 13          r 14          r 15          r 16          r 17          r 18          r 19     
--     0.97172       0.94089       0.93027       0.90427       0.85643       0.88440       0.83747       0.84871       0.78434       0.83184       0.81452       0.84630       0.84543       0.80100       0.83444       0.87551       0.86499       0.92352  

---- Expected P_neut(i), 0 < i < n (neutral SFS per site) 
E[P_neut(1)] = 0.008992
E[P_neut(2)] = 0.004369
E[P_neut(3)] = 0.002820
E[P_neut(4)] = 0.002091
E[P_neut(5)] = 0.001626
E[P_neut(6)] = 0.001284
E[P_neut(7)] = 0.001136
E[P_neut(8)] = 0.000941
E[P_neut(9)] = 0.000848
E[P_neut(10)] = 0.000705
E[P_neut(11)] = 0.000680
E[P_neut(12)] = 0.000610
E[P_neut(13)] = 0.000585
E[P_neut(14)] = 0.000543
E[P_neut(15)] = 0.000480
E[P_neut(16)] = 0.000469
E[P_neut(17)] = 0.000463
E[P_neut(18)] = 0.000432
E[P_neut(19)] = 0.000437

---- Expected P_sel(i), 0 < i < n (selected SFS per site) 
E[P_sel(1)] = 0.003649
E[P_sel(2)] = 0.001439
E[P_sel(3)] = 0.000842
E[P_sel(4)] = 0.000586
E[P_sel(5)] = 0.000436
E[P_sel(6)] = 0.000332
E[P_sel(7)] = 0.000285
E[P_sel(8)] = 0.000230
E[P_sel(9)] = 0.000203
E[P_sel(10)] = 0.000166
E[P_sel(11)] = 0.000157
E[P_sel(12)] = 0.000139
E[P_sel(13)] = 0.000131
E[P_sel(14)] = 0.000120
E[P_sel(15)] = 0.000105
E[P_sel(16)] = 0.000102
E[P_sel(17)] = 0.000099
E[P_sel(18)] = 0.000092
E[P_sel(19)] = 0.000092

---- Expected neutral and selected misattributed polymorphism per site
E[mis_neut] = 0.000450
E[mis_sel] = 0.000094

---- alpha_div = 0.306582
---- alpha_dfe = 0.000000



