---- Performing inference on Ns400_pa_0.000125_boots/Ns400_pa_0.000125.92.polyDFE.txt using model B

---- Warning: mutation variability is not used when only one neutral and one selected fragment is available.
---- No mutation variability. Using Poisson likelihood.

---- Using provided initial values


-- Starting local optimization
 it       eps_an        theta_bar      S_d            b             r  2          r  3          r  4          r  5          r  6          r  7          r  8          r  9          r 10          r 11          r 12          r 13          r 14          r 15          r 16          r 17          r 18          r 19         ln lk             grad     status
  0      4.50e-06       0.00100     -400.00000       0.40000       1.00000       1.00000       1.00000       1.00000       1.00000       1.00000       1.00000       1.00000       1.00000       1.00000       1.00000       1.00000       1.00000       1.00000       1.00000       1.00000       1.00000       1.00000  -212230.3819028745   1567.84893   -2
158      4.50e-06       0.00906    -1110.14991       0.18853       0.94722       0.94579       0.90192       0.89428       0.84558       0.85387       0.79225       0.79524       0.79998       0.79895       0.81093       0.85106       0.76860       0.76975       0.81559       0.85640       0.83985       0.88992  -193.7277273562      0.00072   -3
-- Local optimization: stuck in the same solution


---- Best joint likelihood found -193.72773 with gradient 0.00072
-- Model: B
--     eps_an        eps_cont      theta_bar     a        
--    4.50e-06      0.00e+00       0.00906       -1.00000  
--      S_d            b             p_b           S_b      
--  -1110.14991       0.18853      0.00e+00      0.00e+00  
--     r  2          r  3          r  4          r  5          r  6          r  7          r  8          r  9          r 10          r 11          r 12          r 13          r 14          r 15          r 16          r 17          r 18          r 19     
--     0.94722       0.94579       0.90192       0.89428       0.84558       0.85387       0.79225       0.79524       0.79998       0.79895       0.81093       0.85106       0.76860       0.76975       0.81559       0.85640       0.83985       0.88992  

---- Expected P_neut(i), 0 < i < n (neutral SFS per site) 
E[P_neut(1)] = 0.009064
E[P_neut(2)] = 0.004293
E[P_neut(3)] = 0.002857
E[P_neut(4)] = 0.002044
E[P_neut(5)] = 0.001621
E[P_neut(6)] = 0.001277
E[P_neut(7)] = 0.001106
E[P_neut(8)] = 0.000898
E[P_neut(9)] = 0.000801
E[P_neut(10)] = 0.000725
E[P_neut(11)] = 0.000658
E[P_neut(12)] = 0.000612
E[P_neut(13)] = 0.000593
E[P_neut(14)] = 0.000498
E[P_neut(15)] = 0.000465
E[P_neut(16)] = 0.000462
E[P_neut(17)] = 0.000457
E[P_neut(18)] = 0.000423
E[P_neut(19)] = 0.000425

---- Expected P_sel(i), 0 < i < n (selected SFS per site) 
E[P_sel(1)] = 0.003612
E[P_sel(2)] = 0.001415
E[P_sel(3)] = 0.000862
E[P_sel(4)] = 0.000583
E[P_sel(5)] = 0.000444
E[P_sel(6)] = 0.000338
E[P_sel(7)] = 0.000285
E[P_sel(8)] = 0.000226
E[P_sel(9)] = 0.000198
E[P_sel(10)] = 0.000176
E[P_sel(11)] = 0.000158
E[P_sel(12)] = 0.000145
E[P_sel(13)] = 0.000138
E[P_sel(14)] = 0.000115
E[P_sel(15)] = 0.000106
E[P_sel(16)] = 0.000104
E[P_sel(17)] = 0.000102
E[P_sel(18)] = 0.000094
E[P_sel(19)] = 0.000093

---- Expected neutral and selected misattributed polymorphism per site
E[mis_neut] = 0.000453
E[mis_sel] = 0.000099

---- alpha_div = 0.270410
---- alpha_dfe = 0.000000



