---- Performing inference on Ns400_pa_0.000125_boots/Ns400_pa_0.000125.79.polyDFE.txt using model B

---- Warning: mutation variability is not used when only one neutral and one selected fragment is available.
---- No mutation variability. Using Poisson likelihood.

---- Using provided initial values


-- Starting local optimization
 it       eps_an        eps_cont      theta_bar      S_d            b             p_b           S_b           r  2          r  3          r  4          r  5          r  6          r  7          r  8          r  9          r 10          r 11          r 12          r 13          r 14          r 15          r 16          r 17          r 18          r 19         ln lk             grad     status
  0      4.50e-06      9.00e-07       0.00100     -400.00000       0.40000       0.02000       4.00000       1.00000       1.00000       1.00000       1.00000       1.00000       1.00000       1.00000       1.00000       1.00000       1.00000       1.00000       1.00000       1.00000       1.00000       1.00000       1.00000       1.00000       1.00000  -203149.8147532718   1484.27686   -2
711      4.40e-06      9.00e-07       0.00898     -830.65563       0.20222       0.00443       0.74561       0.95846       0.93982       0.92034       0.90420       0.86133       0.86189       0.84963       0.80981       0.80348       0.80252       0.80892       0.85803       0.80025       0.81213       0.83904       0.83469       0.85298       0.89556  -191.7041786453      0.00022   -3
-- Local optimization: stuck in the same solution


---- Best joint likelihood found -191.70418 with gradient 0.00022
-- Model: B
--     eps_an        eps_cont      theta_bar     a        
--    4.40e-06      9.00e-07       0.00898       -1.00000  
--      S_d            b             p_b           S_b      
--   -830.65563       0.20222       0.00443       0.74561  
--     r  2          r  3          r  4          r  5          r  6          r  7          r  8          r  9          r 10          r 11          r 12          r 13          r 14          r 15          r 16          r 17          r 18          r 19     
--     0.95846       0.93982       0.92034       0.90420       0.86133       0.86189       0.84963       0.80981       0.80348       0.80252       0.80892       0.85803       0.80025       0.81213       0.83904       0.83469       0.85298       0.89556  

---- Expected P_neut(i), 0 < i < n (neutral SFS per site) 
E[P_neut(1)] = 0.008983
E[P_neut(2)] = 0.004305
E[P_neut(3)] = 0.002814
E[P_neut(4)] = 0.002067
E[P_neut(5)] = 0.001624
E[P_neut(6)] = 0.001290
E[P_neut(7)] = 0.001106
E[P_neut(8)] = 0.000954
E[P_neut(9)] = 0.000808
E[P_neut(10)] = 0.000722
E[P_neut(11)] = 0.000655
E[P_neut(12)] = 0.000606
E[P_neut(13)] = 0.000593
E[P_neut(14)] = 0.000513
E[P_neut(15)] = 0.000486
E[P_neut(16)] = 0.000471
E[P_neut(17)] = 0.000441
E[P_neut(18)] = 0.000426
E[P_neut(19)] = 0.000423

---- Expected P_sel(i), 0 < i < n (selected SFS per site) 
E[P_sel(1)] = 0.003625
E[P_sel(2)] = 0.001422
E[P_sel(3)] = 0.000846
E[P_sel(4)] = 0.000586
E[P_sel(5)] = 0.000441
E[P_sel(6)] = 0.000338
E[P_sel(7)] = 0.000282
E[P_sel(8)] = 0.000238
E[P_sel(9)] = 0.000198
E[P_sel(10)] = 0.000173
E[P_sel(11)] = 0.000155
E[P_sel(12)] = 0.000141
E[P_sel(13)] = 0.000136
E[P_sel(14)] = 0.000117
E[P_sel(15)] = 0.000109
E[P_sel(16)] = 0.000105
E[P_sel(17)] = 0.000097
E[P_sel(18)] = 0.000093
E[P_sel(19)] = 0.000092

---- Expected neutral and selected misattributed polymorphism per site
E[mis_neut] = 0.000449
E[mis_sel] = 0.000097

---- alpha_div = 0.280419
---- alpha_dfe = 0.029466



