---- Performing inference on Ns400_pa_0.000125_boots/Ns400_pa_0.000125.57.polyDFE.txt using model B

---- Warning: mutation variability is not used when only one neutral and one selected fragment is available.
---- No mutation variability. Using Poisson likelihood.

---- Using provided initial values


-- Starting local optimization
 it       eps_an        theta_bar      S_d            b             r  2          r  3          r  4          r  5          r  6          r  7          r  8          r  9          r 10          r 11          r 12          r 13          r 14          r 15          r 16          r 17          r 18          r 19         ln lk             grad     status
  0      4.50e-06       0.00100     -400.00000       0.40000       1.00000       1.00000       1.00000       1.00000       1.00000       1.00000       1.00000       1.00000       1.00000       1.00000       1.00000       1.00000       1.00000       1.00000       1.00000       1.00000       1.00000       1.00000  -211572.0868820598   1563.48019   -2
224      4.50e-06       0.00908    -1019.27830       0.19246       0.95134       0.91682       0.90087       0.89524       0.85379       0.84190       0.81794       0.80535       0.78617       0.80678       0.79741       0.82889       0.80951       0.76522       0.80739       0.83686       0.83427       0.89824  -190.4276308495      0.00027   -3
-- Local optimization: stuck in the same solution


---- Best joint likelihood found -190.42763 with gradient 0.00027
-- Model: B
--     eps_an        eps_cont      theta_bar     a        
--    4.50e-06      0.00e+00       0.00908       -1.00000  
--      S_d            b             p_b           S_b      
--  -1019.27830       0.19246      0.00e+00      0.00e+00  
--     r  2          r  3          r  4          r  5          r  6          r  7          r  8          r  9          r 10          r 11          r 12          r 13          r 14          r 15          r 16          r 17          r 18          r 19     
--     0.95134       0.91682       0.90087       0.89524       0.85379       0.84190       0.81794       0.80535       0.78617       0.80678       0.79741       0.82889       0.80951       0.76522       0.80739       0.83686       0.83427       0.89824  

---- Expected P_neut(i), 0 < i < n (neutral SFS per site) 
E[P_neut(1)] = 0.009081
E[P_neut(2)] = 0.004320
E[P_neut(3)] = 0.002775
E[P_neut(4)] = 0.002045
E[P_neut(5)] = 0.001626
E[P_neut(6)] = 0.001292
E[P_neut(7)] = 0.001092
E[P_neut(8)] = 0.000928
E[P_neut(9)] = 0.000813
E[P_neut(10)] = 0.000714
E[P_neut(11)] = 0.000666
E[P_neut(12)] = 0.000603
E[P_neut(13)] = 0.000579
E[P_neut(14)] = 0.000525
E[P_neut(15)] = 0.000463
E[P_neut(16)] = 0.000458
E[P_neut(17)] = 0.000447
E[P_neut(18)] = 0.000421
E[P_neut(19)] = 0.000429

---- Expected P_sel(i), 0 < i < n (selected SFS per site) 
E[P_sel(1)] = 0.003624
E[P_sel(2)] = 0.001420
E[P_sel(3)] = 0.000833
E[P_sel(4)] = 0.000580
E[P_sel(5)] = 0.000442
E[P_sel(6)] = 0.000340
E[P_sel(7)] = 0.000280
E[P_sel(8)] = 0.000232
E[P_sel(9)] = 0.000199
E[P_sel(10)] = 0.000172
E[P_sel(11)] = 0.000158
E[P_sel(12)] = 0.000141
E[P_sel(13)] = 0.000134
E[P_sel(14)] = 0.000120
E[P_sel(15)] = 0.000105
E[P_sel(16)] = 0.000102
E[P_sel(17)] = 0.000099
E[P_sel(18)] = 0.000092
E[P_sel(19)] = 0.000093

---- Expected neutral and selected misattributed polymorphism per site
E[mis_neut] = 0.000454
E[mis_sel] = 0.000098

---- alpha_div = 0.275370
---- alpha_dfe = 0.000000



