---- Performing inference on Ns400_pa_0.000125_boots/Ns400_pa_0.000125.87.polyDFE.txt using model B

---- Warning: mutation variability is not used when only one neutral and one selected fragment is available.
---- No mutation variability. Using Poisson likelihood.

---- Using provided initial values


-- Starting local optimization
 it       eps_an        theta_bar      S_d            b             r  2          r  3          r  4          r  5          r  6          r  7          r  8          r  9          r 10          r 11          r 12          r 13          r 14          r 15          r 16          r 17          r 18          r 19         ln lk             grad     status
  0      4.50e-06       0.00100     -400.00000       0.40000       1.00000       1.00000       1.00000       1.00000       1.00000       1.00000       1.00000       1.00000       1.00000       1.00000       1.00000       1.00000       1.00000       1.00000       1.00000       1.00000       1.00000       1.00000  -210984.1630974141   1557.96897   -2
165      4.50e-06       0.00913    -1176.49511       0.19079       0.96249       0.92623       0.92142       0.89301       0.85311       0.81985       0.81113       0.81347       0.78851       0.78078       0.80380       0.85908       0.80345       0.77624       0.82418       0.82853       0.84971       0.86485  -202.6635774262      0.00065   -3
-- Local optimization: stuck in the same solution


---- Best joint likelihood found -202.66358 with gradient 0.00065
-- Model: B
--     eps_an        eps_cont      theta_bar     a        
--    4.50e-06      0.00e+00       0.00913       -1.00000  
--      S_d            b             p_b           S_b      
--  -1176.49511       0.19079      0.00e+00      0.00e+00  
--     r  2          r  3          r  4          r  5          r  6          r  7          r  8          r  9          r 10          r 11          r 12          r 13          r 14          r 15          r 16          r 17          r 18          r 19     
--     0.96249       0.92623       0.92142       0.89301       0.85311       0.81985       0.81113       0.81347       0.78851       0.78078       0.80380       0.85908       0.80345       0.77624       0.82418       0.82853       0.84971       0.86485  

---- Expected P_neut(i), 0 < i < n (neutral SFS per site) 
E[P_neut(1)] = 0.009126
E[P_neut(2)] = 0.004392
E[P_neut(3)] = 0.002818
E[P_neut(4)] = 0.002102
E[P_neut(5)] = 0.001630
E[P_neut(6)] = 0.001298
E[P_neut(7)] = 0.001069
E[P_neut(8)] = 0.000925
E[P_neut(9)] = 0.000825
E[P_neut(10)] = 0.000720
E[P_neut(11)] = 0.000648
E[P_neut(12)] = 0.000611
E[P_neut(13)] = 0.000603
E[P_neut(14)] = 0.000524
E[P_neut(15)] = 0.000472
E[P_neut(16)] = 0.000470
E[P_neut(17)] = 0.000445
E[P_neut(18)] = 0.000431
E[P_neut(19)] = 0.000415

---- Expected P_sel(i), 0 < i < n (selected SFS per site) 
E[P_sel(1)] = 0.003568
E[P_sel(2)] = 0.001416
E[P_sel(3)] = 0.000831
E[P_sel(4)] = 0.000585
E[P_sel(5)] = 0.000435
E[P_sel(6)] = 0.000335
E[P_sel(7)] = 0.000269
E[P_sel(8)] = 0.000228
E[P_sel(9)] = 0.000199
E[P_sel(10)] = 0.000171
E[P_sel(11)] = 0.000151
E[P_sel(12)] = 0.000141
E[P_sel(13)] = 0.000137
E[P_sel(14)] = 0.000118
E[P_sel(15)] = 0.000105
E[P_sel(16)] = 0.000103
E[P_sel(17)] = 0.000097
E[P_sel(18)] = 0.000093
E[P_sel(19)] = 0.000089

---- Expected neutral and selected misattributed polymorphism per site
E[mis_neut] = 0.000456
E[mis_sel] = 0.000097

---- alpha_div = 0.299021
---- alpha_dfe = 0.000000



