---- Performing inference on Ns400_pa_0.000125_boots/Ns400_pa_0.000125.22.polyDFE.txt using model B

---- Warning: mutation variability is not used when only one neutral and one selected fragment is available.
---- No mutation variability. Using Poisson likelihood.

---- Using provided initial values


-- Starting local optimization
 it       eps_an        lambda        theta_bar      S_d            b             r  2          r  3          r  4          r  5          r  6          r  7          r  8          r  9          r 10          r 11          r 12          r 13          r 14          r 15          r 16          r 17          r 18          r 19          r 20         ln lk             grad     status
  0      4.50e-06       0.00500       0.00100     -400.00000       0.40000       1.00000       1.00000       1.00000       1.00000       1.00000       1.00000       1.00000       1.00000       1.00000       1.00000       1.00000       1.00000       1.00000       1.00000       1.00000       1.00000       1.00000       1.00000       1.00000  -218368.8634195487   1673.84894   -2
784      4.37e-06       0.00008       0.00915    -3095.02906       0.15361       0.94170       0.90734       0.88033       0.86046       0.80606       0.79926       0.78003       0.77252       0.76195       0.74144       0.76209       0.76597       0.79056       0.72839       0.79465       0.79043       0.81039       0.80572      12.68498  -365.1078872367      0.01539   -6
-- Local optimization: reached maximum running time allowed


---- Best joint likelihood found -365.10789 with gradient 0.01539
-- Model: B
--     eps_an        eps_cont      lambda        theta_bar     a        
--    4.37e-06      0.00e+00       0.00008       0.00915       -1.00000  
--      S_d            b             p_b           S_b      
--  -3095.02906       0.15361      0.00e+00      0.00e+00  
--     r  2          r  3          r  4          r  5          r  6          r  7          r  8          r  9          r 10          r 11          r 12          r 13          r 14          r 15          r 16          r 17          r 18          r 19          r 20     
--     0.94170       0.90734       0.88033       0.86046       0.80606       0.79926       0.78003       0.77252       0.76195       0.74144       0.76209       0.76597       0.79056       0.72839       0.79465       0.79043       0.81039       0.80572      12.68498  

---- Expected P_neut(i), 0 < i < n (neutral SFS per site) 
E[P_neut(1)] = 0.009147
E[P_neut(2)] = 0.004307
E[P_neut(3)] = 0.002767
E[P_neut(4)] = 0.002013
E[P_neut(5)] = 0.001574
E[P_neut(6)] = 0.001229
E[P_neut(7)] = 0.001044
E[P_neut(8)] = 0.000892
E[P_neut(9)] = 0.000785
E[P_neut(10)] = 0.000697
E[P_neut(11)] = 0.000617
E[P_neut(12)] = 0.000581
E[P_neut(13)] = 0.000539
E[P_neut(14)] = 0.000517
E[P_neut(15)] = 0.000444
E[P_neut(16)] = 0.000454
E[P_neut(17)] = 0.000425
E[P_neut(18)] = 0.000412
E[P_neut(19)] = 0.000388

---- Expected P_sel(i), 0 < i < n (selected SFS per site) 
E[P_sel(1)] = 0.003577
E[P_sel(2)] = 0.001443
E[P_sel(3)] = 0.000863
E[P_sel(4)] = 0.000600
E[P_sel(5)] = 0.000454
E[P_sel(6)] = 0.000345
E[P_sel(7)] = 0.000287
E[P_sel(8)] = 0.000241
E[P_sel(9)] = 0.000208
E[P_sel(10)] = 0.000182
E[P_sel(11)] = 0.000159
E[P_sel(12)] = 0.000148
E[P_sel(13)] = 0.000136
E[P_sel(14)] = 0.000129
E[P_sel(15)] = 0.000110
E[P_sel(16)] = 0.000112
E[P_sel(17)] = 0.000104
E[P_sel(18)] = 0.000100
E[P_sel(19)] = 0.000093

---- Expected D_neut and D_sel (neutral and selected divergence per site) 
E[D_neut] = 0.005886
E[D_sel] = 0.001409

---- Expected neutral and selected misattributed polymorphism per site
E[mis_neut] = 0.005802
E[mis_sel] = 0.001389

---- alpha_div = 1.504923
---- alpha_dfe = 0.000000



