---- Performing inference on Ns400_pa_0.000125_boots/Ns400_pa_0.000125.84.polyDFE.txt using model B

---- Warning: mutation variability is not used when only one neutral and one selected fragment is available.
---- No mutation variability. Using Poisson likelihood.

---- Using provided initial values


-- Starting local optimization
 it       eps_an        eps_cont      theta_bar      S_d            b             p_b           S_b           r  2          r  3          r  4          r  5          r  6          r  7          r  8          r  9          r 10          r 11          r 12          r 13          r 14          r 15          r 16          r 17          r 18          r 19         ln lk             grad     status
  0      4.50e-06      9.00e-07       0.00100     -400.00000       0.40000       0.02000       4.00000       1.00000       1.00000       1.00000       1.00000       1.00000       1.00000       1.00000       1.00000       1.00000       1.00000       1.00000       1.00000       1.00000       1.00000       1.00000       1.00000       1.00000       1.00000  -203945.0984706189   1487.07906   -2
633      4.55e-06      9.00e-07       0.00907     -813.10482       0.20422       0.00170     104.59762       0.96347       0.92712       0.92223       0.89505       0.86551       0.85161       0.81473       0.80271       0.78390       0.82738       0.80072       0.84169       0.80782       0.77849       0.81198       0.82950       0.84954       0.89015  -199.4724414487      0.00119   -3
-- Local optimization: stuck in the same solution


---- Best joint likelihood found -199.47244 with gradient 0.00119
-- Model: B
--     eps_an        eps_cont      theta_bar     a        
--    4.55e-06      9.00e-07       0.00907       -1.00000  
--      S_d            b             p_b           S_b      
--   -813.10482       0.20422       0.00170     104.59762  
--     r  2          r  3          r  4          r  5          r  6          r  7          r  8          r  9          r 10          r 11          r 12          r 13          r 14          r 15          r 16          r 17          r 18          r 19     
--     0.96347       0.92712       0.92223       0.89505       0.86551       0.85161       0.81473       0.80271       0.78390       0.82738       0.80072       0.84169       0.80782       0.77849       0.81198       0.82950       0.84954       0.89015  

---- Expected P_neut(i), 0 < i < n (neutral SFS per site) 
E[P_neut(1)] = 0.009074
E[P_neut(2)] = 0.004371
E[P_neut(3)] = 0.002804
E[P_neut(4)] = 0.002092
E[P_neut(5)] = 0.001624
E[P_neut(6)] = 0.001309
E[P_neut(7)] = 0.001104
E[P_neut(8)] = 0.000924
E[P_neut(9)] = 0.000809
E[P_neut(10)] = 0.000711
E[P_neut(11)] = 0.000683
E[P_neut(12)] = 0.000605
E[P_neut(13)] = 0.000588
E[P_neut(14)] = 0.000524
E[P_neut(15)] = 0.000471
E[P_neut(16)] = 0.000461
E[P_neut(17)] = 0.000443
E[P_neut(18)] = 0.000428
E[P_neut(19)] = 0.000425

---- Expected P_sel(i), 0 < i < n (selected SFS per site) 
E[P_sel(1)] = 0.003638
E[P_sel(2)] = 0.001429
E[P_sel(3)] = 0.000834
E[P_sel(4)] = 0.000585
E[P_sel(5)] = 0.000435
E[P_sel(6)] = 0.000339
E[P_sel(7)] = 0.000278
E[P_sel(8)] = 0.000227
E[P_sel(9)] = 0.000195
E[P_sel(10)] = 0.000169
E[P_sel(11)] = 0.000159
E[P_sel(12)] = 0.000140
E[P_sel(13)] = 0.000134
E[P_sel(14)] = 0.000118
E[P_sel(15)] = 0.000106
E[P_sel(16)] = 0.000103
E[P_sel(17)] = 0.000099
E[P_sel(18)] = 0.000098
E[P_sel(19)] = 0.000103

---- Expected neutral and selected misattributed polymorphism per site
E[mis_neut] = 0.000454
E[mis_sel] = 0.000123

---- alpha_div = 0.306640
---- alpha_dfe = 0.463602



