---- Performing inference on Ns400_pa_0.000125_boots/Ns400_pa_0.000125.20.polyDFE.txt using model B

---- Warning: mutation variability is not used when only one neutral and one selected fragment is available.
---- No mutation variability. Using Poisson likelihood.

---- Using provided initial values


-- Starting local optimization
 it       eps_an        lambda        theta_bar      S_d            b             r  2          r  3          r  4          r  5          r  6          r  7          r  8          r  9          r 10          r 11          r 12          r 13          r 14          r 15          r 16          r 17          r 18          r 19          r 20         ln lk             grad     status
  0      4.50e-06       0.00500       0.00100     -400.00000       0.40000       1.00000       1.00000       1.00000       1.00000       1.00000       1.00000       1.00000       1.00000       1.00000       1.00000       1.00000       1.00000       1.00000       1.00000       1.00000       1.00000       1.00000       1.00000       1.00000  -218844.5488863699   1679.91529   -2
830      4.24e-06       0.00006       0.00914    -3923.18841       0.14684       0.93581       0.89314       0.87794       0.85793       0.79689       0.80549       0.79944       0.73941       0.74777       0.77065       0.75502       0.78819       0.75711       0.78283       0.77399       0.75447       0.77671       0.83719      12.73907  -402.8190402982      0.02588   -6
-- Local optimization: reached maximum running time allowed


---- Best joint likelihood found -402.81904 with gradient 0.02588
-- Model: B
--     eps_an        eps_cont      lambda        theta_bar     a        
--    4.24e-06      0.00e+00       0.00006       0.00914       -1.00000  
--      S_d            b             p_b           S_b      
--  -3923.18841       0.14684      0.00e+00      0.00e+00  
--     r  2          r  3          r  4          r  5          r  6          r  7          r  8          r  9          r 10          r 11          r 12          r 13          r 14          r 15          r 16          r 17          r 18          r 19          r 20     
--     0.93581       0.89314       0.87794       0.85793       0.79689       0.80549       0.79944       0.73941       0.74777       0.77065       0.75502       0.78819       0.75711       0.78283       0.77399       0.75447       0.77671       0.83719      12.73907  

---- Expected P_neut(i), 0 < i < n (neutral SFS per site) 
E[P_neut(1)] = 0.009140
E[P_neut(2)] = 0.004277
E[P_neut(3)] = 0.002721
E[P_neut(4)] = 0.002006
E[P_neut(5)] = 0.001568
E[P_neut(6)] = 0.001214
E[P_neut(7)] = 0.001052
E[P_neut(8)] = 0.000913
E[P_neut(9)] = 0.000751
E[P_neut(10)] = 0.000683
E[P_neut(11)] = 0.000640
E[P_neut(12)] = 0.000575
E[P_neut(13)] = 0.000554
E[P_neut(14)] = 0.000494
E[P_neut(15)] = 0.000477
E[P_neut(16)] = 0.000442
E[P_neut(17)] = 0.000406
E[P_neut(18)] = 0.000394
E[P_neut(19)] = 0.000403

---- Expected P_sel(i), 0 < i < n (selected SFS per site) 
E[P_sel(1)] = 0.003573
E[P_sel(2)] = 0.001443
E[P_sel(3)] = 0.000857
E[P_sel(4)] = 0.000605
E[P_sel(5)] = 0.000458
E[P_sel(6)] = 0.000346
E[P_sel(7)] = 0.000293
E[P_sel(8)] = 0.000250
E[P_sel(9)] = 0.000203
E[P_sel(10)] = 0.000182
E[P_sel(11)] = 0.000169
E[P_sel(12)] = 0.000150
E[P_sel(13)] = 0.000143
E[P_sel(14)] = 0.000126
E[P_sel(15)] = 0.000121
E[P_sel(16)] = 0.000111
E[P_sel(17)] = 0.000101
E[P_sel(18)] = 0.000098
E[P_sel(19)] = 0.000099

---- Expected D_neut and D_sel (neutral and selected divergence per site) 
E[D_neut] = 0.005880
E[D_sel] = 0.001438

---- Expected neutral and selected misattributed polymorphism per site
E[mis_neut] = 0.005822
E[mis_sel] = 0.001424

---- alpha_div = 1.589536
---- alpha_dfe = 0.000000



