---- Performing inference on Ns400_pa_0.000125_boots/Ns400_pa_0.000125.54.polyDFE.txt using model B

---- Warning: mutation variability is not used when only one neutral and one selected fragment is available.
---- No mutation variability. Using Poisson likelihood.

---- Using provided initial values


-- Starting local optimization
 it       eps_an        eps_cont      lambda        theta_bar      S_d            b             p_b           S_b           r  2          r  3          r  4          r  5          r  6          r  7          r  8          r  9          r 10          r 11          r 12          r 13          r 14          r 15          r 16          r 17          r 18          r 19          r 20         ln lk             grad     status
  0      4.50e-06      9.00e-07       0.00500       0.00100     -400.00000       0.40000       0.02000       4.00000       1.00000       1.00000       1.00000       1.00000       1.00000       1.00000       1.00000       1.00000       1.00000       1.00000       1.00000       1.00000       1.00000       1.00000       1.00000       1.00000       1.00000       1.00000       1.00000  -205709.3395475133   1518.60307   -2
 97      4.49e-06      9.00e-07       0.00504       0.00900     -636.11580       0.21488       0.00236      37.42982       0.96346       0.92432       0.93374       0.92262       0.88214       0.84284       0.82898       0.82259       0.81186       0.79801       0.79485       0.85061       0.79625       0.81257       0.84873       0.80077       0.86691       0.88533       0.81460  -218.4949603895      0.09794   -3
-- Local optimization: stuck in the same solution


---- Best joint likelihood found -218.49496 with gradient 0.09794
-- Model: B
--     eps_an        eps_cont      lambda        theta_bar     a        
--    4.49e-06      9.00e-07       0.00504       0.00900       -1.00000  
--      S_d            b             p_b           S_b      
--   -636.11580       0.21488       0.00236      37.42982  
--     r  2          r  3          r  4          r  5          r  6          r  7          r  8          r  9          r 10          r 11          r 12          r 13          r 14          r 15          r 16          r 17          r 18          r 19          r 20     
--     0.96346       0.92432       0.93374       0.92262       0.88214       0.84284       0.82898       0.82259       0.81186       0.79801       0.79485       0.85061       0.79625       0.81257       0.84873       0.80077       0.86691       0.88533       0.81460  

---- Expected P_neut(i), 0 < i < n (neutral SFS per site) 
E[P_neut(1)] = 0.008997
E[P_neut(2)] = 0.004334
E[P_neut(3)] = 0.002772
E[P_neut(4)] = 0.002100
E[P_neut(5)] = 0.001660
E[P_neut(6)] = 0.001323
E[P_neut(7)] = 0.001083
E[P_neut(8)] = 0.000932
E[P_neut(9)] = 0.000822
E[P_neut(10)] = 0.000730
E[P_neut(11)] = 0.000653
E[P_neut(12)] = 0.000596
E[P_neut(13)] = 0.000589
E[P_neut(14)] = 0.000512
E[P_neut(15)] = 0.000487
E[P_neut(16)] = 0.000477
E[P_neut(17)] = 0.000424
E[P_neut(18)] = 0.000433
E[P_neut(19)] = 0.000419

---- Expected P_sel(i), 0 < i < n (selected SFS per site) 
E[P_sel(1)] = 0.003664
E[P_sel(2)] = 0.001426
E[P_sel(3)] = 0.000825
E[P_sel(4)] = 0.000587
E[P_sel(5)] = 0.000443
E[P_sel(6)] = 0.000341
E[P_sel(7)] = 0.000271
E[P_sel(8)] = 0.000228
E[P_sel(9)] = 0.000197
E[P_sel(10)] = 0.000172
E[P_sel(11)] = 0.000151
E[P_sel(12)] = 0.000136
E[P_sel(13)] = 0.000133
E[P_sel(14)] = 0.000115
E[P_sel(15)] = 0.000109
E[P_sel(16)] = 0.000107
E[P_sel(17)] = 0.000095
E[P_sel(18)] = 0.000099
E[P_sel(19)] = 0.000099

---- Expected D_neut and D_sel (neutral and selected divergence per site) 
E[D_neut] = 0.005404
E[D_sel] = 0.001556

---- Expected neutral and selected misattributed polymorphism per site
E[mis_neut] = 0.000366
E[mis_sel] = 0.000093

---- alpha_div = 0.306425
---- alpha_dfe = 0.304682



