---- Performing inference on Ns400_pa_0.000125_boots/Ns400_pa_0.000125.64.polyDFE.txt using model B

---- Warning: mutation variability is not used when only one neutral and one selected fragment is available.
---- No mutation variability. Using Poisson likelihood.

---- Using provided initial values


-- Starting local optimization
 it       eps_an        lambda        theta_bar      S_d            b             r  2          r  3          r  4          r  5          r  6          r  7          r  8          r  9          r 10          r 11          r 12          r 13          r 14          r 15          r 16          r 17          r 18          r 19          r 20         ln lk             grad     status
  0      4.50e-06       0.00500       0.00100     -400.00000       0.40000       1.00000       1.00000       1.00000       1.00000       1.00000       1.00000       1.00000       1.00000       1.00000       1.00000       1.00000       1.00000       1.00000       1.00000       1.00000       1.00000       1.00000       1.00000       1.00000  -220333.9970893642   1686.62044   -2
198      4.50e-06       0.00542       0.00915    -3737.02637       0.14856       0.94442       0.90787       0.88153       0.87749       0.82394       0.80377       0.79553       0.77157       0.74916       0.73916       0.78113       0.77974       0.71763       0.71791       0.81321       0.78492       0.83084       0.85065       1.09135  -343.1431489988      0.01685   -3
-- Local optimization: stuck in the same solution


---- Best joint likelihood found -343.14315 with gradient 0.01685
-- Model: B
--     eps_an        eps_cont      lambda        theta_bar     a        
--    4.50e-06      0.00e+00       0.00542       0.00915       -1.00000  
--      S_d            b             p_b           S_b      
--  -3737.02637       0.14856      0.00e+00      0.00e+00  
--     r  2          r  3          r  4          r  5          r  6          r  7          r  8          r  9          r 10          r 11          r 12          r 13          r 14          r 15          r 16          r 17          r 18          r 19          r 20     
--     0.94442       0.90787       0.88153       0.87749       0.82394       0.80377       0.79553       0.77157       0.74916       0.73916       0.78113       0.77974       0.71763       0.71791       0.81321       0.78492       0.83084       0.85065       1.09135  

---- Expected P_neut(i), 0 < i < n (neutral SFS per site) 
E[P_neut(1)] = 0.009146
E[P_neut(2)] = 0.004319
E[P_neut(3)] = 0.002768
E[P_neut(4)] = 0.002016
E[P_neut(5)] = 0.001605
E[P_neut(6)] = 0.001256
E[P_neut(7)] = 0.001050
E[P_neut(8)] = 0.000909
E[P_neut(9)] = 0.000784
E[P_neut(10)] = 0.000685
E[P_neut(11)] = 0.000615
E[P_neut(12)] = 0.000595
E[P_neut(13)] = 0.000549
E[P_neut(14)] = 0.000469
E[P_neut(15)] = 0.000438
E[P_neut(16)] = 0.000465
E[P_neut(17)] = 0.000422
E[P_neut(18)] = 0.000422
E[P_neut(19)] = 0.000410

---- Expected P_sel(i), 0 < i < n (selected SFS per site) 
E[P_sel(1)] = 0.003568
E[P_sel(2)] = 0.001451
E[P_sel(3)] = 0.000868
E[P_sel(4)] = 0.000605
E[P_sel(5)] = 0.000466
E[P_sel(6)] = 0.000356
E[P_sel(7)] = 0.000291
E[P_sel(8)] = 0.000248
E[P_sel(9)] = 0.000210
E[P_sel(10)] = 0.000181
E[P_sel(11)] = 0.000161
E[P_sel(12)] = 0.000154
E[P_sel(13)] = 0.000140
E[P_sel(14)] = 0.000119
E[P_sel(15)] = 0.000110
E[P_sel(16)] = 0.000116
E[P_sel(17)] = 0.000105
E[P_sel(18)] = 0.000104
E[P_sel(19)] = 0.000100

---- Expected D_neut and D_sel (neutral and selected divergence per site) 
E[D_neut] = 0.005916
E[D_sel] = 0.001428

---- Expected neutral and selected misattributed polymorphism per site
E[mis_neut] = 0.000499
E[mis_sel] = 0.000121

---- alpha_div = 0.153492
---- alpha_dfe = 0.000000



