---- Performing inference on Ns400_pa_0.000125_boots/Ns400_pa_0.000125.66.polyDFE.txt using model B

---- Warning: mutation variability is not used when only one neutral and one selected fragment is available.
---- No mutation variability. Using Poisson likelihood.

---- Using provided initial values


-- Starting local optimization
 it       eps_an        eps_cont      theta_bar      S_d            b             p_b           S_b           r  2          r  3          r  4          r  5          r  6          r  7          r  8          r  9          r 10          r 11          r 12          r 13          r 14          r 15          r 16          r 17          r 18          r 19         ln lk             grad     status
  0      4.50e-06      9.00e-07       0.00100     -400.00000       0.40000       0.02000       4.00000       1.00000       1.00000       1.00000       1.00000       1.00000       1.00000       1.00000       1.00000       1.00000       1.00000       1.00000       1.00000       1.00000       1.00000       1.00000       1.00000       1.00000       1.00000  -204532.0455377374   1490.15358   -2
1030      4.74e-06      9.01e-07       0.00898     -655.95955       0.21263       0.00087      37.42994       0.97339       0.94316       0.93282       0.90691       0.85898       0.88703       0.83991       0.85109       0.78637       0.83377       0.81610       0.84751       0.84603       0.80078       0.83298       0.87192       0.85814       0.90998  -187.9021710213      0.00430   -3
-- Local optimization: stuck in the same solution


---- Best joint likelihood found -187.90217 with gradient 0.00430
-- Model: B
--     eps_an        eps_cont      theta_bar     a        
--    4.74e-06      9.01e-07       0.00898       -1.00000  
--      S_d            b             p_b           S_b      
--   -655.95955       0.21263       0.00087      37.42994  
--     r  2          r  3          r  4          r  5          r  6          r  7          r  8          r  9          r 10          r 11          r 12          r 13          r 14          r 15          r 16          r 17          r 18          r 19     
--     0.97339       0.94316       0.93282       0.90691       0.85898       0.88703       0.83991       0.85109       0.78637       0.83377       0.81610       0.84751       0.84603       0.80078       0.83298       0.87192       0.85814       0.90998  

---- Expected P_neut(i), 0 < i < n (neutral SFS per site) 
E[P_neut(1)] = 0.008983
E[P_neut(2)] = 0.004372
E[P_neut(3)] = 0.002824
E[P_neut(4)] = 0.002095
E[P_neut(5)] = 0.001629
E[P_neut(6)] = 0.001286
E[P_neut(7)] = 0.001138
E[P_neut(8)] = 0.000943
E[P_neut(9)] = 0.000849
E[P_neut(10)] = 0.000706
E[P_neut(11)] = 0.000681
E[P_neut(12)] = 0.000611
E[P_neut(13)] = 0.000586
E[P_neut(14)] = 0.000543
E[P_neut(15)] = 0.000480
E[P_neut(16)] = 0.000468
E[P_neut(17)] = 0.000461
E[P_neut(18)] = 0.000428
E[P_neut(19)] = 0.000430

---- Expected P_sel(i), 0 < i < n (selected SFS per site) 
E[P_sel(1)] = 0.003652
E[P_sel(2)] = 0.001438
E[P_sel(3)] = 0.000841
E[P_sel(4)] = 0.000585
E[P_sel(5)] = 0.000435
E[P_sel(6)] = 0.000331
E[P_sel(7)] = 0.000284
E[P_sel(8)] = 0.000230
E[P_sel(9)] = 0.000203
E[P_sel(10)] = 0.000165
E[P_sel(11)] = 0.000157
E[P_sel(12)] = 0.000139
E[P_sel(13)] = 0.000131
E[P_sel(14)] = 0.000120
E[P_sel(15)] = 0.000105
E[P_sel(16)] = 0.000102
E[P_sel(17)] = 0.000100
E[P_sel(18)] = 0.000093
E[P_sel(19)] = 0.000094

---- Expected neutral and selected misattributed polymorphism per site
E[mis_neut] = 0.000449
E[mis_sel] = 0.000101

---- alpha_div = 0.312788
---- alpha_dfe = 0.137840



