---- Performing inference on Ns400_pa_0.000125_boots/Ns400_pa_0.000125.39.polyDFE.txt using model B

---- Warning: mutation variability is not used when only one neutral and one selected fragment is available.
---- No mutation variability. Using Poisson likelihood.

---- Using provided initial values


-- Starting local optimization
 it       eps_an        eps_cont      lambda        theta_bar      S_d            b             p_b           S_b           r  2          r  3          r  4          r  5          r  6          r  7          r  8          r  9          r 10          r 11          r 12          r 13          r 14          r 15          r 16          r 17          r 18          r 19          r 20         ln lk             grad     status
  0      4.50e-06      9.00e-07       0.00500       0.00100     -400.00000       0.40000       0.02000       4.00000       1.00000       1.00000       1.00000       1.00000       1.00000       1.00000       1.00000       1.00000       1.00000       1.00000       1.00000       1.00000       1.00000       1.00000       1.00000       1.00000       1.00000       1.00000       1.00000  -205856.8127204629   1519.51472   -2
 91      4.50e-06      9.00e-07       0.00500       0.00896     -615.17875       0.21758       0.00247      37.42494       0.96668       0.93730       0.93322       0.93259       0.86801       0.87697       0.87235       0.83398       0.84819       0.80394       0.82616       0.82806       0.78633       0.82394       0.85121       0.87418       0.82751       0.89493       0.91390  -212.7232410989      0.29402   -3
-- Local optimization: stuck in the same solution


---- Best joint likelihood found -212.72324 with gradient 0.29402
-- Model: B
--     eps_an        eps_cont      lambda        theta_bar     a        
--    4.50e-06      9.00e-07       0.00500       0.00896       -1.00000  
--      S_d            b             p_b           S_b      
--   -615.17875       0.21758       0.00247      37.42494  
--     r  2          r  3          r  4          r  5          r  6          r  7          r  8          r  9          r 10          r 11          r 12          r 13          r 14          r 15          r 16          r 17          r 18          r 19          r 20     
--     0.96668       0.93730       0.93322       0.93259       0.86801       0.87697       0.87235       0.83398       0.84819       0.80394       0.82616       0.82806       0.78633       0.82394       0.85121       0.87418       0.82751       0.89493       0.91390  

---- Expected P_neut(i), 0 < i < n (neutral SFS per site) 
E[P_neut(1)] = 0.008959
E[P_neut(2)] = 0.004330
E[P_neut(3)] = 0.002799
E[P_neut(4)] = 0.002090
E[P_neut(5)] = 0.001671
E[P_neut(6)] = 0.001296
E[P_neut(7)] = 0.001122
E[P_neut(8)] = 0.000977
E[P_neut(9)] = 0.000830
E[P_neut(10)] = 0.000760
E[P_neut(11)] = 0.000655
E[P_neut(12)] = 0.000617
E[P_neut(13)] = 0.000571
E[P_neut(14)] = 0.000503
E[P_neut(15)] = 0.000492
E[P_neut(16)] = 0.000477
E[P_neut(17)] = 0.000461
E[P_neut(18)] = 0.000412
E[P_neut(19)] = 0.000422

---- Expected P_sel(i), 0 < i < n (selected SFS per site) 
E[P_sel(1)] = 0.003644
E[P_sel(2)] = 0.001420
E[P_sel(3)] = 0.000829
E[P_sel(4)] = 0.000581
E[P_sel(5)] = 0.000443
E[P_sel(6)] = 0.000332
E[P_sel(7)] = 0.000279
E[P_sel(8)] = 0.000237
E[P_sel(9)] = 0.000197
E[P_sel(10)] = 0.000177
E[P_sel(11)] = 0.000151
E[P_sel(12)] = 0.000140
E[P_sel(13)] = 0.000128
E[P_sel(14)] = 0.000112
E[P_sel(15)] = 0.000109
E[P_sel(16)] = 0.000106
E[P_sel(17)] = 0.000103
E[P_sel(18)] = 0.000094
E[P_sel(19)] = 0.000100

---- Expected D_neut and D_sel (neutral and selected divergence per site) 
E[D_neut] = 0.005405
E[D_sel] = 0.001564

---- Expected neutral and selected misattributed polymorphism per site
E[mis_neut] = 0.000409
E[mis_sel] = 0.000104

---- alpha_div = 0.319723
---- alpha_dfe = 0.316300



