---- Performing inference on Ns400_pa_0.000125_boots/Ns400_pa_0.000125.11.polyDFE.txt using model B

---- Warning: mutation variability is not used when only one neutral and one selected fragment is available.
---- No mutation variability. Using Poisson likelihood.

---- Using provided initial values


-- Starting local optimization
 it       eps_an        eps_cont      theta_bar      S_d            b             p_b           S_b           r  2          r  3          r  4          r  5          r  6          r  7          r  8          r  9          r 10          r 11          r 12          r 13          r 14          r 15          r 16          r 17          r 18          r 19         ln lk             grad     status
  0      4.50e-06      9.00e-07       0.00100     -400.00000       0.40000       0.02000       4.00000       1.00000       1.00000       1.00000       1.00000       1.00000       1.00000       1.00000       1.00000       1.00000       1.00000       1.00000       1.00000       1.00000       1.00000       1.00000       1.00000       1.00000       1.00000  -204654.3974338825   1490.78545   -2
827      4.48e-06      9.00e-07       0.00910     -991.42240       0.19446       0.00048       0.16909       0.94973       0.92708       0.92502       0.89069       0.85608       0.84384       0.87136       0.81463       0.80069       0.79033       0.82877       0.83566       0.78755       0.76446       0.82136       0.87203       0.81519       0.89223  -201.5335643167      0.00038   -3
-- Local optimization: stuck in the same solution


---- Best joint likelihood found -201.53356 with gradient 0.00038
-- Model: B
--     eps_an        eps_cont      theta_bar     a        
--    4.48e-06      9.00e-07       0.00910       -1.00000  
--      S_d            b             p_b           S_b      
--   -991.42240       0.19446       0.00048       0.16909  
--     r  2          r  3          r  4          r  5          r  6          r  7          r  8          r  9          r 10          r 11          r 12          r 13          r 14          r 15          r 16          r 17          r 18          r 19     
--     0.94973       0.92708       0.92502       0.89069       0.85608       0.84384       0.87136       0.81463       0.80069       0.79033       0.82877       0.83566       0.78755       0.76446       0.82136       0.87203       0.81519       0.89223  

---- Expected P_neut(i), 0 < i < n (neutral SFS per site) 
E[P_neut(1)] = 0.009104
E[P_neut(2)] = 0.004323
E[P_neut(3)] = 0.002813
E[P_neut(4)] = 0.002105
E[P_neut(5)] = 0.001622
E[P_neut(6)] = 0.001299
E[P_neut(7)] = 0.001097
E[P_neut(8)] = 0.000992
E[P_neut(9)] = 0.000824
E[P_neut(10)] = 0.000729
E[P_neut(11)] = 0.000654
E[P_neut(12)] = 0.000629
E[P_neut(13)] = 0.000585
E[P_neut(14)] = 0.000512
E[P_neut(15)] = 0.000464
E[P_neut(16)] = 0.000467
E[P_neut(17)] = 0.000467
E[P_neut(18)] = 0.000412
E[P_neut(19)] = 0.000428

---- Expected P_sel(i), 0 < i < n (selected SFS per site) 
E[P_sel(1)] = 0.003628
E[P_sel(2)] = 0.001417
E[P_sel(3)] = 0.000842
E[P_sel(4)] = 0.000594
E[P_sel(5)] = 0.000439
E[P_sel(6)] = 0.000340
E[P_sel(7)] = 0.000279
E[P_sel(8)] = 0.000247
E[P_sel(9)] = 0.000201
E[P_sel(10)] = 0.000175
E[P_sel(11)] = 0.000154
E[P_sel(12)] = 0.000146
E[P_sel(13)] = 0.000134
E[P_sel(14)] = 0.000116
E[P_sel(15)] = 0.000104
E[P_sel(16)] = 0.000104
E[P_sel(17)] = 0.000103
E[P_sel(18)] = 0.000090
E[P_sel(19)] = 0.000092

---- Expected neutral and selected misattributed polymorphism per site
E[mis_neut] = 0.000455
E[mis_sel] = 0.000097

---- alpha_div = 0.276969
---- alpha_dfe = 0.002471



