---- Performing inference on Ns400_pa_0.000125_boots/Ns400_pa_0.000125.98.polyDFE.txt using model B

---- Warning: mutation variability is not used when only one neutral and one selected fragment is available.
---- No mutation variability. Using Poisson likelihood.

---- Using provided initial values


-- Starting local optimization
 it       eps_an        theta_bar      S_d            b             r  2          r  3          r  4          r  5          r  6          r  7          r  8          r  9          r 10          r 11          r 12          r 13          r 14          r 15          r 16          r 17          r 18          r 19         ln lk             grad     status
  0      4.50e-06       0.00100     -400.00000       0.40000       1.00000       1.00000       1.00000       1.00000       1.00000       1.00000       1.00000       1.00000       1.00000       1.00000       1.00000       1.00000       1.00000       1.00000       1.00000       1.00000       1.00000       1.00000  -211313.0626809156   1561.96586   -2
155      4.50e-06       0.00907    -1130.40176       0.18933       0.95456       0.93508       0.92954       0.89287       0.84655       0.83242       0.81873       0.79662       0.76185       0.78283       0.80953       0.81423       0.80048       0.78023       0.83439       0.79398       0.87669       0.88535  -195.0007635136      0.00051   -3
-- Local optimization: stuck in the same solution


---- Best joint likelihood found -195.00076 with gradient 0.00051
-- Model: B
--     eps_an        eps_cont      theta_bar     a        
--    4.50e-06      0.00e+00       0.00907       -1.00000  
--      S_d            b             p_b           S_b      
--  -1130.40176       0.18933      0.00e+00      0.00e+00  
--     r  2          r  3          r  4          r  5          r  6          r  7          r  8          r  9          r 10          r 11          r 12          r 13          r 14          r 15          r 16          r 17          r 18          r 19     
--     0.95456       0.93508       0.92954       0.89287       0.84655       0.83242       0.81873       0.79662       0.76185       0.78283       0.80953       0.81423       0.80048       0.78023       0.83439       0.79398       0.87669       0.88535  

---- Expected P_neut(i), 0 < i < n (neutral SFS per site) 
E[P_neut(1)] = 0.009070
E[P_neut(2)] = 0.004329
E[P_neut(3)] = 0.002827
E[P_neut(4)] = 0.002108
E[P_neut(5)] = 0.001620
E[P_neut(6)] = 0.001280
E[P_neut(7)] = 0.001079
E[P_neut(8)] = 0.000928
E[P_neut(9)] = 0.000803
E[P_neut(10)] = 0.000691
E[P_neut(11)] = 0.000646
E[P_neut(12)] = 0.000612
E[P_neut(13)] = 0.000568
E[P_neut(14)] = 0.000519
E[P_neut(15)] = 0.000472
E[P_neut(16)] = 0.000473
E[P_neut(17)] = 0.000424
E[P_neut(18)] = 0.000442
E[P_neut(19)] = 0.000423

---- Expected P_sel(i), 0 < i < n (selected SFS per site) 
E[P_sel(1)] = 0.003592
E[P_sel(2)] = 0.001417
E[P_sel(3)] = 0.000846
E[P_sel(4)] = 0.000596
E[P_sel(5)] = 0.000440
E[P_sel(6)] = 0.000336
E[P_sel(7)] = 0.000276
E[P_sel(8)] = 0.000232
E[P_sel(9)] = 0.000197
E[P_sel(10)] = 0.000167
E[P_sel(11)] = 0.000153
E[P_sel(12)] = 0.000143
E[P_sel(13)] = 0.000131
E[P_sel(14)] = 0.000118
E[P_sel(15)] = 0.000107
E[P_sel(16)] = 0.000106
E[P_sel(17)] = 0.000094
E[P_sel(18)] = 0.000097
E[P_sel(19)] = 0.000092

---- Expected neutral and selected misattributed polymorphism per site
E[mis_neut] = 0.000454
E[mis_sel] = 0.000098

---- alpha_div = 0.279086
---- alpha_dfe = 0.000000



