---- Performing inference on Ns400_pa_0.000125_boots/Ns400_pa_0.000125.64.polyDFE.txt using model B

---- Warning: mutation variability is not used when only one neutral and one selected fragment is available.
---- No mutation variability. Using Poisson likelihood.

---- Using provided initial values


-- Starting local optimization
 it       eps_an        theta_bar      S_d            b             r  2          r  3          r  4          r  5          r  6          r  7          r  8          r  9          r 10          r 11          r 12          r 13          r 14          r 15          r 16          r 17          r 18          r 19         ln lk             grad     status
  0      4.50e-06       0.00100     -400.00000       0.40000       1.00000       1.00000       1.00000       1.00000       1.00000       1.00000       1.00000       1.00000       1.00000       1.00000       1.00000       1.00000       1.00000       1.00000       1.00000       1.00000       1.00000       1.00000  -212987.2919493571   1572.20388   -2
156      4.50e-06       0.00900     -962.30794       0.19335       0.96721       0.93929       0.91739       0.91700       0.86366       0.84463       0.83753       0.81369       0.79115       0.78167       0.82683       0.82628       0.76109       0.76200       0.86382       0.83432       0.88372       0.90532  -203.0302544870      0.00044   -3
-- Local optimization: stuck in the same solution


---- Best joint likelihood found -203.03025 with gradient 0.00044
-- Model: B
--     eps_an        eps_cont      theta_bar     a        
--    4.50e-06      0.00e+00       0.00900       -1.00000  
--      S_d            b             p_b           S_b      
--   -962.30794       0.19335      0.00e+00      0.00e+00  
--     r  2          r  3          r  4          r  5          r  6          r  7          r  8          r  9          r 10          r 11          r 12          r 13          r 14          r 15          r 16          r 17          r 18          r 19     
--     0.96721       0.93929       0.91739       0.91700       0.86366       0.84463       0.83753       0.81369       0.79115       0.78167       0.82683       0.82628       0.76109       0.76200       0.86382       0.83432       0.88372       0.90532  

---- Expected P_neut(i), 0 < i < n (neutral SFS per site) 
E[P_neut(1)] = 0.008998
E[P_neut(2)] = 0.004351
E[P_neut(3)] = 0.002817
E[P_neut(4)] = 0.002064
E[P_neut(5)] = 0.001650
E[P_neut(6)] = 0.001295
E[P_neut(7)] = 0.001086
E[P_neut(8)] = 0.000942
E[P_neut(9)] = 0.000813
E[P_neut(10)] = 0.000712
E[P_neut(11)] = 0.000639
E[P_neut(12)] = 0.000620
E[P_neut(13)] = 0.000572
E[P_neut(14)] = 0.000489
E[P_neut(15)] = 0.000457
E[P_neut(16)] = 0.000486
E[P_neut(17)] = 0.000442
E[P_neut(18)] = 0.000442
E[P_neut(19)] = 0.000429

---- Expected P_sel(i), 0 < i < n (selected SFS per site) 
E[P_sel(1)] = 0.003618
E[P_sel(2)] = 0.001440
E[P_sel(3)] = 0.000851
E[P_sel(4)] = 0.000589
E[P_sel(5)] = 0.000451
E[P_sel(6)] = 0.000343
E[P_sel(7)] = 0.000279
E[P_sel(8)] = 0.000237
E[P_sel(9)] = 0.000201
E[P_sel(10)] = 0.000172
E[P_sel(11)] = 0.000152
E[P_sel(12)] = 0.000146
E[P_sel(13)] = 0.000133
E[P_sel(14)] = 0.000112
E[P_sel(15)] = 0.000104
E[P_sel(16)] = 0.000109
E[P_sel(17)] = 0.000098
E[P_sel(18)] = 0.000097
E[P_sel(19)] = 0.000094

---- Expected neutral and selected misattributed polymorphism per site
E[mis_neut] = 0.000450
E[mis_sel] = 0.000097

---- alpha_div = 0.251333
---- alpha_dfe = 0.000000



