---- Performing inference on Ns400_pa_0.000125_boots/Ns400_pa_0.000125.24.polyDFE.txt using model B

---- Warning: mutation variability is not used when only one neutral and one selected fragment is available.
---- No mutation variability. Using Poisson likelihood.

---- Using provided initial values


-- Starting local optimization
 it       eps_an        eps_cont      theta_bar      S_d            b             p_b           S_b           r  2          r  3          r  4          r  5          r  6          r  7          r  8          r  9          r 10          r 11          r 12          r 13          r 14          r 15          r 16          r 17          r 18          r 19         ln lk             grad     status
  0      4.50e-06      9.00e-07       0.00100     -400.00000       0.40000       0.02000       4.00000       1.00000       1.00000       1.00000       1.00000       1.00000       1.00000       1.00000       1.00000       1.00000       1.00000       1.00000       1.00000       1.00000       1.00000       1.00000       1.00000       1.00000       1.00000  -203137.8746039971   1483.05524   -2
756      4.51e-06      9.00e-07       0.00906     -896.20212       0.20014       0.00338       0.74514       0.95852       0.92261       0.91968       0.90634       0.85300       0.84366       0.83295       0.82019       0.78113       0.78050       0.81016       0.82339       0.79331       0.80494       0.84808       0.82156       0.89749       0.93205  -193.2697328525      0.00249   -3
-- Local optimization: stuck in the same solution


---- Best joint likelihood found -193.26973 with gradient 0.00249
-- Model: B
--     eps_an        eps_cont      theta_bar     a        
--    4.51e-06      9.00e-07       0.00906       -1.00000  
--      S_d            b             p_b           S_b      
--   -896.20212       0.20014       0.00338       0.74514  
--     r  2          r  3          r  4          r  5          r  6          r  7          r  8          r  9          r 10          r 11          r 12          r 13          r 14          r 15          r 16          r 17          r 18          r 19     
--     0.95852       0.92261       0.91968       0.90634       0.85300       0.84366       0.83295       0.82019       0.78113       0.78050       0.81016       0.82339       0.79331       0.80494       0.84808       0.82156       0.89749       0.93205  

---- Expected P_neut(i), 0 < i < n (neutral SFS per site) 
E[P_neut(1)] = 0.009056
E[P_neut(2)] = 0.004340
E[P_neut(3)] = 0.002785
E[P_neut(4)] = 0.002082
E[P_neut(5)] = 0.001642
E[P_neut(6)] = 0.001287
E[P_neut(7)] = 0.001091
E[P_neut(8)] = 0.000943
E[P_neut(9)] = 0.000825
E[P_neut(10)] = 0.000707
E[P_neut(11)] = 0.000643
E[P_neut(12)] = 0.000611
E[P_neut(13)] = 0.000574
E[P_neut(14)] = 0.000513
E[P_neut(15)] = 0.000486
E[P_neut(16)] = 0.000480
E[P_neut(17)] = 0.000438
E[P_neut(18)] = 0.000452
E[P_neut(19)] = 0.000444

---- Expected P_sel(i), 0 < i < n (selected SFS per site) 
E[P_sel(1)] = 0.003621
E[P_sel(2)] = 0.001422
E[P_sel(3)] = 0.000831
E[P_sel(4)] = 0.000586
E[P_sel(5)] = 0.000442
E[P_sel(6)] = 0.000336
E[P_sel(7)] = 0.000277
E[P_sel(8)] = 0.000234
E[P_sel(9)] = 0.000200
E[P_sel(10)] = 0.000169
E[P_sel(11)] = 0.000151
E[P_sel(12)] = 0.000142
E[P_sel(13)] = 0.000131
E[P_sel(14)] = 0.000116
E[P_sel(15)] = 0.000109
E[P_sel(16)] = 0.000106
E[P_sel(17)] = 0.000096
E[P_sel(18)] = 0.000098
E[P_sel(19)] = 0.000096

---- Expected neutral and selected misattributed polymorphism per site
E[mis_neut] = 0.000453
E[mis_sel] = 0.000097

---- alpha_div = 0.296596
---- alpha_dfe = 0.022613



