---- Performing inference on Ns400_pa_0.000125_boots/Ns400_pa_0.000125.9.polyDFE.txt using model B

---- Warning: mutation variability is not used when only one neutral and one selected fragment is available.
---- No mutation variability. Using Poisson likelihood.

---- Using provided initial values


-- Starting local optimization
 it       eps_an        eps_cont      theta_bar      S_d            b             p_b           S_b           r  2          r  3          r  4          r  5          r  6          r  7          r  8          r  9          r 10          r 11          r 12          r 13          r 14          r 15          r 16          r 17          r 18          r 19         ln lk             grad     status
  0      4.50e-06      9.00e-07       0.00100     -400.00000       0.40000       0.02000       4.00000       1.00000       1.00000       1.00000       1.00000       1.00000       1.00000       1.00000       1.00000       1.00000       1.00000       1.00000       1.00000       1.00000       1.00000       1.00000       1.00000       1.00000       1.00000  -203585.7489260642   1486.22244   -2
781      4.46e-06      8.99e-07       0.00902     -893.75234       0.19799       0.00151       0.47250       0.96540       0.92810       0.91420       0.92472       0.84290       0.87101       0.82933       0.81646       0.79799       0.80713       0.77328       0.85898       0.79518       0.79701       0.84136       0.81158       0.86388       0.88733  -190.0783444042      0.00045   -3
-- Local optimization: stuck in the same solution


---- Best joint likelihood found -190.07834 with gradient 0.00045
-- Model: B
--     eps_an        eps_cont      theta_bar     a        
--    4.46e-06      8.99e-07       0.00902       -1.00000  
--      S_d            b             p_b           S_b      
--   -893.75234       0.19799       0.00151       0.47250  
--     r  2          r  3          r  4          r  5          r  6          r  7          r  8          r  9          r 10          r 11          r 12          r 13          r 14          r 15          r 16          r 17          r 18          r 19     
--     0.96540       0.92810       0.91420       0.92472       0.84290       0.87101       0.82933       0.81646       0.79799       0.80713       0.77328       0.85898       0.79518       0.79701       0.84136       0.81158       0.86388       0.88733  

---- Expected P_neut(i), 0 < i < n (neutral SFS per site) 
E[P_neut(1)] = 0.009020
E[P_neut(2)] = 0.004354
E[P_neut(3)] = 0.002790
E[P_neut(4)] = 0.002061
E[P_neut(5)] = 0.001668
E[P_neut(6)] = 0.001267
E[P_neut(7)] = 0.001122
E[P_neut(8)] = 0.000935
E[P_neut(9)] = 0.000818
E[P_neut(10)] = 0.000720
E[P_neut(11)] = 0.000662
E[P_neut(12)] = 0.000581
E[P_neut(13)] = 0.000596
E[P_neut(14)] = 0.000512
E[P_neut(15)] = 0.000479
E[P_neut(16)] = 0.000474
E[P_neut(17)] = 0.000431
E[P_neut(18)] = 0.000433
E[P_neut(19)] = 0.000421

---- Expected P_sel(i), 0 < i < n (selected SFS per site) 
E[P_sel(1)] = 0.003625
E[P_sel(2)] = 0.001436
E[P_sel(3)] = 0.000839
E[P_sel(4)] = 0.000584
E[P_sel(5)] = 0.000453
E[P_sel(6)] = 0.000332
E[P_sel(7)] = 0.000286
E[P_sel(8)] = 0.000233
E[P_sel(9)] = 0.000200
E[P_sel(10)] = 0.000173
E[P_sel(11)] = 0.000156
E[P_sel(12)] = 0.000135
E[P_sel(13)] = 0.000137
E[P_sel(14)] = 0.000116
E[P_sel(15)] = 0.000108
E[P_sel(16)] = 0.000105
E[P_sel(17)] = 0.000095
E[P_sel(18)] = 0.000094
E[P_sel(19)] = 0.000091

---- Expected neutral and selected misattributed polymorphism per site
E[mis_neut] = 0.000451
E[mis_sel] = 0.000097

---- alpha_div = 0.267707
---- alpha_dfe = 0.008898



