---- Performing inference on Ns400_pa_0.000125_boots/Ns400_pa_0.000125.5.polyDFE.txt using model B

---- Warning: mutation variability is not used when only one neutral and one selected fragment is available.
---- No mutation variability. Using Poisson likelihood.

---- Using provided initial values


-- Starting local optimization
 it       eps_an        theta_bar      S_d            b             r  2          r  3          r  4          r  5          r  6          r  7          r  8          r  9          r 10          r 11          r 12          r 13          r 14          r 15          r 16          r 17          r 18          r 19         ln lk             grad     status
  0      4.50e-06       0.00100     -400.00000       0.40000       1.00000       1.00000       1.00000       1.00000       1.00000       1.00000       1.00000       1.00000       1.00000       1.00000       1.00000       1.00000       1.00000       1.00000       1.00000       1.00000       1.00000       1.00000  -210260.5942453137   1555.87805   -2
127      4.50e-06       0.00892     -764.40858       0.20566       0.97386       0.95143       0.93659       0.89944       0.86697       0.87973       0.84353       0.82802       0.79881       0.79501       0.84324       0.85416       0.80500       0.81499       0.85702       0.84141       0.89624       0.89864  -202.8581390923      0.00035   -3
-- Local optimization: stuck in the same solution


---- Best joint likelihood found -202.85814 with gradient 0.00035
-- Model: B
--     eps_an        eps_cont      theta_bar     a        
--    4.50e-06      0.00e+00       0.00892       -1.00000  
--      S_d            b             p_b           S_b      
--   -764.40858       0.20566      0.00e+00      0.00e+00  
--     r  2          r  3          r  4          r  5          r  6          r  7          r  8          r  9          r 10          r 11          r 12          r 13          r 14          r 15          r 16          r 17          r 18          r 19     
--     0.97386       0.95143       0.93659       0.89944       0.86697       0.87973       0.84353       0.82802       0.79881       0.79501       0.84324       0.85416       0.80500       0.81499       0.85702       0.84141       0.89624       0.89864  

---- Expected P_neut(i), 0 < i < n (neutral SFS per site) 
E[P_neut(1)] = 0.008917
E[P_neut(2)] = 0.004342
E[P_neut(3)] = 0.002828
E[P_neut(4)] = 0.002088
E[P_neut(5)] = 0.001604
E[P_neut(6)] = 0.001288
E[P_neut(7)] = 0.001121
E[P_neut(8)] = 0.000940
E[P_neut(9)] = 0.000820
E[P_neut(10)] = 0.000712
E[P_neut(11)] = 0.000644
E[P_neut(12)] = 0.000627
E[P_neut(13)] = 0.000586
E[P_neut(14)] = 0.000513
E[P_neut(15)] = 0.000485
E[P_neut(16)] = 0.000478
E[P_neut(17)] = 0.000441
E[P_neut(18)] = 0.000444
E[P_neut(19)] = 0.000422

---- Expected P_sel(i), 0 < i < n (selected SFS per site) 
E[P_sel(1)] = 0.003591
E[P_sel(2)] = 0.001423
E[P_sel(3)] = 0.000841
E[P_sel(4)] = 0.000584
E[P_sel(5)] = 0.000429
E[P_sel(6)] = 0.000332
E[P_sel(7)] = 0.000281
E[P_sel(8)] = 0.000230
E[P_sel(9)] = 0.000196
E[P_sel(10)] = 0.000167
E[P_sel(11)] = 0.000149
E[P_sel(12)] = 0.000143
E[P_sel(13)] = 0.000131
E[P_sel(14)] = 0.000114
E[P_sel(15)] = 0.000106
E[P_sel(16)] = 0.000103
E[P_sel(17)] = 0.000095
E[P_sel(18)] = 0.000094
E[P_sel(19)] = 0.000089

---- Expected neutral and selected misattributed polymorphism per site
E[mis_neut] = 0.000446
E[mis_sel] = 0.000093

---- alpha_div = 0.268014
---- alpha_dfe = 0.000000



