---- Performing inference on Ns400_pa_0.000125_boots/Ns400_pa_0.000125.23.polyDFE.txt using model B

---- Warning: mutation variability is not used when only one neutral and one selected fragment is available.
---- No mutation variability. Using Poisson likelihood.

---- Using provided initial values


-- Starting local optimization
 it       eps_an        theta_bar      S_d            b             r  2          r  3          r  4          r  5          r  6          r  7          r  8          r  9          r 10          r 11          r 12          r 13          r 14          r 15          r 16          r 17          r 18          r 19         ln lk             grad     status
  0      4.50e-06       0.00100     -400.00000       0.40000       1.00000       1.00000       1.00000       1.00000       1.00000       1.00000       1.00000       1.00000       1.00000       1.00000       1.00000       1.00000       1.00000       1.00000       1.00000       1.00000       1.00000       1.00000  -212781.9734672184   1569.08707   -2
150      4.50e-06       0.00906    -1028.63651       0.19325       0.96471       0.93243       0.92462       0.93217       0.85897       0.83300       0.81599       0.80023       0.77652       0.81171       0.80986       0.81709       0.80624       0.80156       0.80807       0.82208       0.86395       0.94504  -213.2912882379      0.00070   -3
-- Local optimization: stuck in the same solution


---- Best joint likelihood found -213.29129 with gradient 0.00070
-- Model: B
--     eps_an        eps_cont      theta_bar     a        
--    4.50e-06      0.00e+00       0.00906       -1.00000  
--      S_d            b             p_b           S_b      
--  -1028.63651       0.19325      0.00e+00      0.00e+00  
--     r  2          r  3          r  4          r  5          r  6          r  7          r  8          r  9          r 10          r 11          r 12          r 13          r 14          r 15          r 16          r 17          r 18          r 19     
--     0.96471       0.93243       0.92462       0.93217       0.85897       0.83300       0.81599       0.80023       0.77652       0.81171       0.80986       0.81709       0.80624       0.80156       0.80807       0.82208       0.86395       0.94504  

---- Expected P_neut(i), 0 < i < n (neutral SFS per site) 
E[P_neut(1)] = 0.009062
E[P_neut(2)] = 0.004371
E[P_neut(3)] = 0.002816
E[P_neut(4)] = 0.002095
E[P_neut(5)] = 0.001689
E[P_neut(6)] = 0.001297
E[P_neut(7)] = 0.001078
E[P_neut(8)] = 0.000924
E[P_neut(9)] = 0.000806
E[P_neut(10)] = 0.000704
E[P_neut(11)] = 0.000669
E[P_neut(12)] = 0.000612
E[P_neut(13)] = 0.000570
E[P_neut(14)] = 0.000522
E[P_neut(15)] = 0.000484
E[P_neut(16)] = 0.000458
E[P_neut(17)] = 0.000438
E[P_neut(18)] = 0.000435
E[P_neut(19)] = 0.000451

---- Expected P_sel(i), 0 < i < n (selected SFS per site) 
E[P_sel(1)] = 0.003599
E[P_sel(2)] = 0.001429
E[P_sel(3)] = 0.000841
E[P_sel(4)] = 0.000590
E[P_sel(5)] = 0.000456
E[P_sel(6)] = 0.000339
E[P_sel(7)] = 0.000274
E[P_sel(8)] = 0.000230
E[P_sel(9)] = 0.000196
E[P_sel(10)] = 0.000168
E[P_sel(11)] = 0.000158
E[P_sel(12)] = 0.000142
E[P_sel(13)] = 0.000131
E[P_sel(14)] = 0.000118
E[P_sel(15)] = 0.000108
E[P_sel(16)] = 0.000101
E[P_sel(17)] = 0.000096
E[P_sel(18)] = 0.000095
E[P_sel(19)] = 0.000097

---- Expected neutral and selected misattributed polymorphism per site
E[mis_neut] = 0.000453
E[mis_sel] = 0.000097

---- alpha_div = 0.277962
---- alpha_dfe = 0.000000



