---- Performing inference on Ns400_pa_0.000125_boots/Ns400_pa_0.000125.79.polyDFE.txt using model B

---- Warning: mutation variability is not used when only one neutral and one selected fragment is available.
---- No mutation variability. Using Poisson likelihood.

---- Using provided initial values


-- Starting local optimization
 it       eps_an        theta_bar      S_d            b             r  2          r  3          r  4          r  5          r  6          r  7          r  8          r  9          r 10          r 11          r 12          r 13          r 14          r 15          r 16          r 17          r 18          r 19         ln lk             grad     status
  0      4.50e-06       0.00100     -400.00000       0.40000       1.00000       1.00000       1.00000       1.00000       1.00000       1.00000       1.00000       1.00000       1.00000       1.00000       1.00000       1.00000       1.00000       1.00000       1.00000       1.00000       1.00000       1.00000  -212166.7762835482   1567.40829   -2
209      4.50e-06       0.00899     -868.28570       0.19799       0.95767       0.93886       0.91939       0.90331       0.86057       0.86123       0.84909       0.80941       0.80321       0.80238       0.80891       0.85817       0.80052       0.81256       0.83964       0.83545       0.85394       0.89676  -191.7261343589      0.00038   -3
-- Local optimization: stuck in the same solution


---- Best joint likelihood found -191.72613 with gradient 0.00038
-- Model: B
--     eps_an        eps_cont      theta_bar     a        
--    4.50e-06      0.00e+00       0.00899       -1.00000  
--      S_d            b             p_b           S_b      
--   -868.28570       0.19799      0.00e+00      0.00e+00  
--     r  2          r  3          r  4          r  5          r  6          r  7          r  8          r  9          r 10          r 11          r 12          r 13          r 14          r 15          r 16          r 17          r 18          r 19     
--     0.95767       0.93886       0.91939       0.90331       0.86057       0.86123       0.84909       0.80941       0.80321       0.80238       0.80891       0.85817       0.80052       0.81256       0.83964       0.83545       0.85394       0.89676  

---- Expected P_neut(i), 0 < i < n (neutral SFS per site) 
E[P_neut(1)] = 0.008986
E[P_neut(2)] = 0.004303
E[P_neut(3)] = 0.002812
E[P_neut(4)] = 0.002065
E[P_neut(5)] = 0.001623
E[P_neut(6)] = 0.001289
E[P_neut(7)] = 0.001106
E[P_neut(8)] = 0.000954
E[P_neut(9)] = 0.000808
E[P_neut(10)] = 0.000722
E[P_neut(11)] = 0.000655
E[P_neut(12)] = 0.000606
E[P_neut(13)] = 0.000593
E[P_neut(14)] = 0.000514
E[P_neut(15)] = 0.000487
E[P_neut(16)] = 0.000472
E[P_neut(17)] = 0.000442
E[P_neut(18)] = 0.000426
E[P_neut(19)] = 0.000424

---- Expected P_sel(i), 0 < i < n (selected SFS per site) 
E[P_sel(1)] = 0.003624
E[P_sel(2)] = 0.001422
E[P_sel(3)] = 0.000847
E[P_sel(4)] = 0.000586
E[P_sel(5)] = 0.000441
E[P_sel(6)] = 0.000339
E[P_sel(7)] = 0.000282
E[P_sel(8)] = 0.000238
E[P_sel(9)] = 0.000198
E[P_sel(10)] = 0.000173
E[P_sel(11)] = 0.000155
E[P_sel(12)] = 0.000141
E[P_sel(13)] = 0.000136
E[P_sel(14)] = 0.000117
E[P_sel(15)] = 0.000109
E[P_sel(16)] = 0.000105
E[P_sel(17)] = 0.000097
E[P_sel(18)] = 0.000093
E[P_sel(19)] = 0.000092

---- Expected neutral and selected misattributed polymorphism per site
E[mis_neut] = 0.000449
E[mis_sel] = 0.000096

---- alpha_div = 0.262871
---- alpha_dfe = 0.000000



