---- Performing inference on Ns200_pa_0.00025_boots/Ns200_pa_0.00025.93.polyDFE.txt using model B

---- Warning: mutation variability is not used when only one neutral and one selected fragment is available.
---- No mutation variability. Using Poisson likelihood.

---- Using provided initial values


-- Starting local optimization
 it       eps_an        lambda        theta_bar      S_d            b             r  2          r  3          r  4          r  5          r  6          r  7          r  8          r  9          r 10          r 11          r 12          r 13          r 14          r 15          r 16          r 17          r 18          r 19          r 20         ln lk             grad     status
  0      4.50e-06       0.00500       0.00100     -400.00000       0.40000       1.00000       1.00000       1.00000       1.00000       1.00000       1.00000       1.00000       1.00000       1.00000       1.00000       1.00000       1.00000       1.00000       1.00000       1.00000       1.00000       1.00000       1.00000       1.00000  -225298.6941651043   1710.82801   -2
763      4.41e-06       0.00003       0.00926    -4091.45364       0.14749       0.94977       0.88759       0.87306       0.85130       0.84177       0.80424       0.80698       0.81188       0.79325       0.81877       0.76643       0.80688       0.80046       0.82304       0.77954       0.79503       0.82686       0.81481      12.63403  -410.6580782815      0.01577   -6
-- Local optimization: reached maximum running time allowed


---- Best joint likelihood found -410.65808 with gradient 0.01577
-- Model: B
--     eps_an        eps_cont      lambda        theta_bar     a        
--    4.41e-06      0.00e+00       0.00003       0.00926       -1.00000  
--      S_d            b             p_b           S_b      
--  -4091.45364       0.14749      0.00e+00      0.00e+00  
--     r  2          r  3          r  4          r  5          r  6          r  7          r  8          r  9          r 10          r 11          r 12          r 13          r 14          r 15          r 16          r 17          r 18          r 19          r 20     
--     0.94977       0.88759       0.87306       0.85130       0.84177       0.80424       0.80698       0.81188       0.79325       0.81877       0.76643       0.80688       0.80046       0.82304       0.77954       0.79503       0.82686       0.81481      12.63403  

---- Expected P_neut(i), 0 < i < n (neutral SFS per site) 
E[P_neut(1)] = 0.009261
E[P_neut(2)] = 0.004398
E[P_neut(3)] = 0.002740
E[P_neut(4)] = 0.002021
E[P_neut(5)] = 0.001577
E[P_neut(6)] = 0.001299
E[P_neut(7)] = 0.001064
E[P_neut(8)] = 0.000934
E[P_neut(9)] = 0.000835
E[P_neut(10)] = 0.000735
E[P_neut(11)] = 0.000689
E[P_neut(12)] = 0.000592
E[P_neut(13)] = 0.000575
E[P_neut(14)] = 0.000530
E[P_neut(15)] = 0.000508
E[P_neut(16)] = 0.000451
E[P_neut(17)] = 0.000433
E[P_neut(18)] = 0.000425
E[P_neut(19)] = 0.000397

---- Expected P_sel(i), 0 < i < n (selected SFS per site) 
E[P_sel(1)] = 0.003586
E[P_sel(2)] = 0.001468
E[P_sel(3)] = 0.000854
E[P_sel(4)] = 0.000603
E[P_sel(5)] = 0.000455
E[P_sel(6)] = 0.000366
E[P_sel(7)] = 0.000294
E[P_sel(8)] = 0.000253
E[P_sel(9)] = 0.000223
E[P_sel(10)] = 0.000194
E[P_sel(11)] = 0.000179
E[P_sel(12)] = 0.000152
E[P_sel(13)] = 0.000147
E[P_sel(14)] = 0.000134
E[P_sel(15)] = 0.000127
E[P_sel(16)] = 0.000112
E[P_sel(17)] = 0.000107
E[P_sel(18)] = 0.000104
E[P_sel(19)] = 0.000097

---- Expected D_neut and D_sel (neutral and selected divergence per site) 
E[D_neut] = 0.005877
E[D_sel] = 0.001421

---- Expected neutral and selected misattributed polymorphism per site
E[mis_neut] = 0.005850
E[mis_sel] = 0.001414

---- alpha_div = 1.654967
---- alpha_dfe = 0.000000



