---- Performing inference on Ns200_pa_0.00025_boots/Ns200_pa_0.00025.83.polyDFE.txt using model B

---- Warning: mutation variability is not used when only one neutral and one selected fragment is available.
---- No mutation variability. Using Poisson likelihood.

---- Using provided initial values


-- Starting local optimization
 it       eps_an        theta_bar      S_d            b             r  2          r  3          r  4          r  5          r  6          r  7          r  8          r  9          r 10          r 11          r 12          r 13          r 14          r 15          r 16          r 17          r 18          r 19         ln lk             grad     status
  0      4.50e-06       0.00100     -400.00000       0.40000       1.00000       1.00000       1.00000       1.00000       1.00000       1.00000       1.00000       1.00000       1.00000       1.00000       1.00000       1.00000       1.00000       1.00000       1.00000       1.00000       1.00000       1.00000  -216365.7152432884   1587.23313   -2
135      4.50e-06       0.00898     -650.37866       0.21250       0.97780       0.94629       0.91995       0.92664       0.90589       0.83417       0.89500       0.84416       0.88783       0.89935       0.86972       0.83057       0.84163       0.91502       0.85936       0.82014       0.89486       0.90991  -192.0019027577      0.00062   -3
-- Local optimization: stuck in the same solution


---- Best joint likelihood found -192.00190 with gradient 0.00062
-- Model: B
--     eps_an        eps_cont      theta_bar     a        
--    4.50e-06      0.00e+00       0.00898       -1.00000  
--      S_d            b             p_b           S_b      
--   -650.37866       0.21250      0.00e+00      0.00e+00  
--     r  2          r  3          r  4          r  5          r  6          r  7          r  8          r  9          r 10          r 11          r 12          r 13          r 14          r 15          r 16          r 17          r 18          r 19     
--     0.97780       0.94629       0.91995       0.92664       0.90589       0.83417       0.89500       0.84416       0.88783       0.89935       0.86972       0.83057       0.84163       0.91502       0.85936       0.82014       0.89486       0.90991  

---- Expected P_neut(i), 0 < i < n (neutral SFS per site) 
E[P_neut(1)] = 0.008977
E[P_neut(2)] = 0.004389
E[P_neut(3)] = 0.002832
E[P_neut(4)] = 0.002065
E[P_neut(5)] = 0.001664
E[P_neut(6)] = 0.001355
E[P_neut(7)] = 0.001070
E[P_neut(8)] = 0.001004
E[P_neut(9)] = 0.000842
E[P_neut(10)] = 0.000797
E[P_neut(11)] = 0.000734
E[P_neut(12)] = 0.000651
E[P_neut(13)] = 0.000574
E[P_neut(14)] = 0.000540
E[P_neut(15)] = 0.000548
E[P_neut(16)] = 0.000482
E[P_neut(17)] = 0.000433
E[P_neut(18)] = 0.000446
E[P_neut(19)] = 0.000430

---- Expected P_sel(i), 0 < i < n (selected SFS per site) 
E[P_sel(1)] = 0.003652
E[P_sel(2)] = 0.001444
E[P_sel(3)] = 0.000843
E[P_sel(4)] = 0.000576
E[P_sel(5)] = 0.000443
E[P_sel(6)] = 0.000348
E[P_sel(7)] = 0.000267
E[P_sel(8)] = 0.000244
E[P_sel(9)] = 0.000200
E[P_sel(10)] = 0.000186
E[P_sel(11)] = 0.000168
E[P_sel(12)] = 0.000147
E[P_sel(13)] = 0.000128
E[P_sel(14)] = 0.000119
E[P_sel(15)] = 0.000119
E[P_sel(16)] = 0.000103
E[P_sel(17)] = 0.000092
E[P_sel(18)] = 0.000094
E[P_sel(19)] = 0.000089

---- Expected neutral and selected misattributed polymorphism per site
E[mis_neut] = 0.000449
E[mis_sel] = 0.000093

---- alpha_div = 0.326112
---- alpha_dfe = 0.000000



