---- Performing inference on Ns200_pa_0.00025_boots/Ns200_pa_0.00025.64.polyDFE.txt using model B

---- Warning: mutation variability is not used when only one neutral and one selected fragment is available.
---- No mutation variability. Using Poisson likelihood.

---- Using provided initial values


-- Starting local optimization
 it       eps_an        theta_bar      S_d            b             r  2          r  3          r  4          r  5          r  6          r  7          r  8          r  9          r 10          r 11          r 12          r 13          r 14          r 15          r 16          r 17          r 18          r 19         ln lk             grad     status
  0      4.50e-06       0.00100     -400.00000       0.40000       1.00000       1.00000       1.00000       1.00000       1.00000       1.00000       1.00000       1.00000       1.00000       1.00000       1.00000       1.00000       1.00000       1.00000       1.00000       1.00000       1.00000       1.00000  -218878.1911332764   1601.53148   -2
179      4.50e-06       0.00904    -1013.64234       0.19435       0.97593       0.96157       0.93271       0.91885       0.90871       0.86823       0.88490       0.85597       0.85362       0.91717       0.89449       0.85331       0.84507       0.88047       0.86126       0.83908       0.86653       0.88089  -195.4041748123      0.00058   -3
-- Local optimization: stuck in the same solution


---- Best joint likelihood found -195.40417 with gradient 0.00058
-- Model: B
--     eps_an        eps_cont      theta_bar     a        
--    4.50e-06      0.00e+00       0.00904       -1.00000  
--      S_d            b             p_b           S_b      
--  -1013.64234       0.19435      0.00e+00      0.00e+00  
--     r  2          r  3          r  4          r  5          r  6          r  7          r  8          r  9          r 10          r 11          r 12          r 13          r 14          r 15          r 16          r 17          r 18          r 19     
--     0.97593       0.96157       0.93271       0.91885       0.90871       0.86823       0.88490       0.85597       0.85362       0.91717       0.89449       0.85331       0.84507       0.88047       0.86126       0.83908       0.86653       0.88089  

---- Expected P_neut(i), 0 < i < n (neutral SFS per site) 
E[P_neut(1)] = 0.009036
E[P_neut(2)] = 0.004409
E[P_neut(3)] = 0.002896
E[P_neut(4)] = 0.002107
E[P_neut(5)] = 0.001661
E[P_neut(6)] = 0.001369
E[P_neut(7)] = 0.001121
E[P_neut(8)] = 0.001000
E[P_neut(9)] = 0.000859
E[P_neut(10)] = 0.000771
E[P_neut(11)] = 0.000753
E[P_neut(12)] = 0.000674
E[P_neut(13)] = 0.000593
E[P_neut(14)] = 0.000545
E[P_neut(15)] = 0.000530
E[P_neut(16)] = 0.000486
E[P_neut(17)] = 0.000446
E[P_neut(18)] = 0.000435
E[P_neut(19)] = 0.000419

---- Expected P_sel(i), 0 < i < n (selected SFS per site) 
E[P_sel(1)] = 0.003585
E[P_sel(2)] = 0.001438
E[P_sel(3)] = 0.000862
E[P_sel(4)] = 0.000592
E[P_sel(5)] = 0.000447
E[P_sel(6)] = 0.000356
E[P_sel(7)] = 0.000284
E[P_sel(8)] = 0.000247
E[P_sel(9)] = 0.000208
E[P_sel(10)] = 0.000184
E[P_sel(11)] = 0.000177
E[P_sel(12)] = 0.000156
E[P_sel(13)] = 0.000135
E[P_sel(14)] = 0.000123
E[P_sel(15)] = 0.000118
E[P_sel(16)] = 0.000107
E[P_sel(17)] = 0.000097
E[P_sel(18)] = 0.000094
E[P_sel(19)] = 0.000090

---- Expected neutral and selected misattributed polymorphism per site
E[mis_neut] = 0.000452
E[mis_sel] = 0.000096

---- alpha_div = 0.306912
---- alpha_dfe = 0.000000



