---- Performing inference on Ns200_pa_0.00025_boots/Ns200_pa_0.00025.42.polyDFE.txt using model B

---- Warning: mutation variability is not used when only one neutral and one selected fragment is available.
---- No mutation variability. Using Poisson likelihood.

---- Using provided initial values


-- Starting local optimization
 it       eps_an        eps_cont      lambda        theta_bar      S_d            b             p_b           S_b           r  2          r  3          r  4          r  5          r  6          r  7          r  8          r  9          r 10          r 11          r 12          r 13          r 14          r 15          r 16          r 17          r 18          r 19          r 20         ln lk             grad     status
  0      4.50e-06      9.00e-07       0.00500       0.00100     -400.00000       0.40000       0.02000       4.00000       1.00000       1.00000       1.00000       1.00000       1.00000       1.00000       1.00000       1.00000       1.00000       1.00000       1.00000       1.00000       1.00000       1.00000       1.00000       1.00000       1.00000       1.00000       1.00000  -210078.7446133449   1539.75335   -2
115      4.49e-06      9.00e-07       0.00502       0.00899     -680.95362       0.21541       0.00250      37.42969       0.97071       0.95543       0.95008       0.95153       0.91582       0.86951       0.87268       0.90123       0.90991       0.89480       0.83418       0.85711       0.88750       0.91561       0.84986       0.82975       0.85538       0.87076       0.83989  -209.2767345344      0.04509   -3
-- Local optimization: stuck in the same solution


---- Best joint likelihood found -209.27673 with gradient 0.04509
-- Model: B
--     eps_an        eps_cont      lambda        theta_bar     a        
--    4.49e-06      9.00e-07       0.00502       0.00899       -1.00000  
--      S_d            b             p_b           S_b      
--   -680.95362       0.21541       0.00250      37.42969  
--     r  2          r  3          r  4          r  5          r  6          r  7          r  8          r  9          r 10          r 11          r 12          r 13          r 14          r 15          r 16          r 17          r 18          r 19          r 20     
--     0.97071       0.95543       0.95008       0.95153       0.91582       0.86951       0.87268       0.90123       0.90991       0.89480       0.83418       0.85711       0.88750       0.91561       0.84986       0.82975       0.85538       0.87076       0.83989  

---- Expected P_neut(i), 0 < i < n (neutral SFS per site) 
E[P_neut(1)] = 0.008986
E[P_neut(2)] = 0.004361
E[P_neut(3)] = 0.002862
E[P_neut(4)] = 0.002134
E[P_neut(5)] = 0.001710
E[P_neut(6)] = 0.001372
E[P_neut(7)] = 0.001116
E[P_neut(8)] = 0.000980
E[P_neut(9)] = 0.000900
E[P_neut(10)] = 0.000818
E[P_neut(11)] = 0.000731
E[P_neut(12)] = 0.000625
E[P_neut(13)] = 0.000592
E[P_neut(14)] = 0.000570
E[P_neut(15)] = 0.000549
E[P_neut(16)] = 0.000477
E[P_neut(17)] = 0.000439
E[P_neut(18)] = 0.000427
E[P_neut(19)] = 0.000412

---- Expected P_sel(i), 0 < i < n (selected SFS per site) 
E[P_sel(1)] = 0.003604
E[P_sel(2)] = 0.001412
E[P_sel(3)] = 0.000838
E[P_sel(4)] = 0.000587
E[P_sel(5)] = 0.000449
E[P_sel(6)] = 0.000348
E[P_sel(7)] = 0.000275
E[P_sel(8)] = 0.000236
E[P_sel(9)] = 0.000212
E[P_sel(10)] = 0.000189
E[P_sel(11)] = 0.000167
E[P_sel(12)] = 0.000141
E[P_sel(13)] = 0.000132
E[P_sel(14)] = 0.000126
E[P_sel(15)] = 0.000121
E[P_sel(16)] = 0.000105
E[P_sel(17)] = 0.000097
E[P_sel(18)] = 0.000096
E[P_sel(19)] = 0.000097

---- Expected D_neut and D_sel (neutral and selected divergence per site) 
E[D_neut] = 0.005397
E[D_sel] = 0.001561

---- Expected neutral and selected misattributed polymorphism per site
E[mis_neut] = 0.000377
E[mis_sel] = 0.000096

---- alpha_div = 0.321943
---- alpha_dfe = 0.320834



