---- Performing inference on Ns200_pa_0.00025_boots/Ns200_pa_0.00025.10.polyDFE.txt using model B

---- Warning: mutation variability is not used when only one neutral and one selected fragment is available.
---- No mutation variability. Using Poisson likelihood.

---- Using provided initial values


-- Starting local optimization
 it       eps_an        lambda        theta_bar      S_d            b             r  2          r  3          r  4          r  5          r  6          r  7          r  8          r  9          r 10          r 11          r 12          r 13          r 14          r 15          r 16          r 17          r 18          r 19          r 20         ln lk             grad     status
  0      4.50e-06       0.00500       0.00100     -400.00000       0.40000       1.00000       1.00000       1.00000       1.00000       1.00000       1.00000       1.00000       1.00000       1.00000       1.00000       1.00000       1.00000       1.00000       1.00000       1.00000       1.00000       1.00000       1.00000       1.00000  -224749.9106065910   1707.28756   -2
762      4.38e-06       0.00011       0.00922    -4014.78203       0.14796       0.95183       0.89952       0.88941       0.85933       0.84097       0.83378       0.79769       0.78907       0.82263       0.82031       0.79590       0.79509       0.78203       0.80784       0.77516       0.74241       0.84225       0.83194      12.36700  -390.6091060172      0.05971   -6
-- Local optimization: reached maximum running time allowed


---- Best joint likelihood found -390.60911 with gradient 0.05971
-- Model: B
--     eps_an        eps_cont      lambda        theta_bar     a        
--    4.38e-06      0.00e+00       0.00011       0.00922       -1.00000  
--      S_d            b             p_b           S_b      
--  -4014.78203       0.14796      0.00e+00      0.00e+00  
--     r  2          r  3          r  4          r  5          r  6          r  7          r  8          r  9          r 10          r 11          r 12          r 13          r 14          r 15          r 16          r 17          r 18          r 19          r 20     
--     0.95183       0.89952       0.88941       0.85933       0.84097       0.83378       0.79769       0.78907       0.82263       0.82031       0.79590       0.79509       0.78203       0.80784       0.77516       0.74241       0.84225       0.83194      12.36700  

---- Expected P_neut(i), 0 < i < n (neutral SFS per site) 
E[P_neut(1)] = 0.009221
E[P_neut(2)] = 0.004388
E[P_neut(3)] = 0.002765
E[P_neut(4)] = 0.002050
E[P_neut(5)] = 0.001585
E[P_neut(6)] = 0.001292
E[P_neut(7)] = 0.001098
E[P_neut(8)] = 0.000919
E[P_neut(9)] = 0.000808
E[P_neut(10)] = 0.000759
E[P_neut(11)] = 0.000688
E[P_neut(12)] = 0.000612
E[P_neut(13)] = 0.000564
E[P_neut(14)] = 0.000515
E[P_neut(15)] = 0.000497
E[P_neut(16)] = 0.000447
E[P_neut(17)] = 0.000403
E[P_neut(18)] = 0.000431
E[P_neut(19)] = 0.000404

---- Expected P_sel(i), 0 < i < n (selected SFS per site) 
E[P_sel(1)] = 0.003571
E[P_sel(2)] = 0.001465
E[P_sel(3)] = 0.000861
E[P_sel(4)] = 0.000611
E[P_sel(5)] = 0.000457
E[P_sel(6)] = 0.000364
E[P_sel(7)] = 0.000303
E[P_sel(8)] = 0.000249
E[P_sel(9)] = 0.000216
E[P_sel(10)] = 0.000200
E[P_sel(11)] = 0.000179
E[P_sel(12)] = 0.000157
E[P_sel(13)] = 0.000144
E[P_sel(14)] = 0.000130
E[P_sel(15)] = 0.000124
E[P_sel(16)] = 0.000111
E[P_sel(17)] = 0.000099
E[P_sel(18)] = 0.000106
E[P_sel(19)] = 0.000098

---- Expected D_neut and D_sel (neutral and selected divergence per site) 
E[D_neut] = 0.005810
E[D_sel] = 0.001403

---- Expected neutral and selected misattributed polymorphism per site
E[mis_neut] = 0.005702
E[mis_sel] = 0.001377

---- alpha_div = 1.473735
---- alpha_dfe = 0.000000



