---- Performing inference on Ns200_pa_0.00025_boots/Ns200_pa_0.00025.94.polyDFE.txt using model B

---- Warning: mutation variability is not used when only one neutral and one selected fragment is available.
---- No mutation variability. Using Poisson likelihood.

---- Using provided initial values


-- Starting local optimization
 it       eps_an        theta_bar      S_d            b             r  2          r  3          r  4          r  5          r  6          r  7          r  8          r  9          r 10          r 11          r 12          r 13          r 14          r 15          r 16          r 17          r 18          r 19         ln lk             grad     status
  0      4.50e-06       0.00100     -400.00000       0.40000       1.00000       1.00000       1.00000       1.00000       1.00000       1.00000       1.00000       1.00000       1.00000       1.00000       1.00000       1.00000       1.00000       1.00000       1.00000       1.00000       1.00000       1.00000  -217295.6417682685   1592.34634   -2
194      4.50e-06       0.00911    -1044.83545       0.19349       0.95700       0.94991       0.93563       0.89734       0.86574       0.83078       0.85445       0.83744       0.86031       0.88991       0.87573       0.84365       0.80225       0.85709       0.87407       0.85609       0.85557       0.90052  -195.9537078400      0.00037   -3
-- Local optimization: stuck in the same solution


---- Best joint likelihood found -195.95371 with gradient 0.00037
-- Model: B
--     eps_an        eps_cont      theta_bar     a        
--    4.50e-06      0.00e+00       0.00911       -1.00000  
--      S_d            b             p_b           S_b      
--  -1044.83545       0.19349      0.00e+00      0.00e+00  
--     r  2          r  3          r  4          r  5          r  6          r  7          r  8          r  9          r 10          r 11          r 12          r 13          r 14          r 15          r 16          r 17          r 18          r 19     
--     0.95700       0.94991       0.93563       0.89734       0.86574       0.83078       0.85445       0.83744       0.86031       0.88991       0.87573       0.84365       0.80225       0.85709       0.87407       0.85609       0.85557       0.90052  

---- Expected P_neut(i), 0 < i < n (neutral SFS per site) 
E[P_neut(1)] = 0.009111
E[P_neut(2)] = 0.004360
E[P_neut(3)] = 0.002885
E[P_neut(4)] = 0.002131
E[P_neut(5)] = 0.001635
E[P_neut(6)] = 0.001315
E[P_neut(7)] = 0.001081
E[P_neut(8)] = 0.000973
E[P_neut(9)] = 0.000848
E[P_neut(10)] = 0.000784
E[P_neut(11)] = 0.000737
E[P_neut(12)] = 0.000665
E[P_neut(13)] = 0.000591
E[P_neut(14)] = 0.000522
E[P_neut(15)] = 0.000521
E[P_neut(16)] = 0.000498
E[P_neut(17)] = 0.000459
E[P_neut(18)] = 0.000433
E[P_neut(19)] = 0.000432

---- Expected P_sel(i), 0 < i < n (selected SFS per site) 
E[P_sel(1)] = 0.003605
E[P_sel(2)] = 0.001420
E[P_sel(3)] = 0.000858
E[P_sel(4)] = 0.000598
E[P_sel(5)] = 0.000440
E[P_sel(6)] = 0.000342
E[P_sel(7)] = 0.000274
E[P_sel(8)] = 0.000241
E[P_sel(9)] = 0.000206
E[P_sel(10)] = 0.000187
E[P_sel(11)] = 0.000173
E[P_sel(12)] = 0.000154
E[P_sel(13)] = 0.000135
E[P_sel(14)] = 0.000118
E[P_sel(15)] = 0.000116
E[P_sel(16)] = 0.000110
E[P_sel(17)] = 0.000100
E[P_sel(18)] = 0.000094
E[P_sel(19)] = 0.000093

---- Expected neutral and selected misattributed polymorphism per site
E[mis_neut] = 0.000456
E[mis_sel] = 0.000097

---- alpha_div = 0.292891
---- alpha_dfe = 0.000000



