---- Performing inference on Ns200_pa_0.00025_boots/Ns200_pa_0.00025.35.polyDFE.txt using model B

---- Warning: mutation variability is not used when only one neutral and one selected fragment is available.
---- No mutation variability. Using Poisson likelihood.

---- Using provided initial values


-- Starting local optimization
 it       eps_an        eps_cont      lambda        theta_bar      S_d            b             p_b           S_b           r  2          r  3          r  4          r  5          r  6          r  7          r  8          r  9          r 10          r 11          r 12          r 13          r 14          r 15          r 16          r 17          r 18          r 19          r 20         ln lk             grad     status
  0      4.50e-06      9.00e-07       0.00500       0.00100     -400.00000       0.40000       0.02000       4.00000       1.00000       1.00000       1.00000       1.00000       1.00000       1.00000       1.00000       1.00000       1.00000       1.00000       1.00000       1.00000       1.00000       1.00000       1.00000       1.00000       1.00000       1.00000       1.00000  -210509.4816135275   1542.95633   -2
119      4.50e-06      9.00e-07       0.00510       0.00914    -1106.37031       0.19296       0.00201      37.42872       0.97592       0.92127       0.92192       0.89609       0.88386       0.83804       0.82567       0.84980       0.87090       0.84652       0.83703       0.81586       0.85193       0.86248       0.83514       0.79434       0.87358       0.83875       0.89431  -206.9343069532      0.90025   -3
-- Local optimization: stuck in the same solution


---- Best joint likelihood found -206.93431 with gradient 0.90025
-- Model: B
--     eps_an        eps_cont      lambda        theta_bar     a        
--    4.50e-06      9.00e-07       0.00510       0.00914       -1.00000  
--      S_d            b             p_b           S_b      
--  -1106.37031       0.19296       0.00201      37.42872  
--     r  2          r  3          r  4          r  5          r  6          r  7          r  8          r  9          r 10          r 11          r 12          r 13          r 14          r 15          r 16          r 17          r 18          r 19          r 20     
--     0.97592       0.92127       0.92192       0.89609       0.88386       0.83804       0.82567       0.84980       0.87090       0.84652       0.83703       0.81586       0.85193       0.86248       0.83514       0.79434       0.87358       0.83875       0.89431  

---- Expected P_neut(i), 0 < i < n (neutral SFS per site) 
E[P_neut(1)] = 0.009140
E[P_neut(2)] = 0.004460
E[P_neut(3)] = 0.002807
E[P_neut(4)] = 0.002107
E[P_neut(5)] = 0.001638
E[P_neut(6)] = 0.001346
E[P_neut(7)] = 0.001094
E[P_neut(8)] = 0.000943
E[P_neut(9)] = 0.000863
E[P_neut(10)] = 0.000796
E[P_neut(11)] = 0.000703
E[P_neut(12)] = 0.000638
E[P_neut(13)] = 0.000574
E[P_neut(14)] = 0.000556
E[P_neut(15)] = 0.000526
E[P_neut(16)] = 0.000477
E[P_neut(17)] = 0.000427
E[P_neut(18)] = 0.000444
E[P_neut(19)] = 0.000404

---- Expected P_sel(i), 0 < i < n (selected SFS per site) 
E[P_sel(1)] = 0.003597
E[P_sel(2)] = 0.001447
E[P_sel(3)] = 0.000833
E[P_sel(4)] = 0.000590
E[P_sel(5)] = 0.000440
E[P_sel(6)] = 0.000351
E[P_sel(7)] = 0.000278
E[P_sel(8)] = 0.000234
E[P_sel(9)] = 0.000210
E[P_sel(10)] = 0.000191
E[P_sel(11)] = 0.000167
E[P_sel(12)] = 0.000149
E[P_sel(13)] = 0.000133
E[P_sel(14)] = 0.000128
E[P_sel(15)] = 0.000120
E[P_sel(16)] = 0.000109
E[P_sel(17)] = 0.000098
E[P_sel(18)] = 0.000103
E[P_sel(19)] = 0.000097

---- Expected D_neut and D_sel (neutral and selected divergence per site) 
E[D_neut] = 0.005505
E[D_sel] = 0.001554

---- Expected neutral and selected misattributed polymorphism per site
E[mis_neut] = 0.000409
E[mis_sel] = 0.000104

---- alpha_div = 0.282767
---- alpha_dfe = 0.264401



