---- Performing inference on Ns200_pa_0.00025_boots/Ns200_pa_0.00025.17.polyDFE.txt using model B

---- Warning: mutation variability is not used when only one neutral and one selected fragment is available.
---- No mutation variability. Using Poisson likelihood.

---- Using provided initial values


-- Starting local optimization
 it       eps_an        eps_cont      lambda        theta_bar      S_d            b             p_b           S_b           r  2          r  3          r  4          r  5          r  6          r  7          r  8          r  9          r 10          r 11          r 12          r 13          r 14          r 15          r 16          r 17          r 18          r 19          r 20         ln lk             grad     status
  0      4.50e-06      9.00e-07       0.00500       0.00100     -400.00000       0.40000       0.02000       4.00000       1.00000       1.00000       1.00000       1.00000       1.00000       1.00000       1.00000       1.00000       1.00000       1.00000       1.00000       1.00000       1.00000       1.00000       1.00000       1.00000       1.00000       1.00000       1.00000  -206941.6883521351   1525.07611   -2
 79      4.50e-06      9.00e-07       0.00506       0.00904    -1109.70241       0.19460       0.00222      37.42787       0.97327       0.93496       0.90855       0.89969       0.87384       0.85541       0.87221       0.84036       0.88556       0.87954       0.88955       0.80567       0.85829       0.85258       0.83550       0.82410       0.81797       0.86307       0.92200  -224.6082789577      0.93589   -3
-- Local optimization: stuck in the same solution


---- Best joint likelihood found -224.60828 with gradient 0.93589
-- Model: B
--     eps_an        eps_cont      lambda        theta_bar     a        
--    4.50e-06      9.00e-07       0.00506       0.00904       -1.00000  
--      S_d            b             p_b           S_b      
--  -1109.70241       0.19460       0.00222      37.42787  
--     r  2          r  3          r  4          r  5          r  6          r  7          r  8          r  9          r 10          r 11          r 12          r 13          r 14          r 15          r 16          r 17          r 18          r 19          r 20     
--     0.97327       0.93496       0.90855       0.89969       0.87384       0.85541       0.87221       0.84036       0.88556       0.87954       0.88955       0.80567       0.85829       0.85258       0.83550       0.82410       0.81797       0.86307       0.92200  

---- Expected P_neut(i), 0 < i < n (neutral SFS per site) 
E[P_neut(1)] = 0.009044
E[P_neut(2)] = 0.004401
E[P_neut(3)] = 0.002819
E[P_neut(4)] = 0.002054
E[P_neut(5)] = 0.001627
E[P_neut(6)] = 0.001317
E[P_neut(7)] = 0.001105
E[P_neut(8)] = 0.000986
E[P_neut(9)] = 0.000844
E[P_neut(10)] = 0.000801
E[P_neut(11)] = 0.000723
E[P_neut(12)] = 0.000670
E[P_neut(13)] = 0.000561
E[P_neut(14)] = 0.000554
E[P_neut(15)] = 0.000514
E[P_neut(16)] = 0.000472
E[P_neut(17)] = 0.000438
E[P_neut(18)] = 0.000411
E[P_neut(19)] = 0.000411

---- Expected P_sel(i), 0 < i < n (selected SFS per site) 
E[P_sel(1)] = 0.003537
E[P_sel(2)] = 0.001417
E[P_sel(3)] = 0.000829
E[P_sel(4)] = 0.000570
E[P_sel(5)] = 0.000434
E[P_sel(6)] = 0.000340
E[P_sel(7)] = 0.000278
E[P_sel(8)] = 0.000242
E[P_sel(9)] = 0.000204
E[P_sel(10)] = 0.000190
E[P_sel(11)] = 0.000170
E[P_sel(12)] = 0.000155
E[P_sel(13)] = 0.000129
E[P_sel(14)] = 0.000126
E[P_sel(15)] = 0.000117
E[P_sel(16)] = 0.000107
E[P_sel(17)] = 0.000100
E[P_sel(18)] = 0.000095
E[P_sel(19)] = 0.000098

---- Expected D_neut and D_sel (neutral and selected divergence per site) 
E[D_neut] = 0.005474
E[D_sel] = 0.001571

---- Expected neutral and selected misattributed polymorphism per site
E[mis_neut] = 0.000417
E[mis_sel] = 0.000107

---- alpha_div = 0.293828
---- alpha_dfe = 0.286328



