---- Performing inference on Ns200_pa_0.00025_boots/Ns200_pa_0.00025.93.polyDFE.txt using model B

---- Warning: mutation variability is not used when only one neutral and one selected fragment is available.
---- No mutation variability. Using Poisson likelihood.

---- Using provided initial values


-- Starting local optimization
 it       eps_an        eps_cont      lambda        theta_bar      S_d            b             p_b           S_b           r  2          r  3          r  4          r  5          r  6          r  7          r  8          r  9          r 10          r 11          r 12          r 13          r 14          r 15          r 16          r 17          r 18          r 19          r 20         ln lk             grad     status
  0      4.50e-06      9.00e-07       0.00500       0.00100     -400.00000       0.40000       0.02000       4.00000       1.00000       1.00000       1.00000       1.00000       1.00000       1.00000       1.00000       1.00000       1.00000       1.00000       1.00000       1.00000       1.00000       1.00000       1.00000       1.00000       1.00000       1.00000       1.00000  -210782.5231378467   1544.45027   -2
160      4.50e-06      9.00e-07       0.00499       0.00906     -680.65376       0.21349       0.00255      37.42665       0.98234       0.93122       0.92313       0.90523       0.89820       0.86081       0.86550       0.87197       0.85307       0.88106       0.82494       0.86821       0.86044       0.88309       0.83360       0.84518       0.86999       0.84136       0.90393  -206.8690018239      0.04499   -3
-- Local optimization: stuck in the same solution


---- Best joint likelihood found -206.86900 with gradient 0.04499
-- Model: B
--     eps_an        eps_cont      lambda        theta_bar     a        
--    4.50e-06      9.00e-07       0.00499       0.00906       -1.00000  
--      S_d            b             p_b           S_b      
--   -680.65376       0.21349       0.00255      37.42665  
--     r  2          r  3          r  4          r  5          r  6          r  7          r  8          r  9          r 10          r 11          r 12          r 13          r 14          r 15          r 16          r 17          r 18          r 19          r 20     
--     0.98234       0.93122       0.92313       0.90523       0.89820       0.86081       0.86550       0.87197       0.85307       0.88106       0.82494       0.86821       0.86044       0.88309       0.83360       0.84518       0.86999       0.84136       0.90393  

---- Expected P_neut(i), 0 < i < n (neutral SFS per site) 
E[P_neut(1)] = 0.009055
E[P_neut(2)] = 0.004448
E[P_neut(3)] = 0.002811
E[P_neut(4)] = 0.002090
E[P_neut(5)] = 0.001639
E[P_neut(6)] = 0.001356
E[P_neut(7)] = 0.001114
E[P_neut(8)] = 0.000980
E[P_neut(9)] = 0.000877
E[P_neut(10)] = 0.000772
E[P_neut(11)] = 0.000725
E[P_neut(12)] = 0.000622
E[P_neut(13)] = 0.000605
E[P_neut(14)] = 0.000557
E[P_neut(15)] = 0.000533
E[P_neut(16)] = 0.000472
E[P_neut(17)] = 0.000450
E[P_neut(18)] = 0.000438
E[P_neut(19)] = 0.000401

---- Expected P_sel(i), 0 < i < n (selected SFS per site) 
E[P_sel(1)] = 0.003654
E[P_sel(2)] = 0.001452
E[P_sel(3)] = 0.000831
E[P_sel(4)] = 0.000580
E[P_sel(5)] = 0.000435
E[P_sel(6)] = 0.000347
E[P_sel(7)] = 0.000277
E[P_sel(8)] = 0.000238
E[P_sel(9)] = 0.000209
E[P_sel(10)] = 0.000181
E[P_sel(11)] = 0.000167
E[P_sel(12)] = 0.000142
E[P_sel(13)] = 0.000137
E[P_sel(14)] = 0.000125
E[P_sel(15)] = 0.000119
E[P_sel(16)] = 0.000105
E[P_sel(17)] = 0.000101
E[P_sel(18)] = 0.000100
E[P_sel(19)] = 0.000095

---- Expected D_neut and D_sel (neutral and selected divergence per site) 
E[D_neut] = 0.005396
E[D_sel] = 0.001581

---- Expected neutral and selected misattributed polymorphism per site
E[mis_neut] = 0.000409
E[mis_sel] = 0.000105

---- alpha_div = 0.322837
---- alpha_dfe = 0.321973



