---- Performing inference on Ns200_pa_0.00025_boots/Ns200_pa_0.00025.6.polyDFE.txt using model B

---- Warning: mutation variability is not used when only one neutral and one selected fragment is available.
---- No mutation variability. Using Poisson likelihood.

---- Using provided initial values


-- Starting local optimization
 it       eps_an        theta_bar      S_d            b             r  2          r  3          r  4          r  5          r  6          r  7          r  8          r  9          r 10          r 11          r 12          r 13          r 14          r 15          r 16          r 17          r 18          r 19         ln lk             grad     status
  0      4.50e-06       0.00100     -400.00000       0.40000       1.00000       1.00000       1.00000       1.00000       1.00000       1.00000       1.00000       1.00000       1.00000       1.00000       1.00000       1.00000       1.00000       1.00000       1.00000       1.00000       1.00000       1.00000  -217255.6747577802   1592.36828   -2
132      4.50e-06       0.00900     -771.46783       0.20508       0.97582       0.95655       0.94064       0.91631       0.90551       0.84608       0.86967       0.83265       0.88264       0.83506       0.90743       0.84709       0.88816       0.90943       0.85541       0.84500       0.88929       0.87108  -191.9284943383      0.00149   -3
-- Local optimization: stuck in the same solution


---- Best joint likelihood found -191.92849 with gradient 0.00149
-- Model: B
--     eps_an        eps_cont      theta_bar     a        
--    4.50e-06      0.00e+00       0.00900       -1.00000  
--      S_d            b             p_b           S_b      
--   -771.46783       0.20508      0.00e+00      0.00e+00  
--     r  2          r  3          r  4          r  5          r  6          r  7          r  8          r  9          r 10          r 11          r 12          r 13          r 14          r 15          r 16          r 17          r 18          r 19     
--     0.97582       0.95655       0.94064       0.91631       0.90551       0.84608       0.86967       0.83265       0.88264       0.83506       0.90743       0.84709       0.88816       0.90943       0.85541       0.84500       0.88929       0.87108  

---- Expected P_neut(i), 0 < i < n (neutral SFS per site) 
E[P_neut(1)] = 0.009000
E[P_neut(2)] = 0.004391
E[P_neut(3)] = 0.002870
E[P_neut(4)] = 0.002116
E[P_neut(5)] = 0.001649
E[P_neut(6)] = 0.001358
E[P_neut(7)] = 0.001088
E[P_neut(8)] = 0.000978
E[P_neut(9)] = 0.000833
E[P_neut(10)] = 0.000794
E[P_neut(11)] = 0.000683
E[P_neut(12)] = 0.000681
E[P_neut(13)] = 0.000586
E[P_neut(14)] = 0.000571
E[P_neut(15)] = 0.000546
E[P_neut(16)] = 0.000481
E[P_neut(17)] = 0.000447
E[P_neut(18)] = 0.000445
E[P_neut(19)] = 0.000413

---- Expected P_sel(i), 0 < i < n (selected SFS per site) 
E[P_sel(1)] = 0.003625
E[P_sel(2)] = 0.001440
E[P_sel(3)] = 0.000854
E[P_sel(4)] = 0.000592
E[P_sel(5)] = 0.000441
E[P_sel(6)] = 0.000351
E[P_sel(7)] = 0.000273
E[P_sel(8)] = 0.000240
E[P_sel(9)] = 0.000200
E[P_sel(10)] = 0.000187
E[P_sel(11)] = 0.000158
E[P_sel(12)] = 0.000155
E[P_sel(13)] = 0.000132
E[P_sel(14)] = 0.000127
E[P_sel(15)] = 0.000120
E[P_sel(16)] = 0.000104
E[P_sel(17)] = 0.000096
E[P_sel(18)] = 0.000095
E[P_sel(19)] = 0.000087

---- Expected neutral and selected misattributed polymorphism per site
E[mis_neut] = 0.000450
E[mis_sel] = 0.000094

---- alpha_div = 0.315132
---- alpha_dfe = 0.000000



