---- Performing inference on Ns200_pa_0.00025_boots/Ns200_pa_0.00025.7.polyDFE.txt using model B

---- Warning: mutation variability is not used when only one neutral and one selected fragment is available.
---- No mutation variability. Using Poisson likelihood.

---- Using provided initial values


-- Starting local optimization
 it       eps_an        eps_cont      theta_bar      S_d            b             p_b           S_b           r  2          r  3          r  4          r  5          r  6          r  7          r  8          r  9          r 10          r 11          r 12          r 13          r 14          r 15          r 16          r 17          r 18          r 19         ln lk             grad     status
  0      4.50e-06      9.00e-07       0.00100     -400.00000       0.40000       0.02000       4.00000       1.00000       1.00000       1.00000       1.00000       1.00000       1.00000       1.00000       1.00000       1.00000       1.00000       1.00000       1.00000       1.00000       1.00000       1.00000       1.00000       1.00000       1.00000  -206787.4704505933   1500.88554   -2
862      4.47e-06      9.00e-07       0.00889     -543.41513       0.22641       0.00278      12.17433       0.98608       0.97001       0.94532       0.96575       0.92236       0.87414       0.90266       0.88451       0.88522       0.87558       0.87372       0.84490       0.87565       0.93594       0.88914       0.84866       0.87311       0.91360  -198.3429050576      0.00183   -3
-- Local optimization: stuck in the same solution


---- Best joint likelihood found -198.34291 with gradient 0.00183
-- Model: B
--     eps_an        eps_cont      theta_bar     a        
--    4.47e-06      9.00e-07       0.00889       -1.00000  
--      S_d            b             p_b           S_b      
--   -543.41513       0.22641       0.00278      12.17433  
--     r  2          r  3          r  4          r  5          r  6          r  7          r  8          r  9          r 10          r 11          r 12          r 13          r 14          r 15          r 16          r 17          r 18          r 19     
--     0.98608       0.97001       0.94532       0.96575       0.92236       0.87414       0.90266       0.88451       0.88522       0.87558       0.87372       0.84490       0.87565       0.93594       0.88914       0.84866       0.87311       0.91360  

---- Expected P_neut(i), 0 < i < n (neutral SFS per site) 
E[P_neut(1)] = 0.008889
E[P_neut(2)] = 0.004383
E[P_neut(3)] = 0.002874
E[P_neut(4)] = 0.002101
E[P_neut(5)] = 0.001717
E[P_neut(6)] = 0.001366
E[P_neut(7)] = 0.001110
E[P_neut(8)] = 0.001003
E[P_neut(9)] = 0.000874
E[P_neut(10)] = 0.000787
E[P_neut(11)] = 0.000708
E[P_neut(12)] = 0.000647
E[P_neut(13)] = 0.000578
E[P_neut(14)] = 0.000556
E[P_neut(15)] = 0.000555
E[P_neut(16)] = 0.000494
E[P_neut(17)] = 0.000444
E[P_neut(18)] = 0.000431
E[P_neut(19)] = 0.000427

---- Expected P_sel(i), 0 < i < n (selected SFS per site) 
E[P_sel(1)] = 0.003616
E[P_sel(2)] = 0.001426
E[P_sel(3)] = 0.000842
E[P_sel(4)] = 0.000575
E[P_sel(5)] = 0.000448
E[P_sel(6)] = 0.000344
E[P_sel(7)] = 0.000271
E[P_sel(8)] = 0.000239
E[P_sel(9)] = 0.000204
E[P_sel(10)] = 0.000180
E[P_sel(11)] = 0.000159
E[P_sel(12)] = 0.000144
E[P_sel(13)] = 0.000127
E[P_sel(14)] = 0.000121
E[P_sel(15)] = 0.000120
E[P_sel(16)] = 0.000107
E[P_sel(17)] = 0.000096
E[P_sel(18)] = 0.000094
E[P_sel(19)] = 0.000094

---- Expected neutral and selected misattributed polymorphism per site
E[mis_neut] = 0.000444
E[mis_sel] = 0.000099

---- alpha_div = 0.355851
---- alpha_dfe = 0.148254



