---- Performing inference on Ns200_pa_0.00025_boots/Ns200_pa_0.00025.2.polyDFE.txt using model B

---- Warning: mutation variability is not used when only one neutral and one selected fragment is available.
---- No mutation variability. Using Poisson likelihood.

---- Using provided initial values


-- Starting local optimization
 it       eps_an        eps_cont      lambda        theta_bar      S_d            b             p_b           S_b           r  2          r  3          r  4          r  5          r  6          r  7          r  8          r  9          r 10          r 11          r 12          r 13          r 14          r 15          r 16          r 17          r 18          r 19          r 20         ln lk             grad     status
  0      4.50e-06      9.00e-07       0.00500       0.00100     -400.00000       0.40000       0.02000       4.00000       1.00000       1.00000       1.00000       1.00000       1.00000       1.00000       1.00000       1.00000       1.00000       1.00000       1.00000       1.00000       1.00000       1.00000       1.00000       1.00000       1.00000       1.00000       1.00000  -209516.0957946649   1537.67805   -2
303      4.49e-06      9.00e-07       0.00492       0.00903     -799.25789       0.20792       0.00261      37.42983       0.97017       0.95328       0.94175       0.93360       0.89971       0.84660       0.91331       0.88775       0.84367       0.87695       0.87908       0.83835       0.83976       0.87926       0.81053       0.81138       0.85204       0.79643       0.88433  -200.2664416090      0.00977   -3
-- Local optimization: stuck in the same solution


---- Best joint likelihood found -200.26644 with gradient 0.00977
-- Model: B
--     eps_an        eps_cont      lambda        theta_bar     a        
--    4.49e-06      9.00e-07       0.00492       0.00903       -1.00000  
--      S_d            b             p_b           S_b      
--   -799.25789       0.20792       0.00261      37.42983  
--     r  2          r  3          r  4          r  5          r  6          r  7          r  8          r  9          r 10          r 11          r 12          r 13          r 14          r 15          r 16          r 17          r 18          r 19          r 20     
--     0.97017       0.95328       0.94175       0.93360       0.89971       0.84660       0.91331       0.88775       0.84367       0.87695       0.87908       0.83835       0.83976       0.87926       0.81053       0.81138       0.85204       0.79643       0.88433  

---- Expected P_neut(i), 0 < i < n (neutral SFS per site) 
E[P_neut(1)] = 0.009033
E[P_neut(2)] = 0.004382
E[P_neut(3)] = 0.002870
E[P_neut(4)] = 0.002127
E[P_neut(5)] = 0.001687
E[P_neut(6)] = 0.001354
E[P_neut(7)] = 0.001092
E[P_neut(8)] = 0.001031
E[P_neut(9)] = 0.000891
E[P_neut(10)] = 0.000762
E[P_neut(11)] = 0.000720
E[P_neut(12)] = 0.000662
E[P_neut(13)] = 0.000583
E[P_neut(14)] = 0.000542
E[P_neut(15)] = 0.000529
E[P_neut(16)] = 0.000458
E[P_neut(17)] = 0.000431
E[P_neut(18)] = 0.000428
E[P_neut(19)] = 0.000379

---- Expected P_sel(i), 0 < i < n (selected SFS per site) 
E[P_sel(1)] = 0.003594
E[P_sel(2)] = 0.001417
E[P_sel(3)] = 0.000843
E[P_sel(4)] = 0.000588
E[P_sel(5)] = 0.000446
E[P_sel(6)] = 0.000346
E[P_sel(7)] = 0.000271
E[P_sel(8)] = 0.000250
E[P_sel(9)] = 0.000212
E[P_sel(10)] = 0.000179
E[P_sel(11)] = 0.000166
E[P_sel(12)] = 0.000151
E[P_sel(13)] = 0.000132
E[P_sel(14)] = 0.000122
E[P_sel(15)] = 0.000118
E[P_sel(16)] = 0.000102
E[P_sel(17)] = 0.000097
E[P_sel(18)] = 0.000098
E[P_sel(19)] = 0.000091

---- Expected D_neut and D_sel (neutral and selected divergence per site) 
E[D_neut] = 0.005323
E[D_sel] = 0.001576

---- Expected neutral and selected misattributed polymorphism per site
E[mis_neut] = 0.000399
E[mis_sel] = 0.000103

---- alpha_div = 0.327374
---- alpha_dfe = 0.327033



