---- Performing inference on Ns200_pa_0.00025_boots/Ns200_pa_0.00025.28.polyDFE.txt using model B

---- Warning: mutation variability is not used when only one neutral and one selected fragment is available.
---- No mutation variability. Using Poisson likelihood.

---- Using provided initial values


-- Starting local optimization
 it       eps_an        eps_cont      lambda        theta_bar      S_d            b             p_b           S_b           r  2          r  3          r  4          r  5          r  6          r  7          r  8          r  9          r 10          r 11          r 12          r 13          r 14          r 15          r 16          r 17          r 18          r 19          r 20         ln lk             grad     status
  0      4.50e-06      9.00e-07       0.00500       0.00100     -400.00000       0.40000       0.02000       4.00000       1.00000       1.00000       1.00000       1.00000       1.00000       1.00000       1.00000       1.00000       1.00000       1.00000       1.00000       1.00000       1.00000       1.00000       1.00000       1.00000       1.00000       1.00000       1.00000  -208934.0804967457   1534.90423   -2
 84      4.49e-06      9.00e-07       0.00496       0.00889     -500.88996       0.22857       0.00269      37.42986       0.97867       0.95441       0.94129       0.92761       0.91016       0.87159       0.89467       0.88467       0.90835       0.88780       0.90471       0.87304       0.90256       0.91485       0.84021       0.84777       0.86527       0.86316       0.83872  -202.1473781601      0.11863   -3
-- Local optimization: stuck in the same solution


---- Best joint likelihood found -202.14738 with gradient 0.11863
-- Model: B
--     eps_an        eps_cont      lambda        theta_bar     a        
--    4.49e-06      9.00e-07       0.00496       0.00889       -1.00000  
--      S_d            b             p_b           S_b      
--   -500.88996       0.22857       0.00269      37.42986  
--     r  2          r  3          r  4          r  5          r  6          r  7          r  8          r  9          r 10          r 11          r 12          r 13          r 14          r 15          r 16          r 17          r 18          r 19          r 20     
--     0.97867       0.95441       0.94129       0.92761       0.91016       0.87159       0.89467       0.88467       0.90835       0.88780       0.90471       0.87304       0.90256       0.91485       0.84021       0.84777       0.86527       0.86316       0.83872  

---- Expected P_neut(i), 0 < i < n (neutral SFS per site) 
E[P_neut(1)] = 0.008889
E[P_neut(2)] = 0.004350
E[P_neut(3)] = 0.002828
E[P_neut(4)] = 0.002092
E[P_neut(5)] = 0.001649
E[P_neut(6)] = 0.001348
E[P_neut(7)] = 0.001107
E[P_neut(8)] = 0.000994
E[P_neut(9)] = 0.000874
E[P_neut(10)] = 0.000807
E[P_neut(11)] = 0.000717
E[P_neut(12)] = 0.000670
E[P_neut(13)] = 0.000597
E[P_neut(14)] = 0.000573
E[P_neut(15)] = 0.000542
E[P_neut(16)] = 0.000467
E[P_neut(17)] = 0.000443
E[P_neut(18)] = 0.000427
E[P_neut(19)] = 0.000404

---- Expected P_sel(i), 0 < i < n (selected SFS per site) 
E[P_sel(1)] = 0.003657
E[P_sel(2)] = 0.001429
E[P_sel(3)] = 0.000835
E[P_sel(4)] = 0.000578
E[P_sel(5)] = 0.000434
E[P_sel(6)] = 0.000342
E[P_sel(7)] = 0.000272
E[P_sel(8)] = 0.000238
E[P_sel(9)] = 0.000205
E[P_sel(10)] = 0.000186
E[P_sel(11)] = 0.000163
E[P_sel(12)] = 0.000150
E[P_sel(13)] = 0.000132
E[P_sel(14)] = 0.000126
E[P_sel(15)] = 0.000119
E[P_sel(16)] = 0.000102
E[P_sel(17)] = 0.000098
E[P_sel(18)] = 0.000096
E[P_sel(19)] = 0.000095

---- Expected D_neut and D_sel (neutral and selected divergence per site) 
E[D_neut] = 0.005337
E[D_sel] = 0.001563

---- Expected neutral and selected misattributed polymorphism per site
E[mis_neut] = 0.000373
E[mis_sel] = 0.000095

---- alpha_div = 0.341710
---- alpha_dfe = 0.340181



