---- Performing inference on Ns200_pa_0.00025_boots/Ns200_pa_0.00025.4.polyDFE.txt using model B

---- Warning: mutation variability is not used when only one neutral and one selected fragment is available.
---- No mutation variability. Using Poisson likelihood.

---- Using provided initial values


-- Starting local optimization
 it       eps_an        eps_cont      lambda        theta_bar      S_d            b             p_b           S_b           r  2          r  3          r  4          r  5          r  6          r  7          r  8          r  9          r 10          r 11          r 12          r 13          r 14          r 15          r 16          r 17          r 18          r 19          r 20         ln lk             grad     status
  0      4.50e-06      9.00e-07       0.00500       0.00100     -400.00000       0.40000       0.02000       4.00000       1.00000       1.00000       1.00000       1.00000       1.00000       1.00000       1.00000       1.00000       1.00000       1.00000       1.00000       1.00000       1.00000       1.00000       1.00000       1.00000       1.00000       1.00000       1.00000  -210825.8774808762   1544.43804   -2
252      4.50e-06      9.00e-07       0.00504       0.00902     -658.38153       0.21626       0.00286      32.47152       0.99364       0.95788       0.93782       0.92420       0.88934       0.85919       0.87396       0.85564       0.89083       0.85884       0.84773       0.84234       0.84303       0.88895       0.84053       0.85452       0.84031       0.84417       0.92324  -204.6875798842      0.00252   -3
-- Local optimization: stuck in the same solution


---- Best joint likelihood found -204.68758 with gradient 0.00252
-- Model: B
--     eps_an        eps_cont      lambda        theta_bar     a        
--    4.50e-06      9.00e-07       0.00504       0.00902       -1.00000  
--      S_d            b             p_b           S_b      
--   -658.38153       0.21626       0.00286      32.47152  
--     r  2          r  3          r  4          r  5          r  6          r  7          r  8          r  9          r 10          r 11          r 12          r 13          r 14          r 15          r 16          r 17          r 18          r 19          r 20     
--     0.99364       0.95788       0.93782       0.92420       0.88934       0.85919       0.87396       0.85564       0.89083       0.85884       0.84773       0.84234       0.84303       0.88895       0.84053       0.85452       0.84031       0.84417       0.92324  

---- Expected P_neut(i), 0 < i < n (neutral SFS per site) 
E[P_neut(1)] = 0.009020
E[P_neut(2)] = 0.004481
E[P_neut(3)] = 0.002880
E[P_neut(4)] = 0.002115
E[P_neut(5)] = 0.001667
E[P_neut(6)] = 0.001337
E[P_neut(7)] = 0.001107
E[P_neut(8)] = 0.000985
E[P_neut(9)] = 0.000858
E[P_neut(10)] = 0.000804
E[P_neut(11)] = 0.000704
E[P_neut(12)] = 0.000637
E[P_neut(13)] = 0.000584
E[P_neut(14)] = 0.000543
E[P_neut(15)] = 0.000535
E[P_neut(16)] = 0.000474
E[P_neut(17)] = 0.000453
E[P_neut(18)] = 0.000421
E[P_neut(19)] = 0.000401

---- Expected P_sel(i), 0 < i < n (selected SFS per site) 
E[P_sel(1)] = 0.003635
E[P_sel(2)] = 0.001458
E[P_sel(3)] = 0.000847
E[P_sel(4)] = 0.000584
E[P_sel(5)] = 0.000440
E[P_sel(6)] = 0.000340
E[P_sel(7)] = 0.000274
E[P_sel(8)] = 0.000238
E[P_sel(9)] = 0.000203
E[P_sel(10)] = 0.000187
E[P_sel(11)] = 0.000162
E[P_sel(12)] = 0.000144
E[P_sel(13)] = 0.000131
E[P_sel(14)] = 0.000121
E[P_sel(15)] = 0.000119
E[P_sel(16)] = 0.000105
E[P_sel(17)] = 0.000102
E[P_sel(18)] = 0.000096
E[P_sel(19)] = 0.000095

---- Expected D_neut and D_sel (neutral and selected divergence per site) 
E[D_neut] = 0.005457
E[D_sel] = 0.001575

---- Expected neutral and selected misattributed polymorphism per site
E[mis_neut] = 0.000416
E[mis_sel] = 0.000107

---- alpha_div = 0.318362
---- alpha_dfe = 0.318469



