---- Performing inference on Ns200_pa_0.00025_boots/Ns200_pa_0.00025.38.polyDFE.txt using model B

---- Warning: mutation variability is not used when only one neutral and one selected fragment is available.
---- No mutation variability. Using Poisson likelihood.

---- Using provided initial values


-- Starting local optimization
 it       eps_an        eps_cont      theta_bar      S_d            b             p_b           S_b           r  2          r  3          r  4          r  5          r  6          r  7          r  8          r  9          r 10          r 11          r 12          r 13          r 14          r 15          r 16          r 17          r 18          r 19         ln lk             grad     status
  0      4.50e-06      9.00e-07       0.00100     -400.00000       0.40000       0.02000       4.00000       1.00000       1.00000       1.00000       1.00000       1.00000       1.00000       1.00000       1.00000       1.00000       1.00000       1.00000       1.00000       1.00000       1.00000       1.00000       1.00000       1.00000       1.00000  -208747.7953368883   1512.75504   -2
397      4.52e-06      9.00e-07       0.00897     -821.89157       0.20363       0.00437       1.23808       0.98729       0.93879       0.93837       0.91371       0.90813       0.84582       0.86997       0.85035       0.87283       0.90049       0.88610       0.86733       0.87002       0.87575       0.89882       0.85519       0.90414       0.92026  -194.7380535847      0.00158   -3
-- Local optimization: stuck in the same solution


---- Best joint likelihood found -194.73805 with gradient 0.00158
-- Model: B
--     eps_an        eps_cont      theta_bar     a        
--    4.52e-06      9.00e-07       0.00897       -1.00000  
--      S_d            b             p_b           S_b      
--   -821.89157       0.20363       0.00437       1.23808  
--     r  2          r  3          r  4          r  5          r  6          r  7          r  8          r  9          r 10          r 11          r 12          r 13          r 14          r 15          r 16          r 17          r 18          r 19     
--     0.98729       0.93879       0.93837       0.91371       0.90813       0.84582       0.86997       0.85035       0.87283       0.90049       0.88610       0.86733       0.87002       0.87575       0.89882       0.85519       0.90414       0.92026  

---- Expected P_neut(i), 0 < i < n (neutral SFS per site) 
E[P_neut(1)] = 0.008968
E[P_neut(2)] = 0.004427
E[P_neut(3)] = 0.002806
E[P_neut(4)] = 0.002104
E[P_neut(5)] = 0.001639
E[P_neut(6)] = 0.001357
E[P_neut(7)] = 0.001084
E[P_neut(8)] = 0.000975
E[P_neut(9)] = 0.000847
E[P_neut(10)] = 0.000783
E[P_neut(11)] = 0.000734
E[P_neut(12)] = 0.000662
E[P_neut(13)] = 0.000598
E[P_neut(14)] = 0.000557
E[P_neut(15)] = 0.000524
E[P_neut(16)] = 0.000504
E[P_neut(17)] = 0.000451
E[P_neut(18)] = 0.000450
E[P_neut(19)] = 0.000434

---- Expected P_sel(i), 0 < i < n (selected SFS per site) 
E[P_sel(1)] = 0.003609
E[P_sel(2)] = 0.001456
E[P_sel(3)] = 0.000840
E[P_sel(4)] = 0.000593
E[P_sel(5)] = 0.000443
E[P_sel(6)] = 0.000354
E[P_sel(7)] = 0.000275
E[P_sel(8)] = 0.000242
E[P_sel(9)] = 0.000206
E[P_sel(10)] = 0.000187
E[P_sel(11)] = 0.000173
E[P_sel(12)] = 0.000154
E[P_sel(13)] = 0.000137
E[P_sel(14)] = 0.000126
E[P_sel(15)] = 0.000117
E[P_sel(16)] = 0.000112
E[P_sel(17)] = 0.000099
E[P_sel(18)] = 0.000098
E[P_sel(19)] = 0.000094

---- Expected neutral and selected misattributed polymorphism per site
E[mis_neut] = 0.000448
E[mis_sel] = 0.000096

---- alpha_div = 0.312453
---- alpha_dfe = 0.035685



