---- Performing inference on Ns200_pa_0.00025_boots/Ns200_pa_0.00025.70.polyDFE.txt using model B

---- Warning: mutation variability is not used when only one neutral and one selected fragment is available.
---- No mutation variability. Using Poisson likelihood.

---- Using provided initial values


-- Starting local optimization
 it       eps_an        eps_cont      theta_bar      S_d            b             p_b           S_b           r  2          r  3          r  4          r  5          r  6          r  7          r  8          r  9          r 10          r 11          r 12          r 13          r 14          r 15          r 16          r 17          r 18          r 19         ln lk             grad     status
  0      4.50e-06      9.00e-07       0.00100     -400.00000       0.40000       0.02000       4.00000       1.00000       1.00000       1.00000       1.00000       1.00000       1.00000       1.00000       1.00000       1.00000       1.00000       1.00000       1.00000       1.00000       1.00000       1.00000       1.00000       1.00000       1.00000  -207368.1592843942   1504.93812   -2
347      4.50e-06      9.00e-07       0.00903     -946.20547       0.20126       0.00725       1.35116       0.97653       0.94413       0.90663       0.92377       0.90201       0.83758       0.89605       0.85275       0.85272       0.85492       0.84560       0.82097       0.85438       0.91540       0.84959       0.82822       0.90254       0.91854  -195.2958765360      0.00320   -3
-- Local optimization: stuck in the same solution


---- Best joint likelihood found -195.29588 with gradient 0.00320
-- Model: B
--     eps_an        eps_cont      theta_bar     a        
--    4.50e-06      9.00e-07       0.00903       -1.00000  
--      S_d            b             p_b           S_b      
--   -946.20547       0.20126       0.00725       1.35116  
--     r  2          r  3          r  4          r  5          r  6          r  7          r  8          r  9          r 10          r 11          r 12          r 13          r 14          r 15          r 16          r 17          r 18          r 19     
--     0.97653       0.94413       0.90663       0.92377       0.90201       0.83758       0.89605       0.85275       0.85272       0.85492       0.84560       0.82097       0.85438       0.91540       0.84959       0.82822       0.90254       0.91854  

---- Expected P_neut(i), 0 < i < n (neutral SFS per site) 
E[P_neut(1)] = 0.009032
E[P_neut(2)] = 0.004410
E[P_neut(3)] = 0.002842
E[P_neut(4)] = 0.002047
E[P_neut(5)] = 0.001669
E[P_neut(6)] = 0.001358
E[P_neut(7)] = 0.001081
E[P_neut(8)] = 0.001012
E[P_neut(9)] = 0.000856
E[P_neut(10)] = 0.000770
E[P_neut(11)] = 0.000702
E[P_neut(12)] = 0.000636
E[P_neut(13)] = 0.000570
E[P_neut(14)] = 0.000551
E[P_neut(15)] = 0.000551
E[P_neut(16)] = 0.000480
E[P_neut(17)] = 0.000440
E[P_neut(18)] = 0.000453
E[P_neut(19)] = 0.000437

---- Expected P_sel(i), 0 < i < n (selected SFS per site) 
E[P_sel(1)] = 0.003583
E[P_sel(2)] = 0.001435
E[P_sel(3)] = 0.000844
E[P_sel(4)] = 0.000573
E[P_sel(5)] = 0.000448
E[P_sel(6)] = 0.000353
E[P_sel(7)] = 0.000274
E[P_sel(8)] = 0.000251
E[P_sel(9)] = 0.000208
E[P_sel(10)] = 0.000184
E[P_sel(11)] = 0.000165
E[P_sel(12)] = 0.000148
E[P_sel(13)] = 0.000131
E[P_sel(14)] = 0.000125
E[P_sel(15)] = 0.000124
E[P_sel(16)] = 0.000107
E[P_sel(17)] = 0.000097
E[P_sel(18)] = 0.000100
E[P_sel(19)] = 0.000095

---- Expected neutral and selected misattributed polymorphism per site
E[mis_neut] = 0.000452
E[mis_sel] = 0.000098

---- alpha_div = 0.323033
---- alpha_dfe = 0.061223



