---- Performing inference on Ns200_pa_0.00025_boots/Ns200_pa_0.00025.0.polyDFE.txt using model B

---- Warning: mutation variability is not used when only one neutral and one selected fragment is available.
---- No mutation variability. Using Poisson likelihood.

---- Using provided initial values


-- Starting local optimization
 it       eps_an        theta_bar      S_d            b             r  2          r  3          r  4          r  5          r  6          r  7          r  8          r  9          r 10          r 11          r 12          r 13          r 14          r 15          r 16          r 17          r 18          r 19         ln lk             grad     status
  0      4.50e-06       0.00100     -400.00000       0.40000       1.00000       1.00000       1.00000       1.00000       1.00000       1.00000       1.00000       1.00000       1.00000       1.00000       1.00000       1.00000       1.00000       1.00000       1.00000       1.00000       1.00000       1.00000  -215545.0484808547   1582.30668   -2
133      4.50e-06       0.00900     -752.76658       0.20769       0.97832       0.94539       0.91958       0.90114       0.91782       0.85407       0.84394       0.87317       0.87471       0.89584       0.87265       0.88103       0.85989       0.88569       0.85325       0.83455       0.89730       0.90835  -201.8060269692      0.00099   -3
-- Local optimization: stuck in the same solution


---- Best joint likelihood found -201.80603 with gradient 0.00099
-- Model: B
--     eps_an        eps_cont      theta_bar     a        
--    4.50e-06      0.00e+00       0.00900       -1.00000  
--      S_d            b             p_b           S_b      
--   -752.76658       0.20769      0.00e+00      0.00e+00  
--     r  2          r  3          r  4          r  5          r  6          r  7          r  8          r  9          r 10          r 11          r 12          r 13          r 14          r 15          r 16          r 17          r 18          r 19     
--     0.97832       0.94539       0.91958       0.90114       0.91782       0.85407       0.84394       0.87317       0.87471       0.89584       0.87265       0.88103       0.85989       0.88569       0.85325       0.83455       0.89730       0.90835  

---- Expected P_neut(i), 0 < i < n (neutral SFS per site) 
E[P_neut(1)] = 0.009001
E[P_neut(2)] = 0.004403
E[P_neut(3)] = 0.002836
E[P_neut(4)] = 0.002069
E[P_neut(5)] = 0.001622
E[P_neut(6)] = 0.001377
E[P_neut(7)] = 0.001098
E[P_neut(8)] = 0.000949
E[P_neut(9)] = 0.000873
E[P_neut(10)] = 0.000787
E[P_neut(11)] = 0.000733
E[P_neut(12)] = 0.000655
E[P_neut(13)] = 0.000610
E[P_neut(14)] = 0.000553
E[P_neut(15)] = 0.000531
E[P_neut(16)] = 0.000480
E[P_neut(17)] = 0.000442
E[P_neut(18)] = 0.000449
E[P_neut(19)] = 0.000430

---- Expected P_sel(i), 0 < i < n (selected SFS per site) 
E[P_sel(1)] = 0.003611
E[P_sel(2)] = 0.001434
E[P_sel(3)] = 0.000838
E[P_sel(4)] = 0.000574
E[P_sel(5)] = 0.000430
E[P_sel(6)] = 0.000352
E[P_sel(7)] = 0.000273
E[P_sel(8)] = 0.000230
E[P_sel(9)] = 0.000207
E[P_sel(10)] = 0.000183
E[P_sel(11)] = 0.000168
E[P_sel(12)] = 0.000148
E[P_sel(13)] = 0.000136
E[P_sel(14)] = 0.000121
E[P_sel(15)] = 0.000115
E[P_sel(16)] = 0.000103
E[P_sel(17)] = 0.000094
E[P_sel(18)] = 0.000094
E[P_sel(19)] = 0.000090

---- Expected neutral and selected misattributed polymorphism per site
E[mis_neut] = 0.000450
E[mis_sel] = 0.000093

---- alpha_div = 0.319990
---- alpha_dfe = 0.000000



