---- Performing inference on Ns200_pa_0.00025_boots/Ns200_pa_0.00025.78.polyDFE.txt using model B

---- Warning: mutation variability is not used when only one neutral and one selected fragment is available.
---- No mutation variability. Using Poisson likelihood.

---- Using provided initial values


-- Starting local optimization
 it       eps_an        theta_bar      S_d            b             r  2          r  3          r  4          r  5          r  6          r  7          r  8          r  9          r 10          r 11          r 12          r 13          r 14          r 15          r 16          r 17          r 18          r 19         ln lk             grad     status
  0      4.50e-06       0.00100     -400.00000       0.40000       1.00000       1.00000       1.00000       1.00000       1.00000       1.00000       1.00000       1.00000       1.00000       1.00000       1.00000       1.00000       1.00000       1.00000       1.00000       1.00000       1.00000       1.00000  -217003.8123459687   1592.00644   -2
110      4.50e-06       0.00899     -828.67551       0.20138       0.98704       0.93243       0.92839       0.92293       0.88464       0.85808       0.86780       0.86206       0.88097       0.88407       0.87870       0.82911       0.86346       0.86766       0.83754       0.85586       0.89642       0.94999  -190.3687872062      0.00175   -3
-- Local optimization: stuck in the same solution


---- Best joint likelihood found -190.36879 with gradient 0.00175
-- Model: B
--     eps_an        eps_cont      theta_bar     a        
--    4.50e-06      0.00e+00       0.00899       -1.00000  
--      S_d            b             p_b           S_b      
--   -828.67551       0.20138      0.00e+00      0.00e+00  
--     r  2          r  3          r  4          r  5          r  6          r  7          r  8          r  9          r 10          r 11          r 12          r 13          r 14          r 15          r 16          r 17          r 18          r 19     
--     0.98704       0.93243       0.92839       0.92293       0.88464       0.85808       0.86780       0.86206       0.88097       0.88407       0.87870       0.82911       0.86346       0.86766       0.83754       0.85586       0.89642       0.94999  

---- Expected P_neut(i), 0 < i < n (neutral SFS per site) 
E[P_neut(1)] = 0.008987
E[P_neut(2)] = 0.004435
E[P_neut(3)] = 0.002793
E[P_neut(4)] = 0.002086
E[P_neut(5)] = 0.001659
E[P_neut(6)] = 0.001325
E[P_neut(7)] = 0.001102
E[P_neut(8)] = 0.000975
E[P_neut(9)] = 0.000861
E[P_neut(10)] = 0.000792
E[P_neut(11)] = 0.000722
E[P_neut(12)] = 0.000658
E[P_neut(13)] = 0.000573
E[P_neut(14)] = 0.000554
E[P_neut(15)] = 0.000520
E[P_neut(16)] = 0.000470
E[P_neut(17)] = 0.000452
E[P_neut(18)] = 0.000448
E[P_neut(19)] = 0.000449

---- Expected P_sel(i), 0 < i < n (selected SFS per site) 
E[P_sel(1)] = 0.003614
E[P_sel(2)] = 0.001457
E[P_sel(3)] = 0.000835
E[P_sel(4)] = 0.000587
E[P_sel(5)] = 0.000446
E[P_sel(6)] = 0.000344
E[P_sel(7)] = 0.000278
E[P_sel(8)] = 0.000241
E[P_sel(9)] = 0.000208
E[P_sel(10)] = 0.000188
E[P_sel(11)] = 0.000169
E[P_sel(12)] = 0.000151
E[P_sel(13)] = 0.000130
E[P_sel(14)] = 0.000124
E[P_sel(15)] = 0.000115
E[P_sel(16)] = 0.000103
E[P_sel(17)] = 0.000098
E[P_sel(18)] = 0.000096
E[P_sel(19)] = 0.000096

---- Expected neutral and selected misattributed polymorphism per site
E[mis_neut] = 0.000449
E[mis_sel] = 0.000095

---- alpha_div = 0.311462
---- alpha_dfe = 0.000000



