---- Performing inference on Ns200_pa_0.00025_boots/Ns200_pa_0.00025.52.polyDFE.txt using model B

---- Warning: mutation variability is not used when only one neutral and one selected fragment is available.
---- No mutation variability. Using Poisson likelihood.

---- Using provided initial values


-- Starting local optimization
 it       eps_an        eps_cont      lambda        theta_bar      S_d            b             p_b           S_b           r  2          r  3          r  4          r  5          r  6          r  7          r  8          r  9          r 10          r 11          r 12          r 13          r 14          r 15          r 16          r 17          r 18          r 19          r 20         ln lk             grad     status
  0      4.50e-06      9.00e-07       0.00500       0.00100     -400.00000       0.40000       0.02000       4.00000       1.00000       1.00000       1.00000       1.00000       1.00000       1.00000       1.00000       1.00000       1.00000       1.00000       1.00000       1.00000       1.00000       1.00000       1.00000       1.00000       1.00000       1.00000       1.00000  -210207.1826743883   1541.51464   -2
112      4.50e-06      9.00e-07       0.00490       0.00898     -647.36797       0.21621       0.00265      37.42954       0.98046       0.96622       0.93564       0.93447       0.87776       0.85909       0.89200       0.86494       0.88199       0.89297       0.87431       0.85903       0.85711       0.87231       0.83713       0.83069       0.84337       0.86624       0.90523  -210.3705948759      0.06418   -3
-- Local optimization: stuck in the same solution


---- Best joint likelihood found -210.37059 with gradient 0.06418
-- Model: B
--     eps_an        eps_cont      lambda        theta_bar     a        
--    4.50e-06      9.00e-07       0.00490       0.00898       -1.00000  
--      S_d            b             p_b           S_b      
--   -647.36797       0.21621       0.00265      37.42954  
--     r  2          r  3          r  4          r  5          r  6          r  7          r  8          r  9          r 10          r 11          r 12          r 13          r 14          r 15          r 16          r 17          r 18          r 19          r 20     
--     0.98046       0.96622       0.93564       0.93447       0.87776       0.85909       0.89200       0.86494       0.88199       0.89297       0.87431       0.85903       0.85711       0.87231       0.83713       0.83069       0.84337       0.86624       0.90523  

---- Expected P_neut(i), 0 < i < n (neutral SFS per site) 
E[P_neut(1)] = 0.008983
E[P_neut(2)] = 0.004404
E[P_neut(3)] = 0.002893
E[P_neut(4)] = 0.002101
E[P_neut(5)] = 0.001679
E[P_neut(6)] = 0.001314
E[P_neut(7)] = 0.001102
E[P_neut(8)] = 0.001002
E[P_neut(9)] = 0.000863
E[P_neut(10)] = 0.000792
E[P_neut(11)] = 0.000729
E[P_neut(12)] = 0.000655
E[P_neut(13)] = 0.000594
E[P_neut(14)] = 0.000550
E[P_neut(15)] = 0.000522
E[P_neut(16)] = 0.000470
E[P_neut(17)] = 0.000439
E[P_neut(18)] = 0.000421
E[P_neut(19)] = 0.000410

---- Expected P_sel(i), 0 < i < n (selected SFS per site) 
E[P_sel(1)] = 0.003632
E[P_sel(2)] = 0.001437
E[P_sel(3)] = 0.000854
E[P_sel(4)] = 0.000582
E[P_sel(5)] = 0.000444
E[P_sel(6)] = 0.000335
E[P_sel(7)] = 0.000273
E[P_sel(8)] = 0.000242
E[P_sel(9)] = 0.000205
E[P_sel(10)] = 0.000185
E[P_sel(11)] = 0.000168
E[P_sel(12)] = 0.000149
E[P_sel(13)] = 0.000133
E[P_sel(14)] = 0.000123
E[P_sel(15)] = 0.000116
E[P_sel(16)] = 0.000104
E[P_sel(17)] = 0.000098
E[P_sel(18)] = 0.000096
E[P_sel(19)] = 0.000097

---- Expected D_neut and D_sel (neutral and selected divergence per site) 
E[D_neut] = 0.005312
E[D_sel] = 0.001569

---- Expected neutral and selected misattributed polymorphism per site
E[mis_neut] = 0.000407
E[mis_sel] = 0.000105

---- alpha_div = 0.334152
---- alpha_dfe = 0.332313



