---- Performing inference on Ns200_pa_0.00025_boots/Ns200_pa_0.00025.32.polyDFE.txt using model B

---- Warning: mutation variability is not used when only one neutral and one selected fragment is available.
---- No mutation variability. Using Poisson likelihood.

---- Using provided initial values


-- Starting local optimization
 it       eps_an        eps_cont      lambda        theta_bar      S_d            b             p_b           S_b           r  2          r  3          r  4          r  5          r  6          r  7          r  8          r  9          r 10          r 11          r 12          r 13          r 14          r 15          r 16          r 17          r 18          r 19          r 20         ln lk             grad     status
  0      4.50e-06      9.00e-07       0.00500       0.00100     -400.00000       0.40000       0.02000       4.00000       1.00000       1.00000       1.00000       1.00000       1.00000       1.00000       1.00000       1.00000       1.00000       1.00000       1.00000       1.00000       1.00000       1.00000       1.00000       1.00000       1.00000       1.00000       1.00000  -209294.1540543270   1536.54512   -2
 82      4.49e-06      9.00e-07       0.00499       0.00920    -1395.00399       0.18633       0.00227      37.39573       0.95482       0.93237       0.90857       0.88118       0.89181       0.84446       0.87233       0.82522       0.82742       0.85837       0.84207       0.82143       0.80537       0.86667       0.78533       0.83644       0.80590       0.82555       0.88052  -220.0035227711      0.61368   -3
-- Local optimization: stuck in the same solution


---- Best joint likelihood found -220.00352 with gradient 0.61368
-- Model: B
--     eps_an        eps_cont      lambda        theta_bar     a        
--    4.49e-06      9.00e-07       0.00499       0.00920       -1.00000  
--      S_d            b             p_b           S_b      
--  -1395.00399       0.18633       0.00227      37.39573  
--     r  2          r  3          r  4          r  5          r  6          r  7          r  8          r  9          r 10          r 11          r 12          r 13          r 14          r 15          r 16          r 17          r 18          r 19          r 20     
--     0.95482       0.93237       0.90857       0.88118       0.89181       0.84446       0.87233       0.82522       0.82742       0.85837       0.84207       0.82143       0.80537       0.86667       0.78533       0.83644       0.80590       0.82555       0.88052  

---- Expected P_neut(i), 0 < i < n (neutral SFS per site) 
E[P_neut(1)] = 0.009198
E[P_neut(2)] = 0.004391
E[P_neut(3)] = 0.002859
E[P_neut(4)] = 0.002089
E[P_neut(5)] = 0.001621
E[P_neut(6)] = 0.001367
E[P_neut(7)] = 0.001110
E[P_neut(8)] = 0.001003
E[P_neut(9)] = 0.000843
E[P_neut(10)] = 0.000761
E[P_neut(11)] = 0.000718
E[P_neut(12)] = 0.000645
E[P_neut(13)] = 0.000581
E[P_neut(14)] = 0.000529
E[P_neut(15)] = 0.000531
E[P_neut(16)] = 0.000451
E[P_neut(17)] = 0.000453
E[P_neut(18)] = 0.000412
E[P_neut(19)] = 0.000400

---- Expected P_sel(i), 0 < i < n (selected SFS per site) 
E[P_sel(1)] = 0.003560
E[P_sel(2)] = 0.001410
E[P_sel(3)] = 0.000842
E[P_sel(4)] = 0.000583
E[P_sel(5)] = 0.000435
E[P_sel(6)] = 0.000355
E[P_sel(7)] = 0.000281
E[P_sel(8)] = 0.000249
E[P_sel(9)] = 0.000206
E[P_sel(10)] = 0.000183
E[P_sel(11)] = 0.000170
E[P_sel(12)] = 0.000152
E[P_sel(13)] = 0.000135
E[P_sel(14)] = 0.000122
E[P_sel(15)] = 0.000122
E[P_sel(16)] = 0.000104
E[P_sel(17)] = 0.000105
E[P_sel(18)] = 0.000097
E[P_sel(19)] = 0.000097

---- Expected D_neut and D_sel (neutral and selected divergence per site) 
E[D_neut] = 0.005393
E[D_sel] = 0.001576

---- Expected neutral and selected misattributed polymorphism per site
E[mis_neut] = 0.000405
E[mis_sel] = 0.000105

---- alpha_div = 0.297530
---- alpha_dfe = 0.287522



