---- Performing inference on Ns200_pa_0.00025_boots/Ns200_pa_0.00025.59.polyDFE.txt using model B

---- Warning: mutation variability is not used when only one neutral and one selected fragment is available.
---- No mutation variability. Using Poisson likelihood.

---- Using provided initial values


-- Starting local optimization
 it       eps_an        eps_cont      theta_bar      S_d            b             p_b           S_b           r  2          r  3          r  4          r  5          r  6          r  7          r  8          r  9          r 10          r 11          r 12          r 13          r 14          r 15          r 16          r 17          r 18          r 19         ln lk             grad     status
  0      4.50e-06      9.00e-07       0.00100     -400.00000       0.40000       0.02000       4.00000       1.00000       1.00000       1.00000       1.00000       1.00000       1.00000       1.00000       1.00000       1.00000       1.00000       1.00000       1.00000       1.00000       1.00000       1.00000       1.00000       1.00000       1.00000  -205669.8878371442   1495.98112   -2
876      4.41e-06      9.00e-07       0.00897     -742.59918       0.20896       0.00182      10.48320       0.97043       0.95096       0.92474       0.92419       0.86738       0.85802       0.88030       0.86620       0.85928       0.85699       0.87735       0.89367       0.84881       0.89465       0.82777       0.86446       0.88202       0.91118  -191.7930314662      0.00556   -3
-- Local optimization: stuck in the same solution


---- Best joint likelihood found -191.79303 with gradient 0.00556
-- Model: B
--     eps_an        eps_cont      theta_bar     a        
--    4.41e-06      9.00e-07       0.00897       -1.00000  
--      S_d            b             p_b           S_b      
--   -742.59918       0.20896       0.00182      10.48320  
--     r  2          r  3          r  4          r  5          r  6          r  7          r  8          r  9          r 10          r 11          r 12          r 13          r 14          r 15          r 16          r 17          r 18          r 19     
--     0.97043       0.95096       0.92474       0.92419       0.86738       0.85802       0.88030       0.86620       0.85928       0.85699       0.87735       0.89367       0.84881       0.89465       0.82777       0.86446       0.88202       0.91118  

---- Expected P_neut(i), 0 < i < n (neutral SFS per site) 
E[P_neut(1)] = 0.008968
E[P_neut(2)] = 0.004351
E[P_neut(3)] = 0.002843
E[P_neut(4)] = 0.002073
E[P_neut(5)] = 0.001658
E[P_neut(6)] = 0.001296
E[P_neut(7)] = 0.001099
E[P_neut(8)] = 0.000987
E[P_neut(9)] = 0.000863
E[P_neut(10)] = 0.000771
E[P_neut(11)] = 0.000699
E[P_neut(12)] = 0.000656
E[P_neut(13)] = 0.000616
E[P_neut(14)] = 0.000544
E[P_neut(15)] = 0.000535
E[P_neut(16)] = 0.000464
E[P_neut(17)] = 0.000456
E[P_neut(18)] = 0.000439
E[P_neut(19)] = 0.000430

---- Expected P_sel(i), 0 < i < n (selected SFS per site) 
E[P_sel(1)] = 0.003604
E[P_sel(2)] = 0.001420
E[P_sel(3)] = 0.000841
E[P_sel(4)] = 0.000577
E[P_sel(5)] = 0.000441
E[P_sel(6)] = 0.000333
E[P_sel(7)] = 0.000275
E[P_sel(8)] = 0.000241
E[P_sel(9)] = 0.000206
E[P_sel(10)] = 0.000181
E[P_sel(11)] = 0.000162
E[P_sel(12)] = 0.000150
E[P_sel(13)] = 0.000139
E[P_sel(14)] = 0.000122
E[P_sel(15)] = 0.000119
E[P_sel(16)] = 0.000102
E[P_sel(17)] = 0.000100
E[P_sel(18)] = 0.000096
E[P_sel(19)] = 0.000094

---- Expected neutral and selected misattributed polymorphism per site
E[mis_neut] = 0.000448
E[mis_sel] = 0.000099

---- alpha_div = 0.326625
---- alpha_dfe = 0.085989



