---- Performing inference on Ns200_pa_0.00025_boots/Ns200_pa_0.00025.92.polyDFE.txt using model B

---- Warning: mutation variability is not used when only one neutral and one selected fragment is available.
---- No mutation variability. Using Poisson likelihood.

---- Using provided initial values


-- Starting local optimization
 it       eps_an        eps_cont      lambda        theta_bar      S_d            b             p_b           S_b           r  2          r  3          r  4          r  5          r  6          r  7          r  8          r  9          r 10          r 11          r 12          r 13          r 14          r 15          r 16          r 17          r 18          r 19          r 20         ln lk             grad     status
  0      4.50e-06      9.00e-07       0.00500       0.00100     -400.00000       0.40000       0.02000       4.00000       1.00000       1.00000       1.00000       1.00000       1.00000       1.00000       1.00000       1.00000       1.00000       1.00000       1.00000       1.00000       1.00000       1.00000       1.00000       1.00000       1.00000       1.00000       1.00000  -209480.9567971140   1538.08512   -2
128      4.49e-06      9.00e-07       0.00503       0.00902     -756.30009       0.20948       0.00249      37.42601       0.97417       0.94795       0.92550       0.92909       0.90114       0.87232       0.87171       0.85089       0.85286       0.89416       0.86191       0.82541       0.86361       0.89257       0.86286       0.82940       0.82977       0.82784       0.89367  -208.7598048745      0.10567   -3
-- Local optimization: stuck in the same solution


---- Best joint likelihood found -208.75980 with gradient 0.10567
-- Model: B
--     eps_an        eps_cont      lambda        theta_bar     a        
--    4.49e-06      9.00e-07       0.00503       0.00902       -1.00000  
--      S_d            b             p_b           S_b      
--   -756.30009       0.20948       0.00249      37.42601  
--     r  2          r  3          r  4          r  5          r  6          r  7          r  8          r  9          r 10          r 11          r 12          r 13          r 14          r 15          r 16          r 17          r 18          r 19          r 20     
--     0.97417       0.94795       0.92550       0.92909       0.90114       0.87232       0.87171       0.85089       0.85286       0.89416       0.86191       0.82541       0.86361       0.89257       0.86286       0.82940       0.82977       0.82784       0.89367  

---- Expected P_neut(i), 0 < i < n (neutral SFS per site) 
E[P_neut(1)] = 0.009021
E[P_neut(2)] = 0.004394
E[P_neut(3)] = 0.002850
E[P_neut(4)] = 0.002087
E[P_neut(5)] = 0.001676
E[P_neut(6)] = 0.001355
E[P_neut(7)] = 0.001124
E[P_neut(8)] = 0.000983
E[P_neut(9)] = 0.000853
E[P_neut(10)] = 0.000769
E[P_neut(11)] = 0.000733
E[P_neut(12)] = 0.000648
E[P_neut(13)] = 0.000573
E[P_neut(14)] = 0.000556
E[P_neut(15)] = 0.000537
E[P_neut(16)] = 0.000486
E[P_neut(17)] = 0.000440
E[P_neut(18)] = 0.000416
E[P_neut(19)] = 0.000393

---- Expected P_sel(i), 0 < i < n (selected SFS per site) 
E[P_sel(1)] = 0.003609
E[P_sel(2)] = 0.001427
E[P_sel(3)] = 0.000840
E[P_sel(4)] = 0.000578
E[P_sel(5)] = 0.000444
E[P_sel(6)] = 0.000347
E[P_sel(7)] = 0.000280
E[P_sel(8)] = 0.000239
E[P_sel(9)] = 0.000203
E[P_sel(10)] = 0.000180
E[P_sel(11)] = 0.000170
E[P_sel(12)] = 0.000148
E[P_sel(13)] = 0.000130
E[P_sel(14)] = 0.000125
E[P_sel(15)] = 0.000120
E[P_sel(16)] = 0.000109
E[P_sel(17)] = 0.000099
E[P_sel(18)] = 0.000095
E[P_sel(19)] = 0.000094

---- Expected D_neut and D_sel (neutral and selected divergence per site) 
E[D_neut] = 0.005437
E[D_sel] = 0.001587

---- Expected neutral and selected misattributed polymorphism per site
E[mis_neut] = 0.000403
E[mis_sel] = 0.000103

---- alpha_div = 0.318163
---- alpha_dfe = 0.315968



