---- Performing inference on Ns200_pa_0.00025_boots/Ns200_pa_0.00025.58.polyDFE.txt using model B

---- Warning: mutation variability is not used when only one neutral and one selected fragment is available.
---- No mutation variability. Using Poisson likelihood.

---- Using provided initial values


-- Starting local optimization
 it       eps_an        lambda        theta_bar      S_d            b             r  2          r  3          r  4          r  5          r  6          r  7          r  8          r  9          r 10          r 11          r 12          r 13          r 14          r 15          r 16          r 17          r 18          r 19          r 20         ln lk             grad     status
  0      4.50e-06       0.00500       0.00100     -400.00000       0.40000       1.00000       1.00000       1.00000       1.00000       1.00000       1.00000       1.00000       1.00000       1.00000       1.00000       1.00000       1.00000       1.00000       1.00000       1.00000       1.00000       1.00000       1.00000       1.00000  -223922.9197030372   1703.64721   -2
689      4.33e-06       0.00009       0.00908    -3262.28535       0.15236       0.95745       0.91829       0.87923       0.87532       0.86245       0.80543       0.83012       0.86700       0.84105       0.84486       0.81858       0.80620       0.82454       0.86111       0.77381       0.80765       0.82983       0.87687      12.59462  -430.5316407897      0.01073   -6
-- Local optimization: reached maximum running time allowed


---- Best joint likelihood found -430.53164 with gradient 0.01073
-- Model: B
--     eps_an        eps_cont      lambda        theta_bar     a        
--    4.33e-06      0.00e+00       0.00009       0.00908       -1.00000  
--      S_d            b             p_b           S_b      
--  -3262.28535       0.15236      0.00e+00      0.00e+00  
--     r  2          r  3          r  4          r  5          r  6          r  7          r  8          r  9          r 10          r 11          r 12          r 13          r 14          r 15          r 16          r 17          r 18          r 19          r 20     
--     0.95745       0.91829       0.87923       0.87532       0.86245       0.80543       0.83012       0.86700       0.84105       0.84486       0.81858       0.80620       0.82454       0.86111       0.77381       0.80765       0.82983       0.87687      12.59462  

---- Expected P_neut(i), 0 < i < n (neutral SFS per site) 
E[P_neut(1)] = 0.009080
E[P_neut(2)] = 0.004347
E[P_neut(3)] = 0.002779
E[P_neut(4)] = 0.001996
E[P_neut(5)] = 0.001590
E[P_neut(6)] = 0.001305
E[P_neut(7)] = 0.001045
E[P_neut(8)] = 0.000942
E[P_neut(9)] = 0.000875
E[P_neut(10)] = 0.000764
E[P_neut(11)] = 0.000697
E[P_neut(12)] = 0.000619
E[P_neut(13)] = 0.000563
E[P_neut(14)] = 0.000535
E[P_neut(15)] = 0.000521
E[P_neut(16)] = 0.000439
E[P_neut(17)] = 0.000431
E[P_neut(18)] = 0.000419
E[P_neut(19)] = 0.000419

---- Expected P_sel(i), 0 < i < n (selected SFS per site) 
E[P_sel(1)] = 0.003545
E[P_sel(2)] = 0.001456
E[P_sel(3)] = 0.000867
E[P_sel(4)] = 0.000595
E[P_sel(5)] = 0.000458
E[P_sel(6)] = 0.000367
E[P_sel(7)] = 0.000287
E[P_sel(8)] = 0.000254
E[P_sel(9)] = 0.000233
E[P_sel(10)] = 0.000200
E[P_sel(11)] = 0.000181
E[P_sel(12)] = 0.000159
E[P_sel(13)] = 0.000143
E[P_sel(14)] = 0.000134
E[P_sel(15)] = 0.000130
E[P_sel(16)] = 0.000108
E[P_sel(17)] = 0.000106
E[P_sel(18)] = 0.000102
E[P_sel(19)] = 0.000101

---- Expected D_neut and D_sel (neutral and selected divergence per site) 
E[D_neut] = 0.005803
E[D_sel] = 0.001392

---- Expected neutral and selected misattributed polymorphism per site
E[mis_neut] = 0.005718
E[mis_sel] = 0.001372

---- alpha_div = 1.531602
---- alpha_dfe = 0.000000



