---- Performing inference on Ns200_pa_0.00025_boots/Ns200_pa_0.00025.74.polyDFE.txt using model B

---- Warning: mutation variability is not used when only one neutral and one selected fragment is available.
---- No mutation variability. Using Poisson likelihood.

---- Using provided initial values


-- Starting local optimization
 it       eps_an        lambda        theta_bar      S_d            b             r  2          r  3          r  4          r  5          r  6          r  7          r  8          r  9          r 10          r 11          r 12          r 13          r 14          r 15          r 16          r 17          r 18          r 19          r 20         ln lk             grad     status
  0      4.50e-06       0.00500       0.00100     -400.00000       0.40000       1.00000       1.00000       1.00000       1.00000       1.00000       1.00000       1.00000       1.00000       1.00000       1.00000       1.00000       1.00000       1.00000       1.00000       1.00000       1.00000       1.00000       1.00000       1.00000  -226877.2713695504   1718.06748   -2
110      4.50e-06       0.00536       0.00921    -3173.46012       0.15287       0.95162       0.90015       0.88865       0.88613       0.85339       0.79440       0.81468       0.80572       0.78544       0.82550       0.80880       0.82790       0.82223       0.83052       0.81951       0.83029       0.83387       0.83728       1.08514  -427.2983831411      0.04811   -3
-- Local optimization: stuck in the same solution


---- Best joint likelihood found -427.29838 with gradient 0.04811
-- Model: B
--     eps_an        eps_cont      lambda        theta_bar     a        
--    4.50e-06      0.00e+00       0.00536       0.00921       -1.00000  
--      S_d            b             p_b           S_b      
--  -3173.46012       0.15287      0.00e+00      0.00e+00  
--     r  2          r  3          r  4          r  5          r  6          r  7          r  8          r  9          r 10          r 11          r 12          r 13          r 14          r 15          r 16          r 17          r 18          r 19          r 20     
--     0.95162       0.90015       0.88865       0.88613       0.85339       0.79440       0.81468       0.80572       0.78544       0.82550       0.80880       0.82790       0.82223       0.83052       0.81951       0.83029       0.83387       0.83728       1.08514  

---- Expected P_neut(i), 0 < i < n (neutral SFS per site) 
E[P_neut(1)] = 0.009212
E[P_neut(2)] = 0.004383
E[P_neut(3)] = 0.002764
E[P_neut(4)] = 0.002047
E[P_neut(5)] = 0.001633
E[P_neut(6)] = 0.001310
E[P_neut(7)] = 0.001045
E[P_neut(8)] = 0.000938
E[P_neut(9)] = 0.000825
E[P_neut(10)] = 0.000724
E[P_neut(11)] = 0.000691
E[P_neut(12)] = 0.000621
E[P_neut(13)] = 0.000587
E[P_neut(14)] = 0.000541
E[P_neut(15)] = 0.000510
E[P_neut(16)] = 0.000472
E[P_neut(17)] = 0.000450
E[P_neut(18)] = 0.000427
E[P_neut(19)] = 0.000406

---- Expected P_sel(i), 0 < i < n (selected SFS per site) 
E[P_sel(1)] = 0.003602
E[P_sel(2)] = 0.001470
E[P_sel(3)] = 0.000863
E[P_sel(4)] = 0.000611
E[P_sel(5)] = 0.000471
E[P_sel(6)] = 0.000368
E[P_sel(7)] = 0.000288
E[P_sel(8)] = 0.000253
E[P_sel(9)] = 0.000219
E[P_sel(10)] = 0.000190
E[P_sel(11)] = 0.000179
E[P_sel(12)] = 0.000159
E[P_sel(13)] = 0.000149
E[P_sel(14)] = 0.000136
E[P_sel(15)] = 0.000127
E[P_sel(16)] = 0.000116
E[P_sel(17)] = 0.000110
E[P_sel(18)] = 0.000104
E[P_sel(19)] = 0.000098

---- Expected D_neut and D_sel (neutral and selected divergence per site) 
E[D_neut] = 0.005860
E[D_sel] = 0.001398

---- Expected neutral and selected misattributed polymorphism per site
E[mis_neut] = 0.000500
E[mis_sel] = 0.000120

---- alpha_div = 0.199129
---- alpha_dfe = 0.000000



