---- Performing inference on Ns200_pa_0.00025_boots/Ns200_pa_0.00025.65.polyDFE.txt using model B

---- Warning: mutation variability is not used when only one neutral and one selected fragment is available.
---- No mutation variability. Using Poisson likelihood.

---- Using provided initial values


-- Starting local optimization
 it       eps_an        lambda        theta_bar      S_d            b             r  2          r  3          r  4          r  5          r  6          r  7          r  8          r  9          r 10          r 11          r 12          r 13          r 14          r 15          r 16          r 17          r 18          r 19          r 20         ln lk             grad     status
  0      4.50e-06       0.00500       0.00100     -400.00000       0.40000       1.00000       1.00000       1.00000       1.00000       1.00000       1.00000       1.00000       1.00000       1.00000       1.00000       1.00000       1.00000       1.00000       1.00000       1.00000       1.00000       1.00000       1.00000       1.00000  -225136.5970215145   1710.02347   -2
716      4.24e-06       0.00004       0.00925    -4813.64714       0.14434       0.94084       0.91992       0.88838       0.86424       0.81945       0.82397       0.80444       0.79291       0.81782       0.78926       0.80626       0.77978       0.79624       0.80363       0.78049       0.80187       0.80176       0.81011      12.56197  -414.1858031688      0.00762   -3
-- Local optimization: stuck in the same solution


---- Best joint likelihood found -414.18580 with gradient 0.00762
-- Model: B
--     eps_an        eps_cont      lambda        theta_bar     a        
--    4.24e-06      0.00e+00       0.00004       0.00925       -1.00000  
--      S_d            b             p_b           S_b      
--  -4813.64714       0.14434      0.00e+00      0.00e+00  
--     r  2          r  3          r  4          r  5          r  6          r  7          r  8          r  9          r 10          r 11          r 12          r 13          r 14          r 15          r 16          r 17          r 18          r 19          r 20     
--     0.94084       0.91992       0.88838       0.86424       0.81945       0.82397       0.80444       0.79291       0.81782       0.78926       0.80626       0.77978       0.79624       0.80363       0.78049       0.80187       0.80176       0.81011      12.56197  

---- Expected P_neut(i), 0 < i < n (neutral SFS per site) 
E[P_neut(1)] = 0.009248
E[P_neut(2)] = 0.004350
E[P_neut(3)] = 0.002836
E[P_neut(4)] = 0.002054
E[P_neut(5)] = 0.001598
E[P_neut(6)] = 0.001263
E[P_neut(7)] = 0.001089
E[P_neut(8)] = 0.000930
E[P_neut(9)] = 0.000815
E[P_neut(10)] = 0.000756
E[P_neut(11)] = 0.000664
E[P_neut(12)] = 0.000621
E[P_neut(13)] = 0.000555
E[P_neut(14)] = 0.000526
E[P_neut(15)] = 0.000495
E[P_neut(16)] = 0.000451
E[P_neut(17)] = 0.000436
E[P_neut(18)] = 0.000412
E[P_neut(19)] = 0.000394

---- Expected P_sel(i), 0 < i < n (selected SFS per site) 
E[P_sel(1)] = 0.003557
E[P_sel(2)] = 0.001448
E[P_sel(3)] = 0.000882
E[P_sel(4)] = 0.000612
E[P_sel(5)] = 0.000462
E[P_sel(6)] = 0.000356
E[P_sel(7)] = 0.000301
E[P_sel(8)] = 0.000252
E[P_sel(9)] = 0.000218
E[P_sel(10)] = 0.000200
E[P_sel(11)] = 0.000173
E[P_sel(12)] = 0.000160
E[P_sel(13)] = 0.000142
E[P_sel(14)] = 0.000133
E[P_sel(15)] = 0.000124
E[P_sel(16)] = 0.000112
E[P_sel(17)] = 0.000108
E[P_sel(18)] = 0.000101
E[P_sel(19)] = 0.000096

---- Expected D_neut and D_sel (neutral and selected divergence per site) 
E[D_neut] = 0.005847
E[D_sel] = 0.001419

---- Expected neutral and selected misattributed polymorphism per site
E[mis_neut] = 0.005808
E[mis_sel] = 0.001410

---- alpha_div = 1.632377
---- alpha_dfe = 0.000000



