---- Performing inference on Ns200_pa_0.00025_boots/Ns200_pa_0.00025.88.polyDFE.txt using model B

---- Warning: mutation variability is not used when only one neutral and one selected fragment is available.
---- No mutation variability. Using Poisson likelihood.

---- Using provided initial values


-- Starting local optimization
 it       eps_an        eps_cont      theta_bar      S_d            b             p_b           S_b           r  2          r  3          r  4          r  5          r  6          r  7          r  8          r  9          r 10          r 11          r 12          r 13          r 14          r 15          r 16          r 17          r 18          r 19         ln lk             grad     status
  0      4.50e-06      9.00e-07       0.00100     -400.00000       0.40000       0.02000       4.00000       1.00000       1.00000       1.00000       1.00000       1.00000       1.00000       1.00000       1.00000       1.00000       1.00000       1.00000       1.00000       1.00000       1.00000       1.00000       1.00000       1.00000       1.00000  -207339.4095122185   1505.33663   -2
109      4.50e-06      9.00e-07       0.00889     -612.19420       0.22829       0.01530       2.68943       0.99999       0.98181       0.94624       0.96286       0.90408       0.88059       0.86905       0.88879       0.89274       0.89980       0.87351       0.87096       0.84775       0.86482       0.85613       0.83899       0.83087       0.88762  -190.5363434185      1.33420   -3
-- Local optimization: stuck in the same solution


---- Best joint likelihood found -190.53634 with gradient 1.33420
-- Model: B
--     eps_an        eps_cont      theta_bar     a        
--    4.50e-06      9.00e-07       0.00889       -1.00000  
--      S_d            b             p_b           S_b      
--   -612.19420       0.22829       0.01530       2.68943  
--     r  2          r  3          r  4          r  5          r  6          r  7          r  8          r  9          r 10          r 11          r 12          r 13          r 14          r 15          r 16          r 17          r 18          r 19     
--     0.99999       0.98181       0.94624       0.96286       0.90408       0.88059       0.86905       0.88879       0.89274       0.89980       0.87351       0.87096       0.84775       0.86482       0.85613       0.83899       0.83087       0.88762  

---- Expected P_neut(i), 0 < i < n (neutral SFS per site) 
E[P_neut(1)] = 0.008886
E[P_neut(2)] = 0.004443
E[P_neut(3)] = 0.002908
E[P_neut(4)] = 0.002102
E[P_neut(5)] = 0.001711
E[P_neut(6)] = 0.001339
E[P_neut(7)] = 0.001118
E[P_neut(8)] = 0.000965
E[P_neut(9)] = 0.000878
E[P_neut(10)] = 0.000793
E[P_neut(11)] = 0.000727
E[P_neut(12)] = 0.000647
E[P_neut(13)] = 0.000595
E[P_neut(14)] = 0.000538
E[P_neut(15)] = 0.000512
E[P_neut(16)] = 0.000475
E[P_neut(17)] = 0.000439
E[P_neut(18)] = 0.000410
E[P_neut(19)] = 0.000415

---- Expected P_sel(i), 0 < i < n (selected SFS per site) 
E[P_sel(1)] = 0.003577
E[P_sel(2)] = 0.001440
E[P_sel(3)] = 0.000853
E[P_sel(4)] = 0.000579
E[P_sel(5)] = 0.000452
E[P_sel(6)] = 0.000342
E[P_sel(7)] = 0.000278
E[P_sel(8)] = 0.000235
E[P_sel(9)] = 0.000210
E[P_sel(10)] = 0.000187
E[P_sel(11)] = 0.000170
E[P_sel(12)] = 0.000150
E[P_sel(13)] = 0.000137
E[P_sel(14)] = 0.000123
E[P_sel(15)] = 0.000117
E[P_sel(16)] = 0.000108
E[P_sel(17)] = 0.000099
E[P_sel(18)] = 0.000093
E[P_sel(19)] = 0.000094

---- Expected neutral and selected misattributed polymorphism per site
E[mis_neut] = 0.000444
E[mis_sel] = 0.000101

---- alpha_div = 0.392813
---- alpha_dfe = 0.193184



