---- Performing inference on Ns200_pa_0.00025_boots/Ns200_pa_0.00025.39.polyDFE.txt using model B

---- Warning: mutation variability is not used when only one neutral and one selected fragment is available.
---- No mutation variability. Using Poisson likelihood.

---- Using provided initial values


-- Starting local optimization
 it       eps_an        eps_cont      theta_bar      S_d            b             p_b           S_b           r  2          r  3          r  4          r  5          r  6          r  7          r  8          r  9          r 10          r 11          r 12          r 13          r 14          r 15          r 16          r 17          r 18          r 19         ln lk             grad     status
  0      4.50e-06      9.00e-07       0.00100     -400.00000       0.40000       0.02000       4.00000       1.00000       1.00000       1.00000       1.00000       1.00000       1.00000       1.00000       1.00000       1.00000       1.00000       1.00000       1.00000       1.00000       1.00000       1.00000       1.00000       1.00000       1.00000  -207145.3442406894   1503.91408   -2
453      4.57e-06      9.00e-07       0.00902     -800.90195       0.20366       0.00097      37.42992       0.96545       0.93969       0.91848       0.93275       0.87854       0.84110       0.86027       0.87407       0.87477       0.87382       0.87023       0.83299       0.82677       0.89052       0.82970       0.87824       0.83871       0.86246  -195.3301459662      0.01514   -3
-- Local optimization: stuck in the same solution


---- Best joint likelihood found -195.33015 with gradient 0.01514
-- Model: B
--     eps_an        eps_cont      theta_bar     a        
--    4.57e-06      9.00e-07       0.00902       -1.00000  
--      S_d            b             p_b           S_b      
--   -800.90195       0.20366       0.00097      37.42992  
--     r  2          r  3          r  4          r  5          r  6          r  7          r  8          r  9          r 10          r 11          r 12          r 13          r 14          r 15          r 16          r 17          r 18          r 19     
--     0.96545       0.93969       0.91848       0.93275       0.87854       0.84110       0.86027       0.87407       0.87477       0.87382       0.87023       0.83299       0.82677       0.89052       0.82970       0.87824       0.83871       0.86246  

---- Expected P_neut(i), 0 < i < n (neutral SFS per site) 
E[P_neut(1)] = 0.009020
E[P_neut(2)] = 0.004354
E[P_neut(3)] = 0.002825
E[P_neut(4)] = 0.002071
E[P_neut(5)] = 0.001683
E[P_neut(6)] = 0.001321
E[P_neut(7)] = 0.001084
E[P_neut(8)] = 0.000970
E[P_neut(9)] = 0.000876
E[P_neut(10)] = 0.000789
E[P_neut(11)] = 0.000717
E[P_neut(12)] = 0.000654
E[P_neut(13)] = 0.000578
E[P_neut(14)] = 0.000533
E[P_neut(15)] = 0.000536
E[P_neut(16)] = 0.000468
E[P_neut(17)] = 0.000466
E[P_neut(18)] = 0.000420
E[P_neut(19)] = 0.000409

---- Expected P_sel(i), 0 < i < n (selected SFS per site) 
E[P_sel(1)] = 0.003629
E[P_sel(2)] = 0.001429
E[P_sel(3)] = 0.000843
E[P_sel(4)] = 0.000581
E[P_sel(5)] = 0.000452
E[P_sel(6)] = 0.000343
E[P_sel(7)] = 0.000274
E[P_sel(8)] = 0.000239
E[P_sel(9)] = 0.000212
E[P_sel(10)] = 0.000187
E[P_sel(11)] = 0.000167
E[P_sel(12)] = 0.000151
E[P_sel(13)] = 0.000132
E[P_sel(14)] = 0.000120
E[P_sel(15)] = 0.000120
E[P_sel(16)] = 0.000104
E[P_sel(17)] = 0.000103
E[P_sel(18)] = 0.000093
E[P_sel(19)] = 0.000092

---- Expected neutral and selected misattributed polymorphism per site
E[mis_neut] = 0.000451
E[mis_sel] = 0.000104

---- alpha_div = 0.286903
---- alpha_dfe = 0.149306



