---- Performing inference on Ns200_pa_0.00025_boots/Ns200_pa_0.00025.75.polyDFE.txt using model B

---- Warning: mutation variability is not used when only one neutral and one selected fragment is available.
---- No mutation variability. Using Poisson likelihood.

---- Using provided initial values


-- Starting local optimization
 it       eps_an        lambda        theta_bar      S_d            b             r  2          r  3          r  4          r  5          r  6          r  7          r  8          r  9          r 10          r 11          r 12          r 13          r 14          r 15          r 16          r 17          r 18          r 19          r 20         ln lk             grad     status
  0      4.50e-06       0.00500       0.00100     -400.00000       0.40000       1.00000       1.00000       1.00000       1.00000       1.00000       1.00000       1.00000       1.00000       1.00000       1.00000       1.00000       1.00000       1.00000       1.00000       1.00000       1.00000       1.00000       1.00000       1.00000  -224160.3005595247   1704.70927   -2
490      4.39e-06       0.00005       0.00916    -3223.39433       0.15236       0.94741       0.90047       0.90084       0.86592       0.85315       0.81204       0.82637       0.82503       0.79760       0.78766       0.82292       0.81207       0.80425       0.81667       0.76872       0.75272       0.80760       0.84863      12.60109  -383.0426682297      0.00702   -3
-- Local optimization: stuck in the same solution


---- Best joint likelihood found -383.04267 with gradient 0.00702
-- Model: B
--     eps_an        eps_cont      lambda        theta_bar     a        
--    4.39e-06      0.00e+00       0.00005       0.00916       -1.00000  
--      S_d            b             p_b           S_b      
--  -3223.39433       0.15236      0.00e+00      0.00e+00  
--     r  2          r  3          r  4          r  5          r  6          r  7          r  8          r  9          r 10          r 11          r 12          r 13          r 14          r 15          r 16          r 17          r 18          r 19          r 20     
--     0.94741       0.90047       0.90084       0.86592       0.85315       0.81204       0.82637       0.82503       0.79760       0.78766       0.82292       0.81207       0.80425       0.81667       0.76872       0.75272       0.80760       0.84863      12.60109  

---- Expected P_neut(i), 0 < i < n (neutral SFS per site) 
E[P_neut(1)] = 0.009163
E[P_neut(2)] = 0.004341
E[P_neut(3)] = 0.002750
E[P_neut(4)] = 0.002064
E[P_neut(5)] = 0.001587
E[P_neut(6)] = 0.001303
E[P_neut(7)] = 0.001063
E[P_neut(8)] = 0.000947
E[P_neut(9)] = 0.000840
E[P_neut(10)] = 0.000731
E[P_neut(11)] = 0.000656
E[P_neut(12)] = 0.000628
E[P_neut(13)] = 0.000572
E[P_neut(14)] = 0.000526
E[P_neut(15)] = 0.000499
E[P_neut(16)] = 0.000440
E[P_neut(17)] = 0.000406
E[P_neut(18)] = 0.000411
E[P_neut(19)] = 0.000409

---- Expected P_sel(i), 0 < i < n (selected SFS per site) 
E[P_sel(1)] = 0.003584
E[P_sel(2)] = 0.001457
E[P_sel(3)] = 0.000860
E[P_sel(4)] = 0.000616
E[P_sel(5)] = 0.000458
E[P_sel(6)] = 0.000367
E[P_sel(7)] = 0.000293
E[P_sel(8)] = 0.000256
E[P_sel(9)] = 0.000224
E[P_sel(10)] = 0.000192
E[P_sel(11)] = 0.000170
E[P_sel(12)] = 0.000161
E[P_sel(13)] = 0.000145
E[P_sel(14)] = 0.000132
E[P_sel(15)] = 0.000124
E[P_sel(16)] = 0.000109
E[P_sel(17)] = 0.000100
E[P_sel(18)] = 0.000100
E[P_sel(19)] = 0.000099

---- Expected D_neut and D_sel (neutral and selected divergence per site) 
E[D_neut] = 0.005822
E[D_sel] = 0.001399

---- Expected neutral and selected misattributed polymorphism per site
E[mis_neut] = 0.005773
E[mis_sel] = 0.001388

---- alpha_div = 1.595531
---- alpha_dfe = 0.000000



