---- Performing inference on Ns200_pa_0.00025_boots/Ns200_pa_0.00025.99.polyDFE.txt using model B

---- Warning: mutation variability is not used when only one neutral and one selected fragment is available.
---- No mutation variability. Using Poisson likelihood.

---- Using provided initial values


-- Starting local optimization
 it       eps_an        eps_cont      theta_bar      S_d            b             p_b           S_b           r  2          r  3          r  4          r  5          r  6          r  7          r  8          r  9          r 10          r 11          r 12          r 13          r 14          r 15          r 16          r 17          r 18          r 19         ln lk             grad     status
  0      4.50e-06      9.00e-07       0.00100     -400.00000       0.40000       0.02000       4.00000       1.00000       1.00000       1.00000       1.00000       1.00000       1.00000       1.00000       1.00000       1.00000       1.00000       1.00000       1.00000       1.00000       1.00000       1.00000       1.00000       1.00000       1.00000  -206232.0488537556   1498.37910   -2
803      4.78e-06      9.00e-07       0.00900     -898.44928       0.20102       0.00092       0.54689       0.97671       0.94437       0.93239       0.92100       0.91371       0.83661       0.88270       0.87072       0.89707       0.90588       0.86007       0.82148       0.85617       0.85474       0.87119       0.81483       0.90645       0.89743  -200.8385585119      0.00088   -3
-- Local optimization: stuck in the same solution


---- Best joint likelihood found -200.83856 with gradient 0.00088
-- Model: B
--     eps_an        eps_cont      theta_bar     a        
--    4.78e-06      9.00e-07       0.00900       -1.00000  
--      S_d            b             p_b           S_b      
--   -898.44928       0.20102       0.00092       0.54689  
--     r  2          r  3          r  4          r  5          r  6          r  7          r  8          r  9          r 10          r 11          r 12          r 13          r 14          r 15          r 16          r 17          r 18          r 19     
--     0.97671       0.94437       0.93239       0.92100       0.91371       0.83661       0.88270       0.87072       0.89707       0.90588       0.86007       0.82148       0.85617       0.85474       0.87119       0.81483       0.90645       0.89743  

---- Expected P_neut(i), 0 < i < n (neutral SFS per site) 
E[P_neut(1)] = 0.008997
E[P_neut(2)] = 0.004394
E[P_neut(3)] = 0.002832
E[P_neut(4)] = 0.002097
E[P_neut(5)] = 0.001657
E[P_neut(6)] = 0.001370
E[P_neut(7)] = 0.001075
E[P_neut(8)] = 0.000993
E[P_neut(9)] = 0.000870
E[P_neut(10)] = 0.000807
E[P_neut(11)] = 0.000741
E[P_neut(12)] = 0.000645
E[P_neut(13)] = 0.000569
E[P_neut(14)] = 0.000550
E[P_neut(15)] = 0.000513
E[P_neut(16)] = 0.000490
E[P_neut(17)] = 0.000431
E[P_neut(18)] = 0.000453
E[P_neut(19)] = 0.000425

---- Expected P_sel(i), 0 < i < n (selected SFS per site) 
E[P_sel(1)] = 0.003572
E[P_sel(2)] = 0.001426
E[P_sel(3)] = 0.000836
E[P_sel(4)] = 0.000583
E[P_sel(5)] = 0.000441
E[P_sel(6)] = 0.000352
E[P_sel(7)] = 0.000269
E[P_sel(8)] = 0.000242
E[P_sel(9)] = 0.000208
E[P_sel(10)] = 0.000189
E[P_sel(11)] = 0.000171
E[P_sel(12)] = 0.000147
E[P_sel(13)] = 0.000128
E[P_sel(14)] = 0.000122
E[P_sel(15)] = 0.000112
E[P_sel(16)] = 0.000106
E[P_sel(17)] = 0.000093
E[P_sel(18)] = 0.000096
E[P_sel(19)] = 0.000090

---- Expected neutral and selected misattributed polymorphism per site
E[mis_neut] = 0.000450
E[mis_sel] = 0.000094

---- alpha_div = 0.321713
---- alpha_dfe = 0.005757



