---- Performing inference on Ns200_pa_0.00025_boots/Ns200_pa_0.00025.48.polyDFE.txt using model B

---- Warning: mutation variability is not used when only one neutral and one selected fragment is available.
---- No mutation variability. Using Poisson likelihood.

---- Using provided initial values


-- Starting local optimization
 it       eps_an        theta_bar      S_d            b             r  2          r  3          r  4          r  5          r  6          r  7          r  8          r  9          r 10          r 11          r 12          r 13          r 14          r 15          r 16          r 17          r 18          r 19         ln lk             grad     status
  0      4.50e-06       0.00100     -400.00000       0.40000       1.00000       1.00000       1.00000       1.00000       1.00000       1.00000       1.00000       1.00000       1.00000       1.00000       1.00000       1.00000       1.00000       1.00000       1.00000       1.00000       1.00000       1.00000  -217239.6211080755   1591.75889   -2
120      4.50e-06       0.00898     -741.74976       0.20771       0.98299       0.95300       0.94278       0.92249       0.88286       0.88608       0.88552       0.84430       0.90542       0.87496       0.88753       0.89718       0.85476       0.88255       0.86192       0.83588       0.89872       0.90724  -193.7694455620      0.00040   -3
-- Local optimization: stuck in the same solution


---- Best joint likelihood found -193.76945 with gradient 0.00040
-- Model: B
--     eps_an        eps_cont      theta_bar     a        
--    4.50e-06      0.00e+00       0.00898       -1.00000  
--      S_d            b             p_b           S_b      
--   -741.74976       0.20771      0.00e+00      0.00e+00  
--     r  2          r  3          r  4          r  5          r  6          r  7          r  8          r  9          r 10          r 11          r 12          r 13          r 14          r 15          r 16          r 17          r 18          r 19     
--     0.98299       0.95300       0.94278       0.92249       0.88286       0.88608       0.88552       0.84430       0.90542       0.87496       0.88753       0.89718       0.85476       0.88255       0.86192       0.83588       0.89872       0.90724  

---- Expected P_neut(i), 0 < i < n (neutral SFS per site) 
E[P_neut(1)] = 0.008981
E[P_neut(2)] = 0.004414
E[P_neut(3)] = 0.002853
E[P_neut(4)] = 0.002117
E[P_neut(5)] = 0.001657
E[P_neut(6)] = 0.001322
E[P_neut(7)] = 0.001137
E[P_neut(8)] = 0.000994
E[P_neut(9)] = 0.000843
E[P_neut(10)] = 0.000813
E[P_neut(11)] = 0.000714
E[P_neut(12)] = 0.000664
E[P_neut(13)] = 0.000620
E[P_neut(14)] = 0.000548
E[P_neut(15)] = 0.000528
E[P_neut(16)] = 0.000484
E[P_neut(17)] = 0.000442
E[P_neut(18)] = 0.000448
E[P_neut(19)] = 0.000429

---- Expected P_sel(i), 0 < i < n (selected SFS per site) 
E[P_sel(1)] = 0.003614
E[P_sel(2)] = 0.001442
E[P_sel(3)] = 0.000845
E[P_sel(4)] = 0.000589
E[P_sel(5)] = 0.000441
E[P_sel(6)] = 0.000339
E[P_sel(7)] = 0.000283
E[P_sel(8)] = 0.000242
E[P_sel(9)] = 0.000200
E[P_sel(10)] = 0.000190
E[P_sel(11)] = 0.000164
E[P_sel(12)] = 0.000150
E[P_sel(13)] = 0.000138
E[P_sel(14)] = 0.000121
E[P_sel(15)] = 0.000115
E[P_sel(16)] = 0.000104
E[P_sel(17)] = 0.000094
E[P_sel(18)] = 0.000095
E[P_sel(19)] = 0.000090

---- Expected neutral and selected misattributed polymorphism per site
E[mis_neut] = 0.000449
E[mis_sel] = 0.000093

---- alpha_div = 0.334396
---- alpha_dfe = 0.000000



