---- Performing inference on Ns200_pa_0.00025_boots/Ns200_pa_0.00025.91.polyDFE.txt using model B

---- Warning: mutation variability is not used when only one neutral and one selected fragment is available.
---- No mutation variability. Using Poisson likelihood.

---- Using provided initial values


-- Starting local optimization
 it       eps_an        eps_cont      lambda        theta_bar      S_d            b             p_b           S_b           r  2          r  3          r  4          r  5          r  6          r  7          r  8          r  9          r 10          r 11          r 12          r 13          r 14          r 15          r 16          r 17          r 18          r 19          r 20         ln lk             grad     status
  0      4.50e-06      9.00e-07       0.00500       0.00100     -400.00000       0.40000       0.02000       4.00000       1.00000       1.00000       1.00000       1.00000       1.00000       1.00000       1.00000       1.00000       1.00000       1.00000       1.00000       1.00000       1.00000       1.00000       1.00000       1.00000       1.00000       1.00000       1.00000  -210475.0451602757   1541.71953   -2
 71      4.50e-06      9.00e-07       0.00500       0.00909     -950.03588       0.20149       0.00229      37.42642       0.97436       0.94005       0.93637       0.94083       0.90245       0.86529       0.86439       0.85810       0.87573       0.88235       0.86271       0.83607       0.85953       0.87830       0.85793       0.81949       0.85445       0.84104       0.93680  -218.6606151864      0.48275   -3
-- Local optimization: stuck in the same solution


---- Best joint likelihood found -218.66062 with gradient 0.48275
-- Model: B
--     eps_an        eps_cont      lambda        theta_bar     a        
--    4.50e-06      9.00e-07       0.00500       0.00909       -1.00000  
--      S_d            b             p_b           S_b      
--   -950.03588       0.20149       0.00229      37.42642  
--     r  2          r  3          r  4          r  5          r  6          r  7          r  8          r  9          r 10          r 11          r 12          r 13          r 14          r 15          r 16          r 17          r 18          r 19          r 20     
--     0.97436       0.94005       0.93637       0.94083       0.90245       0.86529       0.86439       0.85810       0.87573       0.88235       0.86271       0.83607       0.85953       0.87830       0.85793       0.81949       0.85445       0.84104       0.93680  

---- Expected P_neut(i), 0 < i < n (neutral SFS per site) 
E[P_neut(1)] = 0.009089
E[P_neut(2)] = 0.004428
E[P_neut(3)] = 0.002848
E[P_neut(4)] = 0.002128
E[P_neut(5)] = 0.001710
E[P_neut(6)] = 0.001367
E[P_neut(7)] = 0.001124
E[P_neut(8)] = 0.000982
E[P_neut(9)] = 0.000867
E[P_neut(10)] = 0.000796
E[P_neut(11)] = 0.000729
E[P_neut(12)] = 0.000653
E[P_neut(13)] = 0.000585
E[P_neut(14)] = 0.000558
E[P_neut(15)] = 0.000532
E[P_neut(16)] = 0.000487
E[P_neut(17)] = 0.000438
E[P_neut(18)] = 0.000431
E[P_neut(19)] = 0.000402

---- Expected P_sel(i), 0 < i < n (selected SFS per site) 
E[P_sel(1)] = 0.003572
E[P_sel(2)] = 0.001423
E[P_sel(3)] = 0.000833
E[P_sel(4)] = 0.000587
E[P_sel(5)] = 0.000452
E[P_sel(6)] = 0.000349
E[P_sel(7)] = 0.000279
E[P_sel(8)] = 0.000239
E[P_sel(9)] = 0.000207
E[P_sel(10)] = 0.000187
E[P_sel(11)] = 0.000169
E[P_sel(12)] = 0.000149
E[P_sel(13)] = 0.000132
E[P_sel(14)] = 0.000126
E[P_sel(15)] = 0.000119
E[P_sel(16)] = 0.000109
E[P_sel(17)] = 0.000099
E[P_sel(18)] = 0.000099
E[P_sel(19)] = 0.000095

---- Expected D_neut and D_sel (neutral and selected divergence per site) 
E[D_neut] = 0.005426
E[D_sel] = 0.001552

---- Expected neutral and selected misattributed polymorphism per site
E[mis_neut] = 0.000426
E[mis_sel] = 0.000108

---- alpha_div = 0.305169
---- alpha_dfe = 0.296678



