---- Performing inference on Ns200_pa_0.00025_boots/Ns200_pa_0.00025.88.polyDFE.txt using model B

---- Warning: mutation variability is not used when only one neutral and one selected fragment is available.
---- No mutation variability. Using Poisson likelihood.

---- Using provided initial values


-- Starting local optimization
 it       eps_an        lambda        theta_bar      S_d            b             r  2          r  3          r  4          r  5          r  6          r  7          r  8          r  9          r 10          r 11          r 12          r 13          r 14          r 15          r 16          r 17          r 18          r 19          r 20         ln lk             grad     status
  0      4.50e-06       0.00500       0.00100     -400.00000       0.40000       1.00000       1.00000       1.00000       1.00000       1.00000       1.00000       1.00000       1.00000       1.00000       1.00000       1.00000       1.00000       1.00000       1.00000       1.00000       1.00000       1.00000       1.00000       1.00000  -223926.3398494714   1704.29568   -2
464      4.45e-06       0.00050       0.00911    -5050.45751       0.14327       0.96255       0.93073       0.89026       0.90059       0.84311       0.81956       0.80809       0.82591       0.82965       0.83665       0.81286       0.81152       0.79100       0.80853       0.80224       0.78824       0.78295       0.83922      11.54152  -416.6611676565      0.02285   -3
-- Local optimization: stuck in the same solution


---- Best joint likelihood found -416.66117 with gradient 0.02285
-- Model: B
--     eps_an        eps_cont      lambda        theta_bar     a        
--    4.45e-06      0.00e+00       0.00050       0.00911       -1.00000  
--      S_d            b             p_b           S_b      
--  -5050.45751       0.14327      0.00e+00      0.00e+00  
--     r  2          r  3          r  4          r  5          r  6          r  7          r  8          r  9          r 10          r 11          r 12          r 13          r 14          r 15          r 16          r 17          r 18          r 19          r 20     
--     0.96255       0.93073       0.89026       0.90059       0.84311       0.81956       0.80809       0.82591       0.82965       0.83665       0.81286       0.81152       0.79100       0.80853       0.80224       0.78824       0.78295       0.83922      11.54152  

---- Expected P_neut(i), 0 < i < n (neutral SFS per site) 
E[P_neut(1)] = 0.009110
E[P_neut(2)] = 0.004385
E[P_neut(3)] = 0.002826
E[P_neut(4)] = 0.002028
E[P_neut(5)] = 0.001641
E[P_neut(6)] = 0.001280
E[P_neut(7)] = 0.001067
E[P_neut(8)] = 0.000920
E[P_neut(9)] = 0.000836
E[P_neut(10)] = 0.000756
E[P_neut(11)] = 0.000693
E[P_neut(12)] = 0.000617
E[P_neut(13)] = 0.000569
E[P_neut(14)] = 0.000515
E[P_neut(15)] = 0.000491
E[P_neut(16)] = 0.000457
E[P_neut(17)] = 0.000422
E[P_neut(18)] = 0.000396
E[P_neut(19)] = 0.000402

---- Expected P_sel(i), 0 < i < n (selected SFS per site) 
E[P_sel(1)] = 0.003501
E[P_sel(2)] = 0.001459
E[P_sel(3)] = 0.000880
E[P_sel(4)] = 0.000605
E[P_sel(5)] = 0.000475
E[P_sel(6)] = 0.000361
E[P_sel(7)] = 0.000295
E[P_sel(8)] = 0.000250
E[P_sel(9)] = 0.000224
E[P_sel(10)] = 0.000200
E[P_sel(11)] = 0.000181
E[P_sel(12)] = 0.000160
E[P_sel(13)] = 0.000146
E[P_sel(14)] = 0.000131
E[P_sel(15)] = 0.000124
E[P_sel(16)] = 0.000114
E[P_sel(17)] = 0.000105
E[P_sel(18)] = 0.000098
E[P_sel(19)] = 0.000099

---- Expected D_neut and D_sel (neutral and selected divergence per site) 
E[D_neut] = 0.005760
E[D_sel] = 0.001401

---- Expected neutral and selected misattributed polymorphism per site
E[mis_neut] = 0.005257
E[mis_sel] = 0.001279

---- alpha_div = 0.993027
---- alpha_dfe = 0.000000



