---- Performing inference on Ns200_pa_0.00025_boots/Ns200_pa_0.00025.59.polyDFE.txt using model B

---- Warning: mutation variability is not used when only one neutral and one selected fragment is available.
---- No mutation variability. Using Poisson likelihood.

---- Using provided initial values


-- Starting local optimization
 it       eps_an        lambda        theta_bar      S_d            b             r  2          r  3          r  4          r  5          r  6          r  7          r  8          r  9          r 10          r 11          r 12          r 13          r 14          r 15          r 16          r 17          r 18          r 19          r 20         ln lk             grad     status
  0      4.50e-06       0.00500       0.00100     -400.00000       0.40000       1.00000       1.00000       1.00000       1.00000       1.00000       1.00000       1.00000       1.00000       1.00000       1.00000       1.00000       1.00000       1.00000       1.00000       1.00000       1.00000       1.00000       1.00000       1.00000  -222330.6053241151   1695.64351   -2
735      4.27e-06       0.00005       0.00916    -4259.59000       0.14686       0.93987       0.90844       0.87759       0.87217       0.81521       0.80399       0.82306       0.80803       0.80130       0.79824       0.81727       0.83176       0.78986       0.83313       0.77164       0.80695       0.82530       0.85556      12.63678  -415.1196788725      0.23072   -6
-- Local optimization: reached maximum running time allowed


---- Best joint likelihood found -415.11968 with gradient 0.23072
-- Model: B
--     eps_an        eps_cont      lambda        theta_bar     a        
--    4.27e-06      0.00e+00       0.00005       0.00916       -1.00000  
--      S_d            b             p_b           S_b      
--  -4259.59000       0.14686      0.00e+00      0.00e+00  
--     r  2          r  3          r  4          r  5          r  6          r  7          r  8          r  9          r 10          r 11          r 12          r 13          r 14          r 15          r 16          r 17          r 18          r 19          r 20     
--     0.93987       0.90844       0.87759       0.87217       0.81521       0.80399       0.82306       0.80803       0.80130       0.79824       0.81727       0.83176       0.78986       0.83313       0.77164       0.80695       0.82530       0.85556      12.63678  

---- Expected P_neut(i), 0 < i < n (neutral SFS per site) 
E[P_neut(1)] = 0.009162
E[P_neut(2)] = 0.004305
E[P_neut(3)] = 0.002774
E[P_neut(4)] = 0.002010
E[P_neut(5)] = 0.001598
E[P_neut(6)] = 0.001245
E[P_neut(7)] = 0.001052
E[P_neut(8)] = 0.000943
E[P_neut(9)] = 0.000823
E[P_neut(10)] = 0.000734
E[P_neut(11)] = 0.000665
E[P_neut(12)] = 0.000624
E[P_neut(13)] = 0.000586
E[P_neut(14)] = 0.000517
E[P_neut(15)] = 0.000509
E[P_neut(16)] = 0.000442
E[P_neut(17)] = 0.000435
E[P_neut(18)] = 0.000420
E[P_neut(19)] = 0.000413

---- Expected P_sel(i), 0 < i < n (selected SFS per site) 
E[P_sel(1)] = 0.003538
E[P_sel(2)] = 0.001435
E[P_sel(3)] = 0.000863
E[P_sel(4)] = 0.000599
E[P_sel(5)] = 0.000461
E[P_sel(6)] = 0.000350
E[P_sel(7)] = 0.000290
E[P_sel(8)] = 0.000255
E[P_sel(9)] = 0.000219
E[P_sel(10)] = 0.000193
E[P_sel(11)] = 0.000173
E[P_sel(12)] = 0.000161
E[P_sel(13)] = 0.000149
E[P_sel(14)] = 0.000130
E[P_sel(15)] = 0.000127
E[P_sel(16)] = 0.000110
E[P_sel(17)] = 0.000107
E[P_sel(18)] = 0.000103
E[P_sel(19)] = 0.000100

---- Expected D_neut and D_sel (neutral and selected divergence per site) 
E[D_neut] = 0.005844
E[D_sel] = 0.001412

---- Expected neutral and selected misattributed polymorphism per site
E[mis_neut] = 0.005789
E[mis_sel] = 0.001399

---- alpha_div = 1.592365
---- alpha_dfe = 0.000000



