---- Performing inference on Ns200_pa_0.00025_boots/Ns200_pa_0.00025.63.polyDFE.txt using model B

---- Warning: mutation variability is not used when only one neutral and one selected fragment is available.
---- No mutation variability. Using Poisson likelihood.

---- Using provided initial values


-- Starting local optimization
 it       eps_an        lambda        theta_bar      S_d            b             r  2          r  3          r  4          r  5          r  6          r  7          r  8          r  9          r 10          r 11          r 12          r 13          r 14          r 15          r 16          r 17          r 18          r 19          r 20         ln lk             grad     status
  0      4.50e-06       0.00500       0.00100     -400.00000       0.40000       1.00000       1.00000       1.00000       1.00000       1.00000       1.00000       1.00000       1.00000       1.00000       1.00000       1.00000       1.00000       1.00000       1.00000       1.00000       1.00000       1.00000       1.00000       1.00000  -224730.9997364021   1707.14863   -2
685      4.36e-06       0.00007       0.00925    -4854.40407       0.14532       0.94335       0.91086       0.88962       0.86936       0.84956       0.80494       0.82413       0.81132       0.80210       0.79424       0.80003       0.80077       0.79943       0.82842       0.76340       0.78864       0.78439       0.85398      12.70641  -419.5362724039      0.00381   -6
-- Local optimization: reached maximum running time allowed


---- Best joint likelihood found -419.53627 with gradient 0.00381
-- Model: B
--     eps_an        eps_cont      lambda        theta_bar     a        
--    4.36e-06      0.00e+00       0.00007       0.00925       -1.00000  
--      S_d            b             p_b           S_b      
--  -4854.40407       0.14532      0.00e+00      0.00e+00  
--     r  2          r  3          r  4          r  5          r  6          r  7          r  8          r  9          r 10          r 11          r 12          r 13          r 14          r 15          r 16          r 17          r 18          r 19          r 20     
--     0.94335       0.91086       0.88962       0.86936       0.84956       0.80494       0.82413       0.81132       0.80210       0.79424       0.80003       0.80077       0.79943       0.82842       0.76340       0.78864       0.78439       0.85398      12.70641  

---- Expected P_neut(i), 0 < i < n (neutral SFS per site) 
E[P_neut(1)] = 0.009253
E[P_neut(2)] = 0.004364
E[P_neut(3)] = 0.002809
E[P_neut(4)] = 0.002058
E[P_neut(5)] = 0.001609
E[P_neut(6)] = 0.001310
E[P_neut(7)] = 0.001064
E[P_neut(8)] = 0.000953
E[P_neut(9)] = 0.000834
E[P_neut(10)] = 0.000742
E[P_neut(11)] = 0.000668
E[P_neut(12)] = 0.000617
E[P_neut(13)] = 0.000570
E[P_neut(14)] = 0.000528
E[P_neut(15)] = 0.000511
E[P_neut(16)] = 0.000441
E[P_neut(17)] = 0.000429
E[P_neut(18)] = 0.000403
E[P_neut(19)] = 0.000416

---- Expected P_sel(i), 0 < i < n (selected SFS per site) 
E[P_sel(1)] = 0.003536
E[P_sel(2)] = 0.001441
E[P_sel(3)] = 0.000867
E[P_sel(4)] = 0.000608
E[P_sel(5)] = 0.000461
E[P_sel(6)] = 0.000366
E[P_sel(7)] = 0.000291
E[P_sel(8)] = 0.000256
E[P_sel(9)] = 0.000221
E[P_sel(10)] = 0.000194
E[P_sel(11)] = 0.000173
E[P_sel(12)] = 0.000158
E[P_sel(13)] = 0.000144
E[P_sel(14)] = 0.000133
E[P_sel(15)] = 0.000127
E[P_sel(16)] = 0.000109
E[P_sel(17)] = 0.000105
E[P_sel(18)] = 0.000098
E[P_sel(19)] = 0.000101

---- Expected D_neut and D_sel (neutral and selected divergence per site) 
E[D_neut] = 0.005948
E[D_sel] = 0.001429

---- Expected neutral and selected misattributed polymorphism per site
E[mis_neut] = 0.005878
E[mis_sel] = 0.001413

---- alpha_div = 1.558876
---- alpha_dfe = 0.000000



