---- Performing inference on Ns200_pa_0.00025_boots/Ns200_pa_0.00025.24.polyDFE.txt using model B

---- Warning: mutation variability is not used when only one neutral and one selected fragment is available.
---- No mutation variability. Using Poisson likelihood.

---- Using provided initial values


-- Starting local optimization
 it       eps_an        lambda        theta_bar      S_d            b             r  2          r  3          r  4          r  5          r  6          r  7          r  8          r  9          r 10          r 11          r 12          r 13          r 14          r 15          r 16          r 17          r 18          r 19          r 20         ln lk             grad     status
  0      4.50e-06       0.00500       0.00100     -400.00000       0.40000       1.00000       1.00000       1.00000       1.00000       1.00000       1.00000       1.00000       1.00000       1.00000       1.00000       1.00000       1.00000       1.00000       1.00000       1.00000       1.00000       1.00000       1.00000       1.00000  -224352.3025740166   1709.71779   -2
691      4.30e-06       0.00010       0.00916    -4653.64886       0.14347       0.94434       0.90041       0.88256       0.86655       0.85991       0.80739       0.81306       0.81254       0.80714       0.80757       0.79265       0.77916       0.80435       0.77795       0.79497       0.79562       0.83812       0.77539      12.58603  -399.6769800741      0.02756   -6
-- Local optimization: reached maximum running time allowed


---- Best joint likelihood found -399.67698 with gradient 0.02756
-- Model: B
--     eps_an        eps_cont      lambda        theta_bar     a        
--    4.30e-06      0.00e+00       0.00010       0.00916       -1.00000  
--      S_d            b             p_b           S_b      
--  -4653.64886       0.14347      0.00e+00      0.00e+00  
--     r  2          r  3          r  4          r  5          r  6          r  7          r  8          r  9          r 10          r 11          r 12          r 13          r 14          r 15          r 16          r 17          r 18          r 19          r 20     
--     0.94434       0.90041       0.88256       0.86655       0.85991       0.80739       0.81306       0.81254       0.80714       0.80757       0.79265       0.77916       0.80435       0.77795       0.79497       0.79562       0.83812       0.77539      12.58603  

---- Expected P_neut(i), 0 < i < n (neutral SFS per site) 
E[P_neut(1)] = 0.009164
E[P_neut(2)] = 0.004327
E[P_neut(3)] = 0.002751
E[P_neut(4)] = 0.002022
E[P_neut(5)] = 0.001588
E[P_neut(6)] = 0.001313
E[P_neut(7)] = 0.001057
E[P_neut(8)] = 0.000931
E[P_neut(9)] = 0.000827
E[P_neut(10)] = 0.000740
E[P_neut(11)] = 0.000673
E[P_neut(12)] = 0.000605
E[P_neut(13)] = 0.000549
E[P_neut(14)] = 0.000527
E[P_neut(15)] = 0.000475
E[P_neut(16)] = 0.000455
E[P_neut(17)] = 0.000429
E[P_neut(18)] = 0.000427
E[P_neut(19)] = 0.000374

---- Expected P_sel(i), 0 < i < n (selected SFS per site) 
E[P_sel(1)] = 0.003559
E[P_sel(2)] = 0.001455
E[P_sel(3)] = 0.000865
E[P_sel(4)] = 0.000610
E[P_sel(5)] = 0.000464
E[P_sel(6)] = 0.000374
E[P_sel(7)] = 0.000295
E[P_sel(8)] = 0.000256
E[P_sel(9)] = 0.000224
E[P_sel(10)] = 0.000198
E[P_sel(11)] = 0.000178
E[P_sel(12)] = 0.000158
E[P_sel(13)] = 0.000142
E[P_sel(14)] = 0.000135
E[P_sel(15)] = 0.000121
E[P_sel(16)] = 0.000115
E[P_sel(17)] = 0.000107
E[P_sel(18)] = 0.000106
E[P_sel(19)] = 0.000092

---- Expected D_neut and D_sel (neutral and selected divergence per site) 
E[D_neut] = 0.005863
E[D_sel] = 0.001441

---- Expected neutral and selected misattributed polymorphism per site
E[mis_neut] = 0.005767
E[mis_sel] = 0.001417

---- alpha_div = 1.511450
---- alpha_dfe = 0.000000



