---- Performing inference on Ns200_pa_0.00025_boots/Ns200_pa_0.00025.25.polyDFE.txt using model B

---- Warning: mutation variability is not used when only one neutral and one selected fragment is available.
---- No mutation variability. Using Poisson likelihood.

---- Using provided initial values


-- Starting local optimization
 it       eps_an        eps_cont      theta_bar      S_d            b             p_b           S_b           r  2          r  3          r  4          r  5          r  6          r  7          r  8          r  9          r 10          r 11          r 12          r 13          r 14          r 15          r 16          r 17          r 18          r 19         ln lk             grad     status
  0      4.50e-06      9.00e-07       0.00100     -400.00000       0.40000       0.02000       4.00000       1.00000       1.00000       1.00000       1.00000       1.00000       1.00000       1.00000       1.00000       1.00000       1.00000       1.00000       1.00000       1.00000       1.00000       1.00000       1.00000       1.00000       1.00000  -206752.1171719844   1501.83745   -2
563      4.55e-06      9.00e-07       0.00887     -634.22731       0.21594       0.00136      61.68843       0.97928       0.97463       0.96446       0.93610       0.93016       0.87004       0.87572       0.87733       0.89503       0.89209       0.87118       0.90901       0.88558       0.90445       0.86619       0.86835       0.90268       0.88362  -193.1005201070      0.00133   -3
-- Local optimization: stuck in the same solution


---- Best joint likelihood found -193.10052 with gradient 0.00133
-- Model: B
--     eps_an        eps_cont      theta_bar     a        
--    4.55e-06      9.00e-07       0.00887       -1.00000  
--      S_d            b             p_b           S_b      
--   -634.22731       0.21594       0.00136      61.68843  
--     r  2          r  3          r  4          r  5          r  6          r  7          r  8          r  9          r 10          r 11          r 12          r 13          r 14          r 15          r 16          r 17          r 18          r 19     
--     0.97928       0.97463       0.96446       0.93610       0.93016       0.87004       0.87572       0.87733       0.89503       0.89209       0.87118       0.90901       0.88558       0.90445       0.86619       0.86835       0.90268       0.88362  

---- Expected P_neut(i), 0 < i < n (neutral SFS per site) 
E[P_neut(1)] = 0.008865
E[P_neut(2)] = 0.004341
E[P_neut(3)] = 0.002880
E[P_neut(4)] = 0.002138
E[P_neut(5)] = 0.001660
E[P_neut(6)] = 0.001374
E[P_neut(7)] = 0.001102
E[P_neut(8)] = 0.000970
E[P_neut(9)] = 0.000864
E[P_neut(10)] = 0.000793
E[P_neut(11)] = 0.000719
E[P_neut(12)] = 0.000644
E[P_neut(13)] = 0.000620
E[P_neut(14)] = 0.000561
E[P_neut(15)] = 0.000535
E[P_neut(16)] = 0.000480
E[P_neut(17)] = 0.000453
E[P_neut(18)] = 0.000445
E[P_neut(19)] = 0.000412

---- Expected P_sel(i), 0 < i < n (selected SFS per site) 
E[P_sel(1)] = 0.003595
E[P_sel(2)] = 0.001420
E[P_sel(3)] = 0.000851
E[P_sel(4)] = 0.000593
E[P_sel(5)] = 0.000439
E[P_sel(6)] = 0.000351
E[P_sel(7)] = 0.000273
E[P_sel(8)] = 0.000235
E[P_sel(9)] = 0.000204
E[P_sel(10)] = 0.000184
E[P_sel(11)] = 0.000164
E[P_sel(12)] = 0.000145
E[P_sel(13)] = 0.000138
E[P_sel(14)] = 0.000124
E[P_sel(15)] = 0.000117
E[P_sel(16)] = 0.000104
E[P_sel(17)] = 0.000099
E[P_sel(18)] = 0.000098
E[P_sel(19)] = 0.000095

---- Expected neutral and selected misattributed polymorphism per site
E[mis_neut] = 0.000443
E[mis_sel] = 0.000107

---- alpha_div = 0.301633
---- alpha_dfe = 0.294213



