---- Performing inference on Ns200_pa_0.00025_boots/Ns200_pa_0.00025.29.polyDFE.txt using model B

---- Warning: mutation variability is not used when only one neutral and one selected fragment is available.
---- No mutation variability. Using Poisson likelihood.

---- Using provided initial values


-- Starting local optimization
 it       eps_an        lambda        theta_bar      S_d            b             r  2          r  3          r  4          r  5          r  6          r  7          r  8          r  9          r 10          r 11          r 12          r 13          r 14          r 15          r 16          r 17          r 18          r 19          r 20         ln lk             grad     status
  0      4.50e-06       0.00500       0.00100     -400.00000       0.40000       1.00000       1.00000       1.00000       1.00000       1.00000       1.00000       1.00000       1.00000       1.00000       1.00000       1.00000       1.00000       1.00000       1.00000       1.00000       1.00000       1.00000       1.00000       1.00000  -222644.1773399244   1699.20016   -2
475      4.42e-06       0.00029       0.00904    -3331.95685       0.15149       0.95674       0.92070       0.88940       0.89942       0.86372       0.83203       0.80633       0.79619       0.81714       0.85123       0.82810       0.83610       0.83424       0.83265       0.77787       0.78140       0.80293       0.82677      12.43034  -438.5714510084      0.03745   -3
-- Local optimization: stuck in the same solution


---- Best joint likelihood found -438.57145 with gradient 0.03745
-- Model: B
--     eps_an        eps_cont      lambda        theta_bar     a        
--    4.42e-06      0.00e+00       0.00029       0.00904       -1.00000  
--      S_d            b             p_b           S_b      
--  -3331.95685       0.15149      0.00e+00      0.00e+00  
--     r  2          r  3          r  4          r  5          r  6          r  7          r  8          r  9          r 10          r 11          r 12          r 13          r 14          r 15          r 16          r 17          r 18          r 19          r 20     
--     0.95674       0.92070       0.88940       0.89942       0.86372       0.83203       0.80633       0.79619       0.81714       0.85123       0.82810       0.83610       0.83424       0.83265       0.77787       0.78140       0.80293       0.82677      12.43034  

---- Expected P_neut(i), 0 < i < n (neutral SFS per site) 
E[P_neut(1)] = 0.009036
E[P_neut(2)] = 0.004323
E[P_neut(3)] = 0.002773
E[P_neut(4)] = 0.002009
E[P_neut(5)] = 0.001625
E[P_neut(6)] = 0.001301
E[P_neut(7)] = 0.001074
E[P_neut(8)] = 0.000911
E[P_neut(9)] = 0.000799
E[P_neut(10)] = 0.000738
E[P_neut(11)] = 0.000699
E[P_neut(12)] = 0.000624
E[P_neut(13)] = 0.000581
E[P_neut(14)] = 0.000538
E[P_neut(15)] = 0.000502
E[P_neut(16)] = 0.000439
E[P_neut(17)] = 0.000415
E[P_neut(18)] = 0.000403
E[P_neut(19)] = 0.000393

---- Expected P_sel(i), 0 < i < n (selected SFS per site) 
E[P_sel(1)] = 0.003532
E[P_sel(2)] = 0.001451
E[P_sel(3)] = 0.000867
E[P_sel(4)] = 0.000601
E[P_sel(5)] = 0.000470
E[P_sel(6)] = 0.000367
E[P_sel(7)] = 0.000296
E[P_sel(8)] = 0.000247
E[P_sel(9)] = 0.000213
E[P_sel(10)] = 0.000194
E[P_sel(11)] = 0.000182
E[P_sel(12)] = 0.000160
E[P_sel(13)] = 0.000148
E[P_sel(14)] = 0.000136
E[P_sel(15)] = 0.000125
E[P_sel(16)] = 0.000109
E[P_sel(17)] = 0.000102
E[P_sel(18)] = 0.000098
E[P_sel(19)] = 0.000095

---- Expected D_neut and D_sel (neutral and selected divergence per site) 
E[D_neut] = 0.005902
E[D_sel] = 0.001422

---- Expected neutral and selected misattributed polymorphism per site
E[mis_neut] = 0.005616
E[mis_sel] = 0.001353

---- alpha_div = 1.234248
---- alpha_dfe = 0.000000



