---- Performing inference on Ns200_pa_0.00025_boots/Ns200_pa_0.00025.51.polyDFE.txt using model B

---- Warning: mutation variability is not used when only one neutral and one selected fragment is available.
---- No mutation variability. Using Poisson likelihood.

---- Using provided initial values


-- Starting local optimization
 it       eps_an        theta_bar      S_d            b             r  2          r  3          r  4          r  5          r  6          r  7          r  8          r  9          r 10          r 11          r 12          r 13          r 14          r 15          r 16          r 17          r 18          r 19         ln lk             grad     status
  0      4.50e-06       0.00100     -400.00000       0.40000       1.00000       1.00000       1.00000       1.00000       1.00000       1.00000       1.00000       1.00000       1.00000       1.00000       1.00000       1.00000       1.00000       1.00000       1.00000       1.00000       1.00000       1.00000  -215415.1319059823   1581.95519   -2
116      4.50e-06       0.00904     -872.66312       0.20125       0.97284       0.94036       0.92266       0.91339       0.89153       0.85415       0.85715       0.83952       0.86729       0.87458       0.88705       0.83949       0.85061       0.89758       0.82391       0.83314       0.81883       0.89302  -200.4459816561      0.00207   -3
-- Local optimization: stuck in the same solution


---- Best joint likelihood found -200.44598 with gradient 0.00207
-- Model: B
--     eps_an        eps_cont      theta_bar     a        
--    4.50e-06      0.00e+00       0.00904       -1.00000  
--      S_d            b             p_b           S_b      
--   -872.66312       0.20125      0.00e+00      0.00e+00  
--     r  2          r  3          r  4          r  5          r  6          r  7          r  8          r  9          r 10          r 11          r 12          r 13          r 14          r 15          r 16          r 17          r 18          r 19     
--     0.97284       0.94036       0.92266       0.91339       0.89153       0.85415       0.85715       0.83952       0.86729       0.87458       0.88705       0.83949       0.85061       0.89758       0.82391       0.83314       0.81883       0.89302  

---- Expected P_neut(i), 0 < i < n (neutral SFS per site) 
E[P_neut(1)] = 0.009043
E[P_neut(2)] = 0.004399
E[P_neut(3)] = 0.002835
E[P_neut(4)] = 0.002086
E[P_neut(5)] = 0.001652
E[P_neut(6)] = 0.001344
E[P_neut(7)] = 0.001103
E[P_neut(8)] = 0.000969
E[P_neut(9)] = 0.000844
E[P_neut(10)] = 0.000784
E[P_neut(11)] = 0.000719
E[P_neut(12)] = 0.000668
E[P_neut(13)] = 0.000584
E[P_neut(14)] = 0.000549
E[P_neut(15)] = 0.000541
E[P_neut(16)] = 0.000466
E[P_neut(17)] = 0.000443
E[P_neut(18)] = 0.000411
E[P_neut(19)] = 0.000425

---- Expected P_sel(i), 0 < i < n (selected SFS per site) 
E[P_sel(1)] = 0.003602
E[P_sel(2)] = 0.001431
E[P_sel(3)] = 0.000839
E[P_sel(4)] = 0.000581
E[P_sel(5)] = 0.000440
E[P_sel(6)] = 0.000346
E[P_sel(7)] = 0.000276
E[P_sel(8)] = 0.000237
E[P_sel(9)] = 0.000202
E[P_sel(10)] = 0.000184
E[P_sel(11)] = 0.000166
E[P_sel(12)] = 0.000152
E[P_sel(13)] = 0.000131
E[P_sel(14)] = 0.000122
E[P_sel(15)] = 0.000119
E[P_sel(16)] = 0.000101
E[P_sel(17)] = 0.000095
E[P_sel(18)] = 0.000088
E[P_sel(19)] = 0.000090

---- Expected neutral and selected misattributed polymorphism per site
E[mis_neut] = 0.000452
E[mis_sel] = 0.000095

---- alpha_div = 0.301738
---- alpha_dfe = 0.000000



