---- Performing inference on Ns200_pa_0.00025_boots/Ns200_pa_0.00025.88.polyDFE.txt using model B

---- Warning: mutation variability is not used when only one neutral and one selected fragment is available.
---- No mutation variability. Using Poisson likelihood.

---- Using provided initial values


-- Starting local optimization
 it       eps_an        eps_cont      lambda        theta_bar      S_d            b             p_b           S_b           r  2          r  3          r  4          r  5          r  6          r  7          r  8          r  9          r 10          r 11          r 12          r 13          r 14          r 15          r 16          r 17          r 18          r 19          r 20         ln lk             grad     status
  0      4.50e-06      9.00e-07       0.00500       0.00100     -400.00000       0.40000       0.02000       4.00000       1.00000       1.00000       1.00000       1.00000       1.00000       1.00000       1.00000       1.00000       1.00000       1.00000       1.00000       1.00000       1.00000       1.00000       1.00000       1.00000       1.00000       1.00000       1.00000  -209510.2647210408   1538.76035   -2
256      4.49e-06      9.00e-07       0.00489       0.00891     -788.28488       0.20605       0.00129      74.84912       0.99455       0.97508       0.94019       0.95636       0.89868       0.87635       0.86595       0.88679       0.89224       0.90085       0.87595       0.87480       0.85288       0.87136       0.86342       0.84584       0.83435       0.87465       0.83737  -200.8063865397      0.00564   -3
-- Local optimization: stuck in the same solution


---- Best joint likelihood found -200.80639 with gradient 0.00564
-- Model: B
--     eps_an        eps_cont      lambda        theta_bar     a        
--    4.49e-06      9.00e-07       0.00489       0.00891       -1.00000  
--      S_d            b             p_b           S_b      
--   -788.28488       0.20605       0.00129      74.84912  
--     r  2          r  3          r  4          r  5          r  6          r  7          r  8          r  9          r 10          r 11          r 12          r 13          r 14          r 15          r 16          r 17          r 18          r 19          r 20     
--     0.99455       0.97508       0.94019       0.95636       0.89868       0.87635       0.86595       0.88679       0.89224       0.90085       0.87595       0.87480       0.85288       0.87136       0.86342       0.84584       0.83435       0.87465       0.83737  

---- Expected P_neut(i), 0 < i < n (neutral SFS per site) 
E[P_neut(1)] = 0.008908
E[P_neut(2)] = 0.004430
E[P_neut(3)] = 0.002895
E[P_neut(4)] = 0.002094
E[P_neut(5)] = 0.001704
E[P_neut(6)] = 0.001334
E[P_neut(7)] = 0.001115
E[P_neut(8)] = 0.000964
E[P_neut(9)] = 0.000878
E[P_neut(10)] = 0.000795
E[P_neut(11)] = 0.000730
E[P_neut(12)] = 0.000650
E[P_neut(13)] = 0.000599
E[P_neut(14)] = 0.000543
E[P_neut(15)] = 0.000517
E[P_neut(16)] = 0.000481
E[P_neut(17)] = 0.000443
E[P_neut(18)] = 0.000413
E[P_neut(19)] = 0.000410

---- Expected P_sel(i), 0 < i < n (selected SFS per site) 
E[P_sel(1)] = 0.003568
E[P_sel(2)] = 0.001444
E[P_sel(3)] = 0.000857
E[P_sel(4)] = 0.000583
E[P_sel(5)] = 0.000454
E[P_sel(6)] = 0.000343
E[P_sel(7)] = 0.000279
E[P_sel(8)] = 0.000236
E[P_sel(9)] = 0.000210
E[P_sel(10)] = 0.000187
E[P_sel(11)] = 0.000169
E[P_sel(12)] = 0.000149
E[P_sel(13)] = 0.000135
E[P_sel(14)] = 0.000121
E[P_sel(15)] = 0.000115
E[P_sel(16)] = 0.000106
E[P_sel(17)] = 0.000098
E[P_sel(18)] = 0.000092
E[P_sel(19)] = 0.000096

---- Expected D_neut and D_sel (neutral and selected divergence per site) 
E[D_neut] = 0.005266
E[D_sel] = 0.001565

---- Expected neutral and selected misattributed polymorphism per site
E[mis_neut] = 0.000373
E[mis_sel] = 0.000092

---- alpha_div = 0.320087
---- alpha_dfe = 0.320074



