---- Performing inference on Ns200_pa_0.00025_boots/Ns200_pa_0.00025.20.polyDFE.txt using model B

---- Warning: mutation variability is not used when only one neutral and one selected fragment is available.
---- No mutation variability. Using Poisson likelihood.

---- Using provided initial values


-- Starting local optimization
 it       eps_an        lambda        theta_bar      S_d            b             r  2          r  3          r  4          r  5          r  6          r  7          r  8          r  9          r 10          r 11          r 12          r 13          r 14          r 15          r 16          r 17          r 18          r 19          r 20         ln lk             grad     status
  0      4.50e-06       0.00500       0.00100     -400.00000       0.40000       1.00000       1.00000       1.00000       1.00000       1.00000       1.00000       1.00000       1.00000       1.00000       1.00000       1.00000       1.00000       1.00000       1.00000       1.00000       1.00000       1.00000       1.00000       1.00000  -224709.7638146437   1708.00398   -2
766      4.34e-06       0.00005       0.00916    -4755.45434       0.14462       0.94423       0.91794       0.89705       0.88779       0.84130       0.81008       0.82014       0.83245       0.83742       0.83516       0.78058       0.81034       0.82084       0.84529       0.81101       0.78344       0.80114       0.86802      12.53944  -422.7331117068      0.00950   -6
-- Local optimization: reached maximum running time allowed


---- Best joint likelihood found -422.73311 with gradient 0.00950
-- Model: B
--     eps_an        eps_cont      lambda        theta_bar     a        
--    4.34e-06      0.00e+00       0.00005       0.00916       -1.00000  
--      S_d            b             p_b           S_b      
--  -4755.45434       0.14462      0.00e+00      0.00e+00  
--     r  2          r  3          r  4          r  5          r  6          r  7          r  8          r  9          r 10          r 11          r 12          r 13          r 14          r 15          r 16          r 17          r 18          r 19          r 20     
--     0.94423       0.91794       0.89705       0.88779       0.84130       0.81008       0.82014       0.83245       0.83742       0.83516       0.78058       0.81034       0.82084       0.84529       0.81101       0.78344       0.80114       0.86802      12.53944  

---- Expected P_neut(i), 0 < i < n (neutral SFS per site) 
E[P_neut(1)] = 0.009159
E[P_neut(2)] = 0.004324
E[P_neut(3)] = 0.002802
E[P_neut(4)] = 0.002054
E[P_neut(5)] = 0.001626
E[P_neut(6)] = 0.001284
E[P_neut(7)] = 0.001060
E[P_neut(8)] = 0.000939
E[P_neut(9)] = 0.000847
E[P_neut(10)] = 0.000767
E[P_neut(11)] = 0.000695
E[P_neut(12)] = 0.000596
E[P_neut(13)] = 0.000571
E[P_neut(14)] = 0.000537
E[P_neut(15)] = 0.000516
E[P_neut(16)] = 0.000464
E[P_neut(17)] = 0.000422
E[P_neut(18)] = 0.000408
E[P_neut(19)] = 0.000418

---- Expected P_sel(i), 0 < i < n (selected SFS per site) 
E[P_sel(1)] = 0.003524
E[P_sel(2)] = 0.001439
E[P_sel(3)] = 0.000872
E[P_sel(4)] = 0.000612
E[P_sel(5)] = 0.000470
E[P_sel(6)] = 0.000362
E[P_sel(7)] = 0.000293
E[P_sel(8)] = 0.000255
E[P_sel(9)] = 0.000226
E[P_sel(10)] = 0.000202
E[P_sel(11)] = 0.000181
E[P_sel(12)] = 0.000154
E[P_sel(13)] = 0.000146
E[P_sel(14)] = 0.000136
E[P_sel(15)] = 0.000130
E[P_sel(16)] = 0.000116
E[P_sel(17)] = 0.000104
E[P_sel(18)] = 0.000100
E[P_sel(19)] = 0.000102

---- Expected D_neut and D_sel (neutral and selected divergence per site) 
E[D_neut] = 0.005793
E[D_sel] = 0.001405

---- Expected neutral and selected misattributed polymorphism per site
E[mis_neut] = 0.005742
E[mis_sel] = 0.001392

---- alpha_div = 1.605770
---- alpha_dfe = 0.000000



