---- Performing inference on Ns200_pa_0.00025_boots/Ns200_pa_0.00025.31.polyDFE.txt using model B

---- Warning: mutation variability is not used when only one neutral and one selected fragment is available.
---- No mutation variability. Using Poisson likelihood.

---- Using provided initial values


-- Starting local optimization
 it       eps_an        eps_cont      lambda        theta_bar      S_d            b             p_b           S_b           r  2          r  3          r  4          r  5          r  6          r  7          r  8          r  9          r 10          r 11          r 12          r 13          r 14          r 15          r 16          r 17          r 18          r 19          r 20         ln lk             grad     status
  0      4.50e-06      9.00e-07       0.00500       0.00100     -400.00000       0.40000       0.02000       4.00000       1.00000       1.00000       1.00000       1.00000       1.00000       1.00000       1.00000       1.00000       1.00000       1.00000       1.00000       1.00000       1.00000       1.00000       1.00000       1.00000       1.00000       1.00000       1.00000  -211646.3436017254   1549.36169   -2
130      4.49e-06      9.00e-07       0.00499       0.00903     -617.61472       0.21766       0.00269      37.42987       0.97574       0.94215       0.92777       0.91693       0.88792       0.85517       0.85867       0.88056       0.89157       0.90233       0.89912       0.83408       0.86562       0.88463       0.82750       0.84219       0.87457       0.89205       0.88944  -215.1615802293      0.06064   -3
-- Local optimization: stuck in the same solution


---- Best joint likelihood found -215.16158 with gradient 0.06064
-- Model: B
--     eps_an        eps_cont      lambda        theta_bar     a        
--    4.49e-06      9.00e-07       0.00499       0.00903       -1.00000  
--      S_d            b             p_b           S_b      
--   -617.61472       0.21766       0.00269      37.42987  
--     r  2          r  3          r  4          r  5          r  6          r  7          r  8          r  9          r 10          r 11          r 12          r 13          r 14          r 15          r 16          r 17          r 18          r 19          r 20     
--     0.97574       0.94215       0.92777       0.91693       0.88792       0.85517       0.85867       0.88056       0.89157       0.90233       0.89912       0.83408       0.86562       0.88463       0.82750       0.84219       0.87457       0.89205       0.88944  

---- Expected P_neut(i), 0 < i < n (neutral SFS per site) 
E[P_neut(1)] = 0.009028
E[P_neut(2)] = 0.004405
E[P_neut(3)] = 0.002835
E[P_neut(4)] = 0.002094
E[P_neut(5)] = 0.001656
E[P_neut(6)] = 0.001336
E[P_neut(7)] = 0.001103
E[P_neut(8)] = 0.000969
E[P_neut(9)] = 0.000883
E[P_neut(10)] = 0.000805
E[P_neut(11)] = 0.000741
E[P_neut(12)] = 0.000676
E[P_neut(13)] = 0.000579
E[P_neut(14)] = 0.000558
E[P_neut(15)] = 0.000532
E[P_neut(16)] = 0.000467
E[P_neut(17)] = 0.000447
E[P_neut(18)] = 0.000439
E[P_neut(19)] = 0.000424

---- Expected P_sel(i), 0 < i < n (selected SFS per site) 
E[P_sel(1)] = 0.003669
E[P_sel(2)] = 0.001443
E[P_sel(3)] = 0.000840
E[P_sel(4)] = 0.000582
E[P_sel(5)] = 0.000439
E[P_sel(6)] = 0.000342
E[P_sel(7)] = 0.000274
E[P_sel(8)] = 0.000235
E[P_sel(9)] = 0.000210
E[P_sel(10)] = 0.000188
E[P_sel(11)] = 0.000171
E[P_sel(12)] = 0.000154
E[P_sel(13)] = 0.000130
E[P_sel(14)] = 0.000125
E[P_sel(15)] = 0.000119
E[P_sel(16)] = 0.000104
E[P_sel(17)] = 0.000100
E[P_sel(18)] = 0.000100
E[P_sel(19)] = 0.000101

---- Expected D_neut and D_sel (neutral and selected divergence per site) 
E[D_neut] = 0.005392
E[D_sel] = 0.001602

---- Expected neutral and selected misattributed polymorphism per site
E[mis_neut] = 0.000401
E[mis_sel] = 0.000104

---- alpha_div = 0.337388
---- alpha_dfe = 0.335602



