---- Performing inference on Ns200_pa_0.00025_boots/Ns200_pa_0.00025.56.polyDFE.txt using model B

---- Warning: mutation variability is not used when only one neutral and one selected fragment is available.
---- No mutation variability. Using Poisson likelihood.

---- Using provided initial values


-- Starting local optimization
 it       eps_an        theta_bar      S_d            b             r  2          r  3          r  4          r  5          r  6          r  7          r  8          r  9          r 10          r 11          r 12          r 13          r 14          r 15          r 16          r 17          r 18          r 19         ln lk             grad     status
  0      4.50e-06       0.00100     -400.00000       0.40000       1.00000       1.00000       1.00000       1.00000       1.00000       1.00000       1.00000       1.00000       1.00000       1.00000       1.00000       1.00000       1.00000       1.00000       1.00000       1.00000       1.00000       1.00000  -216931.6149276818   1591.12858   -2
136      4.50e-06       0.00900     -737.50444       0.20599       0.96960       0.94184       0.91845       0.91208       0.87036       0.85577       0.84905       0.86975       0.89000       0.86945       0.85514       0.86929       0.87387       0.90219       0.85606       0.87381       0.88435       0.93107  -197.9136221174      0.00052   -3
-- Local optimization: stuck in the same solution


---- Best joint likelihood found -197.91362 with gradient 0.00052
-- Model: B
--     eps_an        eps_cont      theta_bar     a        
--    4.50e-06      0.00e+00       0.00900       -1.00000  
--      S_d            b             p_b           S_b      
--   -737.50444       0.20599      0.00e+00      0.00e+00  
--     r  2          r  3          r  4          r  5          r  6          r  7          r  8          r  9          r 10          r 11          r 12          r 13          r 14          r 15          r 16          r 17          r 18          r 19     
--     0.96960       0.94184       0.91845       0.91208       0.87036       0.85577       0.84905       0.86975       0.89000       0.86945       0.85514       0.86929       0.87387       0.90219       0.85606       0.87381       0.88435       0.93107  

---- Expected P_neut(i), 0 < i < n (neutral SFS per site) 
E[P_neut(1)] = 0.009004
E[P_neut(2)] = 0.004365
E[P_neut(3)] = 0.002827
E[P_neut(4)] = 0.002067
E[P_neut(5)] = 0.001642
E[P_neut(6)] = 0.001306
E[P_neut(7)] = 0.001101
E[P_neut(8)] = 0.000956
E[P_neut(9)] = 0.000870
E[P_neut(10)] = 0.000801
E[P_neut(11)] = 0.000712
E[P_neut(12)] = 0.000642
E[P_neut(13)] = 0.000602
E[P_neut(14)] = 0.000562
E[P_neut(15)] = 0.000542
E[P_neut(16)] = 0.000482
E[P_neut(17)] = 0.000463
E[P_neut(18)] = 0.000442
E[P_neut(19)] = 0.000441

---- Expected P_sel(i), 0 < i < n (selected SFS per site) 
E[P_sel(1)] = 0.003648
E[P_sel(2)] = 0.001439
E[P_sel(3)] = 0.000845
E[P_sel(4)] = 0.000581
E[P_sel(5)] = 0.000441
E[P_sel(6)] = 0.000339
E[P_sel(7)] = 0.000277
E[P_sel(8)] = 0.000235
E[P_sel(9)] = 0.000209
E[P_sel(10)] = 0.000189
E[P_sel(11)] = 0.000165
E[P_sel(12)] = 0.000147
E[P_sel(13)] = 0.000136
E[P_sel(14)] = 0.000125
E[P_sel(15)] = 0.000119
E[P_sel(16)] = 0.000105
E[P_sel(17)] = 0.000100
E[P_sel(18)] = 0.000094
E[P_sel(19)] = 0.000093

---- Expected neutral and selected misattributed polymorphism per site
E[mis_neut] = 0.000450
E[mis_sel] = 0.000094

---- alpha_div = 0.288558
---- alpha_dfe = 0.000000



