---- Performing inference on Ns200_pa_0.00025_boots/Ns200_pa_0.00025.54.polyDFE.txt using model B

---- Warning: mutation variability is not used when only one neutral and one selected fragment is available.
---- No mutation variability. Using Poisson likelihood.

---- Using provided initial values


-- Starting local optimization
 it       eps_an        theta_bar      S_d            b             r  2          r  3          r  4          r  5          r  6          r  7          r  8          r  9          r 10          r 11          r 12          r 13          r 14          r 15          r 16          r 17          r 18          r 19         ln lk             grad     status
  0      4.50e-06       0.00100     -400.00000       0.40000       1.00000       1.00000       1.00000       1.00000       1.00000       1.00000       1.00000       1.00000       1.00000       1.00000       1.00000       1.00000       1.00000       1.00000       1.00000       1.00000       1.00000       1.00000  -216560.9733108648   1587.16403   -2
169      4.50e-06       0.00903     -702.18116       0.21046       0.96367       0.95198       0.93159       0.92017       0.89866       0.87940       0.86470       0.87144       0.86924       0.86663       0.84157       0.87368       0.87430       0.87193       0.85128       0.80826       0.84782       0.92247  -201.8657505867      0.00055   -3
-- Local optimization: stuck in the same solution


---- Best joint likelihood found -201.86575 with gradient 0.00055
-- Model: B
--     eps_an        eps_cont      theta_bar     a        
--    4.50e-06      0.00e+00       0.00903       -1.00000  
--      S_d            b             p_b           S_b      
--   -702.18116       0.21046      0.00e+00      0.00e+00  
--     r  2          r  3          r  4          r  5          r  6          r  7          r  8          r  9          r 10          r 11          r 12          r 13          r 14          r 15          r 16          r 17          r 18          r 19     
--     0.96367       0.95198       0.93159       0.92017       0.89866       0.87940       0.86470       0.87144       0.86924       0.86663       0.84157       0.87368       0.87430       0.87193       0.85128       0.80826       0.84782       0.92247  

---- Expected P_neut(i), 0 < i < n (neutral SFS per site) 
E[P_neut(1)] = 0.009033
E[P_neut(2)] = 0.004352
E[P_neut(3)] = 0.002866
E[P_neut(4)] = 0.002104
E[P_neut(5)] = 0.001662
E[P_neut(6)] = 0.001353
E[P_neut(7)] = 0.001135
E[P_neut(8)] = 0.000976
E[P_neut(9)] = 0.000875
E[P_neut(10)] = 0.000785
E[P_neut(11)] = 0.000712
E[P_neut(12)] = 0.000633
E[P_neut(13)] = 0.000607
E[P_neut(14)] = 0.000564
E[P_neut(15)] = 0.000525
E[P_neut(16)] = 0.000481
E[P_neut(17)] = 0.000429
E[P_neut(18)] = 0.000425
E[P_neut(19)] = 0.000439

---- Expected P_sel(i), 0 < i < n (selected SFS per site) 
E[P_sel(1)] = 0.003642
E[P_sel(2)] = 0.001421
E[P_sel(3)] = 0.000848
E[P_sel(4)] = 0.000584
E[P_sel(5)] = 0.000441
E[P_sel(6)] = 0.000346
E[P_sel(7)] = 0.000282
E[P_sel(8)] = 0.000236
E[P_sel(9)] = 0.000207
E[P_sel(10)] = 0.000182
E[P_sel(11)] = 0.000163
E[P_sel(12)] = 0.000142
E[P_sel(13)] = 0.000135
E[P_sel(14)] = 0.000123
E[P_sel(15)] = 0.000114
E[P_sel(16)] = 0.000103
E[P_sel(17)] = 0.000091
E[P_sel(18)] = 0.000089
E[P_sel(19)] = 0.000091

---- Expected neutral and selected misattributed polymorphism per site
E[mis_neut] = 0.000452
E[mis_sel] = 0.000093

---- alpha_div = 0.325987
---- alpha_dfe = 0.000000



