---- Performing inference on Ns200_pa_0.00025_boots/Ns200_pa_0.00025.8.polyDFE.txt using model B

---- Warning: mutation variability is not used when only one neutral and one selected fragment is available.
---- No mutation variability. Using Poisson likelihood.

---- Using provided initial values


-- Starting local optimization
 it       eps_an        lambda        theta_bar      S_d            b             r  2          r  3          r  4          r  5          r  6          r  7          r  8          r  9          r 10          r 11          r 12          r 13          r 14          r 15          r 16          r 17          r 18          r 19          r 20         ln lk             grad     status
  0      4.50e-06       0.00500       0.00100     -400.00000       0.40000       1.00000       1.00000       1.00000       1.00000       1.00000       1.00000       1.00000       1.00000       1.00000       1.00000       1.00000       1.00000       1.00000       1.00000       1.00000       1.00000       1.00000       1.00000       1.00000  -224230.4618658033   1704.95318   -2
280      4.47e-06       0.00477       0.00916    -3847.60170       0.14904       0.94359       0.90843       0.89469       0.88427       0.84730       0.82977       0.82235       0.81621       0.84352       0.80914       0.79204       0.78807       0.83620       0.86318       0.78588       0.79237       0.83223       0.80451       2.33574  -395.0696264754      0.04087   -3
-- Local optimization: stuck in the same solution


---- Best joint likelihood found -395.06963 with gradient 0.04087
-- Model: B
--     eps_an        eps_cont      lambda        theta_bar     a        
--    4.47e-06      0.00e+00       0.00477       0.00916       -1.00000  
--      S_d            b             p_b           S_b      
--  -3847.60170       0.14904      0.00e+00      0.00e+00  
--     r  2          r  3          r  4          r  5          r  6          r  7          r  8          r  9          r 10          r 11          r 12          r 13          r 14          r 15          r 16          r 17          r 18          r 19          r 20     
--     0.94359       0.90843       0.89469       0.88427       0.84730       0.82977       0.82235       0.81621       0.84352       0.80914       0.79204       0.78807       0.83620       0.86318       0.78588       0.79237       0.83223       0.80451       2.33574  

---- Expected P_neut(i), 0 < i < n (neutral SFS per site) 
E[P_neut(1)] = 0.009157
E[P_neut(2)] = 0.004320
E[P_neut(3)] = 0.002773
E[P_neut(4)] = 0.002048
E[P_neut(5)] = 0.001619
E[P_neut(6)] = 0.001293
E[P_neut(7)] = 0.001085
E[P_neut(8)] = 0.000941
E[P_neut(9)] = 0.000830
E[P_neut(10)] = 0.000772
E[P_neut(11)] = 0.000674
E[P_neut(12)] = 0.000604
E[P_neut(13)] = 0.000555
E[P_neut(14)] = 0.000547
E[P_neut(15)] = 0.000527
E[P_neut(16)] = 0.000450
E[P_neut(17)] = 0.000427
E[P_neut(18)] = 0.000423
E[P_neut(19)] = 0.000388

---- Expected P_sel(i), 0 < i < n (selected SFS per site) 
E[P_sel(1)] = 0.003548
E[P_sel(2)] = 0.001441
E[P_sel(3)] = 0.000863
E[P_sel(4)] = 0.000610
E[P_sel(5)] = 0.000467
E[P_sel(6)] = 0.000363
E[P_sel(7)] = 0.000299
E[P_sel(8)] = 0.000254
E[P_sel(9)] = 0.000221
E[P_sel(10)] = 0.000203
E[P_sel(11)] = 0.000175
E[P_sel(12)] = 0.000155
E[P_sel(13)] = 0.000141
E[P_sel(14)] = 0.000138
E[P_sel(15)] = 0.000131
E[P_sel(16)] = 0.000111
E[P_sel(17)] = 0.000105
E[P_sel(18)] = 0.000103
E[P_sel(19)] = 0.000094

---- Expected D_neut and D_sel (neutral and selected divergence per site) 
E[D_neut] = 0.005843
E[D_sel] = 0.001400

---- Expected neutral and selected misattributed polymorphism per site
E[mis_neut] = 0.001069
E[mis_sel] = 0.000257

---- alpha_div = 0.205112
---- alpha_dfe = 0.000000



