---- Performing inference on Ns200_pa_0.00025_boots/Ns200_pa_0.00025.71.polyDFE.txt using model B

---- Warning: mutation variability is not used when only one neutral and one selected fragment is available.
---- No mutation variability. Using Poisson likelihood.

---- Using provided initial values


-- Starting local optimization
 it       eps_an        eps_cont      theta_bar      S_d            b             p_b           S_b           r  2          r  3          r  4          r  5          r  6          r  7          r  8          r  9          r 10          r 11          r 12          r 13          r 14          r 15          r 16          r 17          r 18          r 19         ln lk             grad     status
  0      4.50e-06      9.00e-07       0.00100     -400.00000       0.40000       0.02000       4.00000       1.00000       1.00000       1.00000       1.00000       1.00000       1.00000       1.00000       1.00000       1.00000       1.00000       1.00000       1.00000       1.00000       1.00000       1.00000       1.00000       1.00000       1.00000  -207301.5791057423   1503.78497   -2
832      4.49e-06      9.00e-07       0.00903     -759.93591       0.20930       0.00211      12.86328       0.98442       0.95544       0.92589       0.91700       0.88473       0.85209       0.87875       0.86154       0.87142       0.87050       0.86990       0.84717       0.85167       0.84478       0.82978       0.81648       0.86440       0.88440  -190.2321247428      0.00442   -3
-- Local optimization: stuck in the same solution


---- Best joint likelihood found -190.23212 with gradient 0.00442
-- Model: B
--     eps_an        eps_cont      theta_bar     a        
--    4.49e-06      9.00e-07       0.00903       -1.00000  
--      S_d            b             p_b           S_b      
--   -759.93591       0.20930       0.00211      12.86328  
--     r  2          r  3          r  4          r  5          r  6          r  7          r  8          r  9          r 10          r 11          r 12          r 13          r 14          r 15          r 16          r 17          r 18          r 19     
--     0.98442       0.95544       0.92589       0.91700       0.88473       0.85209       0.87875       0.86154       0.87142       0.87050       0.86990       0.84717       0.85167       0.84478       0.82978       0.81648       0.86440       0.88440  

---- Expected P_neut(i), 0 < i < n (neutral SFS per site) 
E[P_neut(1)] = 0.009032
E[P_neut(2)] = 0.004446
E[P_neut(3)] = 0.002876
E[P_neut(4)] = 0.002091
E[P_neut(5)] = 0.001656
E[P_neut(6)] = 0.001332
E[P_neut(7)] = 0.001099
E[P_neut(8)] = 0.000992
E[P_neut(9)] = 0.000865
E[P_neut(10)] = 0.000787
E[P_neut(11)] = 0.000715
E[P_neut(12)] = 0.000655
E[P_neut(13)] = 0.000589
E[P_neut(14)] = 0.000549
E[P_neut(15)] = 0.000509
E[P_neut(16)] = 0.000468
E[P_neut(17)] = 0.000434
E[P_neut(18)] = 0.000434
E[P_neut(19)] = 0.000420

---- Expected P_sel(i), 0 < i < n (selected SFS per site) 
E[P_sel(1)] = 0.003610
E[P_sel(2)] = 0.001443
E[P_sel(3)] = 0.000847
E[P_sel(4)] = 0.000578
E[P_sel(5)] = 0.000438
E[P_sel(6)] = 0.000340
E[P_sel(7)] = 0.000273
E[P_sel(8)] = 0.000241
E[P_sel(9)] = 0.000206
E[P_sel(10)] = 0.000184
E[P_sel(11)] = 0.000165
E[P_sel(12)] = 0.000149
E[P_sel(13)] = 0.000132
E[P_sel(14)] = 0.000123
E[P_sel(15)] = 0.000113
E[P_sel(16)] = 0.000103
E[P_sel(17)] = 0.000096
E[P_sel(18)] = 0.000096
E[P_sel(19)] = 0.000093

---- Expected neutral and selected misattributed polymorphism per site
E[mis_neut] = 0.000452
E[mis_sel] = 0.000101

---- alpha_div = 0.314019
---- alpha_dfe = 0.118732



