---- Performing inference on Ns200_pa_0.00025_boots/Ns200_pa_0.00025.34.polyDFE.txt using model B

---- Warning: mutation variability is not used when only one neutral and one selected fragment is available.
---- No mutation variability. Using Poisson likelihood.

---- Using provided initial values


-- Starting local optimization
 it       eps_an        theta_bar      S_d            b             r  2          r  3          r  4          r  5          r  6          r  7          r  8          r  9          r 10          r 11          r 12          r 13          r 14          r 15          r 16          r 17          r 18          r 19         ln lk             grad     status
  0      4.50e-06       0.00100     -400.00000       0.40000       1.00000       1.00000       1.00000       1.00000       1.00000       1.00000       1.00000       1.00000       1.00000       1.00000       1.00000       1.00000       1.00000       1.00000       1.00000       1.00000       1.00000       1.00000  -218774.7548415481   1599.64212   -2
141      4.50e-06       0.00913     -949.08897       0.19708       0.96239       0.94015       0.93191       0.91190       0.87345       0.84963       0.85849       0.84105       0.88445       0.85664       0.83964       0.83795       0.85553       0.90503       0.82104       0.83428       0.88993       0.90143  -201.1216964546      0.00097   -3
-- Local optimization: stuck in the same solution


---- Best joint likelihood found -201.12170 with gradient 0.00097
-- Model: B
--     eps_an        eps_cont      theta_bar     a        
--    4.50e-06      0.00e+00       0.00913       -1.00000  
--      S_d            b             p_b           S_b      
--   -949.08897       0.19708      0.00e+00      0.00e+00  
--     r  2          r  3          r  4          r  5          r  6          r  7          r  8          r  9          r 10          r 11          r 12          r 13          r 14          r 15          r 16          r 17          r 18          r 19     
--     0.96239       0.94015       0.93191       0.91190       0.87345       0.84963       0.85849       0.84105       0.88445       0.85664       0.83964       0.83795       0.85553       0.90503       0.82104       0.83428       0.88993       0.90143  

---- Expected P_neut(i), 0 < i < n (neutral SFS per site) 
E[P_neut(1)] = 0.009129
E[P_neut(2)] = 0.004393
E[P_neut(3)] = 0.002861
E[P_neut(4)] = 0.002127
E[P_neut(5)] = 0.001665
E[P_neut(6)] = 0.001329
E[P_neut(7)] = 0.001108
E[P_neut(8)] = 0.000980
E[P_neut(9)] = 0.000853
E[P_neut(10)] = 0.000807
E[P_neut(11)] = 0.000711
E[P_neut(12)] = 0.000639
E[P_neut(13)] = 0.000588
E[P_neut(14)] = 0.000558
E[P_neut(15)] = 0.000551
E[P_neut(16)] = 0.000468
E[P_neut(17)] = 0.000448
E[P_neut(18)] = 0.000451
E[P_neut(19)] = 0.000433

---- Expected P_sel(i), 0 < i < n (selected SFS per site) 
E[P_sel(1)] = 0.003631
E[P_sel(2)] = 0.001433
E[P_sel(3)] = 0.000850
E[P_sel(4)] = 0.000596
E[P_sel(5)] = 0.000447
E[P_sel(6)] = 0.000345
E[P_sel(7)] = 0.000280
E[P_sel(8)] = 0.000241
E[P_sel(9)] = 0.000206
E[P_sel(10)] = 0.000192
E[P_sel(11)] = 0.000166
E[P_sel(12)] = 0.000147
E[P_sel(13)] = 0.000134
E[P_sel(14)] = 0.000125
E[P_sel(15)] = 0.000122
E[P_sel(16)] = 0.000103
E[P_sel(17)] = 0.000097
E[P_sel(18)] = 0.000097
E[P_sel(19)] = 0.000092

---- Expected neutral and selected misattributed polymorphism per site
E[mis_neut] = 0.000456
E[mis_sel] = 0.000097

---- alpha_div = 0.315709
---- alpha_dfe = 0.000000



