---- Performing inference on Ns200_pa_0.00025_boots/Ns200_pa_0.00025.69.polyDFE.txt using model B

---- Warning: mutation variability is not used when only one neutral and one selected fragment is available.
---- No mutation variability. Using Poisson likelihood.

---- Using provided initial values


-- Starting local optimization
 it       eps_an        theta_bar      S_d            b             r  2          r  3          r  4          r  5          r  6          r  7          r  8          r  9          r 10          r 11          r 12          r 13          r 14          r 15          r 16          r 17          r 18          r 19         ln lk             grad     status
  0      4.50e-06       0.00100     -400.00000       0.40000       1.00000       1.00000       1.00000       1.00000       1.00000       1.00000       1.00000       1.00000       1.00000       1.00000       1.00000       1.00000       1.00000       1.00000       1.00000       1.00000       1.00000       1.00000  -217421.4077804844   1591.94357   -2
162      4.50e-06       0.00910     -891.44575       0.20064       0.96246       0.93627       0.91920       0.90236       0.89852       0.85879       0.89551       0.87667       0.88042       0.88361       0.84973       0.83237       0.84805       0.89888       0.82272       0.84987       0.84860       0.89726  -195.9786017584      0.00045   -3
-- Local optimization: stuck in the same solution


---- Best joint likelihood found -195.97860 with gradient 0.00045
-- Model: B
--     eps_an        eps_cont      theta_bar     a        
--    4.50e-06      0.00e+00       0.00910       -1.00000  
--      S_d            b             p_b           S_b      
--   -891.44575       0.20064      0.00e+00      0.00e+00  
--     r  2          r  3          r  4          r  5          r  6          r  7          r  8          r  9          r 10          r 11          r 12          r 13          r 14          r 15          r 16          r 17          r 18          r 19     
--     0.96246       0.93627       0.91920       0.90236       0.89852       0.85879       0.89551       0.87667       0.88042       0.88361       0.84973       0.83237       0.84805       0.89888       0.82272       0.84987       0.84860       0.89726  

---- Expected P_neut(i), 0 < i < n (neutral SFS per site) 
E[P_neut(1)] = 0.009099
E[P_neut(2)] = 0.004379
E[P_neut(3)] = 0.002840
E[P_neut(4)] = 0.002091
E[P_neut(5)] = 0.001642
E[P_neut(6)] = 0.001363
E[P_neut(7)] = 0.001116
E[P_neut(8)] = 0.001019
E[P_neut(9)] = 0.000886
E[P_neut(10)] = 0.000801
E[P_neut(11)] = 0.000731
E[P_neut(12)] = 0.000644
E[P_neut(13)] = 0.000583
E[P_neut(14)] = 0.000551
E[P_neut(15)] = 0.000545
E[P_neut(16)] = 0.000468
E[P_neut(17)] = 0.000455
E[P_neut(18)] = 0.000429
E[P_neut(19)] = 0.000430

---- Expected P_sel(i), 0 < i < n (selected SFS per site) 
E[P_sel(1)] = 0.003617
E[P_sel(2)] = 0.001423
E[P_sel(3)] = 0.000839
E[P_sel(4)] = 0.000582
E[P_sel(5)] = 0.000437
E[P_sel(6)] = 0.000351
E[P_sel(7)] = 0.000279
E[P_sel(8)] = 0.000249
E[P_sel(9)] = 0.000212
E[P_sel(10)] = 0.000188
E[P_sel(11)] = 0.000169
E[P_sel(12)] = 0.000147
E[P_sel(13)] = 0.000131
E[P_sel(14)] = 0.000122
E[P_sel(15)] = 0.000120
E[P_sel(16)] = 0.000102
E[P_sel(17)] = 0.000098
E[P_sel(18)] = 0.000091
E[P_sel(19)] = 0.000091

---- Expected neutral and selected misattributed polymorphism per site
E[mis_neut] = 0.000455
E[mis_sel] = 0.000095

---- alpha_div = 0.312321
---- alpha_dfe = 0.000000



