---- Performing inference on Ns200_pa_0.00025_boots/Ns200_pa_0.00025.12.polyDFE.txt using model B

---- Warning: mutation variability is not used when only one neutral and one selected fragment is available.
---- No mutation variability. Using Poisson likelihood.

---- Using provided initial values


-- Starting local optimization
 it       eps_an        eps_cont      theta_bar      S_d            b             p_b           S_b           r  2          r  3          r  4          r  5          r  6          r  7          r  8          r  9          r 10          r 11          r 12          r 13          r 14          r 15          r 16          r 17          r 18          r 19         ln lk             grad     status
  0      4.50e-06      9.00e-07       0.00100     -400.00000       0.40000       0.02000       4.00000       1.00000       1.00000       1.00000       1.00000       1.00000       1.00000       1.00000       1.00000       1.00000       1.00000       1.00000       1.00000       1.00000       1.00000       1.00000       1.00000       1.00000       1.00000  -209703.9616363604   1516.08508   -2
668      4.54e-06      9.01e-07       0.00907     -837.37664       0.20263       0.00075       0.31445       0.97238       0.96497       0.94543       0.90465       0.88803       0.85883       0.88088       0.85083       0.87128       0.86784       0.87244       0.84908       0.86754       0.85609       0.84233       0.83573       0.87409       0.87467  -197.8336390341      0.00729   -3
-- Local optimization: stuck in the same solution


---- Best joint likelihood found -197.83364 with gradient 0.00729
-- Model: B
--     eps_an        eps_cont      theta_bar     a        
--    4.54e-06      9.01e-07       0.00907       -1.00000  
--      S_d            b             p_b           S_b      
--   -837.37664       0.20263       0.00075       0.31445  
--     r  2          r  3          r  4          r  5          r  6          r  7          r  8          r  9          r 10          r 11          r 12          r 13          r 14          r 15          r 16          r 17          r 18          r 19     
--     0.97238       0.96497       0.94543       0.90465       0.88803       0.85883       0.88088       0.85083       0.87128       0.86784       0.87244       0.84908       0.86754       0.85609       0.84233       0.83573       0.87409       0.87467  

---- Expected P_neut(i), 0 < i < n (neutral SFS per site) 
E[P_neut(1)] = 0.009071
E[P_neut(2)] = 0.004410
E[P_neut(3)] = 0.002918
E[P_neut(4)] = 0.002144
E[P_neut(5)] = 0.001641
E[P_neut(6)] = 0.001343
E[P_neut(7)] = 0.001113
E[P_neut(8)] = 0.000999
E[P_neut(9)] = 0.000858
E[P_neut(10)] = 0.000790
E[P_neut(11)] = 0.000716
E[P_neut(12)] = 0.000660
E[P_neut(13)] = 0.000592
E[P_neut(14)] = 0.000562
E[P_neut(15)] = 0.000518
E[P_neut(16)] = 0.000478
E[P_neut(17)] = 0.000446
E[P_neut(18)] = 0.000441
E[P_neut(19)] = 0.000418

---- Expected P_sel(i), 0 < i < n (selected SFS per site) 
E[P_sel(1)] = 0.003629
E[P_sel(2)] = 0.001440
E[P_sel(3)] = 0.000866
E[P_sel(4)] = 0.000599
E[P_sel(5)] = 0.000439
E[P_sel(6)] = 0.000347
E[P_sel(7)] = 0.000279
E[P_sel(8)] = 0.000245
E[P_sel(9)] = 0.000206
E[P_sel(10)] = 0.000186
E[P_sel(11)] = 0.000166
E[P_sel(12)] = 0.000151
E[P_sel(13)] = 0.000133
E[P_sel(14)] = 0.000125
E[P_sel(15)] = 0.000114
E[P_sel(16)] = 0.000104
E[P_sel(17)] = 0.000096
E[P_sel(18)] = 0.000094
E[P_sel(19)] = 0.000088

---- Expected neutral and selected misattributed polymorphism per site
E[mis_neut] = 0.000454
E[mis_sel] = 0.000095

---- alpha_div = 0.309241
---- alpha_dfe = 0.004196



