---- Performing inference on Ns200_pa_0.00025_boots/Ns200_pa_0.00025.55.polyDFE.txt using model B

---- Warning: mutation variability is not used when only one neutral and one selected fragment is available.
---- No mutation variability. Using Poisson likelihood.

---- Using provided initial values


-- Starting local optimization
 it       eps_an        eps_cont      lambda        theta_bar      S_d            b             p_b           S_b           r  2          r  3          r  4          r  5          r  6          r  7          r  8          r  9          r 10          r 11          r 12          r 13          r 14          r 15          r 16          r 17          r 18          r 19          r 20         ln lk             grad     status
  0      4.50e-06      9.00e-07       0.00500       0.00100     -400.00000       0.40000       0.02000       4.00000       1.00000       1.00000       1.00000       1.00000       1.00000       1.00000       1.00000       1.00000       1.00000       1.00000       1.00000       1.00000       1.00000       1.00000       1.00000       1.00000       1.00000       1.00000       1.00000  -211190.5630298012   1546.13420   -2
176      4.49e-06      9.00e-07       0.00501       0.00906     -785.40492       0.20669       0.00219      37.42979       0.97275       0.94039       0.92637       0.93010       0.89279       0.86036       0.86485       0.88939       0.86082       0.84994       0.85660       0.87659       0.85056       0.89850       0.85422       0.82890       0.81219       0.84836       1.00138  -215.3442733044      0.05005   -3
-- Local optimization: stuck in the same solution


---- Best joint likelihood found -215.34427 with gradient 0.05005
-- Model: B
--     eps_an        eps_cont      lambda        theta_bar     a        
--    4.49e-06      9.00e-07       0.00501       0.00906       -1.00000  
--      S_d            b             p_b           S_b      
--   -785.40492       0.20669       0.00219      37.42979  
--     r  2          r  3          r  4          r  5          r  6          r  7          r  8          r  9          r 10          r 11          r 12          r 13          r 14          r 15          r 16          r 17          r 18          r 19          r 20     
--     0.97275       0.94039       0.92637       0.93010       0.89279       0.86036       0.86485       0.88939       0.86082       0.84994       0.85660       0.87659       0.85056       0.89850       0.85422       0.82890       0.81219       0.84836       1.00138  

---- Expected P_neut(i), 0 < i < n (neutral SFS per site) 
E[P_neut(1)] = 0.009063
E[P_neut(2)] = 0.004408
E[P_neut(3)] = 0.002841
E[P_neut(4)] = 0.002099
E[P_neut(5)] = 0.001686
E[P_neut(6)] = 0.001349
E[P_neut(7)] = 0.001114
E[P_neut(8)] = 0.000980
E[P_neut(9)] = 0.000896
E[P_neut(10)] = 0.000780
E[P_neut(11)] = 0.000700
E[P_neut(12)] = 0.000647
E[P_neut(13)] = 0.000611
E[P_neut(14)] = 0.000551
E[P_neut(15)] = 0.000543
E[P_neut(16)] = 0.000484
E[P_neut(17)] = 0.000442
E[P_neut(18)] = 0.000409
E[P_neut(19)] = 0.000405

---- Expected P_sel(i), 0 < i < n (selected SFS per site) 
E[P_sel(1)] = 0.003631
E[P_sel(2)] = 0.001437
E[P_sel(3)] = 0.000841
E[P_sel(4)] = 0.000585
E[P_sel(5)] = 0.000449
E[P_sel(6)] = 0.000347
E[P_sel(7)] = 0.000279
E[P_sel(8)] = 0.000240
E[P_sel(9)] = 0.000215
E[P_sel(10)] = 0.000184
E[P_sel(11)] = 0.000163
E[P_sel(12)] = 0.000149
E[P_sel(13)] = 0.000139
E[P_sel(14)] = 0.000124
E[P_sel(15)] = 0.000122
E[P_sel(16)] = 0.000109
E[P_sel(17)] = 0.000100
E[P_sel(18)] = 0.000094
E[P_sel(19)] = 0.000096

---- Expected D_neut and D_sel (neutral and selected divergence per site) 
E[D_neut] = 0.005468
E[D_sel] = 0.001548

---- Expected neutral and selected misattributed polymorphism per site
E[mis_neut] = 0.000454
E[mis_sel] = 0.000114

---- alpha_div = 0.288140
---- alpha_dfe = 0.287265



