---- Performing inference on Ns200_pa_0.00025_boots/Ns200_pa_0.00025.19.polyDFE.txt using model B

---- Warning: mutation variability is not used when only one neutral and one selected fragment is available.
---- No mutation variability. Using Poisson likelihood.

---- Using provided initial values


-- Starting local optimization
 it       eps_an        theta_bar      S_d            b             r  2          r  3          r  4          r  5          r  6          r  7          r  8          r  9          r 10          r 11          r 12          r 13          r 14          r 15          r 16          r 17          r 18          r 19         ln lk             grad     status
  0      4.50e-06       0.00100     -400.00000       0.40000       1.00000       1.00000       1.00000       1.00000       1.00000       1.00000       1.00000       1.00000       1.00000       1.00000       1.00000       1.00000       1.00000       1.00000       1.00000       1.00000       1.00000       1.00000  -217437.7518993528   1592.40129   -2
122      4.50e-06       0.00903     -784.70701       0.20560       0.98381       0.95289       0.93701       0.90702       0.88866       0.85300       0.88321       0.86828       0.86289       0.86110       0.87869       0.88998       0.84497       0.91038       0.89778       0.83280       0.84214       0.88788  -195.3613666087      0.00069   -3
-- Local optimization: stuck in the same solution


---- Best joint likelihood found -195.36137 with gradient 0.00069
-- Model: B
--     eps_an        eps_cont      theta_bar     a        
--    4.50e-06      0.00e+00       0.00903       -1.00000  
--      S_d            b             p_b           S_b      
--   -784.70701       0.20560      0.00e+00      0.00e+00  
--     r  2          r  3          r  4          r  5          r  6          r  7          r  8          r  9          r 10          r 11          r 12          r 13          r 14          r 15          r 16          r 17          r 18          r 19     
--     0.98381       0.95289       0.93701       0.90702       0.88866       0.85300       0.88321       0.86828       0.86289       0.86110       0.87869       0.88998       0.84497       0.91038       0.89778       0.83280       0.84214       0.88788  

---- Expected P_neut(i), 0 < i < n (neutral SFS per site) 
E[P_neut(1)] = 0.009027
E[P_neut(2)] = 0.004440
E[P_neut(3)] = 0.002867
E[P_neut(4)] = 0.002115
E[P_neut(5)] = 0.001638
E[P_neut(6)] = 0.001337
E[P_neut(7)] = 0.001100
E[P_neut(8)] = 0.000997
E[P_neut(9)] = 0.000871
E[P_neut(10)] = 0.000779
E[P_neut(11)] = 0.000707
E[P_neut(12)] = 0.000661
E[P_neut(13)] = 0.000618
E[P_neut(14)] = 0.000545
E[P_neut(15)] = 0.000548
E[P_neut(16)] = 0.000507
E[P_neut(17)] = 0.000442
E[P_neut(18)] = 0.000422
E[P_neut(19)] = 0.000422

---- Expected P_sel(i), 0 < i < n (selected SFS per site) 
E[P_sel(1)] = 0.003617
E[P_sel(2)] = 0.001447
E[P_sel(3)] = 0.000848
E[P_sel(4)] = 0.000588
E[P_sel(5)] = 0.000435
E[P_sel(6)] = 0.000343
E[P_sel(7)] = 0.000274
E[P_sel(8)] = 0.000242
E[P_sel(9)] = 0.000207
E[P_sel(10)] = 0.000182
E[P_sel(11)] = 0.000162
E[P_sel(12)] = 0.000150
E[P_sel(13)] = 0.000138
E[P_sel(14)] = 0.000120
E[P_sel(15)] = 0.000119
E[P_sel(16)] = 0.000109
E[P_sel(17)] = 0.000094
E[P_sel(18)] = 0.000089
E[P_sel(19)] = 0.000088

---- Expected neutral and selected misattributed polymorphism per site
E[mis_neut] = 0.000451
E[mis_sel] = 0.000094

---- alpha_div = 0.305619
---- alpha_dfe = 0.000000



