---- Performing inference on Ns200_pa_0.00025_boots/Ns200_pa_0.00025.25.polyDFE.txt using model B

---- Warning: mutation variability is not used when only one neutral and one selected fragment is available.
---- No mutation variability. Using Poisson likelihood.

---- Using provided initial values


-- Starting local optimization
 it       eps_an        eps_cont      lambda        theta_bar      S_d            b             p_b           S_b           r  2          r  3          r  4          r  5          r  6          r  7          r  8          r  9          r 10          r 11          r 12          r 13          r 14          r 15          r 16          r 17          r 18          r 19          r 20         ln lk             grad     status
  0      4.50e-06      9.00e-07       0.00500       0.00100     -400.00000       0.40000       0.02000       4.00000       1.00000       1.00000       1.00000       1.00000       1.00000       1.00000       1.00000       1.00000       1.00000       1.00000       1.00000       1.00000       1.00000       1.00000       1.00000       1.00000       1.00000       1.00000       1.00000  -208924.3754083454   1535.20765   -2
119      4.50e-06      9.00e-07       0.00509       0.00890     -681.67534       0.21382       0.00229      37.42913       0.97695       0.97142       0.96063       0.93175       0.92582       0.86618       0.87061       0.87212       0.88817       0.88558       0.86466       0.90126       0.87709       0.89474       0.85524       0.85543       0.88743       0.87399       0.90289  -204.8283193760      0.24326   -3
-- Local optimization: stuck in the same solution


---- Best joint likelihood found -204.82832 with gradient 0.24326
-- Model: B
--     eps_an        eps_cont      lambda        theta_bar     a        
--    4.50e-06      9.00e-07       0.00509       0.00890       -1.00000  
--      S_d            b             p_b           S_b      
--   -681.67534       0.21382       0.00229      37.42913  
--     r  2          r  3          r  4          r  5          r  6          r  7          r  8          r  9          r 10          r 11          r 12          r 13          r 14          r 15          r 16          r 17          r 18          r 19          r 20     
--     0.97695       0.97142       0.96063       0.93175       0.92582       0.86618       0.87061       0.87212       0.88817       0.88558       0.86466       0.90126       0.87709       0.89474       0.85524       0.85543       0.88743       0.87399       0.90289  

---- Expected P_neut(i), 0 < i < n (neutral SFS per site) 
E[P_neut(1)] = 0.008904
E[P_neut(2)] = 0.004350
E[P_neut(3)] = 0.002883
E[P_neut(4)] = 0.002138
E[P_neut(5)] = 0.001659
E[P_neut(6)] = 0.001374
E[P_neut(7)] = 0.001102
E[P_neut(8)] = 0.000969
E[P_neut(9)] = 0.000863
E[P_neut(10)] = 0.000791
E[P_neut(11)] = 0.000717
E[P_neut(12)] = 0.000642
E[P_neut(13)] = 0.000617
E[P_neut(14)] = 0.000558
E[P_neut(15)] = 0.000531
E[P_neut(16)] = 0.000476
E[P_neut(17)] = 0.000448
E[P_neut(18)] = 0.000439
E[P_neut(19)] = 0.000410

---- Expected P_sel(i), 0 < i < n (selected SFS per site) 
E[P_sel(1)] = 0.003587
E[P_sel(2)] = 0.001417
E[P_sel(3)] = 0.000850
E[P_sel(4)] = 0.000592
E[P_sel(5)] = 0.000439
E[P_sel(6)] = 0.000351
E[P_sel(7)] = 0.000273
E[P_sel(8)] = 0.000235
E[P_sel(9)] = 0.000205
E[P_sel(10)] = 0.000184
E[P_sel(11)] = 0.000165
E[P_sel(12)] = 0.000146
E[P_sel(13)] = 0.000139
E[P_sel(14)] = 0.000124
E[P_sel(15)] = 0.000118
E[P_sel(16)] = 0.000105
E[P_sel(17)] = 0.000100
E[P_sel(18)] = 0.000099
E[P_sel(19)] = 0.000096

---- Expected D_neut and D_sel (neutral and selected divergence per site) 
E[D_neut] = 0.005494
E[D_sel] = 0.001557

---- Expected neutral and selected misattributed polymorphism per site
E[mis_neut] = 0.000402
E[mis_sel] = 0.000101

---- alpha_div = 0.300725
---- alpha_dfe = 0.299606



