---- Performing inference on Ns200_pa_0.00025_boots/Ns200_pa_0.00025.76.polyDFE.txt using model B

---- Warning: mutation variability is not used when only one neutral and one selected fragment is available.
---- No mutation variability. Using Poisson likelihood.

---- Using provided initial values


-- Starting local optimization
 it       eps_an        theta_bar      S_d            b             r  2          r  3          r  4          r  5          r  6          r  7          r  8          r  9          r 10          r 11          r 12          r 13          r 14          r 15          r 16          r 17          r 18          r 19         ln lk             grad     status
  0      4.50e-06       0.00100     -400.00000       0.40000       1.00000       1.00000       1.00000       1.00000       1.00000       1.00000       1.00000       1.00000       1.00000       1.00000       1.00000       1.00000       1.00000       1.00000       1.00000       1.00000       1.00000       1.00000  -217550.6693113487   1594.27641   -2
109      4.50e-06       0.00893     -669.81220       0.21090       0.99609       0.96028       0.92993       0.92717       0.89999       0.87716       0.88036       0.87940       0.88965       0.88611       0.88062       0.83252       0.84347       0.91335       0.89323       0.85772       0.92006       0.90454  -197.4601918874      0.00325   -3
-- Local optimization: stuck in the same solution


---- Best joint likelihood found -197.46019 with gradient 0.00325
-- Model: B
--     eps_an        eps_cont      theta_bar     a        
--    4.50e-06      0.00e+00       0.00893       -1.00000  
--      S_d            b             p_b           S_b      
--   -669.81220       0.21090      0.00e+00      0.00e+00  
--     r  2          r  3          r  4          r  5          r  6          r  7          r  8          r  9          r 10          r 11          r 12          r 13          r 14          r 15          r 16          r 17          r 18          r 19     
--     0.99609       0.96028       0.92993       0.92717       0.89999       0.87716       0.88036       0.87940       0.88965       0.88611       0.88062       0.83252       0.84347       0.91335       0.89323       0.85772       0.92006       0.90454  

---- Expected P_neut(i), 0 < i < n (neutral SFS per site) 
E[P_neut(1)] = 0.008928
E[P_neut(2)] = 0.004447
E[P_neut(3)] = 0.002858
E[P_neut(4)] = 0.002076
E[P_neut(5)] = 0.001656
E[P_neut(6)] = 0.001339
E[P_neut(7)] = 0.001119
E[P_neut(8)] = 0.000983
E[P_neut(9)] = 0.000872
E[P_neut(10)] = 0.000794
E[P_neut(11)] = 0.000719
E[P_neut(12)] = 0.000655
E[P_neut(13)] = 0.000572
E[P_neut(14)] = 0.000538
E[P_neut(15)] = 0.000544
E[P_neut(16)] = 0.000498
E[P_neut(17)] = 0.000450
E[P_neut(18)] = 0.000456
E[P_neut(19)] = 0.000425

---- Expected P_sel(i), 0 < i < n (selected SFS per site) 
E[P_sel(1)] = 0.003629
E[P_sel(2)] = 0.001464
E[P_sel(3)] = 0.000852
E[P_sel(4)] = 0.000581
E[P_sel(5)] = 0.000442
E[P_sel(6)] = 0.000345
E[P_sel(7)] = 0.000280
E[P_sel(8)] = 0.000240
E[P_sel(9)] = 0.000208
E[P_sel(10)] = 0.000186
E[P_sel(11)] = 0.000165
E[P_sel(12)] = 0.000148
E[P_sel(13)] = 0.000128
E[P_sel(14)] = 0.000119
E[P_sel(15)] = 0.000118
E[P_sel(16)] = 0.000107
E[P_sel(17)] = 0.000096
E[P_sel(18)] = 0.000096
E[P_sel(19)] = 0.000089

---- Expected neutral and selected misattributed polymorphism per site
E[mis_neut] = 0.000446
E[mis_sel] = 0.000092

---- alpha_div = 0.309014
---- alpha_dfe = 0.000000



