---- Performing inference on Ns200_pa_0.00025_boots/Ns200_pa_0.00025.84.polyDFE.txt using model B

---- Warning: mutation variability is not used when only one neutral and one selected fragment is available.
---- No mutation variability. Using Poisson likelihood.

---- Using provided initial values


-- Starting local optimization
 it       eps_an        eps_cont      lambda        theta_bar      S_d            b             p_b           S_b           r  2          r  3          r  4          r  5          r  6          r  7          r  8          r  9          r 10          r 11          r 12          r 13          r 14          r 15          r 16          r 17          r 18          r 19          r 20         ln lk             grad     status
  0      4.50e-06      9.00e-07       0.00500       0.00100     -400.00000       0.40000       0.02000       4.00000       1.00000       1.00000       1.00000       1.00000       1.00000       1.00000       1.00000       1.00000       1.00000       1.00000       1.00000       1.00000       1.00000       1.00000       1.00000       1.00000       1.00000       1.00000       1.00000  -206937.0049618068   1525.24029   -2
 72      4.49e-06      9.00e-07       0.00519       0.00885     -713.45933       0.20976       0.00198      37.42288       0.97605       0.95852       0.94160       0.94117       0.90509       0.88482       0.89789       0.87422       0.87060       0.87710       0.86978       0.88566       0.87199       0.91318       0.82376       0.84530       0.88160       0.89980       0.86482  -218.7490697983      1.86602   -3
-- Local optimization: stuck in the same solution


---- Best joint likelihood found -218.74907 with gradient 1.86602
-- Model: B
--     eps_an        eps_cont      lambda        theta_bar     a        
--    4.49e-06      9.00e-07       0.00519       0.00885       -1.00000  
--      S_d            b             p_b           S_b      
--   -713.45933       0.20976       0.00198      37.42288  
--     r  2          r  3          r  4          r  5          r  6          r  7          r  8          r  9          r 10          r 11          r 12          r 13          r 14          r 15          r 16          r 17          r 18          r 19          r 20     
--     0.97605       0.95852       0.94160       0.94117       0.90509       0.88482       0.89789       0.87422       0.87060       0.87710       0.86978       0.88566       0.87199       0.91318       0.82376       0.84530       0.88160       0.89980       0.86482  

---- Expected P_neut(i), 0 < i < n (neutral SFS per site) 
E[P_neut(1)] = 0.008850
E[P_neut(2)] = 0.004319
E[P_neut(3)] = 0.002828
E[P_neut(4)] = 0.002083
E[P_neut(5)] = 0.001666
E[P_neut(6)] = 0.001335
E[P_neut(7)] = 0.001119
E[P_neut(8)] = 0.000993
E[P_neut(9)] = 0.000860
E[P_neut(10)] = 0.000770
E[P_neut(11)] = 0.000706
E[P_neut(12)] = 0.000641
E[P_neut(13)] = 0.000603
E[P_neut(14)] = 0.000551
E[P_neut(15)] = 0.000539
E[P_neut(16)] = 0.000456
E[P_neut(17)] = 0.000440
E[P_neut(18)] = 0.000433
E[P_neut(19)] = 0.000419

---- Expected P_sel(i), 0 < i < n (selected SFS per site) 
E[P_sel(1)] = 0.003576
E[P_sel(2)] = 0.001417
E[P_sel(3)] = 0.000841
E[P_sel(4)] = 0.000582
E[P_sel(5)] = 0.000445
E[P_sel(6)] = 0.000345
E[P_sel(7)] = 0.000281
E[P_sel(8)] = 0.000243
E[P_sel(9)] = 0.000206
E[P_sel(10)] = 0.000182
E[P_sel(11)] = 0.000164
E[P_sel(12)] = 0.000147
E[P_sel(13)] = 0.000137
E[P_sel(14)] = 0.000124
E[P_sel(15)] = 0.000121
E[P_sel(16)] = 0.000102
E[P_sel(17)] = 0.000099
E[P_sel(18)] = 0.000098
E[P_sel(19)] = 0.000098

---- Expected D_neut and D_sel (neutral and selected divergence per site) 
E[D_neut] = 0.005574
E[D_sel] = 0.001536

---- Expected neutral and selected misattributed polymorphism per site
E[mis_neut] = 0.000383
E[mis_sel] = 0.000095

---- alpha_div = 0.293832
---- alpha_dfe = 0.266204



