---- Performing inference on Ns200_pa_0.00025_boots/Ns200_pa_0.00025.9.polyDFE.txt using model B

---- Warning: mutation variability is not used when only one neutral and one selected fragment is available.
---- No mutation variability. Using Poisson likelihood.

---- Using provided initial values


-- Starting local optimization
 it       eps_an        lambda        theta_bar      S_d            b             r  2          r  3          r  4          r  5          r  6          r  7          r  8          r  9          r 10          r 11          r 12          r 13          r 14          r 15          r 16          r 17          r 18          r 19          r 20         ln lk             grad     status
  0      4.50e-06       0.00500       0.00100     -400.00000       0.40000       1.00000       1.00000       1.00000       1.00000       1.00000       1.00000       1.00000       1.00000       1.00000       1.00000       1.00000       1.00000       1.00000       1.00000       1.00000       1.00000       1.00000       1.00000       1.00000  -225851.2267137316   1710.30422   -2
468      4.36e-06       0.00017       0.00933    -4440.41137       0.14728       0.93520       0.90834       0.87925       0.86871       0.85677       0.78414       0.80617       0.82197       0.81697       0.80461       0.79624       0.77250       0.79160       0.82576       0.78350       0.75253       0.80718       0.80537      12.19288  -430.1904907914      0.03042   -3
-- Local optimization: stuck in the same solution


---- Best joint likelihood found -430.19049 with gradient 0.03042
-- Model: B
--     eps_an        eps_cont      lambda        theta_bar     a        
--    4.36e-06      0.00e+00       0.00017       0.00933       -1.00000  
--      S_d            b             p_b           S_b      
--  -4440.41137       0.14728      0.00e+00      0.00e+00  
--     r  2          r  3          r  4          r  5          r  6          r  7          r  8          r  9          r 10          r 11          r 12          r 13          r 14          r 15          r 16          r 17          r 18          r 19          r 20     
--     0.93520       0.90834       0.87925       0.86871       0.85677       0.78414       0.80617       0.82197       0.81697       0.80461       0.79624       0.77250       0.79160       0.82576       0.78350       0.75253       0.80718       0.80537      12.19288  

---- Expected P_neut(i), 0 < i < n (neutral SFS per site) 
E[P_neut(1)] = 0.009329
E[P_neut(2)] = 0.004362
E[P_neut(3)] = 0.002825
E[P_neut(4)] = 0.002051
E[P_neut(5)] = 0.001621
E[P_neut(6)] = 0.001332
E[P_neut(7)] = 0.001045
E[P_neut(8)] = 0.000940
E[P_neut(9)] = 0.000852
E[P_neut(10)] = 0.000762
E[P_neut(11)] = 0.000682
E[P_neut(12)] = 0.000619
E[P_neut(13)] = 0.000554
E[P_neut(14)] = 0.000528
E[P_neut(15)] = 0.000514
E[P_neut(16)] = 0.000457
E[P_neut(17)] = 0.000413
E[P_neut(18)] = 0.000418
E[P_neut(19)] = 0.000395

---- Expected P_sel(i), 0 < i < n (selected SFS per site) 
E[P_sel(1)] = 0.003573
E[P_sel(2)] = 0.001441
E[P_sel(3)] = 0.000871
E[P_sel(4)] = 0.000605
E[P_sel(5)] = 0.000463
E[P_sel(6)] = 0.000371
E[P_sel(7)] = 0.000285
E[P_sel(8)] = 0.000252
E[P_sel(9)] = 0.000225
E[P_sel(10)] = 0.000199
E[P_sel(11)] = 0.000176
E[P_sel(12)] = 0.000158
E[P_sel(13)] = 0.000140
E[P_sel(14)] = 0.000132
E[P_sel(15)] = 0.000127
E[P_sel(16)] = 0.000112
E[P_sel(17)] = 0.000101
E[P_sel(18)] = 0.000101
E[P_sel(19)] = 0.000095

---- Expected D_neut and D_sel (neutral and selected divergence per site) 
E[D_neut] = 0.005855
E[D_sel] = 0.001401

---- Expected neutral and selected misattributed polymorphism per site
E[mis_neut] = 0.005688
E[mis_sel] = 0.001361

---- alpha_div = 1.389399
---- alpha_dfe = 0.000000



