---- Performing inference on Ns200_pa_0.00025_boots/Ns200_pa_0.00025.38.polyDFE.txt using model B

---- Warning: mutation variability is not used when only one neutral and one selected fragment is available.
---- No mutation variability. Using Poisson likelihood.

---- Using provided initial values


-- Starting local optimization
 it       eps_an        eps_cont      lambda        theta_bar      S_d            b             p_b           S_b           r  2          r  3          r  4          r  5          r  6          r  7          r  8          r  9          r 10          r 11          r 12          r 13          r 14          r 15          r 16          r 17          r 18          r 19          r 20         ln lk             grad     status
  0      4.50e-06      9.00e-07       0.00500       0.00100     -400.00000       0.40000       0.02000       4.00000       1.00000       1.00000       1.00000       1.00000       1.00000       1.00000       1.00000       1.00000       1.00000       1.00000       1.00000       1.00000       1.00000       1.00000       1.00000       1.00000       1.00000       1.00000       1.00000  -210978.8864879665   1546.82029   -2
101      4.49e-06      9.00e-07       0.00500       0.00894     -702.62339       0.21041       0.00241      37.42716       0.99082       0.94361       0.94449       0.92032       0.91459       0.85257       0.87748       0.85672       0.87939       0.90649       0.89129       0.87189       0.87313       0.87672       0.89651       0.84758       0.88714       0.88783       0.89026  -208.1261952904      0.12383   -3
-- Local optimization: stuck in the same solution


---- Best joint likelihood found -208.12620 with gradient 0.12383
-- Model: B
--     eps_an        eps_cont      lambda        theta_bar     a        
--    4.49e-06      9.00e-07       0.00500       0.00894       -1.00000  
--      S_d            b             p_b           S_b      
--   -702.62339       0.21041       0.00241      37.42716  
--     r  2          r  3          r  4          r  5          r  6          r  7          r  8          r  9          r 10          r 11          r 12          r 13          r 14          r 15          r 16          r 17          r 18          r 19          r 20     
--     0.99082       0.94361       0.94449       0.92032       0.91459       0.85257       0.87748       0.85672       0.87939       0.90649       0.89129       0.87189       0.87313       0.87672       0.89651       0.84758       0.88714       0.88783       0.89026  

---- Expected P_neut(i), 0 < i < n (neutral SFS per site) 
E[P_neut(1)] = 0.008940
E[P_neut(2)] = 0.004429
E[P_neut(3)] = 0.002812
E[P_neut(4)] = 0.002111
E[P_neut(5)] = 0.001646
E[P_neut(6)] = 0.001363
E[P_neut(7)] = 0.001089
E[P_neut(8)] = 0.000981
E[P_neut(9)] = 0.000851
E[P_neut(10)] = 0.000786
E[P_neut(11)] = 0.000737
E[P_neut(12)] = 0.000664
E[P_neut(13)] = 0.000600
E[P_neut(14)] = 0.000558
E[P_neut(15)] = 0.000523
E[P_neut(16)] = 0.000501
E[P_neut(17)] = 0.000446
E[P_neut(18)] = 0.000441
E[P_neut(19)] = 0.000418

---- Expected P_sel(i), 0 < i < n (selected SFS per site) 
E[P_sel(1)] = 0.003619
E[P_sel(2)] = 0.001455
E[P_sel(3)] = 0.000838
E[P_sel(4)] = 0.000591
E[P_sel(5)] = 0.000440
E[P_sel(6)] = 0.000352
E[P_sel(7)] = 0.000274
E[P_sel(8)] = 0.000241
E[P_sel(9)] = 0.000205
E[P_sel(10)] = 0.000186
E[P_sel(11)] = 0.000172
E[P_sel(12)] = 0.000153
E[P_sel(13)] = 0.000137
E[P_sel(14)] = 0.000126
E[P_sel(15)] = 0.000118
E[P_sel(16)] = 0.000113
E[P_sel(17)] = 0.000101
E[P_sel(18)] = 0.000102
E[P_sel(19)] = 0.000100

---- Expected D_neut and D_sel (neutral and selected divergence per site) 
E[D_neut] = 0.005397
E[D_sel] = 0.001571

---- Expected neutral and selected misattributed polymorphism per site
E[mis_neut] = 0.000398
E[mis_sel] = 0.000102

---- alpha_div = 0.310188
---- alpha_dfe = 0.307427



