---- Performing inference on Ns200_pa_0.00025_boots/Ns200_pa_0.00025.29.polyDFE.txt using model B

---- Warning: mutation variability is not used when only one neutral and one selected fragment is available.
---- No mutation variability. Using Poisson likelihood.

---- Using provided initial values


-- Starting local optimization
 it       eps_an        eps_cont      theta_bar      S_d            b             p_b           S_b           r  2          r  3          r  4          r  5          r  6          r  7          r  8          r  9          r 10          r 11          r 12          r 13          r 14          r 15          r 16          r 17          r 18          r 19         ln lk             grad     status
  0      4.50e-06      9.00e-07       0.00100     -400.00000       0.40000       0.02000       4.00000       1.00000       1.00000       1.00000       1.00000       1.00000       1.00000       1.00000       1.00000       1.00000       1.00000       1.00000       1.00000       1.00000       1.00000       1.00000       1.00000       1.00000       1.00000  -205814.1972888650   1497.57832   -2
493      4.54e-06      9.00e-07       0.00884     -633.11204       0.21446       0.00082      37.42991       0.98843       0.96460       0.93928       0.95514       0.92078       0.88984       0.86450       0.85519       0.87942       0.91722       0.89345       0.90283       0.90123       0.89965       0.84012       0.84251       0.86360       0.88399  -192.3128272784      0.01936   -3
-- Local optimization: stuck in the same solution


---- Best joint likelihood found -192.31283 with gradient 0.01936
-- Model: B
--     eps_an        eps_cont      theta_bar     a        
--    4.54e-06      9.00e-07       0.00884       -1.00000  
--      S_d            b             p_b           S_b      
--   -633.11204       0.21446       0.00082      37.42991  
--     r  2          r  3          r  4          r  5          r  6          r  7          r  8          r  9          r 10          r 11          r 12          r 13          r 14          r 15          r 16          r 17          r 18          r 19     
--     0.98843       0.96460       0.93928       0.95514       0.92078       0.88984       0.86450       0.85519       0.87942       0.91722       0.89345       0.90283       0.90123       0.89965       0.84012       0.84251       0.86360       0.88399  

---- Expected P_neut(i), 0 < i < n (neutral SFS per site) 
E[P_neut(1)] = 0.008837
E[P_neut(2)] = 0.004367
E[P_neut(3)] = 0.002841
E[P_neut(4)] = 0.002075
E[P_neut(5)] = 0.001688
E[P_neut(6)] = 0.001356
E[P_neut(7)] = 0.001123
E[P_neut(8)] = 0.000955
E[P_neut(9)] = 0.000840
E[P_neut(10)] = 0.000777
E[P_neut(11)] = 0.000737
E[P_neut(12)] = 0.000658
E[P_neut(13)] = 0.000614
E[P_neut(14)] = 0.000569
E[P_neut(15)] = 0.000530
E[P_neut(16)] = 0.000464
E[P_neut(17)] = 0.000438
E[P_neut(18)] = 0.000424
E[P_neut(19)] = 0.000411

---- Expected P_sel(i), 0 < i < n (selected SFS per site) 
E[P_sel(1)] = 0.003598
E[P_sel(2)] = 0.001436
E[P_sel(3)] = 0.000845
E[P_sel(4)] = 0.000579
E[P_sel(5)] = 0.000449
E[P_sel(6)] = 0.000348
E[P_sel(7)] = 0.000280
E[P_sel(8)] = 0.000232
E[P_sel(9)] = 0.000200
E[P_sel(10)] = 0.000181
E[P_sel(11)] = 0.000169
E[P_sel(12)] = 0.000149
E[P_sel(13)] = 0.000137
E[P_sel(14)] = 0.000126
E[P_sel(15)] = 0.000116
E[P_sel(16)] = 0.000101
E[P_sel(17)] = 0.000095
E[P_sel(18)] = 0.000091
E[P_sel(19)] = 0.000089

---- Expected neutral and selected misattributed polymorphism per site
E[mis_neut] = 0.000442
E[mis_sel] = 0.000098

---- alpha_div = 0.331004
---- alpha_dfe = 0.131125



