---- Performing inference on Ns200_pa_0.00025_boots/Ns200_pa_0.00025.25.polyDFE.txt using model B

---- Warning: mutation variability is not used when only one neutral and one selected fragment is available.
---- No mutation variability. Using Poisson likelihood.

---- Using provided initial values


-- Starting local optimization
 it       eps_an        theta_bar      S_d            b             r  2          r  3          r  4          r  5          r  6          r  7          r  8          r  9          r 10          r 11          r 12          r 13          r 14          r 15          r 16          r 17          r 18          r 19         ln lk             grad     status
  0      4.50e-06       0.00100     -400.00000       0.40000       1.00000       1.00000       1.00000       1.00000       1.00000       1.00000       1.00000       1.00000       1.00000       1.00000       1.00000       1.00000       1.00000       1.00000       1.00000       1.00000       1.00000       1.00000  -215922.0250569480   1586.00527   -2
154      4.50e-06       0.00888     -719.47116       0.20836       0.97616       0.97026       0.95951       0.93096       0.92491       0.86509       0.87079       0.87255       0.89039       0.88783       0.86750       0.90588       0.88350       0.90374       0.86760       0.87332       0.91532       0.91806  -196.1435935590      0.00074   -3
-- Local optimization: stuck in the same solution


---- Best joint likelihood found -196.14359 with gradient 0.00074
-- Model: B
--     eps_an        eps_cont      theta_bar     a        
--    4.50e-06      0.00e+00       0.00888       -1.00000  
--      S_d            b             p_b           S_b      
--   -719.47116       0.20836      0.00e+00      0.00e+00  
--     r  2          r  3          r  4          r  5          r  6          r  7          r  8          r  9          r 10          r 11          r 12          r 13          r 14          r 15          r 16          r 17          r 18          r 19     
--     0.97616       0.97026       0.95951       0.93096       0.92491       0.86509       0.87079       0.87255       0.89039       0.88783       0.86750       0.90588       0.88350       0.90374       0.86760       0.87332       0.91532       0.91806  

---- Expected P_neut(i), 0 < i < n (neutral SFS per site) 
E[P_neut(1)] = 0.008883
E[P_neut(2)] = 0.004336
E[P_neut(3)] = 0.002873
E[P_neut(4)] = 0.002131
E[P_neut(5)] = 0.001654
E[P_neut(6)] = 0.001369
E[P_neut(7)] = 0.001098
E[P_neut(8)] = 0.000967
E[P_neut(9)] = 0.000861
E[P_neut(10)] = 0.000791
E[P_neut(11)] = 0.000717
E[P_neut(12)] = 0.000642
E[P_neut(13)] = 0.000619
E[P_neut(14)] = 0.000561
E[P_neut(15)] = 0.000535
E[P_neut(16)] = 0.000482
E[P_neut(17)] = 0.000456
E[P_neut(18)] = 0.000452
E[P_neut(19)] = 0.000429

---- Expected P_sel(i), 0 < i < n (selected SFS per site) 
E[P_sel(1)] = 0.003589
E[P_sel(2)] = 0.001422
E[P_sel(3)] = 0.000854
E[P_sel(4)] = 0.000595
E[P_sel(5)] = 0.000441
E[P_sel(6)] = 0.000352
E[P_sel(7)] = 0.000274
E[P_sel(8)] = 0.000236
E[P_sel(9)] = 0.000205
E[P_sel(10)] = 0.000185
E[P_sel(11)] = 0.000165
E[P_sel(12)] = 0.000146
E[P_sel(13)] = 0.000138
E[P_sel(14)] = 0.000124
E[P_sel(15)] = 0.000117
E[P_sel(16)] = 0.000104
E[P_sel(17)] = 0.000097
E[P_sel(18)] = 0.000095
E[P_sel(19)] = 0.000090

---- Expected neutral and selected misattributed polymorphism per site
E[mis_neut] = 0.000444
E[mis_sel] = 0.000092

---- alpha_div = 0.291934
---- alpha_dfe = 0.000000



