---- Performing inference on Ns200_pa_0.00025_boots/Ns200_pa_0.00025.65.polyDFE.txt using model B

---- Warning: mutation variability is not used when only one neutral and one selected fragment is available.
---- No mutation variability. Using Poisson likelihood.

---- Using provided initial values


-- Starting local optimization
 it       eps_an        eps_cont      lambda        theta_bar      S_d            b             p_b           S_b           r  2          r  3          r  4          r  5          r  6          r  7          r  8          r  9          r 10          r 11          r 12          r 13          r 14          r 15          r 16          r 17          r 18          r 19          r 20         ln lk             grad     status
  0      4.50e-06      9.00e-07       0.00500       0.00100     -400.00000       0.40000       0.02000       4.00000       1.00000       1.00000       1.00000       1.00000       1.00000       1.00000       1.00000       1.00000       1.00000       1.00000       1.00000       1.00000       1.00000       1.00000       1.00000       1.00000       1.00000       1.00000       1.00000  -210655.1414781385   1543.91710   -2
117      4.49e-06      9.00e-07       0.00506       0.00912    -1072.75263       0.19430       0.00218      37.42171       0.96530       0.95343       0.92564       0.90675       0.86489       0.86622       0.84697       0.83637       0.85735       0.83488       0.85993       0.82729       0.83888       0.84550       0.82150       0.83939       0.83065       0.82637       0.78492  -216.0715078142      1.38987   -3
-- Local optimization: stuck in the same solution


---- Best joint likelihood found -216.07151 with gradient 1.38987
-- Model: B
--     eps_an        eps_cont      lambda        theta_bar     a        
--    4.49e-06      9.00e-07       0.00506       0.00912       -1.00000  
--      S_d            b             p_b           S_b      
--  -1072.75263       0.19430       0.00218      37.42171  
--     r  2          r  3          r  4          r  5          r  6          r  7          r  8          r  9          r 10          r 11          r 12          r 13          r 14          r 15          r 16          r 17          r 18          r 19          r 20     
--     0.96530       0.95343       0.92564       0.90675       0.86489       0.86622       0.84697       0.83637       0.85735       0.83488       0.85993       0.82729       0.83888       0.84550       0.82150       0.83939       0.83065       0.82637       0.78492  

---- Expected P_neut(i), 0 < i < n (neutral SFS per site) 
E[P_neut(1)] = 0.009120
E[P_neut(2)] = 0.004402
E[P_neut(3)] = 0.002898
E[P_neut(4)] = 0.002110
E[P_neut(5)] = 0.001654
E[P_neut(6)] = 0.001315
E[P_neut(7)] = 0.001129
E[P_neut(8)] = 0.000966
E[P_neut(9)] = 0.000847
E[P_neut(10)] = 0.000782
E[P_neut(11)] = 0.000692
E[P_neut(12)] = 0.000654
E[P_neut(13)] = 0.000580
E[P_neut(14)] = 0.000546
E[P_neut(15)] = 0.000514
E[P_neut(16)] = 0.000468
E[P_neut(17)] = 0.000450
E[P_neut(18)] = 0.000421
E[P_neut(19)] = 0.000397

---- Expected P_sel(i), 0 < i < n (selected SFS per site) 
E[P_sel(1)] = 0.003593
E[P_sel(2)] = 0.001428
E[P_sel(3)] = 0.000859
E[P_sel(4)] = 0.000591
E[P_sel(5)] = 0.000444
E[P_sel(6)] = 0.000342
E[P_sel(7)] = 0.000286
E[P_sel(8)] = 0.000239
E[P_sel(9)] = 0.000206
E[P_sel(10)] = 0.000187
E[P_sel(11)] = 0.000164
E[P_sel(12)] = 0.000153
E[P_sel(13)] = 0.000134
E[P_sel(14)] = 0.000126
E[P_sel(15)] = 0.000118
E[P_sel(16)] = 0.000107
E[P_sel(17)] = 0.000103
E[P_sel(18)] = 0.000098
E[P_sel(19)] = 0.000095

---- Expected D_neut and D_sel (neutral and selected divergence per site) 
E[D_neut] = 0.005422
E[D_sel] = 0.001561

---- Expected neutral and selected misattributed polymorphism per site
E[mis_neut] = 0.000358
E[mis_sel] = 0.000092

---- alpha_div = 0.301498
---- alpha_dfe = 0.281425



