---- Performing inference on Ns200_pa_0.00025_boots/Ns200_pa_0.00025.55.polyDFE.txt using model B

---- Warning: mutation variability is not used when only one neutral and one selected fragment is available.
---- No mutation variability. Using Poisson likelihood.

---- Using provided initial values


-- Starting local optimization
 it       eps_an        lambda        theta_bar      S_d            b             r  2          r  3          r  4          r  5          r  6          r  7          r  8          r  9          r 10          r 11          r 12          r 13          r 14          r 15          r 16          r 17          r 18          r 19          r 20         ln lk             grad     status
  0      4.50e-06       0.00500       0.00100     -400.00000       0.40000       1.00000       1.00000       1.00000       1.00000       1.00000       1.00000       1.00000       1.00000       1.00000       1.00000       1.00000       1.00000       1.00000       1.00000       1.00000       1.00000       1.00000       1.00000       1.00000  -225561.9434463349   1711.05690   -2
593      4.39e-06       0.00008       0.00924    -3769.01011       0.15007       0.94501       0.90254       0.88297       0.88243       0.84434       0.81152       0.81435       0.83630       0.80866       0.79793       0.80409       0.82301       0.79928       0.84572       0.80641       0.78650       0.77751       0.82536      12.56341  -370.1444824887      0.01993   -6
-- Local optimization: reached maximum running time allowed


---- Best joint likelihood found -370.14448 with gradient 0.01993
-- Model: B
--     eps_an        eps_cont      lambda        theta_bar     a        
--    4.39e-06      0.00e+00       0.00008       0.00924       -1.00000  
--      S_d            b             p_b           S_b      
--  -3769.01011       0.15007      0.00e+00      0.00e+00  
--     r  2          r  3          r  4          r  5          r  6          r  7          r  8          r  9          r 10          r 11          r 12          r 13          r 14          r 15          r 16          r 17          r 18          r 19          r 20     
--     0.94501       0.90254       0.88297       0.88243       0.84434       0.81152       0.81435       0.83630       0.80866       0.79793       0.80409       0.82301       0.79928       0.84572       0.80641       0.78650       0.77751       0.82536      12.56341  

---- Expected P_neut(i), 0 < i < n (neutral SFS per site) 
E[P_neut(1)] = 0.009240
E[P_neut(2)] = 0.004366
E[P_neut(3)] = 0.002780
E[P_neut(4)] = 0.002040
E[P_neut(5)] = 0.001631
E[P_neut(6)] = 0.001300
E[P_neut(7)] = 0.001071
E[P_neut(8)] = 0.000941
E[P_neut(9)] = 0.000859
E[P_neut(10)] = 0.000747
E[P_neut(11)] = 0.000670
E[P_neut(12)] = 0.000619
E[P_neut(13)] = 0.000585
E[P_neut(14)] = 0.000528
E[P_neut(15)] = 0.000521
E[P_neut(16)] = 0.000466
E[P_neut(17)] = 0.000428
E[P_neut(18)] = 0.000399
E[P_neut(19)] = 0.000401

---- Expected P_sel(i), 0 < i < n (selected SFS per site) 
E[P_sel(1)] = 0.003572
E[P_sel(2)] = 0.001452
E[P_sel(3)] = 0.000862
E[P_sel(4)] = 0.000605
E[P_sel(5)] = 0.000468
E[P_sel(6)] = 0.000364
E[P_sel(7)] = 0.000293
E[P_sel(8)] = 0.000253
E[P_sel(9)] = 0.000227
E[P_sel(10)] = 0.000195
E[P_sel(11)] = 0.000173
E[P_sel(12)] = 0.000158
E[P_sel(13)] = 0.000148
E[P_sel(14)] = 0.000132
E[P_sel(15)] = 0.000129
E[P_sel(16)] = 0.000115
E[P_sel(17)] = 0.000104
E[P_sel(18)] = 0.000097
E[P_sel(19)] = 0.000097

---- Expected D_neut and D_sel (neutral and selected divergence per site) 
E[D_neut] = 0.005886
E[D_sel] = 0.001409

---- Expected neutral and selected misattributed polymorphism per site
E[mis_neut] = 0.005805
E[mis_sel] = 0.001389

---- alpha_div = 1.506066
---- alpha_dfe = 0.000000



