---- Performing inference on Ns200_pa_0.00025_boots/Ns200_pa_0.00025.33.polyDFE.txt using model B

---- Warning: mutation variability is not used when only one neutral and one selected fragment is available.
---- No mutation variability. Using Poisson likelihood.

---- Using provided initial values


-- Starting local optimization
 it       eps_an        lambda        theta_bar      S_d            b             r  2          r  3          r  4          r  5          r  6          r  7          r  8          r  9          r 10          r 11          r 12          r 13          r 14          r 15          r 16          r 17          r 18          r 19          r 20         ln lk             grad     status
  0      4.50e-06       0.00500       0.00100     -400.00000       0.40000       1.00000       1.00000       1.00000       1.00000       1.00000       1.00000       1.00000       1.00000       1.00000       1.00000       1.00000       1.00000       1.00000       1.00000       1.00000       1.00000       1.00000       1.00000       1.00000  -226502.6104803243   1715.38916   -2
770      4.37e-06       0.00007       0.00924    -3910.26386       0.14937       0.94552       0.91746       0.89358       0.87095       0.84512       0.79455       0.82851       0.79689       0.82235       0.82512       0.83269       0.81153       0.82212       0.81001       0.80717       0.80611       0.83658       0.85355      12.53640  -423.5582293536      0.01126   -6
-- Local optimization: reached maximum running time allowed


---- Best joint likelihood found -423.55823 with gradient 0.01126
-- Model: B
--     eps_an        eps_cont      lambda        theta_bar     a        
--    4.37e-06      0.00e+00       0.00007       0.00924       -1.00000  
--      S_d            b             p_b           S_b      
--  -3910.26386       0.14937      0.00e+00      0.00e+00  
--     r  2          r  3          r  4          r  5          r  6          r  7          r  8          r  9          r 10          r 11          r 12          r 13          r 14          r 15          r 16          r 17          r 18          r 19          r 20     
--     0.94552       0.91746       0.89358       0.87095       0.84512       0.79455       0.82851       0.79689       0.82235       0.82512       0.83269       0.81153       0.82212       0.81001       0.80717       0.80611       0.83658       0.85355      12.53640  

---- Expected P_neut(i), 0 < i < n (neutral SFS per site) 
E[P_neut(1)] = 0.009239
E[P_neut(2)] = 0.004368
E[P_neut(3)] = 0.002826
E[P_neut(4)] = 0.002064
E[P_neut(5)] = 0.001609
E[P_neut(6)] = 0.001301
E[P_neut(7)] = 0.001049
E[P_neut(8)] = 0.000957
E[P_neut(9)] = 0.000818
E[P_neut(10)] = 0.000760
E[P_neut(11)] = 0.000693
E[P_neut(12)] = 0.000641
E[P_neut(13)] = 0.000577
E[P_neut(14)] = 0.000543
E[P_neut(15)] = 0.000499
E[P_neut(16)] = 0.000466
E[P_neut(17)] = 0.000438
E[P_neut(18)] = 0.000429
E[P_neut(19)] = 0.000415

---- Expected P_sel(i), 0 < i < n (selected SFS per site) 
E[P_sel(1)] = 0.003565
E[P_sel(2)] = 0.001451
E[P_sel(3)] = 0.000875
E[P_sel(4)] = 0.000611
E[P_sel(5)] = 0.000462
E[P_sel(6)] = 0.000364
E[P_sel(7)] = 0.000287
E[P_sel(8)] = 0.000257
E[P_sel(9)] = 0.000217
E[P_sel(10)] = 0.000198
E[P_sel(11)] = 0.000179
E[P_sel(12)] = 0.000164
E[P_sel(13)] = 0.000146
E[P_sel(14)] = 0.000136
E[P_sel(15)] = 0.000124
E[P_sel(16)] = 0.000115
E[P_sel(17)] = 0.000107
E[P_sel(18)] = 0.000104
E[P_sel(19)] = 0.000100

---- Expected D_neut and D_sel (neutral and selected divergence per site) 
E[D_neut] = 0.005857
E[D_sel] = 0.001402

---- Expected neutral and selected misattributed polymorphism per site
E[mis_neut] = 0.005791
E[mis_sel] = 0.001387

---- alpha_div = 1.568349
---- alpha_dfe = 0.000000



