---- Performing inference on Ns200_pa_0.00025_boots/Ns200_pa_0.00025.94.polyDFE.txt using model B

---- Warning: mutation variability is not used when only one neutral and one selected fragment is available.
---- No mutation variability. Using Poisson likelihood.

---- Using provided initial values


-- Starting local optimization
 it       eps_an        eps_cont      theta_bar      S_d            b             p_b           S_b           r  2          r  3          r  4          r  5          r  6          r  7          r  8          r  9          r 10          r 11          r 12          r 13          r 14          r 15          r 16          r 17          r 18          r 19         ln lk             grad     status
  0      4.50e-06      9.00e-07       0.00100     -400.00000       0.40000       0.02000       4.00000       1.00000       1.00000       1.00000       1.00000       1.00000       1.00000       1.00000       1.00000       1.00000       1.00000       1.00000       1.00000       1.00000       1.00000       1.00000       1.00000       1.00000       1.00000  -208070.2662329330   1507.73234   -2
658      4.57e-06      9.00e-07       0.00909     -891.22004       0.20176       0.00183      34.66640       0.96037       0.95454       0.94081       0.90259       0.87092       0.83573       0.85941       0.84204       0.86470       0.89397       0.87901       0.84592       0.80324       0.85634       0.87064       0.84865       0.84161       0.87409  -193.2783611570      0.01024   -3
-- Local optimization: stuck in the same solution


---- Best joint likelihood found -193.27836 with gradient 0.01024
-- Model: B
--     eps_an        eps_cont      theta_bar     a        
--    4.57e-06      9.00e-07       0.00909       -1.00000  
--      S_d            b             p_b           S_b      
--   -891.22004       0.20176       0.00183      34.66640  
--     r  2          r  3          r  4          r  5          r  6          r  7          r  8          r  9          r 10          r 11          r 12          r 13          r 14          r 15          r 16          r 17          r 18          r 19     
--     0.96037       0.95454       0.94081       0.90259       0.87092       0.83573       0.85941       0.84204       0.86470       0.89397       0.87901       0.84592       0.80324       0.85634       0.87064       0.84865       0.84161       0.87409  

---- Expected P_neut(i), 0 < i < n (neutral SFS per site) 
E[P_neut(1)] = 0.009092
E[P_neut(2)] = 0.004366
E[P_neut(3)] = 0.002893
E[P_neut(4)] = 0.002139
E[P_neut(5)] = 0.001641
E[P_neut(6)] = 0.001320
E[P_neut(7)] = 0.001086
E[P_neut(8)] = 0.000977
E[P_neut(9)] = 0.000851
E[P_neut(10)] = 0.000786
E[P_neut(11)] = 0.000739
E[P_neut(12)] = 0.000666
E[P_neut(13)] = 0.000592
E[P_neut(14)] = 0.000522
E[P_neut(15)] = 0.000519
E[P_neut(16)] = 0.000495
E[P_neut(17)] = 0.000454
E[P_neut(18)] = 0.000425
E[P_neut(19)] = 0.000418

---- Expected P_sel(i), 0 < i < n (selected SFS per site) 
E[P_sel(1)] = 0.003611
E[P_sel(2)] = 0.001417
E[P_sel(3)] = 0.000855
E[P_sel(4)] = 0.000595
E[P_sel(5)] = 0.000438
E[P_sel(6)] = 0.000340
E[P_sel(7)] = 0.000272
E[P_sel(8)] = 0.000239
E[P_sel(9)] = 0.000205
E[P_sel(10)] = 0.000186
E[P_sel(11)] = 0.000172
E[P_sel(12)] = 0.000153
E[P_sel(13)] = 0.000135
E[P_sel(14)] = 0.000118
E[P_sel(15)] = 0.000117
E[P_sel(16)] = 0.000111
E[P_sel(17)] = 0.000102
E[P_sel(18)] = 0.000096
E[P_sel(19)] = 0.000097

---- Expected neutral and selected misattributed polymorphism per site
E[mis_neut] = 0.000455
E[mis_sel] = 0.000111

---- alpha_div = 0.305704
---- alpha_dfe = 0.236090



