---- Performing inference on Ns200_pa_0.00025_boots/Ns200_pa_0.00025.67.polyDFE.txt using model B

---- Warning: mutation variability is not used when only one neutral and one selected fragment is available.
---- No mutation variability. Using Poisson likelihood.

---- Using provided initial values


-- Starting local optimization
 it       eps_an        eps_cont      theta_bar      S_d            b             p_b           S_b           r  2          r  3          r  4          r  5          r  6          r  7          r  8          r  9          r 10          r 11          r 12          r 13          r 14          r 15          r 16          r 17          r 18          r 19         ln lk             grad     status
  0      4.50e-06      9.00e-07       0.00100     -400.00000       0.40000       0.02000       4.00000       1.00000       1.00000       1.00000       1.00000       1.00000       1.00000       1.00000       1.00000       1.00000       1.00000       1.00000       1.00000       1.00000       1.00000       1.00000       1.00000       1.00000       1.00000  -209404.8932136232   1512.51896   -2
682      4.48e-06      9.00e-07       0.00917     -856.92456       0.20416       0.00101       0.26300       0.95641       0.92719       0.92799       0.92835       0.87520       0.85828       0.87951       0.85097       0.84222       0.86980       0.82965       0.86799       0.87793       0.91286       0.82664       0.88587       0.87884       0.95327  -195.6466627470      0.00042   -3
-- Local optimization: stuck in the same solution


---- Best joint likelihood found -195.64666 with gradient 0.00042
-- Model: B
--     eps_an        eps_cont      theta_bar     a        
--    4.48e-06      9.00e-07       0.00917       -1.00000  
--      S_d            b             p_b           S_b      
--   -856.92456       0.20416       0.00101       0.26300  
--     r  2          r  3          r  4          r  5          r  6          r  7          r  8          r  9          r 10          r 11          r 12          r 13          r 14          r 15          r 16          r 17          r 18          r 19     
--     0.95641       0.92719       0.92799       0.92835       0.87520       0.85828       0.87951       0.85097       0.84222       0.86980       0.82965       0.86799       0.87793       0.91286       0.82664       0.88587       0.87884       0.95327  

---- Expected P_neut(i), 0 < i < n (neutral SFS per site) 
E[P_neut(1)] = 0.009166
E[P_neut(2)] = 0.004383
E[P_neut(3)] = 0.002833
E[P_neut(4)] = 0.002127
E[P_neut(5)] = 0.001702
E[P_neut(6)] = 0.001337
E[P_neut(7)] = 0.001124
E[P_neut(8)] = 0.001008
E[P_neut(9)] = 0.000867
E[P_neut(10)] = 0.000772
E[P_neut(11)] = 0.000725
E[P_neut(12)] = 0.000634
E[P_neut(13)] = 0.000612
E[P_neut(14)] = 0.000575
E[P_neut(15)] = 0.000558
E[P_neut(16)] = 0.000474
E[P_neut(17)] = 0.000478
E[P_neut(18)] = 0.000448
E[P_neut(19)] = 0.000460

---- Expected P_sel(i), 0 < i < n (selected SFS per site) 
E[P_sel(1)] = 0.003633
E[P_sel(2)] = 0.001416
E[P_sel(3)] = 0.000831
E[P_sel(4)] = 0.000587
E[P_sel(5)] = 0.000449
E[P_sel(6)] = 0.000341
E[P_sel(7)] = 0.000278
E[P_sel(8)] = 0.000244
E[P_sel(9)] = 0.000205
E[P_sel(10)] = 0.000179
E[P_sel(11)] = 0.000166
E[P_sel(12)] = 0.000143
E[P_sel(13)] = 0.000136
E[P_sel(14)] = 0.000126
E[P_sel(15)] = 0.000121
E[P_sel(16)] = 0.000102
E[P_sel(17)] = 0.000101
E[P_sel(18)] = 0.000094
E[P_sel(19)] = 0.000096

---- Expected neutral and selected misattributed polymorphism per site
E[mis_neut] = 0.000458
E[mis_sel] = 0.000095

---- alpha_div = 0.321071
---- alpha_dfe = 0.005629



