---- Performing inference on Ns200_pa_0.00025_boots/Ns200_pa_0.00025.95.polyDFE.txt using model B

---- Warning: mutation variability is not used when only one neutral and one selected fragment is available.
---- No mutation variability. Using Poisson likelihood.

---- Using provided initial values


-- Starting local optimization
 it       eps_an        eps_cont      theta_bar      S_d            b             p_b           S_b           r  2          r  3          r  4          r  5          r  6          r  7          r  8          r  9          r 10          r 11          r 12          r 13          r 14          r 15          r 16          r 17          r 18          r 19         ln lk             grad     status
  0      4.50e-06      9.00e-07       0.00100     -400.00000       0.40000       0.02000       4.00000       1.00000       1.00000       1.00000       1.00000       1.00000       1.00000       1.00000       1.00000       1.00000       1.00000       1.00000       1.00000       1.00000       1.00000       1.00000       1.00000       1.00000       1.00000  -207867.1453772611   1507.26574   -2
839      4.58e-06      9.00e-07       0.00895     -719.53241       0.20934       0.00179       0.79116       0.98113       0.97137       0.93852       0.92443       0.89578       0.86187       0.88677       0.85100       0.89495       0.87878       0.86794       0.84161       0.88425       0.88220       0.85094       0.88969       0.89979       0.91656  -202.8942307100      0.00120   -3
-- Local optimization: stuck in the same solution


---- Best joint likelihood found -202.89423 with gradient 0.00120
-- Model: B
--     eps_an        eps_cont      theta_bar     a        
--    4.58e-06      9.00e-07       0.00895       -1.00000  
--      S_d            b             p_b           S_b      
--   -719.53241       0.20934       0.00179       0.79116  
--     r  2          r  3          r  4          r  5          r  6          r  7          r  8          r  9          r 10          r 11          r 12          r 13          r 14          r 15          r 16          r 17          r 18          r 19     
--     0.98113       0.97137       0.93852       0.92443       0.89578       0.86187       0.88677       0.85100       0.89495       0.87878       0.86794       0.84161       0.88425       0.88220       0.85094       0.88969       0.89979       0.91656  

---- Expected P_neut(i), 0 < i < n (neutral SFS per site) 
E[P_neut(1)] = 0.008951
E[P_neut(2)] = 0.004391
E[P_neut(3)] = 0.002898
E[P_neut(4)] = 0.002100
E[P_neut(5)] = 0.001655
E[P_neut(6)] = 0.001336
E[P_neut(7)] = 0.001102
E[P_neut(8)] = 0.000992
E[P_neut(9)] = 0.000846
E[P_neut(10)] = 0.000801
E[P_neut(11)] = 0.000715
E[P_neut(12)] = 0.000647
E[P_neut(13)] = 0.000579
E[P_neut(14)] = 0.000565
E[P_neut(15)] = 0.000526
E[P_neut(16)] = 0.000476
E[P_neut(17)] = 0.000468
E[P_neut(18)] = 0.000447
E[P_neut(19)] = 0.000432

---- Expected P_sel(i), 0 < i < n (selected SFS per site) 
E[P_sel(1)] = 0.003614
E[P_sel(2)] = 0.001439
E[P_sel(3)] = 0.000861
E[P_sel(4)] = 0.000586
E[P_sel(5)] = 0.000441
E[P_sel(6)] = 0.000344
E[P_sel(7)] = 0.000276
E[P_sel(8)] = 0.000242
E[P_sel(9)] = 0.000202
E[P_sel(10)] = 0.000188
E[P_sel(11)] = 0.000165
E[P_sel(12)] = 0.000147
E[P_sel(13)] = 0.000130
E[P_sel(14)] = 0.000125
E[P_sel(15)] = 0.000115
E[P_sel(16)] = 0.000103
E[P_sel(17)] = 0.000100
E[P_sel(18)] = 0.000095
E[P_sel(19)] = 0.000091

---- Expected neutral and selected misattributed polymorphism per site
E[mis_neut] = 0.000448
E[mis_sel] = 0.000093

---- alpha_div = 0.309876
---- alpha_dfe = 0.012566



