---- Performing inference on Ns200_pa_0.00025_boots/Ns200_pa_0.00025.74.polyDFE.txt using model B

---- Warning: mutation variability is not used when only one neutral and one selected fragment is available.
---- No mutation variability. Using Poisson likelihood.

---- Using provided initial values


-- Starting local optimization
 it       eps_an        eps_cont      lambda        theta_bar      S_d            b             p_b           S_b           r  2          r  3          r  4          r  5          r  6          r  7          r  8          r  9          r 10          r 11          r 12          r 13          r 14          r 15          r 16          r 17          r 18          r 19          r 20         ln lk             grad     status
  0      4.50e-06      9.00e-07       0.00500       0.00100     -400.00000       0.40000       0.02000       4.00000       1.00000       1.00000       1.00000       1.00000       1.00000       1.00000       1.00000       1.00000       1.00000       1.00000       1.00000       1.00000       1.00000       1.00000       1.00000       1.00000       1.00000       1.00000       1.00000  -212396.2726002081   1552.26981   -2
132      4.50e-06      9.00e-07       0.00495       0.00898     -554.15982       0.22304       0.00258      37.42900       0.98694       0.94699       0.94274       0.94562       0.91439       0.85383       0.87782       0.86937       0.84834       0.89264       0.87435       0.89551       0.88869       0.89538       0.88091       0.88781       0.88230       0.86968       0.92887  -205.4471531908      0.39085   -3
-- Local optimization: stuck in the same solution


---- Best joint likelihood found -205.44715 with gradient 0.39085
-- Model: B
--     eps_an        eps_cont      lambda        theta_bar     a        
--    4.50e-06      9.00e-07       0.00495       0.00898       -1.00000  
--      S_d            b             p_b           S_b      
--   -554.15982       0.22304       0.00258      37.42900  
--     r  2          r  3          r  4          r  5          r  6          r  7          r  8          r  9          r 10          r 11          r 12          r 13          r 14          r 15          r 16          r 17          r 18          r 19          r 20     
--     0.98694       0.94699       0.94274       0.94562       0.91439       0.85383       0.87782       0.86937       0.84834       0.89264       0.87435       0.89551       0.88869       0.89538       0.88091       0.88781       0.88230       0.86968       0.92887  

---- Expected P_neut(i), 0 < i < n (neutral SFS per site) 
E[P_neut(1)] = 0.008984
E[P_neut(2)] = 0.004433
E[P_neut(3)] = 0.002836
E[P_neut(4)] = 0.002117
E[P_neut(5)] = 0.001699
E[P_neut(6)] = 0.001369
E[P_neut(7)] = 0.001096
E[P_neut(8)] = 0.000986
E[P_neut(9)] = 0.000868
E[P_neut(10)] = 0.000762
E[P_neut(11)] = 0.000729
E[P_neut(12)] = 0.000655
E[P_neut(13)] = 0.000619
E[P_neut(14)] = 0.000570
E[P_neut(15)] = 0.000536
E[P_neut(16)] = 0.000495
E[P_neut(17)] = 0.000469
E[P_neut(18)] = 0.000440
E[P_neut(19)] = 0.000411

---- Expected P_sel(i), 0 < i < n (selected SFS per site) 
E[P_sel(1)] = 0.003674
E[P_sel(2)] = 0.001455
E[P_sel(3)] = 0.000839
E[P_sel(4)] = 0.000586
E[P_sel(5)] = 0.000449
E[P_sel(6)] = 0.000349
E[P_sel(7)] = 0.000271
E[P_sel(8)] = 0.000238
E[P_sel(9)] = 0.000205
E[P_sel(10)] = 0.000177
E[P_sel(11)] = 0.000166
E[P_sel(12)] = 0.000148
E[P_sel(13)] = 0.000138
E[P_sel(14)] = 0.000126
E[P_sel(15)] = 0.000118
E[P_sel(16)] = 0.000109
E[P_sel(17)] = 0.000104
E[P_sel(18)] = 0.000100
E[P_sel(19)] = 0.000097

---- Expected D_neut and D_sel (neutral and selected divergence per site) 
E[D_neut] = 0.005369
E[D_sel] = 0.001561

---- Expected neutral and selected misattributed polymorphism per site
E[mis_neut] = 0.000417
E[mis_sel] = 0.000106

---- alpha_div = 0.331913
---- alpha_dfe = 0.328020



