---- Performing inference on Ns200_pa_0.00025_boots/Ns200_pa_0.00025.61.polyDFE.txt using model B

---- Warning: mutation variability is not used when only one neutral and one selected fragment is available.
---- No mutation variability. Using Poisson likelihood.

---- Using provided initial values


-- Starting local optimization
 it       eps_an        theta_bar      S_d            b             r  2          r  3          r  4          r  5          r  6          r  7          r  8          r  9          r 10          r 11          r 12          r 13          r 14          r 15          r 16          r 17          r 18          r 19         ln lk             grad     status
  0      4.50e-06       0.00100     -400.00000       0.40000       1.00000       1.00000       1.00000       1.00000       1.00000       1.00000       1.00000       1.00000       1.00000       1.00000       1.00000       1.00000       1.00000       1.00000       1.00000       1.00000       1.00000       1.00000  -216076.7403511200   1586.64265   -2
123      4.50e-06       0.00904     -962.52064       0.19630       0.97535       0.93268       0.92254       0.89910       0.88655       0.85550       0.86658       0.85779       0.89983       0.86284       0.87251       0.85153       0.86607       0.86366       0.82828       0.81843       0.85667       0.86788  -197.3684388673      0.00079   -3
-- Local optimization: stuck in the same solution


---- Best joint likelihood found -197.36844 with gradient 0.00079
-- Model: B
--     eps_an        eps_cont      theta_bar     a        
--    4.50e-06      0.00e+00       0.00904       -1.00000  
--      S_d            b             p_b           S_b      
--   -962.52064       0.19630      0.00e+00      0.00e+00  
--     r  2          r  3          r  4          r  5          r  6          r  7          r  8          r  9          r 10          r 11          r 12          r 13          r 14          r 15          r 16          r 17          r 18          r 19     
--     0.97535       0.93268       0.92254       0.89910       0.88655       0.85550       0.86658       0.85779       0.89983       0.86284       0.87251       0.85153       0.86607       0.86366       0.82828       0.81843       0.85667       0.86788  

---- Expected P_neut(i), 0 < i < n (neutral SFS per site) 
E[P_neut(1)] = 0.009040
E[P_neut(2)] = 0.004408
E[P_neut(3)] = 0.002810
E[P_neut(4)] = 0.002085
E[P_neut(5)] = 0.001626
E[P_neut(6)] = 0.001336
E[P_neut(7)] = 0.001105
E[P_neut(8)] = 0.000979
E[P_neut(9)] = 0.000862
E[P_neut(10)] = 0.000813
E[P_neut(11)] = 0.000709
E[P_neut(12)] = 0.000657
E[P_neut(13)] = 0.000592
E[P_neut(14)] = 0.000559
E[P_neut(15)] = 0.000520
E[P_neut(16)] = 0.000468
E[P_neut(17)] = 0.000435
E[P_neut(18)] = 0.000430
E[P_neut(19)] = 0.000413

---- Expected P_sel(i), 0 < i < n (selected SFS per site) 
E[P_sel(1)] = 0.003596
E[P_sel(2)] = 0.001439
E[P_sel(3)] = 0.000837
E[P_sel(4)] = 0.000585
E[P_sel(5)] = 0.000437
E[P_sel(6)] = 0.000347
E[P_sel(7)] = 0.000279
E[P_sel(8)] = 0.000242
E[P_sel(9)] = 0.000209
E[P_sel(10)] = 0.000193
E[P_sel(11)] = 0.000166
E[P_sel(12)] = 0.000152
E[P_sel(13)] = 0.000135
E[P_sel(14)] = 0.000126
E[P_sel(15)] = 0.000116
E[P_sel(16)] = 0.000103
E[P_sel(17)] = 0.000095
E[P_sel(18)] = 0.000093
E[P_sel(19)] = 0.000088

---- Expected neutral and selected misattributed polymorphism per site
E[mis_neut] = 0.000452
E[mis_sel] = 0.000096

---- alpha_div = 0.287952
---- alpha_dfe = 0.000000



