---- Performing inference on Ns200_pa_0.00025_boots/Ns200_pa_0.00025.26.polyDFE.txt using model B

---- Warning: mutation variability is not used when only one neutral and one selected fragment is available.
---- No mutation variability. Using Poisson likelihood.

---- Using provided initial values


-- Starting local optimization
 it       eps_an        eps_cont      lambda        theta_bar      S_d            b             p_b           S_b           r  2          r  3          r  4          r  5          r  6          r  7          r  8          r  9          r 10          r 11          r 12          r 13          r 14          r 15          r 16          r 17          r 18          r 19          r 20         ln lk             grad     status
  0      4.50e-06      9.00e-07       0.00500       0.00100     -400.00000       0.40000       0.02000       4.00000       1.00000       1.00000       1.00000       1.00000       1.00000       1.00000       1.00000       1.00000       1.00000       1.00000       1.00000       1.00000       1.00000       1.00000       1.00000       1.00000       1.00000       1.00000       1.00000  -208507.6372088403   1532.47557   -2
 81      4.49e-06      9.00e-07       0.00508       0.00913    -1037.58934       0.19717       0.00229      37.42866       0.95879       0.93430       0.91241       0.92167       0.87116       0.81300       0.85261       0.85490       0.85676       0.86628       0.83180       0.83617       0.84254       0.81194       0.85240       0.82457       0.81967       0.87681       0.85745  -218.2319317927      0.46044   -3
-- Local optimization: stuck in the same solution


---- Best joint likelihood found -218.23193 with gradient 0.46044
-- Model: B
--     eps_an        eps_cont      lambda        theta_bar     a        
--    4.49e-06      9.00e-07       0.00508       0.00913       -1.00000  
--      S_d            b             p_b           S_b      
--  -1037.58934       0.19717       0.00229      37.42866  
--     r  2          r  3          r  4          r  5          r  6          r  7          r  8          r  9          r 10          r 11          r 12          r 13          r 14          r 15          r 16          r 17          r 18          r 19          r 20     
--     0.95879       0.93430       0.91241       0.92167       0.87116       0.81300       0.85261       0.85490       0.85676       0.86628       0.83180       0.83617       0.84254       0.81194       0.85240       0.82457       0.81967       0.87681       0.85745  

---- Expected P_neut(i), 0 < i < n (neutral SFS per site) 
E[P_neut(1)] = 0.009131
E[P_neut(2)] = 0.004377
E[P_neut(3)] = 0.002844
E[P_neut(4)] = 0.002083
E[P_neut(5)] = 0.001683
E[P_neut(6)] = 0.001326
E[P_neut(7)] = 0.001061
E[P_neut(8)] = 0.000973
E[P_neut(9)] = 0.000867
E[P_neut(10)] = 0.000782
E[P_neut(11)] = 0.000719
E[P_neut(12)] = 0.000633
E[P_neut(13)] = 0.000587
E[P_neut(14)] = 0.000550
E[P_neut(15)] = 0.000494
E[P_neut(16)] = 0.000486
E[P_neut(17)] = 0.000443
E[P_neut(18)] = 0.000416
E[P_neut(19)] = 0.000421

---- Expected P_sel(i), 0 < i < n (selected SFS per site) 
E[P_sel(1)] = 0.003583
E[P_sel(2)] = 0.001410
E[P_sel(3)] = 0.000836
E[P_sel(4)] = 0.000578
E[P_sel(5)] = 0.000448
E[P_sel(6)] = 0.000341
E[P_sel(7)] = 0.000266
E[P_sel(8)] = 0.000239
E[P_sel(9)] = 0.000209
E[P_sel(10)] = 0.000185
E[P_sel(11)] = 0.000168
E[P_sel(12)] = 0.000146
E[P_sel(13)] = 0.000134
E[P_sel(14)] = 0.000125
E[P_sel(15)] = 0.000112
E[P_sel(16)] = 0.000110
E[P_sel(17)] = 0.000101
E[P_sel(18)] = 0.000096
E[P_sel(19)] = 0.000101

---- Expected D_neut and D_sel (neutral and selected divergence per site) 
E[D_neut] = 0.005473
E[D_sel] = 0.001581

---- Expected neutral and selected misattributed polymorphism per site
E[mis_neut] = 0.000391
E[mis_sel] = 0.000100

---- alpha_div = 0.300958
---- alpha_dfe = 0.294222



