---- Performing inference on Ns200_pa_0.00025_boots/Ns200_pa_0.00025.50.polyDFE.txt using model B

---- Warning: mutation variability is not used when only one neutral and one selected fragment is available.
---- No mutation variability. Using Poisson likelihood.

---- Using provided initial values


-- Starting local optimization
 it       eps_an        eps_cont      theta_bar      S_d            b             p_b           S_b           r  2          r  3          r  4          r  5          r  6          r  7          r  8          r  9          r 10          r 11          r 12          r 13          r 14          r 15          r 16          r 17          r 18          r 19         ln lk             grad     status
  0      4.50e-06      9.00e-07       0.00100     -400.00000       0.40000       0.02000       4.00000       1.00000       1.00000       1.00000       1.00000       1.00000       1.00000       1.00000       1.00000       1.00000       1.00000       1.00000       1.00000       1.00000       1.00000       1.00000       1.00000       1.00000       1.00000  -207789.7472577970   1507.07769   -2
926      4.41e-06      8.99e-07       0.00895     -697.04635       0.21093       0.00149      10.80417       0.98790       0.96652       0.93702       0.91675       0.89172       0.86745       0.87179       0.87101       0.87066       0.87828       0.86065       0.84468       0.85535       0.87572       0.87377       0.84216       0.94141       0.89420  -198.5328789315      0.00181   -3
-- Local optimization: stuck in the same solution


---- Best joint likelihood found -198.53288 with gradient 0.00181
-- Model: B
--     eps_an        eps_cont      theta_bar     a        
--    4.41e-06      8.99e-07       0.00895       -1.00000  
--      S_d            b             p_b           S_b      
--   -697.04635       0.21093       0.00149      10.80417  
--     r  2          r  3          r  4          r  5          r  6          r  7          r  8          r  9          r 10          r 11          r 12          r 13          r 14          r 15          r 16          r 17          r 18          r 19     
--     0.98790       0.96652       0.93702       0.91675       0.89172       0.86745       0.87179       0.87101       0.87066       0.87828       0.86065       0.84468       0.85535       0.87572       0.87377       0.84216       0.94141       0.89420  

---- Expected P_neut(i), 0 < i < n (neutral SFS per site) 
E[P_neut(1)] = 0.008954
E[P_neut(2)] = 0.004423
E[P_neut(3)] = 0.002885
E[P_neut(4)] = 0.002097
E[P_neut(5)] = 0.001642
E[P_neut(6)] = 0.001331
E[P_neut(7)] = 0.001110
E[P_neut(8)] = 0.000976
E[P_neut(9)] = 0.000867
E[P_neut(10)] = 0.000780
E[P_neut(11)] = 0.000715
E[P_neut(12)] = 0.000642
E[P_neut(13)] = 0.000582
E[P_neut(14)] = 0.000547
E[P_neut(15)] = 0.000523
E[P_neut(16)] = 0.000489
E[P_neut(17)] = 0.000444
E[P_neut(18)] = 0.000468
E[P_neut(19)] = 0.000421

---- Expected P_sel(i), 0 < i < n (selected SFS per site) 
E[P_sel(1)] = 0.003619
E[P_sel(2)] = 0.001449
E[P_sel(3)] = 0.000856
E[P_sel(4)] = 0.000585
E[P_sel(5)] = 0.000437
E[P_sel(6)] = 0.000342
E[P_sel(7)] = 0.000277
E[P_sel(8)] = 0.000238
E[P_sel(9)] = 0.000207
E[P_sel(10)] = 0.000183
E[P_sel(11)] = 0.000165
E[P_sel(12)] = 0.000146
E[P_sel(13)] = 0.000131
E[P_sel(14)] = 0.000122
E[P_sel(15)] = 0.000115
E[P_sel(16)] = 0.000107
E[P_sel(17)] = 0.000097
E[P_sel(18)] = 0.000102
E[P_sel(19)] = 0.000092

---- Expected neutral and selected misattributed polymorphism per site
E[mis_neut] = 0.000448
E[mis_sel] = 0.000098

---- alpha_div = 0.332514
---- alpha_dfe = 0.073554



