---- Performing inference on Ns200_pa_0.00025_boots/Ns200_pa_0.00025.14.polyDFE.txt using model B

---- Warning: mutation variability is not used when only one neutral and one selected fragment is available.
---- No mutation variability. Using Poisson likelihood.

---- Using provided initial values


-- Starting local optimization
 it       eps_an        eps_cont      theta_bar      S_d            b             p_b           S_b           r  2          r  3          r  4          r  5          r  6          r  7          r  8          r  9          r 10          r 11          r 12          r 13          r 14          r 15          r 16          r 17          r 18          r 19         ln lk             grad     status
  0      4.50e-06      9.00e-07       0.00100     -400.00000       0.40000       0.02000       4.00000       1.00000       1.00000       1.00000       1.00000       1.00000       1.00000       1.00000       1.00000       1.00000       1.00000       1.00000       1.00000       1.00000       1.00000       1.00000       1.00000       1.00000       1.00000  -205862.8587013264   1497.67411   -2
407      4.49e-06      9.00e-07       0.00888     -501.36104       0.23865       0.01582       3.15319       0.98380       0.97251       0.95078       0.93032       0.89299       0.85469       0.88611       0.88162       0.87191       0.87301       0.86246       0.83931       0.88264       0.86479       0.86022       0.83404       0.84844       0.88427  -199.4663645042      0.00223   -3
-- Local optimization: stuck in the same solution


---- Best joint likelihood found -199.46636 with gradient 0.00223
-- Model: B
--     eps_an        eps_cont      theta_bar     a        
--    4.49e-06      9.00e-07       0.00888       -1.00000  
--      S_d            b             p_b           S_b      
--   -501.36104       0.23865       0.01582       3.15319  
--     r  2          r  3          r  4          r  5          r  6          r  7          r  8          r  9          r 10          r 11          r 12          r 13          r 14          r 15          r 16          r 17          r 18          r 19     
--     0.98380       0.97251       0.95078       0.93032       0.89299       0.85469       0.88611       0.88162       0.87191       0.87301       0.86246       0.83931       0.88264       0.86479       0.86022       0.83404       0.84844       0.88427  

---- Expected P_neut(i), 0 < i < n (neutral SFS per site) 
E[P_neut(1)] = 0.008880
E[P_neut(2)] = 0.004368
E[P_neut(3)] = 0.002879
E[P_neut(4)] = 0.002111
E[P_neut(5)] = 0.001652
E[P_neut(6)] = 0.001322
E[P_neut(7)] = 0.001084
E[P_neut(8)] = 0.000984
E[P_neut(9)] = 0.000870
E[P_neut(10)] = 0.000774
E[P_neut(11)] = 0.000705
E[P_neut(12)] = 0.000638
E[P_neut(13)] = 0.000573
E[P_neut(14)] = 0.000560
E[P_neut(15)] = 0.000512
E[P_neut(16)] = 0.000477
E[P_neut(17)] = 0.000436
E[P_neut(18)] = 0.000419
E[P_neut(19)] = 0.000413

---- Expected P_sel(i), 0 < i < n (selected SFS per site) 
E[P_sel(1)] = 0.003627
E[P_sel(2)] = 0.001425
E[P_sel(3)] = 0.000846
E[P_sel(4)] = 0.000582
E[P_sel(5)] = 0.000435
E[P_sel(6)] = 0.000337
E[P_sel(7)] = 0.000269
E[P_sel(8)] = 0.000239
E[P_sel(9)] = 0.000208
E[P_sel(10)] = 0.000182
E[P_sel(11)] = 0.000164
E[P_sel(12)] = 0.000148
E[P_sel(13)] = 0.000132
E[P_sel(14)] = 0.000128
E[P_sel(15)] = 0.000117
E[P_sel(16)] = 0.000109
E[P_sel(17)] = 0.000099
E[P_sel(18)] = 0.000096
E[P_sel(19)] = 0.000095

---- Expected neutral and selected misattributed polymorphism per site
E[mis_neut] = 0.000444
E[mis_sel] = 0.000103

---- alpha_div = 0.402462
---- alpha_dfe = 0.223509



