---- Performing inference on Ns200_pa_0.00025_boots/Ns200_pa_0.00025.10.polyDFE.txt using model B

---- Warning: mutation variability is not used when only one neutral and one selected fragment is available.
---- No mutation variability. Using Poisson likelihood.

---- Using provided initial values


-- Starting local optimization
 it       eps_an        eps_cont      theta_bar      S_d            b             p_b           S_b           r  2          r  3          r  4          r  5          r  6          r  7          r  8          r  9          r 10          r 11          r 12          r 13          r 14          r 15          r 16          r 17          r 18          r 19         ln lk             grad     status
  0      4.50e-06      9.00e-07       0.00100     -400.00000       0.40000       0.02000       4.00000       1.00000       1.00000       1.00000       1.00000       1.00000       1.00000       1.00000       1.00000       1.00000       1.00000       1.00000       1.00000       1.00000       1.00000       1.00000       1.00000       1.00000       1.00000  -208238.5392126067   1509.21157   -2
769      4.50e-06      9.00e-07       0.00904     -768.75617       0.20678       0.00187      10.54353       0.98096       0.93884       0.93539       0.90809       0.89193       0.88609       0.84985       0.84218       0.87878       0.87747       0.85167       0.85055       0.83664       0.86341       0.82795       0.79149       0.89604       0.88206  -190.7429140761      0.00123   -3
-- Local optimization: stuck in the same solution


---- Best joint likelihood found -190.74291 with gradient 0.00123
-- Model: B
--     eps_an        eps_cont      theta_bar     a        
--    4.50e-06      9.00e-07       0.00904       -1.00000  
--      S_d            b             p_b           S_b      
--   -768.75617       0.20678       0.00187      10.54353  
--     r  2          r  3          r  4          r  5          r  6          r  7          r  8          r  9          r 10          r 11          r 12          r 13          r 14          r 15          r 16          r 17          r 18          r 19     
--     0.98096       0.93884       0.93539       0.90809       0.89193       0.88609       0.84985       0.84218       0.87878       0.87747       0.85167       0.85055       0.83664       0.86341       0.82795       0.79149       0.89604       0.88206  

---- Expected P_neut(i), 0 < i < n (neutral SFS per site) 
E[P_neut(1)] = 0.009037
E[P_neut(2)] = 0.004432
E[P_neut(3)] = 0.002828
E[P_neut(4)] = 0.002113
E[P_neut(5)] = 0.001641
E[P_neut(6)] = 0.001343
E[P_neut(7)] = 0.001144
E[P_neut(8)] = 0.000960
E[P_neut(9)] = 0.000846
E[P_neut(10)] = 0.000794
E[P_neut(11)] = 0.000721
E[P_neut(12)] = 0.000641
E[P_neut(13)] = 0.000591
E[P_neut(14)] = 0.000540
E[P_neut(15)] = 0.000520
E[P_neut(16)] = 0.000468
E[P_neut(17)] = 0.000421
E[P_neut(18)] = 0.000450
E[P_neut(19)] = 0.000420

---- Expected P_sel(i), 0 < i < n (selected SFS per site) 
E[P_sel(1)] = 0.003633
E[P_sel(2)] = 0.001450
E[P_sel(3)] = 0.000840
E[P_sel(4)] = 0.000590
E[P_sel(5)] = 0.000439
E[P_sel(6)] = 0.000347
E[P_sel(7)] = 0.000287
E[P_sel(8)] = 0.000235
E[P_sel(9)] = 0.000203
E[P_sel(10)] = 0.000188
E[P_sel(11)] = 0.000168
E[P_sel(12)] = 0.000147
E[P_sel(13)] = 0.000134
E[P_sel(14)] = 0.000122
E[P_sel(15)] = 0.000116
E[P_sel(16)] = 0.000104
E[P_sel(17)] = 0.000093
E[P_sel(18)] = 0.000099
E[P_sel(19)] = 0.000093

---- Expected neutral and selected misattributed polymorphism per site
E[mis_neut] = 0.000452
E[mis_sel] = 0.000100

---- alpha_div = 0.313111
---- alpha_dfe = 0.087682



