---- Performing inference on Ns200_pa_0.00025_boots/Ns200_pa_0.00025.25.polyDFE.txt using model B

---- Warning: mutation variability is not used when only one neutral and one selected fragment is available.
---- No mutation variability. Using Poisson likelihood.

---- Using provided initial values


-- Starting local optimization
 it       eps_an        lambda        theta_bar      S_d            b             r  2          r  3          r  4          r  5          r  6          r  7          r  8          r  9          r 10          r 11          r 12          r 13          r 14          r 15          r 16          r 17          r 18          r 19          r 20         ln lk             grad     status
  0      4.50e-06       0.00500       0.00100     -400.00000       0.40000       1.00000       1.00000       1.00000       1.00000       1.00000       1.00000       1.00000       1.00000       1.00000       1.00000       1.00000       1.00000       1.00000       1.00000       1.00000       1.00000       1.00000       1.00000       1.00000  -223284.3718028654   1700.10963   -2
741      4.42e-06       0.00013       0.00905    -2797.15679       0.15704       0.95036       0.93381       0.91716       0.88586       0.87707       0.81812       0.82180       0.82187       0.83735       0.83377       0.81377       0.84881       0.82700       0.84528       0.81068       0.81541       0.85400       0.85634      12.86893  -386.4066142922      0.02797   -6
-- Local optimization: reached maximum running time allowed


---- Best joint likelihood found -386.40661 with gradient 0.02797
-- Model: B
--     eps_an        eps_cont      lambda        theta_bar     a        
--    4.42e-06      0.00e+00       0.00013       0.00905       -1.00000  
--      S_d            b             p_b           S_b      
--  -2797.15679       0.15704      0.00e+00      0.00e+00  
--     r  2          r  3          r  4          r  5          r  6          r  7          r  8          r  9          r 10          r 11          r 12          r 13          r 14          r 15          r 16          r 17          r 18          r 19          r 20     
--     0.95036       0.93381       0.91716       0.88586       0.87707       0.81812       0.82180       0.82187       0.83735       0.83377       0.81377       0.84881       0.82700       0.84528       0.81068       0.81541       0.85400       0.85634      12.86893  

---- Expected P_neut(i), 0 < i < n (neutral SFS per site) 
E[P_neut(1)] = 0.009049
E[P_neut(2)] = 0.004300
E[P_neut(3)] = 0.002817
E[P_neut(4)] = 0.002075
E[P_neut(5)] = 0.001603
E[P_neut(6)] = 0.001323
E[P_neut(7)] = 0.001058
E[P_neut(8)] = 0.000930
E[P_neut(9)] = 0.000826
E[P_neut(10)] = 0.000758
E[P_neut(11)] = 0.000686
E[P_neut(12)] = 0.000614
E[P_neut(13)] = 0.000591
E[P_neut(14)] = 0.000535
E[P_neut(15)] = 0.000510
E[P_neut(16)] = 0.000458
E[P_neut(17)] = 0.000434
E[P_neut(18)] = 0.000429
E[P_neut(19)] = 0.000408

---- Expected P_sel(i), 0 < i < n (selected SFS per site) 
E[P_sel(1)] = 0.003533
E[P_sel(2)] = 0.001434
E[P_sel(3)] = 0.000873
E[P_sel(4)] = 0.000613
E[P_sel(5)] = 0.000458
E[P_sel(6)] = 0.000368
E[P_sel(7)] = 0.000288
E[P_sel(8)] = 0.000248
E[P_sel(9)] = 0.000217
E[P_sel(10)] = 0.000196
E[P_sel(11)] = 0.000175
E[P_sel(12)] = 0.000155
E[P_sel(13)] = 0.000148
E[P_sel(14)] = 0.000132
E[P_sel(15)] = 0.000125
E[P_sel(16)] = 0.000112
E[P_sel(17)] = 0.000105
E[P_sel(18)] = 0.000103
E[P_sel(19)] = 0.000097

---- Expected D_neut and D_sel (neutral and selected divergence per site) 
E[D_neut] = 0.005949
E[D_sel] = 0.001406

---- Expected neutral and selected misattributed polymorphism per site
E[mis_neut] = 0.005822
E[mis_sel] = 0.001376

---- alpha_div = 1.426289
---- alpha_dfe = 0.000000



