---- Performing inference on Ns200_pa_0.00025_boots/Ns200_pa_0.00025.85.polyDFE.txt using model B

---- Warning: mutation variability is not used when only one neutral and one selected fragment is available.
---- No mutation variability. Using Poisson likelihood.

---- Using provided initial values


-- Starting local optimization
 it       eps_an        eps_cont      theta_bar      S_d            b             p_b           S_b           r  2          r  3          r  4          r  5          r  6          r  7          r  8          r  9          r 10          r 11          r 12          r 13          r 14          r 15          r 16          r 17          r 18          r 19         ln lk             grad     status
  0      4.50e-06      9.00e-07       0.00100     -400.00000       0.40000       0.02000       4.00000       1.00000       1.00000       1.00000       1.00000       1.00000       1.00000       1.00000       1.00000       1.00000       1.00000       1.00000       1.00000       1.00000       1.00000       1.00000       1.00000       1.00000       1.00000  -208359.1156926703   1508.30643   -2
633      4.50e-06      9.00e-07       0.00906     -788.97674       0.21077       0.00716       1.24656       0.96648       0.94706       0.95058       0.92365       0.91333       0.81822       0.86856       0.85735       0.87283       0.88231       0.87810       0.84487       0.87275       0.91695       0.89021       0.85150       0.89759       0.90704  -200.1272407595      0.00080   -3
-- Local optimization: stuck in the same solution


---- Best joint likelihood found -200.12724 with gradient 0.00080
-- Model: B
--     eps_an        eps_cont      theta_bar     a        
--    4.50e-06      9.00e-07       0.00906       -1.00000  
--      S_d            b             p_b           S_b      
--   -788.97674       0.21077       0.00716       1.24656  
--     r  2          r  3          r  4          r  5          r  6          r  7          r  8          r  9          r 10          r 11          r 12          r 13          r 14          r 15          r 16          r 17          r 18          r 19     
--     0.96648       0.94706       0.95058       0.92365       0.91333       0.81822       0.86856       0.85735       0.87283       0.88231       0.87810       0.84487       0.87275       0.91695       0.89021       0.85150       0.89759       0.90704  

---- Expected P_neut(i), 0 < i < n (neutral SFS per site) 
E[P_neut(1)] = 0.009057
E[P_neut(2)] = 0.004377
E[P_neut(3)] = 0.002859
E[P_neut(4)] = 0.002152
E[P_neut(5)] = 0.001673
E[P_neut(6)] = 0.001379
E[P_neut(7)] = 0.001059
E[P_neut(8)] = 0.000983
E[P_neut(9)] = 0.000863
E[P_neut(10)] = 0.000791
E[P_neut(11)] = 0.000726
E[P_neut(12)] = 0.000663
E[P_neut(13)] = 0.000589
E[P_neut(14)] = 0.000565
E[P_neut(15)] = 0.000554
E[P_neut(16)] = 0.000504
E[P_neut(17)] = 0.000454
E[P_neut(18)] = 0.000452
E[P_neut(19)] = 0.000432

---- Expected P_sel(i), 0 < i < n (selected SFS per site) 
E[P_sel(1)] = 0.003604
E[P_sel(2)] = 0.001416
E[P_sel(3)] = 0.000840
E[P_sel(4)] = 0.000595
E[P_sel(5)] = 0.000442
E[P_sel(6)] = 0.000352
E[P_sel(7)] = 0.000263
E[P_sel(8)] = 0.000239
E[P_sel(9)] = 0.000205
E[P_sel(10)] = 0.000185
E[P_sel(11)] = 0.000167
E[P_sel(12)] = 0.000151
E[P_sel(13)] = 0.000132
E[P_sel(14)] = 0.000125
E[P_sel(15)] = 0.000122
E[P_sel(16)] = 0.000110
E[P_sel(17)] = 0.000098
E[P_sel(18)] = 0.000097
E[P_sel(19)] = 0.000092

---- Expected neutral and selected misattributed polymorphism per site
E[mis_neut] = 0.000453
E[mis_sel] = 0.000096

---- alpha_div = 0.343197
---- alpha_dfe = 0.059706



