---- Performing inference on Ns200_pa_0.00025_boots/Ns200_pa_0.00025.70.polyDFE.txt using model B

---- Warning: mutation variability is not used when only one neutral and one selected fragment is available.
---- No mutation variability. Using Poisson likelihood.

---- Using provided initial values


-- Starting local optimization
 it       eps_an        eps_cont      lambda        theta_bar      S_d            b             p_b           S_b           r  2          r  3          r  4          r  5          r  6          r  7          r  8          r  9          r 10          r 11          r 12          r 13          r 14          r 15          r 16          r 17          r 18          r 19          r 20         ln lk             grad     status
  0      4.50e-06      9.00e-07       0.00500       0.00100     -400.00000       0.40000       0.02000       4.00000       1.00000       1.00000       1.00000       1.00000       1.00000       1.00000       1.00000       1.00000       1.00000       1.00000       1.00000       1.00000       1.00000       1.00000       1.00000       1.00000       1.00000       1.00000       1.00000  -209669.0349037708   1539.56298   -2
149      4.49e-06      9.00e-07       0.00504       0.00903     -899.95354       0.20144       0.00237      37.42839       0.97798       0.94628       0.90919       0.92667       0.90497       0.84048       0.89969       0.85588       0.85570       0.85724       0.84800       0.82243       0.85474       0.91357       0.84517       0.81934       0.88404       0.88413       0.87872  -209.1772997585      0.07137   -3
-- Local optimization: stuck in the same solution


---- Best joint likelihood found -209.17730 with gradient 0.07137
-- Model: B
--     eps_an        eps_cont      lambda        theta_bar     a        
--    4.49e-06      9.00e-07       0.00504       0.00903       -1.00000  
--      S_d            b             p_b           S_b      
--   -899.95354       0.20144       0.00237      37.42839  
--     r  2          r  3          r  4          r  5          r  6          r  7          r  8          r  9          r 10          r 11          r 12          r 13          r 14          r 15          r 16          r 17          r 18          r 19          r 20     
--     0.97798       0.94628       0.90919       0.92667       0.90497       0.84048       0.89969       0.85588       0.85570       0.85724       0.84800       0.82243       0.85474       0.91357       0.84517       0.81934       0.88404       0.88413       0.87872  

---- Expected P_neut(i), 0 < i < n (neutral SFS per site) 
E[P_neut(1)] = 0.009025
E[P_neut(2)] = 0.004413
E[P_neut(3)] = 0.002847
E[P_neut(4)] = 0.002051
E[P_neut(5)] = 0.001673
E[P_neut(6)] = 0.001361
E[P_neut(7)] = 0.001084
E[P_neut(8)] = 0.001015
E[P_neut(9)] = 0.000858
E[P_neut(10)] = 0.000772
E[P_neut(11)] = 0.000703
E[P_neut(12)] = 0.000638
E[P_neut(13)] = 0.000571
E[P_neut(14)] = 0.000551
E[P_neut(15)] = 0.000550
E[P_neut(16)] = 0.000477
E[P_neut(17)] = 0.000435
E[P_neut(18)] = 0.000443
E[P_neut(19)] = 0.000420

---- Expected P_sel(i), 0 < i < n (selected SFS per site) 
E[P_sel(1)] = 0.003585
E[P_sel(2)] = 0.001434
E[P_sel(3)] = 0.000842
E[P_sel(4)] = 0.000572
E[P_sel(5)] = 0.000447
E[P_sel(6)] = 0.000352
E[P_sel(7)] = 0.000273
E[P_sel(8)] = 0.000250
E[P_sel(9)] = 0.000207
E[P_sel(10)] = 0.000183
E[P_sel(11)] = 0.000165
E[P_sel(12)] = 0.000148
E[P_sel(13)] = 0.000131
E[P_sel(14)] = 0.000125
E[P_sel(15)] = 0.000125
E[P_sel(16)] = 0.000108
E[P_sel(17)] = 0.000099
E[P_sel(18)] = 0.000103
E[P_sel(19)] = 0.000101

---- Expected D_neut and D_sel (neutral and selected divergence per site) 
E[D_neut] = 0.005435
E[D_sel] = 0.001583

---- Expected neutral and selected misattributed polymorphism per site
E[mis_neut] = 0.000397
E[mis_sel] = 0.000102

---- alpha_div = 0.304175
---- alpha_dfe = 0.301297



