---- Performing inference on Ns200_pa_0.00025_boots/Ns200_pa_0.00025.5.polyDFE.txt using model B

---- Warning: mutation variability is not used when only one neutral and one selected fragment is available.
---- No mutation variability. Using Poisson likelihood.

---- Using provided initial values


-- Starting local optimization
 it       eps_an        theta_bar      S_d            b             r  2          r  3          r  4          r  5          r  6          r  7          r  8          r  9          r 10          r 11          r 12          r 13          r 14          r 15          r 16          r 17          r 18          r 19         ln lk             grad     status
  0      4.50e-06       0.00100     -400.00000       0.40000       1.00000       1.00000       1.00000       1.00000       1.00000       1.00000       1.00000       1.00000       1.00000       1.00000       1.00000       1.00000       1.00000       1.00000       1.00000       1.00000       1.00000       1.00000  -216651.3984391646   1589.92963   -2
155      4.50e-06       0.00895     -777.98196       0.20441       0.97959       0.95358       0.93315       0.91816       0.90713       0.83580       0.88444       0.88443       0.87568       0.89364       0.86155       0.85050       0.86093       0.94009       0.85867       0.85600       0.93085       0.91738  -198.2357239845      0.00127   -3
-- Local optimization: stuck in the same solution


---- Best joint likelihood found -198.23572 with gradient 0.00127
-- Model: B
--     eps_an        eps_cont      theta_bar     a        
--    4.50e-06      0.00e+00       0.00895       -1.00000  
--      S_d            b             p_b           S_b      
--   -777.98196       0.20441      0.00e+00      0.00e+00  
--     r  2          r  3          r  4          r  5          r  6          r  7          r  8          r  9          r 10          r 11          r 12          r 13          r 14          r 15          r 16          r 17          r 18          r 19     
--     0.97959       0.95358       0.93315       0.91816       0.90713       0.83580       0.88444       0.88443       0.87568       0.89364       0.86155       0.85050       0.86093       0.94009       0.85867       0.85600       0.93085       0.91738  

---- Expected P_neut(i), 0 < i < n (neutral SFS per site) 
E[P_neut(1)] = 0.008947
E[P_neut(2)] = 0.004382
E[P_neut(3)] = 0.002844
E[P_neut(4)] = 0.002087
E[P_neut(5)] = 0.001643
E[P_neut(6)] = 0.001353
E[P_neut(7)] = 0.001068
E[P_neut(8)] = 0.000989
E[P_neut(9)] = 0.000879
E[P_neut(10)] = 0.000784
E[P_neut(11)] = 0.000727
E[P_neut(12)] = 0.000642
E[P_neut(13)] = 0.000585
E[P_neut(14)] = 0.000550
E[P_neut(15)] = 0.000561
E[P_neut(16)] = 0.000480
E[P_neut(17)] = 0.000451
E[P_neut(18)] = 0.000463
E[P_neut(19)] = 0.000432

---- Expected P_sel(i), 0 < i < n (selected SFS per site) 
E[P_sel(1)] = 0.003606
E[P_sel(2)] = 0.001439
E[P_sel(3)] = 0.000848
E[P_sel(4)] = 0.000585
E[P_sel(5)] = 0.000440
E[P_sel(6)] = 0.000350
E[P_sel(7)] = 0.000269
E[P_sel(8)] = 0.000243
E[P_sel(9)] = 0.000211
E[P_sel(10)] = 0.000185
E[P_sel(11)] = 0.000169
E[P_sel(12)] = 0.000147
E[P_sel(13)] = 0.000132
E[P_sel(14)] = 0.000122
E[P_sel(15)] = 0.000123
E[P_sel(16)] = 0.000104
E[P_sel(17)] = 0.000097
E[P_sel(18)] = 0.000099
E[P_sel(19)] = 0.000091

---- Expected neutral and selected misattributed polymorphism per site
E[mis_neut] = 0.000447
E[mis_sel] = 0.000094

---- alpha_div = 0.313276
---- alpha_dfe = 0.000000



