---- Performing inference on Ns200_pa_0.00025_boots/Ns200_pa_0.00025.61.polyDFE.txt using model B

---- Warning: mutation variability is not used when only one neutral and one selected fragment is available.
---- No mutation variability. Using Poisson likelihood.

---- Using provided initial values


-- Starting local optimization
 it       eps_an        lambda        theta_bar      S_d            b             r  2          r  3          r  4          r  5          r  6          r  7          r  8          r  9          r 10          r 11          r 12          r 13          r 14          r 15          r 16          r 17          r 18          r 19          r 20         ln lk             grad     status
  0      4.50e-06       0.00500       0.00100     -400.00000       0.40000       1.00000       1.00000       1.00000       1.00000       1.00000       1.00000       1.00000       1.00000       1.00000       1.00000       1.00000       1.00000       1.00000       1.00000       1.00000       1.00000       1.00000       1.00000       1.00000  -223524.9633746233   1701.66901   -2
791      4.35e-06       0.00017       0.00920    -4342.39414       0.14686       0.94959       0.89746       0.88301       0.85714       0.84105       0.81006       0.81871       0.80976       0.84841       0.81153       0.81905       0.79964       0.81224       0.80880       0.77537       0.76589       0.80049       0.80988      12.43361  -381.5335870185      0.25887   -6
-- Local optimization: reached maximum running time allowed


---- Best joint likelihood found -381.53359 with gradient 0.25887
-- Model: B
--     eps_an        eps_cont      lambda        theta_bar     a        
--    4.35e-06      0.00e+00       0.00017       0.00920       -1.00000  
--      S_d            b             p_b           S_b      
--  -4342.39414       0.14686      0.00e+00      0.00e+00  
--     r  2          r  3          r  4          r  5          r  6          r  7          r  8          r  9          r 10          r 11          r 12          r 13          r 14          r 15          r 16          r 17          r 18          r 19          r 20     
--     0.94959       0.89746       0.88301       0.85714       0.84105       0.81006       0.81871       0.80976       0.84841       0.81153       0.81905       0.79964       0.81224       0.80880       0.77537       0.76589       0.80049       0.80988      12.43361  

---- Expected P_neut(i), 0 < i < n (neutral SFS per site) 
E[P_neut(1)] = 0.009199
E[P_neut(2)] = 0.004368
E[P_neut(3)] = 0.002752
E[P_neut(4)] = 0.002031
E[P_neut(5)] = 0.001577
E[P_neut(6)] = 0.001290
E[P_neut(7)] = 0.001065
E[P_neut(8)] = 0.000941
E[P_neut(9)] = 0.000828
E[P_neut(10)] = 0.000780
E[P_neut(11)] = 0.000679
E[P_neut(12)] = 0.000628
E[P_neut(13)] = 0.000566
E[P_neut(14)] = 0.000534
E[P_neut(15)] = 0.000496
E[P_neut(16)] = 0.000446
E[P_neut(17)] = 0.000414
E[P_neut(18)] = 0.000409
E[P_neut(19)] = 0.000392

---- Expected P_sel(i), 0 < i < n (selected SFS per site) 
E[P_sel(1)] = 0.003543
E[P_sel(2)] = 0.001451
E[P_sel(3)] = 0.000854
E[P_sel(4)] = 0.000603
E[P_sel(5)] = 0.000454
E[P_sel(6)] = 0.000362
E[P_sel(7)] = 0.000293
E[P_sel(8)] = 0.000254
E[P_sel(9)] = 0.000220
E[P_sel(10)] = 0.000205
E[P_sel(11)] = 0.000176
E[P_sel(12)] = 0.000161
E[P_sel(13)] = 0.000144
E[P_sel(14)] = 0.000134
E[P_sel(15)] = 0.000124
E[P_sel(16)] = 0.000110
E[P_sel(17)] = 0.000102
E[P_sel(18)] = 0.000100
E[P_sel(19)] = 0.000095

---- Expected D_neut and D_sel (neutral and selected divergence per site) 
E[D_neut] = 0.005888
E[D_sel] = 0.001418

---- Expected neutral and selected misattributed polymorphism per site
E[mis_neut] = 0.005719
E[mis_sel] = 0.001378

---- alpha_div = 1.362155
---- alpha_dfe = 0.000000



