---- Performing inference on Ns200_pa_0.00025_boots/Ns200_pa_0.00025.86.polyDFE.txt using model B

---- Warning: mutation variability is not used when only one neutral and one selected fragment is available.
---- No mutation variability. Using Poisson likelihood.

---- Using provided initial values


-- Starting local optimization
 it       eps_an        eps_cont      theta_bar      S_d            b             p_b           S_b           r  2          r  3          r  4          r  5          r  6          r  7          r  8          r  9          r 10          r 11          r 12          r 13          r 14          r 15          r 16          r 17          r 18          r 19         ln lk             grad     status
  0      4.50e-06      9.00e-07       0.00100     -400.00000       0.40000       0.02000       4.00000       1.00000       1.00000       1.00000       1.00000       1.00000       1.00000       1.00000       1.00000       1.00000       1.00000       1.00000       1.00000       1.00000       1.00000       1.00000       1.00000       1.00000       1.00000  -205387.2031446617   1494.80237   -2
844      4.44e-06      9.00e-07       0.00892     -712.85142       0.20896       0.00085       0.24420       0.96463       0.95299       0.93596       0.93064       0.90881       0.86495       0.86203       0.87671       0.90963       0.89291       0.86742       0.85778       0.86281       0.88124       0.87354       0.84454       0.86550       0.90318  -195.2811503570      0.00068   -3
-- Local optimization: stuck in the same solution


---- Best joint likelihood found -195.28115 with gradient 0.00068
-- Model: B
--     eps_an        eps_cont      theta_bar     a        
--    4.44e-06      9.00e-07       0.00892       -1.00000  
--      S_d            b             p_b           S_b      
--   -712.85142       0.20896       0.00085       0.24420  
--     r  2          r  3          r  4          r  5          r  6          r  7          r  8          r  9          r 10          r 11          r 12          r 13          r 14          r 15          r 16          r 17          r 18          r 19     
--     0.96463       0.95299       0.93596       0.93064       0.90881       0.86495       0.86203       0.87671       0.90963       0.89291       0.86742       0.85778       0.86281       0.88124       0.87354       0.84454       0.86550       0.90318  

---- Expected P_neut(i), 0 < i < n (neutral SFS per site) 
E[P_neut(1)] = 0.008915
E[P_neut(2)] = 0.004300
E[P_neut(3)] = 0.002832
E[P_neut(4)] = 0.002086
E[P_neut(5)] = 0.001659
E[P_neut(6)] = 0.001350
E[P_neut(7)] = 0.001102
E[P_neut(8)] = 0.000961
E[P_neut(9)] = 0.000868
E[P_neut(10)] = 0.000811
E[P_neut(11)] = 0.000724
E[P_neut(12)] = 0.000644
E[P_neut(13)] = 0.000588
E[P_neut(14)] = 0.000549
E[P_neut(15)] = 0.000524
E[P_neut(16)] = 0.000487
E[P_neut(17)] = 0.000443
E[P_neut(18)] = 0.000429
E[P_neut(19)] = 0.000424

---- Expected P_sel(i), 0 < i < n (selected SFS per site) 
E[P_sel(1)] = 0.003606
E[P_sel(2)] = 0.001411
E[P_sel(3)] = 0.000843
E[P_sel(4)] = 0.000583
E[P_sel(5)] = 0.000443
E[P_sel(6)] = 0.000348
E[P_sel(7)] = 0.000276
E[P_sel(8)] = 0.000234
E[P_sel(9)] = 0.000207
E[P_sel(10)] = 0.000190
E[P_sel(11)] = 0.000167
E[P_sel(12)] = 0.000146
E[P_sel(13)] = 0.000132
E[P_sel(14)] = 0.000121
E[P_sel(15)] = 0.000114
E[P_sel(16)] = 0.000105
E[P_sel(17)] = 0.000095
E[P_sel(18)] = 0.000091
E[P_sel(19)] = 0.000089

---- Expected neutral and selected misattributed polymorphism per site
E[mis_neut] = 0.000446
E[mis_sel] = 0.000093

---- alpha_div = 0.314312
---- alpha_dfe = 0.004666



