---- Performing inference on Ns200_pa_0.00025_boots/Ns200_pa_0.00025.78.polyDFE.txt using model B

---- Warning: mutation variability is not used when only one neutral and one selected fragment is available.
---- No mutation variability. Using Poisson likelihood.

---- Using provided initial values


-- Starting local optimization
 it       eps_an        eps_cont      theta_bar      S_d            b             p_b           S_b           r  2          r  3          r  4          r  5          r  6          r  7          r  8          r  9          r 10          r 11          r 12          r 13          r 14          r 15          r 16          r 17          r 18          r 19         ln lk             grad     status
  0      4.50e-06      9.00e-07       0.00100     -400.00000       0.40000       0.02000       4.00000       1.00000       1.00000       1.00000       1.00000       1.00000       1.00000       1.00000       1.00000       1.00000       1.00000       1.00000       1.00000       1.00000       1.00000       1.00000       1.00000       1.00000       1.00000  -207791.3473385077   1507.38083   -2
409      4.50e-06      9.00e-07       0.00897     -723.38189       0.21268       0.00838       1.51010       0.98986       0.93582       0.93192       0.92633       0.88768       0.86071       0.87008       0.86388       0.88233       0.88494       0.87897       0.82879       0.86251       0.86603       0.83525       0.85280       0.89241       0.94485  -190.0407795692      0.00260   -3
-- Local optimization: stuck in the same solution


---- Best joint likelihood found -190.04078 with gradient 0.00260
-- Model: B
--     eps_an        eps_cont      theta_bar     a        
--    4.50e-06      9.00e-07       0.00897       -1.00000  
--      S_d            b             p_b           S_b      
--   -723.38189       0.21268       0.00838       1.51010  
--     r  2          r  3          r  4          r  5          r  6          r  7          r  8          r  9          r 10          r 11          r 12          r 13          r 14          r 15          r 16          r 17          r 18          r 19     
--     0.98986       0.93582       0.93192       0.92633       0.88768       0.86071       0.87008       0.86388       0.88233       0.88494       0.87897       0.82879       0.86251       0.86603       0.83525       0.85280       0.89241       0.94485  

---- Expected P_neut(i), 0 < i < n (neutral SFS per site) 
E[P_neut(1)] = 0.008974
E[P_neut(2)] = 0.004441
E[P_neut(3)] = 0.002799
E[P_neut(4)] = 0.002091
E[P_neut(5)] = 0.001663
E[P_neut(6)] = 0.001328
E[P_neut(7)] = 0.001103
E[P_neut(8)] = 0.000976
E[P_neut(9)] = 0.000861
E[P_neut(10)] = 0.000792
E[P_neut(11)] = 0.000722
E[P_neut(12)] = 0.000657
E[P_neut(13)] = 0.000572
E[P_neut(14)] = 0.000553
E[P_neut(15)] = 0.000518
E[P_neut(16)] = 0.000468
E[P_neut(17)] = 0.000450
E[P_neut(18)] = 0.000445
E[P_neut(19)] = 0.000446

---- Expected P_sel(i), 0 < i < n (selected SFS per site) 
E[P_sel(1)] = 0.003618
E[P_sel(2)] = 0.001455
E[P_sel(3)] = 0.000833
E[P_sel(4)] = 0.000585
E[P_sel(5)] = 0.000445
E[P_sel(6)] = 0.000344
E[P_sel(7)] = 0.000278
E[P_sel(8)] = 0.000240
E[P_sel(9)] = 0.000208
E[P_sel(10)] = 0.000188
E[P_sel(11)] = 0.000169
E[P_sel(12)] = 0.000152
E[P_sel(13)] = 0.000130
E[P_sel(14)] = 0.000125
E[P_sel(15)] = 0.000116
E[P_sel(16)] = 0.000104
E[P_sel(17)] = 0.000099
E[P_sel(18)] = 0.000097
E[P_sel(19)] = 0.000097

---- Expected neutral and selected misattributed polymorphism per site
E[mis_neut] = 0.000449
E[mis_sel] = 0.000097

---- alpha_div = 0.347995
---- alpha_dfe = 0.075784



