---- Performing inference on Ns200_pa_0.00025_boots/Ns200_pa_0.00025.76.polyDFE.txt using model B

---- Warning: mutation variability is not used when only one neutral and one selected fragment is available.
---- No mutation variability. Using Poisson likelihood.

---- Using provided initial values


-- Starting local optimization
 it       eps_an        lambda        theta_bar      S_d            b             r  2          r  3          r  4          r  5          r  6          r  7          r  8          r  9          r 10          r 11          r 12          r 13          r 14          r 15          r 16          r 17          r 18          r 19          r 20         ln lk             grad     status
  0      4.50e-06       0.00500       0.00100     -400.00000       0.40000       1.00000       1.00000       1.00000       1.00000       1.00000       1.00000       1.00000       1.00000       1.00000       1.00000       1.00000       1.00000       1.00000       1.00000       1.00000       1.00000       1.00000       1.00000       1.00000  -224915.4421097900   1708.35547   -2
646      4.43e-06       0.00005       0.00911    -2822.93442       0.15595       0.96794       0.92169       0.88613       0.87913       0.85023       0.82628       0.82734       0.82477       0.83299       0.82844       0.82222       0.77640       0.78579       0.85008       0.83061       0.79695       0.85423       0.83923      12.78887  -412.7240133927      0.00581   -3
-- Local optimization: stuck in the same solution


---- Best joint likelihood found -412.72401 with gradient 0.00581
-- Model: B
--     eps_an        eps_cont      lambda        theta_bar     a        
--    4.43e-06      0.00e+00       0.00005       0.00911       -1.00000  
--      S_d            b             p_b           S_b      
--  -2822.93442       0.15595      0.00e+00      0.00e+00  
--     r  2          r  3          r  4          r  5          r  6          r  7          r  8          r  9          r 10          r 11          r 12          r 13          r 14          r 15          r 16          r 17          r 18          r 19          r 20     
--     0.96794       0.92169       0.88613       0.87913       0.85023       0.82628       0.82734       0.82477       0.83299       0.82844       0.82222       0.77640       0.78579       0.85008       0.83061       0.79695       0.85423       0.83923      12.78887  

---- Expected P_neut(i), 0 < i < n (neutral SFS per site) 
E[P_neut(1)] = 0.009106
E[P_neut(2)] = 0.004407
E[P_neut(3)] = 0.002798
E[P_neut(4)] = 0.002017
E[P_neut(5)] = 0.001601
E[P_neut(6)] = 0.001290
E[P_neut(7)] = 0.001075
E[P_neut(8)] = 0.000942
E[P_neut(9)] = 0.000835
E[P_neut(10)] = 0.000759
E[P_neut(11)] = 0.000686
E[P_neut(12)] = 0.000624
E[P_neut(13)] = 0.000544
E[P_neut(14)] = 0.000511
E[P_neut(15)] = 0.000516
E[P_neut(16)] = 0.000473
E[P_neut(17)] = 0.000427
E[P_neut(18)] = 0.000432
E[P_neut(19)] = 0.000402

---- Expected P_sel(i), 0 < i < n (selected SFS per site) 
E[P_sel(1)] = 0.003570
E[P_sel(2)] = 0.001477
E[P_sel(3)] = 0.000872
E[P_sel(4)] = 0.000600
E[P_sel(5)] = 0.000460
E[P_sel(6)] = 0.000361
E[P_sel(7)] = 0.000294
E[P_sel(8)] = 0.000253
E[P_sel(9)] = 0.000221
E[P_sel(10)] = 0.000198
E[P_sel(11)] = 0.000177
E[P_sel(12)] = 0.000159
E[P_sel(13)] = 0.000137
E[P_sel(14)] = 0.000127
E[P_sel(15)] = 0.000128
E[P_sel(16)] = 0.000116
E[P_sel(17)] = 0.000104
E[P_sel(18)] = 0.000104
E[P_sel(19)] = 0.000096

---- Expected D_neut and D_sel (neutral and selected divergence per site) 
E[D_neut] = 0.005873
E[D_sel] = 0.001399

---- Expected neutral and selected misattributed polymorphism per site
E[mis_neut] = 0.005823
E[mis_sel] = 0.001387

---- alpha_div = 1.594280
---- alpha_dfe = 0.000000



