---- Performing inference on Ns200_pa_0.00025_boots/Ns200_pa_0.00025.68.polyDFE.txt using model B

---- Warning: mutation variability is not used when only one neutral and one selected fragment is available.
---- No mutation variability. Using Poisson likelihood.

---- Using provided initial values


-- Starting local optimization
 it       eps_an        eps_cont      theta_bar      S_d            b             p_b           S_b           r  2          r  3          r  4          r  5          r  6          r  7          r  8          r  9          r 10          r 11          r 12          r 13          r 14          r 15          r 16          r 17          r 18          r 19         ln lk             grad     status
  0      4.50e-06      9.00e-07       0.00100     -400.00000       0.40000       0.02000       4.00000       1.00000       1.00000       1.00000       1.00000       1.00000       1.00000       1.00000       1.00000       1.00000       1.00000       1.00000       1.00000       1.00000       1.00000       1.00000       1.00000       1.00000       1.00000  -207421.6911090395   1504.56206   -2
685      4.50e-06      9.00e-07       0.00901     -691.55758       0.21480       0.00392      12.67197       0.96294       0.96448       0.93978       0.92527       0.91312       0.85856       0.89142       0.87933       0.89797       0.89740       0.84514       0.84995       0.85354       0.85747       0.82435       0.81474       0.81975       0.85418  -192.4794949667      0.00956   -3
-- Local optimization: stuck in the same solution


---- Best joint likelihood found -192.47949 with gradient 0.00956
-- Model: B
--     eps_an        eps_cont      theta_bar     a        
--    4.50e-06      9.00e-07       0.00901       -1.00000  
--      S_d            b             p_b           S_b      
--   -691.55758       0.21480       0.00392      12.67197  
--     r  2          r  3          r  4          r  5          r  6          r  7          r  8          r  9          r 10          r 11          r 12          r 13          r 14          r 15          r 16          r 17          r 18          r 19     
--     0.96294       0.96448       0.93978       0.92527       0.91312       0.85856       0.89142       0.87933       0.89797       0.89740       0.84514       0.84995       0.85354       0.85747       0.82435       0.81474       0.81975       0.85418  

---- Expected P_neut(i), 0 < i < n (neutral SFS per site) 
E[P_neut(1)] = 0.009007
E[P_neut(2)] = 0.004337
E[P_neut(3)] = 0.002896
E[P_neut(4)] = 0.002116
E[P_neut(5)] = 0.001667
E[P_neut(6)] = 0.001371
E[P_neut(7)] = 0.001105
E[P_neut(8)] = 0.001004
E[P_neut(9)] = 0.000880
E[P_neut(10)] = 0.000809
E[P_neut(11)] = 0.000735
E[P_neut(12)] = 0.000634
E[P_neut(13)] = 0.000589
E[P_neut(14)] = 0.000549
E[P_neut(15)] = 0.000515
E[P_neut(16)] = 0.000464
E[P_neut(17)] = 0.000432
E[P_neut(18)] = 0.000410
E[P_neut(19)] = 0.000405

---- Expected P_sel(i), 0 < i < n (selected SFS per site) 
E[P_sel(1)] = 0.003616
E[P_sel(2)] = 0.001408
E[P_sel(3)] = 0.000851
E[P_sel(4)] = 0.000584
E[P_sel(5)] = 0.000440
E[P_sel(6)] = 0.000350
E[P_sel(7)] = 0.000274
E[P_sel(8)] = 0.000243
E[P_sel(9)] = 0.000209
E[P_sel(10)] = 0.000189
E[P_sel(11)] = 0.000170
E[P_sel(12)] = 0.000145
E[P_sel(13)] = 0.000133
E[P_sel(14)] = 0.000124
E[P_sel(15)] = 0.000116
E[P_sel(16)] = 0.000104
E[P_sel(17)] = 0.000098
E[P_sel(18)] = 0.000094
E[P_sel(19)] = 0.000094

---- Expected neutral and selected misattributed polymorphism per site
E[mis_neut] = 0.000450
E[mis_sel] = 0.000107

---- alpha_div = 0.319365
---- alpha_dfe = 0.200319



