---- Performing inference on Ns200_pa_0.00025_boots/Ns200_pa_0.00025.96.polyDFE.txt using model B

---- Warning: mutation variability is not used when only one neutral and one selected fragment is available.
---- No mutation variability. Using Poisson likelihood.

---- Using provided initial values


-- Starting local optimization
 it       eps_an        lambda        theta_bar      S_d            b             r  2          r  3          r  4          r  5          r  6          r  7          r  8          r  9          r 10          r 11          r 12          r 13          r 14          r 15          r 16          r 17          r 18          r 19          r 20         ln lk             grad     status
  0      4.50e-06       0.00500       0.00100     -400.00000       0.40000       1.00000       1.00000       1.00000       1.00000       1.00000       1.00000       1.00000       1.00000       1.00000       1.00000       1.00000       1.00000       1.00000       1.00000       1.00000       1.00000       1.00000       1.00000       1.00000  -224091.8828940990   1705.43170   -2
614      4.43e-06       0.00008       0.00907    -3232.21485       0.15255       0.95564       0.92255       0.89392       0.89100       0.84202       0.81469       0.85021       0.82234       0.86849       0.83717       0.83963       0.79870       0.81329       0.86028       0.79678       0.79313       0.82445       0.85666      12.72994  -390.0089899726      0.00145   -3
-- Local optimization: stuck in the same solution


---- Best joint likelihood found -390.00899 with gradient 0.00145
-- Model: B
--     eps_an        eps_cont      lambda        theta_bar     a        
--    4.43e-06      0.00e+00       0.00008       0.00907       -1.00000  
--      S_d            b             p_b           S_b      
--  -3232.21485       0.15255      0.00e+00      0.00e+00  
--     r  2          r  3          r  4          r  5          r  6          r  7          r  8          r  9          r 10          r 11          r 12          r 13          r 14          r 15          r 16          r 17          r 18          r 19          r 20     
--     0.95564       0.92255       0.89392       0.89100       0.84202       0.81469       0.85021       0.82234       0.86849       0.83717       0.83963       0.79870       0.81329       0.86028       0.79678       0.79313       0.82445       0.85666      12.72994  

---- Expected P_neut(i), 0 < i < n (neutral SFS per site) 
E[P_neut(1)] = 0.009069
E[P_neut(2)] = 0.004334
E[P_neut(3)] = 0.002789
E[P_neut(4)] = 0.002027
E[P_neut(5)] = 0.001616
E[P_neut(6)] = 0.001273
E[P_neut(7)] = 0.001056
E[P_neut(8)] = 0.000964
E[P_neut(9)] = 0.000829
E[P_neut(10)] = 0.000788
E[P_neut(11)] = 0.000690
E[P_neut(12)] = 0.000635
E[P_neut(13)] = 0.000557
E[P_neut(14)] = 0.000527
E[P_neut(15)] = 0.000520
E[P_neut(16)] = 0.000452
E[P_neut(17)] = 0.000423
E[P_neut(18)] = 0.000415
E[P_neut(19)] = 0.000409

---- Expected P_sel(i), 0 < i < n (selected SFS per site) 
E[P_sel(1)] = 0.003542
E[P_sel(2)] = 0.001452
E[P_sel(3)] = 0.000870
E[P_sel(4)] = 0.000604
E[P_sel(5)] = 0.000466
E[P_sel(6)] = 0.000358
E[P_sel(7)] = 0.000290
E[P_sel(8)] = 0.000260
E[P_sel(9)] = 0.000220
E[P_sel(10)] = 0.000207
E[P_sel(11)] = 0.000179
E[P_sel(12)] = 0.000162
E[P_sel(13)] = 0.000141
E[P_sel(14)] = 0.000132
E[P_sel(15)] = 0.000129
E[P_sel(16)] = 0.000111
E[P_sel(17)] = 0.000104
E[P_sel(18)] = 0.000101
E[P_sel(19)] = 0.000099

---- Expected D_neut and D_sel (neutral and selected divergence per site) 
E[D_neut] = 0.005849
E[D_sel] = 0.001403

---- Expected neutral and selected misattributed polymorphism per site
E[mis_neut] = 0.005773
E[mis_sel] = 0.001385

---- alpha_div = 1.526313
---- alpha_dfe = 0.000000



