---- Performing inference on Ns200_pa_0.00025_boots/Ns200_pa_0.00025.80.polyDFE.txt using model B

---- Warning: mutation variability is not used when only one neutral and one selected fragment is available.
---- No mutation variability. Using Poisson likelihood.

---- Using provided initial values


-- Starting local optimization
 it       eps_an        eps_cont      theta_bar      S_d            b             p_b           S_b           r  2          r  3          r  4          r  5          r  6          r  7          r  8          r  9          r 10          r 11          r 12          r 13          r 14          r 15          r 16          r 17          r 18          r 19         ln lk             grad     status
  0      4.50e-06      9.00e-07       0.00100     -400.00000       0.40000       0.02000       4.00000       1.00000       1.00000       1.00000       1.00000       1.00000       1.00000       1.00000       1.00000       1.00000       1.00000       1.00000       1.00000       1.00000       1.00000       1.00000       1.00000       1.00000       1.00000  -208438.1558304090   1509.65000   -2
265      4.50e-06      9.00e-07       0.00897     -607.90423       0.22332       0.00968       1.77218       0.97697       0.95031       0.95460       0.91595       0.89362       0.87993       0.86979       0.90990       0.88381       0.89552       0.87372       0.85958       0.86963       0.91865       0.85468       0.86983       0.86335       0.89469  -196.8278240485      0.00886   -3
-- Local optimization: stuck in the same solution


---- Best joint likelihood found -196.82782 with gradient 0.00886
-- Model: B
--     eps_an        eps_cont      theta_bar     a        
--    4.50e-06      9.00e-07       0.00897       -1.00000  
--      S_d            b             p_b           S_b      
--   -607.90423       0.22332       0.00968       1.77218  
--     r  2          r  3          r  4          r  5          r  6          r  7          r  8          r  9          r 10          r 11          r 12          r 13          r 14          r 15          r 16          r 17          r 18          r 19     
--     0.97697       0.95031       0.95460       0.91595       0.89362       0.87993       0.86979       0.90990       0.88381       0.89552       0.87372       0.85958       0.86963       0.91865       0.85468       0.86983       0.86335       0.89469  

---- Expected P_neut(i), 0 < i < n (neutral SFS per site) 
E[P_neut(1)] = 0.008974
E[P_neut(2)] = 0.004384
E[P_neut(3)] = 0.002843
E[P_neut(4)] = 0.002142
E[P_neut(5)] = 0.001644
E[P_neut(6)] = 0.001337
E[P_neut(7)] = 0.001128
E[P_neut(8)] = 0.000976
E[P_neut(9)] = 0.000907
E[P_neut(10)] = 0.000793
E[P_neut(11)] = 0.000731
E[P_neut(12)] = 0.000653
E[P_neut(13)] = 0.000593
E[P_neut(14)] = 0.000557
E[P_neut(15)] = 0.000550
E[P_neut(16)] = 0.000479
E[P_neut(17)] = 0.000459
E[P_neut(18)] = 0.000430
E[P_neut(19)] = 0.000423

---- Expected P_sel(i), 0 < i < n (selected SFS per site) 
E[P_sel(1)] = 0.003637
E[P_sel(2)] = 0.001431
E[P_sel(3)] = 0.000839
E[P_sel(4)] = 0.000593
E[P_sel(5)] = 0.000435
E[P_sel(6)] = 0.000341
E[P_sel(7)] = 0.000280
E[P_sel(8)] = 0.000237
E[P_sel(9)] = 0.000216
E[P_sel(10)] = 0.000185
E[P_sel(11)] = 0.000168
E[P_sel(12)] = 0.000148
E[P_sel(13)] = 0.000133
E[P_sel(14)] = 0.000124
E[P_sel(15)] = 0.000121
E[P_sel(16)] = 0.000105
E[P_sel(17)] = 0.000100
E[P_sel(18)] = 0.000093
E[P_sel(19)] = 0.000091

---- Expected neutral and selected misattributed polymorphism per site
E[mis_neut] = 0.000449
E[mis_sel] = 0.000096

---- alpha_div = 0.367195
---- alpha_dfe = 0.097263



