---- Performing inference on Ns200_pa_0.00025_boots/Ns200_pa_0.00025.19.polyDFE.txt using model B

---- Warning: mutation variability is not used when only one neutral and one selected fragment is available.
---- No mutation variability. Using Poisson likelihood.

---- Using provided initial values


-- Starting local optimization
 it       eps_an        eps_cont      lambda        theta_bar      S_d            b             p_b           S_b           r  2          r  3          r  4          r  5          r  6          r  7          r  8          r  9          r 10          r 11          r 12          r 13          r 14          r 15          r 16          r 17          r 18          r 19          r 20         ln lk             grad     status
  0      4.50e-06      9.00e-07       0.00500       0.00100     -400.00000       0.40000       0.02000       4.00000       1.00000       1.00000       1.00000       1.00000       1.00000       1.00000       1.00000       1.00000       1.00000       1.00000       1.00000       1.00000       1.00000       1.00000       1.00000       1.00000       1.00000       1.00000       1.00000  -210508.6955628120   1542.38309   -2
 97      4.49e-06      9.00e-07       0.00505       0.00903     -709.77594       0.21296       0.00240      37.41969       0.98656       0.95610       0.94002       0.90967       0.89193       0.85659       0.88435       0.87178       0.86429       0.86079       0.87737       0.89017       0.84372       0.90582       0.88841       0.82116       0.82175       0.84785       0.87974  -207.3631005177      0.39555   -3
-- Local optimization: stuck in the same solution


---- Best joint likelihood found -207.36310 with gradient 0.39555
-- Model: B
--     eps_an        eps_cont      lambda        theta_bar     a        
--    4.49e-06      9.00e-07       0.00505       0.00903       -1.00000  
--      S_d            b             p_b           S_b      
--   -709.77594       0.21296       0.00240      37.41969  
--     r  2          r  3          r  4          r  5          r  6          r  7          r  8          r  9          r 10          r 11          r 12          r 13          r 14          r 15          r 16          r 17          r 18          r 19          r 20     
--     0.98656       0.95610       0.94002       0.90967       0.89193       0.85659       0.88435       0.87178       0.86429       0.86079       0.87737       0.89017       0.84372       0.90582       0.88841       0.82116       0.82175       0.84785       0.87974  

---- Expected P_neut(i), 0 < i < n (neutral SFS per site) 
E[P_neut(1)] = 0.009028
E[P_neut(2)] = 0.004453
E[P_neut(3)] = 0.002877
E[P_neut(4)] = 0.002122
E[P_neut(5)] = 0.001642
E[P_neut(6)] = 0.001342
E[P_neut(7)] = 0.001105
E[P_neut(8)] = 0.000998
E[P_neut(9)] = 0.000874
E[P_neut(10)] = 0.000780
E[P_neut(11)] = 0.000706
E[P_neut(12)] = 0.000660
E[P_neut(13)] = 0.000618
E[P_neut(14)] = 0.000544
E[P_neut(15)] = 0.000545
E[P_neut(16)] = 0.000501
E[P_neut(17)] = 0.000436
E[P_neut(18)] = 0.000412
E[P_neut(19)] = 0.000403

---- Expected P_sel(i), 0 < i < n (selected SFS per site) 
E[P_sel(1)] = 0.003617
E[P_sel(2)] = 0.001444
E[P_sel(3)] = 0.000845
E[P_sel(4)] = 0.000585
E[P_sel(5)] = 0.000433
E[P_sel(6)] = 0.000341
E[P_sel(7)] = 0.000273
E[P_sel(8)] = 0.000241
E[P_sel(9)] = 0.000207
E[P_sel(10)] = 0.000182
E[P_sel(11)] = 0.000162
E[P_sel(12)] = 0.000149
E[P_sel(13)] = 0.000139
E[P_sel(14)] = 0.000121
E[P_sel(15)] = 0.000121
E[P_sel(16)] = 0.000111
E[P_sel(17)] = 0.000097
E[P_sel(18)] = 0.000093
E[P_sel(19)] = 0.000095

---- Expected D_neut and D_sel (neutral and selected divergence per site) 
E[D_neut] = 0.005451
E[D_sel] = 0.001563

---- Expected neutral and selected misattributed polymorphism per site
E[mis_neut] = 0.000397
E[mis_sel] = 0.000100

---- alpha_div = 0.315921
---- alpha_dfe = 0.309952



