---- Performing inference on Ns200_pa_0.00025_boots/Ns200_pa_0.00025.68.polyDFE.txt using model B

---- Warning: mutation variability is not used when only one neutral and one selected fragment is available.
---- No mutation variability. Using Poisson likelihood.

---- Using provided initial values


-- Starting local optimization
 it       eps_an        lambda        theta_bar      S_d            b             r  2          r  3          r  4          r  5          r  6          r  7          r  8          r  9          r 10          r 11          r 12          r 13          r 14          r 15          r 16          r 17          r 18          r 19          r 20         ln lk             grad     status
  0      4.50e-06       0.00500       0.00100     -400.00000       0.40000       1.00000       1.00000       1.00000       1.00000       1.00000       1.00000       1.00000       1.00000       1.00000       1.00000       1.00000       1.00000       1.00000       1.00000       1.00000       1.00000       1.00000       1.00000       1.00000  -224026.5626709712   1703.50406   -2
688      4.41e-06       0.00007       0.00920    -3893.56445       0.14952       0.93207       0.92103       0.89063       0.87256       0.85812       0.80485       0.83422       0.82203       0.83891       0.83825       0.78976       0.79502       0.79982       0.80554       0.77737       0.77230       0.78257       0.82354      12.70944  -383.1793168078      0.00248   -6
-- Local optimization: reached maximum running time allowed


---- Best joint likelihood found -383.17932 with gradient 0.00248
-- Model: B
--     eps_an        eps_cont      lambda        theta_bar     a        
--    4.41e-06      0.00e+00       0.00007       0.00920       -1.00000  
--      S_d            b             p_b           S_b      
--  -3893.56445       0.14952      0.00e+00      0.00e+00  
--     r  2          r  3          r  4          r  5          r  6          r  7          r  8          r  9          r 10          r 11          r 12          r 13          r 14          r 15          r 16          r 17          r 18          r 19          r 20     
--     0.93207       0.92103       0.89063       0.87256       0.85812       0.80485       0.83422       0.82203       0.83891       0.83825       0.78976       0.79502       0.79982       0.80554       0.77737       0.77230       0.78257       0.82354      12.70944  

---- Expected P_neut(i), 0 < i < n (neutral SFS per site) 
E[P_neut(1)] = 0.009203
E[P_neut(2)] = 0.004289
E[P_neut(3)] = 0.002825
E[P_neut(4)] = 0.002049
E[P_neut(5)] = 0.001606
E[P_neut(6)] = 0.001316
E[P_neut(7)] = 0.001058
E[P_neut(8)] = 0.000960
E[P_neut(9)] = 0.000841
E[P_neut(10)] = 0.000772
E[P_neut(11)] = 0.000701
E[P_neut(12)] = 0.000606
E[P_neut(13)] = 0.000563
E[P_neut(14)] = 0.000526
E[P_neut(15)] = 0.000494
E[P_neut(16)] = 0.000447
E[P_neut(17)] = 0.000418
E[P_neut(18)] = 0.000400
E[P_neut(19)] = 0.000399

---- Expected P_sel(i), 0 < i < n (selected SFS per site) 
E[P_sel(1)] = 0.003551
E[P_sel(2)] = 0.001424
E[P_sel(3)] = 0.000875
E[P_sel(4)] = 0.000607
E[P_sel(5)] = 0.000460
E[P_sel(6)] = 0.000368
E[P_sel(7)] = 0.000290
E[P_sel(8)] = 0.000258
E[P_sel(9)] = 0.000222
E[P_sel(10)] = 0.000202
E[P_sel(11)] = 0.000181
E[P_sel(12)] = 0.000155
E[P_sel(13)] = 0.000142
E[P_sel(14)] = 0.000132
E[P_sel(15)] = 0.000123
E[P_sel(16)] = 0.000110
E[P_sel(17)] = 0.000102
E[P_sel(18)] = 0.000097
E[P_sel(19)] = 0.000096

---- Expected D_neut and D_sel (neutral and selected divergence per site) 
E[D_neut] = 0.005917
E[D_sel] = 0.001416

---- Expected neutral and selected misattributed polymorphism per site
E[mis_neut] = 0.005848
E[mis_sel] = 0.001400

---- alpha_div = 1.546284
---- alpha_dfe = 0.000000



