---- Performing inference on Ns200_pa_0.00025_boots/Ns200_pa_0.00025.63.polyDFE.txt using model B

---- Warning: mutation variability is not used when only one neutral and one selected fragment is available.
---- No mutation variability. Using Poisson likelihood.

---- Using provided initial values


-- Starting local optimization
 it       eps_an        eps_cont      theta_bar      S_d            b             p_b           S_b           r  2          r  3          r  4          r  5          r  6          r  7          r  8          r  9          r 10          r 11          r 12          r 13          r 14          r 15          r 16          r 17          r 18          r 19         ln lk             grad     status
  0      4.50e-06      9.00e-07       0.00100     -400.00000       0.40000       0.02000       4.00000       1.00000       1.00000       1.00000       1.00000       1.00000       1.00000       1.00000       1.00000       1.00000       1.00000       1.00000       1.00000       1.00000       1.00000       1.00000       1.00000       1.00000       1.00000  -207867.3465595386   1506.09665   -2
800      4.49e-06      9.00e-07       0.00905     -784.01820       0.20889       0.00212      16.80382       0.97466       0.95402       0.93909       0.92251       0.90489       0.85979       0.88218       0.86990       0.86105       0.85330       0.85989       0.86067       0.85879       0.88890       0.81749       0.84183       0.83321       0.90051  -197.7016156488      0.00051   -3
-- Local optimization: stuck in the same solution


---- Best joint likelihood found -197.70162 with gradient 0.00051
-- Model: B
--     eps_an        eps_cont      theta_bar     a        
--    4.49e-06      9.00e-07       0.00905       -1.00000  
--      S_d            b             p_b           S_b      
--   -784.01820       0.20889       0.00212      16.80382  
--     r  2          r  3          r  4          r  5          r  6          r  7          r  8          r  9          r 10          r 11          r 12          r 13          r 14          r 15          r 16          r 17          r 18          r 19     
--     0.97466       0.95402       0.93909       0.92251       0.90489       0.85979       0.88218       0.86990       0.86105       0.85330       0.85989       0.86067       0.85879       0.88890       0.81749       0.84183       0.83321       0.90051  

---- Expected P_neut(i), 0 < i < n (neutral SFS per site) 
E[P_neut(1)] = 0.009054
E[P_neut(2)] = 0.004412
E[P_neut(3)] = 0.002879
E[P_neut(4)] = 0.002126
E[P_neut(5)] = 0.001670
E[P_neut(6)] = 0.001366
E[P_neut(7)] = 0.001112
E[P_neut(8)] = 0.000998
E[P_neut(9)] = 0.000875
E[P_neut(10)] = 0.000780
E[P_neut(11)] = 0.000702
E[P_neut(12)] = 0.000649
E[P_neut(13)] = 0.000599
E[P_neut(14)] = 0.000555
E[P_neut(15)] = 0.000537
E[P_neut(16)] = 0.000463
E[P_neut(17)] = 0.000448
E[P_neut(18)] = 0.000419
E[P_neut(19)] = 0.000429

---- Expected P_sel(i), 0 < i < n (selected SFS per site) 
E[P_sel(1)] = 0.003602
E[P_sel(2)] = 0.001425
E[P_sel(3)] = 0.000844
E[P_sel(4)] = 0.000586
E[P_sel(5)] = 0.000440
E[P_sel(6)] = 0.000347
E[P_sel(7)] = 0.000275
E[P_sel(8)] = 0.000241
E[P_sel(9)] = 0.000207
E[P_sel(10)] = 0.000182
E[P_sel(11)] = 0.000161
E[P_sel(12)] = 0.000147
E[P_sel(13)] = 0.000134
E[P_sel(14)] = 0.000124
E[P_sel(15)] = 0.000119
E[P_sel(16)] = 0.000102
E[P_sel(17)] = 0.000099
E[P_sel(18)] = 0.000093
E[P_sel(19)] = 0.000096

---- Expected neutral and selected misattributed polymorphism per site
E[mis_neut] = 0.000453
E[mis_sel] = 0.000104

---- alpha_div = 0.326151
---- alpha_dfe = 0.150675



