---- Performing inference on Ns200_pa_0.00025_boots/Ns200_pa_0.00025.35.polyDFE.txt using model B

---- Warning: mutation variability is not used when only one neutral and one selected fragment is available.
---- No mutation variability. Using Poisson likelihood.

---- Using provided initial values


-- Starting local optimization
 it       eps_an        theta_bar      S_d            b             r  2          r  3          r  4          r  5          r  6          r  7          r  8          r  9          r 10          r 11          r 12          r 13          r 14          r 15          r 16          r 17          r 18          r 19         ln lk             grad     status
  0      4.50e-06       0.00100     -400.00000       0.40000       1.00000       1.00000       1.00000       1.00000       1.00000       1.00000       1.00000       1.00000       1.00000       1.00000       1.00000       1.00000       1.00000       1.00000       1.00000       1.00000       1.00000       1.00000  -217471.2463389176   1593.34252   -2
165      4.50e-06       0.00912    -1041.60050       0.19346       0.97652       0.92179       0.92210       0.89563       0.88516       0.84495       0.82750       0.84864       0.87502       0.85026       0.84357       0.82842       0.86062       0.86832       0.84565       0.80790       0.89820       0.87830  -192.4719779928      0.00068   -3
-- Local optimization: stuck in the same solution


---- Best joint likelihood found -192.47198 with gradient 0.00068
-- Model: B
--     eps_an        eps_cont      theta_bar     a        
--    4.50e-06      0.00e+00       0.00912       -1.00000  
--      S_d            b             p_b           S_b      
--  -1041.60050       0.19346      0.00e+00      0.00e+00  
--     r  2          r  3          r  4          r  5          r  6          r  7          r  8          r  9          r 10          r 11          r 12          r 13          r 14          r 15          r 16          r 17          r 18          r 19     
--     0.97652       0.92179       0.92210       0.89563       0.88516       0.84495       0.82750       0.84864       0.87502       0.85026       0.84357       0.82842       0.86062       0.86832       0.84565       0.80790       0.89820       0.87830  

---- Expected P_neut(i), 0 < i < n (neutral SFS per site) 
E[P_neut(1)] = 0.009123
E[P_neut(2)] = 0.004454
E[P_neut(3)] = 0.002803
E[P_neut(4)] = 0.002103
E[P_neut(5)] = 0.001634
E[P_neut(6)] = 0.001346
E[P_neut(7)] = 0.001101
E[P_neut(8)] = 0.000944
E[P_neut(9)] = 0.000860
E[P_neut(10)] = 0.000798
E[P_neut(11)] = 0.000705
E[P_neut(12)] = 0.000641
E[P_neut(13)] = 0.000581
E[P_neut(14)] = 0.000561
E[P_neut(15)] = 0.000528
E[P_neut(16)] = 0.000482
E[P_neut(17)] = 0.000434
E[P_neut(18)] = 0.000455
E[P_neut(19)] = 0.000422

---- Expected P_sel(i), 0 < i < n (selected SFS per site) 
E[P_sel(1)] = 0.003612
E[P_sel(2)] = 0.001452
E[P_sel(3)] = 0.000834
E[P_sel(4)] = 0.000590
E[P_sel(5)] = 0.000440
E[P_sel(6)] = 0.000350
E[P_sel(7)] = 0.000279
E[P_sel(8)] = 0.000234
E[P_sel(9)] = 0.000209
E[P_sel(10)] = 0.000190
E[P_sel(11)] = 0.000165
E[P_sel(12)] = 0.000148
E[P_sel(13)] = 0.000133
E[P_sel(14)] = 0.000127
E[P_sel(15)] = 0.000118
E[P_sel(16)] = 0.000106
E[P_sel(17)] = 0.000095
E[P_sel(18)] = 0.000099
E[P_sel(19)] = 0.000091

---- Expected neutral and selected misattributed polymorphism per site
E[mis_neut] = 0.000456
E[mis_sel] = 0.000097

---- alpha_div = 0.285474
---- alpha_dfe = 0.000000



