---- Performing inference on Ns200_pa_0.00025_boots/Ns200_pa_0.00025.67.polyDFE.txt using model B

---- Warning: mutation variability is not used when only one neutral and one selected fragment is available.
---- No mutation variability. Using Poisson likelihood.

---- Using provided initial values


-- Starting local optimization
 it       eps_an        lambda        theta_bar      S_d            b             r  2          r  3          r  4          r  5          r  6          r  7          r  8          r  9          r 10          r 11          r 12          r 13          r 14          r 15          r 16          r 17          r 18          r 19          r 20         ln lk             grad     status
  0      4.50e-06       0.00500       0.00100     -400.00000       0.40000       1.00000       1.00000       1.00000       1.00000       1.00000       1.00000       1.00000       1.00000       1.00000       1.00000       1.00000       1.00000       1.00000       1.00000       1.00000       1.00000       1.00000       1.00000       1.00000  -226242.0960646081   1712.85109   -2
502      4.29e-06       0.00004       0.00935    -4521.67632       0.14728       0.92833       0.88886       0.88316       0.87894       0.82558       0.80722       0.82515       0.79679       0.78735       0.81173       0.77334       0.80800       0.81662       0.84777       0.76721       0.82146       0.81456       0.88294      12.63975  -428.5776527250      0.02707   -3
-- Local optimization: stuck in the same solution


---- Best joint likelihood found -428.57765 with gradient 0.02707
-- Model: B
--     eps_an        eps_cont      lambda        theta_bar     a        
--    4.29e-06      0.00e+00       0.00004       0.00935       -1.00000  
--      S_d            b             p_b           S_b      
--  -4521.67632       0.14728      0.00e+00      0.00e+00  
--     r  2          r  3          r  4          r  5          r  6          r  7          r  8          r  9          r 10          r 11          r 12          r 13          r 14          r 15          r 16          r 17          r 18          r 19          r 20     
--     0.92833       0.88886       0.88316       0.87894       0.82558       0.80722       0.82515       0.79679       0.78735       0.81173       0.77334       0.80800       0.81662       0.84777       0.76721       0.82146       0.81456       0.88294      12.63975  

---- Expected P_neut(i), 0 < i < n (neutral SFS per site) 
E[P_neut(1)] = 0.009351
E[P_neut(2)] = 0.004340
E[P_neut(3)] = 0.002770
E[P_neut(4)] = 0.002065
E[P_neut(5)] = 0.001644
E[P_neut(6)] = 0.001287
E[P_neut(7)] = 0.001078
E[P_neut(8)] = 0.000964
E[P_neut(9)] = 0.000828
E[P_neut(10)] = 0.000736
E[P_neut(11)] = 0.000690
E[P_neut(12)] = 0.000603
E[P_neut(13)] = 0.000581
E[P_neut(14)] = 0.000545
E[P_neut(15)] = 0.000528
E[P_neut(16)] = 0.000448
E[P_neut(17)] = 0.000452
E[P_neut(18)] = 0.000423
E[P_neut(19)] = 0.000435

---- Expected P_sel(i), 0 < i < n (selected SFS per site) 
E[P_sel(1)] = 0.003571
E[P_sel(2)] = 0.001430
E[P_sel(3)] = 0.000852
E[P_sel(4)] = 0.000608
E[P_sel(5)] = 0.000469
E[P_sel(6)] = 0.000358
E[P_sel(7)] = 0.000294
E[P_sel(8)] = 0.000258
E[P_sel(9)] = 0.000218
E[P_sel(10)] = 0.000191
E[P_sel(11)] = 0.000177
E[P_sel(12)] = 0.000153
E[P_sel(13)] = 0.000146
E[P_sel(14)] = 0.000136
E[P_sel(15)] = 0.000131
E[P_sel(16)] = 0.000110
E[P_sel(17)] = 0.000110
E[P_sel(18)] = 0.000102
E[P_sel(19)] = 0.000104

---- Expected D_neut and D_sel (neutral and selected divergence per site) 
E[D_neut] = 0.005946
E[D_sel] = 0.001419

---- Expected neutral and selected misattributed polymorphism per site
E[mis_neut] = 0.005910
E[mis_sel] = 0.001410

---- alpha_div = 1.628454
---- alpha_dfe = 0.000000



