---- Performing inference on Ns200_pa_0.00025_boots/Ns200_pa_0.00025.58.polyDFE.txt using model B

---- Warning: mutation variability is not used when only one neutral and one selected fragment is available.
---- No mutation variability. Using Poisson likelihood.

---- Using provided initial values


-- Starting local optimization
 it       eps_an        theta_bar      S_d            b             r  2          r  3          r  4          r  5          r  6          r  7          r  8          r  9          r 10          r 11          r 12          r 13          r 14          r 15          r 16          r 17          r 18          r 19         ln lk             grad     status
  0      4.50e-06       0.00100     -400.00000       0.40000       1.00000       1.00000       1.00000       1.00000       1.00000       1.00000       1.00000       1.00000       1.00000       1.00000       1.00000       1.00000       1.00000       1.00000       1.00000       1.00000       1.00000       1.00000  -216550.6049302235   1589.39080   -2
128      4.50e-06       0.00889     -688.34006       0.20985       0.98678       0.95871       0.92495       0.92561       0.91548       0.85761       0.88608       0.92739       0.90125       0.90675       0.87975       0.86749       0.88830       0.92857       0.83532       0.87253       0.89716       0.94879  -193.6338467120      0.00107   -3
-- Local optimization: stuck in the same solution


---- Best joint likelihood found -193.63385 with gradient 0.00107
-- Model: B
--     eps_an        eps_cont      theta_bar     a        
--    4.50e-06      0.00e+00       0.00889       -1.00000  
--      S_d            b             p_b           S_b      
--   -688.34006       0.20985      0.00e+00      0.00e+00  
--     r  2          r  3          r  4          r  5          r  6          r  7          r  8          r  9          r 10          r 11          r 12          r 13          r 14          r 15          r 16          r 17          r 18          r 19     
--     0.98678       0.95871       0.92495       0.92561       0.91548       0.85761       0.88608       0.92739       0.90125       0.90675       0.87975       0.86749       0.88830       0.92857       0.83532       0.87253       0.89716       0.94879  

---- Expected P_neut(i), 0 < i < n (neutral SFS per site) 
E[P_neut(1)] = 0.008892
E[P_neut(2)] = 0.004387
E[P_neut(3)] = 0.002842
E[P_neut(4)] = 0.002056
E[P_neut(5)] = 0.001646
E[P_neut(6)] = 0.001357
E[P_neut(7)] = 0.001089
E[P_neut(8)] = 0.000985
E[P_neut(9)] = 0.000916
E[P_neut(10)] = 0.000801
E[P_neut(11)] = 0.000733
E[P_neut(12)] = 0.000652
E[P_neut(13)] = 0.000593
E[P_neut(14)] = 0.000564
E[P_neut(15)] = 0.000550
E[P_neut(16)] = 0.000464
E[P_neut(17)] = 0.000456
E[P_neut(18)] = 0.000443
E[P_neut(19)] = 0.000444

---- Expected P_sel(i), 0 < i < n (selected SFS per site) 
E[P_sel(1)] = 0.003607
E[P_sel(2)] = 0.001442
E[P_sel(3)] = 0.000846
E[P_sel(4)] = 0.000575
E[P_sel(5)] = 0.000440
E[P_sel(6)] = 0.000349
E[P_sel(7)] = 0.000272
E[P_sel(8)] = 0.000240
E[P_sel(9)] = 0.000219
E[P_sel(10)] = 0.000188
E[P_sel(11)] = 0.000169
E[P_sel(12)] = 0.000148
E[P_sel(13)] = 0.000133
E[P_sel(14)] = 0.000124
E[P_sel(15)] = 0.000120
E[P_sel(16)] = 0.000100
E[P_sel(17)] = 0.000097
E[P_sel(18)] = 0.000094
E[P_sel(19)] = 0.000093

---- Expected neutral and selected misattributed polymorphism per site
E[mis_neut] = 0.000445
E[mis_sel] = 0.000092

---- alpha_div = 0.322113
---- alpha_dfe = 0.000000



