---- Performing inference on Ns200_pa_0.00025_boots/Ns200_pa_0.00025.82.polyDFE.txt using model B

---- Warning: mutation variability is not used when only one neutral and one selected fragment is available.
---- No mutation variability. Using Poisson likelihood.

---- Using provided initial values


-- Starting local optimization
 it       eps_an        eps_cont      lambda        theta_bar      S_d            b             p_b           S_b           r  2          r  3          r  4          r  5          r  6          r  7          r  8          r  9          r 10          r 11          r 12          r 13          r 14          r 15          r 16          r 17          r 18          r 19          r 20         ln lk             grad     status
  0      4.50e-06      9.00e-07       0.00500       0.00100     -400.00000       0.40000       0.02000       4.00000       1.00000       1.00000       1.00000       1.00000       1.00000       1.00000       1.00000       1.00000       1.00000       1.00000       1.00000       1.00000       1.00000       1.00000       1.00000       1.00000       1.00000       1.00000       1.00000  -208206.7185848071   1532.26391   -2
177      4.50e-06      9.00e-07       0.00504       0.00900     -711.50472       0.21127       0.00253      37.42856       0.96170       0.94676       0.93639       0.91682       0.90192       0.84877       0.90065       0.86932       0.84647       0.86463       0.86182       0.85517       0.86077       0.86479       0.81906       0.79660       0.81934       0.81224       0.89179  -202.8527098438      0.02781   -3
-- Local optimization: stuck in the same solution


---- Best joint likelihood found -202.85271 with gradient 0.02781
-- Model: B
--     eps_an        eps_cont      lambda        theta_bar     a        
--    4.50e-06      9.00e-07       0.00504       0.00900       -1.00000  
--      S_d            b             p_b           S_b      
--   -711.50472       0.21127       0.00253      37.42856  
--     r  2          r  3          r  4          r  5          r  6          r  7          r  8          r  9          r 10          r 11          r 12          r 13          r 14          r 15          r 16          r 17          r 18          r 19          r 20     
--     0.96170       0.94676       0.93639       0.91682       0.90192       0.84877       0.90065       0.86932       0.84647       0.86463       0.86182       0.85517       0.86077       0.86479       0.81906       0.79660       0.81934       0.81224       0.89179  

---- Expected P_neut(i), 0 < i < n (neutral SFS per site) 
E[P_neut(1)] = 0.008996
E[P_neut(2)] = 0.004326
E[P_neut(3)] = 0.002839
E[P_neut(4)] = 0.002106
E[P_neut(5)] = 0.001650
E[P_neut(6)] = 0.001352
E[P_neut(7)] = 0.001091
E[P_neut(8)] = 0.001013
E[P_neut(9)] = 0.000869
E[P_neut(10)] = 0.000761
E[P_neut(11)] = 0.000707
E[P_neut(12)] = 0.000646
E[P_neut(13)] = 0.000592
E[P_neut(14)] = 0.000553
E[P_neut(15)] = 0.000519
E[P_neut(16)] = 0.000461
E[P_neut(17)] = 0.000422
E[P_neut(18)] = 0.000410
E[P_neut(19)] = 0.000385

---- Expected P_sel(i), 0 < i < n (selected SFS per site) 
E[P_sel(1)] = 0.003623
E[P_sel(2)] = 0.001412
E[P_sel(3)] = 0.000840
E[P_sel(4)] = 0.000586
E[P_sel(5)] = 0.000439
E[P_sel(6)] = 0.000347
E[P_sel(7)] = 0.000272
E[P_sel(8)] = 0.000247
E[P_sel(9)] = 0.000208
E[P_sel(10)] = 0.000179
E[P_sel(11)] = 0.000164
E[P_sel(12)] = 0.000148
E[P_sel(13)] = 0.000134
E[P_sel(14)] = 0.000124
E[P_sel(15)] = 0.000116
E[P_sel(16)] = 0.000103
E[P_sel(17)] = 0.000095
E[P_sel(18)] = 0.000094
E[P_sel(19)] = 0.000092

---- Expected D_neut and D_sel (neutral and selected divergence per site) 
E[D_neut] = 0.005443
E[D_sel] = 0.001598

---- Expected neutral and selected misattributed polymorphism per site
E[mis_neut] = 0.000401
E[mis_sel] = 0.000103

---- alpha_div = 0.319901
---- alpha_dfe = 0.319245



