---- Performing inference on Ns200_pa_0.00025_boots/Ns200_pa_0.00025.99.polyDFE.txt using model B

---- Warning: mutation variability is not used when only one neutral and one selected fragment is available.
---- No mutation variability. Using Poisson likelihood.

---- Using provided initial values


-- Starting local optimization
 it       eps_an        theta_bar      S_d            b             r  2          r  3          r  4          r  5          r  6          r  7          r  8          r  9          r 10          r 11          r 12          r 13          r 14          r 15          r 16          r 17          r 18          r 19         ln lk             grad     status
  0      4.50e-06       0.00100     -400.00000       0.40000       1.00000       1.00000       1.00000       1.00000       1.00000       1.00000       1.00000       1.00000       1.00000       1.00000       1.00000       1.00000       1.00000       1.00000       1.00000       1.00000       1.00000       1.00000  -215326.9844337729   1581.75806   -2
123      4.50e-06       0.00900     -905.21180       0.20022       0.97658       0.94422       0.93224       0.92087       0.91359       0.83652       0.88262       0.87067       0.89704       0.90587       0.86009       0.82152       0.85624       0.85483       0.87131       0.81497       0.90662       0.89764  -200.8127369562      0.00057   -3
-- Local optimization: stuck in the same solution


---- Best joint likelihood found -200.81274 with gradient 0.00057
-- Model: B
--     eps_an        eps_cont      theta_bar     a        
--    4.50e-06      0.00e+00       0.00900       -1.00000  
--      S_d            b             p_b           S_b      
--   -905.21180       0.20022      0.00e+00      0.00e+00  
--     r  2          r  3          r  4          r  5          r  6          r  7          r  8          r  9          r 10          r 11          r 12          r 13          r 14          r 15          r 16          r 17          r 18          r 19     
--     0.97658       0.94422       0.93224       0.92087       0.91359       0.83652       0.88262       0.87067       0.89704       0.90587       0.86009       0.82152       0.85624       0.85483       0.87131       0.81497       0.90662       0.89764  

---- Expected P_neut(i), 0 < i < n (neutral SFS per site) 
E[P_neut(1)] = 0.008997
E[P_neut(2)] = 0.004393
E[P_neut(3)] = 0.002832
E[P_neut(4)] = 0.002097
E[P_neut(5)] = 0.001657
E[P_neut(6)] = 0.001370
E[P_neut(7)] = 0.001075
E[P_neut(8)] = 0.000993
E[P_neut(9)] = 0.000870
E[P_neut(10)] = 0.000807
E[P_neut(11)] = 0.000741
E[P_neut(12)] = 0.000645
E[P_neut(13)] = 0.000569
E[P_neut(14)] = 0.000550
E[P_neut(15)] = 0.000513
E[P_neut(16)] = 0.000490
E[P_neut(17)] = 0.000431
E[P_neut(18)] = 0.000453
E[P_neut(19)] = 0.000425

---- Expected P_sel(i), 0 < i < n (selected SFS per site) 
E[P_sel(1)] = 0.003571
E[P_sel(2)] = 0.001426
E[P_sel(3)] = 0.000836
E[P_sel(4)] = 0.000583
E[P_sel(5)] = 0.000441
E[P_sel(6)] = 0.000352
E[P_sel(7)] = 0.000269
E[P_sel(8)] = 0.000242
E[P_sel(9)] = 0.000208
E[P_sel(10)] = 0.000189
E[P_sel(11)] = 0.000171
E[P_sel(12)] = 0.000147
E[P_sel(13)] = 0.000128
E[P_sel(14)] = 0.000122
E[P_sel(15)] = 0.000112
E[P_sel(16)] = 0.000106
E[P_sel(17)] = 0.000093
E[P_sel(18)] = 0.000096
E[P_sel(19)] = 0.000090

---- Expected neutral and selected misattributed polymorphism per site
E[mis_neut] = 0.000450
E[mis_sel] = 0.000094

---- alpha_div = 0.318432
---- alpha_dfe = 0.000000



