---- Performing inference on Ns200_pa_0.00025_boots/Ns200_pa_0.00025.10.polyDFE.txt using model B

---- Warning: mutation variability is not used when only one neutral and one selected fragment is available.
---- No mutation variability. Using Poisson likelihood.

---- Using provided initial values


-- Starting local optimization
 it       eps_an        eps_cont      lambda        theta_bar      S_d            b             p_b           S_b           r  2          r  3          r  4          r  5          r  6          r  7          r  8          r  9          r 10          r 11          r 12          r 13          r 14          r 15          r 16          r 17          r 18          r 19          r 20         ln lk             grad     status
  0      4.50e-06      9.00e-07       0.00500       0.00100     -400.00000       0.40000       0.02000       4.00000       1.00000       1.00000       1.00000       1.00000       1.00000       1.00000       1.00000       1.00000       1.00000       1.00000       1.00000       1.00000       1.00000       1.00000       1.00000       1.00000       1.00000       1.00000       1.00000  -210382.1245730449   1542.38004   -2
 99      4.49e-06      9.00e-07       0.00498       0.00904     -767.06230       0.20765       0.00238      37.42502       0.98138       0.93912       0.93527       0.90856       0.89218       0.88642       0.84980       0.84215       0.87928       0.87648       0.85112       0.85016       0.83507       0.86023       0.82360       0.78457       0.88155       0.85570       0.84758  -204.1950172707      0.14718   -3
-- Local optimization: stuck in the same solution


---- Best joint likelihood found -204.19502 with gradient 0.14718
-- Model: B
--     eps_an        eps_cont      lambda        theta_bar     a        
--    4.49e-06      9.00e-07       0.00498       0.00904       -1.00000  
--      S_d            b             p_b           S_b      
--   -767.06230       0.20765       0.00238      37.42502  
--     r  2          r  3          r  4          r  5          r  6          r  7          r  8          r  9          r 10          r 11          r 12          r 13          r 14          r 15          r 16          r 17          r 18          r 19          r 20     
--     0.98138       0.93912       0.93527       0.90856       0.89218       0.88642       0.84980       0.84215       0.87928       0.87648       0.85112       0.85016       0.83507       0.86023       0.82360       0.78457       0.88155       0.85570       0.84758  

---- Expected P_neut(i), 0 < i < n (neutral SFS per site) 
E[P_neut(1)] = 0.009043
E[P_neut(2)] = 0.004437
E[P_neut(3)] = 0.002831
E[P_neut(4)] = 0.002114
E[P_neut(5)] = 0.001643
E[P_neut(6)] = 0.001345
E[P_neut(7)] = 0.001145
E[P_neut(8)] = 0.000961
E[P_neut(9)] = 0.000846
E[P_neut(10)] = 0.000795
E[P_neut(11)] = 0.000721
E[P_neut(12)] = 0.000641
E[P_neut(13)] = 0.000591
E[P_neut(14)] = 0.000539
E[P_neut(15)] = 0.000519
E[P_neut(16)] = 0.000465
E[P_neut(17)] = 0.000417
E[P_neut(18)] = 0.000443
E[P_neut(19)] = 0.000407

---- Expected P_sel(i), 0 < i < n (selected SFS per site) 
E[P_sel(1)] = 0.003629
E[P_sel(2)] = 0.001448
E[P_sel(3)] = 0.000839
E[P_sel(4)] = 0.000589
E[P_sel(5)] = 0.000438
E[P_sel(6)] = 0.000347
E[P_sel(7)] = 0.000287
E[P_sel(8)] = 0.000235
E[P_sel(9)] = 0.000203
E[P_sel(10)] = 0.000188
E[P_sel(11)] = 0.000168
E[P_sel(12)] = 0.000148
E[P_sel(13)] = 0.000135
E[P_sel(14)] = 0.000122
E[P_sel(15)] = 0.000117
E[P_sel(16)] = 0.000105
E[P_sel(17)] = 0.000094
E[P_sel(18)] = 0.000102
E[P_sel(19)] = 0.000097

---- Expected D_neut and D_sel (neutral and selected divergence per site) 
E[D_neut] = 0.005359
E[D_sel] = 0.001554

---- Expected neutral and selected misattributed polymorphism per site
E[mis_neut] = 0.000383
E[mis_sel] = 0.000098

---- alpha_div = 0.308664
---- alpha_dfe = 0.304600



