---- Performing inference on Ns200_pa_0.00025_boots/Ns200_pa_0.00025.50.polyDFE.txt using model B

---- Warning: mutation variability is not used when only one neutral and one selected fragment is available.
---- No mutation variability. Using Poisson likelihood.

---- Using provided initial values


-- Starting local optimization
 it       eps_an        theta_bar      S_d            b             r  2          r  3          r  4          r  5          r  6          r  7          r  8          r  9          r 10          r 11          r 12          r 13          r 14          r 15          r 16          r 17          r 18          r 19         ln lk             grad     status
  0      4.50e-06       0.00100     -400.00000       0.40000       1.00000       1.00000       1.00000       1.00000       1.00000       1.00000       1.00000       1.00000       1.00000       1.00000       1.00000       1.00000       1.00000       1.00000       1.00000       1.00000       1.00000       1.00000  -216961.5136160094   1591.22520   -2
130      4.50e-06       0.00896     -761.35472       0.20548       0.98581       0.96369       0.93396       0.91361       0.88866       0.86455       0.86902       0.86849       0.86845       0.87647       0.85938       0.84410       0.85557       0.87701       0.87643       0.84642       0.94861       0.90406  -199.0892682225      0.00182   -3
-- Local optimization: stuck in the same solution


---- Best joint likelihood found -199.08927 with gradient 0.00182
-- Model: B
--     eps_an        eps_cont      theta_bar     a        
--    4.50e-06      0.00e+00       0.00896       -1.00000  
--      S_d            b             p_b           S_b      
--   -761.35472       0.20548      0.00e+00      0.00e+00  
--     r  2          r  3          r  4          r  5          r  6          r  7          r  8          r  9          r 10          r 11          r 12          r 13          r 14          r 15          r 16          r 17          r 18          r 19     
--     0.98581       0.96369       0.93396       0.91361       0.88866       0.86455       0.86902       0.86849       0.86845       0.87647       0.85938       0.84410       0.85557       0.87701       0.87643       0.84642       0.94861       0.90406  

---- Expected P_neut(i), 0 < i < n (neutral SFS per site) 
E[P_neut(1)] = 0.008965
E[P_neut(2)] = 0.004419
E[P_neut(3)] = 0.002880
E[P_neut(4)] = 0.002093
E[P_neut(5)] = 0.001638
E[P_neut(6)] = 0.001328
E[P_neut(7)] = 0.001107
E[P_neut(8)] = 0.000974
E[P_neut(9)] = 0.000865
E[P_neut(10)] = 0.000779
E[P_neut(11)] = 0.000714
E[P_neut(12)] = 0.000642
E[P_neut(13)] = 0.000582
E[P_neut(14)] = 0.000548
E[P_neut(15)] = 0.000524
E[P_neut(16)] = 0.000491
E[P_neut(17)] = 0.000446
E[P_neut(18)] = 0.000472
E[P_neut(19)] = 0.000427

---- Expected P_sel(i), 0 < i < n (selected SFS per site) 
E[P_sel(1)] = 0.003615
E[P_sel(2)] = 0.001450
E[P_sel(3)] = 0.000858
E[P_sel(4)] = 0.000586
E[P_sel(5)] = 0.000439
E[P_sel(6)] = 0.000343
E[P_sel(7)] = 0.000278
E[P_sel(8)] = 0.000239
E[P_sel(9)] = 0.000208
E[P_sel(10)] = 0.000183
E[P_sel(11)] = 0.000165
E[P_sel(12)] = 0.000146
E[P_sel(13)] = 0.000131
E[P_sel(14)] = 0.000122
E[P_sel(15)] = 0.000115
E[P_sel(16)] = 0.000107
E[P_sel(17)] = 0.000096
E[P_sel(18)] = 0.000101
E[P_sel(19)] = 0.000090

---- Expected neutral and selected misattributed polymorphism per site
E[mis_neut] = 0.000448
E[mis_sel] = 0.000094

---- alpha_div = 0.321430
---- alpha_dfe = 0.000000



