---- Performing inference on Ns200_pa_0.00025_boots/Ns200_pa_0.00025.36.polyDFE.txt using model B

---- Warning: mutation variability is not used when only one neutral and one selected fragment is available.
---- No mutation variability. Using Poisson likelihood.

---- Using provided initial values


-- Starting local optimization
 it       eps_an        theta_bar      S_d            b             r  2          r  3          r  4          r  5          r  6          r  7          r  8          r  9          r 10          r 11          r 12          r 13          r 14          r 15          r 16          r 17          r 18          r 19         ln lk             grad     status
  0      4.50e-06       0.00100     -400.00000       0.40000       1.00000       1.00000       1.00000       1.00000       1.00000       1.00000       1.00000       1.00000       1.00000       1.00000       1.00000       1.00000       1.00000       1.00000       1.00000       1.00000       1.00000       1.00000  -217539.7397603772   1593.72531   -2
119      4.50e-06       0.00899     -736.33540       0.20718       0.98000       0.94364       0.93361       0.93038       0.90328       0.84717       0.88188       0.85253       0.87559       0.87700       0.86491       0.89108       0.86010       0.90696       0.83650       0.87812       0.91665       0.91702  -195.5458611062      0.00072   -3
-- Local optimization: stuck in the same solution


---- Best joint likelihood found -195.54586 with gradient 0.00072
-- Model: B
--     eps_an        eps_cont      theta_bar     a        
--    4.50e-06      0.00e+00       0.00899       -1.00000  
--      S_d            b             p_b           S_b      
--   -736.33540       0.20718      0.00e+00      0.00e+00  
--     r  2          r  3          r  4          r  5          r  6          r  7          r  8          r  9          r 10          r 11          r 12          r 13          r 14          r 15          r 16          r 17          r 18          r 19     
--     0.98000       0.94364       0.93361       0.93038       0.90328       0.84717       0.88188       0.85253       0.87559       0.87700       0.86491       0.89108       0.86010       0.90696       0.83650       0.87812       0.91665       0.91702  

---- Expected P_neut(i), 0 < i < n (neutral SFS per site) 
E[P_neut(1)] = 0.008990
E[P_neut(2)] = 0.004405
E[P_neut(3)] = 0.002828
E[P_neut(4)] = 0.002098
E[P_neut(5)] = 0.001673
E[P_neut(6)] = 0.001353
E[P_neut(7)] = 0.001088
E[P_neut(8)] = 0.000991
E[P_neut(9)] = 0.000852
E[P_neut(10)] = 0.000787
E[P_neut(11)] = 0.000717
E[P_neut(12)] = 0.000648
E[P_neut(13)] = 0.000616
E[P_neut(14)] = 0.000552
E[P_neut(15)] = 0.000544
E[P_neut(16)] = 0.000470
E[P_neut(17)] = 0.000464
E[P_neut(18)] = 0.000458
E[P_neut(19)] = 0.000434

---- Expected P_sel(i), 0 < i < n (selected SFS per site) 
E[P_sel(1)] = 0.003629
E[P_sel(2)] = 0.001445
E[P_sel(3)] = 0.000841
E[P_sel(4)] = 0.000586
E[P_sel(5)] = 0.000447
E[P_sel(6)] = 0.000349
E[P_sel(7)] = 0.000272
E[P_sel(8)] = 0.000242
E[P_sel(9)] = 0.000204
E[P_sel(10)] = 0.000185
E[P_sel(11)] = 0.000165
E[P_sel(12)] = 0.000147
E[P_sel(13)] = 0.000138
E[P_sel(14)] = 0.000122
E[P_sel(15)] = 0.000119
E[P_sel(16)] = 0.000102
E[P_sel(17)] = 0.000099
E[P_sel(18)] = 0.000097
E[P_sel(19)] = 0.000091

---- Expected neutral and selected misattributed polymorphism per site
E[mis_neut] = 0.000450
E[mis_sel] = 0.000094

---- alpha_div = 0.302155
---- alpha_dfe = 0.000000



