---- Performing inference on Ns200_pa_0.00025_boots/Ns200_pa_0.00025.81.polyDFE.txt using model B

---- Warning: mutation variability is not used when only one neutral and one selected fragment is available.
---- No mutation variability. Using Poisson likelihood.

---- Using provided initial values


-- Starting local optimization
 it       eps_an        theta_bar      S_d            b             r  2          r  3          r  4          r  5          r  6          r  7          r  8          r  9          r 10          r 11          r 12          r 13          r 14          r 15          r 16          r 17          r 18          r 19         ln lk             grad     status
  0      4.50e-06       0.00100     -400.00000       0.40000       1.00000       1.00000       1.00000       1.00000       1.00000       1.00000       1.00000       1.00000       1.00000       1.00000       1.00000       1.00000       1.00000       1.00000       1.00000       1.00000       1.00000       1.00000  -215905.2974568251   1585.87562   -2
 96      4.50e-06       0.00898     -855.11172       0.20089       0.97340       0.93545       0.95575       0.91455       0.89182       0.86213       0.88323       0.85711       0.90439       0.84976       0.86992       0.86892       0.84523       0.87321       0.87683       0.83152       0.87344       0.89513  -196.7619235947      0.00098   -3
-- Local optimization: stuck in the same solution


---- Best joint likelihood found -196.76192 with gradient 0.00098
-- Model: B
--     eps_an        eps_cont      theta_bar     a        
--    4.50e-06      0.00e+00       0.00898       -1.00000  
--      S_d            b             p_b           S_b      
--   -855.11172       0.20089      0.00e+00      0.00e+00  
--     r  2          r  3          r  4          r  5          r  6          r  7          r  8          r  9          r 10          r 11          r 12          r 13          r 14          r 15          r 16          r 17          r 18          r 19     
--     0.97340       0.93545       0.95575       0.91455       0.89182       0.86213       0.88323       0.85711       0.90439       0.84976       0.86992       0.86892       0.84523       0.87321       0.87683       0.83152       0.87344       0.89513  

---- Expected P_neut(i), 0 < i < n (neutral SFS per site) 
E[P_neut(1)] = 0.008978
E[P_neut(2)] = 0.004370
E[P_neut(3)] = 0.002799
E[P_neut(4)] = 0.002145
E[P_neut(5)] = 0.001642
E[P_neut(6)] = 0.001334
E[P_neut(7)] = 0.001106
E[P_neut(8)] = 0.000991
E[P_neut(9)] = 0.000855
E[P_neut(10)] = 0.000812
E[P_neut(11)] = 0.000694
E[P_neut(12)] = 0.000651
E[P_neut(13)] = 0.000600
E[P_neut(14)] = 0.000542
E[P_neut(15)] = 0.000523
E[P_neut(16)] = 0.000492
E[P_neut(17)] = 0.000439
E[P_neut(18)] = 0.000436
E[P_neut(19)] = 0.000423

---- Expected P_sel(i), 0 < i < n (selected SFS per site) 
E[P_sel(1)] = 0.003595
E[P_sel(2)] = 0.001430
E[P_sel(3)] = 0.000833
E[P_sel(4)] = 0.000601
E[P_sel(5)] = 0.000440
E[P_sel(6)] = 0.000346
E[P_sel(7)] = 0.000278
E[P_sel(8)] = 0.000244
E[P_sel(9)] = 0.000206
E[P_sel(10)] = 0.000192
E[P_sel(11)] = 0.000161
E[P_sel(12)] = 0.000149
E[P_sel(13)] = 0.000136
E[P_sel(14)] = 0.000121
E[P_sel(15)] = 0.000115
E[P_sel(16)] = 0.000107
E[P_sel(17)] = 0.000095
E[P_sel(18)] = 0.000093
E[P_sel(19)] = 0.000090

---- Expected neutral and selected misattributed polymorphism per site
E[mis_neut] = 0.000449
E[mis_sel] = 0.000094

---- alpha_div = 0.317022
---- alpha_dfe = 0.000000



