---- Performing inference on Ns200_pa_0.00025_boots/Ns200_pa_0.00025.60.polyDFE.txt using model B

---- Warning: mutation variability is not used when only one neutral and one selected fragment is available.
---- No mutation variability. Using Poisson likelihood.

---- Using provided initial values


-- Starting local optimization
 it       eps_an        eps_cont      lambda        theta_bar      S_d            b             p_b           S_b           r  2          r  3          r  4          r  5          r  6          r  7          r  8          r  9          r 10          r 11          r 12          r 13          r 14          r 15          r 16          r 17          r 18          r 19          r 20         ln lk             grad     status
  0      4.50e-06      9.00e-07       0.00500       0.00100     -400.00000       0.40000       0.02000       4.00000       1.00000       1.00000       1.00000       1.00000       1.00000       1.00000       1.00000       1.00000       1.00000       1.00000       1.00000       1.00000       1.00000       1.00000       1.00000       1.00000       1.00000       1.00000       1.00000  -211163.5330133737   1546.28502   -2
355      4.49e-06      9.00e-07       0.00502       0.00899     -569.24077       0.22165       0.00305      30.17200       0.96833       0.95912       0.93209       0.92787       0.91115       0.85605       0.91131       0.87839       0.88400       0.88346       0.85287       0.85806       0.87881       0.88756       0.81256       0.85308       0.85743       0.87119       0.90408  -211.5499848159      0.00093   -3
-- Local optimization: stuck in the same solution


---- Best joint likelihood found -211.54998 with gradient 0.00093
-- Model: B
--     eps_an        eps_cont      lambda        theta_bar     a        
--    4.49e-06      9.00e-07       0.00502       0.00899       -1.00000  
--      S_d            b             p_b           S_b      
--   -569.24077       0.22165       0.00305      30.17200  
--     r  2          r  3          r  4          r  5          r  6          r  7          r  8          r  9          r 10          r 11          r 12          r 13          r 14          r 15          r 16          r 17          r 18          r 19          r 20     
--     0.96833       0.95912       0.93209       0.92787       0.91115       0.85605       0.91131       0.87839       0.88400       0.88346       0.85287       0.85806       0.87881       0.88756       0.81256       0.85308       0.85743       0.87119       0.90408  

---- Expected P_neut(i), 0 < i < n (neutral SFS per site) 
E[P_neut(1)] = 0.008986
E[P_neut(2)] = 0.004351
E[P_neut(3)] = 0.002873
E[P_neut(4)] = 0.002094
E[P_neut(5)] = 0.001668
E[P_neut(6)] = 0.001365
E[P_neut(7)] = 0.001099
E[P_neut(8)] = 0.001024
E[P_neut(9)] = 0.000877
E[P_neut(10)] = 0.000794
E[P_neut(11)] = 0.000722
E[P_neut(12)] = 0.000639
E[P_neut(13)] = 0.000593
E[P_neut(14)] = 0.000564
E[P_neut(15)] = 0.000532
E[P_neut(16)] = 0.000456
E[P_neut(17)] = 0.000451
E[P_neut(18)] = 0.000428
E[P_neut(19)] = 0.000412

---- Expected P_sel(i), 0 < i < n (selected SFS per site) 
E[P_sel(1)] = 0.003672
E[P_sel(2)] = 0.001429
E[P_sel(3)] = 0.000851
E[P_sel(4)] = 0.000581
E[P_sel(5)] = 0.000442
E[P_sel(6)] = 0.000349
E[P_sel(7)] = 0.000273
E[P_sel(8)] = 0.000248
E[P_sel(9)] = 0.000208
E[P_sel(10)] = 0.000185
E[P_sel(11)] = 0.000166
E[P_sel(12)] = 0.000145
E[P_sel(13)] = 0.000133
E[P_sel(14)] = 0.000126
E[P_sel(15)] = 0.000118
E[P_sel(16)] = 0.000102
E[P_sel(17)] = 0.000101
E[P_sel(18)] = 0.000098
E[P_sel(19)] = 0.000098

---- Expected D_neut and D_sel (neutral and selected divergence per site) 
E[D_neut] = 0.005430
E[D_sel] = 0.001561

---- Expected neutral and selected misattributed polymorphism per site
E[mis_neut] = 0.000406
E[mis_sel] = 0.000104

---- alpha_div = 0.317923
---- alpha_dfe = 0.317466



