---- Performing inference on Ns200_pa_0.00025_boots/Ns200_pa_0.00025.81.polyDFE.txt using model B

---- Warning: mutation variability is not used when only one neutral and one selected fragment is available.
---- No mutation variability. Using Poisson likelihood.

---- Using provided initial values


-- Starting local optimization
 it       eps_an        lambda        theta_bar      S_d            b             r  2          r  3          r  4          r  5          r  6          r  7          r  8          r  9          r 10          r 11          r 12          r 13          r 14          r 15          r 16          r 17          r 18          r 19          r 20         ln lk             grad     status
  0      4.50e-06       0.00500       0.00100     -400.00000       0.40000       1.00000       1.00000       1.00000       1.00000       1.00000       1.00000       1.00000       1.00000       1.00000       1.00000       1.00000       1.00000       1.00000       1.00000       1.00000       1.00000       1.00000       1.00000       1.00000  -223535.3372723320   1702.78925   -2
712      4.26e-06       0.00002       0.00916    -4648.86231       0.14473       0.94479       0.89656       0.90924       0.86563       0.84092       0.81050       0.82830       0.80212       0.84487       0.79260       0.81030       0.80838       0.78546       0.81064       0.81323       0.77054       0.80875       0.82821      12.70517  -426.8240228621      0.00457   -6
-- Local optimization: reached maximum running time allowed


---- Best joint likelihood found -426.82402 with gradient 0.00457
-- Model: B
--     eps_an        eps_cont      lambda        theta_bar     a        
--    4.26e-06      0.00e+00       0.00002       0.00916       -1.00000  
--      S_d            b             p_b           S_b      
--  -4648.86231       0.14473      0.00e+00      0.00e+00  
--     r  2          r  3          r  4          r  5          r  6          r  7          r  8          r  9          r 10          r 11          r 12          r 13          r 14          r 15          r 16          r 17          r 18          r 19          r 20     
--     0.94479       0.89656       0.90924       0.86563       0.84092       0.81050       0.82830       0.80212       0.84487       0.79260       0.81030       0.80838       0.78546       0.81064       0.81323       0.77054       0.80875       0.82821      12.70517  

---- Expected P_neut(i), 0 < i < n (neutral SFS per site) 
E[P_neut(1)] = 0.009161
E[P_neut(2)] = 0.004328
E[P_neut(3)] = 0.002738
E[P_neut(4)] = 0.002082
E[P_neut(5)] = 0.001586
E[P_neut(6)] = 0.001284
E[P_neut(7)] = 0.001061
E[P_neut(8)] = 0.000948
E[P_neut(9)] = 0.000816
E[P_neut(10)] = 0.000774
E[P_neut(11)] = 0.000660
E[P_neut(12)] = 0.000619
E[P_neut(13)] = 0.000570
E[P_neut(14)] = 0.000514
E[P_neut(15)] = 0.000495
E[P_neut(16)] = 0.000466
E[P_neut(17)] = 0.000415
E[P_neut(18)] = 0.000412
E[P_neut(19)] = 0.000399

---- Expected P_sel(i), 0 < i < n (selected SFS per site) 
E[P_sel(1)] = 0.003534
E[P_sel(2)] = 0.001444
E[P_sel(3)] = 0.000854
E[P_sel(4)] = 0.000622
E[P_sel(5)] = 0.000459
E[P_sel(6)] = 0.000363
E[P_sel(7)] = 0.000294
E[P_sel(8)] = 0.000258
E[P_sel(9)] = 0.000219
E[P_sel(10)] = 0.000205
E[P_sel(11)] = 0.000173
E[P_sel(12)] = 0.000160
E[P_sel(13)] = 0.000146
E[P_sel(14)] = 0.000130
E[P_sel(15)] = 0.000125
E[P_sel(16)] = 0.000116
E[P_sel(17)] = 0.000103
E[P_sel(18)] = 0.000101
E[P_sel(19)] = 0.000098

---- Expected D_neut and D_sel (neutral and selected divergence per site) 
E[D_neut] = 0.005837
E[D_sel] = 0.001419

---- Expected neutral and selected misattributed polymorphism per site
E[mis_neut] = 0.005820
E[mis_sel] = 0.001414

---- alpha_div = 1.683177
---- alpha_dfe = 0.000000



