---- Performing inference on Ns200_pa_0.00025_boots/Ns200_pa_0.00025.13.polyDFE.txt using model B

---- Warning: mutation variability is not used when only one neutral and one selected fragment is available.
---- No mutation variability. Using Poisson likelihood.

---- Using provided initial values


-- Starting local optimization
 it       eps_an        eps_cont      theta_bar      S_d            b             p_b           S_b           r  2          r  3          r  4          r  5          r  6          r  7          r  8          r  9          r 10          r 11          r 12          r 13          r 14          r 15          r 16          r 17          r 18          r 19         ln lk             grad     status
  0      4.50e-06      9.00e-07       0.00100     -400.00000       0.40000       0.02000       4.00000       1.00000       1.00000       1.00000       1.00000       1.00000       1.00000       1.00000       1.00000       1.00000       1.00000       1.00000       1.00000       1.00000       1.00000       1.00000       1.00000       1.00000       1.00000  -206985.5303069258   1503.43876   -2
298      4.48e-06      8.99e-07       0.00896     -757.44847       0.20896       0.00410       5.91571       0.97956       0.94393       0.93561       0.92895       0.89468       0.88614       0.88138       0.85273       0.86580       0.90562       0.85873       0.86590       0.83644       0.85740       0.82123       0.82147       0.86150       0.89633  -198.5422670970      0.01250   -3
-- Local optimization: stuck in the same solution


---- Best joint likelihood found -198.54227 with gradient 0.01250
-- Model: B
--     eps_an        eps_cont      theta_bar     a        
--    4.48e-06      8.99e-07       0.00896       -1.00000  
--      S_d            b             p_b           S_b      
--   -757.44847       0.20896       0.00410       5.91571  
--     r  2          r  3          r  4          r  5          r  6          r  7          r  8          r  9          r 10          r 11          r 12          r 13          r 14          r 15          r 16          r 17          r 18          r 19     
--     0.97956       0.94393       0.93561       0.92895       0.89468       0.88614       0.88138       0.85273       0.86580       0.90562       0.85873       0.86590       0.83644       0.85740       0.82123       0.82147       0.86150       0.89633  

---- Expected P_neut(i), 0 < i < n (neutral SFS per site) 
E[P_neut(1)] = 0.008965
E[P_neut(2)] = 0.004391
E[P_neut(3)] = 0.002821
E[P_neut(4)] = 0.002097
E[P_neut(5)] = 0.001666
E[P_neut(6)] = 0.001337
E[P_neut(7)] = 0.001135
E[P_neut(8)] = 0.000988
E[P_neut(9)] = 0.000849
E[P_neut(10)] = 0.000776
E[P_neut(11)] = 0.000738
E[P_neut(12)] = 0.000642
E[P_neut(13)] = 0.000597
E[P_neut(14)] = 0.000536
E[P_neut(15)] = 0.000512
E[P_neut(16)] = 0.000460
E[P_neut(17)] = 0.000433
E[P_neut(18)] = 0.000429
E[P_neut(19)] = 0.000423

---- Expected P_sel(i), 0 < i < n (selected SFS per site) 
E[P_sel(1)] = 0.003602
E[P_sel(2)] = 0.001435
E[P_sel(3)] = 0.000837
E[P_sel(4)] = 0.000586
E[P_sel(5)] = 0.000445
E[P_sel(6)] = 0.000345
E[P_sel(7)] = 0.000285
E[P_sel(8)] = 0.000243
E[P_sel(9)] = 0.000205
E[P_sel(10)] = 0.000184
E[P_sel(11)] = 0.000173
E[P_sel(12)] = 0.000149
E[P_sel(13)] = 0.000137
E[P_sel(14)] = 0.000122
E[P_sel(15)] = 0.000116
E[P_sel(16)] = 0.000104
E[P_sel(17)] = 0.000097
E[P_sel(18)] = 0.000096
E[P_sel(19)] = 0.000095

---- Expected neutral and selected misattributed polymorphism per site
E[mis_neut] = 0.000448
E[mis_sel] = 0.000101

---- alpha_div = 0.335750
---- alpha_dfe = 0.107508



