---- Performing inference on Ns200_pa_0.00025_boots/Ns200_pa_0.00025.37.polyDFE.txt using model B

---- Warning: mutation variability is not used when only one neutral and one selected fragment is available.
---- No mutation variability. Using Poisson likelihood.

---- Using provided initial values


-- Starting local optimization
 it       eps_an        eps_cont      theta_bar      S_d            b             p_b           S_b           r  2          r  3          r  4          r  5          r  6          r  7          r  8          r  9          r 10          r 11          r 12          r 13          r 14          r 15          r 16          r 17          r 18          r 19         ln lk             grad     status
  0      4.50e-06      9.00e-07       0.00100     -400.00000       0.40000       0.02000       4.00000       1.00000       1.00000       1.00000       1.00000       1.00000       1.00000       1.00000       1.00000       1.00000       1.00000       1.00000       1.00000       1.00000       1.00000       1.00000       1.00000       1.00000       1.00000  -206717.6826183927   1501.90607   -2
491      4.47e-06      8.99e-07       0.00906     -948.06157       0.19770       0.00227       8.37430       0.95043       0.94639       0.93365       0.90221       0.89044       0.83835       0.85951       0.81466       0.84800       0.84772       0.83172       0.85715       0.83383       0.88342       0.86121       0.84306       0.82505       0.85569  -191.4689418112      0.00073   -3
-- Local optimization: stuck in the same solution


---- Best joint likelihood found -191.46894 with gradient 0.00073
-- Model: B
--     eps_an        eps_cont      theta_bar     a        
--    4.47e-06      8.99e-07       0.00906       -1.00000  
--      S_d            b             p_b           S_b      
--   -948.06157       0.19770       0.00227       8.37430  
--     r  2          r  3          r  4          r  5          r  6          r  7          r  8          r  9          r 10          r 11          r 12          r 13          r 14          r 15          r 16          r 17          r 18          r 19     
--     0.95043       0.94639       0.93365       0.90221       0.89044       0.83835       0.85951       0.81466       0.84800       0.84772       0.83172       0.85715       0.83383       0.88342       0.86121       0.84306       0.82505       0.85569  

---- Expected P_neut(i), 0 < i < n (neutral SFS per site) 
E[P_neut(1)] = 0.009063
E[P_neut(2)] = 0.004307
E[P_neut(3)] = 0.002859
E[P_neut(4)] = 0.002115
E[P_neut(5)] = 0.001635
E[P_neut(6)] = 0.001345
E[P_neut(7)] = 0.001085
E[P_neut(8)] = 0.000974
E[P_neut(9)] = 0.000820
E[P_neut(10)] = 0.000769
E[P_neut(11)] = 0.000698
E[P_neut(12)] = 0.000628
E[P_neut(13)] = 0.000598
E[P_neut(14)] = 0.000540
E[P_neut(15)] = 0.000534
E[P_neut(16)] = 0.000488
E[P_neut(17)] = 0.000449
E[P_neut(18)] = 0.000415
E[P_neut(19)] = 0.000408

---- Expected P_sel(i), 0 < i < n (selected SFS per site) 
E[P_sel(1)] = 0.003611
E[P_sel(2)] = 0.001409
E[P_sel(3)] = 0.000853
E[P_sel(4)] = 0.000595
E[P_sel(5)] = 0.000441
E[P_sel(6)] = 0.000351
E[P_sel(7)] = 0.000276
E[P_sel(8)] = 0.000242
E[P_sel(9)] = 0.000200
E[P_sel(10)] = 0.000185
E[P_sel(11)] = 0.000165
E[P_sel(12)] = 0.000147
E[P_sel(13)] = 0.000138
E[P_sel(14)] = 0.000124
E[P_sel(15)] = 0.000122
E[P_sel(16)] = 0.000111
E[P_sel(17)] = 0.000102
E[P_sel(18)] = 0.000094
E[P_sel(19)] = 0.000092

---- Expected neutral and selected misattributed polymorphism per site
E[mis_neut] = 0.000453
E[mis_sel] = 0.000103

---- alpha_div = 0.311804
---- alpha_dfe = 0.083516



