---- Performing inference on Ns200_pa_0.00025_boots/Ns200_pa_0.00025.55.polyDFE.txt using model B

---- Warning: mutation variability is not used when only one neutral and one selected fragment is available.
---- No mutation variability. Using Poisson likelihood.

---- Using provided initial values


-- Starting local optimization
 it       eps_an        eps_cont      theta_bar      S_d            b             p_b           S_b           r  2          r  3          r  4          r  5          r  6          r  7          r  8          r  9          r 10          r 11          r 12          r 13          r 14          r 15          r 16          r 17          r 18          r 19         ln lk             grad     status
  0      4.50e-06      9.00e-07       0.00100     -400.00000       0.40000       0.02000       4.00000       1.00000       1.00000       1.00000       1.00000       1.00000       1.00000       1.00000       1.00000       1.00000       1.00000       1.00000       1.00000       1.00000       1.00000       1.00000       1.00000       1.00000       1.00000  -209070.3312047510   1513.22204   -2
713      4.74e-06      9.01e-07       0.00907     -812.72582       0.20445       0.00150      37.42989       0.97194       0.93934       0.92525       0.92889       0.89176       0.85925       0.86394       0.88857       0.86018       0.84950       0.85648       0.87684       0.85124       0.89998       0.85664       0.83282       0.81835       0.85922  -203.6072170458      0.00673   -3
-- Local optimization: stuck in the same solution


---- Best joint likelihood found -203.60722 with gradient 0.00673
-- Model: B
--     eps_an        eps_cont      theta_bar     a        
--    4.74e-06      9.01e-07       0.00907       -1.00000  
--      S_d            b             p_b           S_b      
--   -812.72582       0.20445       0.00150      37.42989  
--     r  2          r  3          r  4          r  5          r  6          r  7          r  8          r  9          r 10          r 11          r 12          r 13          r 14          r 15          r 16          r 17          r 18          r 19     
--     0.97194       0.93934       0.92525       0.92889       0.89176       0.85925       0.86394       0.88857       0.86018       0.84950       0.85648       0.87684       0.85124       0.89998       0.85664       0.83282       0.81835       0.85922  

---- Expected P_neut(i), 0 < i < n (neutral SFS per site) 
E[P_neut(1)] = 0.009065
E[P_neut(2)] = 0.004405
E[P_neut(3)] = 0.002838
E[P_neut(4)] = 0.002097
E[P_neut(5)] = 0.001684
E[P_neut(6)] = 0.001347
E[P_neut(7)] = 0.001113
E[P_neut(8)] = 0.000979
E[P_neut(9)] = 0.000895
E[P_neut(10)] = 0.000780
E[P_neut(11)] = 0.000700
E[P_neut(12)] = 0.000647
E[P_neut(13)] = 0.000611
E[P_neut(14)] = 0.000551
E[P_neut(15)] = 0.000544
E[P_neut(16)] = 0.000485
E[P_neut(17)] = 0.000444
E[P_neut(18)] = 0.000412
E[P_neut(19)] = 0.000410

---- Expected P_sel(i), 0 < i < n (selected SFS per site) 
E[P_sel(1)] = 0.003630
E[P_sel(2)] = 0.001438
E[P_sel(3)] = 0.000842
E[P_sel(4)] = 0.000586
E[P_sel(5)] = 0.000450
E[P_sel(6)] = 0.000348
E[P_sel(7)] = 0.000279
E[P_sel(8)] = 0.000240
E[P_sel(9)] = 0.000215
E[P_sel(10)] = 0.000184
E[P_sel(11)] = 0.000163
E[P_sel(12)] = 0.000149
E[P_sel(13)] = 0.000139
E[P_sel(14)] = 0.000124
E[P_sel(15)] = 0.000122
E[P_sel(16)] = 0.000108
E[P_sel(17)] = 0.000099
E[P_sel(18)] = 0.000092
E[P_sel(19)] = 0.000094

---- Expected neutral and selected misattributed polymorphism per site
E[mis_neut] = 0.000453
E[mis_sel] = 0.000108

---- alpha_div = 0.284797
---- alpha_dfe = 0.214685



