---- Performing inference on Ns200_pa_0.00025_boots/Ns200_pa_0.00025.16.polyDFE.txt using model B

---- Warning: mutation variability is not used when only one neutral and one selected fragment is available.
---- No mutation variability. Using Poisson likelihood.

---- Using provided initial values


-- Starting local optimization
 it       eps_an        theta_bar      S_d            b             r  2          r  3          r  4          r  5          r  6          r  7          r  8          r  9          r 10          r 11          r 12          r 13          r 14          r 15          r 16          r 17          r 18          r 19         ln lk             grad     status
  0      4.50e-06       0.00100     -400.00000       0.40000       1.00000       1.00000       1.00000       1.00000       1.00000       1.00000       1.00000       1.00000       1.00000       1.00000       1.00000       1.00000       1.00000       1.00000       1.00000       1.00000       1.00000       1.00000  -217255.2395584656   1592.35398   -2
114      4.50e-06       0.00903     -751.52873       0.20564       0.97573       0.94842       0.93248       0.91431       0.88546       0.84192       0.85901       0.85458       0.85733       0.85016       0.86222       0.85684       0.86797       0.89190       0.83753       0.84084       0.86156       0.88993  -195.3693333041      0.00187   -3
-- Local optimization: stuck in the same solution


---- Best joint likelihood found -195.36933 with gradient 0.00187
-- Model: B
--     eps_an        eps_cont      theta_bar     a        
--    4.50e-06      0.00e+00       0.00903       -1.00000  
--      S_d            b             p_b           S_b      
--   -751.52873       0.20564      0.00e+00      0.00e+00  
--     r  2          r  3          r  4          r  5          r  6          r  7          r  8          r  9          r 10          r 11          r 12          r 13          r 14          r 15          r 16          r 17          r 18          r 19     
--     0.97573       0.94842       0.93248       0.91431       0.88546       0.84192       0.85901       0.85458       0.85733       0.85016       0.86222       0.85684       0.86797       0.89190       0.83753       0.84084       0.86156       0.88993  

---- Expected P_neut(i), 0 < i < n (neutral SFS per site) 
E[P_neut(1)] = 0.009029
E[P_neut(2)] = 0.004405
E[P_neut(3)] = 0.002854
E[P_neut(4)] = 0.002105
E[P_neut(5)] = 0.001651
E[P_neut(6)] = 0.001332
E[P_neut(7)] = 0.001086
E[P_neut(8)] = 0.000969
E[P_neut(9)] = 0.000857
E[P_neut(10)] = 0.000774
E[P_neut(11)] = 0.000698
E[P_neut(12)] = 0.000649
E[P_neut(13)] = 0.000595
E[P_neut(14)] = 0.000560
E[P_neut(15)] = 0.000537
E[P_neut(16)] = 0.000473
E[P_neut(17)] = 0.000447
E[P_neut(18)] = 0.000432
E[P_neut(19)] = 0.000423

---- Expected P_sel(i), 0 < i < n (selected SFS per site) 
E[P_sel(1)] = 0.003648
E[P_sel(2)] = 0.001448
E[P_sel(3)] = 0.000852
E[P_sel(4)] = 0.000590
E[P_sel(5)] = 0.000443
E[P_sel(6)] = 0.000345
E[P_sel(7)] = 0.000273
E[P_sel(8)] = 0.000238
E[P_sel(9)] = 0.000206
E[P_sel(10)] = 0.000183
E[P_sel(11)] = 0.000162
E[P_sel(12)] = 0.000148
E[P_sel(13)] = 0.000134
E[P_sel(14)] = 0.000124
E[P_sel(15)] = 0.000118
E[P_sel(16)] = 0.000103
E[P_sel(17)] = 0.000096
E[P_sel(18)] = 0.000092
E[P_sel(19)] = 0.000089

---- Expected neutral and selected misattributed polymorphism per site
E[mis_neut] = 0.000451
E[mis_sel] = 0.000094

---- alpha_div = 0.317285
---- alpha_dfe = 0.000000



