---- Performing inference on Ns200_pa_0.00025_boots/Ns200_pa_0.00025.95.polyDFE.txt using model B

---- Warning: mutation variability is not used when only one neutral and one selected fragment is available.
---- No mutation variability. Using Poisson likelihood.

---- Using provided initial values


-- Starting local optimization
 it       eps_an        eps_cont      lambda        theta_bar      S_d            b             p_b           S_b           r  2          r  3          r  4          r  5          r  6          r  7          r  8          r  9          r 10          r 11          r 12          r 13          r 14          r 15          r 16          r 17          r 18          r 19          r 20         ln lk             grad     status
  0      4.50e-06      9.00e-07       0.00500       0.00100     -400.00000       0.40000       0.02000       4.00000       1.00000       1.00000       1.00000       1.00000       1.00000       1.00000       1.00000       1.00000       1.00000       1.00000       1.00000       1.00000       1.00000       1.00000       1.00000       1.00000       1.00000       1.00000       1.00000  -210042.2640298218   1540.68114   -2
109      4.50e-06      9.00e-07       0.00502       0.00895     -658.31845       0.21519       0.00239      37.42560       0.98296       0.97449       0.94199       0.92797       0.89898       0.86473       0.88888       0.85381       0.89721       0.87963       0.86843       0.84079       0.88154       0.87714       0.84278       0.87568       0.87643       0.87597       0.91543  -214.9525204861      0.16168   -3
-- Local optimization: stuck in the same solution


---- Best joint likelihood found -214.95252 with gradient 0.16168
-- Model: B
--     eps_an        eps_cont      lambda        theta_bar     a        
--    4.50e-06      9.00e-07       0.00502       0.00895       -1.00000  
--      S_d            b             p_b           S_b      
--   -658.31845       0.21519       0.00239      37.42560  
--     r  2          r  3          r  4          r  5          r  6          r  7          r  8          r  9          r 10          r 11          r 12          r 13          r 14          r 15          r 16          r 17          r 18          r 19          r 20     
--     0.98296       0.97449       0.94199       0.92797       0.89898       0.86473       0.88888       0.85381       0.89721       0.87963       0.86843       0.84079       0.88154       0.87714       0.84278       0.87568       0.87643       0.87597       0.91543  

---- Expected P_neut(i), 0 < i < n (neutral SFS per site) 
E[P_neut(1)] = 0.008949
E[P_neut(2)] = 0.004398
E[P_neut(3)] = 0.002907
E[P_neut(4)] = 0.002108
E[P_neut(5)] = 0.001661
E[P_neut(6)] = 0.001341
E[P_neut(7)] = 0.001106
E[P_neut(8)] = 0.000994
E[P_neut(9)] = 0.000849
E[P_neut(10)] = 0.000803
E[P_neut(11)] = 0.000716
E[P_neut(12)] = 0.000648
E[P_neut(13)] = 0.000579
E[P_neut(14)] = 0.000564
E[P_neut(15)] = 0.000523
E[P_neut(16)] = 0.000471
E[P_neut(17)] = 0.000461
E[P_neut(18)] = 0.000436
E[P_neut(19)] = 0.000413

---- Expected P_sel(i), 0 < i < n (selected SFS per site) 
E[P_sel(1)] = 0.003616
E[P_sel(2)] = 0.001435
E[P_sel(3)] = 0.000858
E[P_sel(4)] = 0.000584
E[P_sel(5)] = 0.000440
E[P_sel(6)] = 0.000342
E[P_sel(7)] = 0.000274
E[P_sel(8)] = 0.000241
E[P_sel(9)] = 0.000202
E[P_sel(10)] = 0.000187
E[P_sel(11)] = 0.000164
E[P_sel(12)] = 0.000147
E[P_sel(13)] = 0.000130
E[P_sel(14)] = 0.000126
E[P_sel(15)] = 0.000116
E[P_sel(16)] = 0.000105
E[P_sel(17)] = 0.000103
E[P_sel(18)] = 0.000099
E[P_sel(19)] = 0.000097

---- Expected D_neut and D_sel (neutral and selected divergence per site) 
E[D_neut] = 0.005430
E[D_sel] = 0.001557

---- Expected neutral and selected misattributed polymorphism per site
E[mis_neut] = 0.000410
E[mis_sel] = 0.000104

---- alpha_div = 0.313558
---- alpha_dfe = 0.309415



