---- Performing inference on Ns200_pa_0.00025_boots/Ns200_pa_0.00025.76.polyDFE.txt using model B

---- Warning: mutation variability is not used when only one neutral and one selected fragment is available.
---- No mutation variability. Using Poisson likelihood.

---- Using provided initial values


-- Starting local optimization
 it       eps_an        eps_cont      theta_bar      S_d            b             p_b           S_b           r  2          r  3          r  4          r  5          r  6          r  7          r  8          r  9          r 10          r 11          r 12          r 13          r 14          r 15          r 16          r 17          r 18          r 19         ln lk             grad     status
  0      4.50e-06      9.00e-07       0.00100     -400.00000       0.40000       0.02000       4.00000       1.00000       1.00000       1.00000       1.00000       1.00000       1.00000       1.00000       1.00000       1.00000       1.00000       1.00000       1.00000       1.00000       1.00000       1.00000       1.00000       1.00000       1.00000  -208363.0578805869   1510.04053   -2
333      4.54e-06      9.00e-07       0.00890     -568.13504       0.22135       0.00207      37.42979       1.00064       0.96618       0.93646       0.93407       0.90693       0.88391       0.88698       0.88587       0.89582       0.89170       0.88532       0.83597       0.84559       0.91318       0.89022       0.85031       0.90387       0.87452  -192.1833392473      0.05297   -3
-- Local optimization: stuck in the same solution


---- Best joint likelihood found -192.18334 with gradient 0.05297
-- Model: B
--     eps_an        eps_cont      theta_bar     a        
--    4.54e-06      9.00e-07       0.00890       -1.00000  
--      S_d            b             p_b           S_b      
--   -568.13504       0.22135       0.00207      37.42979  
--     r  2          r  3          r  4          r  5          r  6          r  7          r  8          r  9          r 10          r 11          r 12          r 13          r 14          r 15          r 16          r 17          r 18          r 19     
--     1.00064       0.96618       0.93646       0.93407       0.90693       0.88391       0.88698       0.88587       0.89582       0.89170       0.88532       0.83597       0.84559       0.91318       0.89022       0.85031       0.90387       0.87452  

---- Expected P_neut(i), 0 < i < n (neutral SFS per site) 
E[P_neut(1)] = 0.008902
E[P_neut(2)] = 0.004454
E[P_neut(3)] = 0.002867
E[P_neut(4)] = 0.002084
E[P_neut(5)] = 0.001663
E[P_neut(6)] = 0.001346
E[P_neut(7)] = 0.001124
E[P_neut(8)] = 0.000987
E[P_neut(9)] = 0.000876
E[P_neut(10)] = 0.000797
E[P_neut(11)] = 0.000722
E[P_neut(12)] = 0.000657
E[P_neut(13)] = 0.000572
E[P_neut(14)] = 0.000538
E[P_neut(15)] = 0.000542
E[P_neut(16)] = 0.000495
E[P_neut(17)] = 0.000445
E[P_neut(18)] = 0.000447
E[P_neut(19)] = 0.000410

---- Expected P_sel(i), 0 < i < n (selected SFS per site) 
E[P_sel(1)] = 0.003637
E[P_sel(2)] = 0.001462
E[P_sel(3)] = 0.000849
E[P_sel(4)] = 0.000578
E[P_sel(5)] = 0.000440
E[P_sel(6)] = 0.000343
E[P_sel(7)] = 0.000278
E[P_sel(8)] = 0.000238
E[P_sel(9)] = 0.000207
E[P_sel(10)] = 0.000185
E[P_sel(11)] = 0.000165
E[P_sel(12)] = 0.000148
E[P_sel(13)] = 0.000127
E[P_sel(14)] = 0.000119
E[P_sel(15)] = 0.000119
E[P_sel(16)] = 0.000108
E[P_sel(17)] = 0.000098
E[P_sel(18)] = 0.000099
E[P_sel(19)] = 0.000094

---- Expected neutral and selected misattributed polymorphism per site
E[mis_neut] = 0.000445
E[mis_sel] = 0.000109

---- alpha_div = 0.324165
---- alpha_dfe = 0.280299



