---- Performing inference on Ns200_pa_0.00025_boots/Ns200_pa_0.00025.50.polyDFE.txt using model B

---- Warning: mutation variability is not used when only one neutral and one selected fragment is available.
---- No mutation variability. Using Poisson likelihood.

---- Using provided initial values


-- Starting local optimization
 it       eps_an        lambda        theta_bar      S_d            b             r  2          r  3          r  4          r  5          r  6          r  7          r  8          r  9          r 10          r 11          r 12          r 13          r 14          r 15          r 16          r 17          r 18          r 19          r 20         ln lk             grad     status
  0      4.50e-06       0.00500       0.00100     -400.00000       0.40000       1.00000       1.00000       1.00000       1.00000       1.00000       1.00000       1.00000       1.00000       1.00000       1.00000       1.00000       1.00000       1.00000       1.00000       1.00000       1.00000       1.00000       1.00000       1.00000  -224634.5107448557   1708.48590   -2
564      4.31e-06       0.00008       0.00915    -4017.56073       0.14761       0.95650       0.92221       0.88893       0.86360       0.83793       0.81223       0.81456       0.81104       0.80893       0.81587       0.79851       0.78485       0.79281       0.81194       0.81059       0.78258       0.87691       0.83360      12.64353  -436.6565936457      0.32413   -6
-- Local optimization: reached maximum running time allowed


---- Best joint likelihood found -436.65659 with gradient 0.32413
-- Model: B
--     eps_an        eps_cont      lambda        theta_bar     a        
--    4.31e-06      0.00e+00       0.00008       0.00915       -1.00000  
--      S_d            b             p_b           S_b      
--  -4017.56073       0.14761      0.00e+00      0.00e+00  
--     r  2          r  3          r  4          r  5          r  6          r  7          r  8          r  9          r 10          r 11          r 12          r 13          r 14          r 15          r 16          r 17          r 18          r 19          r 20     
--     0.95650       0.92221       0.88893       0.86360       0.83793       0.81223       0.81456       0.81104       0.80893       0.81587       0.79851       0.78485       0.79281       0.81194       0.81059       0.78258       0.87691       0.83360      12.64353  

---- Expected P_neut(i), 0 < i < n (neutral SFS per site) 
E[P_neut(1)] = 0.009152
E[P_neut(2)] = 0.004377
E[P_neut(3)] = 0.002813
E[P_neut(4)] = 0.002034
E[P_neut(5)] = 0.001581
E[P_neut(6)] = 0.001278
E[P_neut(7)] = 0.001062
E[P_neut(8)] = 0.000932
E[P_neut(9)] = 0.000825
E[P_neut(10)] = 0.000740
E[P_neut(11)] = 0.000679
E[P_neut(12)] = 0.000609
E[P_neut(13)] = 0.000553
E[P_neut(14)] = 0.000518
E[P_neut(15)] = 0.000495
E[P_neut(16)] = 0.000464
E[P_neut(17)] = 0.000421
E[P_neut(18)] = 0.000446
E[P_neut(19)] = 0.000402

---- Expected P_sel(i), 0 < i < n (selected SFS per site) 
E[P_sel(1)] = 0.003550
E[P_sel(2)] = 0.001464
E[P_sel(3)] = 0.000879
E[P_sel(4)] = 0.000608
E[P_sel(5)] = 0.000457
E[P_sel(6)] = 0.000361
E[P_sel(7)] = 0.000294
E[P_sel(8)] = 0.000253
E[P_sel(9)] = 0.000221
E[P_sel(10)] = 0.000195
E[P_sel(11)] = 0.000177
E[P_sel(12)] = 0.000157
E[P_sel(13)] = 0.000141
E[P_sel(14)] = 0.000131
E[P_sel(15)] = 0.000124
E[P_sel(16)] = 0.000115
E[P_sel(17)] = 0.000104
E[P_sel(18)] = 0.000109
E[P_sel(19)] = 0.000098

---- Expected D_neut and D_sel (neutral and selected divergence per site) 
E[D_neut] = 0.005865
E[D_sel] = 0.001420

---- Expected neutral and selected misattributed polymorphism per site
E[mis_neut] = 0.005786
E[mis_sel] = 0.001401

---- alpha_div = 1.551646
---- alpha_dfe = 0.000000



