---- Performing inference on Ns200_pa_0.00025_boots/Ns200_pa_0.00025.44.polyDFE.txt using model B

---- Warning: mutation variability is not used when only one neutral and one selected fragment is available.
---- No mutation variability. Using Poisson likelihood.

---- Using provided initial values


-- Starting local optimization
 it       eps_an        eps_cont      theta_bar      S_d            b             p_b           S_b           r  2          r  3          r  4          r  5          r  6          r  7          r  8          r  9          r 10          r 11          r 12          r 13          r 14          r 15          r 16          r 17          r 18          r 19         ln lk             grad     status
  0      4.50e-06      9.00e-07       0.00100     -400.00000       0.40000       0.02000       4.00000       1.00000       1.00000       1.00000       1.00000       1.00000       1.00000       1.00000       1.00000       1.00000       1.00000       1.00000       1.00000       1.00000       1.00000       1.00000       1.00000       1.00000       1.00000  -206064.5711847049   1498.81496   -2
366      4.56e-06      9.00e-07       0.00895     -704.24641       0.21015       0.00209      37.42886       0.96635       0.95110       0.92944       0.91931       0.87892       0.85775       0.87618       0.87731       0.86180       0.89164       0.87712       0.81113       0.86815       0.88318       0.87131       0.82864       0.86334       0.83483  -190.5410746883      0.01870   -3
-- Local optimization: stuck in the same solution


---- Best joint likelihood found -190.54107 with gradient 0.01870
-- Model: B
--     eps_an        eps_cont      theta_bar     a        
--    4.56e-06      9.00e-07       0.00895       -1.00000  
--      S_d            b             p_b           S_b      
--   -704.24641       0.21015       0.00209      37.42886  
--     r  2          r  3          r  4          r  5          r  6          r  7          r  8          r  9          r 10          r 11          r 12          r 13          r 14          r 15          r 16          r 17          r 18          r 19     
--     0.96635       0.95110       0.92944       0.91931       0.87892       0.85775       0.87618       0.87731       0.86180       0.89164       0.87712       0.81113       0.86815       0.88318       0.87131       0.82864       0.86334       0.83483  

---- Expected P_neut(i), 0 < i < n (neutral SFS per site) 
E[P_neut(1)] = 0.008955
E[P_neut(2)] = 0.004327
E[P_neut(3)] = 0.002839
E[P_neut(4)] = 0.002081
E[P_neut(5)] = 0.001646
E[P_neut(6)] = 0.001312
E[P_neut(7)] = 0.001097
E[P_neut(8)] = 0.000981
E[P_neut(9)] = 0.000873
E[P_neut(10)] = 0.000772
E[P_neut(11)] = 0.000726
E[P_neut(12)] = 0.000655
E[P_neut(13)] = 0.000559
E[P_neut(14)] = 0.000555
E[P_neut(15)] = 0.000527
E[P_neut(16)] = 0.000488
E[P_neut(17)] = 0.000437
E[P_neut(18)] = 0.000430
E[P_neut(19)] = 0.000394

---- Expected P_sel(i), 0 < i < n (selected SFS per site) 
E[P_sel(1)] = 0.003624
E[P_sel(2)] = 0.001421
E[P_sel(3)] = 0.000845
E[P_sel(4)] = 0.000582
E[P_sel(5)] = 0.000440
E[P_sel(6)] = 0.000339
E[P_sel(7)] = 0.000276
E[P_sel(8)] = 0.000241
E[P_sel(9)] = 0.000210
E[P_sel(10)] = 0.000182
E[P_sel(11)] = 0.000169
E[P_sel(12)] = 0.000150
E[P_sel(13)] = 0.000127
E[P_sel(14)] = 0.000125
E[P_sel(15)] = 0.000118
E[P_sel(16)] = 0.000109
E[P_sel(17)] = 0.000098
E[P_sel(18)] = 0.000098
E[P_sel(19)] = 0.000092

---- Expected neutral and selected misattributed polymorphism per site
E[mis_neut] = 0.000448
E[mis_sel] = 0.000112

---- alpha_div = 0.320238
---- alpha_dfe = 0.277614



