---- Performing inference on Ns200_pa_0.00025_boots/Ns200_pa_0.00025.45.polyDFE.txt using model B

---- Warning: mutation variability is not used when only one neutral and one selected fragment is available.
---- No mutation variability. Using Poisson likelihood.

---- Using provided initial values


-- Starting local optimization
 it       eps_an        theta_bar      S_d            b             r  2          r  3          r  4          r  5          r  6          r  7          r  8          r  9          r 10          r 11          r 12          r 13          r 14          r 15          r 16          r 17          r 18          r 19         ln lk             grad     status
  0      4.50e-06       0.00100     -400.00000       0.40000       1.00000       1.00000       1.00000       1.00000       1.00000       1.00000       1.00000       1.00000       1.00000       1.00000       1.00000       1.00000       1.00000       1.00000       1.00000       1.00000       1.00000       1.00000  -217061.9775290404   1591.35113   -2
132      4.50e-06       0.00894     -708.48882       0.20909       0.97995       0.95802       0.94731       0.92992       0.91292       0.88214       0.87954       0.85131       0.87323       0.86974       0.90171       0.86888       0.85538       0.93181       0.84439       0.85956       0.90078       0.92337  -192.7451857196      0.00121   -3
-- Local optimization: stuck in the same solution


---- Best joint likelihood found -192.74519 with gradient 0.00121
-- Model: B
--     eps_an        eps_cont      theta_bar     a        
--    4.50e-06      0.00e+00       0.00894       -1.00000  
--      S_d            b             p_b           S_b      
--   -708.48882       0.20909      0.00e+00      0.00e+00  
--     r  2          r  3          r  4          r  5          r  6          r  7          r  8          r  9          r 10          r 11          r 12          r 13          r 14          r 15          r 16          r 17          r 18          r 19     
--     0.97995       0.95802       0.94731       0.92992       0.91292       0.88214       0.87954       0.85131       0.87323       0.86974       0.90171       0.86888       0.85538       0.93181       0.84439       0.85956       0.90078       0.92337  

---- Expected P_neut(i), 0 < i < n (neutral SFS per site) 
E[P_neut(1)] = 0.008944
E[P_neut(2)] = 0.004382
E[P_neut(3)] = 0.002856
E[P_neut(4)] = 0.002118
E[P_neut(5)] = 0.001663
E[P_neut(6)] = 0.001361
E[P_neut(7)] = 0.001127
E[P_neut(8)] = 0.000983
E[P_neut(9)] = 0.000846
E[P_neut(10)] = 0.000781
E[P_neut(11)] = 0.000707
E[P_neut(12)] = 0.000672
E[P_neut(13)] = 0.000598
E[P_neut(14)] = 0.000546
E[P_neut(15)] = 0.000556
E[P_neut(16)] = 0.000472
E[P_neut(17)] = 0.000452
E[P_neut(18)] = 0.000448
E[P_neut(19)] = 0.000435

---- Expected P_sel(i), 0 < i < n (selected SFS per site) 
E[P_sel(1)] = 0.003616
E[P_sel(2)] = 0.001437
E[P_sel(3)] = 0.000848
E[P_sel(4)] = 0.000591
E[P_sel(5)] = 0.000443
E[P_sel(6)] = 0.000350
E[P_sel(7)] = 0.000281
E[P_sel(8)] = 0.000239
E[P_sel(9)] = 0.000202
E[P_sel(10)] = 0.000183
E[P_sel(11)] = 0.000163
E[P_sel(12)] = 0.000152
E[P_sel(13)] = 0.000133
E[P_sel(14)] = 0.000120
E[P_sel(15)] = 0.000121
E[P_sel(16)] = 0.000102
E[P_sel(17)] = 0.000096
E[P_sel(18)] = 0.000094
E[P_sel(19)] = 0.000091

---- Expected neutral and selected misattributed polymorphism per site
E[mis_neut] = 0.000447
E[mis_sel] = 0.000093

---- alpha_div = 0.302820
---- alpha_dfe = 0.000000



