---- Performing inference on Ns200_pa_0.00025_boots/Ns200_pa_0.00025.66.polyDFE.txt using model B

---- Warning: mutation variability is not used when only one neutral and one selected fragment is available.
---- No mutation variability. Using Poisson likelihood.

---- Using provided initial values


-- Starting local optimization
 it       eps_an        theta_bar      S_d            b             r  2          r  3          r  4          r  5          r  6          r  7          r  8          r  9          r 10          r 11          r 12          r 13          r 14          r 15          r 16          r 17          r 18          r 19         ln lk             grad     status
  0      4.50e-06       0.00100     -400.00000       0.40000       1.00000       1.00000       1.00000       1.00000       1.00000       1.00000       1.00000       1.00000       1.00000       1.00000       1.00000       1.00000       1.00000       1.00000       1.00000       1.00000       1.00000       1.00000  -217316.6615365849   1593.54916   -2
147      4.50e-06       0.00908     -873.26763       0.19823       0.97342       0.92608       0.92336       0.90021       0.88528       0.82642       0.82393       0.86263       0.86269       0.87755       0.84748       0.82094       0.85838       0.84877       0.85541       0.78457       0.85876       0.85563  -194.1868878124      0.00050   -3
-- Local optimization: stuck in the same solution


---- Best joint likelihood found -194.18689 with gradient 0.00050
-- Model: B
--     eps_an        eps_cont      theta_bar     a        
--    4.50e-06      0.00e+00       0.00908       -1.00000  
--      S_d            b             p_b           S_b      
--   -873.26763       0.19823      0.00e+00      0.00e+00  
--     r  2          r  3          r  4          r  5          r  6          r  7          r  8          r  9          r 10          r 11          r 12          r 13          r 14          r 15          r 16          r 17          r 18          r 19     
--     0.97342       0.92608       0.92336       0.90021       0.88528       0.82642       0.82393       0.86263       0.86269       0.87755       0.84748       0.82094       0.85838       0.84877       0.85541       0.78457       0.85876       0.85563  

---- Expected P_neut(i), 0 < i < n (neutral SFS per site) 
E[P_neut(1)] = 0.009077
E[P_neut(2)] = 0.004418
E[P_neut(3)] = 0.002802
E[P_neut(4)] = 0.002095
E[P_neut(5)] = 0.001634
E[P_neut(6)] = 0.001339
E[P_neut(7)] = 0.001072
E[P_neut(8)] = 0.000935
E[P_neut(9)] = 0.000870
E[P_neut(10)] = 0.000783
E[P_neut(11)] = 0.000724
E[P_neut(12)] = 0.000641
E[P_neut(13)] = 0.000573
E[P_neut(14)] = 0.000557
E[P_neut(15)] = 0.000514
E[P_neut(16)] = 0.000485
E[P_neut(17)] = 0.000419
E[P_neut(18)] = 0.000433
E[P_neut(19)] = 0.000409

---- Expected P_sel(i), 0 < i < n (selected SFS per site) 
E[P_sel(1)] = 0.003654
E[P_sel(2)] = 0.001457
E[P_sel(3)] = 0.000842
E[P_sel(4)] = 0.000593
E[P_sel(5)] = 0.000443
E[P_sel(6)] = 0.000351
E[P_sel(7)] = 0.000273
E[P_sel(8)] = 0.000233
E[P_sel(9)] = 0.000212
E[P_sel(10)] = 0.000187
E[P_sel(11)] = 0.000171
E[P_sel(12)] = 0.000149
E[P_sel(13)] = 0.000131
E[P_sel(14)] = 0.000126
E[P_sel(15)] = 0.000115
E[P_sel(16)] = 0.000107
E[P_sel(17)] = 0.000092
E[P_sel(18)] = 0.000094
E[P_sel(19)] = 0.000088

---- Expected neutral and selected misattributed polymorphism per site
E[mis_neut] = 0.000454
E[mis_sel] = 0.000097

---- alpha_div = 0.302667
---- alpha_dfe = 0.000000



