---- Performing inference on Ns200_pa_0.00025_boots/Ns200_pa_0.00025.51.polyDFE.txt using model B

---- Warning: mutation variability is not used when only one neutral and one selected fragment is available.
---- No mutation variability. Using Poisson likelihood.

---- Using provided initial values


-- Starting local optimization
 it       eps_an        eps_cont      theta_bar      S_d            b             p_b           S_b           r  2          r  3          r  4          r  5          r  6          r  7          r  8          r  9          r 10          r 11          r 12          r 13          r 14          r 15          r 16          r 17          r 18          r 19         ln lk             grad     status
  0      4.50e-06      9.00e-07       0.00100     -400.00000       0.40000       0.02000       4.00000       1.00000       1.00000       1.00000       1.00000       1.00000       1.00000       1.00000       1.00000       1.00000       1.00000       1.00000       1.00000       1.00000       1.00000       1.00000       1.00000       1.00000       1.00000  -206338.2850377447   1498.74735   -2
467      4.49e-06      9.00e-07       0.00903     -762.32073       0.21270       0.00885       1.39807       0.97552       0.94365       0.92600       0.91658       0.89439       0.85657       0.85920       0.84110       0.86845       0.87522       0.88712       0.83900       0.84951       0.89573       0.82155       0.83007       0.81511       0.88815  -200.0684645283      0.00085   -3
-- Local optimization: stuck in the same solution


---- Best joint likelihood found -200.06846 with gradient 0.00085
-- Model: B
--     eps_an        eps_cont      theta_bar     a        
--    4.49e-06      9.00e-07       0.00903       -1.00000  
--      S_d            b             p_b           S_b      
--   -762.32073       0.21270       0.00885       1.39807  
--     r  2          r  3          r  4          r  5          r  6          r  7          r  8          r  9          r 10          r 11          r 12          r 13          r 14          r 15          r 16          r 17          r 18          r 19     
--     0.97552       0.94365       0.92600       0.91658       0.89439       0.85657       0.85920       0.84110       0.86845       0.87522       0.88712       0.83900       0.84951       0.89573       0.82155       0.83007       0.81511       0.88815  

---- Expected P_neut(i), 0 < i < n (neutral SFS per site) 
E[P_neut(1)] = 0.009031
E[P_neut(2)] = 0.004405
E[P_neut(3)] = 0.002841
E[P_neut(4)] = 0.002091
E[P_neut(5)] = 0.001656
E[P_neut(6)] = 0.001346
E[P_neut(7)] = 0.001105
E[P_neut(8)] = 0.000970
E[P_neut(9)] = 0.000844
E[P_neut(10)] = 0.000784
E[P_neut(11)] = 0.000719
E[P_neut(12)] = 0.000668
E[P_neut(13)] = 0.000583
E[P_neut(14)] = 0.000548
E[P_neut(15)] = 0.000539
E[P_neut(16)] = 0.000464
E[P_neut(17)] = 0.000441
E[P_neut(18)] = 0.000409
E[P_neut(19)] = 0.000422

---- Expected P_sel(i), 0 < i < n (selected SFS per site) 
E[P_sel(1)] = 0.003606
E[P_sel(2)] = 0.001429
E[P_sel(3)] = 0.000837
E[P_sel(4)] = 0.000579
E[P_sel(5)] = 0.000439
E[P_sel(6)] = 0.000345
E[P_sel(7)] = 0.000276
E[P_sel(8)] = 0.000236
E[P_sel(9)] = 0.000202
E[P_sel(10)] = 0.000184
E[P_sel(11)] = 0.000166
E[P_sel(12)] = 0.000153
E[P_sel(13)] = 0.000132
E[P_sel(14)] = 0.000122
E[P_sel(15)] = 0.000119
E[P_sel(16)] = 0.000102
E[P_sel(17)] = 0.000096
E[P_sel(18)] = 0.000088
E[P_sel(19)] = 0.000091

---- Expected neutral and selected misattributed polymorphism per site
E[mis_neut] = 0.000452
E[mis_sel] = 0.000096

---- alpha_div = 0.340245
---- alpha_dfe = 0.077447



