---- Performing inference on Ns200_pa_0.00025_boots/Ns200_pa_0.00025.52.polyDFE.txt using model B

---- Warning: mutation variability is not used when only one neutral and one selected fragment is available.
---- No mutation variability. Using Poisson likelihood.

---- Using provided initial values


-- Starting local optimization
 it       eps_an        theta_bar      S_d            b             r  2          r  3          r  4          r  5          r  6          r  7          r  8          r  9          r 10          r 11          r 12          r 13          r 14          r 15          r 16          r 17          r 18          r 19         ln lk             grad     status
  0      4.50e-06       0.00100     -400.00000       0.40000       1.00000       1.00000       1.00000       1.00000       1.00000       1.00000       1.00000       1.00000       1.00000       1.00000       1.00000       1.00000       1.00000       1.00000       1.00000       1.00000       1.00000       1.00000  -217155.1308956743   1591.77263   -2
143      4.50e-06       0.00901     -782.09837       0.20462       0.97583       0.95979       0.92891       0.92724       0.87091       0.85252       0.88515       0.85848       0.87617       0.88826       0.87025       0.85669       0.85677       0.87448       0.84301       0.84239       0.86504       0.90645  -198.5477017483      0.00065   -3
-- Local optimization: stuck in the same solution


---- Best joint likelihood found -198.54770 with gradient 0.00065
-- Model: B
--     eps_an        eps_cont      theta_bar     a        
--    4.50e-06      0.00e+00       0.00901       -1.00000  
--      S_d            b             p_b           S_b      
--   -782.09837       0.20462      0.00e+00      0.00e+00  
--     r  2          r  3          r  4          r  5          r  6          r  7          r  8          r  9          r 10          r 11          r 12          r 13          r 14          r 15          r 16          r 17          r 18          r 19     
--     0.97583       0.95979       0.92891       0.92724       0.87091       0.85252       0.88515       0.85848       0.87617       0.88826       0.87025       0.85669       0.85677       0.87448       0.84301       0.84239       0.86504       0.90645  

---- Expected P_neut(i), 0 < i < n (neutral SFS per site) 
E[P_neut(1)] = 0.009007
E[P_neut(2)] = 0.004395
E[P_neut(3)] = 0.002882
E[P_neut(4)] = 0.002092
E[P_neut(5)] = 0.001670
E[P_neut(6)] = 0.001307
E[P_neut(7)] = 0.001097
E[P_neut(8)] = 0.000997
E[P_neut(9)] = 0.000859
E[P_neut(10)] = 0.000789
E[P_neut(11)] = 0.000727
E[P_neut(12)] = 0.000653
E[P_neut(13)] = 0.000594
E[P_neut(14)] = 0.000551
E[P_neut(15)] = 0.000525
E[P_neut(16)] = 0.000475
E[P_neut(17)] = 0.000446
E[P_neut(18)] = 0.000433
E[P_neut(19)] = 0.000430

---- Expected P_sel(i), 0 < i < n (selected SFS per site) 
E[P_sel(1)] = 0.003624
E[P_sel(2)] = 0.001440
E[P_sel(3)] = 0.000857
E[P_sel(4)] = 0.000585
E[P_sel(5)] = 0.000447
E[P_sel(6)] = 0.000338
E[P_sel(7)] = 0.000275
E[P_sel(8)] = 0.000244
E[P_sel(9)] = 0.000206
E[P_sel(10)] = 0.000186
E[P_sel(11)] = 0.000168
E[P_sel(12)] = 0.000149
E[P_sel(13)] = 0.000133
E[P_sel(14)] = 0.000122
E[P_sel(15)] = 0.000115
E[P_sel(16)] = 0.000103
E[P_sel(17)] = 0.000096
E[P_sel(18)] = 0.000092
E[P_sel(19)] = 0.000091

---- Expected neutral and selected misattributed polymorphism per site
E[mis_neut] = 0.000450
E[mis_sel] = 0.000094

---- alpha_div = 0.318641
---- alpha_dfe = 0.000000



