---- Performing inference on Ns200_pa_0.00025_boots/Ns200_pa_0.00025.79.polyDFE.txt using model B

---- Warning: mutation variability is not used when only one neutral and one selected fragment is available.
---- No mutation variability. Using Poisson likelihood.

---- Using provided initial values


-- Starting local optimization
 it       eps_an        theta_bar      S_d            b             r  2          r  3          r  4          r  5          r  6          r  7          r  8          r  9          r 10          r 11          r 12          r 13          r 14          r 15          r 16          r 17          r 18          r 19         ln lk             grad     status
  0      4.50e-06       0.00100     -400.00000       0.40000       1.00000       1.00000       1.00000       1.00000       1.00000       1.00000       1.00000       1.00000       1.00000       1.00000       1.00000       1.00000       1.00000       1.00000       1.00000       1.00000       1.00000       1.00000  -216668.9949949387   1588.24589   -2
124      4.50e-06       0.00901     -796.11477       0.20549       0.97419       0.96311       0.93793       0.91812       0.90068       0.86771       0.87751       0.86589       0.85677       0.87866       0.85397       0.86148       0.84863       0.90787       0.86165       0.86668       0.89125       0.87871  -194.9249326509      0.00100   -3
-- Local optimization: stuck in the same solution


---- Best joint likelihood found -194.92493 with gradient 0.00100
-- Model: B
--     eps_an        eps_cont      theta_bar     a        
--    4.50e-06      0.00e+00       0.00901       -1.00000  
--      S_d            b             p_b           S_b      
--   -796.11477       0.20549      0.00e+00      0.00e+00  
--     r  2          r  3          r  4          r  5          r  6          r  7          r  8          r  9          r 10          r 11          r 12          r 13          r 14          r 15          r 16          r 17          r 18          r 19     
--     0.97419       0.96311       0.93793       0.91812       0.90068       0.86771       0.87751       0.86589       0.85677       0.87866       0.85397       0.86148       0.84863       0.90787       0.86165       0.86668       0.89125       0.87871  

---- Expected P_neut(i), 0 < i < n (neutral SFS per site) 
E[P_neut(1)] = 0.009012
E[P_neut(2)] = 0.004390
E[P_neut(3)] = 0.002893
E[P_neut(4)] = 0.002113
E[P_neut(5)] = 0.001655
E[P_neut(6)] = 0.001353
E[P_neut(7)] = 0.001117
E[P_neut(8)] = 0.000989
E[P_neut(9)] = 0.000867
E[P_neut(10)] = 0.000772
E[P_neut(11)] = 0.000720
E[P_neut(12)] = 0.000641
E[P_neut(13)] = 0.000597
E[P_neut(14)] = 0.000546
E[P_neut(15)] = 0.000545
E[P_neut(16)] = 0.000485
E[P_neut(17)] = 0.000459
E[P_neut(18)] = 0.000446
E[P_neut(19)] = 0.000417

---- Expected P_sel(i), 0 < i < n (selected SFS per site) 
E[P_sel(1)] = 0.003602
E[P_sel(2)] = 0.001427
E[P_sel(3)] = 0.000854
E[P_sel(4)] = 0.000586
E[P_sel(5)] = 0.000439
E[P_sel(6)] = 0.000346
E[P_sel(7)] = 0.000278
E[P_sel(8)] = 0.000240
E[P_sel(9)] = 0.000206
E[P_sel(10)] = 0.000180
E[P_sel(11)] = 0.000165
E[P_sel(12)] = 0.000145
E[P_sel(13)] = 0.000133
E[P_sel(14)] = 0.000120
E[P_sel(15)] = 0.000119
E[P_sel(16)] = 0.000104
E[P_sel(17)] = 0.000098
E[P_sel(18)] = 0.000094
E[P_sel(19)] = 0.000087

---- Expected neutral and selected misattributed polymorphism per site
E[mis_neut] = 0.000451
E[mis_sel] = 0.000093

---- alpha_div = 0.314346
---- alpha_dfe = 0.000000



