---- Performing inference on Ns200_pa_0.00025_boots/Ns200_pa_0.00025.54.polyDFE.txt using model B

---- Warning: mutation variability is not used when only one neutral and one selected fragment is available.
---- No mutation variability. Using Poisson likelihood.

---- Using provided initial values


-- Starting local optimization
 it       eps_an        lambda        theta_bar      S_d            b             r  2          r  3          r  4          r  5          r  6          r  7          r  8          r  9          r 10          r 11          r 12          r 13          r 14          r 15          r 16          r 17          r 18          r 19          r 20         ln lk             grad     status
  0      4.50e-06       0.00500       0.00100     -400.00000       0.40000       1.00000       1.00000       1.00000       1.00000       1.00000       1.00000       1.00000       1.00000       1.00000       1.00000       1.00000       1.00000       1.00000       1.00000       1.00000       1.00000       1.00000       1.00000       1.00000  -224134.2030426115   1703.07904   -2
520      4.43e-06       0.00028       0.00922    -3446.84559       0.15189       0.93457       0.91124       0.88492       0.86953       0.84596       0.82517       0.80932       0.81395       0.81027       0.80650       0.78219       0.81111       0.81083       0.80758       0.78781       0.74752       0.78336       0.85152      12.17940  -447.0944906079      0.02269   -3
-- Local optimization: stuck in the same solution


---- Best joint likelihood found -447.09449 with gradient 0.02269
-- Model: B
--     eps_an        eps_cont      lambda        theta_bar     a        
--    4.43e-06      0.00e+00       0.00028       0.00922       -1.00000  
--      S_d            b             p_b           S_b      
--  -3446.84559       0.15189      0.00e+00      0.00e+00  
--     r  2          r  3          r  4          r  5          r  6          r  7          r  8          r  9          r 10          r 11          r 12          r 13          r 14          r 15          r 16          r 17          r 18          r 19          r 20     
--     0.93457       0.91124       0.88492       0.86953       0.84596       0.82517       0.80932       0.81395       0.81027       0.80650       0.78219       0.81111       0.81083       0.80758       0.78781       0.74752       0.78336       0.85152      12.17940  

---- Expected P_neut(i), 0 < i < n (neutral SFS per site) 
E[P_neut(1)] = 0.009222
E[P_neut(2)] = 0.004309
E[P_neut(3)] = 0.002801
E[P_neut(4)] = 0.002040
E[P_neut(5)] = 0.001604
E[P_neut(6)] = 0.001300
E[P_neut(7)] = 0.001087
E[P_neut(8)] = 0.000933
E[P_neut(9)] = 0.000834
E[P_neut(10)] = 0.000747
E[P_neut(11)] = 0.000676
E[P_neut(12)] = 0.000601
E[P_neut(13)] = 0.000575
E[P_neut(14)] = 0.000534
E[P_neut(15)] = 0.000496
E[P_neut(16)] = 0.000454
E[P_neut(17)] = 0.000406
E[P_neut(18)] = 0.000401
E[P_neut(19)] = 0.000413

---- Expected P_sel(i), 0 < i < n (selected SFS per site) 
E[P_sel(1)] = 0.003579
E[P_sel(2)] = 0.001436
E[P_sel(3)] = 0.000869
E[P_sel(4)] = 0.000605
E[P_sel(5)] = 0.000460
E[P_sel(6)] = 0.000364
E[P_sel(7)] = 0.000298
E[P_sel(8)] = 0.000251
E[P_sel(9)] = 0.000221
E[P_sel(10)] = 0.000195
E[P_sel(11)] = 0.000174
E[P_sel(12)] = 0.000153
E[P_sel(13)] = 0.000145
E[P_sel(14)] = 0.000133
E[P_sel(15)] = 0.000123
E[P_sel(16)] = 0.000112
E[P_sel(17)] = 0.000099
E[P_sel(18)] = 0.000097
E[P_sel(19)] = 0.000099

---- Expected D_neut and D_sel (neutral and selected divergence per site) 
E[D_neut] = 0.005892
E[D_sel] = 0.001407

---- Expected neutral and selected misattributed polymorphism per site
E[mis_neut] = 0.005616
E[mis_sel] = 0.001342

---- alpha_div = 1.243285
---- alpha_dfe = 0.000000



