---- Performing inference on Ns200_pa_0.00025_boots/Ns200_pa_0.00025.72.polyDFE.txt using model B

---- Warning: mutation variability is not used when only one neutral and one selected fragment is available.
---- No mutation variability. Using Poisson likelihood.

---- Using provided initial values


-- Starting local optimization
 it       eps_an        eps_cont      theta_bar      S_d            b             p_b           S_b           r  2          r  3          r  4          r  5          r  6          r  7          r  8          r  9          r 10          r 11          r 12          r 13          r 14          r 15          r 16          r 17          r 18          r 19         ln lk             grad     status
  0      4.50e-06      9.00e-07       0.00100     -400.00000       0.40000       0.02000       4.00000       1.00000       1.00000       1.00000       1.00000       1.00000       1.00000       1.00000       1.00000       1.00000       1.00000       1.00000       1.00000       1.00000       1.00000       1.00000       1.00000       1.00000       1.00000  -208823.9522635585   1511.06304   -2
563      4.50e-06      9.00e-07       0.00902     -655.75480       0.21748       0.00301      14.25451       0.98075       0.95638       0.94792       0.93707       0.92078       0.87153       0.90110       0.86735       0.87991       0.90090       0.85993       0.86512       0.86165       0.88043       0.81998       0.81541       0.86784       0.85031  -191.4901283738      0.00133   -3
-- Local optimization: stuck in the same solution


---- Best joint likelihood found -191.49013 with gradient 0.00133
-- Model: B
--     eps_an        eps_cont      theta_bar     a        
--    4.50e-06      9.00e-07       0.00902       -1.00000  
--      S_d            b             p_b           S_b      
--   -655.75480       0.21748       0.00301      14.25451  
--     r  2          r  3          r  4          r  5          r  6          r  7          r  8          r  9          r 10          r 11          r 12          r 13          r 14          r 15          r 16          r 17          r 18          r 19     
--     0.98075       0.95638       0.94792       0.93707       0.92078       0.87153       0.90110       0.86735       0.87991       0.90090       0.85993       0.86512       0.86165       0.88043       0.81998       0.81541       0.86784       0.85031  

---- Expected P_neut(i), 0 < i < n (neutral SFS per site) 
E[P_neut(1)] = 0.009017
E[P_neut(2)] = 0.004422
E[P_neut(3)] = 0.002874
E[P_neut(4)] = 0.002137
E[P_neut(5)] = 0.001690
E[P_neut(6)] = 0.001384
E[P_neut(7)] = 0.001123
E[P_neut(8)] = 0.001016
E[P_neut(9)] = 0.000869
E[P_neut(10)] = 0.000793
E[P_neut(11)] = 0.000738
E[P_neut(12)] = 0.000646
E[P_neut(13)] = 0.000600
E[P_neut(14)] = 0.000555
E[P_neut(15)] = 0.000529
E[P_neut(16)] = 0.000462
E[P_neut(17)] = 0.000433
E[P_neut(18)] = 0.000435
E[P_neut(19)] = 0.000404

---- Expected P_sel(i), 0 < i < n (selected SFS per site) 
E[P_sel(1)] = 0.003624
E[P_sel(2)] = 0.001433
E[P_sel(3)] = 0.000842
E[P_sel(4)] = 0.000587
E[P_sel(5)] = 0.000443
E[P_sel(6)] = 0.000350
E[P_sel(7)] = 0.000276
E[P_sel(8)] = 0.000244
E[P_sel(9)] = 0.000205
E[P_sel(10)] = 0.000184
E[P_sel(11)] = 0.000169
E[P_sel(12)] = 0.000146
E[P_sel(13)] = 0.000134
E[P_sel(14)] = 0.000123
E[P_sel(15)] = 0.000117
E[P_sel(16)] = 0.000102
E[P_sel(17)] = 0.000096
E[P_sel(18)] = 0.000097
E[P_sel(19)] = 0.000091

---- Expected neutral and selected misattributed polymorphism per site
E[mis_neut] = 0.000451
E[mis_sel] = 0.000104

---- alpha_div = 0.340465
---- alpha_dfe = 0.178860



