---- Performing inference on Ns200_pa_0.00025_boots/Ns200_pa_0.00025.40.polyDFE.txt using model B

---- Warning: mutation variability is not used when only one neutral and one selected fragment is available.
---- No mutation variability. Using Poisson likelihood.

---- Using provided initial values


-- Starting local optimization
 it       eps_an        eps_cont      lambda        theta_bar      S_d            b             p_b           S_b           r  2          r  3          r  4          r  5          r  6          r  7          r  8          r  9          r 10          r 11          r 12          r 13          r 14          r 15          r 16          r 17          r 18          r 19          r 20         ln lk             grad     status
  0      4.50e-06      9.00e-07       0.00500       0.00100     -400.00000       0.40000       0.02000       4.00000       1.00000       1.00000       1.00000       1.00000       1.00000       1.00000       1.00000       1.00000       1.00000       1.00000       1.00000       1.00000       1.00000       1.00000       1.00000       1.00000       1.00000       1.00000       1.00000  -209998.4783284920   1541.98535   -2
128      4.50e-06      9.00e-07       0.00491       0.00903     -834.80917       0.20256       0.00241      37.42955       0.96806       0.95467       0.94597       0.90180       0.86675       0.83159       0.85058       0.85084       0.84221       0.86702       0.84031       0.85164       0.84934       0.87897       0.82654       0.83641       0.84065       0.83693       1.02550  -201.3515922630      0.07109   -3
-- Local optimization: stuck in the same solution


---- Best joint likelihood found -201.35159 with gradient 0.07109
-- Model: B
--     eps_an        eps_cont      lambda        theta_bar     a        
--    4.50e-06      9.00e-07       0.00491       0.00903       -1.00000  
--      S_d            b             p_b           S_b      
--   -834.80917       0.20256       0.00241      37.42955  
--     r  2          r  3          r  4          r  5          r  6          r  7          r  8          r  9          r 10          r 11          r 12          r 13          r 14          r 15          r 16          r 17          r 18          r 19          r 20     
--     0.96806       0.95467       0.94597       0.90180       0.86675       0.83159       0.85058       0.85084       0.84221       0.86702       0.84031       0.85164       0.84934       0.87897       0.82654       0.83641       0.84065       0.83693       1.02550  

---- Expected P_neut(i), 0 < i < n (neutral SFS per site) 
E[P_neut(1)] = 0.009034
E[P_neut(2)] = 0.004373
E[P_neut(3)] = 0.002875
E[P_neut(4)] = 0.002137
E[P_neut(5)] = 0.001629
E[P_neut(6)] = 0.001305
E[P_neut(7)] = 0.001073
E[P_neut(8)] = 0.000961
E[P_neut(9)] = 0.000854
E[P_neut(10)] = 0.000761
E[P_neut(11)] = 0.000712
E[P_neut(12)] = 0.000633
E[P_neut(13)] = 0.000592
E[P_neut(14)] = 0.000548
E[P_neut(15)] = 0.000529
E[P_neut(16)] = 0.000467
E[P_neut(17)] = 0.000445
E[P_neut(18)] = 0.000422
E[P_neut(19)] = 0.000398

---- Expected P_sel(i), 0 < i < n (selected SFS per site) 
E[P_sel(1)] = 0.003628
E[P_sel(2)] = 0.001435
E[P_sel(3)] = 0.000859
E[P_sel(4)] = 0.000601
E[P_sel(5)] = 0.000439
E[P_sel(6)] = 0.000340
E[P_sel(7)] = 0.000272
E[P_sel(8)] = 0.000238
E[P_sel(9)] = 0.000208
E[P_sel(10)] = 0.000182
E[P_sel(11)] = 0.000168
E[P_sel(12)] = 0.000148
E[P_sel(13)] = 0.000137
E[P_sel(14)] = 0.000126
E[P_sel(15)] = 0.000121
E[P_sel(16)] = 0.000107
E[P_sel(17)] = 0.000102
E[P_sel(18)] = 0.000099
E[P_sel(19)] = 0.000096

---- Expected D_neut and D_sel (neutral and selected divergence per site) 
E[D_neut] = 0.005373
E[D_sel] = 0.001580

---- Expected neutral and selected misattributed polymorphism per site
E[mis_neut] = 0.000463
E[mis_sel] = 0.000120

---- alpha_div = 0.304719
---- alpha_dfe = 0.303971



