---- Performing inference on Ns200_pa_0.00025_boots/Ns200_pa_0.00025.0.polyDFE.txt using model B

---- Warning: mutation variability is not used when only one neutral and one selected fragment is available.
---- No mutation variability. Using Poisson likelihood.

---- Using provided initial values


-- Starting local optimization
 it       eps_an        eps_cont      lambda        theta_bar      S_d            b             p_b           S_b           r  2          r  3          r  4          r  5          r  6          r  7          r  8          r  9          r 10          r 11          r 12          r 13          r 14          r 15          r 16          r 17          r 18          r 19          r 20         ln lk             grad     status
  0      4.50e-06      9.00e-07       0.00500       0.00100     -400.00000       0.40000       0.02000       4.00000       1.00000       1.00000       1.00000       1.00000       1.00000       1.00000       1.00000       1.00000       1.00000       1.00000       1.00000       1.00000       1.00000       1.00000       1.00000       1.00000       1.00000       1.00000       1.00000  -208841.6063658072   1534.34171   -2
124      4.49e-06      9.00e-07       0.00507       0.00898     -627.31165       0.21922       0.00263      37.42820       0.98279       0.95147       0.92623       0.90801       0.92496       0.86058       0.85024       0.87918       0.88042       0.90060       0.87620       0.88338       0.86031       0.88341       0.84724       0.82283       0.87443       0.86744       0.88329  -214.5972120646      0.03758   -3
-- Local optimization: stuck in the same solution


---- Best joint likelihood found -214.59721 with gradient 0.03758
-- Model: B
--     eps_an        eps_cont      lambda        theta_bar     a        
--    4.49e-06      9.00e-07       0.00507       0.00898       -1.00000  
--      S_d            b             p_b           S_b      
--   -627.31165       0.21922       0.00263      37.42820  
--     r  2          r  3          r  4          r  5          r  6          r  7          r  8          r  9          r 10          r 11          r 12          r 13          r 14          r 15          r 16          r 17          r 18          r 19          r 20     
--     0.98279       0.95147       0.92623       0.90801       0.92496       0.86058       0.85024       0.87918       0.88042       0.90060       0.87620       0.88338       0.86031       0.88341       0.84724       0.82283       0.87443       0.86744       0.88329  

---- Expected P_neut(i), 0 < i < n (neutral SFS per site) 
E[P_neut(1)] = 0.008977
E[P_neut(2)] = 0.004411
E[P_neut(3)] = 0.002847
E[P_neut(4)] = 0.002079
E[P_neut(5)] = 0.001630
E[P_neut(6)] = 0.001384
E[P_neut(7)] = 0.001104
E[P_neut(8)] = 0.000954
E[P_neut(9)] = 0.000877
E[P_neut(10)] = 0.000790
E[P_neut(11)] = 0.000735
E[P_neut(12)] = 0.000656
E[P_neut(13)] = 0.000610
E[P_neut(14)] = 0.000552
E[P_neut(15)] = 0.000529
E[P_neut(16)] = 0.000475
E[P_neut(17)] = 0.000435
E[P_neut(18)] = 0.000436
E[P_neut(19)] = 0.000410

---- Expected P_sel(i), 0 < i < n (selected SFS per site) 
E[P_sel(1)] = 0.003619
E[P_sel(2)] = 0.001431
E[P_sel(3)] = 0.000834
E[P_sel(4)] = 0.000571
E[P_sel(5)] = 0.000427
E[P_sel(6)] = 0.000350
E[P_sel(7)] = 0.000271
E[P_sel(8)] = 0.000229
E[P_sel(9)] = 0.000206
E[P_sel(10)] = 0.000182
E[P_sel(11)] = 0.000167
E[P_sel(12)] = 0.000147
E[P_sel(13)] = 0.000136
E[P_sel(14)] = 0.000122
E[P_sel(15)] = 0.000116
E[P_sel(16)] = 0.000104
E[P_sel(17)] = 0.000096
E[P_sel(18)] = 0.000098
E[P_sel(19)] = 0.000096

---- Expected D_neut and D_sel (neutral and selected divergence per site) 
E[D_neut] = 0.005464
E[D_sel] = 0.001598

---- Expected neutral and selected misattributed polymorphism per site
E[mis_neut] = 0.000396
E[mis_sel] = 0.000101

---- alpha_div = 0.335534
---- alpha_dfe = 0.333768



