---- Performing inference on Ns200_pa_0.00025_boots/Ns200_pa_0.00025.24.polyDFE.txt using model B

---- Warning: mutation variability is not used when only one neutral and one selected fragment is available.
---- No mutation variability. Using Poisson likelihood.

---- Using provided initial values


-- Starting local optimization
 it       eps_an        eps_cont      lambda        theta_bar      S_d            b             p_b           S_b           r  2          r  3          r  4          r  5          r  6          r  7          r  8          r  9          r 10          r 11          r 12          r 13          r 14          r 15          r 16          r 17          r 18          r 19          r 20         ln lk             grad     status
  0      4.50e-06      9.00e-07       0.00500       0.00100     -400.00000       0.40000       0.02000       4.00000       1.00000       1.00000       1.00000       1.00000       1.00000       1.00000       1.00000       1.00000       1.00000       1.00000       1.00000       1.00000       1.00000       1.00000       1.00000       1.00000       1.00000       1.00000       1.00000  -209722.1832245534   1541.32297   -2
132      4.49e-06      9.00e-07       0.00498       0.00903     -921.19574       0.19863       0.00241      37.42654       0.97086       0.93557       0.92411       0.91173       0.90543       0.85318       0.86251       0.86069       0.85821       0.85813       0.84039       0.82671       0.85338       0.82332       0.83818       0.83434       0.87075       0.79133       0.90984  -206.6475246401      0.30590   -3
-- Local optimization: stuck in the same solution


---- Best joint likelihood found -206.64752 with gradient 0.30590
-- Model: B
--     eps_an        eps_cont      lambda        theta_bar     a        
--    4.49e-06      9.00e-07       0.00498       0.00903       -1.00000  
--      S_d            b             p_b           S_b      
--   -921.19574       0.19863       0.00241      37.42654  
--     r  2          r  3          r  4          r  5          r  6          r  7          r  8          r  9          r 10          r 11          r 12          r 13          r 14          r 15          r 16          r 17          r 18          r 19          r 20     
--     0.97086       0.93557       0.92411       0.91173       0.90543       0.85318       0.86251       0.86069       0.85821       0.85813       0.84039       0.82671       0.85338       0.82332       0.83818       0.83434       0.87075       0.79133       0.90984  

---- Expected P_neut(i), 0 < i < n (neutral SFS per site) 
E[P_neut(1)] = 0.009033
E[P_neut(2)] = 0.004385
E[P_neut(3)] = 0.002817
E[P_neut(4)] = 0.002087
E[P_neut(5)] = 0.001647
E[P_neut(6)] = 0.001363
E[P_neut(7)] = 0.001101
E[P_neut(8)] = 0.000974
E[P_neut(9)] = 0.000864
E[P_neut(10)] = 0.000775
E[P_neut(11)] = 0.000705
E[P_neut(12)] = 0.000633
E[P_neut(13)] = 0.000574
E[P_neut(14)] = 0.000551
E[P_neut(15)] = 0.000496
E[P_neut(16)] = 0.000473
E[P_neut(17)] = 0.000443
E[P_neut(18)] = 0.000437
E[P_neut(19)] = 0.000376

---- Expected P_sel(i), 0 < i < n (selected SFS per site) 
E[P_sel(1)] = 0.003608
E[P_sel(2)] = 0.001437
E[P_sel(3)] = 0.000842
E[P_sel(4)] = 0.000588
E[P_sel(5)] = 0.000445
E[P_sel(6)] = 0.000356
E[P_sel(7)] = 0.000280
E[P_sel(8)] = 0.000243
E[P_sel(9)] = 0.000211
E[P_sel(10)] = 0.000186
E[P_sel(11)] = 0.000167
E[P_sel(12)] = 0.000148
E[P_sel(13)] = 0.000134
E[P_sel(14)] = 0.000127
E[P_sel(15)] = 0.000114
E[P_sel(16)] = 0.000109
E[P_sel(17)] = 0.000103
E[P_sel(18)] = 0.000103
E[P_sel(19)] = 0.000092

---- Expected D_neut and D_sel (neutral and selected divergence per site) 
E[D_neut] = 0.005395
E[D_sel] = 0.001596

---- Expected neutral and selected misattributed polymorphism per site
E[mis_neut] = 0.000411
E[mis_sel] = 0.000107

---- alpha_div = 0.305706
---- alpha_dfe = 0.302174



