---- Performing inference on Ns200_pa_0.00025_boots/Ns200_pa_0.00025.18.polyDFE.txt using model B

---- Warning: mutation variability is not used when only one neutral and one selected fragment is available.
---- No mutation variability. Using Poisson likelihood.

---- Using provided initial values


-- Starting local optimization
 it       eps_an        theta_bar      S_d            b             r  2          r  3          r  4          r  5          r  6          r  7          r  8          r  9          r 10          r 11          r 12          r 13          r 14          r 15          r 16          r 17          r 18          r 19         ln lk             grad     status
  0      4.50e-06       0.00100     -400.00000       0.40000       1.00000       1.00000       1.00000       1.00000       1.00000       1.00000       1.00000       1.00000       1.00000       1.00000       1.00000       1.00000       1.00000       1.00000       1.00000       1.00000       1.00000       1.00000  -216602.9092244924   1588.26828   -2
192      4.50e-06       0.00911    -1021.62930       0.19498       0.96147       0.94218       0.92979       0.92149       0.88385       0.86068       0.84812       0.85404       0.87950       0.84961       0.81224       0.87547       0.82831       0.84597       0.81373       0.82816       0.83969       0.86640  -192.0934413986      0.00062   -3
-- Local optimization: stuck in the same solution


---- Best joint likelihood found -192.09344 with gradient 0.00062
-- Model: B
--     eps_an        eps_cont      theta_bar     a        
--    4.50e-06      0.00e+00       0.00911       -1.00000  
--      S_d            b             p_b           S_b      
--  -1021.62930       0.19498      0.00e+00      0.00e+00  
--     r  2          r  3          r  4          r  5          r  6          r  7          r  8          r  9          r 10          r 11          r 12          r 13          r 14          r 15          r 16          r 17          r 18          r 19     
--     0.96147       0.94218       0.92979       0.92149       0.88385       0.86068       0.84812       0.85404       0.87950       0.84961       0.81224       0.87547       0.82831       0.84597       0.81373       0.82816       0.83969       0.86640  

---- Expected P_neut(i), 0 < i < n (neutral SFS per site) 
E[P_neut(1)] = 0.009107
E[P_neut(2)] = 0.004378
E[P_neut(3)] = 0.002860
E[P_neut(4)] = 0.002117
E[P_neut(5)] = 0.001678
E[P_neut(6)] = 0.001342
E[P_neut(7)] = 0.001120
E[P_neut(8)] = 0.000965
E[P_neut(9)] = 0.000864
E[P_neut(10)] = 0.000801
E[P_neut(11)] = 0.000703
E[P_neut(12)] = 0.000616
E[P_neut(13)] = 0.000613
E[P_neut(14)] = 0.000539
E[P_neut(15)] = 0.000514
E[P_neut(16)] = 0.000463
E[P_neut(17)] = 0.000444
E[P_neut(18)] = 0.000425
E[P_neut(19)] = 0.000415

---- Expected P_sel(i), 0 < i < n (selected SFS per site) 
E[P_sel(1)] = 0.003599
E[P_sel(2)] = 0.001422
E[P_sel(3)] = 0.000847
E[P_sel(4)] = 0.000591
E[P_sel(5)] = 0.000449
E[P_sel(6)] = 0.000347
E[P_sel(7)] = 0.000282
E[P_sel(8)] = 0.000238
E[P_sel(9)] = 0.000208
E[P_sel(10)] = 0.000190
E[P_sel(11)] = 0.000164
E[P_sel(12)] = 0.000142
E[P_sel(13)] = 0.000139
E[P_sel(14)] = 0.000121
E[P_sel(15)] = 0.000114
E[P_sel(16)] = 0.000102
E[P_sel(17)] = 0.000096
E[P_sel(18)] = 0.000091
E[P_sel(19)] = 0.000089

---- Expected neutral and selected misattributed polymorphism per site
E[mis_neut] = 0.000455
E[mis_sel] = 0.000096

---- alpha_div = 0.298561
---- alpha_dfe = 0.000000



