---- Performing inference on Ns200_pa_0.00025_boots/Ns200_pa_0.00025.48.polyDFE.txt using model B

---- Warning: mutation variability is not used when only one neutral and one selected fragment is available.
---- No mutation variability. Using Poisson likelihood.

---- Using provided initial values


-- Starting local optimization
 it       eps_an        lambda        theta_bar      S_d            b             r  2          r  3          r  4          r  5          r  6          r  7          r  8          r  9          r 10          r 11          r 12          r 13          r 14          r 15          r 16          r 17          r 18          r 19          r 20         ln lk             grad     status
  0      4.50e-06       0.00500       0.00100     -400.00000       0.40000       1.00000       1.00000       1.00000       1.00000       1.00000       1.00000       1.00000       1.00000       1.00000       1.00000       1.00000       1.00000       1.00000       1.00000       1.00000       1.00000       1.00000       1.00000       1.00000  -225056.4008773225   1710.27352   -2
586      4.28e-06       0.00008       0.00918    -4159.04105       0.14728       0.95219       0.91069       0.89378       0.86980       0.82907       0.82945       0.82675       0.78654       0.84190       0.81222       0.82268       0.83055       0.79035       0.81515       0.79532       0.77061       0.82782       0.83504      12.67264  -456.4693523359      0.00400   -3
-- Local optimization: stuck in the same solution


---- Best joint likelihood found -456.46935 with gradient 0.00400
-- Model: B
--     eps_an        eps_cont      lambda        theta_bar     a        
--    4.28e-06      0.00e+00       0.00008       0.00918       -1.00000  
--      S_d            b             p_b           S_b      
--  -4159.04105       0.14728      0.00e+00      0.00e+00  
--     r  2          r  3          r  4          r  5          r  6          r  7          r  8          r  9          r 10          r 11          r 12          r 13          r 14          r 15          r 16          r 17          r 18          r 19          r 20     
--     0.95219       0.91069       0.89378       0.86980       0.82907       0.82945       0.82675       0.78654       0.84190       0.81222       0.82268       0.83055       0.79035       0.81515       0.79532       0.77061       0.82782       0.83504      12.67264  

---- Expected P_neut(i), 0 < i < n (neutral SFS per site) 
E[P_neut(1)] = 0.009177
E[P_neut(2)] = 0.004369
E[P_neut(3)] = 0.002786
E[P_neut(4)] = 0.002051
E[P_neut(5)] = 0.001597
E[P_neut(6)] = 0.001268
E[P_neut(7)] = 0.001087
E[P_neut(8)] = 0.000948
E[P_neut(9)] = 0.000802
E[P_neut(10)] = 0.000773
E[P_neut(11)] = 0.000678
E[P_neut(12)] = 0.000629
E[P_neut(13)] = 0.000586
E[P_neut(14)] = 0.000518
E[P_neut(15)] = 0.000499
E[P_neut(16)] = 0.000456
E[P_neut(17)] = 0.000416
E[P_neut(18)] = 0.000422
E[P_neut(19)] = 0.000403

---- Expected P_sel(i), 0 < i < n (selected SFS per site) 
E[P_sel(1)] = 0.003548
E[P_sel(2)] = 0.001457
E[P_sel(3)] = 0.000867
E[P_sel(4)] = 0.000611
E[P_sel(5)] = 0.000461
E[P_sel(6)] = 0.000357
E[P_sel(7)] = 0.000300
E[P_sel(8)] = 0.000257
E[P_sel(9)] = 0.000214
E[P_sel(10)] = 0.000203
E[P_sel(11)] = 0.000176
E[P_sel(12)] = 0.000162
E[P_sel(13)] = 0.000149
E[P_sel(14)] = 0.000131
E[P_sel(15)] = 0.000125
E[P_sel(16)] = 0.000113
E[P_sel(17)] = 0.000103
E[P_sel(18)] = 0.000103
E[P_sel(19)] = 0.000098

---- Expected D_neut and D_sel (neutral and selected divergence per site) 
E[D_neut] = 0.005893
E[D_sel] = 0.001424

---- Expected neutral and selected misattributed polymorphism per site
E[mis_neut] = 0.005815
E[mis_sel] = 0.001405

---- alpha_div = 1.558907
---- alpha_dfe = 0.000000



