---- Performing inference on Ns200_pa_0.00025_boots/Ns200_pa_0.00025.47.polyDFE.txt using model B

---- Warning: mutation variability is not used when only one neutral and one selected fragment is available.
---- No mutation variability. Using Poisson likelihood.

---- Using provided initial values


-- Starting local optimization
 it       eps_an        theta_bar      S_d            b             r  2          r  3          r  4          r  5          r  6          r  7          r  8          r  9          r 10          r 11          r 12          r 13          r 14          r 15          r 16          r 17          r 18          r 19         ln lk             grad     status
  0      4.50e-06       0.00100     -400.00000       0.40000       1.00000       1.00000       1.00000       1.00000       1.00000       1.00000       1.00000       1.00000       1.00000       1.00000       1.00000       1.00000       1.00000       1.00000       1.00000       1.00000       1.00000       1.00000  -217891.3060575187   1594.99831   -2
150      4.50e-06       0.00908     -836.52821       0.20199       0.96846       0.94805       0.93697       0.90935       0.88969       0.82424       0.88494       0.85485       0.88054       0.85236       0.87439       0.85892       0.82358       0.85188       0.80857       0.85208       0.85289       0.89671  -202.3852946421      0.00059   -3
-- Local optimization: stuck in the same solution


---- Best joint likelihood found -202.38529 with gradient 0.00059
-- Model: B
--     eps_an        eps_cont      theta_bar     a        
--    4.50e-06      0.00e+00       0.00908       -1.00000  
--      S_d            b             p_b           S_b      
--   -836.52821       0.20199      0.00e+00      0.00e+00  
--     r  2          r  3          r  4          r  5          r  6          r  7          r  8          r  9          r 10          r 11          r 12          r 13          r 14          r 15          r 16          r 17          r 18          r 19     
--     0.96846       0.94805       0.93697       0.90935       0.88969       0.82424       0.88494       0.85485       0.88054       0.85236       0.87439       0.85892       0.82358       0.85188       0.80857       0.85208       0.85289       0.89671  

---- Expected P_neut(i), 0 < i < n (neutral SFS per site) 
E[P_neut(1)] = 0.009081
E[P_neut(2)] = 0.004397
E[P_neut(3)] = 0.002870
E[P_neut(4)] = 0.002127
E[P_neut(5)] = 0.001652
E[P_neut(6)] = 0.001347
E[P_neut(7)] = 0.001069
E[P_neut(8)] = 0.001005
E[P_neut(9)] = 0.000863
E[P_neut(10)] = 0.000800
E[P_neut(11)] = 0.000704
E[P_neut(12)] = 0.000662
E[P_neut(13)] = 0.000600
E[P_neut(14)] = 0.000534
E[P_neut(15)] = 0.000516
E[P_neut(16)] = 0.000459
E[P_neut(17)] = 0.000455
E[P_neut(18)] = 0.000430
E[P_neut(19)] = 0.000429

---- Expected P_sel(i), 0 < i < n (selected SFS per site) 
E[P_sel(1)] = 0.003638
E[P_sel(2)] = 0.001438
E[P_sel(3)] = 0.000853
E[P_sel(4)] = 0.000595
E[P_sel(5)] = 0.000442
E[P_sel(6)] = 0.000348
E[P_sel(7)] = 0.000269
E[P_sel(8)] = 0.000246
E[P_sel(9)] = 0.000207
E[P_sel(10)] = 0.000189
E[P_sel(11)] = 0.000163
E[P_sel(12)] = 0.000151
E[P_sel(13)] = 0.000135
E[P_sel(14)] = 0.000119
E[P_sel(15)] = 0.000114
E[P_sel(16)] = 0.000100
E[P_sel(17)] = 0.000098
E[P_sel(18)] = 0.000092
E[P_sel(19)] = 0.000091

---- Expected neutral and selected misattributed polymorphism per site
E[mis_neut] = 0.000454
E[mis_sel] = 0.000095

---- alpha_div = 0.315792
---- alpha_dfe = 0.000000



