---- Performing inference on Ns200_pa_0.00025_boots/Ns200_pa_0.00025.33.polyDFE.txt using model B

---- Warning: mutation variability is not used when only one neutral and one selected fragment is available.
---- No mutation variability. Using Poisson likelihood.

---- Using provided initial values


-- Starting local optimization
 it       eps_an        theta_bar      S_d            b             r  2          r  3          r  4          r  5          r  6          r  7          r  8          r  9          r 10          r 11          r 12          r 13          r 14          r 15          r 16          r 17          r 18          r 19         ln lk             grad     status
  0      4.50e-06       0.00100     -400.00000       0.40000       1.00000       1.00000       1.00000       1.00000       1.00000       1.00000       1.00000       1.00000       1.00000       1.00000       1.00000       1.00000       1.00000       1.00000       1.00000       1.00000       1.00000       1.00000  -219042.5219529976   1600.56285   -2
141      4.50e-06       0.00906     -799.01989       0.20486       0.97359       0.95653       0.93845       0.91926       0.89532       0.84422       0.88239       0.85045       0.87911       0.88343       0.89271       0.87113       0.88340       0.87125       0.86902       0.86848       0.90211       0.92102  -195.3691434110      0.00101   -3
-- Local optimization: stuck in the same solution


---- Best joint likelihood found -195.36914 with gradient 0.00101
-- Model: B
--     eps_an        eps_cont      theta_bar     a        
--    4.50e-06      0.00e+00       0.00906       -1.00000  
--      S_d            b             p_b           S_b      
--   -799.01989       0.20486      0.00e+00      0.00e+00  
--     r  2          r  3          r  4          r  5          r  6          r  7          r  8          r  9          r 10          r 11          r 12          r 13          r 14          r 15          r 16          r 17          r 18          r 19     
--     0.97359       0.95653       0.93845       0.91926       0.89532       0.84422       0.88239       0.85045       0.87911       0.88343       0.89271       0.87113       0.88340       0.87125       0.86902       0.86848       0.90211       0.92102  

---- Expected P_neut(i), 0 < i < n (neutral SFS per site) 
E[P_neut(1)] = 0.009058
E[P_neut(2)] = 0.004409
E[P_neut(3)] = 0.002888
E[P_neut(4)] = 0.002125
E[P_neut(5)] = 0.001665
E[P_neut(6)] = 0.001352
E[P_neut(7)] = 0.001092
E[P_neut(8)] = 0.000999
E[P_neut(9)] = 0.000856
E[P_neut(10)] = 0.000796
E[P_neut(11)] = 0.000727
E[P_neut(12)] = 0.000674
E[P_neut(13)] = 0.000607
E[P_neut(14)] = 0.000572
E[P_neut(15)] = 0.000526
E[P_neut(16)] = 0.000492
E[P_neut(17)] = 0.000463
E[P_neut(18)] = 0.000454
E[P_neut(19)] = 0.000439

---- Expected P_sel(i), 0 < i < n (selected SFS per site) 
E[P_sel(1)] = 0.003626
E[P_sel(2)] = 0.001437
E[P_sel(3)] = 0.000854
E[P_sel(4)] = 0.000591
E[P_sel(5)] = 0.000443
E[P_sel(6)] = 0.000347
E[P_sel(7)] = 0.000273
E[P_sel(8)] = 0.000243
E[P_sel(9)] = 0.000204
E[P_sel(10)] = 0.000186
E[P_sel(11)] = 0.000167
E[P_sel(12)] = 0.000153
E[P_sel(13)] = 0.000136
E[P_sel(14)] = 0.000126
E[P_sel(15)] = 0.000115
E[P_sel(16)] = 0.000106
E[P_sel(17)] = 0.000099
E[P_sel(18)] = 0.000096
E[P_sel(19)] = 0.000092

---- Expected neutral and selected misattributed polymorphism per site
E[mis_neut] = 0.000453
E[mis_sel] = 0.000094

---- alpha_div = 0.316038
---- alpha_dfe = 0.000000



