---- Performing inference on Ns200_pa_0.00025_boots/Ns200_pa_0.00025.41.polyDFE.txt using model B

---- Warning: mutation variability is not used when only one neutral and one selected fragment is available.
---- No mutation variability. Using Poisson likelihood.

---- Using provided initial values


-- Starting local optimization
 it       eps_an        lambda        theta_bar      S_d            b             r  2          r  3          r  4          r  5          r  6          r  7          r  8          r  9          r 10          r 11          r 12          r 13          r 14          r 15          r 16          r 17          r 18          r 19          r 20         ln lk             grad     status
  0      4.50e-06       0.00500       0.00100     -400.00000       0.40000       1.00000       1.00000       1.00000       1.00000       1.00000       1.00000       1.00000       1.00000       1.00000       1.00000       1.00000       1.00000       1.00000       1.00000       1.00000       1.00000       1.00000       1.00000       1.00000  -223952.3479146782   1703.70006   -2
453      4.42e-06       0.00031       0.00911    -4018.97400       0.14865       0.96302       0.91855       0.91441       0.87670       0.86184       0.82213       0.85868       0.81109       0.81198       0.79313       0.80086       0.80947       0.84817       0.83707       0.79491       0.77627       0.80248       0.85905      12.19062  -406.7487617957      0.06401   -3
-- Local optimization: stuck in the same solution


---- Best joint likelihood found -406.74876 with gradient 0.06401
-- Model: B
--     eps_an        eps_cont      lambda        theta_bar     a        
--    4.42e-06      0.00e+00       0.00031       0.00911       -1.00000  
--      S_d            b             p_b           S_b      
--  -4018.97400       0.14865      0.00e+00      0.00e+00  
--     r  2          r  3          r  4          r  5          r  6          r  7          r  8          r  9          r 10          r 11          r 12          r 13          r 14          r 15          r 16          r 17          r 18          r 19          r 20     
--     0.96302       0.91855       0.91441       0.87670       0.86184       0.82213       0.85868       0.81109       0.81198       0.79313       0.80086       0.80947       0.84817       0.83707       0.79491       0.77627       0.80248       0.85905      12.19062  

---- Expected P_neut(i), 0 < i < n (neutral SFS per site) 
E[P_neut(1)] = 0.009111
E[P_neut(2)] = 0.004387
E[P_neut(3)] = 0.002790
E[P_neut(4)] = 0.002083
E[P_neut(5)] = 0.001597
E[P_neut(6)] = 0.001309
E[P_neut(7)] = 0.001070
E[P_neut(8)] = 0.000978
E[P_neut(9)] = 0.000821
E[P_neut(10)] = 0.000740
E[P_neut(11)] = 0.000657
E[P_neut(12)] = 0.000608
E[P_neut(13)] = 0.000567
E[P_neut(14)] = 0.000552
E[P_neut(15)] = 0.000508
E[P_neut(16)] = 0.000453
E[P_neut(17)] = 0.000416
E[P_neut(18)] = 0.000406
E[P_neut(19)] = 0.000412

---- Expected P_sel(i), 0 < i < n (selected SFS per site) 
E[P_sel(1)] = 0.003515
E[P_sel(2)] = 0.001458
E[P_sel(3)] = 0.000865
E[P_sel(4)] = 0.000618
E[P_sel(5)] = 0.000459
E[P_sel(6)] = 0.000366
E[P_sel(7)] = 0.000293
E[P_sel(8)] = 0.000263
E[P_sel(9)] = 0.000218
E[P_sel(10)] = 0.000194
E[P_sel(11)] = 0.000170
E[P_sel(12)] = 0.000155
E[P_sel(13)] = 0.000144
E[P_sel(14)] = 0.000138
E[P_sel(15)] = 0.000126
E[P_sel(16)] = 0.000112
E[P_sel(17)] = 0.000102
E[P_sel(18)] = 0.000099
E[P_sel(19)] = 0.000099

---- Expected D_neut and D_sel (neutral and selected divergence per site) 
E[D_neut] = 0.005865
E[D_sel] = 0.001407

---- Expected neutral and selected misattributed polymorphism per site
E[mis_neut] = 0.005553
E[mis_sel] = 0.001333

---- alpha_div = 1.166779
---- alpha_dfe = 0.000000



