---- Performing inference on Ns200_pa_0.00025_boots/Ns200_pa_0.00025.31.polyDFE.txt using model B

---- Warning: mutation variability is not used when only one neutral and one selected fragment is available.
---- No mutation variability. Using Poisson likelihood.

---- Using provided initial values


-- Starting local optimization
 it       eps_an        eps_cont      theta_bar      S_d            b             p_b           S_b           r  2          r  3          r  4          r  5          r  6          r  7          r  8          r  9          r 10          r 11          r 12          r 13          r 14          r 15          r 16          r 17          r 18          r 19         ln lk             grad     status
  0      4.50e-06      9.00e-07       0.00100     -400.00000       0.40000       0.02000       4.00000       1.00000       1.00000       1.00000       1.00000       1.00000       1.00000       1.00000       1.00000       1.00000       1.00000       1.00000       1.00000       1.00000       1.00000       1.00000       1.00000       1.00000       1.00000  -209258.8287099574   1513.97094   -2
405      4.50e-06      9.00e-07       0.00904     -700.28924       0.21049       0.00268       2.09482       0.97253       0.93768       0.92278       0.91176       0.88247       0.85012       0.85318       0.87545       0.88685       0.89858       0.89571       0.83217       0.86525       0.88679       0.83291       0.85310       0.89612       0.93336  -201.6079820895      0.00956   -3
-- Local optimization: stuck in the same solution


---- Best joint likelihood found -201.60798 with gradient 0.00956
-- Model: B
--     eps_an        eps_cont      theta_bar     a        
--    4.50e-06      9.00e-07       0.00904       -1.00000  
--      S_d            b             p_b           S_b      
--   -700.28924       0.21049       0.00268       2.09482  
--     r  2          r  3          r  4          r  5          r  6          r  7          r  8          r  9          r 10          r 11          r 12          r 13          r 14          r 15          r 16          r 17          r 18          r 19     
--     0.97253       0.93768       0.92278       0.91176       0.88247       0.85012       0.85318       0.87545       0.88685       0.89858       0.89571       0.83217       0.86525       0.88679       0.83291       0.85310       0.89612       0.93336  

---- Expected P_neut(i), 0 < i < n (neutral SFS per site) 
E[P_neut(1)] = 0.009044
E[P_neut(2)] = 0.004398
E[P_neut(3)] = 0.002827
E[P_neut(4)] = 0.002086
E[P_neut(5)] = 0.001649
E[P_neut(6)] = 0.001330
E[P_neut(7)] = 0.001098
E[P_neut(8)] = 0.000964
E[P_neut(9)] = 0.000880
E[P_neut(10)] = 0.000802
E[P_neut(11)] = 0.000739
E[P_neut(12)] = 0.000675
E[P_neut(13)] = 0.000579
E[P_neut(14)] = 0.000559
E[P_neut(15)] = 0.000535
E[P_neut(16)] = 0.000471
E[P_neut(17)] = 0.000454
E[P_neut(18)] = 0.000450
E[P_neut(19)] = 0.000444

---- Expected P_sel(i), 0 < i < n (selected SFS per site) 
E[P_sel(1)] = 0.003663
E[P_sel(2)] = 0.001445
E[P_sel(3)] = 0.000842
E[P_sel(4)] = 0.000584
E[P_sel(5)] = 0.000441
E[P_sel(6)] = 0.000344
E[P_sel(7)] = 0.000276
E[P_sel(8)] = 0.000236
E[P_sel(9)] = 0.000211
E[P_sel(10)] = 0.000189
E[P_sel(11)] = 0.000171
E[P_sel(12)] = 0.000154
E[P_sel(13)] = 0.000131
E[P_sel(14)] = 0.000125
E[P_sel(15)] = 0.000118
E[P_sel(16)] = 0.000103
E[P_sel(17)] = 0.000098
E[P_sel(18)] = 0.000097
E[P_sel(19)] = 0.000095

---- Expected neutral and selected misattributed polymorphism per site
E[mis_neut] = 0.000452
E[mis_sel] = 0.000096

---- alpha_div = 0.334799
---- alpha_dfe = 0.030471



