---- Performing inference on Ns200_pa_0.00025_boots/Ns200_pa_0.00025.49.polyDFE.txt using model B

---- Warning: mutation variability is not used when only one neutral and one selected fragment is available.
---- No mutation variability. Using Poisson likelihood.

---- Using provided initial values


-- Starting local optimization
 it       eps_an        eps_cont      theta_bar      S_d            b             p_b           S_b           r  2          r  3          r  4          r  5          r  6          r  7          r  8          r  9          r 10          r 11          r 12          r 13          r 14          r 15          r 16          r 17          r 18          r 19         ln lk             grad     status
  0      4.50e-06      9.00e-07       0.00100     -400.00000       0.40000       0.02000       4.00000       1.00000       1.00000       1.00000       1.00000       1.00000       1.00000       1.00000       1.00000       1.00000       1.00000       1.00000       1.00000       1.00000       1.00000       1.00000       1.00000       1.00000       1.00000  -208188.0328612975   1509.10668   -2
614      4.53e-06      9.00e-07       0.00897     -708.14619       0.21053       0.00203      22.84728       0.96978       0.95806       0.93359       0.95797       0.91360       0.84649       0.89962       0.84574       0.87357       0.86705       0.86675       0.86574       0.88893       0.91308       0.88481       0.80782       0.88723       0.84398  -201.5707522689      0.00082   -3
-- Local optimization: stuck in the same solution


---- Best joint likelihood found -201.57075 with gradient 0.00082
-- Model: B
--     eps_an        eps_cont      theta_bar     a        
--    4.53e-06      9.00e-07       0.00897       -1.00000  
--      S_d            b             p_b           S_b      
--   -708.14619       0.21053       0.00203      22.84728  
--     r  2          r  3          r  4          r  5          r  6          r  7          r  8          r  9          r 10          r 11          r 12          r 13          r 14          r 15          r 16          r 17          r 18          r 19     
--     0.96978       0.95806       0.93359       0.95797       0.91360       0.84649       0.89962       0.84574       0.87357       0.86705       0.86675       0.86574       0.88893       0.91308       0.88481       0.80782       0.88723       0.84398  

---- Expected P_neut(i), 0 < i < n (neutral SFS per site) 
E[P_neut(1)] = 0.008969
E[P_neut(2)] = 0.004349
E[P_neut(3)] = 0.002864
E[P_neut(4)] = 0.002093
E[P_neut(5)] = 0.001718
E[P_neut(6)] = 0.001366
E[P_neut(7)] = 0.001085
E[P_neut(8)] = 0.001009
E[P_neut(9)] = 0.000843
E[P_neut(10)] = 0.000783
E[P_neut(11)] = 0.000707
E[P_neut(12)] = 0.000648
E[P_neut(13)] = 0.000597
E[P_neut(14)] = 0.000569
E[P_neut(15)] = 0.000546
E[P_neut(16)] = 0.000496
E[P_neut(17)] = 0.000426
E[P_neut(18)] = 0.000442
E[P_neut(19)] = 0.000398

---- Expected P_sel(i), 0 < i < n (selected SFS per site) 
E[P_sel(1)] = 0.003621
E[P_sel(2)] = 0.001424
E[P_sel(3)] = 0.000850
E[P_sel(4)] = 0.000584
E[P_sel(5)] = 0.000458
E[P_sel(6)] = 0.000352
E[P_sel(7)] = 0.000271
E[P_sel(8)] = 0.000246
E[P_sel(9)] = 0.000202
E[P_sel(10)] = 0.000184
E[P_sel(11)] = 0.000164
E[P_sel(12)] = 0.000148
E[P_sel(13)] = 0.000135
E[P_sel(14)] = 0.000128
E[P_sel(15)] = 0.000122
E[P_sel(16)] = 0.000110
E[P_sel(17)] = 0.000095
E[P_sel(18)] = 0.000099
E[P_sel(19)] = 0.000091

---- Expected neutral and selected misattributed polymorphism per site
E[mis_neut] = 0.000448
E[mis_sel] = 0.000106

---- alpha_div = 0.318597
---- alpha_dfe = 0.185989



