---- Performing inference on Ns200_pa_0.00025_boots/Ns200_pa_0.00025.50.polyDFE.txt using model B

---- Warning: mutation variability is not used when only one neutral and one selected fragment is available.
---- No mutation variability. Using Poisson likelihood.

---- Using provided initial values


-- Starting local optimization
 it       eps_an        eps_cont      lambda        theta_bar      S_d            b             p_b           S_b           r  2          r  3          r  4          r  5          r  6          r  7          r  8          r  9          r 10          r 11          r 12          r 13          r 14          r 15          r 16          r 17          r 18          r 19          r 20         ln lk             grad     status
  0      4.50e-06      9.00e-07       0.00500       0.00100     -400.00000       0.40000       0.02000       4.00000       1.00000       1.00000       1.00000       1.00000       1.00000       1.00000       1.00000       1.00000       1.00000       1.00000       1.00000       1.00000       1.00000       1.00000       1.00000       1.00000       1.00000       1.00000       1.00000  -210101.8824956697   1541.78217   -2
 70      4.49e-06      9.00e-07       0.00495       0.00894     -654.09714       0.21515       0.00250      37.41986       0.99011       0.97148       0.94183       0.92113       0.89546       0.87424       0.87316       0.87612       0.87591       0.88139       0.86436       0.85005       0.85969       0.87718       0.87209       0.83830       0.93390       0.88038       0.99467  -214.8784042096      1.43382   -3
-- Local optimization: stuck in the same solution


---- Best joint likelihood found -214.87840 with gradient 1.43382
-- Model: B
--     eps_an        eps_cont      lambda        theta_bar     a        
--    4.49e-06      9.00e-07       0.00495       0.00894       -1.00000  
--      S_d            b             p_b           S_b      
--   -654.09714       0.21515       0.00250      37.41986  
--     r  2          r  3          r  4          r  5          r  6          r  7          r  8          r  9          r 10          r 11          r 12          r 13          r 14          r 15          r 16          r 17          r 18          r 19          r 20     
--     0.99011       0.97148       0.94183       0.92113       0.89546       0.87424       0.87316       0.87612       0.87591       0.88139       0.86436       0.85005       0.85969       0.87718       0.87209       0.83830       0.93390       0.88038       0.99467  

---- Expected P_neut(i), 0 < i < n (neutral SFS per site) 
E[P_neut(1)] = 0.008935
E[P_neut(2)] = 0.004424
E[P_neut(3)] = 0.002894
E[P_neut(4)] = 0.002104
E[P_neut(5)] = 0.001646
E[P_neut(6)] = 0.001334
E[P_neut(7)] = 0.001116
E[P_neut(8)] = 0.000975
E[P_neut(9)] = 0.000870
E[P_neut(10)] = 0.000783
E[P_neut(11)] = 0.000716
E[P_neut(12)] = 0.000644
E[P_neut(13)] = 0.000584
E[P_neut(14)] = 0.000549
E[P_neut(15)] = 0.000523
E[P_neut(16)] = 0.000487
E[P_neut(17)] = 0.000441
E[P_neut(18)] = 0.000464
E[P_neut(19)] = 0.000414

---- Expected P_sel(i), 0 < i < n (selected SFS per site) 
E[P_sel(1)] = 0.003616
E[P_sel(2)] = 0.001446
E[P_sel(3)] = 0.000856
E[P_sel(4)] = 0.000584
E[P_sel(5)] = 0.000436
E[P_sel(6)] = 0.000341
E[P_sel(7)] = 0.000277
E[P_sel(8)] = 0.000237
E[P_sel(9)] = 0.000207
E[P_sel(10)] = 0.000183
E[P_sel(11)] = 0.000165
E[P_sel(12)] = 0.000146
E[P_sel(13)] = 0.000132
E[P_sel(14)] = 0.000123
E[P_sel(15)] = 0.000116
E[P_sel(16)] = 0.000108
E[P_sel(17)] = 0.000099
E[P_sel(18)] = 0.000106
E[P_sel(19)] = 0.000098

---- Expected D_neut and D_sel (neutral and selected divergence per site) 
E[D_neut] = 0.005396
E[D_sel] = 0.001568

---- Expected neutral and selected misattributed polymorphism per site
E[mis_neut] = 0.000444
E[mis_sel] = 0.000113

---- alpha_div = 0.334953
---- alpha_dfe = 0.318294



