---- Performing inference on Ns200_pa_0.00025_boots/Ns200_pa_0.00025.49.polyDFE.txt using model B

---- Warning: mutation variability is not used when only one neutral and one selected fragment is available.
---- No mutation variability. Using Poisson likelihood.

---- Using provided initial values


-- Starting local optimization
 it       eps_an        lambda        theta_bar      S_d            b             r  2          r  3          r  4          r  5          r  6          r  7          r  8          r  9          r 10          r 11          r 12          r 13          r 14          r 15          r 16          r 17          r 18          r 19          r 20         ln lk             grad     status
  0      4.50e-06       0.00500       0.00100     -400.00000       0.40000       1.00000       1.00000       1.00000       1.00000       1.00000       1.00000       1.00000       1.00000       1.00000       1.00000       1.00000       1.00000       1.00000       1.00000       1.00000       1.00000       1.00000       1.00000       1.00000  -225005.8609382600   1710.50383   -2
320      4.47e-06       0.00342       0.00917    -4100.02875       0.14720       0.93873       0.91479       0.88412       0.90259       0.85759       0.79228       0.84008       0.78828       0.81375       0.80662       0.80602       0.80500       0.82703       0.85056       0.82604       0.75673       0.83621       0.80381       5.37572  -415.9294591927      0.07399   -3
-- Local optimization: stuck in the same solution


---- Best joint likelihood found -415.92946 with gradient 0.07399
-- Model: B
--     eps_an        eps_cont      lambda        theta_bar     a        
--    4.47e-06      0.00e+00       0.00342       0.00917       -1.00000  
--      S_d            b             p_b           S_b      
--  -4100.02875       0.14720      0.00e+00      0.00e+00  
--     r  2          r  3          r  4          r  5          r  6          r  7          r  8          r  9          r 10          r 11          r 12          r 13          r 14          r 15          r 16          r 17          r 18          r 19          r 20     
--     0.93873       0.91479       0.88412       0.90259       0.85759       0.79228       0.84008       0.78828       0.81375       0.80662       0.80602       0.80500       0.82703       0.85056       0.82604       0.75673       0.83621       0.80381       5.37572  

---- Expected P_neut(i), 0 < i < n (neutral SFS per site) 
E[P_neut(1)] = 0.009170
E[P_neut(2)] = 0.004304
E[P_neut(3)] = 0.002796
E[P_neut(4)] = 0.002027
E[P_neut(5)] = 0.001655
E[P_neut(6)] = 0.001311
E[P_neut(7)] = 0.001038
E[P_neut(8)] = 0.000963
E[P_neut(9)] = 0.000803
E[P_neut(10)] = 0.000746
E[P_neut(11)] = 0.000672
E[P_neut(12)] = 0.000616
E[P_neut(13)] = 0.000568
E[P_neut(14)] = 0.000542
E[P_neut(15)] = 0.000520
E[P_neut(16)] = 0.000473
E[P_neut(17)] = 0.000408
E[P_neut(18)] = 0.000426
E[P_neut(19)] = 0.000388

---- Expected P_sel(i), 0 < i < n (selected SFS per site) 
E[P_sel(1)] = 0.003555
E[P_sel(2)] = 0.001439
E[P_sel(3)] = 0.000873
E[P_sel(4)] = 0.000606
E[P_sel(5)] = 0.000479
E[P_sel(6)] = 0.000370
E[P_sel(7)] = 0.000287
E[P_sel(8)] = 0.000262
E[P_sel(9)] = 0.000215
E[P_sel(10)] = 0.000197
E[P_sel(11)] = 0.000175
E[P_sel(12)] = 0.000159
E[P_sel(13)] = 0.000145
E[P_sel(14)] = 0.000137
E[P_sel(15)] = 0.000131
E[P_sel(16)] = 0.000118
E[P_sel(17)] = 0.000101
E[P_sel(18)] = 0.000105
E[P_sel(19)] = 0.000095

---- Expected D_neut and D_sel (neutral and selected divergence per site) 
E[D_neut] = 0.005886
E[D_sel] = 0.001421

---- Expected neutral and selected misattributed polymorphism per site
E[mis_neut] = 0.002465
E[mis_sel] = 0.000597

---- alpha_div = 0.281674
---- alpha_dfe = 0.000000



