---- Performing inference on Ns200_pa_0.00025_boots/Ns200_pa_0.00025.42.polyDFE.txt using model B

---- Warning: mutation variability is not used when only one neutral and one selected fragment is available.
---- No mutation variability. Using Poisson likelihood.

---- Using provided initial values


-- Starting local optimization
 it       eps_an        lambda        theta_bar      S_d            b             r  2          r  3          r  4          r  5          r  6          r  7          r  8          r  9          r 10          r 11          r 12          r 13          r 14          r 15          r 16          r 17          r 18          r 19          r 20         ln lk             grad     status
  0      4.50e-06       0.00500       0.00100     -400.00000       0.40000       1.00000       1.00000       1.00000       1.00000       1.00000       1.00000       1.00000       1.00000       1.00000       1.00000       1.00000       1.00000       1.00000       1.00000       1.00000       1.00000       1.00000       1.00000       1.00000  -224462.2513341949   1704.51492   -2
714      4.39e-06       0.00008       0.00919    -3924.54083       0.14984       0.93874       0.91116       0.89890       0.89532       0.85854       0.81302       0.81420       0.83945       0.84665       0.83196       0.77545       0.79700       0.82619       0.85398       0.79489       0.78098       0.81345       0.84297      12.62015  -411.8802216083      0.01400   -6
-- Local optimization: reached maximum running time allowed


---- Best joint likelihood found -411.88022 with gradient 0.01400
-- Model: B
--     eps_an        eps_cont      lambda        theta_bar     a        
--    4.39e-06      0.00e+00       0.00008       0.00919       -1.00000  
--      S_d            b             p_b           S_b      
--  -3924.54083       0.14984      0.00e+00      0.00e+00  
--     r  2          r  3          r  4          r  5          r  6          r  7          r  8          r  9          r 10          r 11          r 12          r 13          r 14          r 15          r 16          r 17          r 18          r 19          r 20     
--     0.93874       0.91116       0.89890       0.89532       0.85854       0.81302       0.81420       0.83945       0.84665       0.83196       0.77545       0.79700       0.82619       0.85398       0.79489       0.78098       0.81345       0.84297      12.62015  

---- Expected P_neut(i), 0 < i < n (neutral SFS per site) 
E[P_neut(1)] = 0.009192
E[P_neut(2)] = 0.004314
E[P_neut(3)] = 0.002792
E[P_neut(4)] = 0.002066
E[P_neut(5)] = 0.001646
E[P_neut(6)] = 0.001315
E[P_neut(7)] = 0.001068
E[P_neut(8)] = 0.000936
E[P_neut(9)] = 0.000857
E[P_neut(10)] = 0.000778
E[P_neut(11)] = 0.000695
E[P_neut(12)] = 0.000594
E[P_neut(13)] = 0.000564
E[P_neut(14)] = 0.000542
E[P_neut(15)] = 0.000523
E[P_neut(16)] = 0.000457
E[P_neut(17)] = 0.000422
E[P_neut(18)] = 0.000415
E[P_neut(19)] = 0.000408

---- Expected P_sel(i), 0 < i < n (selected SFS per site) 
E[P_sel(1)] = 0.003536
E[P_sel(2)] = 0.001428
E[P_sel(3)] = 0.000862
E[P_sel(4)] = 0.000610
E[P_sel(5)] = 0.000470
E[P_sel(6)] = 0.000366
E[P_sel(7)] = 0.000291
E[P_sel(8)] = 0.000251
E[P_sel(9)] = 0.000226
E[P_sel(10)] = 0.000202
E[P_sel(11)] = 0.000179
E[P_sel(12)] = 0.000151
E[P_sel(13)] = 0.000142
E[P_sel(14)] = 0.000135
E[P_sel(15)] = 0.000129
E[P_sel(16)] = 0.000112
E[P_sel(17)] = 0.000103
E[P_sel(18)] = 0.000100
E[P_sel(19)] = 0.000098

---- Expected D_neut and D_sel (neutral and selected divergence per site) 
E[D_neut] = 0.005877
E[D_sel] = 0.001401

---- Expected neutral and selected misattributed polymorphism per site
E[mis_neut] = 0.005800
E[mis_sel] = 0.001383

---- alpha_div = 1.537211
---- alpha_dfe = 0.000000



