---- Performing inference on Ns200_pa_0.00025_boots/Ns200_pa_0.00025.39.polyDFE.txt using model B

---- Warning: mutation variability is not used when only one neutral and one selected fragment is available.
---- No mutation variability. Using Poisson likelihood.

---- Using provided initial values


-- Starting local optimization
 it       eps_an        eps_cont      lambda        theta_bar      S_d            b             p_b           S_b           r  2          r  3          r  4          r  5          r  6          r  7          r  8          r  9          r 10          r 11          r 12          r 13          r 14          r 15          r 16          r 17          r 18          r 19          r 20         ln lk             grad     status
  0      4.50e-06      9.00e-07       0.00500       0.00100     -400.00000       0.40000       0.02000       4.00000       1.00000       1.00000       1.00000       1.00000       1.00000       1.00000       1.00000       1.00000       1.00000       1.00000       1.00000       1.00000       1.00000       1.00000       1.00000       1.00000       1.00000       1.00000       1.00000  -209363.0947919764   1537.78006   -2
110      4.49e-06      9.00e-07       0.00509       0.00910     -998.96612       0.19612       0.00206      37.42148       0.95996       0.93219       0.90984       0.92305       0.86828       0.83097       0.84924       0.86239       0.86240       0.86055       0.85642       0.81865       0.81109       0.87248       0.81083       0.85549       0.81164       0.83055       0.90388  -210.3415075781      0.33745   -3
-- Local optimization: stuck in the same solution


---- Best joint likelihood found -210.34151 with gradient 0.33745
-- Model: B
--     eps_an        eps_cont      lambda        theta_bar     a        
--    4.49e-06      9.00e-07       0.00509       0.00910       -1.00000  
--      S_d            b             p_b           S_b      
--   -998.96612       0.19612       0.00206      37.42148  
--     r  2          r  3          r  4          r  5          r  6          r  7          r  8          r  9          r 10          r 11          r 12          r 13          r 14          r 15          r 16          r 17          r 18          r 19          r 20     
--     0.95996       0.93219       0.90984       0.92305       0.86828       0.83097       0.84924       0.86239       0.86240       0.86055       0.85642       0.81865       0.81109       0.87248       0.81083       0.85549       0.81164       0.83055       0.90388  

---- Expected P_neut(i), 0 < i < n (neutral SFS per site) 
E[P_neut(1)] = 0.009103
E[P_neut(2)] = 0.004369
E[P_neut(3)] = 0.002829
E[P_neut(4)] = 0.002071
E[P_neut(5)] = 0.001680
E[P_neut(6)] = 0.001317
E[P_neut(7)] = 0.001081
E[P_neut(8)] = 0.000966
E[P_neut(9)] = 0.000872
E[P_neut(10)] = 0.000785
E[P_neut(11)] = 0.000712
E[P_neut(12)] = 0.000650
E[P_neut(13)] = 0.000573
E[P_neut(14)] = 0.000527
E[P_neut(15)] = 0.000529
E[P_neut(16)] = 0.000461
E[P_neut(17)] = 0.000458
E[P_neut(18)] = 0.000410
E[P_neut(19)] = 0.000398

---- Expected P_sel(i), 0 < i < n (selected SFS per site) 
E[P_sel(1)] = 0.003610
E[P_sel(2)] = 0.001424
E[P_sel(3)] = 0.000842
E[P_sel(4)] = 0.000581
E[P_sel(5)] = 0.000453
E[P_sel(6)] = 0.000343
E[P_sel(7)] = 0.000274
E[P_sel(8)] = 0.000240
E[P_sel(9)] = 0.000213
E[P_sel(10)] = 0.000188
E[P_sel(11)] = 0.000169
E[P_sel(12)] = 0.000152
E[P_sel(13)] = 0.000133
E[P_sel(14)] = 0.000121
E[P_sel(15)] = 0.000121
E[P_sel(16)] = 0.000105
E[P_sel(17)] = 0.000105
E[P_sel(18)] = 0.000095
E[P_sel(19)] = 0.000095

---- Expected D_neut and D_sel (neutral and selected divergence per site) 
E[D_neut] = 0.005505
E[D_sel] = 0.001560

---- Expected neutral and selected misattributed polymorphism per site
E[mis_neut] = 0.000411
E[mis_sel] = 0.000105

---- alpha_div = 0.276161
---- alpha_dfe = 0.269254



