---- Performing inference on Ns200_pa_0.00025_boots/Ns200_pa_0.00025.88.polyDFE.txt using model B

---- Warning: mutation variability is not used when only one neutral and one selected fragment is available.
---- No mutation variability. Using Poisson likelihood.

---- Using provided initial values


-- Starting local optimization
 it       eps_an        theta_bar      S_d            b             r  2          r  3          r  4          r  5          r  6          r  7          r  8          r  9          r 10          r 11          r 12          r 13          r 14          r 15          r 16          r 17          r 18          r 19         ln lk             grad     status
  0      4.50e-06       0.00100     -400.00000       0.40000       1.00000       1.00000       1.00000       1.00000       1.00000       1.00000       1.00000       1.00000       1.00000       1.00000       1.00000       1.00000       1.00000       1.00000       1.00000       1.00000       1.00000       1.00000  -216529.5544322023   1589.77582   -2
104      4.50e-06       0.00892     -892.03805       0.19931       0.99169       0.97116       0.93589       0.95169       0.89417       0.87193       0.86164       0.88253       0.88819       0.89712       0.87277       0.87226       0.85131       0.87104       0.86507       0.85072       0.84568       0.90715  -192.1240982972      0.00232   -3
-- Local optimization: stuck in the same solution


---- Best joint likelihood found -192.12410 with gradient 0.00232
-- Model: B
--     eps_an        eps_cont      theta_bar     a        
--    4.50e-06      0.00e+00       0.00892       -1.00000  
--      S_d            b             p_b           S_b      
--   -892.03805       0.19931      0.00e+00      0.00e+00  
--     r  2          r  3          r  4          r  5          r  6          r  7          r  8          r  9          r 10          r 11          r 12          r 13          r 14          r 15          r 16          r 17          r 18          r 19     
--     0.99169       0.97116       0.93589       0.95169       0.89417       0.87193       0.86164       0.88253       0.88819       0.89712       0.87277       0.87226       0.85131       0.87104       0.86507       0.85072       0.84568       0.90715  

---- Expected P_neut(i), 0 < i < n (neutral SFS per site) 
E[P_neut(1)] = 0.008923
E[P_neut(2)] = 0.004424
E[P_neut(3)] = 0.002889
E[P_neut(4)] = 0.002088
E[P_neut(5)] = 0.001698
E[P_neut(6)] = 0.001330
E[P_neut(7)] = 0.001111
E[P_neut(8)] = 0.000961
E[P_neut(9)] = 0.000875
E[P_neut(10)] = 0.000793
E[P_neut(11)] = 0.000728
E[P_neut(12)] = 0.000649
E[P_neut(13)] = 0.000599
E[P_neut(14)] = 0.000543
E[P_neut(15)] = 0.000518
E[P_neut(16)] = 0.000482
E[P_neut(17)] = 0.000447
E[P_neut(18)] = 0.000419
E[P_neut(19)] = 0.000426

---- Expected P_sel(i), 0 < i < n (selected SFS per site) 
E[P_sel(1)] = 0.003563
E[P_sel(2)] = 0.001446
E[P_sel(3)] = 0.000859
E[P_sel(4)] = 0.000585
E[P_sel(5)] = 0.000456
E[P_sel(6)] = 0.000345
E[P_sel(7)] = 0.000280
E[P_sel(8)] = 0.000237
E[P_sel(9)] = 0.000211
E[P_sel(10)] = 0.000188
E[P_sel(11)] = 0.000170
E[P_sel(12)] = 0.000149
E[P_sel(13)] = 0.000136
E[P_sel(14)] = 0.000121
E[P_sel(15)] = 0.000115
E[P_sel(16)] = 0.000106
E[P_sel(17)] = 0.000097
E[P_sel(18)] = 0.000090
E[P_sel(19)] = 0.000091

---- Expected neutral and selected misattributed polymorphism per site
E[mis_neut] = 0.000446
E[mis_sel] = 0.000094

---- alpha_div = 0.314445
---- alpha_dfe = 0.000000



