---- Performing inference on Ns200_pa_0.00025_boots/Ns200_pa_0.00025.93.polyDFE.txt using model B

---- Warning: mutation variability is not used when only one neutral and one selected fragment is available.
---- No mutation variability. Using Poisson likelihood.

---- Using provided initial values


-- Starting local optimization
 it       eps_an        eps_cont      theta_bar      S_d            b             p_b           S_b           r  2          r  3          r  4          r  5          r  6          r  7          r  8          r  9          r 10          r 11          r 12          r 13          r 14          r 15          r 16          r 17          r 18          r 19         ln lk             grad     status
  0      4.50e-06      9.00e-07       0.00100     -400.00000       0.40000       0.02000       4.00000       1.00000       1.00000       1.00000       1.00000       1.00000       1.00000       1.00000       1.00000       1.00000       1.00000       1.00000       1.00000       1.00000       1.00000       1.00000       1.00000       1.00000       1.00000  -208508.4394397112   1510.11481   -2
474      4.59e-06      9.00e-07       0.00906     -710.30354       0.21113       0.00214      37.42941       0.98119       0.92968       0.92168       0.90333       0.89670       0.85911       0.86388       0.87061       0.85158       0.87971       0.82381       0.86722       0.85979       0.88273       0.83378       0.84622       0.87248       0.84644  -195.4181980698      0.01560   -3
-- Local optimization: stuck in the same solution


---- Best joint likelihood found -195.41820 with gradient 0.01560
-- Model: B
--     eps_an        eps_cont      theta_bar     a        
--    4.59e-06      9.00e-07       0.00906       -1.00000  
--      S_d            b             p_b           S_b      
--   -710.30354       0.21113       0.00214      37.42941  
--     r  2          r  3          r  4          r  5          r  6          r  7          r  8          r  9          r 10          r 11          r 12          r 13          r 14          r 15          r 16          r 17          r 18          r 19     
--     0.98119       0.92968       0.92168       0.90333       0.89670       0.85911       0.86388       0.87061       0.85158       0.87971       0.82381       0.86722       0.85979       0.88273       0.83378       0.84622       0.87248       0.84644  

---- Expected P_neut(i), 0 < i < n (neutral SFS per site) 
E[P_neut(1)] = 0.009064
E[P_neut(2)] = 0.004447
E[P_neut(3)] = 0.002809
E[P_neut(4)] = 0.002089
E[P_neut(5)] = 0.001638
E[P_neut(6)] = 0.001355
E[P_neut(7)] = 0.001112
E[P_neut(8)] = 0.000979
E[P_neut(9)] = 0.000877
E[P_neut(10)] = 0.000772
E[P_neut(11)] = 0.000725
E[P_neut(12)] = 0.000622
E[P_neut(13)] = 0.000605
E[P_neut(14)] = 0.000557
E[P_neut(15)] = 0.000533
E[P_neut(16)] = 0.000472
E[P_neut(17)] = 0.000451
E[P_neut(18)] = 0.000439
E[P_neut(19)] = 0.000404

---- Expected P_sel(i), 0 < i < n (selected SFS per site) 
E[P_sel(1)] = 0.003651
E[P_sel(2)] = 0.001452
E[P_sel(3)] = 0.000831
E[P_sel(4)] = 0.000581
E[P_sel(5)] = 0.000435
E[P_sel(6)] = 0.000348
E[P_sel(7)] = 0.000277
E[P_sel(8)] = 0.000238
E[P_sel(9)] = 0.000209
E[P_sel(10)] = 0.000181
E[P_sel(11)] = 0.000168
E[P_sel(12)] = 0.000142
E[P_sel(13)] = 0.000137
E[P_sel(14)] = 0.000125
E[P_sel(15)] = 0.000119
E[P_sel(16)] = 0.000105
E[P_sel(17)] = 0.000101
E[P_sel(18)] = 0.000100
E[P_sel(19)] = 0.000094

---- Expected neutral and selected misattributed polymorphism per site
E[mis_neut] = 0.000453
E[mis_sel] = 0.000113

---- alpha_div = 0.320505
---- alpha_dfe = 0.284213



