---- Performing inference on Ns200_pa_0.00025_boots/Ns200_pa_0.00025.69.polyDFE.txt using model B

---- Warning: mutation variability is not used when only one neutral and one selected fragment is available.
---- No mutation variability. Using Poisson likelihood.

---- Using provided initial values


-- Starting local optimization
 it       eps_an        eps_cont      theta_bar      S_d            b             p_b           S_b           r  2          r  3          r  4          r  5          r  6          r  7          r  8          r  9          r 10          r 11          r 12          r 13          r 14          r 15          r 16          r 17          r 18          r 19         ln lk             grad     status
  0      4.50e-06      9.00e-07       0.00100     -400.00000       0.40000       0.02000       4.00000       1.00000       1.00000       1.00000       1.00000       1.00000       1.00000       1.00000       1.00000       1.00000       1.00000       1.00000       1.00000       1.00000       1.00000       1.00000       1.00000       1.00000       1.00000  -208245.9674877485   1507.93572   -2
787      4.45e-06      9.00e-07       0.00908     -730.37933       0.21267       0.00348       9.41647       0.96694       0.94223       0.92572       0.90901       0.90512       0.86488       0.90147       0.88195       0.88498       0.88723       0.85206       0.83327       0.84719       0.89565       0.81711       0.84067       0.83516       0.87742  -193.4395062133      0.00078   -3
-- Local optimization: stuck in the same solution


---- Best joint likelihood found -193.43951 with gradient 0.00078
-- Model: B
--     eps_an        eps_cont      theta_bar     a        
--    4.45e-06      9.00e-07       0.00908       -1.00000  
--      S_d            b             p_b           S_b      
--   -730.37933       0.21267       0.00348       9.41647  
--     r  2          r  3          r  4          r  5          r  6          r  7          r  8          r  9          r 10          r 11          r 12          r 13          r 14          r 15          r 16          r 17          r 18          r 19     
--     0.96694       0.94223       0.92572       0.90901       0.90512       0.86488       0.90147       0.88195       0.88498       0.88723       0.85206       0.83327       0.84719       0.89565       0.81711       0.84067       0.83516       0.87742  

---- Expected P_neut(i), 0 < i < n (neutral SFS per site) 
E[P_neut(1)] = 0.009075
E[P_neut(2)] = 0.004388
E[P_neut(3)] = 0.002850
E[P_neut(4)] = 0.002100
E[P_neut(5)] = 0.001650
E[P_neut(6)] = 0.001369
E[P_neut(7)] = 0.001121
E[P_neut(8)] = 0.001023
E[P_neut(9)] = 0.000889
E[P_neut(10)] = 0.000803
E[P_neut(11)] = 0.000732
E[P_neut(12)] = 0.000644
E[P_neut(13)] = 0.000582
E[P_neut(14)] = 0.000549
E[P_neut(15)] = 0.000542
E[P_neut(16)] = 0.000463
E[P_neut(17)] = 0.000449
E[P_neut(18)] = 0.000421
E[P_neut(19)] = 0.000419

---- Expected P_sel(i), 0 < i < n (selected SFS per site) 
E[P_sel(1)] = 0.003625
E[P_sel(2)] = 0.001420
E[P_sel(3)] = 0.000836
E[P_sel(4)] = 0.000579
E[P_sel(5)] = 0.000435
E[P_sel(6)] = 0.000348
E[P_sel(7)] = 0.000278
E[P_sel(8)] = 0.000247
E[P_sel(9)] = 0.000211
E[P_sel(10)] = 0.000187
E[P_sel(11)] = 0.000169
E[P_sel(12)] = 0.000147
E[P_sel(13)] = 0.000131
E[P_sel(14)] = 0.000123
E[P_sel(15)] = 0.000121
E[P_sel(16)] = 0.000103
E[P_sel(17)] = 0.000100
E[P_sel(18)] = 0.000094
E[P_sel(19)] = 0.000094

---- Expected neutral and selected misattributed polymorphism per site
E[mis_neut] = 0.000454
E[mis_sel] = 0.000103

---- alpha_div = 0.337732
---- alpha_dfe = 0.141594



