---- Performing inference on Ns200_pa_0.00025_boots/Ns200_pa_0.00025.68.polyDFE.txt using model B

---- Warning: mutation variability is not used when only one neutral and one selected fragment is available.
---- No mutation variability. Using Poisson likelihood.

---- Using provided initial values


-- Starting local optimization
 it       eps_an        theta_bar      S_d            b             r  2          r  3          r  4          r  5          r  6          r  7          r  8          r  9          r 10          r 11          r 12          r 13          r 14          r 15          r 16          r 17          r 18          r 19         ln lk             grad     status
  0      4.50e-06       0.00100     -400.00000       0.40000       1.00000       1.00000       1.00000       1.00000       1.00000       1.00000       1.00000       1.00000       1.00000       1.00000       1.00000       1.00000       1.00000       1.00000       1.00000       1.00000       1.00000       1.00000  -216585.8771922540   1588.65754   -2
145      4.50e-06       0.00904     -886.80718       0.19991       0.95729       0.95670       0.93129       0.91656       0.90445       0.85059       0.88357       0.87221       0.89156       0.89210       0.84151       0.84805       0.85401       0.86090       0.83148       0.82668       0.83827       0.88272  -197.0436711589      0.00085   -3
-- Local optimization: stuck in the same solution


---- Best joint likelihood found -197.04367 with gradient 0.00085
-- Model: B
--     eps_an        eps_cont      theta_bar     a        
--    4.50e-06      0.00e+00       0.00904       -1.00000  
--      S_d            b             p_b           S_b      
--   -886.80718       0.19991      0.00e+00      0.00e+00  
--     r  2          r  3          r  4          r  5          r  6          r  7          r  8          r  9          r 10          r 11          r 12          r 13          r 14          r 15          r 16          r 17          r 18          r 19     
--     0.95729       0.95670       0.93129       0.91656       0.90445       0.85059       0.88357       0.87221       0.89156       0.89210       0.84151       0.84805       0.85401       0.86090       0.83148       0.82668       0.83827       0.88272  

---- Expected P_neut(i), 0 < i < n (neutral SFS per site) 
E[P_neut(1)] = 0.009038
E[P_neut(2)] = 0.004326
E[P_neut(3)] = 0.002882
E[P_neut(4)] = 0.002104
E[P_neut(5)] = 0.001657
E[P_neut(6)] = 0.001362
E[P_neut(7)] = 0.001098
E[P_neut(8)] = 0.000998
E[P_neut(9)] = 0.000876
E[P_neut(10)] = 0.000806
E[P_neut(11)] = 0.000733
E[P_neut(12)] = 0.000634
E[P_neut(13)] = 0.000590
E[P_neut(14)] = 0.000551
E[P_neut(15)] = 0.000519
E[P_neut(16)] = 0.000470
E[P_neut(17)] = 0.000440
E[P_neut(18)] = 0.000421
E[P_neut(19)] = 0.000420

---- Expected P_sel(i), 0 < i < n (selected SFS per site) 
E[P_sel(1)] = 0.003606
E[P_sel(2)] = 0.001412
E[P_sel(3)] = 0.000856
E[P_sel(4)] = 0.000588
E[P_sel(5)] = 0.000443
E[P_sel(6)] = 0.000352
E[P_sel(7)] = 0.000276
E[P_sel(8)] = 0.000245
E[P_sel(9)] = 0.000211
E[P_sel(10)] = 0.000190
E[P_sel(11)] = 0.000170
E[P_sel(12)] = 0.000145
E[P_sel(13)] = 0.000133
E[P_sel(14)] = 0.000123
E[P_sel(15)] = 0.000114
E[P_sel(16)] = 0.000103
E[P_sel(17)] = 0.000095
E[P_sel(18)] = 0.000090
E[P_sel(19)] = 0.000089

---- Expected neutral and selected misattributed polymorphism per site
E[mis_neut] = 0.000452
E[mis_sel] = 0.000095

---- alpha_div = 0.289239
---- alpha_dfe = 0.000000



