---- Performing inference on Ns200_pa_0.00025_boots/Ns200_pa_0.00025.19.polyDFE.txt using model B

---- Warning: mutation variability is not used when only one neutral and one selected fragment is available.
---- No mutation variability. Using Poisson likelihood.

---- Using provided initial values


-- Starting local optimization
 it       eps_an        lambda        theta_bar      S_d            b             r  2          r  3          r  4          r  5          r  6          r  7          r  8          r  9          r 10          r 11          r 12          r 13          r 14          r 15          r 16          r 17          r 18          r 19          r 20         ln lk             grad     status
  0      4.50e-06       0.00500       0.00100     -400.00000       0.40000       1.00000       1.00000       1.00000       1.00000       1.00000       1.00000       1.00000       1.00000       1.00000       1.00000       1.00000       1.00000       1.00000       1.00000       1.00000       1.00000       1.00000       1.00000       1.00000  -224892.1357339593   1707.14605   -2
556      4.40e-06       0.00013       0.00920    -3546.74117       0.15173       0.95629       0.91512       0.89354       0.86079       0.84033       0.80431       0.83084       0.81521       0.80882       0.80600       0.82148       0.83100       0.78807       0.84829       0.83583       0.77460       0.78288       0.82481      12.57509  -406.3983871333      0.01540   -3
-- Local optimization: stuck in the same solution


---- Best joint likelihood found -406.39839 with gradient 0.01540
-- Model: B
--     eps_an        eps_cont      lambda        theta_bar     a        
--    4.40e-06      0.00e+00       0.00013       0.00920       -1.00000  
--      S_d            b             p_b           S_b      
--  -3546.74117       0.15173      0.00e+00      0.00e+00  
--     r  2          r  3          r  4          r  5          r  6          r  7          r  8          r  9          r 10          r 11          r 12          r 13          r 14          r 15          r 16          r 17          r 18          r 19          r 20     
--     0.95629       0.91512       0.89354       0.86079       0.84033       0.80431       0.83084       0.81521       0.80882       0.80600       0.82148       0.83100       0.78807       0.84829       0.83583       0.77460       0.78288       0.82481      12.57509  

---- Expected P_neut(i), 0 < i < n (neutral SFS per site) 
E[P_neut(1)] = 0.009202
E[P_neut(2)] = 0.004400
E[P_neut(3)] = 0.002807
E[P_neut(4)] = 0.002056
E[P_neut(5)] = 0.001584
E[P_neut(6)] = 0.001289
E[P_neut(7)] = 0.001057
E[P_neut(8)] = 0.000956
E[P_neut(9)] = 0.000834
E[P_neut(10)] = 0.000744
E[P_neut(11)] = 0.000674
E[P_neut(12)] = 0.000630
E[P_neut(13)] = 0.000588
E[P_neut(14)] = 0.000518
E[P_neut(15)] = 0.000520
E[P_neut(16)] = 0.000481
E[P_neut(17)] = 0.000419
E[P_neut(18)] = 0.000400
E[P_neut(19)] = 0.000400

---- Expected P_sel(i), 0 < i < n (selected SFS per site) 
E[P_sel(1)] = 0.003559
E[P_sel(2)] = 0.001461
E[P_sel(3)] = 0.000868
E[P_sel(4)] = 0.000608
E[P_sel(5)] = 0.000453
E[P_sel(6)] = 0.000359
E[P_sel(7)] = 0.000288
E[P_sel(8)] = 0.000256
E[P_sel(9)] = 0.000220
E[P_sel(10)] = 0.000194
E[P_sel(11)] = 0.000173
E[P_sel(12)] = 0.000160
E[P_sel(13)] = 0.000148
E[P_sel(14)] = 0.000129
E[P_sel(15)] = 0.000129
E[P_sel(16)] = 0.000118
E[P_sel(17)] = 0.000102
E[P_sel(18)] = 0.000097
E[P_sel(19)] = 0.000096

---- Expected D_neut and D_sel (neutral and selected divergence per site) 
E[D_neut] = 0.005911
E[D_sel] = 0.001408

---- Expected neutral and selected misattributed polymorphism per site
E[mis_neut] = 0.005786
E[mis_sel] = 0.001378

---- alpha_div = 1.444406
---- alpha_dfe = 0.000000



