---- Performing inference on Ns200_pa_0.00025_boots/Ns200_pa_0.00025.2.polyDFE.txt using model B

---- Warning: mutation variability is not used when only one neutral and one selected fragment is available.
---- No mutation variability. Using Poisson likelihood.

---- Using provided initial values


-- Starting local optimization
 it       eps_an        eps_cont      theta_bar      S_d            b             p_b           S_b           r  2          r  3          r  4          r  5          r  6          r  7          r  8          r  9          r 10          r 11          r 12          r 13          r 14          r 15          r 16          r 17          r 18          r 19         ln lk             grad     status
  0      4.50e-06      9.00e-07       0.00100     -400.00000       0.40000       0.02000       4.00000       1.00000       1.00000       1.00000       1.00000       1.00000       1.00000       1.00000       1.00000       1.00000       1.00000       1.00000       1.00000       1.00000       1.00000       1.00000       1.00000       1.00000       1.00000  -207281.1579402107   1503.72512   -2
720      4.52e-06      9.00e-07       0.00903     -773.25091       0.21023       0.00367      14.07576       0.97085       0.95416       0.94267       0.93446       0.90046       0.84721       0.91376       0.88801       0.84363       0.87666       0.87829       0.83718       0.83820       0.87722       0.80849       0.81007       0.85330       0.80458  -188.7100362485      0.00093   -3
-- Local optimization: stuck in the same solution


---- Best joint likelihood found -188.71004 with gradient 0.00093
-- Model: B
--     eps_an        eps_cont      theta_bar     a        
--    4.52e-06      9.00e-07       0.00903       -1.00000  
--      S_d            b             p_b           S_b      
--   -773.25091       0.21023       0.00367      14.07576  
--     r  2          r  3          r  4          r  5          r  6          r  7          r  8          r  9          r 10          r 11          r 12          r 13          r 14          r 15          r 16          r 17          r 18          r 19     
--     0.97085       0.95416       0.94267       0.93446       0.90046       0.84721       0.91376       0.88801       0.84363       0.87666       0.87829       0.83718       0.83820       0.87722       0.80849       0.81007       0.85330       0.80458  

---- Expected P_neut(i), 0 < i < n (neutral SFS per site) 
E[P_neut(1)] = 0.009030
E[P_neut(2)] = 0.004383
E[P_neut(3)] = 0.002872
E[P_neut(4)] = 0.002128
E[P_neut(5)] = 0.001688
E[P_neut(6)] = 0.001355
E[P_neut(7)] = 0.001093
E[P_neut(8)] = 0.001031
E[P_neut(9)] = 0.000891
E[P_neut(10)] = 0.000762
E[P_neut(11)] = 0.000720
E[P_neut(12)] = 0.000661
E[P_neut(13)] = 0.000582
E[P_neut(14)] = 0.000541
E[P_neut(15)] = 0.000528
E[P_neut(16)] = 0.000456
E[P_neut(17)] = 0.000430
E[P_neut(18)] = 0.000428
E[P_neut(19)] = 0.000382

---- Expected P_sel(i), 0 < i < n (selected SFS per site) 
E[P_sel(1)] = 0.003595
E[P_sel(2)] = 0.001417
E[P_sel(3)] = 0.000842
E[P_sel(4)] = 0.000587
E[P_sel(5)] = 0.000445
E[P_sel(6)] = 0.000346
E[P_sel(7)] = 0.000271
E[P_sel(8)] = 0.000250
E[P_sel(9)] = 0.000212
E[P_sel(10)] = 0.000179
E[P_sel(11)] = 0.000167
E[P_sel(12)] = 0.000151
E[P_sel(13)] = 0.000132
E[P_sel(14)] = 0.000122
E[P_sel(15)] = 0.000119
E[P_sel(16)] = 0.000103
E[P_sel(17)] = 0.000098
E[P_sel(18)] = 0.000098
E[P_sel(19)] = 0.000089

---- Expected neutral and selected misattributed polymorphism per site
E[mis_neut] = 0.000451
E[mis_sel] = 0.000109

---- alpha_div = 0.338538
---- alpha_dfe = 0.205832



