---- Performing inference on Ns200_pa_0.00025_boots/Ns200_pa_0.00025.22.polyDFE.txt using model B

---- Warning: mutation variability is not used when only one neutral and one selected fragment is available.
---- No mutation variability. Using Poisson likelihood.

---- Using provided initial values


-- Starting local optimization
 it       eps_an        eps_cont      lambda        theta_bar      S_d            b             p_b           S_b           r  2          r  3          r  4          r  5          r  6          r  7          r  8          r  9          r 10          r 11          r 12          r 13          r 14          r 15          r 16          r 17          r 18          r 19          r 20         ln lk             grad     status
  0      4.50e-06      9.00e-07       0.00500       0.00100     -400.00000       0.40000       0.02000       4.00000       1.00000       1.00000       1.00000       1.00000       1.00000       1.00000       1.00000       1.00000       1.00000       1.00000       1.00000       1.00000       1.00000       1.00000       1.00000       1.00000       1.00000       1.00000       1.00000  -209278.6224782690   1536.99985   -2
106      4.49e-06      9.00e-07       0.00508       0.00908     -895.07196       0.20035       0.00210      37.42364       0.97233       0.92954       0.91384       0.90145       0.88533       0.83078       0.86526       0.85198       0.86557       0.86514       0.85184       0.84154       0.82959       0.84190       0.79254       0.82048       0.80045       0.85496       0.87514  -226.4590291099      0.81122   -3
-- Local optimization: stuck in the same solution


---- Best joint likelihood found -226.45903 with gradient 0.81122
-- Model: B
--     eps_an        eps_cont      lambda        theta_bar     a        
--    4.49e-06      9.00e-07       0.00508       0.00908       -1.00000  
--      S_d            b             p_b           S_b      
--   -895.07196       0.20035       0.00210      37.42364  
--     r  2          r  3          r  4          r  5          r  6          r  7          r  8          r  9          r 10          r 11          r 12          r 13          r 14          r 15          r 16          r 17          r 18          r 19          r 20     
--     0.97233       0.92954       0.91384       0.90145       0.88533       0.83078       0.86526       0.85198       0.86557       0.86514       0.85184       0.84154       0.82959       0.84190       0.79254       0.82048       0.80045       0.85496       0.87514  

---- Expected P_neut(i), 0 < i < n (neutral SFS per site) 
E[P_neut(1)] = 0.009083
E[P_neut(2)] = 0.004416
E[P_neut(3)] = 0.002814
E[P_neut(4)] = 0.002075
E[P_neut(5)] = 0.001638
E[P_neut(6)] = 0.001340
E[P_neut(7)] = 0.001078
E[P_neut(8)] = 0.000982
E[P_neut(9)] = 0.000860
E[P_neut(10)] = 0.000786
E[P_neut(11)] = 0.000714
E[P_neut(12)] = 0.000645
E[P_neut(13)] = 0.000588
E[P_neut(14)] = 0.000538
E[P_neut(15)] = 0.000510
E[P_neut(16)] = 0.000450
E[P_neut(17)] = 0.000438
E[P_neut(18)] = 0.000404
E[P_neut(19)] = 0.000409

---- Expected P_sel(i), 0 < i < n (selected SFS per site) 
E[P_sel(1)] = 0.003624
E[P_sel(2)] = 0.001443
E[P_sel(3)] = 0.000838
E[P_sel(4)] = 0.000582
E[P_sel(5)] = 0.000440
E[P_sel(6)] = 0.000348
E[P_sel(7)] = 0.000273
E[P_sel(8)] = 0.000243
E[P_sel(9)] = 0.000209
E[P_sel(10)] = 0.000188
E[P_sel(11)] = 0.000168
E[P_sel(12)] = 0.000150
E[P_sel(13)] = 0.000135
E[P_sel(14)] = 0.000123
E[P_sel(15)] = 0.000116
E[P_sel(16)] = 0.000102
E[P_sel(17)] = 0.000100
E[P_sel(18)] = 0.000093
E[P_sel(19)] = 0.000097

---- Expected D_neut and D_sel (neutral and selected divergence per site) 
E[D_neut] = 0.005482
E[D_sel] = 0.001554

---- Expected neutral and selected misattributed polymorphism per site
E[mis_neut] = 0.000397
E[mis_sel] = 0.000101

---- alpha_div = 0.287927
---- alpha_dfe = 0.274846



