---- Performing inference on Ns200_pa_0.00025_boots/Ns200_pa_0.00025.59.polyDFE.txt using model B

---- Warning: mutation variability is not used when only one neutral and one selected fragment is available.
---- No mutation variability. Using Poisson likelihood.

---- Using provided initial values


-- Starting local optimization
 it       eps_an        eps_cont      lambda        theta_bar      S_d            b             p_b           S_b           r  2          r  3          r  4          r  5          r  6          r  7          r  8          r  9          r 10          r 11          r 12          r 13          r 14          r 15          r 16          r 17          r 18          r 19          r 20         ln lk             grad     status
  0      4.50e-06      9.00e-07       0.00500       0.00100     -400.00000       0.40000       0.02000       4.00000       1.00000       1.00000       1.00000       1.00000       1.00000       1.00000       1.00000       1.00000       1.00000       1.00000       1.00000       1.00000       1.00000       1.00000       1.00000       1.00000       1.00000       1.00000       1.00000  -207911.9069175509   1530.04745   -2
149      4.49e-06      9.00e-07       0.00496       0.00895     -674.57110       0.21439       0.00259      37.42947       0.97296       0.95430       0.92849       0.92819       0.87120       0.86170       0.88427       0.87040       0.86331       0.86064       0.88126       0.89577       0.85090       0.89561       0.82542       0.85923       0.87026       0.88325       0.89326  -205.7978044249      0.07591   -3
-- Local optimization: stuck in the same solution


---- Best joint likelihood found -205.79780 with gradient 0.07591
-- Model: B
--     eps_an        eps_cont      lambda        theta_bar     a        
--    4.49e-06      9.00e-07       0.00496       0.00895       -1.00000  
--      S_d            b             p_b           S_b      
--   -674.57110       0.21439       0.00259      37.42947  
--     r  2          r  3          r  4          r  5          r  6          r  7          r  8          r  9          r 10          r 11          r 12          r 13          r 14          r 15          r 16          r 17          r 18          r 19          r 20     
--     0.97296       0.95430       0.92849       0.92819       0.87120       0.86170       0.88427       0.87040       0.86331       0.86064       0.88126       0.89577       0.85090       0.89561       0.82542       0.85923       0.87026       0.88325       0.89326  

---- Expected P_neut(i), 0 < i < n (neutral SFS per site) 
E[P_neut(1)] = 0.008951
E[P_neut(2)] = 0.004354
E[P_neut(3)] = 0.002847
E[P_neut(4)] = 0.002078
E[P_neut(5)] = 0.001662
E[P_neut(6)] = 0.001300
E[P_neut(7)] = 0.001102
E[P_neut(8)] = 0.000989
E[P_neut(9)] = 0.000866
E[P_neut(10)] = 0.000773
E[P_neut(11)] = 0.000700
E[P_neut(12)] = 0.000657
E[P_neut(13)] = 0.000617
E[P_neut(14)] = 0.000544
E[P_neut(15)] = 0.000534
E[P_neut(16)] = 0.000462
E[P_neut(17)] = 0.000452
E[P_neut(18)] = 0.000433
E[P_neut(19)] = 0.000416

---- Expected P_sel(i), 0 < i < n (selected SFS per site) 
E[P_sel(1)] = 0.003609
E[P_sel(2)] = 0.001419
E[P_sel(3)] = 0.000840
E[P_sel(4)] = 0.000575
E[P_sel(5)] = 0.000440
E[P_sel(6)] = 0.000332
E[P_sel(7)] = 0.000273
E[P_sel(8)] = 0.000240
E[P_sel(9)] = 0.000206
E[P_sel(10)] = 0.000180
E[P_sel(11)] = 0.000161
E[P_sel(12)] = 0.000149
E[P_sel(13)] = 0.000139
E[P_sel(14)] = 0.000122
E[P_sel(15)] = 0.000119
E[P_sel(16)] = 0.000103
E[P_sel(17)] = 0.000101
E[P_sel(18)] = 0.000099
E[P_sel(19)] = 0.000099

---- Expected D_neut and D_sel (neutral and selected divergence per site) 
E[D_neut] = 0.005357
E[D_sel] = 0.001574

---- Expected neutral and selected misattributed polymorphism per site
E[mis_neut] = 0.000400
E[mis_sel] = 0.000103

---- alpha_div = 0.329081
---- alpha_dfe = 0.326540



