---- Performing inference on Ns200_pa_0.00025_boots/Ns200_pa_0.00025.11.polyDFE.txt using model B

---- Warning: mutation variability is not used when only one neutral and one selected fragment is available.
---- No mutation variability. Using Poisson likelihood.

---- Using provided initial values


-- Starting local optimization
 it       eps_an        eps_cont      theta_bar      S_d            b             p_b           S_b           r  2          r  3          r  4          r  5          r  6          r  7          r  8          r  9          r 10          r 11          r 12          r 13          r 14          r 15          r 16          r 17          r 18          r 19         ln lk             grad     status
  0      4.50e-06      9.00e-07       0.00100     -400.00000       0.40000       0.02000       4.00000       1.00000       1.00000       1.00000       1.00000       1.00000       1.00000       1.00000       1.00000       1.00000       1.00000       1.00000       1.00000       1.00000       1.00000       1.00000       1.00000       1.00000       1.00000  -207024.7602271328   1501.46495   -2
675      4.86e-06      9.01e-07       0.00905     -794.70401       0.20847       0.00124     242.11633       0.97936       0.95302       0.94061       0.91049       0.90323       0.85400       0.88899       0.85982       0.87189       0.89273       0.85513       0.87841       0.87186       0.84092       0.83673       0.83826       0.81747       0.82837  -192.2325588947      0.00096   -3
-- Local optimization: stuck in the same solution


---- Best joint likelihood found -192.23256 with gradient 0.00096
-- Model: B
--     eps_an        eps_cont      theta_bar     a        
--    4.86e-06      9.01e-07       0.00905       -1.00000  
--      S_d            b             p_b           S_b      
--   -794.70401       0.20847       0.00124     242.11633  
--     r  2          r  3          r  4          r  5          r  6          r  7          r  8          r  9          r 10          r 11          r 12          r 13          r 14          r 15          r 16          r 17          r 18          r 19     
--     0.97936       0.95302       0.94061       0.91049       0.90323       0.85400       0.88899       0.85982       0.87189       0.89273       0.85513       0.87841       0.87186       0.84092       0.83673       0.83826       0.81747       0.82837  

---- Expected P_neut(i), 0 < i < n (neutral SFS per site) 
E[P_neut(1)] = 0.009054
E[P_neut(2)] = 0.004434
E[P_neut(3)] = 0.002876
E[P_neut(4)] = 0.002129
E[P_neut(5)] = 0.001649
E[P_neut(6)] = 0.001363
E[P_neut(7)] = 0.001105
E[P_neut(8)] = 0.001006
E[P_neut(9)] = 0.000865
E[P_neut(10)] = 0.000789
E[P_neut(11)] = 0.000735
E[P_neut(12)] = 0.000645
E[P_neut(13)] = 0.000612
E[P_neut(14)] = 0.000564
E[P_neut(15)] = 0.000508
E[P_neut(16)] = 0.000473
E[P_neut(17)] = 0.000446
E[P_neut(18)] = 0.000411
E[P_neut(19)] = 0.000395

---- Expected P_sel(i), 0 < i < n (selected SFS per site) 
E[P_sel(1)] = 0.003592
E[P_sel(2)] = 0.001428
E[P_sel(3)] = 0.000840
E[P_sel(4)] = 0.000584
E[P_sel(5)] = 0.000433
E[P_sel(6)] = 0.000345
E[P_sel(7)] = 0.000272
E[P_sel(8)] = 0.000242
E[P_sel(9)] = 0.000204
E[P_sel(10)] = 0.000183
E[P_sel(11)] = 0.000167
E[P_sel(12)] = 0.000145
E[P_sel(13)] = 0.000136
E[P_sel(14)] = 0.000124
E[P_sel(15)] = 0.000111
E[P_sel(16)] = 0.000103
E[P_sel(17)] = 0.000097
E[P_sel(18)] = 0.000090
E[P_sel(19)] = 0.000091

---- Expected neutral and selected misattributed polymorphism per site
E[mis_neut] = 0.000453
E[mis_sel] = 0.000121

---- alpha_div = 0.318824
---- alpha_dfe = 0.598426



