---- Performing inference on Ns25_pa_0.002_boots/Ns25_pa_0.002.97.polyDFE.txt using model B

---- Warning: mutation variability is not used when only one neutral and one selected fragment is available.
---- No mutation variability. Using Poisson likelihood.

---- Using provided initial values


-- Starting local optimization
 it       eps_an        eps_cont      lambda        theta_bar      S_d            b             p_b           S_b           r  2          r  3          r  4          r  5          r  6          r  7          r  8          r  9          r 10          r 11          r 12          r 13          r 14          r 15          r 16          r 17          r 18          r 19          r 20         ln lk             grad     status
  0      4.50e-06      9.00e-07       0.00500       0.00100     -400.00000       0.40000       0.02000       4.00000       1.00000       1.00000       1.00000       1.00000       1.00000       1.00000       1.00000       1.00000       1.00000       1.00000       1.00000       1.00000       1.00000       1.00000       1.00000       1.00000       1.00000       1.00000       1.00000  -230821.1673622283   1644.50166   -2
257      4.50e-06      9.00e-07       0.00505       0.00932     -769.25373       0.20866       0.00343      29.06430       0.97229       0.96548       0.94556       0.93910       0.94919       0.93208       0.92956       0.94384       0.96349       0.88536       0.93512       0.92248       0.89309       0.95330       0.90003       0.95286       0.87089       0.97462       0.91943  -213.6966461920      0.00098   -3
-- Local optimization: stuck in the same solution


---- Best joint likelihood found -213.69665 with gradient 0.00098
-- Model: B
--     eps_an        eps_cont      lambda        theta_bar     a        
--    4.50e-06      9.00e-07       0.00505       0.00932       -1.00000  
--      S_d            b             p_b           S_b      
--   -769.25373       0.20866       0.00343      29.06430  
--     r  2          r  3          r  4          r  5          r  6          r  7          r  8          r  9          r 10          r 11          r 12          r 13          r 14          r 15          r 16          r 17          r 18          r 19          r 20     
--     0.97229       0.96548       0.94556       0.93910       0.94919       0.93208       0.92956       0.94384       0.96349       0.88536       0.93512       0.92248       0.89309       0.95330       0.90003       0.95286       0.87089       0.97462       0.91943  

---- Expected P_neut(i), 0 < i < n (neutral SFS per site) 
E[P_neut(1)] = 0.009316
E[P_neut(2)] = 0.004529
E[P_neut(3)] = 0.002998
E[P_neut(4)] = 0.002202
E[P_neut(5)] = 0.001750
E[P_neut(6)] = 0.001474
E[P_neut(7)] = 0.001240
E[P_neut(8)] = 0.001082
E[P_neut(9)] = 0.000977
E[P_neut(10)] = 0.000898
E[P_neut(11)] = 0.000750
E[P_neut(12)] = 0.000726
E[P_neut(13)] = 0.000661
E[P_neut(14)] = 0.000594
E[P_neut(15)] = 0.000592
E[P_neut(16)] = 0.000524
E[P_neut(17)] = 0.000522
E[P_neut(18)] = 0.000451
E[P_neut(19)] = 0.000478

---- Expected P_sel(i), 0 < i < n (selected SFS per site) 
E[P_sel(1)] = 0.003731
E[P_sel(2)] = 0.001475
E[P_sel(3)] = 0.000886
E[P_sel(4)] = 0.000613
E[P_sel(5)] = 0.000466
E[P_sel(6)] = 0.000379
E[P_sel(7)] = 0.000311
E[P_sel(8)] = 0.000265
E[P_sel(9)] = 0.000235
E[P_sel(10)] = 0.000212
E[P_sel(11)] = 0.000175
E[P_sel(12)] = 0.000168
E[P_sel(13)] = 0.000151
E[P_sel(14)] = 0.000135
E[P_sel(15)] = 0.000135
E[P_sel(16)] = 0.000120
E[P_sel(17)] = 0.000120
E[P_sel(18)] = 0.000106
E[P_sel(19)] = 0.000118

---- Expected D_neut and D_sel (neutral and selected divergence per site) 
E[D_neut] = 0.005480
E[D_sel] = 0.001637

---- Expected neutral and selected misattributed polymorphism per site
E[mis_neut] = 0.000428
E[mis_sel] = 0.000114

---- alpha_div = 0.330209
---- alpha_dfe = 0.330666



