---- Performing inference on Ns25_pa_0.002_boots/Ns25_pa_0.002.82.polyDFE.txt using model B

---- Warning: mutation variability is not used when only one neutral and one selected fragment is available.
---- No mutation variability. Using Poisson likelihood.

---- Using provided initial values


-- Starting local optimization
 it       eps_an        eps_cont      theta_bar      S_d            b             p_b           S_b           r  2          r  3          r  4          r  5          r  6          r  7          r  8          r  9          r 10          r 11          r 12          r 13          r 14          r 15          r 16          r 17          r 18          r 19         ln lk             grad     status
  0      4.50e-06      9.00e-07       0.00100     -400.00000       0.40000       0.02000       4.00000       1.00000       1.00000       1.00000       1.00000       1.00000       1.00000       1.00000       1.00000       1.00000       1.00000       1.00000       1.00000       1.00000       1.00000       1.00000       1.00000       1.00000       1.00000  -230420.4766364546   1617.90563   -2
272      4.52e-06      9.00e-07       0.00944     -945.75203       0.19980       0.00260      37.42993       0.98196       0.95135       0.93336       0.93278       0.93954       0.91518       0.91027       0.91407       0.92570       0.88086       0.92255       0.90079       0.92873       0.88923       0.91804       0.95703       0.94950       0.93520  -191.2707132470      0.02360   -3
-- Local optimization: stuck in the same solution


---- Best joint likelihood found -191.27071 with gradient 0.02360
-- Model: B
--     eps_an        eps_cont      theta_bar     a        
--    4.52e-06      9.00e-07       0.00944       -1.00000  
--      S_d            b             p_b           S_b      
--   -945.75203       0.19980       0.00260      37.42993  
--     r  2          r  3          r  4          r  5          r  6          r  7          r  8          r  9          r 10          r 11          r 12          r 13          r 14          r 15          r 16          r 17          r 18          r 19     
--     0.98196       0.95135       0.93336       0.93278       0.93954       0.91518       0.91027       0.91407       0.92570       0.88086       0.92255       0.90079       0.92873       0.88923       0.91804       0.95703       0.94950       0.93520  

---- Expected P_neut(i), 0 < i < n (neutral SFS per site) 
E[P_neut(1)] = 0.009437
E[P_neut(2)] = 0.004633
E[P_neut(3)] = 0.002993
E[P_neut(4)] = 0.002202
E[P_neut(5)] = 0.001760
E[P_neut(6)] = 0.001478
E[P_neut(7)] = 0.001234
E[P_neut(8)] = 0.001074
E[P_neut(9)] = 0.000958
E[P_neut(10)] = 0.000874
E[P_neut(11)] = 0.000756
E[P_neut(12)] = 0.000725
E[P_neut(13)] = 0.000654
E[P_neut(14)] = 0.000626
E[P_neut(15)] = 0.000559
E[P_neut(16)] = 0.000541
E[P_neut(17)] = 0.000531
E[P_neut(18)] = 0.000498
E[P_neut(19)] = 0.000465

---- Expected P_sel(i), 0 < i < n (selected SFS per site) 
E[P_sel(1)] = 0.003736
E[P_sel(2)] = 0.001503
E[P_sel(3)] = 0.000885
E[P_sel(4)] = 0.000614
E[P_sel(5)] = 0.000470
E[P_sel(6)] = 0.000382
E[P_sel(7)] = 0.000311
E[P_sel(8)] = 0.000264
E[P_sel(9)] = 0.000232
E[P_sel(10)] = 0.000208
E[P_sel(11)] = 0.000177
E[P_sel(12)] = 0.000168
E[P_sel(13)] = 0.000150
E[P_sel(14)] = 0.000143
E[P_sel(15)] = 0.000127
E[P_sel(16)] = 0.000123
E[P_sel(17)] = 0.000122
E[P_sel(18)] = 0.000116
E[P_sel(19)] = 0.000113

---- Expected neutral and selected misattributed polymorphism per site
E[mis_neut] = 0.000472
E[mis_sel] = 0.000124

---- alpha_div = 0.337927
---- alpha_dfe = 0.321470



