---- Performing inference on Ns25_pa_0.002_boots/Ns25_pa_0.002.4.polyDFE.txt using model B

---- Warning: mutation variability is not used when only one neutral and one selected fragment is available.
---- No mutation variability. Using Poisson likelihood.

---- Using provided initial values


-- Starting local optimization
 it       eps_an        eps_cont      lambda        theta_bar      S_d            b             p_b           S_b           r  2          r  3          r  4          r  5          r  6          r  7          r  8          r  9          r 10          r 11          r 12          r 13          r 14          r 15          r 16          r 17          r 18          r 19          r 20         ln lk             grad     status
  0      4.50e-06      9.00e-07       0.00500       0.00100     -400.00000       0.40000       0.02000       4.00000       1.00000       1.00000       1.00000       1.00000       1.00000       1.00000       1.00000       1.00000       1.00000       1.00000       1.00000       1.00000       1.00000       1.00000       1.00000       1.00000       1.00000       1.00000       1.00000  -231270.6710348798   1647.59595   -2
125      4.50e-06      9.00e-07       0.00503       0.00947    -1648.24671       0.17808       0.00216      37.42956       0.96310       0.97476       0.92274       0.89844       0.87448       0.90106       0.89800       0.92156       0.90166       0.84580       0.87571       0.86377       0.90793       0.90906       0.90625       0.94652       0.90957       0.95168       0.91797  -205.5973034255      0.54468   -3
-- Local optimization: stuck in the same solution


---- Best joint likelihood found -205.59730 with gradient 0.54468
-- Model: B
--     eps_an        eps_cont      lambda        theta_bar     a        
--    4.50e-06      9.00e-07       0.00503       0.00947       -1.00000  
--      S_d            b             p_b           S_b      
--  -1648.24671       0.17808       0.00216      37.42956  
--     r  2          r  3          r  4          r  5          r  6          r  7          r  8          r  9          r 10          r 11          r 12          r 13          r 14          r 15          r 16          r 17          r 18          r 19          r 20     
--     0.96310       0.97476       0.92274       0.89844       0.87448       0.90106       0.89800       0.92156       0.90166       0.84580       0.87571       0.86377       0.90793       0.90906       0.90625       0.94652       0.90957       0.95168       0.91797  

---- Expected P_neut(i), 0 < i < n (neutral SFS per site) 
E[P_neut(1)] = 0.009465
E[P_neut(2)] = 0.004558
E[P_neut(3)] = 0.003075
E[P_neut(4)] = 0.002183
E[P_neut(5)] = 0.001701
E[P_neut(6)] = 0.001380
E[P_neut(7)] = 0.001218
E[P_neut(8)] = 0.001062
E[P_neut(9)] = 0.000969
E[P_neut(10)] = 0.000853
E[P_neut(11)] = 0.000728
E[P_neut(12)] = 0.000691
E[P_neut(13)] = 0.000629
E[P_neut(14)] = 0.000614
E[P_neut(15)] = 0.000574
E[P_neut(16)] = 0.000536
E[P_neut(17)] = 0.000527
E[P_neut(18)] = 0.000478
E[P_neut(19)] = 0.000474

---- Expected P_sel(i), 0 < i < n (selected SFS per site) 
E[P_sel(1)] = 0.003679
E[P_sel(2)] = 0.001482
E[P_sel(3)] = 0.000921
E[P_sel(4)] = 0.000620
E[P_sel(5)] = 0.000465
E[P_sel(6)] = 0.000366
E[P_sel(7)] = 0.000316
E[P_sel(8)] = 0.000270
E[P_sel(9)] = 0.000242
E[P_sel(10)] = 0.000210
E[P_sel(11)] = 0.000177
E[P_sel(12)] = 0.000166
E[P_sel(13)] = 0.000150
E[P_sel(14)] = 0.000146
E[P_sel(15)] = 0.000136
E[P_sel(16)] = 0.000127
E[P_sel(17)] = 0.000125
E[P_sel(18)] = 0.000115
E[P_sel(19)] = 0.000118

---- Expected D_neut and D_sel (neutral and selected divergence per site) 
E[D_neut] = 0.005464
E[D_sel] = 0.001612

---- Expected neutral and selected misattributed polymorphism per site
E[mis_neut] = 0.000434
E[mis_sel] = 0.000115

---- alpha_div = 0.282209
---- alpha_dfe = 0.271604



