---- Performing inference on Ns25_pa_0.002_boots/Ns25_pa_0.002.38.polyDFE.txt using model B

---- Warning: mutation variability is not used when only one neutral and one selected fragment is available.
---- No mutation variability. Using Poisson likelihood.

---- Using provided initial values


-- Starting local optimization
 it       eps_an        eps_cont      lambda        theta_bar      S_d            b             p_b           S_b           r  2          r  3          r  4          r  5          r  6          r  7          r  8          r  9          r 10          r 11          r 12          r 13          r 14          r 15          r 16          r 17          r 18          r 19          r 20         ln lk             grad     status
  0      4.50e-06      9.00e-07       0.00500       0.00100     -400.00000       0.40000       0.02000       4.00000       1.00000       1.00000       1.00000       1.00000       1.00000       1.00000       1.00000       1.00000       1.00000       1.00000       1.00000       1.00000       1.00000       1.00000       1.00000       1.00000       1.00000       1.00000       1.00000  -231506.6548235375   1647.67936   -2
385      4.50e-06      9.00e-07       0.00498       0.00946    -1185.53632       0.19116       0.00320      29.18048       0.96296       0.95438       0.93001       0.91064       0.92288       0.91271       0.88743       0.92925       0.93154       0.88226       0.88690       0.91255       0.92523       0.90949       0.86078       0.92260       0.89946       0.93646       0.86865  -212.9926333086      0.00077   -3
-- Local optimization: stuck in the same solution


---- Best joint likelihood found -212.99263 with gradient 0.00077
-- Model: B
--     eps_an        eps_cont      lambda        theta_bar     a        
--    4.50e-06      9.00e-07       0.00498       0.00946       -1.00000  
--      S_d            b             p_b           S_b      
--  -1185.53632       0.19116       0.00320      29.18048  
--     r  2          r  3          r  4          r  5          r  6          r  7          r  8          r  9          r 10          r 11          r 12          r 13          r 14          r 15          r 16          r 17          r 18          r 19          r 20     
--     0.96296       0.95438       0.93001       0.91064       0.92288       0.91271       0.88743       0.92925       0.93154       0.88226       0.88690       0.91255       0.92523       0.90949       0.86078       0.92260       0.89946       0.93646       0.86865  

---- Expected P_neut(i), 0 < i < n (neutral SFS per site) 
E[P_neut(1)] = 0.009461
E[P_neut(2)] = 0.004555
E[P_neut(3)] = 0.003010
E[P_neut(4)] = 0.002200
E[P_neut(5)] = 0.001723
E[P_neut(6)] = 0.001455
E[P_neut(7)] = 0.001234
E[P_neut(8)] = 0.001050
E[P_neut(9)] = 0.000977
E[P_neut(10)] = 0.000881
E[P_neut(11)] = 0.000759
E[P_neut(12)] = 0.000699
E[P_neut(13)] = 0.000664
E[P_neut(14)] = 0.000625
E[P_neut(15)] = 0.000574
E[P_neut(16)] = 0.000509
E[P_neut(17)] = 0.000513
E[P_neut(18)] = 0.000473
E[P_neut(19)] = 0.000466

---- Expected P_sel(i), 0 < i < n (selected SFS per site) 
E[P_sel(1)] = 0.003708
E[P_sel(2)] = 0.001476
E[P_sel(3)] = 0.000893
E[P_sel(4)] = 0.000617
E[P_sel(5)] = 0.000464
E[P_sel(6)] = 0.000380
E[P_sel(7)] = 0.000314
E[P_sel(8)] = 0.000262
E[P_sel(9)] = 0.000240
E[P_sel(10)] = 0.000213
E[P_sel(11)] = 0.000181
E[P_sel(12)] = 0.000165
E[P_sel(13)] = 0.000156
E[P_sel(14)] = 0.000146
E[P_sel(15)] = 0.000134
E[P_sel(16)] = 0.000119
E[P_sel(17)] = 0.000121
E[P_sel(18)] = 0.000114
E[P_sel(19)] = 0.000117

---- Expected D_neut and D_sel (neutral and selected divergence per site) 
E[D_neut] = 0.005395
E[D_sel] = 0.001618

---- Expected neutral and selected misattributed polymorphism per site
E[mis_neut] = 0.000411
E[mis_sel] = 0.000110

---- alpha_div = 0.309101
---- alpha_dfe = 0.309026



