---- Performing inference on Ns25_pa_0.002_boots/Ns25_pa_0.002.62.polyDFE.txt using model B

---- Warning: mutation variability is not used when only one neutral and one selected fragment is available.
---- No mutation variability. Using Poisson likelihood.

---- Using provided initial values


-- Starting local optimization
 it       eps_an        eps_cont      lambda        theta_bar      S_d            b             p_b           S_b           r  2          r  3          r  4          r  5          r  6          r  7          r  8          r  9          r 10          r 11          r 12          r 13          r 14          r 15          r 16          r 17          r 18          r 19          r 20         ln lk             grad     status
  0      4.50e-06      9.00e-07       0.00500       0.00100     -400.00000       0.40000       0.02000       4.00000       1.00000       1.00000       1.00000       1.00000       1.00000       1.00000       1.00000       1.00000       1.00000       1.00000       1.00000       1.00000       1.00000       1.00000       1.00000       1.00000       1.00000       1.00000       1.00000  -231855.2208390838   1649.50064   -2
107      4.50e-06      9.00e-07       0.00502       0.00942    -1140.76451       0.19205       0.00243      37.42774       0.97271       0.95238       0.93103       0.91667       0.92176       0.90247       0.90794       0.94689       0.93132       0.88235       0.93316       0.89982       0.93599       0.94124       0.90827       0.93805       0.95279       0.95558       0.94833  -210.2513746368      0.18731   -3
-- Local optimization: stuck in the same solution


---- Best joint likelihood found -210.25137 with gradient 0.18731
-- Model: B
--     eps_an        eps_cont      lambda        theta_bar     a        
--    4.50e-06      9.00e-07       0.00502       0.00942       -1.00000  
--      S_d            b             p_b           S_b      
--  -1140.76451       0.19205       0.00243      37.42774  
--     r  2          r  3          r  4          r  5          r  6          r  7          r  8          r  9          r 10          r 11          r 12          r 13          r 14          r 15          r 16          r 17          r 18          r 19          r 20     
--     0.97271       0.95238       0.93103       0.91667       0.92176       0.90247       0.90794       0.94689       0.93132       0.88235       0.93316       0.89982       0.93599       0.94124       0.90827       0.93805       0.95279       0.95558       0.94833  

---- Expected P_neut(i), 0 < i < n (neutral SFS per site) 
E[P_neut(1)] = 0.009416
E[P_neut(2)] = 0.004580
E[P_neut(3)] = 0.002989
E[P_neut(4)] = 0.002192
E[P_neut(5)] = 0.001726
E[P_neut(6)] = 0.001447
E[P_neut(7)] = 0.001214
E[P_neut(8)] = 0.001069
E[P_neut(9)] = 0.000991
E[P_neut(10)] = 0.000877
E[P_neut(11)] = 0.000755
E[P_neut(12)] = 0.000732
E[P_neut(13)] = 0.000652
E[P_neut(14)] = 0.000630
E[P_neut(15)] = 0.000591
E[P_neut(16)] = 0.000535
E[P_neut(17)] = 0.000520
E[P_neut(18)] = 0.000498
E[P_neut(19)] = 0.000474

---- Expected P_sel(i), 0 < i < n (selected SFS per site) 
E[P_sel(1)] = 0.003700
E[P_sel(2)] = 0.001485
E[P_sel(3)] = 0.000887
E[P_sel(4)] = 0.000615
E[P_sel(5)] = 0.000465
E[P_sel(6)] = 0.000377
E[P_sel(7)] = 0.000309
E[P_sel(8)] = 0.000266
E[P_sel(9)] = 0.000242
E[P_sel(10)] = 0.000211
E[P_sel(11)] = 0.000179
E[P_sel(12)] = 0.000172
E[P_sel(13)] = 0.000152
E[P_sel(14)] = 0.000146
E[P_sel(15)] = 0.000136
E[P_sel(16)] = 0.000123
E[P_sel(17)] = 0.000121
E[P_sel(18)] = 0.000118
E[P_sel(19)] = 0.000116

---- Expected D_neut and D_sel (neutral and selected divergence per site) 
E[D_neut] = 0.005467
E[D_sel] = 0.001625

---- Expected neutral and selected misattributed polymorphism per site
E[mis_neut] = 0.000446
E[mis_sel] = 0.000117

---- alpha_div = 0.305469
---- alpha_dfe = 0.302798



