---- Performing inference on Ns25_pa_0.002_boots/Ns25_pa_0.002.65.polyDFE.txt using model B

---- Warning: mutation variability is not used when only one neutral and one selected fragment is available.
---- No mutation variability. Using Poisson likelihood.

---- Using provided initial values


-- Starting local optimization
 it       eps_an        eps_cont      theta_bar      S_d            b             p_b           S_b           r  2          r  3          r  4          r  5          r  6          r  7          r  8          r  9          r 10          r 11          r 12          r 13          r 14          r 15          r 16          r 17          r 18          r 19         ln lk             grad     status
  0      4.50e-06      9.00e-07       0.00100     -400.00000       0.40000       0.02000       4.00000       1.00000       1.00000       1.00000       1.00000       1.00000       1.00000       1.00000       1.00000       1.00000       1.00000       1.00000       1.00000       1.00000       1.00000       1.00000       1.00000       1.00000       1.00000  -231018.8249015046   1621.45743   -2
442      4.52e-06      9.00e-07       0.00944    -1024.70628       0.19669       0.00301      78.70579       0.97600       0.98103       0.93096       0.91733       0.92326       0.92186       0.91836       0.93038       0.94570       0.89775       0.90744       0.89089       0.92234       0.91951       0.89666       0.94572       0.88567       0.89465  -194.2768144548      0.00151   -3
-- Local optimization: stuck in the same solution


---- Best joint likelihood found -194.27681 with gradient 0.00151
-- Model: B
--     eps_an        eps_cont      theta_bar     a        
--    4.52e-06      9.00e-07       0.00944       -1.00000  
--      S_d            b             p_b           S_b      
--  -1024.70628       0.19669       0.00301      78.70579  
--     r  2          r  3          r  4          r  5          r  6          r  7          r  8          r  9          r 10          r 11          r 12          r 13          r 14          r 15          r 16          r 17          r 18          r 19     
--     0.97600       0.98103       0.93096       0.91733       0.92326       0.92186       0.91836       0.93038       0.94570       0.89775       0.90744       0.89089       0.92234       0.91951       0.89666       0.94572       0.88567       0.89465  

---- Expected P_neut(i), 0 < i < n (neutral SFS per site) 
E[P_neut(1)] = 0.009438
E[P_neut(2)] = 0.004606
E[P_neut(3)] = 0.003086
E[P_neut(4)] = 0.002197
E[P_neut(5)] = 0.001732
E[P_neut(6)] = 0.001452
E[P_neut(7)] = 0.001243
E[P_neut(8)] = 0.001083
E[P_neut(9)] = 0.000976
E[P_neut(10)] = 0.000893
E[P_neut(11)] = 0.000770
E[P_neut(12)] = 0.000714
E[P_neut(13)] = 0.000647
E[P_neut(14)] = 0.000622
E[P_neut(15)] = 0.000579
E[P_neut(16)] = 0.000529
E[P_neut(17)] = 0.000525
E[P_neut(18)] = 0.000464
E[P_neut(19)] = 0.000444

---- Expected P_sel(i), 0 < i < n (selected SFS per site) 
E[P_sel(1)] = 0.003723
E[P_sel(2)] = 0.001494
E[P_sel(3)] = 0.000914
E[P_sel(4)] = 0.000614
E[P_sel(5)] = 0.000464
E[P_sel(6)] = 0.000377
E[P_sel(7)] = 0.000314
E[P_sel(8)] = 0.000268
E[P_sel(9)] = 0.000237
E[P_sel(10)] = 0.000214
E[P_sel(11)] = 0.000182
E[P_sel(12)] = 0.000167
E[P_sel(13)] = 0.000150
E[P_sel(14)] = 0.000144
E[P_sel(15)] = 0.000133
E[P_sel(16)] = 0.000122
E[P_sel(17)] = 0.000123
E[P_sel(18)] = 0.000112
E[P_sel(19)] = 0.000120

---- Expected neutral and selected misattributed polymorphism per site
E[mis_neut] = 0.000472
E[mis_sel] = 0.000144

---- alpha_div = 0.303296
---- alpha_dfe = 0.533885



