---- Performing inference on Ns25_pa_0.002_boots/Ns25_pa_0.002.61.polyDFE.txt using model B

---- Warning: mutation variability is not used when only one neutral and one selected fragment is available.
---- No mutation variability. Using Poisson likelihood.

---- Using provided initial values


-- Starting local optimization
 it       eps_an        theta_bar      S_d            b             r  2          r  3          r  4          r  5          r  6          r  7          r  8          r  9          r 10          r 11          r 12          r 13          r 14          r 15          r 16          r 17          r 18          r 19         ln lk             grad     status
  0      4.50e-06       0.00100     -400.00000       0.40000       1.00000       1.00000       1.00000       1.00000       1.00000       1.00000       1.00000       1.00000       1.00000       1.00000       1.00000       1.00000       1.00000       1.00000       1.00000       1.00000       1.00000       1.00000  -240437.0547045240   1709.91082   -2
191      4.50e-06       0.00949    -1020.12710       0.19266       0.95999       0.94614       0.91640       0.90987       0.89157       0.89959       0.90475       0.91892       0.92358       0.88087       0.88870       0.89534       0.93597       0.94734       0.89064       0.95471       0.93939       0.94055  -196.2890182874      0.00037   -3
-- Local optimization: stuck in the same solution


---- Best joint likelihood found -196.28902 with gradient 0.00037
-- Model: B
--     eps_an        eps_cont      theta_bar     a        
--    4.50e-06      0.00e+00       0.00949       -1.00000  
--      S_d            b             p_b           S_b      
--  -1020.12710       0.19266      0.00e+00      0.00e+00  
--     r  2          r  3          r  4          r  5          r  6          r  7          r  8          r  9          r 10          r 11          r 12          r 13          r 14          r 15          r 16          r 17          r 18          r 19     
--     0.95999       0.94614       0.91640       0.90987       0.89157       0.89959       0.90475       0.91892       0.92358       0.88087       0.88870       0.89534       0.93597       0.94734       0.89064       0.95471       0.93939       0.94055  

---- Expected P_neut(i), 0 < i < n (neutral SFS per site) 
E[P_neut(1)] = 0.009490
E[P_neut(2)] = 0.004555
E[P_neut(3)] = 0.002993
E[P_neut(4)] = 0.002174
E[P_neut(5)] = 0.001727
E[P_neut(6)] = 0.001410
E[P_neut(7)] = 0.001220
E[P_neut(8)] = 0.001073
E[P_neut(9)] = 0.000969
E[P_neut(10)] = 0.000877
E[P_neut(11)] = 0.000760
E[P_neut(12)] = 0.000703
E[P_neut(13)] = 0.000654
E[P_neut(14)] = 0.000634
E[P_neut(15)] = 0.000599
E[P_neut(16)] = 0.000528
E[P_neut(17)] = 0.000533
E[P_neut(18)] = 0.000495
E[P_neut(19)] = 0.000470

---- Expected P_sel(i), 0 < i < n (selected SFS per site) 
E[P_sel(1)] = 0.003784
E[P_sel(2)] = 0.001496
E[P_sel(3)] = 0.000898
E[P_sel(4)] = 0.000616
E[P_sel(5)] = 0.000469
E[P_sel(6)] = 0.000370
E[P_sel(7)] = 0.000312
E[P_sel(8)] = 0.000268
E[P_sel(9)] = 0.000237
E[P_sel(10)] = 0.000211
E[P_sel(11)] = 0.000180
E[P_sel(12)] = 0.000164
E[P_sel(13)] = 0.000151
E[P_sel(14)] = 0.000145
E[P_sel(15)] = 0.000135
E[P_sel(16)] = 0.000118
E[P_sel(17)] = 0.000118
E[P_sel(18)] = 0.000108
E[P_sel(19)] = 0.000102

---- Expected neutral and selected misattributed polymorphism per site
E[mis_neut] = 0.000475
E[mis_sel] = 0.000102

---- alpha_div = 0.293451
---- alpha_dfe = 0.000000



