---- Performing inference on Ns25_pa_0.002_boots/Ns25_pa_0.002.98.polyDFE.txt using model B

---- Warning: mutation variability is not used when only one neutral and one selected fragment is available.
---- No mutation variability. Using Poisson likelihood.

---- Using provided initial values


-- Starting local optimization
 it       eps_an        lambda        theta_bar      S_d            b             r  2          r  3          r  4          r  5          r  6          r  7          r  8          r  9          r 10          r 11          r 12          r 13          r 14          r 15          r 16          r 17          r 18          r 19          r 20         ln lk             grad     status
  0      4.50e-06       0.00500       0.00100     -400.00000       0.40000       1.00000       1.00000       1.00000       1.00000       1.00000       1.00000       1.00000       1.00000       1.00000       1.00000       1.00000       1.00000       1.00000       1.00000       1.00000       1.00000       1.00000       1.00000       1.00000  -248876.8462745441   1833.93397   -2
822      4.49e-06       0.00008       0.00970   -10161.74940       0.13034       0.92997       0.91404       0.88598       0.84509       0.87190       0.82247       0.85840       0.85818       0.85713       0.82278       0.84059       0.83429       0.85589       0.87292       0.86636       0.89414       0.90279       0.89259      11.97462  -392.0797552418      0.00674   -6
-- Local optimization: reached maximum running time allowed


---- Best joint likelihood found -392.07976 with gradient 0.00674
-- Model: B
--     eps_an        eps_cont      lambda        theta_bar     a        
--    4.49e-06      0.00e+00       0.00008       0.00970       -1.00000  
--      S_d            b             p_b           S_b      
-- -10161.74940       0.13034      0.00e+00      0.00e+00  
--     r  2          r  3          r  4          r  5          r  6          r  7          r  8          r  9          r 10          r 11          r 12          r 13          r 14          r 15          r 16          r 17          r 18          r 19          r 20     
--     0.92997       0.91404       0.88598       0.84509       0.87190       0.82247       0.85840       0.85818       0.85713       0.82278       0.84059       0.83429       0.85589       0.87292       0.86636       0.89414       0.90279       0.89259      11.97462  

---- Expected P_neut(i), 0 < i < n (neutral SFS per site) 
E[P_neut(1)] = 0.009703
E[P_neut(2)] = 0.004512
E[P_neut(3)] = 0.002956
E[P_neut(4)] = 0.002149
E[P_neut(5)] = 0.001640
E[P_neut(6)] = 0.001410
E[P_neut(7)] = 0.001140
E[P_neut(8)] = 0.001041
E[P_neut(9)] = 0.000925
E[P_neut(10)] = 0.000832
E[P_neut(11)] = 0.000726
E[P_neut(12)] = 0.000680
E[P_neut(13)] = 0.000623
E[P_neut(14)] = 0.000593
E[P_neut(15)] = 0.000565
E[P_neut(16)] = 0.000525
E[P_neut(17)] = 0.000510
E[P_neut(18)] = 0.000487
E[P_neut(19)] = 0.000456

---- Expected P_sel(i), 0 < i < n (selected SFS per site) 
E[P_sel(1)] = 0.003663
E[P_sel(2)] = 0.001495
E[P_sel(3)] = 0.000922
E[P_sel(4)] = 0.000645
E[P_sel(5)] = 0.000478
E[P_sel(6)] = 0.000402
E[P_sel(7)] = 0.000319
E[P_sel(8)] = 0.000287
E[P_sel(9)] = 0.000252
E[P_sel(10)] = 0.000224
E[P_sel(11)] = 0.000193
E[P_sel(12)] = 0.000179
E[P_sel(13)] = 0.000163
E[P_sel(14)] = 0.000154
E[P_sel(15)] = 0.000145
E[P_sel(16)] = 0.000134
E[P_sel(17)] = 0.000129
E[P_sel(18)] = 0.000123
E[P_sel(19)] = 0.000114

---- Expected D_neut and D_sel (neutral and selected divergence per site) 
E[D_neut] = 0.005888
E[D_sel] = 0.001468

---- Expected neutral and selected misattributed polymorphism per site
E[mis_neut] = 0.005810
E[mis_sel] = 0.001448

---- alpha_div = 1.550267
---- alpha_dfe = 0.000000



