---- Performing inference on Ns25_pa_0.002_boots/Ns25_pa_0.002.37.polyDFE.txt using model B

---- Warning: mutation variability is not used when only one neutral and one selected fragment is available.
---- No mutation variability. Using Poisson likelihood.

---- Using provided initial values


-- Starting local optimization
 it       eps_an        theta_bar      S_d            b             r  2          r  3          r  4          r  5          r  6          r  7          r  8          r  9          r 10          r 11          r 12          r 13          r 14          r 15          r 16          r 17          r 18          r 19         ln lk             grad     status
  0      4.50e-06       0.00100     -400.00000       0.40000       1.00000       1.00000       1.00000       1.00000       1.00000       1.00000       1.00000       1.00000       1.00000       1.00000       1.00000       1.00000       1.00000       1.00000       1.00000       1.00000       1.00000       1.00000  -239247.5143195472   1703.91010   -2
175      4.50e-06       0.00949    -1239.32055       0.18644       0.96010       0.94516       0.91706       0.90948       0.91441       0.89390       0.87914       0.92489       0.91237       0.88771       0.88253       0.88442       0.92689       0.93872       0.89771       0.92989       0.95607       0.94907  -204.4482144781      0.00066   -3
-- Local optimization: stuck in the same solution


---- Best joint likelihood found -204.44821 with gradient 0.00066
-- Model: B
--     eps_an        eps_cont      theta_bar     a        
--    4.50e-06      0.00e+00       0.00949       -1.00000  
--      S_d            b             p_b           S_b      
--  -1239.32055       0.18644      0.00e+00      0.00e+00  
--     r  2          r  3          r  4          r  5          r  6          r  7          r  8          r  9          r 10          r 11          r 12          r 13          r 14          r 15          r 16          r 17          r 18          r 19     
--     0.96010       0.94516       0.91706       0.90948       0.91441       0.89390       0.87914       0.92489       0.91237       0.88771       0.88253       0.88442       0.92689       0.93872       0.89771       0.92989       0.95607       0.94907  

---- Expected P_neut(i), 0 < i < n (neutral SFS per site) 
E[P_neut(1)] = 0.009490
E[P_neut(2)] = 0.004556
E[P_neut(3)] = 0.002990
E[P_neut(4)] = 0.002176
E[P_neut(5)] = 0.001726
E[P_neut(6)] = 0.001446
E[P_neut(7)] = 0.001212
E[P_neut(8)] = 0.001043
E[P_neut(9)] = 0.000975
E[P_neut(10)] = 0.000866
E[P_neut(11)] = 0.000766
E[P_neut(12)] = 0.000698
E[P_neut(13)] = 0.000646
E[P_neut(14)] = 0.000628
E[P_neut(15)] = 0.000594
E[P_neut(16)] = 0.000532
E[P_neut(17)] = 0.000519
E[P_neut(18)] = 0.000504
E[P_neut(19)] = 0.000474

---- Expected P_sel(i), 0 < i < n (selected SFS per site) 
E[P_sel(1)] = 0.003737
E[P_sel(2)] = 0.001487
E[P_sel(3)] = 0.000894
E[P_sel(4)] = 0.000615
E[P_sel(5)] = 0.000468
E[P_sel(6)] = 0.000380
E[P_sel(7)] = 0.000310
E[P_sel(8)] = 0.000261
E[P_sel(9)] = 0.000240
E[P_sel(10)] = 0.000209
E[P_sel(11)] = 0.000182
E[P_sel(12)] = 0.000164
E[P_sel(13)] = 0.000150
E[P_sel(14)] = 0.000144
E[P_sel(15)] = 0.000135
E[P_sel(16)] = 0.000119
E[P_sel(17)] = 0.000115
E[P_sel(18)] = 0.000111
E[P_sel(19)] = 0.000104

---- Expected neutral and selected misattributed polymorphism per site
E[mis_neut] = 0.000475
E[mis_sel] = 0.000103

---- alpha_div = 0.298673
---- alpha_dfe = 0.000000



