---- Performing inference on Ns25_pa_0.002_boots/Ns25_pa_0.002.16.polyDFE.txt using model B

---- Warning: mutation variability is not used when only one neutral and one selected fragment is available.
---- No mutation variability. Using Poisson likelihood.

---- Using provided initial values


-- Starting local optimization
 it       eps_an        lambda        theta_bar      S_d            b             r  2          r  3          r  4          r  5          r  6          r  7          r  8          r  9          r 10          r 11          r 12          r 13          r 14          r 15          r 16          r 17          r 18          r 19          r 20         ln lk             grad     status
  0      4.50e-06       0.00500       0.00100     -400.00000       0.40000       1.00000       1.00000       1.00000       1.00000       1.00000       1.00000       1.00000       1.00000       1.00000       1.00000       1.00000       1.00000       1.00000       1.00000       1.00000       1.00000       1.00000       1.00000       1.00000  -247769.8886557308   1825.99387   -2
616      4.46e-06       0.00021       0.00976   -11030.62222       0.13000       0.93120       0.89942       0.88278       0.84880       0.87738       0.84113       0.84018       0.84745       0.87079       0.82281       0.84465       0.82179       0.82080       0.85652       0.80571       0.88188       0.85160       0.89083      11.68462  -434.0443470588      0.01960   -3
-- Local optimization: stuck in the same solution


---- Best joint likelihood found -434.04435 with gradient 0.01960
-- Model: B
--     eps_an        eps_cont      lambda        theta_bar     a        
--    4.46e-06      0.00e+00       0.00021       0.00976       -1.00000  
--      S_d            b             p_b           S_b      
-- -11030.62222       0.13000      0.00e+00      0.00e+00  
--     r  2          r  3          r  4          r  5          r  6          r  7          r  8          r  9          r 10          r 11          r 12          r 13          r 14          r 15          r 16          r 17          r 18          r 19          r 20     
--     0.93120       0.89942       0.88278       0.84880       0.87738       0.84113       0.84018       0.84745       0.87079       0.82281       0.84465       0.82179       0.82080       0.85652       0.80571       0.88188       0.85160       0.89083      11.68462  

---- Expected P_neut(i), 0 < i < n (neutral SFS per site) 
E[P_neut(1)] = 0.009759
E[P_neut(2)] = 0.004544
E[P_neut(3)] = 0.002926
E[P_neut(4)] = 0.002154
E[P_neut(5)] = 0.001657
E[P_neut(6)] = 0.001427
E[P_neut(7)] = 0.001173
E[P_neut(8)] = 0.001025
E[P_neut(9)] = 0.000919
E[P_neut(10)] = 0.000850
E[P_neut(11)] = 0.000730
E[P_neut(12)] = 0.000687
E[P_neut(13)] = 0.000617
E[P_neut(14)] = 0.000572
E[P_neut(15)] = 0.000557
E[P_neut(16)] = 0.000491
E[P_neut(17)] = 0.000506
E[P_neut(18)] = 0.000462
E[P_neut(19)] = 0.000458

---- Expected P_sel(i), 0 < i < n (selected SFS per site) 
E[P_sel(1)] = 0.003653
E[P_sel(2)] = 0.001494
E[P_sel(3)] = 0.000906
E[P_sel(4)] = 0.000641
E[P_sel(5)] = 0.000480
E[P_sel(6)] = 0.000404
E[P_sel(7)] = 0.000326
E[P_sel(8)] = 0.000281
E[P_sel(9)] = 0.000248
E[P_sel(10)] = 0.000227
E[P_sel(11)] = 0.000193
E[P_sel(12)] = 0.000180
E[P_sel(13)] = 0.000160
E[P_sel(14)] = 0.000147
E[P_sel(15)] = 0.000142
E[P_sel(16)] = 0.000125
E[P_sel(17)] = 0.000127
E[P_sel(18)] = 0.000116
E[P_sel(19)] = 0.000114

---- Expected D_neut and D_sel (neutral and selected divergence per site) 
E[D_neut] = 0.005917
E[D_sel] = 0.001464

---- Expected neutral and selected misattributed polymorphism per site
E[mis_neut] = 0.005702
E[mis_sel] = 0.001411

---- alpha_div = 1.333225
---- alpha_dfe = 0.000000



