---- Performing inference on Ns25_pa_0.002_boots/Ns25_pa_0.002.91.polyDFE.txt using model B

---- Warning: mutation variability is not used when only one neutral and one selected fragment is available.
---- No mutation variability. Using Poisson likelihood.

---- Using provided initial values


-- Starting local optimization
 it       eps_an        eps_cont      lambda        theta_bar      S_d            b             p_b           S_b           r  2          r  3          r  4          r  5          r  6          r  7          r  8          r  9          r 10          r 11          r 12          r 13          r 14          r 15          r 16          r 17          r 18          r 19          r 20         ln lk             grad     status
  0      4.50e-06      9.00e-07       0.00500       0.00100     -400.00000       0.40000       0.02000       4.00000       1.00000       1.00000       1.00000       1.00000       1.00000       1.00000       1.00000       1.00000       1.00000       1.00000       1.00000       1.00000       1.00000       1.00000       1.00000       1.00000       1.00000       1.00000       1.00000  -230931.1148703236   1643.80199   -2
283      4.50e-06      9.00e-07       0.00520       0.00946    -1282.06353       0.18960       0.00230      37.15779       0.97664       0.95335       0.92924       0.91007       0.91878       0.89849       0.90059       0.94643       0.91997       0.89521       0.90792       0.91258       0.91820       0.90829       0.88587       0.93177       0.95467       0.93810       0.78587  -216.1498343203      0.00126   -3
-- Local optimization: stuck in the same solution


---- Best joint likelihood found -216.14983 with gradient 0.00126
-- Model: B
--     eps_an        eps_cont      lambda        theta_bar     a        
--    4.50e-06      9.00e-07       0.00520       0.00946       -1.00000  
--      S_d            b             p_b           S_b      
--  -1282.06353       0.18960       0.00230      37.15779  
--     r  2          r  3          r  4          r  5          r  6          r  7          r  8          r  9          r 10          r 11          r 12          r 13          r 14          r 15          r 16          r 17          r 18          r 19          r 20     
--     0.97664       0.95335       0.92924       0.91007       0.91878       0.89849       0.90059       0.94643       0.91997       0.89521       0.90792       0.91258       0.91820       0.90829       0.88587       0.93177       0.95467       0.93810       0.78587  

---- Expected P_neut(i), 0 < i < n (neutral SFS per site) 
E[P_neut(1)] = 0.009463
E[P_neut(2)] = 0.004621
E[P_neut(3)] = 0.003007
E[P_neut(4)] = 0.002198
E[P_neut(5)] = 0.001722
E[P_neut(6)] = 0.001449
E[P_neut(7)] = 0.001215
E[P_neut(8)] = 0.001065
E[P_neut(9)] = 0.000995
E[P_neut(10)] = 0.000871
E[P_neut(11)] = 0.000770
E[P_neut(12)] = 0.000716
E[P_neut(13)] = 0.000664
E[P_neut(14)] = 0.000621
E[P_neut(15)] = 0.000573
E[P_neut(16)] = 0.000524
E[P_neut(17)] = 0.000519
E[P_neut(18)] = 0.000502
E[P_neut(19)] = 0.000467

---- Expected P_sel(i), 0 < i < n (selected SFS per site) 
E[P_sel(1)] = 0.003672
E[P_sel(2)] = 0.001483
E[P_sel(3)] = 0.000884
E[P_sel(4)] = 0.000611
E[P_sel(5)] = 0.000460
E[P_sel(6)] = 0.000375
E[P_sel(7)] = 0.000306
E[P_sel(8)] = 0.000263
E[P_sel(9)] = 0.000242
E[P_sel(10)] = 0.000208
E[P_sel(11)] = 0.000182
E[P_sel(12)] = 0.000167
E[P_sel(13)] = 0.000154
E[P_sel(14)] = 0.000143
E[P_sel(15)] = 0.000131
E[P_sel(16)] = 0.000120
E[P_sel(17)] = 0.000119
E[P_sel(18)] = 0.000117
E[P_sel(19)] = 0.000113

---- Expected D_neut and D_sel (neutral and selected divergence per site) 
E[D_neut] = 0.005570
E[D_sel] = 0.001624

---- Expected neutral and selected misattributed polymorphism per site
E[mis_neut] = 0.000372
E[mis_sel] = 0.000096

---- alpha_div = 0.290845
---- alpha_dfe = 0.290867



