---- Performing inference on Ns25_pa_0.002_boots/Ns25_pa_0.002.55.polyDFE.txt using model B

---- Warning: mutation variability is not used when only one neutral and one selected fragment is available.
---- No mutation variability. Using Poisson likelihood.

---- Using provided initial values


-- Starting local optimization
 it       eps_an        eps_cont      lambda        theta_bar      S_d            b             p_b           S_b           r  2          r  3          r  4          r  5          r  6          r  7          r  8          r  9          r 10          r 11          r 12          r 13          r 14          r 15          r 16          r 17          r 18          r 19          r 20         ln lk             grad     status
  0      4.50e-06      9.00e-07       0.00500       0.00100     -400.00000       0.40000       0.02000       4.00000       1.00000       1.00000       1.00000       1.00000       1.00000       1.00000       1.00000       1.00000       1.00000       1.00000       1.00000       1.00000       1.00000       1.00000       1.00000       1.00000       1.00000       1.00000       1.00000  -230375.2927869667   1643.74900   -2
149      4.50e-06      9.00e-07       0.00500       0.00931     -889.84603       0.19959       0.00255      37.42913       0.96364       0.96305       0.93474       0.91512       0.93388       0.92059       0.93080       0.95407       0.92446       0.88556       0.93708       0.95290       0.94986       0.92663       0.89858       0.91712       0.90806       0.93736       0.94169  -205.1060799348      0.04713   -3
-- Local optimization: stuck in the same solution


---- Best joint likelihood found -205.10608 with gradient 0.04713
-- Model: B
--     eps_an        eps_cont      lambda        theta_bar     a        
--    4.50e-06      9.00e-07       0.00500       0.00931       -1.00000  
--      S_d            b             p_b           S_b      
--   -889.84603       0.19959       0.00255      37.42913  
--     r  2          r  3          r  4          r  5          r  6          r  7          r  8          r  9          r 10          r 11          r 12          r 13          r 14          r 15          r 16          r 17          r 18          r 19          r 20     
--     0.96364       0.96305       0.93474       0.91512       0.93388       0.92059       0.93080       0.95407       0.92446       0.88556       0.93708       0.95290       0.94986       0.92663       0.89858       0.91712       0.90806       0.93736       0.94169  

---- Expected P_neut(i), 0 < i < n (neutral SFS per site) 
E[P_neut(1)] = 0.009306
E[P_neut(2)] = 0.004484
E[P_neut(3)] = 0.002987
E[P_neut(4)] = 0.002175
E[P_neut(5)] = 0.001703
E[P_neut(6)] = 0.001448
E[P_neut(7)] = 0.001224
E[P_neut(8)] = 0.001083
E[P_neut(9)] = 0.000987
E[P_neut(10)] = 0.000860
E[P_neut(11)] = 0.000749
E[P_neut(12)] = 0.000727
E[P_neut(13)] = 0.000682
E[P_neut(14)] = 0.000631
E[P_neut(15)] = 0.000575
E[P_neut(16)] = 0.000523
E[P_neut(17)] = 0.000502
E[P_neut(18)] = 0.000469
E[P_neut(19)] = 0.000459

---- Expected P_sel(i), 0 < i < n (selected SFS per site) 
E[P_sel(1)] = 0.003730
E[P_sel(2)] = 0.001473
E[P_sel(3)] = 0.000895
E[P_sel(4)] = 0.000614
E[P_sel(5)] = 0.000461
E[P_sel(6)] = 0.000379
E[P_sel(7)] = 0.000312
E[P_sel(8)] = 0.000270
E[P_sel(9)] = 0.000242
E[P_sel(10)] = 0.000207
E[P_sel(11)] = 0.000178
E[P_sel(12)] = 0.000171
E[P_sel(13)] = 0.000159
E[P_sel(14)] = 0.000146
E[P_sel(15)] = 0.000133
E[P_sel(16)] = 0.000121
E[P_sel(17)] = 0.000117
E[P_sel(18)] = 0.000111
E[P_sel(19)] = 0.000113

---- Expected D_neut and D_sel (neutral and selected divergence per site) 
E[D_neut] = 0.005435
E[D_sel] = 0.001635

---- Expected neutral and selected misattributed polymorphism per site
E[mis_neut] = 0.000438
E[mis_sel] = 0.000116

---- alpha_div = 0.315229
---- alpha_dfe = 0.314114



