---- Performing inference on Ns25_pa_0.002_boots/Ns25_pa_0.002.57.polyDFE.txt using model B

---- Warning: mutation variability is not used when only one neutral and one selected fragment is available.
---- No mutation variability. Using Poisson likelihood.

---- Using provided initial values


-- Starting local optimization
 it       eps_an        eps_cont      theta_bar      S_d            b             p_b           S_b           r  2          r  3          r  4          r  5          r  6          r  7          r  8          r  9          r 10          r 11          r 12          r 13          r 14          r 15          r 16          r 17          r 18          r 19         ln lk             grad     status
  0      4.50e-06      9.00e-07       0.00100     -400.00000       0.40000       0.02000       4.00000       1.00000       1.00000       1.00000       1.00000       1.00000       1.00000       1.00000       1.00000       1.00000       1.00000       1.00000       1.00000       1.00000       1.00000       1.00000       1.00000       1.00000       1.00000  -230006.8401188046   1616.40374   -2
231      4.55e-06      9.00e-07       0.00944    -1113.42844       0.19204       0.00210      37.42878       0.96570       0.94780       0.94010       0.91139       0.91189       0.92710       0.88974       0.94695       0.94096       0.88598       0.93372       0.92032       0.92203       0.91668       0.90904       0.93407       0.92101       0.93433  -196.6087728517      0.08585   -3
-- Local optimization: stuck in the same solution


---- Best joint likelihood found -196.60877 with gradient 0.08585
-- Model: B
--     eps_an        eps_cont      theta_bar     a        
--    4.55e-06      9.00e-07       0.00944       -1.00000  
--      S_d            b             p_b           S_b      
--  -1113.42844       0.19204       0.00210      37.42878  
--     r  2          r  3          r  4          r  5          r  6          r  7          r  8          r  9          r 10          r 11          r 12          r 13          r 14          r 15          r 16          r 17          r 18          r 19     
--     0.96570       0.94780       0.94010       0.91139       0.91189       0.92710       0.88974       0.94695       0.94096       0.88598       0.93372       0.92032       0.92203       0.91668       0.90904       0.93407       0.92101       0.93433  

---- Expected P_neut(i), 0 < i < n (neutral SFS per site) 
E[P_neut(1)] = 0.009439
E[P_neut(2)] = 0.004557
E[P_neut(3)] = 0.002982
E[P_neut(4)] = 0.002218
E[P_neut(5)] = 0.001720
E[P_neut(6)] = 0.001434
E[P_neut(7)] = 0.001250
E[P_neut(8)] = 0.001050
E[P_neut(9)] = 0.000993
E[P_neut(10)] = 0.000888
E[P_neut(11)] = 0.000760
E[P_neut(12)] = 0.000734
E[P_neut(13)] = 0.000668
E[P_neut(14)] = 0.000622
E[P_neut(15)] = 0.000577
E[P_neut(16)] = 0.000536
E[P_neut(17)] = 0.000519
E[P_neut(18)] = 0.000483
E[P_neut(19)] = 0.000464

---- Expected P_sel(i), 0 < i < n (selected SFS per site) 
E[P_sel(1)] = 0.003724
E[P_sel(2)] = 0.001484
E[P_sel(3)] = 0.000888
E[P_sel(4)] = 0.000624
E[P_sel(5)] = 0.000465
E[P_sel(6)] = 0.000375
E[P_sel(7)] = 0.000319
E[P_sel(8)] = 0.000262
E[P_sel(9)] = 0.000243
E[P_sel(10)] = 0.000214
E[P_sel(11)] = 0.000181
E[P_sel(12)] = 0.000173
E[P_sel(13)] = 0.000156
E[P_sel(14)] = 0.000144
E[P_sel(15)] = 0.000133
E[P_sel(16)] = 0.000123
E[P_sel(17)] = 0.000120
E[P_sel(18)] = 0.000113
E[P_sel(19)] = 0.000112

---- Expected neutral and selected misattributed polymorphism per site
E[mis_neut] = 0.000472
E[mis_sel] = 0.000121

---- alpha_div = 0.330322
---- alpha_dfe = 0.271890



