---- Performing inference on Ns25_pa_0.002_boots/Ns25_pa_0.002.81.polyDFE.txt using model B

---- Warning: mutation variability is not used when only one neutral and one selected fragment is available.
---- No mutation variability. Using Poisson likelihood.

---- Using provided initial values


-- Starting local optimization
 it       eps_an        eps_cont      lambda        theta_bar      S_d            b             p_b           S_b           r  2          r  3          r  4          r  5          r  6          r  7          r  8          r  9          r 10          r 11          r 12          r 13          r 14          r 15          r 16          r 17          r 18          r 19          r 20         ln lk             grad     status
  0      4.50e-06      9.00e-07       0.00500       0.00100     -400.00000       0.40000       0.02000       4.00000       1.00000       1.00000       1.00000       1.00000       1.00000       1.00000       1.00000       1.00000       1.00000       1.00000       1.00000       1.00000       1.00000       1.00000       1.00000       1.00000       1.00000       1.00000       1.00000  -230954.0592270250   1644.51987   -2
159      4.50e-06      9.00e-07       0.00499       0.00940     -978.84660       0.20042       0.00317      33.65271       0.97869       0.96239       0.95381       0.91394       0.92102       0.92446       0.88872       0.93028       0.94898       0.91051       0.90474       0.92700       0.91631       0.93851       0.91056       0.94958       0.93402       0.88943       0.85556  -207.3889827827      0.00950   -3
-- Local optimization: stuck in the same solution


---- Best joint likelihood found -207.38898 with gradient 0.00950
-- Model: B
--     eps_an        eps_cont      lambda        theta_bar     a        
--    4.50e-06      9.00e-07       0.00499       0.00940       -1.00000  
--      S_d            b             p_b           S_b      
--   -978.84660       0.20042       0.00317      33.65271  
--     r  2          r  3          r  4          r  5          r  6          r  7          r  8          r  9          r 10          r 11          r 12          r 13          r 14          r 15          r 16          r 17          r 18          r 19          r 20     
--     0.97869       0.96239       0.95381       0.91394       0.92102       0.92446       0.88872       0.93028       0.94898       0.91051       0.90474       0.92700       0.91631       0.93851       0.91056       0.94958       0.93402       0.88943       0.85556  

---- Expected P_neut(i), 0 < i < n (neutral SFS per site) 
E[P_neut(1)] = 0.009404
E[P_neut(2)] = 0.004602
E[P_neut(3)] = 0.003017
E[P_neut(4)] = 0.002243
E[P_neut(5)] = 0.001719
E[P_neut(6)] = 0.001444
E[P_neut(7)] = 0.001242
E[P_neut(8)] = 0.001045
E[P_neut(9)] = 0.000972
E[P_neut(10)] = 0.000892
E[P_neut(11)] = 0.000778
E[P_neut(12)] = 0.000709
E[P_neut(13)] = 0.000671
E[P_neut(14)] = 0.000616
E[P_neut(15)] = 0.000588
E[P_neut(16)] = 0.000535
E[P_neut(17)] = 0.000525
E[P_neut(18)] = 0.000488
E[P_neut(19)] = 0.000440

---- Expected P_sel(i), 0 < i < n (selected SFS per site) 
E[P_sel(1)] = 0.003694
E[P_sel(2)] = 0.001481
E[P_sel(3)] = 0.000885
E[P_sel(4)] = 0.000620
E[P_sel(5)] = 0.000456
E[P_sel(6)] = 0.000370
E[P_sel(7)] = 0.000310
E[P_sel(8)] = 0.000255
E[P_sel(9)] = 0.000233
E[P_sel(10)] = 0.000211
E[P_sel(11)] = 0.000182
E[P_sel(12)] = 0.000164
E[P_sel(13)] = 0.000154
E[P_sel(14)] = 0.000140
E[P_sel(15)] = 0.000134
E[P_sel(16)] = 0.000122
E[P_sel(17)] = 0.000121
E[P_sel(18)] = 0.000115
E[P_sel(19)] = 0.000109

---- Expected D_neut and D_sel (neutral and selected divergence per site) 
E[D_neut] = 0.005395
E[D_sel] = 0.001656

---- Expected neutral and selected misattributed polymorphism per site
E[mis_neut] = 0.000402
E[mis_sel] = 0.000108

---- alpha_div = 0.345108
---- alpha_dfe = 0.344511



