---- Performing inference on Ns25_pa_0.002_boots/Ns25_pa_0.002.29.polyDFE.txt using model B

---- Warning: mutation variability is not used when only one neutral and one selected fragment is available.
---- No mutation variability. Using Poisson likelihood.

---- Using provided initial values


-- Starting local optimization
 it       eps_an        theta_bar      S_d            b             r  2          r  3          r  4          r  5          r  6          r  7          r  8          r  9          r 10          r 11          r 12          r 13          r 14          r 15          r 16          r 17          r 18          r 19         ln lk             grad     status
  0      4.50e-06       0.00100     -400.00000       0.40000       1.00000       1.00000       1.00000       1.00000       1.00000       1.00000       1.00000       1.00000       1.00000       1.00000       1.00000       1.00000       1.00000       1.00000       1.00000       1.00000       1.00000       1.00000  -237439.2765697849   1696.64988   -2
162      4.50e-06       0.00943    -1595.52344       0.17743       0.96888       0.96176       0.90112       0.88961       0.91925       0.88515       0.89876       0.91160       0.92357       0.87416       0.92861       0.85656       0.91303       0.93685       0.89042       0.94392       0.89651       0.94829  -200.0396897627      0.00049   -3
-- Local optimization: stuck in the same solution


---- Best joint likelihood found -200.03969 with gradient 0.00049
-- Model: B
--     eps_an        eps_cont      theta_bar     a        
--    4.50e-06      0.00e+00       0.00943       -1.00000  
--      S_d            b             p_b           S_b      
--  -1595.52344       0.17743      0.00e+00      0.00e+00  
--     r  2          r  3          r  4          r  5          r  6          r  7          r  8          r  9          r 10          r 11          r 12          r 13          r 14          r 15          r 16          r 17          r 18          r 19     
--     0.96888       0.96176       0.90112       0.88961       0.91925       0.88515       0.89876       0.91160       0.92357       0.87416       0.92861       0.85656       0.91303       0.93685       0.89042       0.94392       0.89651       0.94829  

---- Expected P_neut(i), 0 < i < n (neutral SFS per site) 
E[P_neut(1)] = 0.009427
E[P_neut(2)] = 0.004567
E[P_neut(3)] = 0.003022
E[P_neut(4)] = 0.002124
E[P_neut(5)] = 0.001677
E[P_neut(6)] = 0.001444
E[P_neut(7)] = 0.001192
E[P_neut(8)] = 0.001059
E[P_neut(9)] = 0.000955
E[P_neut(10)] = 0.000871
E[P_neut(11)] = 0.000749
E[P_neut(12)] = 0.000730
E[P_neut(13)] = 0.000621
E[P_neut(14)] = 0.000615
E[P_neut(15)] = 0.000589
E[P_neut(16)] = 0.000525
E[P_neut(17)] = 0.000523
E[P_neut(18)] = 0.000470
E[P_neut(19)] = 0.000471

---- Expected P_sel(i), 0 < i < n (selected SFS per site) 
E[P_sel(1)] = 0.003681
E[P_sel(2)] = 0.001491
E[P_sel(3)] = 0.000908
E[P_sel(4)] = 0.000605
E[P_sel(5)] = 0.000460
E[P_sel(6)] = 0.000384
E[P_sel(7)] = 0.000309
E[P_sel(8)] = 0.000269
E[P_sel(9)] = 0.000238
E[P_sel(10)] = 0.000214
E[P_sel(11)] = 0.000181
E[P_sel(12)] = 0.000174
E[P_sel(13)] = 0.000146
E[P_sel(14)] = 0.000143
E[P_sel(15)] = 0.000136
E[P_sel(16)] = 0.000120
E[P_sel(17)] = 0.000119
E[P_sel(18)] = 0.000105
E[P_sel(19)] = 0.000105

---- Expected neutral and selected misattributed polymorphism per site
E[mis_neut] = 0.000471
E[mis_sel] = 0.000104

---- alpha_div = 0.278407
---- alpha_dfe = 0.000000



