---- Performing inference on Ns25_pa_0.002_boots/Ns25_pa_0.002.23.polyDFE.txt using model B

---- Warning: mutation variability is not used when only one neutral and one selected fragment is available.
---- No mutation variability. Using Poisson likelihood.

---- Using provided initial values


-- Starting local optimization
 it       eps_an        eps_cont      theta_bar      S_d            b             p_b           S_b           r  2          r  3          r  4          r  5          r  6          r  7          r  8          r  9          r 10          r 11          r 12          r 13          r 14          r 15          r 16          r 17          r 18          r 19         ln lk             grad     status
  0      4.50e-06      9.00e-07       0.00100     -400.00000       0.40000       0.02000       4.00000       1.00000       1.00000       1.00000       1.00000       1.00000       1.00000       1.00000       1.00000       1.00000       1.00000       1.00000       1.00000       1.00000       1.00000       1.00000       1.00000       1.00000       1.00000  -228062.2901280641   1605.71936   -2
423      4.53e-06      9.00e-07       0.00946     -951.49218       0.19953       0.00233      36.25136       0.95798       0.95637       0.93662       0.89887       0.93728       0.88938       0.88996       0.92338       0.90063       0.88307       0.88477       0.89812       0.92820       0.91287       0.86643       0.94919       0.90834       0.95471  -196.4807055929      0.00069   -3
-- Local optimization: stuck in the same solution


---- Best joint likelihood found -196.48071 with gradient 0.00069
-- Model: B
--     eps_an        eps_cont      theta_bar     a        
--    4.53e-06      9.00e-07       0.00946       -1.00000  
--      S_d            b             p_b           S_b      
--   -951.49218       0.19953       0.00233      36.25136  
--     r  2          r  3          r  4          r  5          r  6          r  7          r  8          r  9          r 10          r 11          r 12          r 13          r 14          r 15          r 16          r 17          r 18          r 19     
--     0.95798       0.95637       0.93662       0.89887       0.93728       0.88938       0.88996       0.92338       0.90063       0.88307       0.88477       0.89812       0.92820       0.91287       0.86643       0.94919       0.90834       0.95471  

---- Expected P_neut(i), 0 < i < n (neutral SFS per site) 
E[P_neut(1)] = 0.009465
E[P_neut(2)] = 0.004534
E[P_neut(3)] = 0.003017
E[P_neut(4)] = 0.002216
E[P_neut(5)] = 0.001702
E[P_neut(6)] = 0.001479
E[P_neut(7)] = 0.001203
E[P_neut(8)] = 0.001053
E[P_neut(9)] = 0.000971
E[P_neut(10)] = 0.000852
E[P_neut(11)] = 0.000760
E[P_neut(12)] = 0.000698
E[P_neut(13)] = 0.000654
E[P_neut(14)] = 0.000628
E[P_neut(15)] = 0.000576
E[P_neut(16)] = 0.000513
E[P_neut(17)] = 0.000528
E[P_neut(18)] = 0.000478
E[P_neut(19)] = 0.000476

---- Expected P_sel(i), 0 < i < n (selected SFS per site) 
E[P_sel(1)] = 0.003744
E[P_sel(2)] = 0.001470
E[P_sel(3)] = 0.000891
E[P_sel(4)] = 0.000617
E[P_sel(5)] = 0.000454
E[P_sel(6)] = 0.000382
E[P_sel(7)] = 0.000302
E[P_sel(8)] = 0.000259
E[P_sel(9)] = 0.000234
E[P_sel(10)] = 0.000203
E[P_sel(11)] = 0.000178
E[P_sel(12)] = 0.000162
E[P_sel(13)] = 0.000150
E[P_sel(14)] = 0.000143
E[P_sel(15)] = 0.000131
E[P_sel(16)] = 0.000116
E[P_sel(17)] = 0.000121
E[P_sel(18)] = 0.000111
E[P_sel(19)] = 0.000114

---- Expected neutral and selected misattributed polymorphism per site
E[mis_neut] = 0.000473
E[mis_sel] = 0.000121

---- alpha_div = 0.322618
---- alpha_dfe = 0.291377



