---- Performing inference on Ns25_pa_0.002_boots/Ns25_pa_0.002.15.polyDFE.txt using model B

---- Warning: mutation variability is not used when only one neutral and one selected fragment is available.
---- No mutation variability. Using Poisson likelihood.

---- Using provided initial values


-- Starting local optimization
 it       eps_an        lambda        theta_bar      S_d            b             r  2          r  3          r  4          r  5          r  6          r  7          r  8          r  9          r 10          r 11          r 12          r 13          r 14          r 15          r 16          r 17          r 18          r 19          r 20         ln lk             grad     status
  0      4.50e-06       0.00500       0.00100     -400.00000       0.40000       1.00000       1.00000       1.00000       1.00000       1.00000       1.00000       1.00000       1.00000       1.00000       1.00000       1.00000       1.00000       1.00000       1.00000       1.00000       1.00000       1.00000       1.00000       1.00000  -246747.4876290064   1822.90492   -2
725      4.42e-06       0.00006       0.00954    -4769.39606       0.14397       0.95091       0.92882       0.88164       0.85247       0.85562       0.85512       0.85923       0.91145       0.84772       0.82940       0.87452       0.85504       0.86116       0.85010       0.87456       0.93211       0.90872       0.91726      12.44953  -413.4271749089      0.00284   -6
-- Local optimization: reached maximum running time allowed


---- Best joint likelihood found -413.42717 with gradient 0.00284
-- Model: B
--     eps_an        eps_cont      lambda        theta_bar     a        
--    4.42e-06      0.00e+00       0.00006       0.00954       -1.00000  
--      S_d            b             p_b           S_b      
--  -4769.39606       0.14397      0.00e+00      0.00e+00  
--     r  2          r  3          r  4          r  5          r  6          r  7          r  8          r  9          r 10          r 11          r 12          r 13          r 14          r 15          r 16          r 17          r 18          r 19          r 20     
--     0.95091       0.92882       0.88164       0.85247       0.85562       0.85512       0.85923       0.91145       0.84772       0.82940       0.87452       0.85504       0.86116       0.85010       0.87456       0.93211       0.90872       0.91726      12.44953  

---- Expected P_neut(i), 0 < i < n (neutral SFS per site) 
E[P_neut(1)] = 0.009540
E[P_neut(2)] = 0.004536
E[P_neut(3)] = 0.002954
E[P_neut(4)] = 0.002103
E[P_neut(5)] = 0.001627
E[P_neut(6)] = 0.001360
E[P_neut(7)] = 0.001165
E[P_neut(8)] = 0.001025
E[P_neut(9)] = 0.000966
E[P_neut(10)] = 0.000809
E[P_neut(11)] = 0.000719
E[P_neut(12)] = 0.000695
E[P_neut(13)] = 0.000627
E[P_neut(14)] = 0.000587
E[P_neut(15)] = 0.000541
E[P_neut(16)] = 0.000521
E[P_neut(17)] = 0.000523
E[P_neut(18)] = 0.000482
E[P_neut(19)] = 0.000461

---- Expected P_sel(i), 0 < i < n (selected SFS per site) 
E[P_sel(1)] = 0.003682
E[P_sel(2)] = 0.001515
E[P_sel(3)] = 0.000923
E[P_sel(4)] = 0.000629
E[P_sel(5)] = 0.000472
E[P_sel(6)] = 0.000385
E[P_sel(7)] = 0.000323
E[P_sel(8)] = 0.000279
E[P_sel(9)] = 0.000260
E[P_sel(10)] = 0.000214
E[P_sel(11)] = 0.000188
E[P_sel(12)] = 0.000180
E[P_sel(13)] = 0.000161
E[P_sel(14)] = 0.000149
E[P_sel(15)] = 0.000136
E[P_sel(16)] = 0.000131
E[P_sel(17)] = 0.000130
E[P_sel(18)] = 0.000119
E[P_sel(19)] = 0.000113

---- Expected D_neut and D_sel (neutral and selected divergence per site) 
E[D_neut] = 0.005994
E[D_sel] = 0.001461

---- Expected neutral and selected misattributed polymorphism per site
E[mis_neut] = 0.005939
E[mis_sel] = 0.001448

---- alpha_div = 1.600385
---- alpha_dfe = 0.000000



