---- Performing inference on Ns25_pa_0.002_boots/Ns25_pa_0.002.94.polyDFE.txt using model B

---- Warning: mutation variability is not used when only one neutral and one selected fragment is available.
---- No mutation variability. Using Poisson likelihood.

---- Using provided initial values


-- Starting local optimization
 it       eps_an        eps_cont      theta_bar      S_d            b             p_b           S_b           r  2          r  3          r  4          r  5          r  6          r  7          r  8          r  9          r 10          r 11          r 12          r 13          r 14          r 15          r 16          r 17          r 18          r 19         ln lk             grad     status
  0      4.50e-06      9.00e-07       0.00100     -400.00000       0.40000       0.02000       4.00000       1.00000       1.00000       1.00000       1.00000       1.00000       1.00000       1.00000       1.00000       1.00000       1.00000       1.00000       1.00000       1.00000       1.00000       1.00000       1.00000       1.00000       1.00000  -229279.2498589939   1612.18243   -2
583      4.69e-06      9.00e-07       0.00949    -1403.00975       0.18473       0.00120      96.78677       0.96744       0.96231       0.92503       0.91400       0.92324       0.89571       0.89695       0.93023       0.89849       0.88570       0.92207       0.89142       0.94530       0.91325       0.85841       0.95599       0.90641       0.95871  -192.0197302743      0.00084   -3
-- Local optimization: stuck in the same solution


---- Best joint likelihood found -192.01973 with gradient 0.00084
-- Model: B
--     eps_an        eps_cont      theta_bar     a        
--    4.69e-06      9.00e-07       0.00949       -1.00000  
--      S_d            b             p_b           S_b      
--  -1403.00975       0.18473       0.00120      96.78677  
--     r  2          r  3          r  4          r  5          r  6          r  7          r  8          r  9          r 10          r 11          r 12          r 13          r 14          r 15          r 16          r 17          r 18          r 19     
--     0.96744       0.96231       0.92503       0.91400       0.92324       0.89571       0.89695       0.93023       0.89849       0.88570       0.92207       0.89142       0.94530       0.91325       0.85841       0.95599       0.90641       0.95871  

---- Expected P_neut(i), 0 < i < n (neutral SFS per site) 
E[P_neut(1)] = 0.009485
E[P_neut(2)] = 0.004588
E[P_neut(3)] = 0.003043
E[P_neut(4)] = 0.002193
E[P_neut(5)] = 0.001734
E[P_neut(6)] = 0.001459
E[P_neut(7)] = 0.001214
E[P_neut(8)] = 0.001063
E[P_neut(9)] = 0.000980
E[P_neut(10)] = 0.000852
E[P_neut(11)] = 0.000764
E[P_neut(12)] = 0.000729
E[P_neut(13)] = 0.000650
E[P_neut(14)] = 0.000640
E[P_neut(15)] = 0.000577
E[P_neut(16)] = 0.000509
E[P_neut(17)] = 0.000533
E[P_neut(18)] = 0.000478
E[P_neut(19)] = 0.000479

---- Expected P_sel(i), 0 < i < n (selected SFS per site) 
E[P_sel(1)] = 0.003684
E[P_sel(2)] = 0.001480
E[P_sel(3)] = 0.000900
E[P_sel(4)] = 0.000615
E[P_sel(5)] = 0.000467
E[P_sel(6)] = 0.000381
E[P_sel(7)] = 0.000309
E[P_sel(8)] = 0.000265
E[P_sel(9)] = 0.000240
E[P_sel(10)] = 0.000205
E[P_sel(11)] = 0.000181
E[P_sel(12)] = 0.000171
E[P_sel(13)] = 0.000151
E[P_sel(14)] = 0.000147
E[P_sel(15)] = 0.000132
E[P_sel(16)] = 0.000116
E[P_sel(17)] = 0.000121
E[P_sel(18)] = 0.000110
E[P_sel(19)] = 0.000115

---- Expected neutral and selected misattributed polymorphism per site
E[mis_neut] = 0.000474
E[mis_sel] = 0.000122

---- alpha_div = 0.301296
---- alpha_dfe = 0.354043



