---- Performing inference on Ns25_pa_0.002_boots/Ns25_pa_0.002.65.polyDFE.txt using model B

---- Warning: mutation variability is not used when only one neutral and one selected fragment is available.
---- No mutation variability. Using Poisson likelihood.

---- Using provided initial values


-- Starting local optimization
 it       eps_an        theta_bar      S_d            b             r  2          r  3          r  4          r  5          r  6          r  7          r  8          r  9          r 10          r 11          r 12          r 13          r 14          r 15          r 16          r 17          r 18          r 19         ln lk             grad     status
  0      4.50e-06       0.00100     -400.00000       0.40000       1.00000       1.00000       1.00000       1.00000       1.00000       1.00000       1.00000       1.00000       1.00000       1.00000       1.00000       1.00000       1.00000       1.00000       1.00000       1.00000       1.00000       1.00000  -241252.2051188714   1714.96867   -2
185      4.50e-06       0.00948    -1446.35333       0.18102       0.96924       0.97161       0.92076       0.90662       0.91216       0.91069       0.90737       0.91958       0.93528       0.88864       0.89933       0.88442       0.91779       0.91810       0.89997       0.95759       0.91264       0.97025  -208.9373068701      0.00095   -3
-- Local optimization: stuck in the same solution


---- Best joint likelihood found -208.93731 with gradient 0.00095
-- Model: B
--     eps_an        eps_cont      theta_bar     a        
--    4.50e-06      0.00e+00       0.00948       -1.00000  
--      S_d            b             p_b           S_b      
--  -1446.35333       0.18102      0.00e+00      0.00e+00  
--     r  2          r  3          r  4          r  5          r  6          r  7          r  8          r  9          r 10          r 11          r 12          r 13          r 14          r 15          r 16          r 17          r 18          r 19     
--     0.96924       0.97161       0.92076       0.90662       0.91216       0.91069       0.90737       0.91958       0.93528       0.88864       0.89933       0.88442       0.91779       0.91810       0.89997       0.95759       0.91264       0.97025  

---- Expected P_neut(i), 0 < i < n (neutral SFS per site) 
E[P_neut(1)] = 0.009478
E[P_neut(2)] = 0.004593
E[P_neut(3)] = 0.003070
E[P_neut(4)] = 0.002182
E[P_neut(5)] = 0.001719
E[P_neut(6)] = 0.001441
E[P_neut(7)] = 0.001233
E[P_neut(8)] = 0.001075
E[P_neut(9)] = 0.000968
E[P_neut(10)] = 0.000886
E[P_neut(11)] = 0.000766
E[P_neut(12)] = 0.000710
E[P_neut(13)] = 0.000645
E[P_neut(14)] = 0.000621
E[P_neut(15)] = 0.000580
E[P_neut(16)] = 0.000533
E[P_neut(17)] = 0.000534
E[P_neut(18)] = 0.000481
E[P_neut(19)] = 0.000484

---- Expected P_sel(i), 0 < i < n (selected SFS per site) 
E[P_sel(1)] = 0.003710
E[P_sel(2)] = 0.001498
E[P_sel(3)] = 0.000919
E[P_sel(4)] = 0.000619
E[P_sel(5)] = 0.000469
E[P_sel(6)] = 0.000381
E[P_sel(7)] = 0.000318
E[P_sel(8)] = 0.000271
E[P_sel(9)] = 0.000240
E[P_sel(10)] = 0.000216
E[P_sel(11)] = 0.000184
E[P_sel(12)] = 0.000168
E[P_sel(13)] = 0.000151
E[P_sel(14)] = 0.000144
E[P_sel(15)] = 0.000133
E[P_sel(16)] = 0.000121
E[P_sel(17)] = 0.000120
E[P_sel(18)] = 0.000107
E[P_sel(19)] = 0.000107

---- Expected neutral and selected misattributed polymorphism per site
E[mis_neut] = 0.000474
E[mis_sel] = 0.000104

---- alpha_div = 0.286302
---- alpha_dfe = 0.000000



