---- Performing inference on Ns25_pa_0.002_boots/Ns25_pa_0.002.76.polyDFE.txt using model B

---- Warning: mutation variability is not used when only one neutral and one selected fragment is available.
---- No mutation variability. Using Poisson likelihood.

---- Using provided initial values


-- Starting local optimization
 it       eps_an        eps_cont      lambda        theta_bar      S_d            b             p_b           S_b           r  2          r  3          r  4          r  5          r  6          r  7          r  8          r  9          r 10          r 11          r 12          r 13          r 14          r 15          r 16          r 17          r 18          r 19          r 20         ln lk             grad     status
  0      4.50e-06      9.00e-07       0.00500       0.00100     -400.00000       0.40000       0.02000       4.00000       1.00000       1.00000       1.00000       1.00000       1.00000       1.00000       1.00000       1.00000       1.00000       1.00000       1.00000       1.00000       1.00000       1.00000       1.00000       1.00000       1.00000       1.00000       1.00000  -231535.1098443873   1649.38125   -2
236      4.50e-06      9.00e-07       0.00504       0.00929     -804.38020       0.20472       0.00337      28.25799       0.97763       0.98418       0.94748       0.92164       0.93112       0.92104       0.90389       0.94206       0.91012       0.88139       0.95483       0.92867       0.97664       0.92576       0.91098       0.97027       0.91243       0.94725       0.92580  -203.7687224131      0.00194   -3
-- Local optimization: stuck in the same solution


---- Best joint likelihood found -203.76872 with gradient 0.00194
-- Model: B
--     eps_an        eps_cont      lambda        theta_bar     a        
--    4.50e-06      9.00e-07       0.00504       0.00929       -1.00000  
--      S_d            b             p_b           S_b      
--   -804.38020       0.20472       0.00337      28.25799  
--     r  2          r  3          r  4          r  5          r  6          r  7          r  8          r  9          r 10          r 11          r 12          r 13          r 14          r 15          r 16          r 17          r 18          r 19          r 20     
--     0.97763       0.98418       0.94748       0.92164       0.93112       0.92104       0.90389       0.94206       0.91012       0.88139       0.95483       0.92867       0.97664       0.92576       0.91098       0.97027       0.91243       0.94725       0.92580  

---- Expected P_neut(i), 0 < i < n (neutral SFS per site) 
E[P_neut(1)] = 0.009289
E[P_neut(2)] = 0.004541
E[P_neut(3)] = 0.003047
E[P_neut(4)] = 0.002200
E[P_neut(5)] = 0.001712
E[P_neut(6)] = 0.001441
E[P_neut(7)] = 0.001222
E[P_neut(8)] = 0.001050
E[P_neut(9)] = 0.000972
E[P_neut(10)] = 0.000845
E[P_neut(11)] = 0.000744
E[P_neut(12)] = 0.000739
E[P_neut(13)] = 0.000664
E[P_neut(14)] = 0.000648
E[P_neut(15)] = 0.000573
E[P_neut(16)] = 0.000529
E[P_neut(17)] = 0.000530
E[P_neut(18)] = 0.000471
E[P_neut(19)] = 0.000463

---- Expected P_sel(i), 0 < i < n (selected SFS per site) 
E[P_sel(1)] = 0.003735
E[P_sel(2)] = 0.001490
E[P_sel(3)] = 0.000910
E[P_sel(4)] = 0.000619
E[P_sel(5)] = 0.000461
E[P_sel(6)] = 0.000376
E[P_sel(7)] = 0.000310
E[P_sel(8)] = 0.000260
E[P_sel(9)] = 0.000237
E[P_sel(10)] = 0.000203
E[P_sel(11)] = 0.000176
E[P_sel(12)] = 0.000173
E[P_sel(13)] = 0.000154
E[P_sel(14)] = 0.000150
E[P_sel(15)] = 0.000132
E[P_sel(16)] = 0.000122
E[P_sel(17)] = 0.000124
E[P_sel(18)] = 0.000113
E[P_sel(19)] = 0.000115

---- Expected D_neut and D_sel (neutral and selected divergence per site) 
E[D_neut] = 0.005475
E[D_sel] = 0.001631

---- Expected neutral and selected misattributed polymorphism per site
E[mis_neut] = 0.000430
E[mis_sel] = 0.000115

---- alpha_div = 0.316957
---- alpha_dfe = 0.317134



