---- Performing inference on Ns25_pa_0.002_boots/Ns25_pa_0.002.5.polyDFE.txt using model B

---- Warning: mutation variability is not used when only one neutral and one selected fragment is available.
---- No mutation variability. Using Poisson likelihood.

---- Using provided initial values


-- Starting local optimization
 it       eps_an        eps_cont      theta_bar      S_d            b             p_b           S_b           r  2          r  3          r  4          r  5          r  6          r  7          r  8          r  9          r 10          r 11          r 12          r 13          r 14          r 15          r 16          r 17          r 18          r 19         ln lk             grad     status
  0      4.50e-06      9.00e-07       0.00100     -400.00000       0.40000       0.02000       4.00000       1.00000       1.00000       1.00000       1.00000       1.00000       1.00000       1.00000       1.00000       1.00000       1.00000       1.00000       1.00000       1.00000       1.00000       1.00000       1.00000       1.00000       1.00000  -227508.1535484014   1604.70903   -2
159      4.50e-06      9.00e-07       0.00932     -798.13988       0.21667       0.01796       2.89232       0.97853       0.98989       0.93274       0.92120       0.92363       0.90059       0.92334       0.93754       0.94694       0.89199       0.91464       0.89388       0.92102       0.95127       0.87808       0.95319       0.89383       0.90739  -198.5321990677      0.00287   -3
-- Local optimization: stuck in the same solution


---- Best joint likelihood found -198.53220 with gradient 0.00287
-- Model: B
--     eps_an        eps_cont      theta_bar     a        
--    4.50e-06      9.00e-07       0.00932       -1.00000  
--      S_d            b             p_b           S_b      
--   -798.13988       0.21667       0.01796       2.89232  
--     r  2          r  3          r  4          r  5          r  6          r  7          r  8          r  9          r 10          r 11          r 12          r 13          r 14          r 15          r 16          r 17          r 18          r 19     
--     0.97853       0.98989       0.93274       0.92120       0.92363       0.90059       0.92334       0.93754       0.94694       0.89199       0.91464       0.89388       0.92102       0.95127       0.87808       0.95319       0.89383       0.90739  

---- Expected P_neut(i), 0 < i < n (neutral SFS per site) 
E[P_neut(1)] = 0.009321
E[P_neut(2)] = 0.004561
E[P_neut(3)] = 0.003076
E[P_neut(4)] = 0.002174
E[P_neut(5)] = 0.001717
E[P_neut(6)] = 0.001435
E[P_neut(7)] = 0.001199
E[P_neut(8)] = 0.001076
E[P_neut(9)] = 0.000971
E[P_neut(10)] = 0.000883
E[P_neut(11)] = 0.000756
E[P_neut(12)] = 0.000710
E[P_neut(13)] = 0.000641
E[P_neut(14)] = 0.000613
E[P_neut(15)] = 0.000591
E[P_neut(16)] = 0.000512
E[P_neut(17)] = 0.000523
E[P_neut(18)] = 0.000463
E[P_neut(19)] = 0.000445

---- Expected P_sel(i), 0 < i < n (selected SFS per site) 
E[P_sel(1)] = 0.003698
E[P_sel(2)] = 0.001475
E[P_sel(3)] = 0.000906
E[P_sel(4)] = 0.000605
E[P_sel(5)] = 0.000459
E[P_sel(6)] = 0.000372
E[P_sel(7)] = 0.000304
E[P_sel(8)] = 0.000268
E[P_sel(9)] = 0.000238
E[P_sel(10)] = 0.000214
E[P_sel(11)] = 0.000182
E[P_sel(12)] = 0.000170
E[P_sel(13)] = 0.000152
E[P_sel(14)] = 0.000145
E[P_sel(15)] = 0.000140
E[P_sel(16)] = 0.000121
E[P_sel(17)] = 0.000124
E[P_sel(18)] = 0.000110
E[P_sel(19)] = 0.000106

---- Expected neutral and selected misattributed polymorphism per site
E[mis_neut] = 0.000466
E[mis_sel] = 0.000112

---- alpha_div = 0.378605
---- alpha_dfe = 0.227296



