---- Performing inference on Ns25_pa_0.002_boots/Ns25_pa_0.002.62.polyDFE.txt using model B

---- Warning: mutation variability is not used when only one neutral and one selected fragment is available.
---- No mutation variability. Using Poisson likelihood.

---- Using provided initial values


-- Starting local optimization
 it       eps_an        theta_bar      S_d            b             r  2          r  3          r  4          r  5          r  6          r  7          r  8          r  9          r 10          r 11          r 12          r 13          r 14          r 15          r 16          r 17          r 18          r 19         ln lk             grad     status
  0      4.50e-06       0.00100     -400.00000       0.40000       1.00000       1.00000       1.00000       1.00000       1.00000       1.00000       1.00000       1.00000       1.00000       1.00000       1.00000       1.00000       1.00000       1.00000       1.00000       1.00000       1.00000       1.00000  -239501.7991012014   1705.89877   -2
235      4.50e-06       0.00937    -1094.67467       0.19064       0.97318       0.95338       0.93226       0.91846       0.92405       0.90516       0.91127       0.95096       0.93620       0.88802       0.93977       0.90767       0.94671       0.95505       0.92512       0.96139       0.98679       1.00822  -200.9944226555      0.00094   -3
-- Local optimization: stuck in the same solution


---- Best joint likelihood found -200.99442 with gradient 0.00094
-- Model: B
--     eps_an        eps_cont      theta_bar     a        
--    4.50e-06      0.00e+00       0.00937       -1.00000  
--      S_d            b             p_b           S_b      
--  -1094.67467       0.19064      0.00e+00      0.00e+00  
--     r  2          r  3          r  4          r  5          r  6          r  7          r  8          r  9          r 10          r 11          r 12          r 13          r 14          r 15          r 16          r 17          r 18          r 19     
--     0.97318       0.95338       0.93226       0.91846       0.92405       0.90516       0.91127       0.95096       0.93620       0.88802       0.93977       0.90767       0.94671       0.95505       0.92512       0.96139       0.98679       1.00822  

---- Expected P_neut(i), 0 < i < n (neutral SFS per site) 
E[P_neut(1)] = 0.009372
E[P_neut(2)] = 0.004560
E[P_neut(3)] = 0.002978
E[P_neut(4)] = 0.002184
E[P_neut(5)] = 0.001722
E[P_neut(6)] = 0.001443
E[P_neut(7)] = 0.001212
E[P_neut(8)] = 0.001068
E[P_neut(9)] = 0.000990
E[P_neut(10)] = 0.000877
E[P_neut(11)] = 0.000757
E[P_neut(12)] = 0.000734
E[P_neut(13)] = 0.000654
E[P_neut(14)] = 0.000634
E[P_neut(15)] = 0.000597
E[P_neut(16)] = 0.000542
E[P_neut(17)] = 0.000530
E[P_neut(18)] = 0.000514
E[P_neut(19)] = 0.000497

---- Expected P_sel(i), 0 < i < n (selected SFS per site) 
E[P_sel(1)] = 0.003715
E[P_sel(2)] = 0.001492
E[P_sel(3)] = 0.000891
E[P_sel(4)] = 0.000617
E[P_sel(5)] = 0.000466
E[P_sel(6)] = 0.000378
E[P_sel(7)] = 0.000309
E[P_sel(8)] = 0.000266
E[P_sel(9)] = 0.000242
E[P_sel(10)] = 0.000211
E[P_sel(11)] = 0.000179
E[P_sel(12)] = 0.000171
E[P_sel(13)] = 0.000151
E[P_sel(14)] = 0.000144
E[P_sel(15)] = 0.000134
E[P_sel(16)] = 0.000121
E[P_sel(17)] = 0.000117
E[P_sel(18)] = 0.000112
E[P_sel(19)] = 0.000108

---- Expected neutral and selected misattributed polymorphism per site
E[mis_neut] = 0.000469
E[mis_sel] = 0.000101

---- alpha_div = 0.301912
---- alpha_dfe = 0.000000



