---- Performing inference on Ns25_pa_0.002_boots/Ns25_pa_0.002.22.polyDFE.txt using model B

---- Warning: mutation variability is not used when only one neutral and one selected fragment is available.
---- No mutation variability. Using Poisson likelihood.

---- Using provided initial values


-- Starting local optimization
 it       eps_an        eps_cont      theta_bar      S_d            b             p_b           S_b           r  2          r  3          r  4          r  5          r  6          r  7          r  8          r  9          r 10          r 11          r 12          r 13          r 14          r 15          r 16          r 17          r 18          r 19         ln lk             grad     status
  0      4.50e-06      9.00e-07       0.00100     -400.00000       0.40000       0.02000       4.00000       1.00000       1.00000       1.00000       1.00000       1.00000       1.00000       1.00000       1.00000       1.00000       1.00000       1.00000       1.00000       1.00000       1.00000       1.00000       1.00000       1.00000       1.00000  -229160.3002332466   1611.70632   -2
311      4.51e-06      9.00e-07       0.00949    -1114.75806       0.19325       0.00306      18.94009       0.94797       0.95569       0.94126       0.90369       0.91479       0.91562       0.88281       0.90526       0.91238       0.87419       0.90085       0.92409       0.93073       0.88272       0.88037       0.91036       0.90817       0.97264  -192.7346002808      0.00411   -3
-- Local optimization: stuck in the same solution


---- Best joint likelihood found -192.73460 with gradient 0.00411
-- Model: B
--     eps_an        eps_cont      theta_bar     a        
--    4.51e-06      9.00e-07       0.00949       -1.00000  
--      S_d            b             p_b           S_b      
--  -1114.75806       0.19325       0.00306      18.94009  
--     r  2          r  3          r  4          r  5          r  6          r  7          r  8          r  9          r 10          r 11          r 12          r 13          r 14          r 15          r 16          r 17          r 18          r 19     
--     0.94797       0.95569       0.94126       0.90369       0.91479       0.91562       0.88281       0.90526       0.91238       0.87419       0.90085       0.92409       0.93073       0.88272       0.88037       0.91036       0.90817       0.97264  

---- Expected P_neut(i), 0 < i < n (neutral SFS per site) 
E[P_neut(1)] = 0.009491
E[P_neut(2)] = 0.004498
E[P_neut(3)] = 0.003023
E[P_neut(4)] = 0.002233
E[P_neut(5)] = 0.001715
E[P_neut(6)] = 0.001447
E[P_neut(7)] = 0.001241
E[P_neut(8)] = 0.001047
E[P_neut(9)] = 0.000955
E[P_neut(10)] = 0.000866
E[P_neut(11)] = 0.000754
E[P_neut(12)] = 0.000712
E[P_neut(13)] = 0.000675
E[P_neut(14)] = 0.000631
E[P_neut(15)] = 0.000559
E[P_neut(16)] = 0.000522
E[P_neut(17)] = 0.000508
E[P_neut(18)] = 0.000479
E[P_neut(19)] = 0.000486

---- Expected P_sel(i), 0 < i < n (selected SFS per site) 
E[P_sel(1)] = 0.003732
E[P_sel(2)] = 0.001459
E[P_sel(3)] = 0.000897
E[P_sel(4)] = 0.000626
E[P_sel(5)] = 0.000462
E[P_sel(6)] = 0.000377
E[P_sel(7)] = 0.000316
E[P_sel(8)] = 0.000261
E[P_sel(9)] = 0.000234
E[P_sel(10)] = 0.000209
E[P_sel(11)] = 0.000180
E[P_sel(12)] = 0.000168
E[P_sel(13)] = 0.000158
E[P_sel(14)] = 0.000147
E[P_sel(15)] = 0.000129
E[P_sel(16)] = 0.000121
E[P_sel(17)] = 0.000119
E[P_sel(18)] = 0.000113
E[P_sel(19)] = 0.000118

---- Expected neutral and selected misattributed polymorphism per site
E[mis_neut] = 0.000475
E[mis_sel] = 0.000119

---- alpha_div = 0.330868
---- alpha_dfe = 0.217551



