---- Performing inference on Ns25_pa_0.002_boots/Ns25_pa_0.002.0.polyDFE.txt using model B

---- Warning: mutation variability is not used when only one neutral and one selected fragment is available.
---- No mutation variability. Using Poisson likelihood.

---- Using provided initial values


-- Starting local optimization
 it       eps_an        eps_cont      lambda        theta_bar      S_d            b             p_b           S_b           r  2          r  3          r  4          r  5          r  6          r  7          r  8          r  9          r 10          r 11          r 12          r 13          r 14          r 15          r 16          r 17          r 18          r 19          r 20         ln lk             grad     status
  0      4.50e-06      9.00e-07       0.00500       0.00100     -400.00000       0.40000       0.02000       4.00000       1.00000       1.00000       1.00000       1.00000       1.00000       1.00000       1.00000       1.00000       1.00000       1.00000       1.00000       1.00000       1.00000       1.00000       1.00000       1.00000       1.00000       1.00000       1.00000  -230104.4795053958   1643.51218   -2
146      4.50e-06      9.00e-07       0.00504       0.00926     -874.30104       0.19996       0.00260      37.42582       0.97769       0.98513       0.92440       0.89675       0.93859       0.93903       0.91176       0.93116       0.94476       0.87916       0.92262       0.94136       0.93953       0.94617       0.92966       0.93190       0.92424       0.92665       0.93965  -206.9541978002      0.08216   -3
-- Local optimization: stuck in the same solution


---- Best joint likelihood found -206.95420 with gradient 0.08216
-- Model: B
--     eps_an        eps_cont      lambda        theta_bar     a        
--    4.50e-06      9.00e-07       0.00504       0.00926       -1.00000  
--      S_d            b             p_b           S_b      
--   -874.30104       0.19996       0.00260      37.42582  
--     r  2          r  3          r  4          r  5          r  6          r  7          r  8          r  9          r 10          r 11          r 12          r 13          r 14          r 15          r 16          r 17          r 18          r 19          r 20     
--     0.97769       0.98513       0.92440       0.89675       0.93859       0.93903       0.91176       0.93116       0.94476       0.87916       0.92262       0.94136       0.93953       0.94617       0.92966       0.93190       0.92424       0.92665       0.93965  

---- Expected P_neut(i), 0 < i < n (neutral SFS per site) 
E[P_neut(1)] = 0.009258
E[P_neut(2)] = 0.004526
E[P_neut(3)] = 0.003040
E[P_neut(4)] = 0.002140
E[P_neut(5)] = 0.001660
E[P_neut(6)] = 0.001448
E[P_neut(7)] = 0.001242
E[P_neut(8)] = 0.001055
E[P_neut(9)] = 0.000958
E[P_neut(10)] = 0.000875
E[P_neut(11)] = 0.000740
E[P_neut(12)] = 0.000712
E[P_neut(13)] = 0.000670
E[P_neut(14)] = 0.000621
E[P_neut(15)] = 0.000584
E[P_neut(16)] = 0.000538
E[P_neut(17)] = 0.000508
E[P_neut(18)] = 0.000475
E[P_neut(19)] = 0.000452

---- Expected P_sel(i), 0 < i < n (selected SFS per site) 
E[P_sel(1)] = 0.003719
E[P_sel(2)] = 0.001490
E[P_sel(3)] = 0.000912
E[P_sel(4)] = 0.000605
E[P_sel(5)] = 0.000450
E[P_sel(6)] = 0.000380
E[P_sel(7)] = 0.000317
E[P_sel(8)] = 0.000264
E[P_sel(9)] = 0.000235
E[P_sel(10)] = 0.000211
E[P_sel(11)] = 0.000176
E[P_sel(12)] = 0.000168
E[P_sel(13)] = 0.000156
E[P_sel(14)] = 0.000144
E[P_sel(15)] = 0.000135
E[P_sel(16)] = 0.000124
E[P_sel(17)] = 0.000118
E[P_sel(18)] = 0.000113
E[P_sel(19)] = 0.000111

---- Expected D_neut and D_sel (neutral and selected divergence per site) 
E[D_neut] = 0.005471
E[D_sel] = 0.001657

---- Expected neutral and selected misattributed polymorphism per site
E[mis_neut] = 0.000435
E[mis_sel] = 0.000116

---- alpha_div = 0.320497
---- alpha_dfe = 0.318154



