---- Performing inference on Ns25_pa_0.002_boots/Ns25_pa_0.002.52.polyDFE.txt using model B

---- Warning: mutation variability is not used when only one neutral and one selected fragment is available.
---- No mutation variability. Using Poisson likelihood.

---- Using provided initial values


-- Starting local optimization
 it       eps_an        lambda        theta_bar      S_d            b             r  2          r  3          r  4          r  5          r  6          r  7          r  8          r  9          r 10          r 11          r 12          r 13          r 14          r 15          r 16          r 17          r 18          r 19          r 20         ln lk             grad     status
  0      4.50e-06       0.00500       0.00100     -400.00000       0.40000       1.00000       1.00000       1.00000       1.00000       1.00000       1.00000       1.00000       1.00000       1.00000       1.00000       1.00000       1.00000       1.00000       1.00000       1.00000       1.00000       1.00000       1.00000       1.00000  -245562.0510813684   1818.29832   -2
706      4.40e-06       0.00012       0.00950    -5676.57325       0.14015       0.94626       0.92199       0.89708       0.85838       0.86929       0.87424       0.86438       0.86527       0.85614       0.87693       0.87970       0.83829       0.85490       0.85455       0.83201       0.90582       0.89116       0.92563      12.30041  -428.4153269925      0.01911   -6
-- Local optimization: reached maximum running time allowed


---- Best joint likelihood found -428.41533 with gradient 0.01911
-- Model: B
--     eps_an        eps_cont      lambda        theta_bar     a        
--    4.40e-06      0.00e+00       0.00012       0.00950       -1.00000  
--      S_d            b             p_b           S_b      
--  -5676.57325       0.14015      0.00e+00      0.00e+00  
--     r  2          r  3          r  4          r  5          r  6          r  7          r  8          r  9          r 10          r 11          r 12          r 13          r 14          r 15          r 16          r 17          r 18          r 19          r 20     
--     0.94626       0.92199       0.89708       0.85838       0.86929       0.87424       0.86438       0.86527       0.85614       0.87693       0.87970       0.83829       0.85490       0.85455       0.83201       0.90582       0.89116       0.92563      12.30041  

---- Expected P_neut(i), 0 < i < n (neutral SFS per site) 
E[P_neut(1)] = 0.009498
E[P_neut(2)] = 0.004494
E[P_neut(3)] = 0.002919
E[P_neut(4)] = 0.002130
E[P_neut(5)] = 0.001631
E[P_neut(6)] = 0.001376
E[P_neut(7)] = 0.001186
E[P_neut(8)] = 0.001026
E[P_neut(9)] = 0.000913
E[P_neut(10)] = 0.000813
E[P_neut(11)] = 0.000757
E[P_neut(12)] = 0.000696
E[P_neut(13)] = 0.000612
E[P_neut(14)] = 0.000580
E[P_neut(15)] = 0.000541
E[P_neut(16)] = 0.000494
E[P_neut(17)] = 0.000506
E[P_neut(18)] = 0.000470
E[P_neut(19)] = 0.000463

---- Expected P_sel(i), 0 < i < n (selected SFS per site) 
E[P_sel(1)] = 0.003654
E[P_sel(2)] = 0.001502
E[P_sel(3)] = 0.000914
E[P_sel(4)] = 0.000640
E[P_sel(5)] = 0.000475
E[P_sel(6)] = 0.000392
E[P_sel(7)] = 0.000331
E[P_sel(8)] = 0.000282
E[P_sel(9)] = 0.000247
E[P_sel(10)] = 0.000217
E[P_sel(11)] = 0.000200
E[P_sel(12)] = 0.000182
E[P_sel(13)] = 0.000158
E[P_sel(14)] = 0.000149
E[P_sel(15)] = 0.000138
E[P_sel(16)] = 0.000125
E[P_sel(17)] = 0.000127
E[P_sel(18)] = 0.000117
E[P_sel(19)] = 0.000115

---- Expected D_neut and D_sel (neutral and selected divergence per site) 
E[D_neut] = 0.005957
E[D_sel] = 0.001466

---- Expected neutral and selected misattributed polymorphism per site
E[mis_neut] = 0.005842
E[mis_sel] = 0.001437

---- alpha_div = 1.490994
---- alpha_dfe = 0.000000



