---- Performing inference on Ns25_pa_0.002_boots/Ns25_pa_0.002.3.polyDFE.txt using model B

---- Warning: mutation variability is not used when only one neutral and one selected fragment is available.
---- No mutation variability. Using Poisson likelihood.

---- Using provided initial values


-- Starting local optimization
 it       eps_an        lambda        theta_bar      S_d            b             r  2          r  3          r  4          r  5          r  6          r  7          r  8          r  9          r 10          r 11          r 12          r 13          r 14          r 15          r 16          r 17          r 18          r 19          r 20         ln lk             grad     status
  0      4.50e-06       0.00500       0.00100     -400.00000       0.40000       1.00000       1.00000       1.00000       1.00000       1.00000       1.00000       1.00000       1.00000       1.00000       1.00000       1.00000       1.00000       1.00000       1.00000       1.00000       1.00000       1.00000       1.00000       1.00000  -247566.0518958190   1825.60029   -2
607      4.48e-06       0.00013       0.00956    -5041.55217       0.14361       0.94558       0.91567       0.89908       0.88070       0.87100       0.84871       0.86187       0.89120       0.89661       0.84153       0.86230       0.87341       0.87992       0.86487       0.88113       0.92930       0.90525       0.95670      12.25346  -431.9469993819      0.00628   -6
-- Local optimization: reached maximum running time allowed


---- Best joint likelihood found -431.94700 with gradient 0.00628
-- Model: B
--     eps_an        eps_cont      lambda        theta_bar     a        
--    4.48e-06      0.00e+00       0.00013       0.00956       -1.00000  
--      S_d            b             p_b           S_b      
--  -5041.55217       0.14361      0.00e+00      0.00e+00  
--     r  2          r  3          r  4          r  5          r  6          r  7          r  8          r  9          r 10          r 11          r 12          r 13          r 14          r 15          r 16          r 17          r 18          r 19          r 20     
--     0.94558       0.91567       0.89908       0.88070       0.87100       0.84871       0.86187       0.89120       0.89661       0.84153       0.86230       0.87341       0.87992       0.86487       0.88113       0.92930       0.90525       0.95670      12.25346  

---- Expected P_neut(i), 0 < i < n (neutral SFS per site) 
E[P_neut(1)] = 0.009555
E[P_neut(2)] = 0.004518
E[P_neut(3)] = 0.002917
E[P_neut(4)] = 0.002148
E[P_neut(5)] = 0.001683
E[P_neut(6)] = 0.001387
E[P_neut(7)] = 0.001159
E[P_neut(8)] = 0.001029
E[P_neut(9)] = 0.000946
E[P_neut(10)] = 0.000857
E[P_neut(11)] = 0.000731
E[P_neut(12)] = 0.000687
E[P_neut(13)] = 0.000642
E[P_neut(14)] = 0.000601
E[P_neut(15)] = 0.000551
E[P_neut(16)] = 0.000526
E[P_neut(17)] = 0.000522
E[P_neut(18)] = 0.000481
E[P_neut(19)] = 0.000481

---- Expected P_sel(i), 0 < i < n (selected SFS per site) 
E[P_sel(1)] = 0.003666
E[P_sel(2)] = 0.001501
E[P_sel(3)] = 0.000906
E[P_sel(4)] = 0.000639
E[P_sel(5)] = 0.000486
E[P_sel(6)] = 0.000391
E[P_sel(7)] = 0.000320
E[P_sel(8)] = 0.000279
E[P_sel(9)] = 0.000253
E[P_sel(10)] = 0.000226
E[P_sel(11)] = 0.000191
E[P_sel(12)] = 0.000177
E[P_sel(13)] = 0.000164
E[P_sel(14)] = 0.000152
E[P_sel(15)] = 0.000138
E[P_sel(16)] = 0.000131
E[P_sel(17)] = 0.000129
E[P_sel(18)] = 0.000118
E[P_sel(19)] = 0.000117

---- Expected D_neut and D_sel (neutral and selected divergence per site) 
E[D_neut] = 0.005982
E[D_sel] = 0.001451

---- Expected neutral and selected misattributed polymorphism per site
E[mis_neut] = 0.005854
E[mis_sel] = 0.001420

---- alpha_div = 1.460501
---- alpha_dfe = 0.000000



