---- Performing inference on Ns25_pa_0.002_boots/Ns25_pa_0.002.88.polyDFE.txt using model B

---- Warning: mutation variability is not used when only one neutral and one selected fragment is available.
---- No mutation variability. Using Poisson likelihood.

---- Using provided initial values


-- Starting local optimization
 it       eps_an        eps_cont      theta_bar      S_d            b             p_b           S_b           r  2          r  3          r  4          r  5          r  6          r  7          r  8          r  9          r 10          r 11          r 12          r 13          r 14          r 15          r 16          r 17          r 18          r 19         ln lk             grad     status
  0      4.50e-06      9.00e-07       0.00100     -400.00000       0.40000       0.02000       4.00000       1.00000       1.00000       1.00000       1.00000       1.00000       1.00000       1.00000       1.00000       1.00000       1.00000       1.00000       1.00000       1.00000       1.00000       1.00000       1.00000       1.00000       1.00000  -228882.8991570870   1610.67966   -2
338      4.51e-06      9.00e-07       0.00940    -1087.04271       0.19435       0.00292      13.37522       0.96583       0.98318       0.92467       0.92696       0.92052       0.90540       0.91014       0.92727       0.93051       0.91057       0.91561       0.89341       0.91436       0.94012       0.91584       0.95680       0.91816       0.98222  -193.3434303217      0.00064   -3
-- Local optimization: stuck in the same solution


---- Best joint likelihood found -193.34343 with gradient 0.00064
-- Model: B
--     eps_an        eps_cont      theta_bar     a        
--    4.51e-06      9.00e-07       0.00940       -1.00000  
--      S_d            b             p_b           S_b      
--  -1087.04271       0.19435       0.00292      13.37522  
--     r  2          r  3          r  4          r  5          r  6          r  7          r  8          r  9          r 10          r 11          r 12          r 13          r 14          r 15          r 16          r 17          r 18          r 19     
--     0.96583       0.98318       0.92467       0.92696       0.92052       0.90540       0.91014       0.92727       0.93051       0.91057       0.91561       0.89341       0.91436       0.94012       0.91584       0.95680       0.91816       0.98222  

---- Expected P_neut(i), 0 < i < n (neutral SFS per site) 
E[P_neut(1)] = 0.009396
E[P_neut(2)] = 0.004538
E[P_neut(3)] = 0.003079
E[P_neut(4)] = 0.002172
E[P_neut(5)] = 0.001742
E[P_neut(6)] = 0.001442
E[P_neut(7)] = 0.001215
E[P_neut(8)] = 0.001069
E[P_neut(9)] = 0.000968
E[P_neut(10)] = 0.000874
E[P_neut(11)] = 0.000778
E[P_neut(12)] = 0.000717
E[P_neut(13)] = 0.000646
E[P_neut(14)] = 0.000614
E[P_neut(15)] = 0.000589
E[P_neut(16)] = 0.000538
E[P_neut(17)] = 0.000529
E[P_neut(18)] = 0.000479
E[P_neut(19)] = 0.000486

---- Expected P_sel(i), 0 < i < n (selected SFS per site) 
E[P_sel(1)] = 0.003697
E[P_sel(2)] = 0.001471
E[P_sel(3)] = 0.000912
E[P_sel(4)] = 0.000608
E[P_sel(5)] = 0.000468
E[P_sel(6)] = 0.000375
E[P_sel(7)] = 0.000308
E[P_sel(8)] = 0.000265
E[P_sel(9)] = 0.000236
E[P_sel(10)] = 0.000210
E[P_sel(11)] = 0.000184
E[P_sel(12)] = 0.000168
E[P_sel(13)] = 0.000150
E[P_sel(14)] = 0.000142
E[P_sel(15)] = 0.000136
E[P_sel(16)] = 0.000124
E[P_sel(17)] = 0.000122
E[P_sel(18)] = 0.000111
E[P_sel(19)] = 0.000114

---- Expected neutral and selected misattributed polymorphism per site
E[mis_neut] = 0.000470
E[mis_sel] = 0.000113

---- alpha_div = 0.333856
---- alpha_dfe = 0.158231



