---- Performing inference on Ns25_pa_0.002_boots/Ns25_pa_0.002.44.polyDFE.txt using model B

---- Warning: mutation variability is not used when only one neutral and one selected fragment is available.
---- No mutation variability. Using Poisson likelihood.

---- Using provided initial values


-- Starting local optimization
 it       eps_an        lambda        theta_bar      S_d            b             r  2          r  3          r  4          r  5          r  6          r  7          r  8          r  9          r 10          r 11          r 12          r 13          r 14          r 15          r 16          r 17          r 18          r 19          r 20         ln lk             grad     status
  0      4.50e-06       0.00500       0.00100     -400.00000       0.40000       1.00000       1.00000       1.00000       1.00000       1.00000       1.00000       1.00000       1.00000       1.00000       1.00000       1.00000       1.00000       1.00000       1.00000       1.00000       1.00000       1.00000       1.00000       1.00000  -246842.7892324420   1824.50398   -2
752      4.34e-06       0.00005       0.00946    -3609.11275       0.14893       0.94552       0.93982       0.89370       0.87440       0.87884       0.85812       0.86405       0.87848       0.86979       0.86581       0.85010       0.88337       0.85811       0.90116       0.84089       0.88724       0.92036       0.95297      12.54128  -401.9173222268      0.01690   -6
-- Local optimization: reached maximum running time allowed


---- Best joint likelihood found -401.91732 with gradient 0.01690
-- Model: B
--     eps_an        eps_cont      lambda        theta_bar     a        
--    4.34e-06      0.00e+00       0.00005       0.00946       -1.00000  
--      S_d            b             p_b           S_b      
--  -3609.11275       0.14893      0.00e+00      0.00e+00  
--     r  2          r  3          r  4          r  5          r  6          r  7          r  8          r  9          r 10          r 11          r 12          r 13          r 14          r 15          r 16          r 17          r 18          r 19          r 20     
--     0.94552       0.93982       0.89370       0.87440       0.87884       0.85812       0.86405       0.87848       0.86979       0.86581       0.85010       0.88337       0.85811       0.90116       0.84089       0.88724       0.92036       0.95297      12.54128  

---- Expected P_neut(i), 0 < i < n (neutral SFS per site) 
E[P_neut(1)] = 0.009462
E[P_neut(2)] = 0.004473
E[P_neut(3)] = 0.002964
E[P_neut(4)] = 0.002114
E[P_neut(5)] = 0.001655
E[P_neut(6)] = 0.001386
E[P_neut(7)] = 0.001160
E[P_neut(8)] = 0.001022
E[P_neut(9)] = 0.000924
E[P_neut(10)] = 0.000823
E[P_neut(11)] = 0.000745
E[P_neut(12)] = 0.000670
E[P_neut(13)] = 0.000643
E[P_neut(14)] = 0.000580
E[P_neut(15)] = 0.000568
E[P_neut(16)] = 0.000497
E[P_neut(17)] = 0.000494
E[P_neut(18)] = 0.000484
E[P_neut(19)] = 0.000475

---- Expected P_sel(i), 0 < i < n (selected SFS per site) 
E[P_sel(1)] = 0.003703
E[P_sel(2)] = 0.001508
E[P_sel(3)] = 0.000932
E[P_sel(4)] = 0.000636
E[P_sel(5)] = 0.000482
E[P_sel(6)] = 0.000393
E[P_sel(7)] = 0.000322
E[P_sel(8)] = 0.000279
E[P_sel(9)] = 0.000248
E[P_sel(10)] = 0.000218
E[P_sel(11)] = 0.000195
E[P_sel(12)] = 0.000174
E[P_sel(13)] = 0.000165
E[P_sel(14)] = 0.000147
E[P_sel(15)] = 0.000143
E[P_sel(16)] = 0.000124
E[P_sel(17)] = 0.000123
E[P_sel(18)] = 0.000119
E[P_sel(19)] = 0.000116

---- Expected D_neut and D_sel (neutral and selected divergence per site) 
E[D_neut] = 0.005984
E[D_sel] = 0.001456

---- Expected neutral and selected misattributed polymorphism per site
E[mis_neut] = 0.005933
E[mis_sel] = 0.001443

---- alpha_div = 1.602263
---- alpha_dfe = 0.000000



