---- Performing inference on Ns25_pa_0.002_boots/Ns25_pa_0.002.36.polyDFE.txt using model B

---- Warning: mutation variability is not used when only one neutral and one selected fragment is available.
---- No mutation variability. Using Poisson likelihood.

---- Using provided initial values


-- Starting local optimization
 it       eps_an        eps_cont      lambda        theta_bar      S_d            b             p_b           S_b           r  2          r  3          r  4          r  5          r  6          r  7          r  8          r  9          r 10          r 11          r 12          r 13          r 14          r 15          r 16          r 17          r 18          r 19          r 20         ln lk             grad     status
  0      4.50e-06      9.00e-07       0.00500       0.00100     -400.00000       0.40000       0.02000       4.00000       1.00000       1.00000       1.00000       1.00000       1.00000       1.00000       1.00000       1.00000       1.00000       1.00000       1.00000       1.00000       1.00000       1.00000       1.00000       1.00000       1.00000       1.00000       1.00000  -231512.2320716149   1647.89401   -2
109      4.50e-06      9.00e-07       0.00511       0.00948    -1293.27600       0.18767       0.00234      37.42970       0.96179       0.96264       0.90049       0.91390       0.90998       0.91483       0.88457       0.93502       0.93452       0.86703       0.86167       0.88638       0.94912       0.93644       0.87543       0.93875       0.88928       0.96496       0.95538  -213.4025103778      1.09327   -3
-- Local optimization: stuck in the same solution


---- Best joint likelihood found -213.40251 with gradient 1.09327
-- Model: B
--     eps_an        eps_cont      lambda        theta_bar     a        
--    4.50e-06      9.00e-07       0.00511       0.00948       -1.00000  
--      S_d            b             p_b           S_b      
--  -1293.27600       0.18767       0.00234      37.42970  
--     r  2          r  3          r  4          r  5          r  6          r  7          r  8          r  9          r 10          r 11          r 12          r 13          r 14          r 15          r 16          r 17          r 18          r 19          r 20     
--     0.96179       0.96264       0.90049       0.91390       0.90998       0.91483       0.88457       0.93502       0.93452       0.86703       0.86167       0.88638       0.94912       0.93644       0.87543       0.93875       0.88928       0.96496       0.95538  

---- Expected P_neut(i), 0 < i < n (neutral SFS per site) 
E[P_neut(1)] = 0.009476
E[P_neut(2)] = 0.004557
E[P_neut(3)] = 0.003041
E[P_neut(4)] = 0.002133
E[P_neut(5)] = 0.001732
E[P_neut(6)] = 0.001437
E[P_neut(7)] = 0.001238
E[P_neut(8)] = 0.001048
E[P_neut(9)] = 0.000984
E[P_neut(10)] = 0.000886
E[P_neut(11)] = 0.000747
E[P_neut(12)] = 0.000680
E[P_neut(13)] = 0.000646
E[P_neut(14)] = 0.000642
E[P_neut(15)] = 0.000592
E[P_neut(16)] = 0.000518
E[P_neut(17)] = 0.000523
E[P_neut(18)] = 0.000468
E[P_neut(19)] = 0.000481

---- Expected P_sel(i), 0 < i < n (selected SFS per site) 
E[P_sel(1)] = 0.003699
E[P_sel(2)] = 0.001475
E[P_sel(3)] = 0.000902
E[P_sel(4)] = 0.000599
E[P_sel(5)] = 0.000467
E[P_sel(6)] = 0.000376
E[P_sel(7)] = 0.000316
E[P_sel(8)] = 0.000262
E[P_sel(9)] = 0.000242
E[P_sel(10)] = 0.000214
E[P_sel(11)] = 0.000178
E[P_sel(12)] = 0.000161
E[P_sel(13)] = 0.000151
E[P_sel(14)] = 0.000149
E[P_sel(15)] = 0.000137
E[P_sel(16)] = 0.000120
E[P_sel(17)] = 0.000122
E[P_sel(18)] = 0.000111
E[P_sel(19)] = 0.000118

---- Expected D_neut and D_sel (neutral and selected divergence per site) 
E[D_neut] = 0.005561
E[D_sel] = 0.001645

---- Expected neutral and selected misattributed polymorphism per site
E[mis_neut] = 0.000453
E[mis_sel] = 0.000119

---- alpha_div = 0.306998
---- alpha_dfe = 0.293723



