---- Performing inference on Ns25_pa_0.002_boots/Ns25_pa_0.002.22.polyDFE.txt using model B

---- Warning: mutation variability is not used when only one neutral and one selected fragment is available.
---- No mutation variability. Using Poisson likelihood.

---- Using provided initial values


-- Starting local optimization
 it       eps_an        theta_bar      S_d            b             r  2          r  3          r  4          r  5          r  6          r  7          r  8          r  9          r 10          r 11          r 12          r 13          r 14          r 15          r 16          r 17          r 18          r 19         ln lk             grad     status
  0      4.50e-06       0.00100     -400.00000       0.40000       1.00000       1.00000       1.00000       1.00000       1.00000       1.00000       1.00000       1.00000       1.00000       1.00000       1.00000       1.00000       1.00000       1.00000       1.00000       1.00000       1.00000       1.00000  -239327.1169150517   1704.63543   -2
163      4.50e-06       0.00952    -1455.15173       0.18094       0.94306       0.94887       0.93368       0.89602       0.90694       0.90784       0.87556       0.89825       0.90599       0.86889       0.89656       0.92126       0.93004       0.88482       0.88627       0.92207       0.92795       1.00664  -197.7512591106      0.00483   -3
-- Local optimization: stuck in the same solution


---- Best joint likelihood found -197.75126 with gradient 0.00483
-- Model: B
--     eps_an        eps_cont      theta_bar     a        
--    4.50e-06      0.00e+00       0.00952       -1.00000  
--      S_d            b             p_b           S_b      
--  -1455.15173       0.18094      0.00e+00      0.00e+00  
--     r  2          r  3          r  4          r  5          r  6          r  7          r  8          r  9          r 10          r 11          r 12          r 13          r 14          r 15          r 16          r 17          r 18          r 19     
--     0.94306       0.94887       0.93368       0.89602       0.90694       0.90784       0.87556       0.89825       0.90599       0.86889       0.89656       0.92126       0.93004       0.88482       0.88627       0.92207       0.92795       1.00664  

---- Expected P_neut(i), 0 < i < n (neutral SFS per site) 
E[P_neut(1)] = 0.009519
E[P_neut(2)] = 0.004488
E[P_neut(3)] = 0.003011
E[P_neut(4)] = 0.002222
E[P_neut(5)] = 0.001706
E[P_neut(6)] = 0.001439
E[P_neut(7)] = 0.001235
E[P_neut(8)] = 0.001042
E[P_neut(9)] = 0.000950
E[P_neut(10)] = 0.000862
E[P_neut(11)] = 0.000752
E[P_neut(12)] = 0.000711
E[P_neut(13)] = 0.000675
E[P_neut(14)] = 0.000632
E[P_neut(15)] = 0.000562
E[P_neut(16)] = 0.000527
E[P_neut(17)] = 0.000516
E[P_neut(18)] = 0.000491
E[P_neut(19)] = 0.000504

---- Expected P_sel(i), 0 < i < n (selected SFS per site) 
E[P_sel(1)] = 0.003723
E[P_sel(2)] = 0.001463
E[P_sel(3)] = 0.000901
E[P_sel(4)] = 0.000630
E[P_sel(5)] = 0.000465
E[P_sel(6)] = 0.000380
E[P_sel(7)] = 0.000318
E[P_sel(8)] = 0.000263
E[P_sel(9)] = 0.000235
E[P_sel(10)] = 0.000210
E[P_sel(11)] = 0.000180
E[P_sel(12)] = 0.000168
E[P_sel(13)] = 0.000158
E[P_sel(14)] = 0.000146
E[P_sel(15)] = 0.000128
E[P_sel(16)] = 0.000119
E[P_sel(17)] = 0.000116
E[P_sel(18)] = 0.000109
E[P_sel(19)] = 0.000111

---- Expected neutral and selected misattributed polymorphism per site
E[mis_neut] = 0.000476
E[mis_sel] = 0.000104

---- alpha_div = 0.308475
---- alpha_dfe = 0.000000



