---- Performing inference on Ns25_pa_0.002_boots/Ns25_pa_0.002.45.polyDFE.txt using model B

---- Warning: mutation variability is not used when only one neutral and one selected fragment is available.
---- No mutation variability. Using Poisson likelihood.

---- Using provided initial values


-- Starting local optimization
 it       eps_an        eps_cont      lambda        theta_bar      S_d            b             p_b           S_b           r  2          r  3          r  4          r  5          r  6          r  7          r  8          r  9          r 10          r 11          r 12          r 13          r 14          r 15          r 16          r 17          r 18          r 19          r 20         ln lk             grad     status
  0      4.50e-06      9.00e-07       0.00500       0.00100     -400.00000       0.40000       0.02000       4.00000       1.00000       1.00000       1.00000       1.00000       1.00000       1.00000       1.00000       1.00000       1.00000       1.00000       1.00000       1.00000       1.00000       1.00000       1.00000       1.00000       1.00000       1.00000       1.00000  -229486.1494681055   1638.99218   -2
162      4.50e-06      9.00e-07       0.00505       0.00938    -1151.21200       0.19125       0.00251      37.42984       0.95690       0.97013       0.91535       0.90788       0.94481       0.89611       0.90767       0.91740       0.92829       0.91523       0.91204       0.88851       0.92123       0.93035       0.88115       0.94453       0.91456       0.90658       0.97198  -209.3466662991      0.07593   -3
-- Local optimization: stuck in the same solution


---- Best joint likelihood found -209.34667 with gradient 0.07593
-- Model: B
--     eps_an        eps_cont      lambda        theta_bar     a        
--    4.50e-06      9.00e-07       0.00505       0.00938       -1.00000  
--      S_d            b             p_b           S_b      
--  -1151.21200       0.19125       0.00251      37.42984  
--     r  2          r  3          r  4          r  5          r  6          r  7          r  8          r  9          r 10          r 11          r 12          r 13          r 14          r 15          r 16          r 17          r 18          r 19          r 20     
--     0.95690       0.97013       0.91535       0.90788       0.94481       0.89611       0.90767       0.91740       0.92829       0.91523       0.91204       0.88851       0.92123       0.93035       0.88115       0.94453       0.91456       0.90658       0.97198  

---- Expected P_neut(i), 0 < i < n (neutral SFS per site) 
E[P_neut(1)] = 0.009379
E[P_neut(2)] = 0.004488
E[P_neut(3)] = 0.003033
E[P_neut(4)] = 0.002146
E[P_neut(5)] = 0.001703
E[P_neut(6)] = 0.001477
E[P_neut(7)] = 0.001201
E[P_neut(8)] = 0.001064
E[P_neut(9)] = 0.000956
E[P_neut(10)] = 0.000871
E[P_neut(11)] = 0.000780
E[P_neut(12)] = 0.000713
E[P_neut(13)] = 0.000641
E[P_neut(14)] = 0.000617
E[P_neut(15)] = 0.000582
E[P_neut(16)] = 0.000517
E[P_neut(17)] = 0.000521
E[P_neut(18)] = 0.000477
E[P_neut(19)] = 0.000448

---- Expected P_sel(i), 0 < i < n (selected SFS per site) 
E[P_sel(1)] = 0.003691
E[P_sel(2)] = 0.001459
E[P_sel(3)] = 0.000902
E[P_sel(4)] = 0.000604
E[P_sel(5)] = 0.000460
E[P_sel(6)] = 0.000387
E[P_sel(7)] = 0.000306
E[P_sel(8)] = 0.000266
E[P_sel(9)] = 0.000235
E[P_sel(10)] = 0.000210
E[P_sel(11)] = 0.000186
E[P_sel(12)] = 0.000168
E[P_sel(13)] = 0.000150
E[P_sel(14)] = 0.000143
E[P_sel(15)] = 0.000135
E[P_sel(16)] = 0.000120
E[P_sel(17)] = 0.000122
E[P_sel(18)] = 0.000113
E[P_sel(19)] = 0.000110

---- Expected D_neut and D_sel (neutral and selected divergence per site) 
E[D_neut] = 0.005508
E[D_sel] = 0.001656

---- Expected neutral and selected misattributed polymorphism per site
E[mis_neut] = 0.000456
E[mis_sel] = 0.000121

---- alpha_div = 0.309540
---- alpha_dfe = 0.308503



