---- Performing inference on Ns25_pa_0.002_boots/Ns25_pa_0.002.0.polyDFE.txt using model B

---- Warning: mutation variability is not used when only one neutral and one selected fragment is available.
---- No mutation variability. Using Poisson likelihood.

---- Using provided initial values


-- Starting local optimization
 it       eps_an        theta_bar      S_d            b             r  2          r  3          r  4          r  5          r  6          r  7          r  8          r  9          r 10          r 11          r 12          r 13          r 14          r 15          r 16          r 17          r 18          r 19         ln lk             grad     status
  0      4.50e-06       0.00100     -400.00000       0.40000       1.00000       1.00000       1.00000       1.00000       1.00000       1.00000       1.00000       1.00000       1.00000       1.00000       1.00000       1.00000       1.00000       1.00000       1.00000       1.00000       1.00000       1.00000  -237524.9751299596   1698.20563   -2
157      4.50e-06       0.00929    -1116.64585       0.18795       0.97263       0.97809       0.91689       0.88923       0.93016       0.93074       0.90372       0.92322       0.93757       0.87339       0.91634       0.93806       0.93784       0.94607       0.93410       0.94288       0.94517       0.96648  -193.0983892176      0.00079   -3
-- Local optimization: stuck in the same solution


---- Best joint likelihood found -193.09839 with gradient 0.00079
-- Model: B
--     eps_an        eps_cont      theta_bar     a        
--    4.50e-06      0.00e+00       0.00929       -1.00000  
--      S_d            b             p_b           S_b      
--  -1116.64585       0.18795      0.00e+00      0.00e+00  
--     r  2          r  3          r  4          r  5          r  6          r  7          r  8          r  9          r 10          r 11          r 12          r 13          r 14          r 15          r 16          r 17          r 18          r 19     
--     0.97263       0.97809       0.91689       0.88923       0.93016       0.93074       0.90372       0.92322       0.93757       0.87339       0.91634       0.93806       0.93784       0.94607       0.93410       0.94288       0.94517       0.96648  

---- Expected P_neut(i), 0 < i < n (neutral SFS per site) 
E[P_neut(1)] = 0.009292
E[P_neut(2)] = 0.004519
E[P_neut(3)] = 0.003029
E[P_neut(4)] = 0.002130
E[P_neut(5)] = 0.001652
E[P_neut(6)] = 0.001440
E[P_neut(7)] = 0.001235
E[P_neut(8)] = 0.001050
E[P_neut(9)] = 0.000953
E[P_neut(10)] = 0.000871
E[P_neut(11)] = 0.000738
E[P_neut(12)] = 0.000710
E[P_neut(13)] = 0.000670
E[P_neut(14)] = 0.000622
E[P_neut(15)] = 0.000586
E[P_neut(16)] = 0.000542
E[P_neut(17)] = 0.000515
E[P_neut(18)] = 0.000488
E[P_neut(19)] = 0.000473

---- Expected P_sel(i), 0 < i < n (selected SFS per site) 
E[P_sel(1)] = 0.003708
E[P_sel(2)] = 0.001492
E[P_sel(3)] = 0.000916
E[P_sel(4)] = 0.000609
E[P_sel(5)] = 0.000453
E[P_sel(6)] = 0.000383
E[P_sel(7)] = 0.000320
E[P_sel(8)] = 0.000265
E[P_sel(9)] = 0.000236
E[P_sel(10)] = 0.000212
E[P_sel(11)] = 0.000177
E[P_sel(12)] = 0.000168
E[P_sel(13)] = 0.000157
E[P_sel(14)] = 0.000144
E[P_sel(15)] = 0.000134
E[P_sel(16)] = 0.000123
E[P_sel(17)] = 0.000116
E[P_sel(18)] = 0.000108
E[P_sel(19)] = 0.000104

---- Expected neutral and selected misattributed polymorphism per site
E[mis_neut] = 0.000465
E[mis_sel] = 0.000102

---- alpha_div = 0.303815
---- alpha_dfe = 0.000000



