---- Performing inference on Ns25_pa_0.002_boots/Ns25_pa_0.002.49.polyDFE.txt using model B

---- Warning: mutation variability is not used when only one neutral and one selected fragment is available.
---- No mutation variability. Using Poisson likelihood.

---- Using provided initial values


-- Starting local optimization
 it       eps_an        eps_cont      lambda        theta_bar      S_d            b             p_b           S_b           r  2          r  3          r  4          r  5          r  6          r  7          r  8          r  9          r 10          r 11          r 12          r 13          r 14          r 15          r 16          r 17          r 18          r 19          r 20         ln lk             grad     status
  0      4.50e-06      9.00e-07       0.00500       0.00100     -400.00000       0.40000       0.02000       4.00000       1.00000       1.00000       1.00000       1.00000       1.00000       1.00000       1.00000       1.00000       1.00000       1.00000       1.00000       1.00000       1.00000       1.00000       1.00000       1.00000       1.00000       1.00000       1.00000  -230817.9292002111   1643.56428   -2
393      4.50e-06      9.00e-07       0.00503       0.00941    -1020.24911       0.19889       0.00295      34.48306       0.97352       0.98120       0.93019       0.92517       0.92312       0.89442       0.90962       0.93999       0.93698       0.90361       0.91291       0.88717       0.95057       0.97053       0.87498       0.98343       0.93781       0.91514       0.92553  -203.9374522740      0.00137   -3
-- Local optimization: stuck in the same solution


---- Best joint likelihood found -203.93745 with gradient 0.00137
-- Model: B
--     eps_an        eps_cont      lambda        theta_bar     a        
--    4.50e-06      9.00e-07       0.00503       0.00941       -1.00000  
--      S_d            b             p_b           S_b      
--  -1020.24911       0.19889       0.00295      34.48306  
--     r  2          r  3          r  4          r  5          r  6          r  7          r  8          r  9          r 10          r 11          r 12          r 13          r 14          r 15          r 16          r 17          r 18          r 19          r 20     
--     0.97352       0.98120       0.93019       0.92517       0.92312       0.89442       0.90962       0.93999       0.93698       0.90361       0.91291       0.88717       0.95057       0.97053       0.87498       0.98343       0.93781       0.91514       0.92553  

---- Expected P_neut(i), 0 < i < n (neutral SFS per site) 
E[P_neut(1)] = 0.009406
E[P_neut(2)] = 0.004579
E[P_neut(3)] = 0.003076
E[P_neut(4)] = 0.002187
E[P_neut(5)] = 0.001740
E[P_neut(6)] = 0.001447
E[P_neut(7)] = 0.001202
E[P_neut(8)] = 0.001069
E[P_neut(9)] = 0.000982
E[P_neut(10)] = 0.000881
E[P_neut(11)] = 0.000773
E[P_neut(12)] = 0.000716
E[P_neut(13)] = 0.000642
E[P_neut(14)] = 0.000639
E[P_neut(15)] = 0.000609
E[P_neut(16)] = 0.000514
E[P_neut(17)] = 0.000544
E[P_neut(18)] = 0.000490
E[P_neut(19)] = 0.000453

---- Expected P_sel(i), 0 < i < n (selected SFS per site) 
E[P_sel(1)] = 0.003684
E[P_sel(2)] = 0.001471
E[P_sel(3)] = 0.000901
E[P_sel(4)] = 0.000604
E[P_sel(5)] = 0.000461
E[P_sel(6)] = 0.000371
E[P_sel(7)] = 0.000300
E[P_sel(8)] = 0.000262
E[P_sel(9)] = 0.000236
E[P_sel(10)] = 0.000208
E[P_sel(11)] = 0.000180
E[P_sel(12)] = 0.000165
E[P_sel(13)] = 0.000147
E[P_sel(14)] = 0.000145
E[P_sel(15)] = 0.000138
E[P_sel(16)] = 0.000117
E[P_sel(17)] = 0.000125
E[P_sel(18)] = 0.000115
E[P_sel(19)] = 0.000111

---- Expected D_neut and D_sel (neutral and selected divergence per site) 
E[D_neut] = 0.005460
E[D_sel] = 0.001650

---- Expected neutral and selected misattributed polymorphism per site
E[mis_neut] = 0.000435
E[mis_sel] = 0.000115

---- alpha_div = 0.332314
---- alpha_dfe = 0.333006



