---- Performing inference on Ns25_pa_0.002_boots/Ns25_pa_0.002.59.polyDFE.txt using model B

---- Warning: mutation variability is not used when only one neutral and one selected fragment is available.
---- No mutation variability. Using Poisson likelihood.

---- Using provided initial values


-- Starting local optimization
 it       eps_an        lambda        theta_bar      S_d            b             r  2          r  3          r  4          r  5          r  6          r  7          r  8          r  9          r 10          r 11          r 12          r 13          r 14          r 15          r 16          r 17          r 18          r 19          r 20         ln lk             grad     status
  0      4.50e-06       0.00500       0.00100     -400.00000       0.40000       1.00000       1.00000       1.00000       1.00000       1.00000       1.00000       1.00000       1.00000       1.00000       1.00000       1.00000       1.00000       1.00000       1.00000       1.00000       1.00000       1.00000       1.00000       1.00000  -247410.6238480650   1824.98560   -2
742      4.48e-06       0.00004       0.00955    -5651.88451       0.14165       0.94644       0.93697       0.89511       0.88856       0.89674       0.86516       0.86072       0.86694       0.87788       0.85768       0.87566       0.89622       0.85428       0.86409       0.83773       0.90423       0.86734       0.90463      12.46884  -417.4307591645      0.00107   -6
-- Local optimization: reached maximum running time allowed


---- Best joint likelihood found -417.43076 with gradient 0.00107
-- Model: B
--     eps_an        eps_cont      lambda        theta_bar     a        
--    4.48e-06      0.00e+00       0.00004       0.00955       -1.00000  
--      S_d            b             p_b           S_b      
--  -5651.88451       0.14165      0.00e+00      0.00e+00  
--     r  2          r  3          r  4          r  5          r  6          r  7          r  8          r  9          r 10          r 11          r 12          r 13          r 14          r 15          r 16          r 17          r 18          r 19          r 20     
--     0.94644       0.93697       0.89511       0.88856       0.89674       0.86516       0.86072       0.86694       0.87788       0.85768       0.87566       0.89622       0.85428       0.86409       0.83773       0.90423       0.86734       0.90463      12.46884  

---- Expected P_neut(i), 0 < i < n (neutral SFS per site) 
E[P_neut(1)] = 0.009553
E[P_neut(2)] = 0.004521
E[P_neut(3)] = 0.002984
E[P_neut(4)] = 0.002138
E[P_neut(5)] = 0.001698
E[P_neut(6)] = 0.001428
E[P_neut(7)] = 0.001181
E[P_neut(8)] = 0.001028
E[P_neut(9)] = 0.000920
E[P_neut(10)] = 0.000839
E[P_neut(11)] = 0.000745
E[P_neut(12)] = 0.000697
E[P_neut(13)] = 0.000659
E[P_neut(14)] = 0.000583
E[P_neut(15)] = 0.000550
E[P_neut(16)] = 0.000500
E[P_neut(17)] = 0.000508
E[P_neut(18)] = 0.000460
E[P_neut(19)] = 0.000455

---- Expected P_sel(i), 0 < i < n (selected SFS per site) 
E[P_sel(1)] = 0.003646
E[P_sel(2)] = 0.001497
E[P_sel(3)] = 0.000925
E[P_sel(4)] = 0.000635
E[P_sel(5)] = 0.000489
E[P_sel(6)] = 0.000402
E[P_sel(7)] = 0.000326
E[P_sel(8)] = 0.000279
E[P_sel(9)] = 0.000246
E[P_sel(10)] = 0.000221
E[P_sel(11)] = 0.000194
E[P_sel(12)] = 0.000180
E[P_sel(13)] = 0.000168
E[P_sel(14)] = 0.000148
E[P_sel(15)] = 0.000138
E[P_sel(16)] = 0.000125
E[P_sel(17)] = 0.000126
E[P_sel(18)] = 0.000113
E[P_sel(19)] = 0.000111

---- Expected D_neut and D_sel (neutral and selected divergence per site) 
E[D_neut] = 0.005992
E[D_sel] = 0.001455

---- Expected neutral and selected misattributed polymorphism per site
E[mis_neut] = 0.005956
E[mis_sel] = 0.001447

---- alpha_div = 1.640075
---- alpha_dfe = 0.000000



