---- Performing inference on Ns25_pa_0.002_boots/Ns25_pa_0.002.35.polyDFE.txt using model B

---- Warning: mutation variability is not used when only one neutral and one selected fragment is available.
---- No mutation variability. Using Poisson likelihood.

---- Using provided initial values


-- Starting local optimization
 it       eps_an        lambda        theta_bar      S_d            b             r  2          r  3          r  4          r  5          r  6          r  7          r  8          r  9          r 10          r 11          r 12          r 13          r 14          r 15          r 16          r 17          r 18          r 19          r 20         ln lk             grad     status
  0      4.50e-06       0.00500       0.00100     -400.00000       0.40000       1.00000       1.00000       1.00000       1.00000       1.00000       1.00000       1.00000       1.00000       1.00000       1.00000       1.00000       1.00000       1.00000       1.00000       1.00000       1.00000       1.00000       1.00000       1.00000  -247964.6024657285   1828.98296   -2
497      4.46e-06       0.00019       0.00957    -6510.02689       0.13840       0.95831       0.92046       0.88320       0.86122       0.86566       0.85228       0.86662       0.90276       0.90361       0.85551       0.86961       0.83317       0.87911       0.89922       0.84373       0.91459       0.87493       0.90266      12.04870  -418.8661771366      0.01146   -3
-- Local optimization: stuck in the same solution


---- Best joint likelihood found -418.86618 with gradient 0.01146
-- Model: B
--     eps_an        eps_cont      lambda        theta_bar     a        
--    4.46e-06      0.00e+00       0.00019       0.00957       -1.00000  
--      S_d            b             p_b           S_b      
--  -6510.02689       0.13840      0.00e+00      0.00e+00  
--     r  2          r  3          r  4          r  5          r  6          r  7          r  8          r  9          r 10          r 11          r 12          r 13          r 14          r 15          r 16          r 17          r 18          r 19          r 20     
--     0.95831       0.92046       0.88320       0.86122       0.86566       0.85228       0.86662       0.90276       0.90361       0.85551       0.86961       0.83317       0.87911       0.89922       0.84373       0.91459       0.87493       0.90266      12.04870  

---- Expected P_neut(i), 0 < i < n (neutral SFS per site) 
E[P_neut(1)] = 0.009569
E[P_neut(2)] = 0.004585
E[P_neut(3)] = 0.002936
E[P_neut(4)] = 0.002113
E[P_neut(5)] = 0.001648
E[P_neut(6)] = 0.001381
E[P_neut(7)] = 0.001165
E[P_neut(8)] = 0.001037
E[P_neut(9)] = 0.000960
E[P_neut(10)] = 0.000865
E[P_neut(11)] = 0.000744
E[P_neut(12)] = 0.000693
E[P_neut(13)] = 0.000613
E[P_neut(14)] = 0.000601
E[P_neut(15)] = 0.000574
E[P_neut(16)] = 0.000505
E[P_neut(17)] = 0.000515
E[P_neut(18)] = 0.000465
E[P_neut(19)] = 0.000455

---- Expected P_sel(i), 0 < i < n (selected SFS per site) 
E[P_sel(1)] = 0.003649
E[P_sel(2)] = 0.001522
E[P_sel(3)] = 0.000914
E[P_sel(4)] = 0.000631
E[P_sel(5)] = 0.000478
E[P_sel(6)] = 0.000391
E[P_sel(7)] = 0.000324
E[P_sel(8)] = 0.000283
E[P_sel(9)] = 0.000258
E[P_sel(10)] = 0.000230
E[P_sel(11)] = 0.000196
E[P_sel(12)] = 0.000180
E[P_sel(13)] = 0.000158
E[P_sel(14)] = 0.000154
E[P_sel(15)] = 0.000145
E[P_sel(16)] = 0.000127
E[P_sel(17)] = 0.000129
E[P_sel(18)] = 0.000115
E[P_sel(19)] = 0.000112

---- Expected D_neut and D_sel (neutral and selected divergence per site) 
E[D_neut] = 0.005959
E[D_sel] = 0.001462

---- Expected neutral and selected misattributed polymorphism per site
E[mis_neut] = 0.005765
E[mis_sel] = 0.001414

---- alpha_div = 1.352015
---- alpha_dfe = 0.000000



