---- Performing inference on Ns25_pa_0.002_boots/Ns25_pa_0.002.44.polyDFE.txt using model B

---- Warning: mutation variability is not used when only one neutral and one selected fragment is available.
---- No mutation variability. Using Poisson likelihood.

---- Using provided initial values


-- Starting local optimization
 it       eps_an        eps_cont      theta_bar      S_d            b             p_b           S_b           r  2          r  3          r  4          r  5          r  6          r  7          r  8          r  9          r 10          r 11          r 12          r 13          r 14          r 15          r 16          r 17          r 18          r 19         ln lk             grad     status
  0      4.50e-06      9.00e-07       0.00100     -400.00000       0.40000       0.02000       4.00000       1.00000       1.00000       1.00000       1.00000       1.00000       1.00000       1.00000       1.00000       1.00000       1.00000       1.00000       1.00000       1.00000       1.00000       1.00000       1.00000       1.00000       1.00000  -228771.7924554267   1611.42634   -2
634      4.52e-06      8.99e-07       0.00928     -769.95387       0.20378       0.00142      26.05694       0.97287       0.97869       0.93721       0.92121       0.92903       0.90950       0.91764       0.93452       0.92634       0.92299       0.90676       0.94250       0.91545       0.96072       0.89519       0.94206       0.97291       0.99971  -205.4481044232      0.00458   -3
-- Local optimization: stuck in the same solution


---- Best joint likelihood found -205.44810 with gradient 0.00458
-- Model: B
--     eps_an        eps_cont      theta_bar     a        
--    4.52e-06      8.99e-07       0.00928       -1.00000  
--      S_d            b             p_b           S_b      
--   -769.95387       0.20378       0.00142      26.05694  
--     r  2          r  3          r  4          r  5          r  6          r  7          r  8          r  9          r 10          r 11          r 12          r 13          r 14          r 15          r 16          r 17          r 18          r 19     
--     0.97287       0.97869       0.93721       0.92121       0.92903       0.90950       0.91764       0.93452       0.92634       0.92299       0.90676       0.94250       0.91545       0.96072       0.89519       0.94206       0.97291       0.99971  

---- Expected P_neut(i), 0 < i < n (neutral SFS per site) 
E[P_neut(1)] = 0.009279
E[P_neut(2)] = 0.004514
E[P_neut(3)] = 0.003027
E[P_neut(4)] = 0.002174
E[P_neut(5)] = 0.001710
E[P_neut(6)] = 0.001437
E[P_neut(7)] = 0.001206
E[P_neut(8)] = 0.001064
E[P_neut(9)] = 0.000964
E[P_neut(10)] = 0.000860
E[P_neut(11)] = 0.000779
E[P_neut(12)] = 0.000701
E[P_neut(13)] = 0.000673
E[P_neut(14)] = 0.000607
E[P_neut(15)] = 0.000594
E[P_neut(16)] = 0.000519
E[P_neut(17)] = 0.000514
E[P_neut(18)] = 0.000502
E[P_neut(19)] = 0.000488

---- Expected P_sel(i), 0 < i < n (selected SFS per site) 
E[P_sel(1)] = 0.003764
E[P_sel(2)] = 0.001494
E[P_sel(3)] = 0.000911
E[P_sel(4)] = 0.000616
E[P_sel(5)] = 0.000463
E[P_sel(6)] = 0.000376
E[P_sel(7)] = 0.000307
E[P_sel(8)] = 0.000265
E[P_sel(9)] = 0.000235
E[P_sel(10)] = 0.000206
E[P_sel(11)] = 0.000184
E[P_sel(12)] = 0.000163
E[P_sel(13)] = 0.000155
E[P_sel(14)] = 0.000139
E[P_sel(15)] = 0.000135
E[P_sel(16)] = 0.000117
E[P_sel(17)] = 0.000116
E[P_sel(18)] = 0.000113
E[P_sel(19)] = 0.000112

---- Expected neutral and selected misattributed polymorphism per site
E[mis_neut] = 0.000464
E[mis_sel] = 0.000109

---- alpha_div = 0.300058
---- alpha_dfe = 0.150389



