---- Performing inference on Ns25_pa_0.002_boots/Ns25_pa_0.002.79.polyDFE.txt using model B

---- Warning: mutation variability is not used when only one neutral and one selected fragment is available.
---- No mutation variability. Using Poisson likelihood.

---- Using provided initial values


-- Starting local optimization
 it       eps_an        eps_cont      lambda        theta_bar      S_d            b             p_b           S_b           r  2          r  3          r  4          r  5          r  6          r  7          r  8          r  9          r 10          r 11          r 12          r 13          r 14          r 15          r 16          r 17          r 18          r 19          r 20         ln lk             grad     status
  0      4.50e-06      9.00e-07       0.00500       0.00100     -400.00000       0.40000       0.02000       4.00000       1.00000       1.00000       1.00000       1.00000       1.00000       1.00000       1.00000       1.00000       1.00000       1.00000       1.00000       1.00000       1.00000       1.00000       1.00000       1.00000       1.00000       1.00000       1.00000  -230981.2339422023   1645.52846   -2
407      4.50e-06      9.00e-07       0.00504       0.00938    -1142.49979       0.19292       0.00321      28.27901       0.98655       0.96417       0.93881       0.91229       0.92038       0.90991       0.92496       0.93384       0.91676       0.88659       0.91183       0.88697       0.94204       0.93911       0.91090       0.92353       0.94940       0.90623       0.90997  -203.4726917229      0.00109   -3
-- Local optimization: stuck in the same solution


---- Best joint likelihood found -203.47269 with gradient 0.00109
-- Model: B
--     eps_an        eps_cont      lambda        theta_bar     a        
--    4.50e-06      9.00e-07       0.00504       0.00938       -1.00000  
--      S_d            b             p_b           S_b      
--  -1142.49979       0.19292       0.00321      28.27901  
--     r  2          r  3          r  4          r  5          r  6          r  7          r  8          r  9          r 10          r 11          r 12          r 13          r 14          r 15          r 16          r 17          r 18          r 19          r 20     
--     0.98655       0.96417       0.93881       0.91229       0.92038       0.90991       0.92496       0.93384       0.91676       0.88659       0.91183       0.88697       0.94204       0.93911       0.91090       0.92353       0.94940       0.90623       0.90997  

---- Expected P_neut(i), 0 < i < n (neutral SFS per site) 
E[P_neut(1)] = 0.009380
E[P_neut(2)] = 0.004627
E[P_neut(3)] = 0.003015
E[P_neut(4)] = 0.002201
E[P_neut(5)] = 0.001711
E[P_neut(6)] = 0.001439
E[P_neut(7)] = 0.001219
E[P_neut(8)] = 0.001085
E[P_neut(9)] = 0.000973
E[P_neut(10)] = 0.000860
E[P_neut(11)] = 0.000756
E[P_neut(12)] = 0.000713
E[P_neut(13)] = 0.000640
E[P_neut(14)] = 0.000631
E[P_neut(15)] = 0.000587
E[P_neut(16)] = 0.000534
E[P_neut(17)] = 0.000510
E[P_neut(18)] = 0.000495
E[P_neut(19)] = 0.000447

---- Expected P_sel(i), 0 < i < n (selected SFS per site) 
E[P_sel(1)] = 0.003678
E[P_sel(2)] = 0.001497
E[P_sel(3)] = 0.000892
E[P_sel(4)] = 0.000616
E[P_sel(5)] = 0.000460
E[P_sel(6)] = 0.000375
E[P_sel(7)] = 0.000309
E[P_sel(8)] = 0.000270
E[P_sel(9)] = 0.000238
E[P_sel(10)] = 0.000207
E[P_sel(11)] = 0.000180
E[P_sel(12)] = 0.000168
E[P_sel(13)] = 0.000149
E[P_sel(14)] = 0.000147
E[P_sel(15)] = 0.000136
E[P_sel(16)] = 0.000124
E[P_sel(17)] = 0.000120
E[P_sel(18)] = 0.000119
E[P_sel(19)] = 0.000112

---- Expected D_neut and D_sel (neutral and selected divergence per site) 
E[D_neut] = 0.005469
E[D_sel] = 0.001620

---- Expected neutral and selected misattributed polymorphism per site
E[mis_neut] = 0.000427
E[mis_sel] = 0.000114

---- alpha_div = 0.304143
---- alpha_dfe = 0.304129



