---- Performing inference on Ns25_pa_0.002_boots/Ns25_pa_0.002.77.polyDFE.txt using model B

---- Warning: mutation variability is not used when only one neutral and one selected fragment is available.
---- No mutation variability. Using Poisson likelihood.

---- Using provided initial values


-- Starting local optimization
 it       eps_an        theta_bar      S_d            b             r  2          r  3          r  4          r  5          r  6          r  7          r  8          r  9          r 10          r 11          r 12          r 13          r 14          r 15          r 16          r 17          r 18          r 19         ln lk             grad     status
  0      4.50e-06       0.00100     -400.00000       0.40000       1.00000       1.00000       1.00000       1.00000       1.00000       1.00000       1.00000       1.00000       1.00000       1.00000       1.00000       1.00000       1.00000       1.00000       1.00000       1.00000       1.00000       1.00000  -238867.1059377152   1702.17825   -2
143      4.50e-06       0.00942    -1156.19968       0.18896       0.96145       0.95802       0.92791       0.90443       0.91152       0.92573       0.91270       0.90095       0.90946       0.87663       0.96426       0.90916       0.89307       0.95691       0.89671       0.96548       0.94613       1.01515  -202.6423774458      0.00055   -3
-- Local optimization: stuck in the same solution


---- Best joint likelihood found -202.64238 with gradient 0.00055
-- Model: B
--     eps_an        eps_cont      theta_bar     a        
--    4.50e-06      0.00e+00       0.00942       -1.00000  
--      S_d            b             p_b           S_b      
--  -1156.19968       0.18896      0.00e+00      0.00e+00  
--     r  2          r  3          r  4          r  5          r  6          r  7          r  8          r  9          r 10          r 11          r 12          r 13          r 14          r 15          r 16          r 17          r 18          r 19     
--     0.96145       0.95802       0.92791       0.90443       0.91152       0.92573       0.91270       0.90095       0.90946       0.87663       0.96426       0.90916       0.89307       0.95691       0.89671       0.96548       0.94613       1.01515  

---- Expected P_neut(i), 0 < i < n (neutral SFS per site) 
E[P_neut(1)] = 0.009420
E[P_neut(2)] = 0.004529
E[P_neut(3)] = 0.003008
E[P_neut(4)] = 0.002185
E[P_neut(5)] = 0.001704
E[P_neut(6)] = 0.001431
E[P_neut(7)] = 0.001246
E[P_neut(8)] = 0.001075
E[P_neut(9)] = 0.000943
E[P_neut(10)] = 0.000857
E[P_neut(11)] = 0.000751
E[P_neut(12)] = 0.000757
E[P_neut(13)] = 0.000659
E[P_neut(14)] = 0.000601
E[P_neut(15)] = 0.000601
E[P_neut(16)] = 0.000528
E[P_neut(17)] = 0.000535
E[P_neut(18)] = 0.000495
E[P_neut(19)] = 0.000503

---- Expected P_sel(i), 0 < i < n (selected SFS per site) 
E[P_sel(1)] = 0.003721
E[P_sel(2)] = 0.001478
E[P_sel(3)] = 0.000899
E[P_sel(4)] = 0.000617
E[P_sel(5)] = 0.000461
E[P_sel(6)] = 0.000375
E[P_sel(7)] = 0.000318
E[P_sel(8)] = 0.000268
E[P_sel(9)] = 0.000231
E[P_sel(10)] = 0.000206
E[P_sel(11)] = 0.000178
E[P_sel(12)] = 0.000177
E[P_sel(13)] = 0.000152
E[P_sel(14)] = 0.000137
E[P_sel(15)] = 0.000136
E[P_sel(16)] = 0.000118
E[P_sel(17)] = 0.000118
E[P_sel(18)] = 0.000109
E[P_sel(19)] = 0.000109

---- Expected neutral and selected misattributed polymorphism per site
E[mis_neut] = 0.000471
E[mis_sel] = 0.000102

---- alpha_div = 0.301510
---- alpha_dfe = 0.000000



