---- Performing inference on Ns25_pa_0.002_boots/Ns25_pa_0.002.93.polyDFE.txt using model B

---- Warning: mutation variability is not used when only one neutral and one selected fragment is available.
---- No mutation variability. Using Poisson likelihood.

---- Using provided initial values


-- Starting local optimization
 it       eps_an        eps_cont      theta_bar      S_d            b             p_b           S_b           r  2          r  3          r  4          r  5          r  6          r  7          r  8          r  9          r 10          r 11          r 12          r 13          r 14          r 15          r 16          r 17          r 18          r 19         ln lk             grad     status
  0      4.50e-06      9.00e-07       0.00100     -400.00000       0.40000       0.02000       4.00000       1.00000       1.00000       1.00000       1.00000       1.00000       1.00000       1.00000       1.00000       1.00000       1.00000       1.00000       1.00000       1.00000       1.00000       1.00000       1.00000       1.00000       1.00000  -226094.8683690682   1596.06387   -2
597      4.54e-06      9.00e-07       0.00932     -817.50402       0.20636       0.00212      37.42318       0.97062       0.97838       0.94427       0.91715       0.93114       0.93354       0.90429       0.95119       0.93374       0.86006       0.93106       0.91006       0.93362       0.95418       0.92987       0.95659       0.93127       0.93924  -198.7149961777      0.00284   -3
-- Local optimization: stuck in the same solution


---- Best joint likelihood found -198.71500 with gradient 0.00284
-- Model: B
--     eps_an        eps_cont      theta_bar     a        
--    4.54e-06      9.00e-07       0.00932       -1.00000  
--      S_d            b             p_b           S_b      
--   -817.50402       0.20636       0.00212      37.42318  
--     r  2          r  3          r  4          r  5          r  6          r  7          r  8          r  9          r 10          r 11          r 12          r 13          r 14          r 15          r 16          r 17          r 18          r 19     
--     0.97062       0.97838       0.94427       0.91715       0.93114       0.93354       0.90429       0.95119       0.93374       0.86006       0.93106       0.91006       0.93362       0.95418       0.92987       0.95659       0.93127       0.93924  

---- Expected P_neut(i), 0 < i < n (neutral SFS per site) 
E[P_neut(1)] = 0.009317
E[P_neut(2)] = 0.004522
E[P_neut(3)] = 0.003039
E[P_neut(4)] = 0.002200
E[P_neut(5)] = 0.001709
E[P_neut(6)] = 0.001446
E[P_neut(7)] = 0.001243
E[P_neut(8)] = 0.001053
E[P_neut(9)] = 0.000985
E[P_neut(10)] = 0.000870
E[P_neut(11)] = 0.000729
E[P_neut(12)] = 0.000723
E[P_neut(13)] = 0.000652
E[P_neut(14)] = 0.000621
E[P_neut(15)] = 0.000593
E[P_neut(16)] = 0.000542
E[P_neut(17)] = 0.000524
E[P_neut(18)] = 0.000482
E[P_neut(19)] = 0.000461

---- Expected P_sel(i), 0 < i < n (selected SFS per site) 
E[P_sel(1)] = 0.003707
E[P_sel(2)] = 0.001464
E[P_sel(3)] = 0.000894
E[P_sel(4)] = 0.000609
E[P_sel(5)] = 0.000453
E[P_sel(6)] = 0.000370
E[P_sel(7)] = 0.000309
E[P_sel(8)] = 0.000256
E[P_sel(9)] = 0.000235
E[P_sel(10)] = 0.000204
E[P_sel(11)] = 0.000168
E[P_sel(12)] = 0.000165
E[P_sel(13)] = 0.000147
E[P_sel(14)] = 0.000139
E[P_sel(15)] = 0.000132
E[P_sel(16)] = 0.000121
E[P_sel(17)] = 0.000117
E[P_sel(18)] = 0.000109
E[P_sel(19)] = 0.000108

---- Expected neutral and selected misattributed polymorphism per site
E[mis_neut] = 0.000466
E[mis_sel] = 0.000116

---- alpha_div = 0.334426
---- alpha_dfe = 0.281152



