---- Performing inference on Ns25_pa_0.002_boots/Ns25_pa_0.002.60.polyDFE.txt using model B

---- Warning: mutation variability is not used when only one neutral and one selected fragment is available.
---- No mutation variability. Using Poisson likelihood.

---- Using provided initial values


-- Starting local optimization
 it       eps_an        lambda        theta_bar      S_d            b             r  2          r  3          r  4          r  5          r  6          r  7          r  8          r  9          r 10          r 11          r 12          r 13          r 14          r 15          r 16          r 17          r 18          r 19          r 20         ln lk             grad     status
  0      4.50e-06       0.00500       0.00100     -400.00000       0.40000       1.00000       1.00000       1.00000       1.00000       1.00000       1.00000       1.00000       1.00000       1.00000       1.00000       1.00000       1.00000       1.00000       1.00000       1.00000       1.00000       1.00000       1.00000       1.00000  -247155.3487939420   1826.47695   -2
731      4.35e-06       0.00003       0.00957    -6503.62699       0.13791       0.95485       0.91549       0.86091       0.86962       0.86784       0.87294       0.85021       0.87370       0.86643       0.81848       0.87217       0.84225       0.86117       0.88285       0.85570       0.91434       0.89375       0.91625      12.52208  -447.9650307479      0.00232   -6
-- Local optimization: reached maximum running time allowed


---- Best joint likelihood found -447.96503 with gradient 0.00232
-- Model: B
--     eps_an        eps_cont      lambda        theta_bar     a        
--    4.35e-06      0.00e+00       0.00003       0.00957       -1.00000  
--      S_d            b             p_b           S_b      
--  -6503.62699       0.13791      0.00e+00      0.00e+00  
--     r  2          r  3          r  4          r  5          r  6          r  7          r  8          r  9          r 10          r 11          r 12          r 13          r 14          r 15          r 16          r 17          r 18          r 19          r 20     
--     0.95485       0.91549       0.86091       0.86962       0.86784       0.87294       0.85021       0.87370       0.86643       0.81848       0.87217       0.84225       0.86117       0.88285       0.85570       0.91434       0.89375       0.91625      12.52208  

---- Expected P_neut(i), 0 < i < n (neutral SFS per site) 
E[P_neut(1)] = 0.009566
E[P_neut(2)] = 0.004567
E[P_neut(3)] = 0.002919
E[P_neut(4)] = 0.002059
E[P_neut(5)] = 0.001664
E[P_neut(6)] = 0.001384
E[P_neut(7)] = 0.001193
E[P_neut(8)] = 0.001017
E[P_neut(9)] = 0.000929
E[P_neut(10)] = 0.000829
E[P_neut(11)] = 0.000712
E[P_neut(12)] = 0.000695
E[P_neut(13)] = 0.000620
E[P_neut(14)] = 0.000588
E[P_neut(15)] = 0.000563
E[P_neut(16)] = 0.000512
E[P_neut(17)] = 0.000514
E[P_neut(18)] = 0.000475
E[P_neut(19)] = 0.000461

---- Expected P_sel(i), 0 < i < n (selected SFS per site) 
E[P_sel(1)] = 0.003659
E[P_sel(2)] = 0.001522
E[P_sel(3)] = 0.000912
E[P_sel(4)] = 0.000617
E[P_sel(5)] = 0.000484
E[P_sel(6)] = 0.000393
E[P_sel(7)] = 0.000333
E[P_sel(8)] = 0.000279
E[P_sel(9)] = 0.000251
E[P_sel(10)] = 0.000221
E[P_sel(11)] = 0.000188
E[P_sel(12)] = 0.000182
E[P_sel(13)] = 0.000160
E[P_sel(14)] = 0.000151
E[P_sel(15)] = 0.000143
E[P_sel(16)] = 0.000129
E[P_sel(17)] = 0.000129
E[P_sel(18)] = 0.000118
E[P_sel(19)] = 0.000114

---- Expected D_neut and D_sel (neutral and selected divergence per site) 
E[D_neut] = 0.006020
E[D_sel] = 0.001483

---- Expected neutral and selected misattributed polymorphism per site
E[mis_neut] = 0.005989
E[mis_sel] = 0.001476

---- alpha_div = 1.666580
---- alpha_dfe = 0.000000



