---- Performing inference on Ns25_pa_0.002_boots/Ns25_pa_0.002.49.polyDFE.txt using model B

---- Warning: mutation variability is not used when only one neutral and one selected fragment is available.
---- No mutation variability. Using Poisson likelihood.

---- Using provided initial values


-- Starting local optimization
 it       eps_an        lambda        theta_bar      S_d            b             r  2          r  3          r  4          r  5          r  6          r  7          r  8          r  9          r 10          r 11          r 12          r 13          r 14          r 15          r 16          r 17          r 18          r 19          r 20         ln lk             grad     status
  0      4.50e-06       0.00500       0.00100     -400.00000       0.40000       1.00000       1.00000       1.00000       1.00000       1.00000       1.00000       1.00000       1.00000       1.00000       1.00000       1.00000       1.00000       1.00000       1.00000       1.00000       1.00000       1.00000       1.00000       1.00000  -246570.5834755367   1821.29874   -2
750      4.51e-06       0.00007       0.00963    -9764.08500       0.13214       0.94048       0.93458       0.87880       0.86937       0.86411       0.83484       0.84722       0.87414       0.87042       0.83893       0.84748       0.82398       0.88398       0.90464       0.81885       0.92648       0.89376       0.89006      12.30555  -436.3645650999      0.01770   -6
-- Local optimization: reached maximum running time allowed


---- Best joint likelihood found -436.36457 with gradient 0.01770
-- Model: B
--     eps_an        eps_cont      lambda        theta_bar     a        
--    4.51e-06      0.00e+00       0.00007       0.00963       -1.00000  
--      S_d            b             p_b           S_b      
--  -9764.08500       0.13214      0.00e+00      0.00e+00  
--     r  2          r  3          r  4          r  5          r  6          r  7          r  8          r  9          r 10          r 11          r 12          r 13          r 14          r 15          r 16          r 17          r 18          r 19          r 20     
--     0.94048       0.93458       0.87880       0.86937       0.86411       0.83484       0.84722       0.87414       0.87042       0.83893       0.84748       0.82398       0.88398       0.90464       0.81885       0.92648       0.89376       0.89006      12.30555  

---- Expected P_neut(i), 0 < i < n (neutral SFS per site) 
E[P_neut(1)] = 0.009626
E[P_neut(2)] = 0.004526
E[P_neut(3)] = 0.002999
E[P_neut(4)] = 0.002115
E[P_neut(5)] = 0.001674
E[P_neut(6)] = 0.001386
E[P_neut(7)] = 0.001148
E[P_neut(8)] = 0.001019
E[P_neut(9)] = 0.000935
E[P_neut(10)] = 0.000838
E[P_neut(11)] = 0.000734
E[P_neut(12)] = 0.000680
E[P_neut(13)] = 0.000610
E[P_neut(14)] = 0.000608
E[P_neut(15)] = 0.000581
E[P_neut(16)] = 0.000493
E[P_neut(17)] = 0.000525
E[P_neut(18)] = 0.000478
E[P_neut(19)] = 0.000451

---- Expected P_sel(i), 0 < i < n (selected SFS per site) 
E[P_sel(1)] = 0.003611
E[P_sel(2)] = 0.001488
E[P_sel(3)] = 0.000927
E[P_sel(4)] = 0.000629
E[P_sel(5)] = 0.000483
E[P_sel(6)] = 0.000392
E[P_sel(7)] = 0.000318
E[P_sel(8)] = 0.000278
E[P_sel(9)] = 0.000252
E[P_sel(10)] = 0.000223
E[P_sel(11)] = 0.000193
E[P_sel(12)] = 0.000177
E[P_sel(13)] = 0.000158
E[P_sel(14)] = 0.000156
E[P_sel(15)] = 0.000148
E[P_sel(16)] = 0.000124
E[P_sel(17)] = 0.000132
E[P_sel(18)] = 0.000119
E[P_sel(19)] = 0.000112

---- Expected D_neut and D_sel (neutral and selected divergence per site) 
E[D_neut] = 0.005988
E[D_sel] = 0.001475

---- Expected neutral and selected misattributed polymorphism per site
E[mis_neut] = 0.005923
E[mis_sel] = 0.001459

---- alpha_div = 1.589292
---- alpha_dfe = 0.000000



