---- Performing inference on Ns25_pa_0.002_boots/Ns25_pa_0.002.20.polyDFE.txt using model B

---- Warning: mutation variability is not used when only one neutral and one selected fragment is available.
---- No mutation variability. Using Poisson likelihood.

---- Using provided initial values


-- Starting local optimization
 it       eps_an        eps_cont      theta_bar      S_d            b             p_b           S_b           r  2          r  3          r  4          r  5          r  6          r  7          r  8          r  9          r 10          r 11          r 12          r 13          r 14          r 15          r 16          r 17          r 18          r 19         ln lk             grad     status
  0      4.50e-06      9.00e-07       0.00100     -400.00000       0.40000       0.02000       4.00000       1.00000       1.00000       1.00000       1.00000       1.00000       1.00000       1.00000       1.00000       1.00000       1.00000       1.00000       1.00000       1.00000       1.00000       1.00000       1.00000       1.00000       1.00000  -229037.3116405795   1611.07522   -2
320      4.53e-06      9.00e-07       0.00939     -870.77069       0.20390       0.00291      50.52402       0.97506       0.97437       0.92680       0.93301       0.92687       0.92869       0.90749       0.94418       0.94098       0.89478       0.92079       0.92591       0.92976       0.92234       0.89491       0.91889       0.91868       0.88138  -192.6371586511      0.00088   -3
-- Local optimization: stuck in the same solution


---- Best joint likelihood found -192.63716 with gradient 0.00088
-- Model: B
--     eps_an        eps_cont      theta_bar     a        
--    4.53e-06      9.00e-07       0.00939       -1.00000  
--      S_d            b             p_b           S_b      
--   -870.77069       0.20390       0.00291      50.52402  
--     r  2          r  3          r  4          r  5          r  6          r  7          r  8          r  9          r 10          r 11          r 12          r 13          r 14          r 15          r 16          r 17          r 18          r 19     
--     0.97506       0.97437       0.92680       0.93301       0.92687       0.92869       0.90749       0.94418       0.94098       0.89478       0.92079       0.92591       0.92976       0.92234       0.89491       0.91889       0.91868       0.88138  

---- Expected P_neut(i), 0 < i < n (neutral SFS per site) 
E[P_neut(1)] = 0.009394
E[P_neut(2)] = 0.004580
E[P_neut(3)] = 0.003051
E[P_neut(4)] = 0.002176
E[P_neut(5)] = 0.001753
E[P_neut(6)] = 0.001451
E[P_neut(7)] = 0.001246
E[P_neut(8)] = 0.001066
E[P_neut(9)] = 0.000985
E[P_neut(10)] = 0.000884
E[P_neut(11)] = 0.000764
E[P_neut(12)] = 0.000721
E[P_neut(13)] = 0.000669
E[P_neut(14)] = 0.000624
E[P_neut(15)] = 0.000578
E[P_neut(16)] = 0.000525
E[P_neut(17)] = 0.000508
E[P_neut(18)] = 0.000479
E[P_neut(19)] = 0.000436

---- Expected P_sel(i), 0 < i < n (selected SFS per site) 
E[P_sel(1)] = 0.003727
E[P_sel(2)] = 0.001483
E[P_sel(3)] = 0.000899
E[P_sel(4)] = 0.000604
E[P_sel(5)] = 0.000466
E[P_sel(6)] = 0.000373
E[P_sel(7)] = 0.000312
E[P_sel(8)] = 0.000261
E[P_sel(9)] = 0.000237
E[P_sel(10)] = 0.000209
E[P_sel(11)] = 0.000178
E[P_sel(12)] = 0.000166
E[P_sel(13)] = 0.000153
E[P_sel(14)] = 0.000142
E[P_sel(15)] = 0.000131
E[P_sel(16)] = 0.000119
E[P_sel(17)] = 0.000117
E[P_sel(18)] = 0.000114
E[P_sel(19)] = 0.000115

---- Expected neutral and selected misattributed polymorphism per site
E[mis_neut] = 0.000470
E[mis_sel] = 0.000131

---- alpha_div = 0.311844
---- alpha_dfe = 0.419575



