---- Performing inference on Ns25_pa_0.002_boots/Ns25_pa_0.002.67.polyDFE.txt using model B

---- Warning: mutation variability is not used when only one neutral and one selected fragment is available.
---- No mutation variability. Using Poisson likelihood.

---- Using provided initial values


-- Starting local optimization
 it       eps_an        eps_cont      lambda        theta_bar      S_d            b             p_b           S_b           r  2          r  3          r  4          r  5          r  6          r  7          r  8          r  9          r 10          r 11          r 12          r 13          r 14          r 15          r 16          r 17          r 18          r 19          r 20         ln lk             grad     status
  0      4.50e-06      9.00e-07       0.00500       0.00100     -400.00000       0.40000       0.02000       4.00000       1.00000       1.00000       1.00000       1.00000       1.00000       1.00000       1.00000       1.00000       1.00000       1.00000       1.00000       1.00000       1.00000       1.00000       1.00000       1.00000       1.00000       1.00000       1.00000  -231853.0607336441   1649.70798   -2
 83      4.49e-06      9.00e-07       0.00505       0.00943    -1119.07015       0.19200       0.00237      37.42994       0.96618       0.94927       0.93447       0.91539       0.89807       0.92426       0.91852       0.92999       0.91956       0.87491       0.89752       0.91345       0.90762       0.93874       0.93987       0.93782       0.88446       0.96939       0.91366  -221.0816740889      0.53565   -3
-- Local optimization: stuck in the same solution


---- Best joint likelihood found -221.08167 with gradient 0.53565
-- Model: B
--     eps_an        eps_cont      lambda        theta_bar     a        
--    4.49e-06      9.00e-07       0.00505       0.00943       -1.00000  
--      S_d            b             p_b           S_b      
--  -1119.07015       0.19200       0.00237      37.42994  
--     r  2          r  3          r  4          r  5          r  6          r  7          r  8          r  9          r 10          r 11          r 12          r 13          r 14          r 15          r 16          r 17          r 18          r 19          r 20     
--     0.96618       0.94927       0.93447       0.91539       0.89807       0.92426       0.91852       0.92999       0.91956       0.87491       0.89752       0.91345       0.90762       0.93874       0.93987       0.93782       0.88446       0.96939       0.91366  

---- Expected P_neut(i), 0 < i < n (neutral SFS per site) 
E[P_neut(1)] = 0.009428
E[P_neut(2)] = 0.004555
E[P_neut(3)] = 0.002983
E[P_neut(4)] = 0.002203
E[P_neut(5)] = 0.001726
E[P_neut(6)] = 0.001411
E[P_neut(7)] = 0.001245
E[P_neut(8)] = 0.001082
E[P_neut(9)] = 0.000974
E[P_neut(10)] = 0.000867
E[P_neut(11)] = 0.000750
E[P_neut(12)] = 0.000705
E[P_neut(13)] = 0.000662
E[P_neut(14)] = 0.000611
E[P_neut(15)] = 0.000590
E[P_neut(16)] = 0.000554
E[P_neut(17)] = 0.000520
E[P_neut(18)] = 0.000463
E[P_neut(19)] = 0.000481

---- Expected P_sel(i), 0 < i < n (selected SFS per site) 
E[P_sel(1)] = 0.003718
E[P_sel(2)] = 0.001483
E[P_sel(3)] = 0.000888
E[P_sel(4)] = 0.000620
E[P_sel(5)] = 0.000466
E[P_sel(6)] = 0.000369
E[P_sel(7)] = 0.000318
E[P_sel(8)] = 0.000270
E[P_sel(9)] = 0.000239
E[P_sel(10)] = 0.000209
E[P_sel(11)] = 0.000179
E[P_sel(12)] = 0.000166
E[P_sel(13)] = 0.000155
E[P_sel(14)] = 0.000142
E[P_sel(15)] = 0.000136
E[P_sel(16)] = 0.000128
E[P_sel(17)] = 0.000121
E[P_sel(18)] = 0.000110
E[P_sel(19)] = 0.000118

---- Expected D_neut and D_sel (neutral and selected divergence per site) 
E[D_neut] = 0.005482
E[D_sel] = 0.001623

---- Expected neutral and selected misattributed polymorphism per site
E[mis_neut] = 0.000431
E[mis_sel] = 0.000113

---- alpha_div = 0.299669
---- alpha_dfe = 0.296899



