---- Performing inference on Ns25_pa_0.002_boots/Ns25_pa_0.002.59.polyDFE.txt using model B

---- Warning: mutation variability is not used when only one neutral and one selected fragment is available.
---- No mutation variability. Using Poisson likelihood.

---- Using provided initial values


-- Starting local optimization
 it       eps_an        eps_cont      theta_bar      S_d            b             p_b           S_b           r  2          r  3          r  4          r  5          r  6          r  7          r  8          r  9          r 10          r 11          r 12          r 13          r 14          r 15          r 16          r 17          r 18          r 19         ln lk             grad     status
  0      4.50e-06      9.00e-07       0.00100     -400.00000       0.40000       0.02000       4.00000       1.00000       1.00000       1.00000       1.00000       1.00000       1.00000       1.00000       1.00000       1.00000       1.00000       1.00000       1.00000       1.00000       1.00000       1.00000       1.00000       1.00000       1.00000  -229288.2865151074   1612.32371   -2
373      4.53e-06      9.00e-07       0.00934     -843.68234       0.20478       0.00231      38.42096       0.97779       0.98121       0.94470       0.94266       0.95490       0.92385       0.92105       0.92920       0.94201       0.92101       0.94062       0.96253       0.91675       0.92570       0.89459       0.95980       0.90882       0.91122  -193.1058574194      0.00137   -3
-- Local optimization: stuck in the same solution


---- Best joint likelihood found -193.10586 with gradient 0.00137
-- Model: B
--     eps_an        eps_cont      theta_bar     a        
--    4.53e-06      9.00e-07       0.00934       -1.00000  
--      S_d            b             p_b           S_b      
--   -843.68234       0.20478       0.00231      38.42096  
--     r  2          r  3          r  4          r  5          r  6          r  7          r  8          r  9          r 10          r 11          r 12          r 13          r 14          r 15          r 16          r 17          r 18          r 19     
--     0.97779       0.98121       0.94470       0.94266       0.95490       0.92385       0.92105       0.92920       0.94201       0.92101       0.94062       0.96253       0.91675       0.92570       0.89459       0.95980       0.90882       0.91122  

---- Expected P_neut(i), 0 < i < n (neutral SFS per site) 
E[P_neut(1)] = 0.009345
E[P_neut(2)] = 0.004569
E[P_neut(3)] = 0.003056
E[P_neut(4)] = 0.002207
E[P_neut(5)] = 0.001762
E[P_neut(6)] = 0.001487
E[P_neut(7)] = 0.001233
E[P_neut(8)] = 0.001076
E[P_neut(9)] = 0.000965
E[P_neut(10)] = 0.000880
E[P_neut(11)] = 0.000782
E[P_neut(12)] = 0.000732
E[P_neut(13)] = 0.000692
E[P_neut(14)] = 0.000612
E[P_neut(15)] = 0.000577
E[P_neut(16)] = 0.000522
E[P_neut(17)] = 0.000528
E[P_neut(18)] = 0.000472
E[P_neut(19)] = 0.000448

---- Expected P_sel(i), 0 < i < n (selected SFS per site) 
E[P_sel(1)] = 0.003716
E[P_sel(2)] = 0.001481
E[P_sel(3)] = 0.000901
E[P_sel(4)] = 0.000612
E[P_sel(5)] = 0.000468
E[P_sel(6)] = 0.000382
E[P_sel(7)] = 0.000308
E[P_sel(8)] = 0.000263
E[P_sel(9)] = 0.000231
E[P_sel(10)] = 0.000207
E[P_sel(11)] = 0.000182
E[P_sel(12)] = 0.000168
E[P_sel(13)] = 0.000157
E[P_sel(14)] = 0.000138
E[P_sel(15)] = 0.000130
E[P_sel(16)] = 0.000117
E[P_sel(17)] = 0.000119
E[P_sel(18)] = 0.000109
E[P_sel(19)] = 0.000113

---- Expected neutral and selected misattributed polymorphism per site
E[mis_neut] = 0.000467
E[mis_sel] = 0.000119

---- alpha_div = 0.320243
---- alpha_dfe = 0.303386



