---- Performing inference on Ns25_pa_0.002_boots/Ns25_pa_0.002.49.polyDFE.txt using model B

---- Warning: mutation variability is not used when only one neutral and one selected fragment is available.
---- No mutation variability. Using Poisson likelihood.

---- Using provided initial values


-- Starting local optimization
 it       eps_an        theta_bar      S_d            b             r  2          r  3          r  4          r  5          r  6          r  7          r  8          r  9          r 10          r 11          r 12          r 13          r 14          r 15          r 16          r 17          r 18          r 19         ln lk             grad     status
  0      4.50e-06       0.00100     -400.00000       0.40000       1.00000       1.00000       1.00000       1.00000       1.00000       1.00000       1.00000       1.00000       1.00000       1.00000       1.00000       1.00000       1.00000       1.00000       1.00000       1.00000       1.00000       1.00000  -238258.0698521865   1697.98863   -2
165      4.50e-06       0.00944    -1365.72266       0.18504       0.96768       0.97309       0.92147       0.91598       0.91374       0.88534       0.90058       0.93105       0.92867       0.89640       0.90676       0.88269       0.94799       0.97111       0.87979       0.99634       0.96187       0.95856  -201.8251655743      0.00100   -3
-- Local optimization: stuck in the same solution


---- Best joint likelihood found -201.82517 with gradient 0.00100
-- Model: B
--     eps_an        eps_cont      theta_bar     a        
--    4.50e-06      0.00e+00       0.00944       -1.00000  
--      S_d            b             p_b           S_b      
--  -1365.72266       0.18504      0.00e+00      0.00e+00  
--     r  2          r  3          r  4          r  5          r  6          r  7          r  8          r  9          r 10          r 11          r 12          r 13          r 14          r 15          r 16          r 17          r 18          r 19     
--     0.96768       0.97309       0.92147       0.91598       0.91374       0.88534       0.90058       0.93105       0.92867       0.89640       0.90676       0.88269       0.94799       0.97111       0.87979       0.99634       0.96187       0.95856  

---- Expected P_neut(i), 0 < i < n (neutral SFS per site) 
E[P_neut(1)] = 0.009440
E[P_neut(2)] = 0.004568
E[P_neut(3)] = 0.003062
E[P_neut(4)] = 0.002175
E[P_neut(5)] = 0.001729
E[P_neut(6)] = 0.001438
E[P_neut(7)] = 0.001194
E[P_neut(8)] = 0.001063
E[P_neut(9)] = 0.000977
E[P_neut(10)] = 0.000877
E[P_neut(11)] = 0.000769
E[P_neut(12)] = 0.000713
E[P_neut(13)] = 0.000641
E[P_neut(14)] = 0.000639
E[P_neut(15)] = 0.000611
E[P_neut(16)] = 0.000519
E[P_neut(17)] = 0.000553
E[P_neut(18)] = 0.000504
E[P_neut(19)] = 0.000476

---- Expected P_sel(i), 0 < i < n (selected SFS per site) 
E[P_sel(1)] = 0.003673
E[P_sel(2)] = 0.001474
E[P_sel(3)] = 0.000906
E[P_sel(4)] = 0.000609
E[P_sel(5)] = 0.000465
E[P_sel(6)] = 0.000374
E[P_sel(7)] = 0.000303
E[P_sel(8)] = 0.000264
E[P_sel(9)] = 0.000238
E[P_sel(10)] = 0.000210
E[P_sel(11)] = 0.000181
E[P_sel(12)] = 0.000166
E[P_sel(13)] = 0.000147
E[P_sel(14)] = 0.000145
E[P_sel(15)] = 0.000137
E[P_sel(16)] = 0.000116
E[P_sel(17)] = 0.000122
E[P_sel(18)] = 0.000110
E[P_sel(19)] = 0.000103

---- Expected neutral and selected misattributed polymorphism per site
E[mis_neut] = 0.000472
E[mis_sel] = 0.000101

---- alpha_div = 0.311901
---- alpha_dfe = 0.000000



