---- Performing inference on Ns25_pa_0.002_boots/Ns25_pa_0.002.74.polyDFE.txt using model B

---- Warning: mutation variability is not used when only one neutral and one selected fragment is available.
---- No mutation variability. Using Poisson likelihood.

---- Using provided initial values


-- Starting local optimization
 it       eps_an        lambda        theta_bar      S_d            b             r  2          r  3          r  4          r  5          r  6          r  7          r  8          r  9          r 10          r 11          r 12          r 13          r 14          r 15          r 16          r 17          r 18          r 19          r 20         ln lk             grad     status
  0      4.50e-06       0.00500       0.00100     -400.00000       0.40000       1.00000       1.00000       1.00000       1.00000       1.00000       1.00000       1.00000       1.00000       1.00000       1.00000       1.00000       1.00000       1.00000       1.00000       1.00000       1.00000       1.00000       1.00000       1.00000  -246159.0717426290   1817.58411   -2
668      4.44e-06       0.00007       0.00961    -5550.63507       0.14183       0.93487       0.92311       0.88537       0.85057       0.86934       0.85283       0.86267       0.85659       0.88086       0.81937       0.86338       0.87252       0.86681       0.86478       0.83143       0.92542       0.83618       0.90913      12.22391  -410.8269323029      0.00582   -6
-- Local optimization: reached maximum running time allowed


---- Best joint likelihood found -410.82693 with gradient 0.00582
-- Model: B
--     eps_an        eps_cont      lambda        theta_bar     a        
--    4.44e-06      0.00e+00       0.00007       0.00961       -1.00000  
--      S_d            b             p_b           S_b      
--  -5550.63507       0.14183      0.00e+00      0.00e+00  
--     r  2          r  3          r  4          r  5          r  6          r  7          r  8          r  9          r 10          r 11          r 12          r 13          r 14          r 15          r 16          r 17          r 18          r 19          r 20     
--     0.93487       0.92311       0.88537       0.85057       0.86934       0.85283       0.86267       0.85659       0.88086       0.81937       0.86338       0.87252       0.86681       0.86478       0.83143       0.92542       0.83618       0.90913      12.22391  

---- Expected P_neut(i), 0 < i < n (neutral SFS per site) 
E[P_neut(1)] = 0.009613
E[P_neut(2)] = 0.004493
E[P_neut(3)] = 0.002958
E[P_neut(4)] = 0.002128
E[P_neut(5)] = 0.001635
E[P_neut(6)] = 0.001393
E[P_neut(7)] = 0.001171
E[P_neut(8)] = 0.001037
E[P_neut(9)] = 0.000915
E[P_neut(10)] = 0.000847
E[P_neut(11)] = 0.000716
E[P_neut(12)] = 0.000692
E[P_neut(13)] = 0.000645
E[P_neut(14)] = 0.000595
E[P_neut(15)] = 0.000554
E[P_neut(16)] = 0.000500
E[P_neut(17)] = 0.000523
E[P_neut(18)] = 0.000447
E[P_neut(19)] = 0.000460

---- Expected P_sel(i), 0 < i < n (selected SFS per site) 
E[P_sel(1)] = 0.003675
E[P_sel(2)] = 0.001490
E[P_sel(3)] = 0.000918
E[P_sel(4)] = 0.000633
E[P_sel(5)] = 0.000472
E[P_sel(6)] = 0.000392
E[P_sel(7)] = 0.000323
E[P_sel(8)] = 0.000281
E[P_sel(9)] = 0.000245
E[P_sel(10)] = 0.000224
E[P_sel(11)] = 0.000187
E[P_sel(12)] = 0.000179
E[P_sel(13)] = 0.000165
E[P_sel(14)] = 0.000151
E[P_sel(15)] = 0.000139
E[P_sel(16)] = 0.000125
E[P_sel(17)] = 0.000130
E[P_sel(18)] = 0.000110
E[P_sel(19)] = 0.000113

---- Expected D_neut and D_sel (neutral and selected divergence per site) 
E[D_neut] = 0.005946
E[D_sel] = 0.001446

---- Expected neutral and selected misattributed polymorphism per site
E[mis_neut] = 0.005875
E[mis_sel] = 0.001429

---- alpha_div = 1.561216
---- alpha_dfe = 0.000000



