---- Performing inference on Ns25_pa_0.002_boots/Ns25_pa_0.002.95.polyDFE.txt using model B

---- Warning: mutation variability is not used when only one neutral and one selected fragment is available.
---- No mutation variability. Using Poisson likelihood.

---- Using provided initial values


-- Starting local optimization
 it       eps_an        eps_cont      lambda        theta_bar      S_d            b             p_b           S_b           r  2          r  3          r  4          r  5          r  6          r  7          r  8          r  9          r 10          r 11          r 12          r 13          r 14          r 15          r 16          r 17          r 18          r 19          r 20         ln lk             grad     status
  0      4.50e-06      9.00e-07       0.00500       0.00100     -400.00000       0.40000       0.02000       4.00000       1.00000       1.00000       1.00000       1.00000       1.00000       1.00000       1.00000       1.00000       1.00000       1.00000       1.00000       1.00000       1.00000       1.00000       1.00000       1.00000       1.00000       1.00000       1.00000  -231232.9031759001   1647.37818   -2
393      4.50e-06      9.00e-07       0.00504       0.00934     -884.91738       0.20072       0.00269      35.29827       0.96320       0.96897       0.94710       0.94283       0.92966       0.90913       0.91968       0.93930       0.88422       0.90316       0.91343       0.89633       0.93274       0.97259       0.91005       0.99313       0.91115       0.92944       0.93364  -204.9579348584      0.00118   -3
-- Local optimization: stuck in the same solution


---- Best joint likelihood found -204.95793 with gradient 0.00118
-- Model: B
--     eps_an        eps_cont      lambda        theta_bar     a        
--    4.50e-06      9.00e-07       0.00504       0.00934       -1.00000  
--      S_d            b             p_b           S_b      
--   -884.91738       0.20072       0.00269      35.29827  
--     r  2          r  3          r  4          r  5          r  6          r  7          r  8          r  9          r 10          r 11          r 12          r 13          r 14          r 15          r 16          r 17          r 18          r 19          r 20     
--     0.96320       0.96897       0.94710       0.94283       0.92966       0.90913       0.91968       0.93930       0.88422       0.90316       0.91343       0.89633       0.93274       0.97259       0.91005       0.99313       0.91115       0.92944       0.93364  

---- Expected P_neut(i), 0 < i < n (neutral SFS per site) 
E[P_neut(1)] = 0.009336
E[P_neut(2)] = 0.004496
E[P_neut(3)] = 0.003016
E[P_neut(4)] = 0.002211
E[P_neut(5)] = 0.001761
E[P_neut(6)] = 0.001447
E[P_neut(7)] = 0.001213
E[P_neut(8)] = 0.001073
E[P_neut(9)] = 0.000974
E[P_neut(10)] = 0.000826
E[P_neut(11)] = 0.000767
E[P_neut(12)] = 0.000711
E[P_neut(13)] = 0.000644
E[P_neut(14)] = 0.000622
E[P_neut(15)] = 0.000605
E[P_neut(16)] = 0.000531
E[P_neut(17)] = 0.000545
E[P_neut(18)] = 0.000473
E[P_neut(19)] = 0.000457

---- Expected P_sel(i), 0 < i < n (selected SFS per site) 
E[P_sel(1)] = 0.003732
E[P_sel(2)] = 0.001472
E[P_sel(3)] = 0.000899
E[P_sel(4)] = 0.000622
E[P_sel(5)] = 0.000474
E[P_sel(6)] = 0.000377
E[P_sel(7)] = 0.000308
E[P_sel(8)] = 0.000266
E[P_sel(9)] = 0.000237
E[P_sel(10)] = 0.000198
E[P_sel(11)] = 0.000181
E[P_sel(12)] = 0.000166
E[P_sel(13)] = 0.000149
E[P_sel(14)] = 0.000143
E[P_sel(15)] = 0.000139
E[P_sel(16)] = 0.000122
E[P_sel(17)] = 0.000126
E[P_sel(18)] = 0.000112
E[P_sel(19)] = 0.000112

---- Expected D_neut and D_sel (neutral and selected divergence per site) 
E[D_neut] = 0.005472
E[D_sel] = 0.001636

---- Expected neutral and selected misattributed polymorphism per site
E[mis_neut] = 0.000436
E[mis_sel] = 0.000115

---- alpha_div = 0.314174
---- alpha_dfe = 0.314369



