---- Performing inference on Ns25_pa_0.002_boots/Ns25_pa_0.002.30.polyDFE.txt using model B

---- Warning: mutation variability is not used when only one neutral and one selected fragment is available.
---- No mutation variability. Using Poisson likelihood.

---- Using provided initial values


-- Starting local optimization
 it       eps_an        eps_cont      lambda        theta_bar      S_d            b             p_b           S_b           r  2          r  3          r  4          r  5          r  6          r  7          r  8          r  9          r 10          r 11          r 12          r 13          r 14          r 15          r 16          r 17          r 18          r 19          r 20         ln lk             grad     status
  0      4.50e-06      9.00e-07       0.00500       0.00100     -400.00000       0.40000       0.02000       4.00000       1.00000       1.00000       1.00000       1.00000       1.00000       1.00000       1.00000       1.00000       1.00000       1.00000       1.00000       1.00000       1.00000       1.00000       1.00000       1.00000       1.00000       1.00000       1.00000  -229636.3634638661   1638.88056   -2
402      4.49e-06      9.00e-07       0.00506       0.00932     -874.80061       0.20342       0.00425      22.45424       0.97593       0.96415       0.93169       0.93757       0.93359       0.91831       0.90613       0.94193       0.92686       0.87492       0.93488       0.90842       0.88188       0.96027       0.91319       0.93935       0.90977       0.94034       0.80284  -214.1408992572      0.00088   -3
-- Local optimization: stuck in the same solution


---- Best joint likelihood found -214.14090 with gradient 0.00088
-- Model: B
--     eps_an        eps_cont      lambda        theta_bar     a        
--    4.49e-06      9.00e-07       0.00506       0.00932       -1.00000  
--      S_d            b             p_b           S_b      
--   -874.80061       0.20342       0.00425      22.45424  
--     r  2          r  3          r  4          r  5          r  6          r  7          r  8          r  9          r 10          r 11          r 12          r 13          r 14          r 15          r 16          r 17          r 18          r 19          r 20     
--     0.97593       0.96415       0.93169       0.93757       0.93359       0.91831       0.90613       0.94193       0.92686       0.87492       0.93488       0.90842       0.88188       0.96027       0.91319       0.93935       0.90977       0.94034       0.80284  

---- Expected P_neut(i), 0 < i < n (neutral SFS per site) 
E[P_neut(1)] = 0.009319
E[P_neut(2)] = 0.004547
E[P_neut(3)] = 0.002995
E[P_neut(4)] = 0.002170
E[P_neut(5)] = 0.001747
E[P_neut(6)] = 0.001450
E[P_neut(7)] = 0.001222
E[P_neut(8)] = 0.001055
E[P_neut(9)] = 0.000975
E[P_neut(10)] = 0.000864
E[P_neut(11)] = 0.000741
E[P_neut(12)] = 0.000726
E[P_neut(13)] = 0.000651
E[P_neut(14)] = 0.000587
E[P_neut(15)] = 0.000597
E[P_neut(16)] = 0.000532
E[P_neut(17)] = 0.000515
E[P_neut(18)] = 0.000471
E[P_neut(19)] = 0.000461

---- Expected P_sel(i), 0 < i < n (selected SFS per site) 
E[P_sel(1)] = 0.003708
E[P_sel(2)] = 0.001479
E[P_sel(3)] = 0.000887
E[P_sel(4)] = 0.000606
E[P_sel(5)] = 0.000468
E[P_sel(6)] = 0.000376
E[P_sel(7)] = 0.000309
E[P_sel(8)] = 0.000261
E[P_sel(9)] = 0.000237
E[P_sel(10)] = 0.000207
E[P_sel(11)] = 0.000175
E[P_sel(12)] = 0.000170
E[P_sel(13)] = 0.000151
E[P_sel(14)] = 0.000136
E[P_sel(15)] = 0.000138
E[P_sel(16)] = 0.000124
E[P_sel(17)] = 0.000122
E[P_sel(18)] = 0.000114
E[P_sel(19)] = 0.000116

---- Expected D_neut and D_sel (neutral and selected divergence per site) 
E[D_neut] = 0.005436
E[D_sel] = 0.001613

---- Expected neutral and selected misattributed polymorphism per site
E[mis_neut] = 0.000374
E[mis_sel] = 0.000101

---- alpha_div = 0.319431
---- alpha_dfe = 0.319192



