---- Performing inference on Ns25_pa_0.002_boots/Ns25_pa_0.002.89.polyDFE.txt using model B

---- Warning: mutation variability is not used when only one neutral and one selected fragment is available.
---- No mutation variability. Using Poisson likelihood.

---- Using provided initial values


-- Starting local optimization
 it       eps_an        lambda        theta_bar      S_d            b             r  2          r  3          r  4          r  5          r  6          r  7          r  8          r  9          r 10          r 11          r 12          r 13          r 14          r 15          r 16          r 17          r 18          r 19          r 20         ln lk             grad     status
  0      4.50e-06       0.00500       0.00100     -400.00000       0.40000       1.00000       1.00000       1.00000       1.00000       1.00000       1.00000       1.00000       1.00000       1.00000       1.00000       1.00000       1.00000       1.00000       1.00000       1.00000       1.00000       1.00000       1.00000       1.00000  -247935.2083624396   1834.27314   -2
631      4.46e-06       0.00013       0.00954    -7502.63730       0.13358       0.94067       0.92738       0.87359       0.85210       0.88361       0.86651       0.84252       0.86844       0.85548       0.82671       0.86221       0.81492       0.88346       0.84833       0.87369       0.90241       0.86567       0.93149      12.18804  -397.5074635835      0.00207   -3
-- Local optimization: stuck in the same solution


---- Best joint likelihood found -397.50746 with gradient 0.00207
-- Model: B
--     eps_an        eps_cont      lambda        theta_bar     a        
--    4.46e-06      0.00e+00       0.00013       0.00954       -1.00000  
--      S_d            b             p_b           S_b      
--  -7502.63730       0.13358      0.00e+00      0.00e+00  
--     r  2          r  3          r  4          r  5          r  6          r  7          r  8          r  9          r 10          r 11          r 12          r 13          r 14          r 15          r 16          r 17          r 18          r 19          r 20     
--     0.94067       0.92738       0.87359       0.85210       0.88361       0.86651       0.84252       0.86844       0.85548       0.82671       0.86221       0.81492       0.88346       0.84833       0.87369       0.90241       0.86567       0.93149      12.18804  

---- Expected P_neut(i), 0 < i < n (neutral SFS per site) 
E[P_neut(1)] = 0.009540
E[P_neut(2)] = 0.004487
E[P_neut(3)] = 0.002949
E[P_neut(4)] = 0.002083
E[P_neut(5)] = 0.001626
E[P_neut(6)] = 0.001405
E[P_neut(7)] = 0.001181
E[P_neut(8)] = 0.001005
E[P_neut(9)] = 0.000921
E[P_neut(10)] = 0.000816
E[P_neut(11)] = 0.000717
E[P_neut(12)] = 0.000685
E[P_neut(13)] = 0.000598
E[P_neut(14)] = 0.000602
E[P_neut(15)] = 0.000540
E[P_neut(16)] = 0.000521
E[P_neut(17)] = 0.000506
E[P_neut(18)] = 0.000459
E[P_neut(19)] = 0.000468

---- Expected P_sel(i), 0 < i < n (selected SFS per site) 
E[P_sel(1)] = 0.003673
E[P_sel(2)] = 0.001512
E[P_sel(3)] = 0.000934
E[P_sel(4)] = 0.000634
E[P_sel(5)] = 0.000481
E[P_sel(6)] = 0.000406
E[P_sel(7)] = 0.000335
E[P_sel(8)] = 0.000280
E[P_sel(9)] = 0.000253
E[P_sel(10)] = 0.000222
E[P_sel(11)] = 0.000193
E[P_sel(12)] = 0.000183
E[P_sel(13)] = 0.000158
E[P_sel(14)] = 0.000158
E[P_sel(15)] = 0.000140
E[P_sel(16)] = 0.000134
E[P_sel(17)] = 0.000130
E[P_sel(18)] = 0.000117
E[P_sel(19)] = 0.000118

---- Expected D_neut and D_sel (neutral and selected divergence per site) 
E[D_neut] = 0.005948
E[D_sel] = 0.001496

---- Expected neutral and selected misattributed polymorphism per site
E[mis_neut] = 0.005814
E[mis_sel] = 0.001463

---- alpha_div = 1.441213
---- alpha_dfe = 0.000000



