---- Performing inference on Ns25_pa_0.002_boots/Ns25_pa_0.002.58.polyDFE.txt using model B

---- Warning: mutation variability is not used when only one neutral and one selected fragment is available.
---- No mutation variability. Using Poisson likelihood.

---- Using provided initial values


-- Starting local optimization
 it       eps_an        eps_cont      lambda        theta_bar      S_d            b             p_b           S_b           r  2          r  3          r  4          r  5          r  6          r  7          r  8          r  9          r 10          r 11          r 12          r 13          r 14          r 15          r 16          r 17          r 18          r 19          r 20         ln lk             grad     status
  0      4.50e-06      9.00e-07       0.00500       0.00100     -400.00000       0.40000       0.02000       4.00000       1.00000       1.00000       1.00000       1.00000       1.00000       1.00000       1.00000       1.00000       1.00000       1.00000       1.00000       1.00000       1.00000       1.00000       1.00000       1.00000       1.00000       1.00000       1.00000  -230769.4490111063   1643.20818   -2
178      4.50e-06      9.00e-07       0.00499       0.00943    -1073.31336       0.19664       0.00329      30.21877       0.96211       0.96022       0.92695       0.93132       0.91761       0.92331       0.91693       0.93195       0.91872       0.89922       0.91431       0.91510       0.94846       0.93990       0.91845       0.93376       0.93804       0.91859       0.89939  -201.9738077134      0.00254   -3
-- Local optimization: stuck in the same solution


---- Best joint likelihood found -201.97381 with gradient 0.00254
-- Model: B
--     eps_an        eps_cont      lambda        theta_bar     a        
--    4.50e-06      9.00e-07       0.00499       0.00943       -1.00000  
--      S_d            b             p_b           S_b      
--  -1073.31336       0.19664       0.00329      30.21877  
--     r  2          r  3          r  4          r  5          r  6          r  7          r  8          r  9          r 10          r 11          r 12          r 13          r 14          r 15          r 16          r 17          r 18          r 19          r 20     
--     0.96211       0.96022       0.92695       0.93132       0.91761       0.92331       0.91693       0.93195       0.91872       0.89922       0.91431       0.91510       0.94846       0.93990       0.91845       0.93376       0.93804       0.91859       0.89939  

---- Expected P_neut(i), 0 < i < n (neutral SFS per site) 
E[P_neut(1)] = 0.009426
E[P_neut(2)] = 0.004535
E[P_neut(3)] = 0.003017
E[P_neut(4)] = 0.002184
E[P_neut(5)] = 0.001756
E[P_neut(6)] = 0.001442
E[P_neut(7)] = 0.001243
E[P_neut(8)] = 0.001080
E[P_neut(9)] = 0.000976
E[P_neut(10)] = 0.000866
E[P_neut(11)] = 0.000771
E[P_neut(12)] = 0.000718
E[P_neut(13)] = 0.000664
E[P_neut(14)] = 0.000639
E[P_neut(15)] = 0.000591
E[P_neut(16)] = 0.000541
E[P_neut(17)] = 0.000518
E[P_neut(18)] = 0.000491
E[P_neut(19)] = 0.000456

---- Expected P_sel(i), 0 < i < n (selected SFS per site) 
E[P_sel(1)] = 0.003689
E[P_sel(2)] = 0.001459
E[P_sel(3)] = 0.000886
E[P_sel(4)] = 0.000606
E[P_sel(5)] = 0.000467
E[P_sel(6)] = 0.000372
E[P_sel(7)] = 0.000312
E[P_sel(8)] = 0.000266
E[P_sel(9)] = 0.000236
E[P_sel(10)] = 0.000206
E[P_sel(11)] = 0.000181
E[P_sel(12)] = 0.000167
E[P_sel(13)] = 0.000153
E[P_sel(14)] = 0.000147
E[P_sel(15)] = 0.000136
E[P_sel(16)] = 0.000125
E[P_sel(17)] = 0.000120
E[P_sel(18)] = 0.000117
E[P_sel(19)] = 0.000113

---- Expected D_neut and D_sel (neutral and selected divergence per site) 
E[D_neut] = 0.005413
E[D_sel] = 0.001631

---- Expected neutral and selected misattributed polymorphism per site
E[mis_neut] = 0.000424
E[mis_sel] = 0.000113

---- alpha_div = 0.326251
---- alpha_dfe = 0.326434



