---- Performing inference on Ns25_pa_0.002_boots/Ns25_pa_0.002.97.polyDFE.txt using model B

---- Warning: mutation variability is not used when only one neutral and one selected fragment is available.
---- No mutation variability. Using Poisson likelihood.

---- Using provided initial values


-- Starting local optimization
 it       eps_an        theta_bar      S_d            b             r  2          r  3          r  4          r  5          r  6          r  7          r  8          r  9          r 10          r 11          r 12          r 13          r 14          r 15          r 16          r 17          r 18          r 19         ln lk             grad     status
  0      4.50e-06       0.00100     -400.00000       0.40000       1.00000       1.00000       1.00000       1.00000       1.00000       1.00000       1.00000       1.00000       1.00000       1.00000       1.00000       1.00000       1.00000       1.00000       1.00000       1.00000       1.00000       1.00000  -238344.5405600418   1699.81647   -2
144      4.50e-06       0.00935    -1032.67611       0.19284       0.96581       0.95659       0.93567       0.92871       0.93845       0.92158       0.91934       0.93395       0.95413       0.87771       0.92839       0.91764       0.89082       0.95452       0.90618       0.96741       0.89584       1.02416  -212.3727692335      0.00059   -3
-- Local optimization: stuck in the same solution


---- Best joint likelihood found -212.37277 with gradient 0.00059
-- Model: B
--     eps_an        eps_cont      theta_bar     a        
--    4.50e-06      0.00e+00       0.00935       -1.00000  
--      S_d            b             p_b           S_b      
--  -1032.67611       0.19284      0.00e+00      0.00e+00  
--     r  2          r  3          r  4          r  5          r  6          r  7          r  8          r  9          r 10          r 11          r 12          r 13          r 14          r 15          r 16          r 17          r 18          r 19     
--     0.96581       0.95659       0.93567       0.92871       0.93845       0.92158       0.91934       0.93395       0.95413       0.87771       0.92839       0.91764       0.89082       0.95452       0.90618       0.96741       0.89584       1.02416  

---- Expected P_neut(i), 0 < i < n (neutral SFS per site) 
E[P_neut(1)] = 0.009354
E[P_neut(2)] = 0.004517
E[P_neut(3)] = 0.002983
E[P_neut(4)] = 0.002188
E[P_neut(5)] = 0.001737
E[P_neut(6)] = 0.001463
E[P_neut(7)] = 0.001231
E[P_neut(8)] = 0.001075
E[P_neut(9)] = 0.000971
E[P_neut(10)] = 0.000892
E[P_neut(11)] = 0.000746
E[P_neut(12)] = 0.000724
E[P_neut(13)] = 0.000660
E[P_neut(14)] = 0.000595
E[P_neut(15)] = 0.000595
E[P_neut(16)] = 0.000530
E[P_neut(17)] = 0.000532
E[P_neut(18)] = 0.000466
E[P_neut(19)] = 0.000504

---- Expected P_sel(i), 0 < i < n (selected SFS per site) 
E[P_sel(1)] = 0.003718
E[P_sel(2)] = 0.001479
E[P_sel(3)] = 0.000892
E[P_sel(4)] = 0.000617
E[P_sel(5)] = 0.000470
E[P_sel(6)] = 0.000383
E[P_sel(7)] = 0.000314
E[P_sel(8)] = 0.000268
E[P_sel(9)] = 0.000237
E[P_sel(10)] = 0.000214
E[P_sel(11)] = 0.000176
E[P_sel(12)] = 0.000168
E[P_sel(13)] = 0.000152
E[P_sel(14)] = 0.000135
E[P_sel(15)] = 0.000134
E[P_sel(16)] = 0.000118
E[P_sel(17)] = 0.000117
E[P_sel(18)] = 0.000101
E[P_sel(19)] = 0.000109

---- Expected neutral and selected misattributed polymorphism per site
E[mis_neut] = 0.000468
E[mis_sel] = 0.000100

---- alpha_div = 0.305550
---- alpha_dfe = 0.000000



