---- Performing inference on Ns25_pa_0.002_boots/Ns25_pa_0.002.25.polyDFE.txt using model B

---- Warning: mutation variability is not used when only one neutral and one selected fragment is available.
---- No mutation variability. Using Poisson likelihood.

---- Using provided initial values


-- Starting local optimization
 it       eps_an        theta_bar      S_d            b             r  2          r  3          r  4          r  5          r  6          r  7          r  8          r  9          r 10          r 11          r 12          r 13          r 14          r 15          r 16          r 17          r 18          r 19         ln lk             grad     status
  0      4.50e-06       0.00100     -400.00000       0.40000       1.00000       1.00000       1.00000       1.00000       1.00000       1.00000       1.00000       1.00000       1.00000       1.00000       1.00000       1.00000       1.00000       1.00000       1.00000       1.00000       1.00000       1.00000  -240002.6621893189   1708.12831   -2
145      4.50e-06       0.00937    -1143.62039       0.18968       0.97831       0.97099       0.93238       0.92177       0.92085       0.91295       0.91733       0.94860       0.93909       0.89049       0.93246       0.93931       0.93435       0.96117       0.94795       0.95731       0.98520       0.96765  -209.6979941673      0.00180   -3
-- Local optimization: stuck in the same solution


---- Best joint likelihood found -209.69799 with gradient 0.00180
-- Model: B
--     eps_an        eps_cont      theta_bar     a        
--    4.50e-06      0.00e+00       0.00937       -1.00000  
--      S_d            b             p_b           S_b      
--  -1143.62039       0.18968      0.00e+00      0.00e+00  
--     r  2          r  3          r  4          r  5          r  6          r  7          r  8          r  9          r 10          r 11          r 12          r 13          r 14          r 15          r 16          r 17          r 18          r 19     
--     0.97831       0.97099       0.93238       0.92177       0.92085       0.91295       0.91733       0.94860       0.93909       0.89049       0.93246       0.93931       0.93435       0.96117       0.94795       0.95731       0.98520       0.96765  

---- Expected P_neut(i), 0 < i < n (neutral SFS per site) 
E[P_neut(1)] = 0.009371
E[P_neut(2)] = 0.004584
E[P_neut(3)] = 0.003033
E[P_neut(4)] = 0.002184
E[P_neut(5)] = 0.001728
E[P_neut(6)] = 0.001438
E[P_neut(7)] = 0.001222
E[P_neut(8)] = 0.001075
E[P_neut(9)] = 0.000988
E[P_neut(10)] = 0.000880
E[P_neut(11)] = 0.000759
E[P_neut(12)] = 0.000728
E[P_neut(13)] = 0.000677
E[P_neut(14)] = 0.000625
E[P_neut(15)] = 0.000600
E[P_neut(16)] = 0.000555
E[P_neut(17)] = 0.000528
E[P_neut(18)] = 0.000513
E[P_neut(19)] = 0.000477

---- Expected P_sel(i), 0 < i < n (selected SFS per site) 
E[P_sel(1)] = 0.003698
E[P_sel(2)] = 0.001494
E[P_sel(3)] = 0.000904
E[P_sel(4)] = 0.000615
E[P_sel(5)] = 0.000467
E[P_sel(6)] = 0.000376
E[P_sel(7)] = 0.000311
E[P_sel(8)] = 0.000268
E[P_sel(9)] = 0.000241
E[P_sel(10)] = 0.000211
E[P_sel(11)] = 0.000179
E[P_sel(12)] = 0.000170
E[P_sel(13)] = 0.000156
E[P_sel(14)] = 0.000142
E[P_sel(15)] = 0.000135
E[P_sel(16)] = 0.000124
E[P_sel(17)] = 0.000116
E[P_sel(18)] = 0.000112
E[P_sel(19)] = 0.000103

---- Expected neutral and selected misattributed polymorphism per site
E[mis_neut] = 0.000469
E[mis_sel] = 0.000101

---- alpha_div = 0.294690
---- alpha_dfe = 0.000000



