---- Performing inference on Ns25_pa_0.002_boots/Ns25_pa_0.002.3.polyDFE.txt using model B

---- Warning: mutation variability is not used when only one neutral and one selected fragment is available.
---- No mutation variability. Using Poisson likelihood.

---- Using provided initial values


-- Starting local optimization
 it       eps_an        eps_cont      lambda        theta_bar      S_d            b             p_b           S_b           r  2          r  3          r  4          r  5          r  6          r  7          r  8          r  9          r 10          r 11          r 12          r 13          r 14          r 15          r 16          r 17          r 18          r 19          r 20         ln lk             grad     status
  0      4.50e-06      9.00e-07       0.00500       0.00100     -400.00000       0.40000       0.02000       4.00000       1.00000       1.00000       1.00000       1.00000       1.00000       1.00000       1.00000       1.00000       1.00000       1.00000       1.00000       1.00000       1.00000       1.00000       1.00000       1.00000       1.00000       1.00000       1.00000  -231900.5259151568   1648.77923   -2
408      4.50e-06      9.00e-07       0.00504       0.00935     -784.57013       0.20775       0.00267      36.49101       0.97713       0.95926       0.94928       0.93469       0.92784       0.90657       0.92253       0.95532       0.96219       0.90361       0.92601       0.93757       0.94355       0.92545       0.93943       0.98466       0.94893       0.98373       0.92227  -212.2230140241      0.00143   -3
-- Local optimization: stuck in the same solution


---- Best joint likelihood found -212.22301 with gradient 0.00143
-- Model: B
--     eps_an        eps_cont      lambda        theta_bar     a        
--    4.50e-06      9.00e-07       0.00504       0.00935       -1.00000  
--      S_d            b             p_b           S_b      
--   -784.57013       0.20775       0.00267      36.49101  
--     r  2          r  3          r  4          r  5          r  6          r  7          r  8          r  9          r 10          r 11          r 12          r 13          r 14          r 15          r 16          r 17          r 18          r 19          r 20     
--     0.97713       0.95926       0.94928       0.93469       0.92784       0.90657       0.92253       0.95532       0.96219       0.90361       0.92601       0.93757       0.94355       0.92545       0.93943       0.98466       0.94893       0.98373       0.92227  

---- Expected P_neut(i), 0 < i < n (neutral SFS per site) 
E[P_neut(1)] = 0.009348
E[P_neut(2)] = 0.004567
E[P_neut(3)] = 0.002989
E[P_neut(4)] = 0.002218
E[P_neut(5)] = 0.001747
E[P_neut(6)] = 0.001446
E[P_neut(7)] = 0.001211
E[P_neut(8)] = 0.001078
E[P_neut(9)] = 0.000992
E[P_neut(10)] = 0.000899
E[P_neut(11)] = 0.000768
E[P_neut(12)] = 0.000721
E[P_neut(13)] = 0.000674
E[P_neut(14)] = 0.000630
E[P_neut(15)] = 0.000577
E[P_neut(16)] = 0.000549
E[P_neut(17)] = 0.000541
E[P_neut(18)] = 0.000493
E[P_neut(19)] = 0.000484

---- Expected P_sel(i), 0 < i < n (selected SFS per site) 
E[P_sel(1)] = 0.003735
E[P_sel(2)] = 0.001484
E[P_sel(3)] = 0.000882
E[P_sel(4)] = 0.000616
E[P_sel(5)] = 0.000464
E[P_sel(6)] = 0.000371
E[P_sel(7)] = 0.000302
E[P_sel(8)] = 0.000263
E[P_sel(9)] = 0.000238
E[P_sel(10)] = 0.000212
E[P_sel(11)] = 0.000178
E[P_sel(12)] = 0.000166
E[P_sel(13)] = 0.000153
E[P_sel(14)] = 0.000142
E[P_sel(15)] = 0.000130
E[P_sel(16)] = 0.000124
E[P_sel(17)] = 0.000123
E[P_sel(18)] = 0.000114
E[P_sel(19)] = 0.000117

---- Expected D_neut and D_sel (neutral and selected divergence per site) 
E[D_neut] = 0.005468
E[D_sel] = 0.001622

---- Expected neutral and selected misattributed polymorphism per site
E[mis_neut] = 0.000431
E[mis_sel] = 0.000112

---- alpha_div = 0.324858
---- alpha_dfe = 0.325213



