---- Performing inference on Ns25_pa_0.002_boots/Ns25_pa_0.002.10.polyDFE.txt using model B

---- Warning: mutation variability is not used when only one neutral and one selected fragment is available.
---- No mutation variability. Using Poisson likelihood.

---- Using provided initial values


-- Starting local optimization
 it       eps_an        theta_bar      S_d            b             r  2          r  3          r  4          r  5          r  6          r  7          r  8          r  9          r 10          r 11          r 12          r 13          r 14          r 15          r 16          r 17          r 18          r 19         ln lk             grad     status
  0      4.50e-06       0.00100     -400.00000       0.40000       1.00000       1.00000       1.00000       1.00000       1.00000       1.00000       1.00000       1.00000       1.00000       1.00000       1.00000       1.00000       1.00000       1.00000       1.00000       1.00000       1.00000       1.00000  -237525.2905678572   1696.28387   -2
118      4.50e-06       0.00932     -984.40008       0.19403       0.98442       0.95864       0.92943       0.93072       0.91960       0.91541       0.87198       0.91182       0.88696       0.88627       0.92011       0.92652       0.94124       0.91844       0.91455       1.00137       0.97589       1.02468  -204.3391425798      0.00710   -3
-- Local optimization: stuck in the same solution


---- Best joint likelihood found -204.33914 with gradient 0.00710
-- Model: B
--     eps_an        eps_cont      theta_bar     a        
--    4.50e-06      0.00e+00       0.00932       -1.00000  
--      S_d            b             p_b           S_b      
--   -984.40008       0.19403      0.00e+00      0.00e+00  
--     r  2          r  3          r  4          r  5          r  6          r  7          r  8          r  9          r 10          r 11          r 12          r 13          r 14          r 15          r 16          r 17          r 18          r 19     
--     0.98442       0.95864       0.92943       0.93072       0.91960       0.91541       0.87198       0.91182       0.88696       0.88627       0.92011       0.92652       0.94124       0.91844       0.91455       1.00137       0.97589       1.02468  

---- Expected P_neut(i), 0 < i < n (neutral SFS per site) 
E[P_neut(1)] = 0.009319
E[P_neut(2)] = 0.004587
E[P_neut(3)] = 0.002978
E[P_neut(4)] = 0.002165
E[P_neut(5)] = 0.001735
E[P_neut(6)] = 0.001428
E[P_neut(7)] = 0.001219
E[P_neut(8)] = 0.001016
E[P_neut(9)] = 0.000944
E[P_neut(10)] = 0.000827
E[P_neut(11)] = 0.000751
E[P_neut(12)] = 0.000715
E[P_neut(13)] = 0.000664
E[P_neut(14)] = 0.000627
E[P_neut(15)] = 0.000571
E[P_neut(16)] = 0.000533
E[P_neut(17)] = 0.000549
E[P_neut(18)] = 0.000505
E[P_neut(19)] = 0.000503

---- Expected P_sel(i), 0 < i < n (selected SFS per site) 
E[P_sel(1)] = 0.003721
E[P_sel(2)] = 0.001507
E[P_sel(3)] = 0.000893
E[P_sel(4)] = 0.000613
E[P_sel(5)] = 0.000470
E[P_sel(6)] = 0.000375
E[P_sel(7)] = 0.000311
E[P_sel(8)] = 0.000253
E[P_sel(9)] = 0.000231
E[P_sel(10)] = 0.000198
E[P_sel(11)] = 0.000177
E[P_sel(12)] = 0.000166
E[P_sel(13)] = 0.000153
E[P_sel(14)] = 0.000142
E[P_sel(15)] = 0.000128
E[P_sel(16)] = 0.000118
E[P_sel(17)] = 0.000121
E[P_sel(18)] = 0.000110
E[P_sel(19)] = 0.000109

---- Expected neutral and selected misattributed polymorphism per site
E[mis_neut] = 0.000466
E[mis_sel] = 0.000100

---- alpha_div = 0.304609
---- alpha_dfe = 0.000000



