---- Performing inference on Ns25_pa_0.002_boots/Ns25_pa_0.002.83.polyDFE.txt using model B

---- Warning: mutation variability is not used when only one neutral and one selected fragment is available.
---- No mutation variability. Using Poisson likelihood.

---- Using provided initial values


-- Starting local optimization
 it       eps_an        eps_cont      theta_bar      S_d            b             p_b           S_b           r  2          r  3          r  4          r  5          r  6          r  7          r  8          r  9          r 10          r 11          r 12          r 13          r 14          r 15          r 16          r 17          r 18          r 19         ln lk             grad     status
  0      4.50e-06      9.00e-07       0.00100     -400.00000       0.40000       0.02000       4.00000       1.00000       1.00000       1.00000       1.00000       1.00000       1.00000       1.00000       1.00000       1.00000       1.00000       1.00000       1.00000       1.00000       1.00000       1.00000       1.00000       1.00000       1.00000  -227209.8557162331   1601.89911   -2
575      4.51e-06      9.00e-07       0.00942    -1118.13669       0.19371       0.00287      15.47437       0.96017       0.95493       0.90539       0.90864       0.93424       0.91740       0.90228       0.93904       0.92822       0.87158       0.91130       0.91975       0.93401       0.93739       0.87462       0.95876       0.93412       0.97960  -193.4259735915      0.00040   -3
-- Local optimization: stuck in the same solution


---- Best joint likelihood found -193.42597 with gradient 0.00040
-- Model: B
--     eps_an        eps_cont      theta_bar     a        
--    4.51e-06      9.00e-07       0.00942       -1.00000  
--      S_d            b             p_b           S_b      
--  -1118.13669       0.19371       0.00287      15.47437  
--     r  2          r  3          r  4          r  5          r  6          r  7          r  8          r  9          r 10          r 11          r 12          r 13          r 14          r 15          r 16          r 17          r 18          r 19     
--     0.96017       0.95493       0.90539       0.90864       0.93424       0.91740       0.90228       0.93904       0.92822       0.87158       0.91130       0.91975       0.93401       0.93739       0.87462       0.95876       0.93412       0.97960  

---- Expected P_neut(i), 0 < i < n (neutral SFS per site) 
E[P_neut(1)] = 0.009416
E[P_neut(2)] = 0.004520
E[P_neut(3)] = 0.002997
E[P_neut(4)] = 0.002131
E[P_neut(5)] = 0.001711
E[P_neut(6)] = 0.001466
E[P_neut(7)] = 0.001234
E[P_neut(8)] = 0.001062
E[P_neut(9)] = 0.000982
E[P_neut(10)] = 0.000874
E[P_neut(11)] = 0.000746
E[P_neut(12)] = 0.000715
E[P_neut(13)] = 0.000666
E[P_neut(14)] = 0.000628
E[P_neut(15)] = 0.000588
E[P_neut(16)] = 0.000515
E[P_neut(17)] = 0.000531
E[P_neut(18)] = 0.000489
E[P_neut(19)] = 0.000485

---- Expected P_sel(i), 0 < i < n (selected SFS per site) 
E[P_sel(1)] = 0.003693
E[P_sel(2)] = 0.001462
E[P_sel(3)] = 0.000886
E[P_sel(4)] = 0.000595
E[P_sel(5)] = 0.000459
E[P_sel(6)] = 0.000381
E[P_sel(7)] = 0.000312
E[P_sel(8)] = 0.000263
E[P_sel(9)] = 0.000239
E[P_sel(10)] = 0.000210
E[P_sel(11)] = 0.000177
E[P_sel(12)] = 0.000168
E[P_sel(13)] = 0.000155
E[P_sel(14)] = 0.000145
E[P_sel(15)] = 0.000135
E[P_sel(16)] = 0.000118
E[P_sel(17)] = 0.000122
E[P_sel(18)] = 0.000114
E[P_sel(19)] = 0.000115

---- Expected neutral and selected misattributed polymorphism per site
E[mis_neut] = 0.000471
E[mis_sel] = 0.000114

---- alpha_div = 0.300923
---- alpha_dfe = 0.176049



