---- Performing inference on Ns25_pa_0.002_boots/Ns25_pa_0.002.47.polyDFE.txt using model B

---- Warning: mutation variability is not used when only one neutral and one selected fragment is available.
---- No mutation variability. Using Poisson likelihood.

---- Using provided initial values


-- Starting local optimization
 it       eps_an        eps_cont      lambda        theta_bar      S_d            b             p_b           S_b           r  2          r  3          r  4          r  5          r  6          r  7          r  8          r  9          r 10          r 11          r 12          r 13          r 14          r 15          r 16          r 17          r 18          r 19          r 20         ln lk             grad     status
  0      4.50e-06      9.00e-07       0.00500       0.00100     -400.00000       0.40000       0.02000       4.00000       1.00000       1.00000       1.00000       1.00000       1.00000       1.00000       1.00000       1.00000       1.00000       1.00000       1.00000       1.00000       1.00000       1.00000       1.00000       1.00000       1.00000       1.00000       1.00000  -232207.9334980174   1650.60078   -2
187      4.50e-06      9.00e-07       0.00510       0.00941     -870.29490       0.20301       0.00258      37.42942       0.96534       0.95846       0.93895       0.91373       0.92859       0.91432       0.90417       0.94443       0.96949       0.91456       0.88437       0.91777       0.93110       0.92955       0.92118       0.93572       0.97492       0.94374       0.82137  -207.5690349332      0.03499   -3
-- Local optimization: stuck in the same solution


---- Best joint likelihood found -207.56903 with gradient 0.03499
-- Model: B
--     eps_an        eps_cont      lambda        theta_bar     a        
--    4.50e-06      9.00e-07       0.00510       0.00941       -1.00000  
--      S_d            b             p_b           S_b      
--   -870.29490       0.20301       0.00258      37.42942  
--     r  2          r  3          r  4          r  5          r  6          r  7          r  8          r  9          r 10          r 11          r 12          r 13          r 14          r 15          r 16          r 17          r 18          r 19          r 20     
--     0.96534       0.95846       0.93895       0.91373       0.92859       0.91432       0.90417       0.94443       0.96949       0.91456       0.88437       0.91777       0.93110       0.92955       0.92118       0.93572       0.97492       0.94374       0.82137  

---- Expected P_neut(i), 0 < i < n (neutral SFS per site) 
E[P_neut(1)] = 0.009411
E[P_neut(2)] = 0.004543
E[P_neut(3)] = 0.003007
E[P_neut(4)] = 0.002209
E[P_neut(5)] = 0.001720
E[P_neut(6)] = 0.001457
E[P_neut(7)] = 0.001229
E[P_neut(8)] = 0.001064
E[P_neut(9)] = 0.000988
E[P_neut(10)] = 0.000912
E[P_neut(11)] = 0.000782
E[P_neut(12)] = 0.000694
E[P_neut(13)] = 0.000664
E[P_neut(14)] = 0.000626
E[P_neut(15)] = 0.000583
E[P_neut(16)] = 0.000542
E[P_neut(17)] = 0.000518
E[P_neut(18)] = 0.000510
E[P_neut(19)] = 0.000468

---- Expected P_sel(i), 0 < i < n (selected SFS per site) 
E[P_sel(1)] = 0.003744
E[P_sel(2)] = 0.001476
E[P_sel(3)] = 0.000889
E[P_sel(4)] = 0.000615
E[P_sel(5)] = 0.000459
E[P_sel(6)] = 0.000376
E[P_sel(7)] = 0.000309
E[P_sel(8)] = 0.000261
E[P_sel(9)] = 0.000238
E[P_sel(10)] = 0.000216
E[P_sel(11)] = 0.000183
E[P_sel(12)] = 0.000160
E[P_sel(13)] = 0.000152
E[P_sel(14)] = 0.000142
E[P_sel(15)] = 0.000132
E[P_sel(16)] = 0.000123
E[P_sel(17)] = 0.000118
E[P_sel(18)] = 0.000119
E[P_sel(19)] = 0.000113

---- Expected D_neut and D_sel (neutral and selected divergence per site) 
E[D_neut] = 0.005482
E[D_sel] = 0.001635

---- Expected neutral and selected misattributed polymorphism per site
E[mis_neut] = 0.000387
E[mis_sel] = 0.000101

---- alpha_div = 0.320846
---- alpha_dfe = 0.320590



