---- Performing inference on Ns25_pa_0.002_boots/Ns25_pa_0.002.24.polyDFE.txt using model B

---- Warning: mutation variability is not used when only one neutral and one selected fragment is available.
---- No mutation variability. Using Poisson likelihood.

---- Using provided initial values


-- Starting local optimization
 it       eps_an        theta_bar      S_d            b             r  2          r  3          r  4          r  5          r  6          r  7          r  8          r  9          r 10          r 11          r 12          r 13          r 14          r 15          r 16          r 17          r 18          r 19         ln lk             grad     status
  0      4.50e-06       0.00100     -400.00000       0.40000       1.00000       1.00000       1.00000       1.00000       1.00000       1.00000       1.00000       1.00000       1.00000       1.00000       1.00000       1.00000       1.00000       1.00000       1.00000       1.00000       1.00000       1.00000  -236655.3537039086   1693.70147   -2
165      4.50e-06       0.00928    -1333.15351       0.18270       0.96652       0.97173       0.93633       0.91336       0.92335       0.92814       0.92071       0.92155       0.94518       0.88880       0.97538       0.91641       0.93531       0.90958       0.90399       0.95312       0.91001       0.97890  -200.0391723053      0.00056   -3
-- Local optimization: stuck in the same solution


---- Best joint likelihood found -200.03917 with gradient 0.00056
-- Model: B
--     eps_an        eps_cont      theta_bar     a        
--    4.50e-06      0.00e+00       0.00928       -1.00000  
--      S_d            b             p_b           S_b      
--  -1333.15351       0.18270      0.00e+00      0.00e+00  
--     r  2          r  3          r  4          r  5          r  6          r  7          r  8          r  9          r 10          r 11          r 12          r 13          r 14          r 15          r 16          r 17          r 18          r 19     
--     0.96652       0.97173       0.93633       0.91336       0.92335       0.92814       0.92071       0.92155       0.94518       0.88880       0.97538       0.91641       0.93531       0.90958       0.90399       0.95312       0.91001       0.97890  

---- Expected P_neut(i), 0 < i < n (neutral SFS per site) 
E[P_neut(1)] = 0.009282
E[P_neut(2)] = 0.004486
E[P_neut(3)] = 0.003007
E[P_neut(4)] = 0.002173
E[P_neut(5)] = 0.001696
E[P_neut(6)] = 0.001428
E[P_neut(7)] = 0.001231
E[P_neut(8)] = 0.001068
E[P_neut(9)] = 0.000950
E[P_neut(10)] = 0.000877
E[P_neut(11)] = 0.000750
E[P_neut(12)] = 0.000754
E[P_neut(13)] = 0.000654
E[P_neut(14)] = 0.000620
E[P_neut(15)] = 0.000563
E[P_neut(16)] = 0.000524
E[P_neut(17)] = 0.000520
E[P_neut(18)] = 0.000469
E[P_neut(19)] = 0.000478

---- Expected P_sel(i), 0 < i < n (selected SFS per site) 
E[P_sel(1)] = 0.003661
E[P_sel(2)] = 0.001472
E[P_sel(3)] = 0.000905
E[P_sel(4)] = 0.000619
E[P_sel(5)] = 0.000464
E[P_sel(6)] = 0.000379
E[P_sel(7)] = 0.000318
E[P_sel(8)] = 0.000270
E[P_sel(9)] = 0.000236
E[P_sel(10)] = 0.000214
E[P_sel(11)] = 0.000181
E[P_sel(12)] = 0.000179
E[P_sel(13)] = 0.000153
E[P_sel(14)] = 0.000144
E[P_sel(15)] = 0.000129
E[P_sel(16)] = 0.000119
E[P_sel(17)] = 0.000117
E[P_sel(18)] = 0.000105
E[P_sel(19)] = 0.000106

---- Expected neutral and selected misattributed polymorphism per site
E[mis_neut] = 0.000464
E[mis_sel] = 0.000102

---- alpha_div = 0.311587
---- alpha_dfe = 0.000000



