---- Performing inference on Ns25_pa_0.002_boots/Ns25_pa_0.002.37.polyDFE.txt using model B

---- Warning: mutation variability is not used when only one neutral and one selected fragment is available.
---- No mutation variability. Using Poisson likelihood.

---- Using provided initial values


-- Starting local optimization
 it       eps_an        lambda        theta_bar      S_d            b             r  2          r  3          r  4          r  5          r  6          r  7          r  8          r  9          r 10          r 11          r 12          r 13          r 14          r 15          r 16          r 17          r 18          r 19          r 20         ln lk             grad     status
  0      4.50e-06       0.00500       0.00100     -400.00000       0.40000       1.00000       1.00000       1.00000       1.00000       1.00000       1.00000       1.00000       1.00000       1.00000       1.00000       1.00000       1.00000       1.00000       1.00000       1.00000       1.00000       1.00000       1.00000       1.00000  -247413.8770745294   1826.01876   -2
697      4.46e-06       0.00014       0.00967    -7302.45149       0.13616       0.93450       0.90957       0.87655       0.86542       0.86710       0.84532       0.82953       0.87106       0.85786       0.83348       0.82758       0.82841       0.86730       0.87755       0.83854       0.86791       0.89160       0.88458      12.06037  -415.3201621804      0.02615   -6
-- Local optimization: reached maximum running time allowed


---- Best joint likelihood found -415.32016 with gradient 0.02615
-- Model: B
--     eps_an        eps_cont      lambda        theta_bar     a        
--    4.46e-06      0.00e+00       0.00014       0.00967       -1.00000  
--      S_d            b             p_b           S_b      
--  -7302.45149       0.13616      0.00e+00      0.00e+00  
--     r  2          r  3          r  4          r  5          r  6          r  7          r  8          r  9          r 10          r 11          r 12          r 13          r 14          r 15          r 16          r 17          r 18          r 19          r 20     
--     0.93450       0.90957       0.87655       0.86542       0.86710       0.84532       0.82953       0.87106       0.85786       0.83348       0.82758       0.82841       0.86730       0.87755       0.83854       0.86791       0.89160       0.88458      12.06037  

---- Expected P_neut(i), 0 < i < n (neutral SFS per site) 
E[P_neut(1)] = 0.009667
E[P_neut(2)] = 0.004517
E[P_neut(3)] = 0.002931
E[P_neut(4)] = 0.002118
E[P_neut(5)] = 0.001673
E[P_neut(6)] = 0.001397
E[P_neut(7)] = 0.001167
E[P_neut(8)] = 0.001002
E[P_neut(9)] = 0.000936
E[P_neut(10)] = 0.000829
E[P_neut(11)] = 0.000732
E[P_neut(12)] = 0.000667
E[P_neut(13)] = 0.000616
E[P_neut(14)] = 0.000599
E[P_neut(15)] = 0.000566
E[P_neut(16)] = 0.000507
E[P_neut(17)] = 0.000494
E[P_neut(18)] = 0.000479
E[P_neut(19)] = 0.000450

---- Expected P_sel(i), 0 < i < n (selected SFS per site) 
E[P_sel(1)] = 0.003678
E[P_sel(2)] = 0.001500
E[P_sel(3)] = 0.000913
E[P_sel(4)] = 0.000634
E[P_sel(5)] = 0.000486
E[P_sel(6)] = 0.000397
E[P_sel(7)] = 0.000325
E[P_sel(8)] = 0.000275
E[P_sel(9)] = 0.000253
E[P_sel(10)] = 0.000221
E[P_sel(11)] = 0.000193
E[P_sel(12)] = 0.000174
E[P_sel(13)] = 0.000159
E[P_sel(14)] = 0.000154
E[P_sel(15)] = 0.000144
E[P_sel(16)] = 0.000128
E[P_sel(17)] = 0.000124
E[P_sel(18)] = 0.000119
E[P_sel(19)] = 0.000112

---- Expected D_neut and D_sel (neutral and selected divergence per site) 
E[D_neut] = 0.005967
E[D_sel] = 0.001471

---- Expected neutral and selected misattributed polymorphism per site
E[mis_neut] = 0.005830
E[mis_sel] = 0.001437

---- alpha_div = 1.440489
---- alpha_dfe = 0.000000



