---- Performing inference on Ns25_pa_0.002_boots/Ns25_pa_0.002.69.polyDFE.txt using model B

---- Warning: mutation variability is not used when only one neutral and one selected fragment is available.
---- No mutation variability. Using Poisson likelihood.

---- Using provided initial values


-- Starting local optimization
 it       eps_an        eps_cont      theta_bar      S_d            b             p_b           S_b           r  2          r  3          r  4          r  5          r  6          r  7          r  8          r  9          r 10          r 11          r 12          r 13          r 14          r 15          r 16          r 17          r 18          r 19         ln lk             grad     status
  0      4.50e-06      9.00e-07       0.00100     -400.00000       0.40000       0.02000       4.00000       1.00000       1.00000       1.00000       1.00000       1.00000       1.00000       1.00000       1.00000       1.00000       1.00000       1.00000       1.00000       1.00000       1.00000       1.00000       1.00000       1.00000       1.00000  -228473.8890194065   1609.16373   -2
317      4.58e-06      9.00e-07       0.00939    -1202.09912       0.18944       0.00186      37.44410       0.95931       0.96735       0.93187       0.92787       0.92400       0.92075       0.91457       0.93487       0.94708       0.90398       0.89567       0.91588       0.90640       0.94336       0.90612       0.93449       0.91775       0.90167  -194.0352967113      0.00164   -3
-- Local optimization: stuck in the same solution


---- Best joint likelihood found -194.03530 with gradient 0.00164
-- Model: B
--     eps_an        eps_cont      theta_bar     a        
--    4.58e-06      9.00e-07       0.00939       -1.00000  
--      S_d            b             p_b           S_b      
--  -1202.09912       0.18944       0.00186      37.44410  
--     r  2          r  3          r  4          r  5          r  6          r  7          r  8          r  9          r 10          r 11          r 12          r 13          r 14          r 15          r 16          r 17          r 18          r 19     
--     0.95931       0.96735       0.93187       0.92787       0.92400       0.92075       0.91457       0.93487       0.94708       0.90398       0.89567       0.91588       0.90640       0.94336       0.90612       0.93449       0.91775       0.90167  

---- Expected P_neut(i), 0 < i < n (neutral SFS per site) 
E[P_neut(1)] = 0.009394
E[P_neut(2)] = 0.004506
E[P_neut(3)] = 0.003029
E[P_neut(4)] = 0.002188
E[P_neut(5)] = 0.001743
E[P_neut(6)] = 0.001447
E[P_neut(7)] = 0.001236
E[P_neut(8)] = 0.001074
E[P_neut(9)] = 0.000976
E[P_neut(10)] = 0.000890
E[P_neut(11)] = 0.000772
E[P_neut(12)] = 0.000701
E[P_neut(13)] = 0.000662
E[P_neut(14)] = 0.000608
E[P_neut(15)] = 0.000591
E[P_neut(16)] = 0.000532
E[P_neut(17)] = 0.000516
E[P_neut(18)] = 0.000479
E[P_neut(19)] = 0.000446

---- Expected P_sel(i), 0 < i < n (selected SFS per site) 
E[P_sel(1)] = 0.003689
E[P_sel(2)] = 0.001464
E[P_sel(3)] = 0.000901
E[P_sel(4)] = 0.000615
E[P_sel(5)] = 0.000471
E[P_sel(6)] = 0.000379
E[P_sel(7)] = 0.000315
E[P_sel(8)] = 0.000268
E[P_sel(9)] = 0.000239
E[P_sel(10)] = 0.000215
E[P_sel(11)] = 0.000184
E[P_sel(12)] = 0.000165
E[P_sel(13)] = 0.000154
E[P_sel(14)] = 0.000141
E[P_sel(15)] = 0.000136
E[P_sel(16)] = 0.000122
E[P_sel(17)] = 0.000119
E[P_sel(18)] = 0.000113
E[P_sel(19)] = 0.000112

---- Expected neutral and selected misattributed polymorphism per site
E[mis_neut] = 0.000470
E[mis_sel] = 0.000119

---- alpha_div = 0.307499
---- alpha_dfe = 0.248279



