---- Performing inference on Ns25_pa_0.002_boots/Ns25_pa_0.002.8.polyDFE.txt using model B

---- Warning: mutation variability is not used when only one neutral and one selected fragment is available.
---- No mutation variability. Using Poisson likelihood.

---- Using provided initial values


-- Starting local optimization
 it       eps_an        eps_cont      lambda        theta_bar      S_d            b             p_b           S_b           r  2          r  3          r  4          r  5          r  6          r  7          r  8          r  9          r 10          r 11          r 12          r 13          r 14          r 15          r 16          r 17          r 18          r 19          r 20         ln lk             grad     status
  0      4.50e-06      9.00e-07       0.00500       0.00100     -400.00000       0.40000       0.02000       4.00000       1.00000       1.00000       1.00000       1.00000       1.00000       1.00000       1.00000       1.00000       1.00000       1.00000       1.00000       1.00000       1.00000       1.00000       1.00000       1.00000       1.00000       1.00000       1.00000  -230390.3646482783   1643.74258   -2
460      4.49e-06      9.00e-07       0.00506       0.00936     -876.91717       0.20137       0.00320      30.09915       0.96508       0.95051       0.91922       0.94451       0.92898       0.91703       0.89787       0.92827       0.89953       0.87864       0.93626       0.89271       0.91586       0.94045       0.90237       0.97541       0.87220       0.94644       1.03204  -203.2322884950      0.00199   -3
-- Local optimization: stuck in the same solution


---- Best joint likelihood found -203.23229 with gradient 0.00199
-- Model: B
--     eps_an        eps_cont      lambda        theta_bar     a        
--    4.49e-06      9.00e-07       0.00506       0.00936       -1.00000  
--      S_d            b             p_b           S_b      
--   -876.91717       0.20137       0.00320      30.09915  
--     r  2          r  3          r  4          r  5          r  6          r  7          r  8          r  9          r 10          r 11          r 12          r 13          r 14          r 15          r 16          r 17          r 18          r 19          r 20     
--     0.96508       0.95051       0.91922       0.94451       0.92898       0.91703       0.89787       0.92827       0.89953       0.87864       0.93626       0.89271       0.91586       0.94045       0.90237       0.97541       0.87220       0.94644       1.03204  

---- Expected P_neut(i), 0 < i < n (neutral SFS per site) 
E[P_neut(1)] = 0.009358
E[P_neut(2)] = 0.004515
E[P_neut(3)] = 0.002965
E[P_neut(4)] = 0.002150
E[P_neut(5)] = 0.001768
E[P_neut(6)] = 0.001449
E[P_neut(7)] = 0.001226
E[P_neut(8)] = 0.001050
E[P_neut(9)] = 0.000965
E[P_neut(10)] = 0.000842
E[P_neut(11)] = 0.000747
E[P_neut(12)] = 0.000730
E[P_neut(13)] = 0.000643
E[P_neut(14)] = 0.000612
E[P_neut(15)] = 0.000587
E[P_neut(16)] = 0.000528
E[P_neut(17)] = 0.000537
E[P_neut(18)] = 0.000453
E[P_neut(19)] = 0.000466

---- Expected P_sel(i), 0 < i < n (selected SFS per site) 
E[P_sel(1)] = 0.003742
E[P_sel(2)] = 0.001478
E[P_sel(3)] = 0.000884
E[P_sel(4)] = 0.000605
E[P_sel(5)] = 0.000476
E[P_sel(6)] = 0.000378
E[P_sel(7)] = 0.000311
E[P_sel(8)] = 0.000261
E[P_sel(9)] = 0.000235
E[P_sel(10)] = 0.000202
E[P_sel(11)] = 0.000177
E[P_sel(12)] = 0.000171
E[P_sel(13)] = 0.000150
E[P_sel(14)] = 0.000142
E[P_sel(15)] = 0.000136
E[P_sel(16)] = 0.000122
E[P_sel(17)] = 0.000126
E[P_sel(18)] = 0.000108
E[P_sel(19)] = 0.000116

---- Expected D_neut and D_sel (neutral and selected divergence per site) 
E[D_neut] = 0.005541
E[D_sel] = 0.001660

---- Expected neutral and selected misattributed polymorphism per site
E[mis_neut] = 0.000483
E[mis_sel] = 0.000129

---- alpha_div = 0.318385
---- alpha_dfe = 0.317861



