---- Performing inference on Ns25_pa_0.002_boots/Ns25_pa_0.002.74.polyDFE.txt using model B

---- Warning: mutation variability is not used when only one neutral and one selected fragment is available.
---- No mutation variability. Using Poisson likelihood.

---- Using provided initial values


-- Starting local optimization
 it       eps_an        eps_cont      lambda        theta_bar      S_d            b             p_b           S_b           r  2          r  3          r  4          r  5          r  6          r  7          r  8          r  9          r 10          r 11          r 12          r 13          r 14          r 15          r 16          r 17          r 18          r 19          r 20         ln lk             grad     status
  0      4.50e-06      9.00e-07       0.00500       0.00100     -400.00000       0.40000       0.02000       4.00000       1.00000       1.00000       1.00000       1.00000       1.00000       1.00000       1.00000       1.00000       1.00000       1.00000       1.00000       1.00000       1.00000       1.00000       1.00000       1.00000       1.00000       1.00000       1.00000  -230637.1343975903   1642.22384   -2
281      4.50e-06      9.00e-07       0.00417       0.00940     -803.82496       0.20775       0.00364      28.03896       0.96665       0.96776       0.93548       0.90335       0.92662       0.91139       0.92363       0.91829       0.94502       0.87926       0.92618       0.93505       0.92718       0.92212       0.88213       0.97408       0.86887       0.92477       2.72916  -206.1630474905      0.00297   -3
-- Local optimization: stuck in the same solution


---- Best joint likelihood found -206.16305 with gradient 0.00297
-- Model: B
--     eps_an        eps_cont      lambda        theta_bar     a        
--    4.50e-06      9.00e-07       0.00417       0.00940       -1.00000  
--      S_d            b             p_b           S_b      
--   -803.82496       0.20775       0.00364      28.03896  
--     r  2          r  3          r  4          r  5          r  6          r  7          r  8          r  9          r 10          r 11          r 12          r 13          r 14          r 15          r 16          r 17          r 18          r 19          r 20     
--     0.96665       0.96776       0.93548       0.90335       0.92662       0.91139       0.92363       0.91829       0.94502       0.87926       0.92618       0.93505       0.92718       0.92212       0.88213       0.97408       0.86887       0.92477       2.72916  

---- Expected P_neut(i), 0 < i < n (neutral SFS per site) 
E[P_neut(1)] = 0.009402
E[P_neut(2)] = 0.004544
E[P_neut(3)] = 0.003033
E[P_neut(4)] = 0.002199
E[P_neut(5)] = 0.001699
E[P_neut(6)] = 0.001452
E[P_neut(7)] = 0.001224
E[P_neut(8)] = 0.001085
E[P_neut(9)] = 0.000959
E[P_neut(10)] = 0.000888
E[P_neut(11)] = 0.000751
E[P_neut(12)] = 0.000726
E[P_neut(13)] = 0.000676
E[P_neut(14)] = 0.000623
E[P_neut(15)] = 0.000578
E[P_neut(16)] = 0.000518
E[P_neut(17)] = 0.000539
E[P_neut(18)] = 0.000454
E[P_neut(19)] = 0.000458

---- Expected P_sel(i), 0 < i < n (selected SFS per site) 
E[P_sel(1)] = 0.003745
E[P_sel(2)] = 0.001473
E[P_sel(3)] = 0.000893
E[P_sel(4)] = 0.000609
E[P_sel(5)] = 0.000451
E[P_sel(6)] = 0.000373
E[P_sel(7)] = 0.000306
E[P_sel(8)] = 0.000265
E[P_sel(9)] = 0.000230
E[P_sel(10)] = 0.000210
E[P_sel(11)] = 0.000175
E[P_sel(12)] = 0.000167
E[P_sel(13)] = 0.000155
E[P_sel(14)] = 0.000142
E[P_sel(15)] = 0.000131
E[P_sel(16)] = 0.000118
E[P_sel(17)] = 0.000125
E[P_sel(18)] = 0.000108
E[P_sel(19)] = 0.000113

---- Expected D_neut and D_sel (neutral and selected divergence per site) 
E[D_neut] = 0.005457
E[D_sel] = 0.001609

---- Expected neutral and selected misattributed polymorphism per site
E[mis_neut] = 0.001283
E[mis_sel] = 0.000343

---- alpha_div = 0.336927
---- alpha_dfe = 0.336723



