---- Performing inference on Ns25_pa_0.002_boots/Ns25_pa_0.002.57.polyDFE.txt using model B

---- Warning: mutation variability is not used when only one neutral and one selected fragment is available.
---- No mutation variability. Using Poisson likelihood.

---- Using provided initial values


-- Starting local optimization
 it       eps_an        theta_bar      S_d            b             r  2          r  3          r  4          r  5          r  6          r  7          r  8          r  9          r 10          r 11          r 12          r 13          r 14          r 15          r 16          r 17          r 18          r 19         ln lk             grad     status
  0      4.50e-06       0.00100     -400.00000       0.40000       1.00000       1.00000       1.00000       1.00000       1.00000       1.00000       1.00000       1.00000       1.00000       1.00000       1.00000       1.00000       1.00000       1.00000       1.00000       1.00000       1.00000       1.00000  -240226.6733874890   1709.88687   -2
161      4.50e-06       0.00945    -1326.35418       0.18357       0.96192       0.94326       0.93484       0.90602       0.90645       0.92169       0.88448       0.94193       0.93659       0.88183       0.93090       0.91788       0.92136       0.91798       0.91411       0.94474       0.94070       0.96807  -204.0062394157      0.00055   -3
-- Local optimization: stuck in the same solution


---- Best joint likelihood found -204.00624 with gradient 0.00055
-- Model: B
--     eps_an        eps_cont      theta_bar     a        
--    4.50e-06      0.00e+00       0.00945       -1.00000  
--      S_d            b             p_b           S_b      
--  -1326.35418       0.18357      0.00e+00      0.00e+00  
--     r  2          r  3          r  4          r  5          r  6          r  7          r  8          r  9          r 10          r 11          r 12          r 13          r 14          r 15          r 16          r 17          r 18          r 19     
--     0.96192       0.94326       0.93484       0.90602       0.90645       0.92169       0.88448       0.94193       0.93659       0.88183       0.93090       0.91788       0.92136       0.91798       0.91411       0.94474       0.94070       0.96807  

---- Expected P_neut(i), 0 < i < n (neutral SFS per site) 
E[P_neut(1)] = 0.009454
E[P_neut(2)] = 0.004547
E[P_neut(3)] = 0.002972
E[P_neut(4)] = 0.002209
E[P_neut(5)] = 0.001713
E[P_neut(6)] = 0.001428
E[P_neut(7)] = 0.001245
E[P_neut(8)] = 0.001045
E[P_neut(9)] = 0.000989
E[P_neut(10)] = 0.000885
E[P_neut(11)] = 0.000758
E[P_neut(12)] = 0.000733
E[P_neut(13)] = 0.000667
E[P_neut(14)] = 0.000622
E[P_neut(15)] = 0.000579
E[P_neut(16)] = 0.000540
E[P_neut(17)] = 0.000525
E[P_neut(18)] = 0.000494
E[P_neut(19)] = 0.000482

---- Expected P_sel(i), 0 < i < n (selected SFS per site) 
E[P_sel(1)] = 0.003719
E[P_sel(2)] = 0.001487
E[P_sel(3)] = 0.000891
E[P_sel(4)] = 0.000627
E[P_sel(5)] = 0.000467
E[P_sel(6)] = 0.000377
E[P_sel(7)] = 0.000321
E[P_sel(8)] = 0.000263
E[P_sel(9)] = 0.000245
E[P_sel(10)] = 0.000215
E[P_sel(11)] = 0.000182
E[P_sel(12)] = 0.000173
E[P_sel(13)] = 0.000156
E[P_sel(14)] = 0.000144
E[P_sel(15)] = 0.000132
E[P_sel(16)] = 0.000122
E[P_sel(17)] = 0.000118
E[P_sel(18)] = 0.000110
E[P_sel(19)] = 0.000106

---- Expected neutral and selected misattributed polymorphism per site
E[mis_neut] = 0.000473
E[mis_sel] = 0.000103

---- alpha_div = 0.317601
---- alpha_dfe = 0.000000



