---- Performing inference on Ns25_pa_0.002_boots/Ns25_pa_0.002.10.polyDFE.txt using model B

---- Warning: mutation variability is not used when only one neutral and one selected fragment is available.
---- No mutation variability. Using Poisson likelihood.

---- Using provided initial values


-- Starting local optimization
 it       eps_an        eps_cont      theta_bar      S_d            b             p_b           S_b           r  2          r  3          r  4          r  5          r  6          r  7          r  8          r  9          r 10          r 11          r 12          r 13          r 14          r 15          r 16          r 17          r 18          r 19         ln lk             grad     status
  0      4.50e-06      9.00e-07       0.00100     -400.00000       0.40000       0.02000       4.00000       1.00000       1.00000       1.00000       1.00000       1.00000       1.00000       1.00000       1.00000       1.00000       1.00000       1.00000       1.00000       1.00000       1.00000       1.00000       1.00000       1.00000       1.00000  -227433.5747093873   1604.09715   -2
650      4.50e-06      9.00e-07       0.00928     -711.76239       0.21220       0.00423      18.97919       0.99181       0.96861       0.94037       0.94231       0.93124       0.92686       0.88254       0.92222       0.89620       0.89427       0.92676       0.93098       0.94273       0.91586       0.90651       0.98423       0.94758       0.97747  -195.0981943321      0.00169   -3
-- Local optimization: stuck in the same solution


---- Best joint likelihood found -195.09819 with gradient 0.00169
-- Model: B
--     eps_an        eps_cont      theta_bar     a        
--    4.50e-06      9.00e-07       0.00928       -1.00000  
--      S_d            b             p_b           S_b      
--   -711.76239       0.21220       0.00423      18.97919  
--     r  2          r  3          r  4          r  5          r  6          r  7          r  8          r  9          r 10          r 11          r 12          r 13          r 14          r 15          r 16          r 17          r 18          r 19     
--     0.99181       0.96861       0.94037       0.94231       0.93124       0.92686       0.88254       0.92222       0.89620       0.89427       0.92676       0.93098       0.94273       0.91586       0.90651       0.98423       0.94758       0.97747  

---- Expected P_neut(i), 0 < i < n (neutral SFS per site) 
E[P_neut(1)] = 0.009277
E[P_neut(2)] = 0.004601
E[P_neut(3)] = 0.002995
E[P_neut(4)] = 0.002181
E[P_neut(5)] = 0.001748
E[P_neut(6)] = 0.001440
E[P_neut(7)] = 0.001228
E[P_neut(8)] = 0.001023
E[P_neut(9)] = 0.000951
E[P_neut(10)] = 0.000831
E[P_neut(11)] = 0.000754
E[P_neut(12)] = 0.000716
E[P_neut(13)] = 0.000664
E[P_neut(14)] = 0.000625
E[P_neut(15)] = 0.000566
E[P_neut(16)] = 0.000526
E[P_neut(17)] = 0.000537
E[P_neut(18)] = 0.000488
E[P_neut(19)] = 0.000477

---- Expected P_sel(i), 0 < i < n (selected SFS per site) 
E[P_sel(1)] = 0.003735
E[P_sel(2)] = 0.001502
E[P_sel(3)] = 0.000887
E[P_sel(4)] = 0.000607
E[P_sel(5)] = 0.000466
E[P_sel(6)] = 0.000371
E[P_sel(7)] = 0.000308
E[P_sel(8)] = 0.000251
E[P_sel(9)] = 0.000229
E[P_sel(10)] = 0.000197
E[P_sel(11)] = 0.000176
E[P_sel(12)] = 0.000166
E[P_sel(13)] = 0.000153
E[P_sel(14)] = 0.000143
E[P_sel(15)] = 0.000130
E[P_sel(16)] = 0.000121
E[P_sel(17)] = 0.000125
E[P_sel(18)] = 0.000116
E[P_sel(19)] = 0.000117

---- Expected neutral and selected misattributed polymorphism per site
E[mis_neut] = 0.000464
E[mis_sel] = 0.000120

---- alpha_div = 0.337228
---- alpha_dfe = 0.286400



