---- Performing inference on Ns25_pa_0.002_boots/Ns25_pa_0.002.52.polyDFE.txt using model B

---- Warning: mutation variability is not used when only one neutral and one selected fragment is available.
---- No mutation variability. Using Poisson likelihood.

---- Using provided initial values


-- Starting local optimization
 it       eps_an        theta_bar      S_d            b             r  2          r  3          r  4          r  5          r  6          r  7          r  8          r  9          r 10          r 11          r 12          r 13          r 14          r 15          r 16          r 17          r 18          r 19         ln lk             grad     status
  0      4.50e-06       0.00100     -400.00000       0.40000       1.00000       1.00000       1.00000       1.00000       1.00000       1.00000       1.00000       1.00000       1.00000       1.00000       1.00000       1.00000       1.00000       1.00000       1.00000       1.00000       1.00000       1.00000  -237365.6184699386   1695.67863   -2
149      4.50e-06       0.00931    -1004.01079       0.19329       0.97352       0.96006       0.94070       0.90458       0.91937       0.92729       0.91905       0.92172       0.91348       0.93714       0.94137       0.89815       0.91694       0.91725       0.89392       0.97412       0.95903       0.99692  -196.4755558898      0.00094   -3
-- Local optimization: stuck in the same solution


---- Best joint likelihood found -196.47556 with gradient 0.00094
-- Model: B
--     eps_an        eps_cont      theta_bar     a        
--    4.50e-06      0.00e+00       0.00931       -1.00000  
--      S_d            b             p_b           S_b      
--  -1004.01079       0.19329      0.00e+00      0.00e+00  
--     r  2          r  3          r  4          r  5          r  6          r  7          r  8          r  9          r 10          r 11          r 12          r 13          r 14          r 15          r 16          r 17          r 18          r 19     
--     0.97352       0.96006       0.94070       0.90458       0.91937       0.92729       0.91905       0.92172       0.91348       0.93714       0.94137       0.89815       0.91694       0.91725       0.89392       0.97412       0.95903       0.99692  

---- Expected P_neut(i), 0 < i < n (neutral SFS per site) 
E[P_neut(1)] = 0.009314
E[P_neut(2)] = 0.004534
E[P_neut(3)] = 0.002981
E[P_neut(4)] = 0.002190
E[P_neut(5)] = 0.001685
E[P_neut(6)] = 0.001427
E[P_neut(7)] = 0.001234
E[P_neut(8)] = 0.001070
E[P_neut(9)] = 0.000954
E[P_neut(10)] = 0.000851
E[P_neut(11)] = 0.000794
E[P_neut(12)] = 0.000731
E[P_neut(13)] = 0.000644
E[P_neut(14)] = 0.000610
E[P_neut(15)] = 0.000570
E[P_neut(16)] = 0.000520
E[P_neut(17)] = 0.000534
E[P_neut(18)] = 0.000496
E[P_neut(19)] = 0.000489

---- Expected P_sel(i), 0 < i < n (selected SFS per site) 
E[P_sel(1)] = 0.003716
E[P_sel(2)] = 0.001489
E[P_sel(3)] = 0.000894
E[P_sel(4)] = 0.000620
E[P_sel(5)] = 0.000457
E[P_sel(6)] = 0.000375
E[P_sel(7)] = 0.000315
E[P_sel(8)] = 0.000267
E[P_sel(9)] = 0.000233
E[P_sel(10)] = 0.000205
E[P_sel(11)] = 0.000188
E[P_sel(12)] = 0.000170
E[P_sel(13)] = 0.000148
E[P_sel(14)] = 0.000139
E[P_sel(15)] = 0.000128
E[P_sel(16)] = 0.000116
E[P_sel(17)] = 0.000118
E[P_sel(18)] = 0.000108
E[P_sel(19)] = 0.000106

---- Expected neutral and selected misattributed polymorphism per site
E[mis_neut] = 0.000466
E[mis_sel] = 0.000100

---- alpha_div = 0.311422
---- alpha_dfe = 0.000000



