---- Performing inference on Ns25_pa_0.002_boots/Ns25_pa_0.002.91.polyDFE.txt using model B

---- Warning: mutation variability is not used when only one neutral and one selected fragment is available.
---- No mutation variability. Using Poisson likelihood.

---- Using provided initial values


-- Starting local optimization
 it       eps_an        lambda        theta_bar      S_d            b             r  2          r  3          r  4          r  5          r  6          r  7          r  8          r  9          r 10          r 11          r 12          r 13          r 14          r 15          r 16          r 17          r 18          r 19          r 20         ln lk             grad     status
  0      4.50e-06       0.00500       0.00100     -400.00000       0.40000       1.00000       1.00000       1.00000       1.00000       1.00000       1.00000       1.00000       1.00000       1.00000       1.00000       1.00000       1.00000       1.00000       1.00000       1.00000       1.00000       1.00000       1.00000       1.00000  -246576.7194867330   1820.43131   -2
700      4.45e-06       0.00008       0.00965    -9205.26061       0.13374       0.94863       0.91499       0.88587       0.86355       0.86889       0.84761       0.84817       0.89009       0.86425       0.84058       0.85228       0.85684       0.86288       0.85518       0.83664       0.88454       0.91477       0.91411      12.31929  -387.2203272110      0.02459   -6
-- Local optimization: reached maximum running time allowed


---- Best joint likelihood found -387.22033 with gradient 0.02459
-- Model: B
--     eps_an        eps_cont      lambda        theta_bar     a        
--    4.45e-06      0.00e+00       0.00008       0.00965       -1.00000  
--      S_d            b             p_b           S_b      
--  -9205.26061       0.13374      0.00e+00      0.00e+00  
--     r  2          r  3          r  4          r  5          r  6          r  7          r  8          r  9          r 10          r 11          r 12          r 13          r 14          r 15          r 16          r 17          r 18          r 19          r 20     
--     0.94863       0.91499       0.88587       0.86355       0.86889       0.84761       0.84817       0.89009       0.86425       0.84058       0.85228       0.85684       0.86288       0.85518       0.83664       0.88454       0.91477       0.91411      12.31929  

---- Expected P_neut(i), 0 < i < n (neutral SFS per site) 
E[P_neut(1)] = 0.009647
E[P_neut(2)] = 0.004576
E[P_neut(3)] = 0.002942
E[P_neut(4)] = 0.002137
E[P_neut(5)] = 0.001666
E[P_neut(6)] = 0.001397
E[P_neut(7)] = 0.001168
E[P_neut(8)] = 0.001023
E[P_neut(9)] = 0.000954
E[P_neut(10)] = 0.000834
E[P_neut(11)] = 0.000737
E[P_neut(12)] = 0.000685
E[P_neut(13)] = 0.000636
E[P_neut(14)] = 0.000595
E[P_neut(15)] = 0.000550
E[P_neut(16)] = 0.000504
E[P_neut(17)] = 0.000502
E[P_neut(18)] = 0.000490
E[P_neut(19)] = 0.000464

---- Expected P_sel(i), 0 < i < n (selected SFS per site) 
E[P_sel(1)] = 0.003611
E[P_sel(2)] = 0.001498
E[P_sel(3)] = 0.000905
E[P_sel(4)] = 0.000632
E[P_sel(5)] = 0.000479
E[P_sel(6)] = 0.000392
E[P_sel(7)] = 0.000322
E[P_sel(8)] = 0.000277
E[P_sel(9)] = 0.000255
E[P_sel(10)] = 0.000220
E[P_sel(11)] = 0.000193
E[P_sel(12)] = 0.000177
E[P_sel(13)] = 0.000163
E[P_sel(14)] = 0.000151
E[P_sel(15)] = 0.000139
E[P_sel(16)] = 0.000126
E[P_sel(17)] = 0.000125
E[P_sel(18)] = 0.000121
E[P_sel(19)] = 0.000114

---- Expected D_neut and D_sel (neutral and selected divergence per site) 
E[D_neut] = 0.006024
E[D_sel] = 0.001472

---- Expected neutral and selected misattributed polymorphism per site
E[mis_neut] = 0.005942
E[mis_sel] = 0.001452

---- alpha_div = 1.529212
---- alpha_dfe = 0.000000



