---- Performing inference on Ns25_pa_0.002_boots/Ns25_pa_0.002.34.polyDFE.txt using model B

---- Warning: mutation variability is not used when only one neutral and one selected fragment is available.
---- No mutation variability. Using Poisson likelihood.

---- Using provided initial values


-- Starting local optimization
 it       eps_an        eps_cont      lambda        theta_bar      S_d            b             p_b           S_b           r  2          r  3          r  4          r  5          r  6          r  7          r  8          r  9          r 10          r 11          r 12          r 13          r 14          r 15          r 16          r 17          r 18          r 19          r 20         ln lk             grad     status
  0      4.50e-06      9.00e-07       0.00500       0.00100     -400.00000       0.40000       0.02000       4.00000       1.00000       1.00000       1.00000       1.00000       1.00000       1.00000       1.00000       1.00000       1.00000       1.00000       1.00000       1.00000       1.00000       1.00000       1.00000       1.00000       1.00000       1.00000       1.00000  -232030.1735933811   1649.91629   -2
252      4.50e-06      9.00e-07       0.00493       0.00946     -925.31454       0.20147       0.00361      28.23217       0.96297       0.96769       0.92765       0.89593       0.92930       0.92184       0.90534       0.92994       0.91776       0.87656       0.93902       0.90031       0.92586       0.91314       0.85522       0.92915       0.91244       0.91145       1.00485  -209.3567404221      0.00421   -3
-- Local optimization: stuck in the same solution


---- Best joint likelihood found -209.35674 with gradient 0.00421
-- Model: B
--     eps_an        eps_cont      lambda        theta_bar     a        
--    4.50e-06      9.00e-07       0.00493       0.00946       -1.00000  
--      S_d            b             p_b           S_b      
--   -925.31454       0.20147       0.00361      28.23217  
--     r  2          r  3          r  4          r  5          r  6          r  7          r  8          r  9          r 10          r 11          r 12          r 13          r 14          r 15          r 16          r 17          r 18          r 19          r 20     
--     0.96297       0.96769       0.92765       0.89593       0.92930       0.92184       0.90534       0.92994       0.91776       0.87656       0.93902       0.90031       0.92586       0.91314       0.85522       0.92915       0.91244       0.91145       1.00485  

---- Expected P_neut(i), 0 < i < n (neutral SFS per site) 
E[P_neut(1)] = 0.009459
E[P_neut(2)] = 0.004555
E[P_neut(3)] = 0.003051
E[P_neut(4)] = 0.002194
E[P_neut(5)] = 0.001695
E[P_neut(6)] = 0.001465
E[P_neut(7)] = 0.001246
E[P_neut(8)] = 0.001070
E[P_neut(9)] = 0.000977
E[P_neut(10)] = 0.000868
E[P_neut(11)] = 0.000754
E[P_neut(12)] = 0.000740
E[P_neut(13)] = 0.000655
E[P_neut(14)] = 0.000626
E[P_neut(15)] = 0.000576
E[P_neut(16)] = 0.000506
E[P_neut(17)] = 0.000517
E[P_neut(18)] = 0.000480
E[P_neut(19)] = 0.000454

---- Expected P_sel(i), 0 < i < n (selected SFS per site) 
E[P_sel(1)] = 0.003745
E[P_sel(2)] = 0.001476
E[P_sel(3)] = 0.000901
E[P_sel(4)] = 0.000611
E[P_sel(5)] = 0.000452
E[P_sel(6)] = 0.000379
E[P_sel(7)] = 0.000314
E[P_sel(8)] = 0.000264
E[P_sel(9)] = 0.000236
E[P_sel(10)] = 0.000207
E[P_sel(11)] = 0.000177
E[P_sel(12)] = 0.000172
E[P_sel(13)] = 0.000151
E[P_sel(14)] = 0.000144
E[P_sel(15)] = 0.000132
E[P_sel(16)] = 0.000117
E[P_sel(17)] = 0.000121
E[P_sel(18)] = 0.000115
E[P_sel(19)] = 0.000114

---- Expected D_neut and D_sel (neutral and selected divergence per site) 
E[D_neut] = 0.005405
E[D_sel] = 0.001636

---- Expected neutral and selected misattributed polymorphism per site
E[mis_neut] = 0.000475
E[mis_sel] = 0.000128

---- alpha_div = 0.333330
---- alpha_dfe = 0.333223



