---- Performing inference on Ns25_pa_0.002_boots/Ns25_pa_0.002.64.polyDFE.txt using model B

---- Warning: mutation variability is not used when only one neutral and one selected fragment is available.
---- No mutation variability. Using Poisson likelihood.

---- Using provided initial values


-- Starting local optimization
 it       eps_an        lambda        theta_bar      S_d            b             r  2          r  3          r  4          r  5          r  6          r  7          r  8          r  9          r 10          r 11          r 12          r 13          r 14          r 15          r 16          r 17          r 18          r 19          r 20         ln lk             grad     status
  0      4.50e-06       0.00500       0.00100     -400.00000       0.40000       1.00000       1.00000       1.00000       1.00000       1.00000       1.00000       1.00000       1.00000       1.00000       1.00000       1.00000       1.00000       1.00000       1.00000       1.00000       1.00000       1.00000       1.00000       1.00000  -246970.5399815536   1823.80254   -2
796      4.45e-06       0.00015       0.00955    -5858.03589       0.14045       0.94794       0.92389       0.87349       0.87623       0.87701       0.89158       0.84922       0.88232       0.88334       0.83958       0.86794       0.87725       0.86779       0.90846       0.86984       0.92494       0.87955       0.88968      12.18815  -404.0678913677      0.57368   -6
-- Local optimization: reached maximum running time allowed


---- Best joint likelihood found -404.06789 with gradient 0.57368
-- Model: B
--     eps_an        eps_cont      lambda        theta_bar     a        
--    4.45e-06      0.00e+00       0.00015       0.00955       -1.00000  
--      S_d            b             p_b           S_b      
--  -5858.03589       0.14045      0.00e+00      0.00e+00  
--     r  2          r  3          r  4          r  5          r  6          r  7          r  8          r  9          r 10          r 11          r 12          r 13          r 14          r 15          r 16          r 17          r 18          r 19          r 20     
--     0.94794       0.92389       0.87349       0.87623       0.87701       0.89158       0.84922       0.88232       0.88334       0.83958       0.86794       0.87725       0.86779       0.90846       0.86984       0.92494       0.87955       0.88968      12.18815  

---- Expected P_neut(i), 0 < i < n (neutral SFS per site) 
E[P_neut(1)] = 0.009545
E[P_neut(2)] = 0.004524
E[P_neut(3)] = 0.002940
E[P_neut(4)] = 0.002084
E[P_neut(5)] = 0.001673
E[P_neut(6)] = 0.001395
E[P_neut(7)] = 0.001216
E[P_neut(8)] = 0.001013
E[P_neut(9)] = 0.000936
E[P_neut(10)] = 0.000843
E[P_neut(11)] = 0.000729
E[P_neut(12)] = 0.000690
E[P_neut(13)] = 0.000644
E[P_neut(14)] = 0.000592
E[P_neut(15)] = 0.000578
E[P_neut(16)] = 0.000519
E[P_neut(17)] = 0.000519
E[P_neut(18)] = 0.000466
E[P_neut(19)] = 0.000447

---- Expected P_sel(i), 0 < i < n (selected SFS per site) 
E[P_sel(1)] = 0.003650
E[P_sel(2)] = 0.001503
E[P_sel(3)] = 0.000915
E[P_sel(4)] = 0.000622
E[P_sel(5)] = 0.000484
E[P_sel(6)] = 0.000394
E[P_sel(7)] = 0.000337
E[P_sel(8)] = 0.000276
E[P_sel(9)] = 0.000251
E[P_sel(10)] = 0.000224
E[P_sel(11)] = 0.000191
E[P_sel(12)] = 0.000179
E[P_sel(13)] = 0.000166
E[P_sel(14)] = 0.000151
E[P_sel(15)] = 0.000146
E[P_sel(16)] = 0.000130
E[P_sel(17)] = 0.000129
E[P_sel(18)] = 0.000115
E[P_sel(19)] = 0.000110

---- Expected D_neut and D_sel (neutral and selected divergence per site) 
E[D_neut] = 0.005967
E[D_sel] = 0.001458

---- Expected neutral and selected misattributed polymorphism per site
E[mis_neut] = 0.005817
E[mis_sel] = 0.001421

---- alpha_div = 1.416676
---- alpha_dfe = 0.000000



