---- Performing inference on Ns25_pa_0.002_boots/Ns25_pa_0.002.4.polyDFE.txt using model B

---- Warning: mutation variability is not used when only one neutral and one selected fragment is available.
---- No mutation variability. Using Poisson likelihood.

---- Using provided initial values


-- Starting local optimization
 it       eps_an        eps_cont      theta_bar      S_d            b             p_b           S_b           r  2          r  3          r  4          r  5          r  6          r  7          r  8          r  9          r 10          r 11          r 12          r 13          r 14          r 15          r 16          r 17          r 18          r 19         ln lk             grad     status
  0      4.50e-06      9.00e-07       0.00100     -400.00000       0.40000       0.02000       4.00000       1.00000       1.00000       1.00000       1.00000       1.00000       1.00000       1.00000       1.00000       1.00000       1.00000       1.00000       1.00000       1.00000       1.00000       1.00000       1.00000       1.00000       1.00000  -228768.0979052438   1611.14001   -2
443      4.63e-06      8.99e-07       0.00939    -1203.57049       0.18805       0.00143      49.02609       0.96868       0.98291       0.93245       0.90873       0.88526       0.91289       0.91040       0.93466       0.91514       0.85980       0.88946       0.87858       0.92559       0.92825       0.92503       0.96563       0.92934       0.96451  -190.1309103453      0.00069   -3
-- Local optimization: stuck in the same solution


---- Best joint likelihood found -190.13091 with gradient 0.00069
-- Model: B
--     eps_an        eps_cont      theta_bar     a        
--    4.63e-06      8.99e-07       0.00939       -1.00000  
--      S_d            b             p_b           S_b      
--  -1203.57049       0.18805       0.00143      49.02609  
--     r  2          r  3          r  4          r  5          r  6          r  7          r  8          r  9          r 10          r 11          r 12          r 13          r 14          r 15          r 16          r 17          r 18          r 19     
--     0.96868       0.98291       0.93245       0.90873       0.88526       0.91289       0.91040       0.93466       0.91514       0.85980       0.88946       0.87858       0.92559       0.92825       0.92503       0.96563       0.92934       0.96451  

---- Expected P_neut(i), 0 < i < n (neutral SFS per site) 
E[P_neut(1)] = 0.009390
E[P_neut(2)] = 0.004548
E[P_neut(3)] = 0.003077
E[P_neut(4)] = 0.002189
E[P_neut(5)] = 0.001707
E[P_neut(6)] = 0.001385
E[P_neut(7)] = 0.001225
E[P_neut(8)] = 0.001069
E[P_neut(9)] = 0.000975
E[P_neut(10)] = 0.000859
E[P_neut(11)] = 0.000734
E[P_neut(12)] = 0.000696
E[P_neut(13)] = 0.000635
E[P_neut(14)] = 0.000621
E[P_neut(15)] = 0.000581
E[P_neut(16)] = 0.000543
E[P_neut(17)] = 0.000533
E[P_neut(18)] = 0.000485
E[P_neut(19)] = 0.000477

---- Expected P_sel(i), 0 < i < n (selected SFS per site) 
E[P_sel(1)] = 0.003703
E[P_sel(2)] = 0.001485
E[P_sel(3)] = 0.000920
E[P_sel(4)] = 0.000619
E[P_sel(5)] = 0.000464
E[P_sel(6)] = 0.000365
E[P_sel(7)] = 0.000314
E[P_sel(8)] = 0.000268
E[P_sel(9)] = 0.000241
E[P_sel(10)] = 0.000209
E[P_sel(11)] = 0.000176
E[P_sel(12)] = 0.000165
E[P_sel(13)] = 0.000149
E[P_sel(14)] = 0.000144
E[P_sel(15)] = 0.000134
E[P_sel(16)] = 0.000125
E[P_sel(17)] = 0.000123
E[P_sel(18)] = 0.000113
E[P_sel(19)] = 0.000117

---- Expected neutral and selected misattributed polymorphism per site
E[mis_neut] = 0.000470
E[mis_sel] = 0.000118

---- alpha_div = 0.296866
---- alpha_dfe = 0.246589



