---- Performing inference on Ns25_pa_0.002_boots/Ns25_pa_0.002.96.polyDFE.txt using model B

---- Warning: mutation variability is not used when only one neutral and one selected fragment is available.
---- No mutation variability. Using Poisson likelihood.

---- Using provided initial values


-- Starting local optimization
 it       eps_an        eps_cont      theta_bar      S_d            b             p_b           S_b           r  2          r  3          r  4          r  5          r  6          r  7          r  8          r  9          r 10          r 11          r 12          r 13          r 14          r 15          r 16          r 17          r 18          r 19         ln lk             grad     status
  0      4.50e-06      9.00e-07       0.00100     -400.00000       0.40000       0.02000       4.00000       1.00000       1.00000       1.00000       1.00000       1.00000       1.00000       1.00000       1.00000       1.00000       1.00000       1.00000       1.00000       1.00000       1.00000       1.00000       1.00000       1.00000       1.00000  -228948.0996026053   1611.22335   -2
762      4.50e-06      9.00e-07       0.00938     -895.93634       0.20014       0.00274      11.59819       0.96332       0.95527       0.93284       0.89808       0.91718       0.90047       0.91173       0.92508       0.94182       0.93606       0.89530       0.93610       0.95788       0.91897       0.93563       0.93905       0.92556       0.98295  -199.0711768530      0.00539   -3
-- Local optimization: stuck in the same solution


---- Best joint likelihood found -199.07118 with gradient 0.00539
-- Model: B
--     eps_an        eps_cont      theta_bar     a        
--    4.50e-06      9.00e-07       0.00938       -1.00000  
--      S_d            b             p_b           S_b      
--   -895.93634       0.20014       0.00274      11.59819  
--     r  2          r  3          r  4          r  5          r  6          r  7          r  8          r  9          r 10          r 11          r 12          r 13          r 14          r 15          r 16          r 17          r 18          r 19     
--     0.96332       0.95527       0.93284       0.89808       0.91718       0.90047       0.91173       0.92508       0.94182       0.93606       0.89530       0.93610       0.95788       0.91897       0.93563       0.93905       0.92556       0.98295  

---- Expected P_neut(i), 0 < i < n (neutral SFS per site) 
E[P_neut(1)] = 0.009383
E[P_neut(2)] = 0.004519
E[P_neut(3)] = 0.002988
E[P_neut(4)] = 0.002188
E[P_neut(5)] = 0.001685
E[P_neut(6)] = 0.001434
E[P_neut(7)] = 0.001207
E[P_neut(8)] = 0.001069
E[P_neut(9)] = 0.000964
E[P_neut(10)] = 0.000884
E[P_neut(11)] = 0.000798
E[P_neut(12)] = 0.000700
E[P_neut(13)] = 0.000676
E[P_neut(14)] = 0.000642
E[P_neut(15)] = 0.000575
E[P_neut(16)] = 0.000549
E[P_neut(17)] = 0.000518
E[P_neut(18)] = 0.000482
E[P_neut(19)] = 0.000485

---- Expected P_sel(i), 0 < i < n (selected SFS per site) 
E[P_sel(1)] = 0.003750
E[P_sel(2)] = 0.001480
E[P_sel(3)] = 0.000892
E[P_sel(4)] = 0.000616
E[P_sel(5)] = 0.000455
E[P_sel(6)] = 0.000374
E[P_sel(7)] = 0.000307
E[P_sel(8)] = 0.000266
E[P_sel(9)] = 0.000235
E[P_sel(10)] = 0.000212
E[P_sel(11)] = 0.000189
E[P_sel(12)] = 0.000164
E[P_sel(13)] = 0.000157
E[P_sel(14)] = 0.000148
E[P_sel(15)] = 0.000132
E[P_sel(16)] = 0.000125
E[P_sel(17)] = 0.000118
E[P_sel(18)] = 0.000111
E[P_sel(19)] = 0.000112

---- Expected neutral and selected misattributed polymorphism per site
E[mis_neut] = 0.000469
E[mis_sel] = 0.000110

---- alpha_div = 0.323391
---- alpha_dfe = 0.132813



