---- Performing inference on Ns25_pa_0.002_boots/Ns25_pa_0.002.7.polyDFE.txt using model B

---- Warning: mutation variability is not used when only one neutral and one selected fragment is available.
---- No mutation variability. Using Poisson likelihood.

---- Using provided initial values


-- Starting local optimization
 it       eps_an        eps_cont      theta_bar      S_d            b             p_b           S_b           r  2          r  3          r  4          r  5          r  6          r  7          r  8          r  9          r 10          r 11          r 12          r 13          r 14          r 15          r 16          r 17          r 18          r 19         ln lk             grad     status
  0      4.50e-06      9.00e-07       0.00100     -400.00000       0.40000       0.02000       4.00000       1.00000       1.00000       1.00000       1.00000       1.00000       1.00000       1.00000       1.00000       1.00000       1.00000       1.00000       1.00000       1.00000       1.00000       1.00000       1.00000       1.00000       1.00000  -229929.7523170584   1616.89953   -2
527      4.66e-06      9.00e-07       0.00937    -1072.39855       0.19226       0.00189      37.42946       0.97639       0.96754       0.93354       0.91145       0.90496       0.90431       0.90699       0.93695       0.93806       0.89095       0.93564       0.89120       0.93924       0.95029       0.95797       0.94333       0.95895       0.94819  -198.7319870190      0.00847   -3
-- Local optimization: stuck in the same solution


---- Best joint likelihood found -198.73199 with gradient 0.00847
-- Model: B
--     eps_an        eps_cont      theta_bar     a        
--    4.66e-06      9.00e-07       0.00937       -1.00000  
--      S_d            b             p_b           S_b      
--  -1072.39855       0.19226       0.00189      37.42946  
--     r  2          r  3          r  4          r  5          r  6          r  7          r  8          r  9          r 10          r 11          r 12          r 13          r 14          r 15          r 16          r 17          r 18          r 19     
--     0.97639       0.96754       0.93354       0.91145       0.90496       0.90431       0.90699       0.93695       0.93806       0.89095       0.93564       0.89120       0.93924       0.95029       0.95797       0.94333       0.95895       0.94819  

---- Expected P_neut(i), 0 < i < n (neutral SFS per site) 
E[P_neut(1)] = 0.009372
E[P_neut(2)] = 0.004575
E[P_neut(3)] = 0.003023
E[P_neut(4)] = 0.002187
E[P_neut(5)] = 0.001708
E[P_neut(6)] = 0.001414
E[P_neut(7)] = 0.001211
E[P_neut(8)] = 0.001063
E[P_neut(9)] = 0.000976
E[P_neut(10)] = 0.000879
E[P_neut(11)] = 0.000759
E[P_neut(12)] = 0.000731
E[P_neut(13)] = 0.000642
E[P_neut(14)] = 0.000629
E[P_neut(15)] = 0.000594
E[P_neut(16)] = 0.000561
E[P_neut(17)] = 0.000520
E[P_neut(18)] = 0.000499
E[P_neut(19)] = 0.000468

---- Expected P_sel(i), 0 < i < n (selected SFS per site) 
E[P_sel(1)] = 0.003719
E[P_sel(2)] = 0.001498
E[P_sel(3)] = 0.000905
E[P_sel(4)] = 0.000619
E[P_sel(5)] = 0.000464
E[P_sel(6)] = 0.000372
E[P_sel(7)] = 0.000310
E[P_sel(8)] = 0.000266
E[P_sel(9)] = 0.000240
E[P_sel(10)] = 0.000213
E[P_sel(11)] = 0.000181
E[P_sel(12)] = 0.000173
E[P_sel(13)] = 0.000150
E[P_sel(14)] = 0.000146
E[P_sel(15)] = 0.000137
E[P_sel(16)] = 0.000129
E[P_sel(17)] = 0.000120
E[P_sel(18)] = 0.000117
E[P_sel(19)] = 0.000112

---- Expected neutral and selected misattributed polymorphism per site
E[mis_neut] = 0.000469
E[mis_sel] = 0.000119

---- alpha_div = 0.303993
---- alpha_dfe = 0.250467



