---- Performing inference on Ns25_pa_0.002_boots/Ns25_pa_0.002.45.polyDFE.txt using model B

---- Warning: mutation variability is not used when only one neutral and one selected fragment is available.
---- No mutation variability. Using Poisson likelihood.

---- Using provided initial values


-- Starting local optimization
 it       eps_an        lambda        theta_bar      S_d            b             r  2          r  3          r  4          r  5          r  6          r  7          r  8          r  9          r 10          r 11          r 12          r 13          r 14          r 15          r 16          r 17          r 18          r 19          r 20         ln lk             grad     status
  0      4.50e-06       0.00500       0.00100     -400.00000       0.40000       1.00000       1.00000       1.00000       1.00000       1.00000       1.00000       1.00000       1.00000       1.00000       1.00000       1.00000       1.00000       1.00000       1.00000       1.00000       1.00000       1.00000       1.00000       1.00000  -245310.1729404421   1818.39759   -2
634      4.47e-06       0.00023       0.00958    -9638.24125       0.13101       0.92713       0.92798       0.86909       0.85768       0.88938       0.84126       0.85042       0.85818       0.86737       0.85473       0.85166       0.82978       0.86130       0.87143       0.82802       0.89278       0.87290       0.88112      12.03383  -406.6475639761      0.01607   -3
-- Local optimization: stuck in the same solution


---- Best joint likelihood found -406.64756 with gradient 0.01607
-- Model: B
--     eps_an        eps_cont      lambda        theta_bar     a        
--    4.47e-06      0.00e+00       0.00023       0.00958       -1.00000  
--      S_d            b             p_b           S_b      
--  -9638.24125       0.13101      0.00e+00      0.00e+00  
--     r  2          r  3          r  4          r  5          r  6          r  7          r  8          r  9          r 10          r 11          r 12          r 13          r 14          r 15          r 16          r 17          r 18          r 19          r 20     
--     0.92713       0.92798       0.86909       0.85768       0.88938       0.84126       0.85042       0.85818       0.86737       0.85473       0.85166       0.82978       0.86130       0.87143       0.82802       0.89278       0.87290       0.88112      12.03383  

---- Expected P_neut(i), 0 < i < n (neutral SFS per site) 
E[P_neut(1)] = 0.009578
E[P_neut(2)] = 0.004440
E[P_neut(3)] = 0.002963
E[P_neut(4)] = 0.002081
E[P_neut(5)] = 0.001643
E[P_neut(6)] = 0.001420
E[P_neut(7)] = 0.001151
E[P_neut(8)] = 0.001018
E[P_neut(9)] = 0.000913
E[P_neut(10)] = 0.000831
E[P_neut(11)] = 0.000744
E[P_neut(12)] = 0.000680
E[P_neut(13)] = 0.000611
E[P_neut(14)] = 0.000589
E[P_neut(15)] = 0.000556
E[P_neut(16)] = 0.000496
E[P_neut(17)] = 0.000503
E[P_neut(18)] = 0.000464
E[P_neut(19)] = 0.000444

---- Expected P_sel(i), 0 < i < n (selected SFS per site) 
E[P_sel(1)] = 0.003625
E[P_sel(2)] = 0.001474
E[P_sel(3)] = 0.000926
E[P_sel(4)] = 0.000625
E[P_sel(5)] = 0.000480
E[P_sel(6)] = 0.000406
E[P_sel(7)] = 0.000323
E[P_sel(8)] = 0.000281
E[P_sel(9)] = 0.000249
E[P_sel(10)] = 0.000224
E[P_sel(11)] = 0.000198
E[P_sel(12)] = 0.000179
E[P_sel(13)] = 0.000160
E[P_sel(14)] = 0.000153
E[P_sel(15)] = 0.000143
E[P_sel(16)] = 0.000127
E[P_sel(17)] = 0.000128
E[P_sel(18)] = 0.000117
E[P_sel(19)] = 0.000111

---- Expected D_neut and D_sel (neutral and selected divergence per site) 
E[D_neut] = 0.005993
E[D_sel] = 0.001494

---- Expected neutral and selected misattributed polymorphism per site
E[mis_neut] = 0.005763
E[mis_sel] = 0.001437

---- alpha_div = 1.291592
---- alpha_dfe = 0.000000



