---- Performing inference on Ns25_pa_0.002_boots/Ns25_pa_0.002.58.polyDFE.txt using model B

---- Warning: mutation variability is not used when only one neutral and one selected fragment is available.
---- No mutation variability. Using Poisson likelihood.

---- Using provided initial values


-- Starting local optimization
 it       eps_an        theta_bar      S_d            b             r  2          r  3          r  4          r  5          r  6          r  7          r  8          r  9          r 10          r 11          r 12          r 13          r 14          r 15          r 16          r 17          r 18          r 19         ln lk             grad     status
  0      4.50e-06       0.00100     -400.00000       0.40000       1.00000       1.00000       1.00000       1.00000       1.00000       1.00000       1.00000       1.00000       1.00000       1.00000       1.00000       1.00000       1.00000       1.00000       1.00000       1.00000       1.00000       1.00000  -238379.3031521198   1699.19357   -2
169      4.50e-06       0.00946    -1481.64412       0.18178       0.95596       0.95177       0.91769       0.92149       0.90771       0.91337       0.90731       0.92261       0.91017       0.89177       0.90798       0.91049       0.94612       0.94101       0.92444       0.94745       0.96401       0.96405  -199.1394922070      0.00121   -3
-- Local optimization: stuck in the same solution


---- Best joint likelihood found -199.13949 with gradient 0.00121
-- Model: B
--     eps_an        eps_cont      theta_bar     a        
--    4.50e-06      0.00e+00       0.00946       -1.00000  
--      S_d            b             p_b           S_b      
--  -1481.64412       0.18178      0.00e+00      0.00e+00  
--     r  2          r  3          r  4          r  5          r  6          r  7          r  8          r  9          r 10          r 11          r 12          r 13          r 14          r 15          r 16          r 17          r 18          r 19     
--     0.95596       0.95177       0.91769       0.92149       0.90771       0.91337       0.90731       0.92261       0.91017       0.89177       0.90798       0.91049       0.94612       0.94101       0.92444       0.94745       0.96401       0.96405  

---- Expected P_neut(i), 0 < i < n (neutral SFS per site) 
E[P_neut(1)] = 0.009463
E[P_neut(2)] = 0.004523
E[P_neut(3)] = 0.003002
E[P_neut(4)] = 0.002171
E[P_neut(5)] = 0.001744
E[P_neut(6)] = 0.001432
E[P_neut(7)] = 0.001235
E[P_neut(8)] = 0.001073
E[P_neut(9)] = 0.000970
E[P_neut(10)] = 0.000861
E[P_neut(11)] = 0.000767
E[P_neut(12)] = 0.000716
E[P_neut(13)] = 0.000663
E[P_neut(14)] = 0.000639
E[P_neut(15)] = 0.000594
E[P_neut(16)] = 0.000547
E[P_neut(17)] = 0.000527
E[P_neut(18)] = 0.000507
E[P_neut(19)] = 0.000480

---- Expected P_sel(i), 0 < i < n (selected SFS per site) 
E[P_sel(1)] = 0.003677
E[P_sel(2)] = 0.001463
E[P_sel(3)] = 0.000891
E[P_sel(4)] = 0.000610
E[P_sel(5)] = 0.000471
E[P_sel(6)] = 0.000375
E[P_sel(7)] = 0.000315
E[P_sel(8)] = 0.000268
E[P_sel(9)] = 0.000238
E[P_sel(10)] = 0.000208
E[P_sel(11)] = 0.000182
E[P_sel(12)] = 0.000168
E[P_sel(13)] = 0.000153
E[P_sel(14)] = 0.000146
E[P_sel(15)] = 0.000135
E[P_sel(16)] = 0.000123
E[P_sel(17)] = 0.000117
E[P_sel(18)] = 0.000112
E[P_sel(19)] = 0.000105

---- Expected neutral and selected misattributed polymorphism per site
E[mis_neut] = 0.000473
E[mis_sel] = 0.000103

---- alpha_div = 0.303487
---- alpha_dfe = 0.000000



