---- Performing inference on Ns25_pa_0.002_boots/Ns25_pa_0.002.45.polyDFE.txt using model B

---- Warning: mutation variability is not used when only one neutral and one selected fragment is available.
---- No mutation variability. Using Poisson likelihood.

---- Using provided initial values


-- Starting local optimization
 it       eps_an        theta_bar      S_d            b             r  2          r  3          r  4          r  5          r  6          r  7          r  8          r  9          r 10          r 11          r 12          r 13          r 14          r 15          r 16          r 17          r 18          r 19         ln lk             grad     status
  0      4.50e-06       0.00100     -400.00000       0.40000       1.00000       1.00000       1.00000       1.00000       1.00000       1.00000       1.00000       1.00000       1.00000       1.00000       1.00000       1.00000       1.00000       1.00000       1.00000       1.00000       1.00000       1.00000  -236904.7911910104   1693.56535   -2
219      4.50e-06       0.00941    -1472.30612       0.18023       0.95223       0.96373       0.90850       0.90069       0.93714       0.88885       0.90053       0.91040       0.92166       0.90952       0.90741       0.88510       0.91967       0.93136       0.88569       0.95571       0.93516       0.94460  -202.4240274290      0.00104   -3
-- Local optimization: stuck in the same solution


---- Best joint likelihood found -202.42403 with gradient 0.00104
-- Model: B
--     eps_an        eps_cont      theta_bar     a        
--    4.50e-06      0.00e+00       0.00941       -1.00000  
--      S_d            b             p_b           S_b      
--  -1472.30612       0.18023      0.00e+00      0.00e+00  
--     r  2          r  3          r  4          r  5          r  6          r  7          r  8          r  9          r 10          r 11          r 12          r 13          r 14          r 15          r 16          r 17          r 18          r 19     
--     0.95223       0.96373       0.90850       0.90069       0.93714       0.88885       0.90053       0.91040       0.92166       0.90952       0.90741       0.88510       0.91967       0.93136       0.88569       0.95571       0.93516       0.94460  

---- Expected P_neut(i), 0 < i < n (neutral SFS per site) 
E[P_neut(1)] = 0.009406
E[P_neut(2)] = 0.004478
E[P_neut(3)] = 0.003022
E[P_neut(4)] = 0.002136
E[P_neut(5)] = 0.001694
E[P_neut(6)] = 0.001469
E[P_neut(7)] = 0.001194
E[P_neut(8)] = 0.001059
E[P_neut(9)] = 0.000952
E[P_neut(10)] = 0.000867
E[P_neut(11)] = 0.000778
E[P_neut(12)] = 0.000711
E[P_neut(13)] = 0.000640
E[P_neut(14)] = 0.000618
E[P_neut(15)] = 0.000584
E[P_neut(16)] = 0.000521
E[P_neut(17)] = 0.000529
E[P_neut(18)] = 0.000489
E[P_neut(19)] = 0.000468

---- Expected P_sel(i), 0 < i < n (selected SFS per site) 
E[P_sel(1)] = 0.003682
E[P_sel(2)] = 0.001462
E[P_sel(3)] = 0.000906
E[P_sel(4)] = 0.000607
E[P_sel(5)] = 0.000463
E[P_sel(6)] = 0.000389
E[P_sel(7)] = 0.000308
E[P_sel(8)] = 0.000268
E[P_sel(9)] = 0.000236
E[P_sel(10)] = 0.000212
E[P_sel(11)] = 0.000187
E[P_sel(12)] = 0.000169
E[P_sel(13)] = 0.000150
E[P_sel(14)] = 0.000143
E[P_sel(15)] = 0.000134
E[P_sel(16)] = 0.000118
E[P_sel(17)] = 0.000119
E[P_sel(18)] = 0.000109
E[P_sel(19)] = 0.000104

---- Expected neutral and selected misattributed polymorphism per site
E[mis_neut] = 0.000470
E[mis_sel] = 0.000103

---- alpha_div = 0.293346
---- alpha_dfe = 0.000000



