---- Performing inference on Ns25_pa_0.002_boots/Ns25_pa_0.002.55.polyDFE.txt using model B

---- Warning: mutation variability is not used when only one neutral and one selected fragment is available.
---- No mutation variability. Using Poisson likelihood.

---- Using provided initial values


-- Starting local optimization
 it       eps_an        theta_bar      S_d            b             r  2          r  3          r  4          r  5          r  6          r  7          r  8          r  9          r 10          r 11          r 12          r 13          r 14          r 15          r 16          r 17          r 18          r 19         ln lk             grad     status
  0      4.50e-06       0.00100     -400.00000       0.40000       1.00000       1.00000       1.00000       1.00000       1.00000       1.00000       1.00000       1.00000       1.00000       1.00000       1.00000       1.00000       1.00000       1.00000       1.00000       1.00000       1.00000       1.00000  -237953.7736586569   1699.77549   -2
168      4.50e-06       0.00933    -1091.67202       0.18900       0.95926       0.95718       0.92813       0.90804       0.92694       0.91378       0.92413       0.94759       0.91878       0.88081       0.93305       0.95021       0.94909       0.92857       0.90414       0.92897       0.93009       0.97861  -195.4141135081      0.00033   -3
-- Local optimization: stuck in the same solution


---- Best joint likelihood found -195.41411 with gradient 0.00033
-- Model: B
--     eps_an        eps_cont      theta_bar     a        
--    4.50e-06      0.00e+00       0.00933       -1.00000  
--      S_d            b             p_b           S_b      
--  -1091.67202       0.18900      0.00e+00      0.00e+00  
--     r  2          r  3          r  4          r  5          r  6          r  7          r  8          r  9          r 10          r 11          r 12          r 13          r 14          r 15          r 16          r 17          r 18          r 19     
--     0.95926       0.95718       0.92813       0.90804       0.92694       0.91378       0.92413       0.94759       0.91878       0.88081       0.93305       0.95021       0.94909       0.92857       0.90414       0.92897       0.93009       0.97861  

---- Expected P_neut(i), 0 < i < n (neutral SFS per site) 
E[P_neut(1)] = 0.009328
E[P_neut(2)] = 0.004474
E[P_neut(3)] = 0.002976
E[P_neut(4)] = 0.002164
E[P_neut(5)] = 0.001694
E[P_neut(6)] = 0.001441
E[P_neut(7)] = 0.001218
E[P_neut(8)] = 0.001078
E[P_neut(9)] = 0.000982
E[P_neut(10)] = 0.000857
E[P_neut(11)] = 0.000747
E[P_neut(12)] = 0.000725
E[P_neut(13)] = 0.000682
E[P_neut(14)] = 0.000632
E[P_neut(15)] = 0.000577
E[P_neut(16)] = 0.000527
E[P_neut(17)] = 0.000510
E[P_neut(18)] = 0.000482
E[P_neut(19)] = 0.000481

---- Expected P_sel(i), 0 < i < n (selected SFS per site) 
E[P_sel(1)] = 0.003723
E[P_sel(2)] = 0.001476
E[P_sel(3)] = 0.000899
E[P_sel(4)] = 0.000617
E[P_sel(5)] = 0.000464
E[P_sel(6)] = 0.000382
E[P_sel(7)] = 0.000314
E[P_sel(8)] = 0.000272
E[P_sel(9)] = 0.000243
E[P_sel(10)] = 0.000208
E[P_sel(11)] = 0.000179
E[P_sel(12)] = 0.000171
E[P_sel(13)] = 0.000159
E[P_sel(14)] = 0.000146
E[P_sel(15)] = 0.000132
E[P_sel(16)] = 0.000119
E[P_sel(17)] = 0.000114
E[P_sel(18)] = 0.000107
E[P_sel(19)] = 0.000106

---- Expected neutral and selected misattributed polymorphism per site
E[mis_neut] = 0.000466
E[mis_sel] = 0.000102

---- alpha_div = 0.300065
---- alpha_dfe = 0.000000



