---- Performing inference on Ns25_pa_0.002_boots/Ns25_pa_0.002.68.polyDFE.txt using model B

---- Warning: mutation variability is not used when only one neutral and one selected fragment is available.
---- No mutation variability. Using Poisson likelihood.

---- Using provided initial values


-- Starting local optimization
 it       eps_an        eps_cont      theta_bar      S_d            b             p_b           S_b           r  2          r  3          r  4          r  5          r  6          r  7          r  8          r  9          r 10          r 11          r 12          r 13          r 14          r 15          r 16          r 17          r 18          r 19         ln lk             grad     status
  0      4.50e-06      9.00e-07       0.00100     -400.00000       0.40000       0.02000       4.00000       1.00000       1.00000       1.00000       1.00000       1.00000       1.00000       1.00000       1.00000       1.00000       1.00000       1.00000       1.00000       1.00000       1.00000       1.00000       1.00000       1.00000       1.00000  -228939.8910012655   1611.18194   -2
480      4.50e-06      9.00e-07       0.00938     -889.68476       0.20314       0.00476       9.30645       0.97456       0.95863       0.93719       0.92626       0.94665       0.92852       0.89297       0.92125       0.95368       0.89899       0.94433       0.88339       0.89580       0.96936       0.86936       0.92435       0.90161       0.95436  -193.1325785492      0.00168   -3
-- Local optimization: stuck in the same solution


---- Best joint likelihood found -193.13258 with gradient 0.00168
-- Model: B
--     eps_an        eps_cont      theta_bar     a        
--    4.50e-06      9.00e-07       0.00938       -1.00000  
--      S_d            b             p_b           S_b      
--   -889.68476       0.20314       0.00476       9.30645  
--     r  2          r  3          r  4          r  5          r  6          r  7          r  8          r  9          r 10          r 11          r 12          r 13          r 14          r 15          r 16          r 17          r 18          r 19     
--     0.97456       0.95863       0.93719       0.92626       0.94665       0.92852       0.89297       0.92125       0.95368       0.89899       0.94433       0.88339       0.89580       0.96936       0.86936       0.92435       0.90161       0.95436  

---- Expected P_neut(i), 0 < i < n (neutral SFS per site) 
E[P_neut(1)] = 0.009378
E[P_neut(2)] = 0.004569
E[P_neut(3)] = 0.002997
E[P_neut(4)] = 0.002197
E[P_neut(5)] = 0.001737
E[P_neut(6)] = 0.001480
E[P_neut(7)] = 0.001244
E[P_neut(8)] = 0.001047
E[P_neut(9)] = 0.000960
E[P_neut(10)] = 0.000894
E[P_neut(11)] = 0.000766
E[P_neut(12)] = 0.000738
E[P_neut(13)] = 0.000637
E[P_neut(14)] = 0.000600
E[P_neut(15)] = 0.000606
E[P_neut(16)] = 0.000510
E[P_neut(17)] = 0.000510
E[P_neut(18)] = 0.000470
E[P_neut(19)] = 0.000471

---- Expected P_sel(i), 0 < i < n (selected SFS per site) 
E[P_sel(1)] = 0.003726
E[P_sel(2)] = 0.001485
E[P_sel(3)] = 0.000887
E[P_sel(4)] = 0.000614
E[P_sel(5)] = 0.000465
E[P_sel(6)] = 0.000384
E[P_sel(7)] = 0.000314
E[P_sel(8)] = 0.000259
E[P_sel(9)] = 0.000233
E[P_sel(10)] = 0.000214
E[P_sel(11)] = 0.000181
E[P_sel(12)] = 0.000173
E[P_sel(13)] = 0.000148
E[P_sel(14)] = 0.000139
E[P_sel(15)] = 0.000140
E[P_sel(16)] = 0.000118
E[P_sel(17)] = 0.000118
E[P_sel(18)] = 0.000110
E[P_sel(19)] = 0.000112

---- Expected neutral and selected misattributed polymorphism per site
E[mis_neut] = 0.000469
E[mis_sel] = 0.000113

---- alpha_div = 0.328180
---- alpha_dfe = 0.179214



