---- Performing inference on Ns25_pa_0.002_boots/Ns25_pa_0.002.18.polyDFE.txt using model B

---- Warning: mutation variability is not used when only one neutral and one selected fragment is available.
---- No mutation variability. Using Poisson likelihood.

---- Using provided initial values


-- Starting local optimization
 it       eps_an        eps_cont      lambda        theta_bar      S_d            b             p_b           S_b           r  2          r  3          r  4          r  5          r  6          r  7          r  8          r  9          r 10          r 11          r 12          r 13          r 14          r 15          r 16          r 17          r 18          r 19          r 20         ln lk             grad     status
  0      4.50e-06      9.00e-07       0.00500       0.00100     -400.00000       0.40000       0.02000       4.00000       1.00000       1.00000       1.00000       1.00000       1.00000       1.00000       1.00000       1.00000       1.00000       1.00000       1.00000       1.00000       1.00000       1.00000       1.00000       1.00000       1.00000       1.00000       1.00000  -232101.5815854922   1652.11983   -2
120      4.50e-06      9.00e-07       0.00500       0.00936     -819.80309       0.20185       0.00248      37.42879       0.96792       0.96048       0.92865       0.90674       0.93669       0.91704       0.91615       0.94002       0.91727       0.88678       0.90358       0.87799       0.93589       0.92761       0.91507       0.93154       0.90965       0.95127       0.89737  -201.9613819301      0.02820   -3
-- Local optimization: stuck in the same solution


---- Best joint likelihood found -201.96138 with gradient 0.02820
-- Model: B
--     eps_an        eps_cont      lambda        theta_bar     a        
--    4.50e-06      9.00e-07       0.00500       0.00936       -1.00000  
--      S_d            b             p_b           S_b      
--   -819.80309       0.20185       0.00248      37.42879  
--     r  2          r  3          r  4          r  5          r  6          r  7          r  8          r  9          r 10          r 11          r 12          r 13          r 14          r 15          r 16          r 17          r 18          r 19          r 20     
--     0.96792       0.96048       0.92865       0.90674       0.93669       0.91704       0.91615       0.94002       0.91727       0.88678       0.90358       0.87799       0.93589       0.92761       0.91507       0.93154       0.90965       0.95127       0.89737  

---- Expected P_neut(i), 0 < i < n (neutral SFS per site) 
E[P_neut(1)] = 0.009358
E[P_neut(2)] = 0.004529
E[P_neut(3)] = 0.002996
E[P_neut(4)] = 0.002173
E[P_neut(5)] = 0.001697
E[P_neut(6)] = 0.001461
E[P_neut(7)] = 0.001226
E[P_neut(8)] = 0.001072
E[P_neut(9)] = 0.000977
E[P_neut(10)] = 0.000858
E[P_neut(11)] = 0.000754
E[P_neut(12)] = 0.000705
E[P_neut(13)] = 0.000632
E[P_neut(14)] = 0.000626
E[P_neut(15)] = 0.000579
E[P_neut(16)] = 0.000535
E[P_neut(17)] = 0.000513
E[P_neut(18)] = 0.000473
E[P_neut(19)] = 0.000469

---- Expected P_sel(i), 0 < i < n (selected SFS per site) 
E[P_sel(1)] = 0.003781
E[P_sel(2)] = 0.001497
E[P_sel(3)] = 0.000902
E[P_sel(4)] = 0.000616
E[P_sel(5)] = 0.000461
E[P_sel(6)] = 0.000384
E[P_sel(7)] = 0.000314
E[P_sel(8)] = 0.000268
E[P_sel(9)] = 0.000240
E[P_sel(10)] = 0.000207
E[P_sel(11)] = 0.000180
E[P_sel(12)] = 0.000166
E[P_sel(13)] = 0.000147
E[P_sel(14)] = 0.000145
E[P_sel(15)] = 0.000133
E[P_sel(16)] = 0.000123
E[P_sel(17)] = 0.000119
E[P_sel(18)] = 0.000112
E[P_sel(19)] = 0.000115

---- Expected D_neut and D_sel (neutral and selected divergence per site) 
E[D_neut] = 0.005419
E[D_sel] = 0.001618

---- Expected neutral and selected misattributed polymorphism per site
E[mis_neut] = 0.000420
E[mis_sel] = 0.000111

---- alpha_div = 0.308660
---- alpha_dfe = 0.308063



