---- Performing inference on Ns25_pa_0.002_boots/Ns25_pa_0.002.75.polyDFE.txt using model B

---- Warning: mutation variability is not used when only one neutral and one selected fragment is available.
---- No mutation variability. Using Poisson likelihood.

---- Using provided initial values


-- Starting local optimization
 it       eps_an        eps_cont      theta_bar      S_d            b             p_b           S_b           r  2          r  3          r  4          r  5          r  6          r  7          r  8          r  9          r 10          r 11          r 12          r 13          r 14          r 15          r 16          r 17          r 18          r 19         ln lk             grad     status
  0      4.50e-06      9.00e-07       0.00100     -400.00000       0.40000       0.02000       4.00000       1.00000       1.00000       1.00000       1.00000       1.00000       1.00000       1.00000       1.00000       1.00000       1.00000       1.00000       1.00000       1.00000       1.00000       1.00000       1.00000       1.00000       1.00000  -227909.8798368328   1606.68732   -2
285      4.56e-06      8.99e-07       0.00943    -1365.21875       0.18345       0.00143      37.42984       0.95871       0.95337       0.91901       0.89549       0.91226       0.91193       0.89522       0.89421       0.89825       0.85915       0.88698       0.88942       0.92381       0.93392       0.89361       0.97489       0.95933       0.95303  -203.1030348833      0.03452   -3
-- Local optimization: stuck in the same solution


---- Best joint likelihood found -203.10303 with gradient 0.03452
-- Model: B
--     eps_an        eps_cont      theta_bar     a        
--    4.56e-06      8.99e-07       0.00943       -1.00000  
--      S_d            b             p_b           S_b      
--  -1365.21875       0.18345       0.00143      37.42984  
--     r  2          r  3          r  4          r  5          r  6          r  7          r  8          r  9          r 10          r 11          r 12          r 13          r 14          r 15          r 16          r 17          r 18          r 19     
--     0.95871       0.95337       0.91901       0.89549       0.91226       0.91193       0.89522       0.89421       0.89825       0.85915       0.88698       0.88942       0.92381       0.93392       0.89361       0.97489       0.95933       0.95303  

---- Expected P_neut(i), 0 < i < n (neutral SFS per site) 
E[P_neut(1)] = 0.009433
E[P_neut(2)] = 0.004522
E[P_neut(3)] = 0.002998
E[P_neut(4)] = 0.002167
E[P_neut(5)] = 0.001689
E[P_neut(6)] = 0.001434
E[P_neut(7)] = 0.001229
E[P_neut(8)] = 0.001056
E[P_neut(9)] = 0.000937
E[P_neut(10)] = 0.000847
E[P_neut(11)] = 0.000737
E[P_neut(12)] = 0.000697
E[P_neut(13)] = 0.000645
E[P_neut(14)] = 0.000622
E[P_neut(15)] = 0.000587
E[P_neut(16)] = 0.000527
E[P_neut(17)] = 0.000541
E[P_neut(18)] = 0.000503
E[P_neut(19)] = 0.000473

---- Expected P_sel(i), 0 < i < n (selected SFS per site) 
E[P_sel(1)] = 0.003702
E[P_sel(2)] = 0.001476
E[P_sel(3)] = 0.000899
E[P_sel(4)] = 0.000615
E[P_sel(5)] = 0.000461
E[P_sel(6)] = 0.000380
E[P_sel(7)] = 0.000317
E[P_sel(8)] = 0.000267
E[P_sel(9)] = 0.000233
E[P_sel(10)] = 0.000207
E[P_sel(11)] = 0.000178
E[P_sel(12)] = 0.000166
E[P_sel(13)] = 0.000152
E[P_sel(14)] = 0.000146
E[P_sel(15)] = 0.000137
E[P_sel(16)] = 0.000122
E[P_sel(17)] = 0.000125
E[P_sel(18)] = 0.000117
E[P_sel(19)] = 0.000113

---- Expected neutral and selected misattributed polymorphism per site
E[mis_neut] = 0.000472
E[mis_sel] = 0.000117

---- alpha_div = 0.293191
---- alpha_dfe = 0.199052



