---- Performing inference on Ns25_pa_0.002_boots/Ns25_pa_0.002.72.polyDFE.txt using model B

---- Warning: mutation variability is not used when only one neutral and one selected fragment is available.
---- No mutation variability. Using Poisson likelihood.

---- Using provided initial values


-- Starting local optimization
 it       eps_an        lambda        theta_bar      S_d            b             r  2          r  3          r  4          r  5          r  6          r  7          r  8          r  9          r 10          r 11          r 12          r 13          r 14          r 15          r 16          r 17          r 18          r 19          r 20         ln lk             grad     status
  0      4.50e-06       0.00500       0.00100     -400.00000       0.40000       1.00000       1.00000       1.00000       1.00000       1.00000       1.00000       1.00000       1.00000       1.00000       1.00000       1.00000       1.00000       1.00000       1.00000       1.00000       1.00000       1.00000       1.00000       1.00000  -248132.6955724990   1830.80937   -2
650      4.41e-06       0.00007       0.00960    -6809.33392       0.13736       0.95010       0.92277       0.89314       0.86949       0.86784       0.85544       0.85451       0.87219       0.87066       0.80748       0.82542       0.83932       0.87694       0.85673       0.85003       0.89292       0.85584       0.94113      12.43809  -469.2302589919      0.00396   -6
-- Local optimization: reached maximum running time allowed


---- Best joint likelihood found -469.23026 with gradient 0.00396
-- Model: B
--     eps_an        eps_cont      lambda        theta_bar     a        
--    4.41e-06      0.00e+00       0.00007       0.00960       -1.00000  
--      S_d            b             p_b           S_b      
--  -6809.33392       0.13736      0.00e+00      0.00e+00  
--     r  2          r  3          r  4          r  5          r  6          r  7          r  8          r  9          r 10          r 11          r 12          r 13          r 14          r 15          r 16          r 17          r 18          r 19          r 20     
--     0.95010       0.92277       0.89314       0.86949       0.86784       0.85544       0.85451       0.87219       0.87066       0.80748       0.82542       0.83932       0.87694       0.85673       0.85003       0.89292       0.85584       0.94113      12.43809  

---- Expected P_neut(i), 0 < i < n (neutral SFS per site) 
E[P_neut(1)] = 0.009605
E[P_neut(2)] = 0.004563
E[P_neut(3)] = 0.002954
E[P_neut(4)] = 0.002145
E[P_neut(5)] = 0.001670
E[P_neut(6)] = 0.001389
E[P_neut(7)] = 0.001174
E[P_neut(8)] = 0.001026
E[P_neut(9)] = 0.000931
E[P_neut(10)] = 0.000836
E[P_neut(11)] = 0.000705
E[P_neut(12)] = 0.000661
E[P_neut(13)] = 0.000620
E[P_neut(14)] = 0.000602
E[P_neut(15)] = 0.000549
E[P_neut(16)] = 0.000510
E[P_neut(17)] = 0.000505
E[P_neut(18)] = 0.000457
E[P_neut(19)] = 0.000476

---- Expected P_sel(i), 0 < i < n (selected SFS per site) 
E[P_sel(1)] = 0.003663
E[P_sel(2)] = 0.001517
E[P_sel(3)] = 0.000921
E[P_sel(4)] = 0.000642
E[P_sel(5)] = 0.000485
E[P_sel(6)] = 0.000394
E[P_sel(7)] = 0.000327
E[P_sel(8)] = 0.000281
E[P_sel(9)] = 0.000251
E[P_sel(10)] = 0.000223
E[P_sel(11)] = 0.000186
E[P_sel(12)] = 0.000172
E[P_sel(13)] = 0.000160
E[P_sel(14)] = 0.000154
E[P_sel(15)] = 0.000140
E[P_sel(16)] = 0.000129
E[P_sel(17)] = 0.000126
E[P_sel(18)] = 0.000114
E[P_sel(19)] = 0.000118

---- Expected D_neut and D_sel (neutral and selected divergence per site) 
E[D_neut] = 0.006039
E[D_sel] = 0.001486

---- Expected neutral and selected misattributed polymorphism per site
E[mis_neut] = 0.005973
E[mis_sel] = 0.001470

---- alpha_div = 1.597573
---- alpha_dfe = 0.000000



