---- Performing inference on Ns25_pa_0.002_boots/Ns25_pa_0.002.76.polyDFE.txt using model B

---- Warning: mutation variability is not used when only one neutral and one selected fragment is available.
---- No mutation variability. Using Poisson likelihood.

---- Using provided initial values


-- Starting local optimization
 it       eps_an        lambda        theta_bar      S_d            b             r  2          r  3          r  4          r  5          r  6          r  7          r  8          r  9          r 10          r 11          r 12          r 13          r 14          r 15          r 16          r 17          r 18          r 19          r 20         ln lk             grad     status
  0      4.50e-06       0.00500       0.00100     -400.00000       0.40000       1.00000       1.00000       1.00000       1.00000       1.00000       1.00000       1.00000       1.00000       1.00000       1.00000       1.00000       1.00000       1.00000       1.00000       1.00000       1.00000       1.00000       1.00000       1.00000  -247305.4524699697   1828.04698   -2
658      4.49e-06       0.00036       0.00949    -5255.23872       0.14120       0.94646       0.94015       0.89814       0.86919       0.87506       0.86345       0.84581       0.88024       0.84976       0.82267       0.89142       0.86769       0.91405       0.86888       0.85892       0.92153       0.87698       0.92862      11.81003  -402.5792960984      0.02681   -6
-- Local optimization: reached maximum running time allowed


---- Best joint likelihood found -402.57930 with gradient 0.02681
-- Model: B
--     eps_an        eps_cont      lambda        theta_bar     a        
--    4.49e-06      0.00e+00       0.00036       0.00949       -1.00000  
--      S_d            b             p_b           S_b      
--  -5255.23872       0.14120      0.00e+00      0.00e+00  
--     r  2          r  3          r  4          r  5          r  6          r  7          r  8          r  9          r 10          r 11          r 12          r 13          r 14          r 15          r 16          r 17          r 18          r 19          r 20     
--     0.94646       0.94015       0.89814       0.86919       0.87506       0.86345       0.84581       0.88024       0.84976       0.82267       0.89142       0.86769       0.91405       0.86888       0.85892       0.92153       0.87698       0.92862      11.81003  

---- Expected P_neut(i), 0 < i < n (neutral SFS per site) 
E[P_neut(1)] = 0.009489
E[P_neut(2)] = 0.004491
E[P_neut(3)] = 0.002974
E[P_neut(4)] = 0.002131
E[P_neut(5)] = 0.001650
E[P_neut(6)] = 0.001384
E[P_neut(7)] = 0.001171
E[P_neut(8)] = 0.001003
E[P_neut(9)] = 0.000928
E[P_neut(10)] = 0.000806
E[P_neut(11)] = 0.000710
E[P_neut(12)] = 0.000705
E[P_neut(13)] = 0.000633
E[P_neut(14)] = 0.000620
E[P_neut(15)] = 0.000550
E[P_neut(16)] = 0.000509
E[P_neut(17)] = 0.000514
E[P_neut(18)] = 0.000462
E[P_neut(19)] = 0.000464

---- Expected P_sel(i), 0 < i < n (selected SFS per site) 
E[P_sel(1)] = 0.003669
E[P_sel(2)] = 0.001507
E[P_sel(3)] = 0.000935
E[P_sel(4)] = 0.000642
E[P_sel(5)] = 0.000482
E[P_sel(6)] = 0.000395
E[P_sel(7)] = 0.000327
E[P_sel(8)] = 0.000276
E[P_sel(9)] = 0.000252
E[P_sel(10)] = 0.000216
E[P_sel(11)] = 0.000188
E[P_sel(12)] = 0.000185
E[P_sel(13)] = 0.000164
E[P_sel(14)] = 0.000159
E[P_sel(15)] = 0.000140
E[P_sel(16)] = 0.000129
E[P_sel(17)] = 0.000129
E[P_sel(18)] = 0.000115
E[P_sel(19)] = 0.000115

---- Expected D_neut and D_sel (neutral and selected divergence per site) 
E[D_neut] = 0.005962
E[D_sel] = 0.001469

---- Expected neutral and selected misattributed polymorphism per site
E[mis_neut] = 0.005604
E[mis_sel] = 0.001381

---- alpha_div = 1.125670
---- alpha_dfe = 0.000000



