---- Performing inference on Ns25_pa_0.002_boots/Ns25_pa_0.002.30.polyDFE.txt using model B

---- Warning: mutation variability is not used when only one neutral and one selected fragment is available.
---- No mutation variability. Using Poisson likelihood.

---- Using provided initial values


-- Starting local optimization
 it       eps_an        lambda        theta_bar      S_d            b             r  2          r  3          r  4          r  5          r  6          r  7          r  8          r  9          r 10          r 11          r 12          r 13          r 14          r 15          r 16          r 17          r 18          r 19          r 20         ln lk             grad     status
  0      4.50e-06       0.00500       0.00100     -400.00000       0.40000       1.00000       1.00000       1.00000       1.00000       1.00000       1.00000       1.00000       1.00000       1.00000       1.00000       1.00000       1.00000       1.00000       1.00000       1.00000       1.00000       1.00000       1.00000       1.00000  -245249.3446451870   1815.72088   -2
483      4.48e-06       0.00051       0.00954    -7340.42114       0.13587       0.94265       0.91846       0.88050       0.88152       0.87441       0.85792       0.84494       0.87733       0.86249       0.81412       0.87058       0.84694       0.82405       0.90035       0.86118       0.89338       0.87659       0.92447      11.30423  -407.3379250754      0.06392   -3
-- Local optimization: stuck in the same solution


---- Best joint likelihood found -407.33793 with gradient 0.06392
-- Model: B
--     eps_an        eps_cont      lambda        theta_bar     a        
--    4.48e-06      0.00e+00       0.00051       0.00954       -1.00000  
--      S_d            b             p_b           S_b      
--  -7340.42114       0.13587      0.00e+00      0.00e+00  
--     r  2          r  3          r  4          r  5          r  6          r  7          r  8          r  9          r 10          r 11          r 12          r 13          r 14          r 15          r 16          r 17          r 18          r 19          r 20     
--     0.94265       0.91846       0.88050       0.88152       0.87441       0.85792       0.84494       0.87733       0.86249       0.81412       0.87058       0.84694       0.82405       0.90035       0.86118       0.89338       0.87659       0.92447      11.30423  

---- Expected P_neut(i), 0 < i < n (neutral SFS per site) 
E[P_neut(1)] = 0.009543
E[P_neut(2)] = 0.004498
E[P_neut(3)] = 0.002922
E[P_neut(4)] = 0.002101
E[P_neut(5)] = 0.001682
E[P_neut(6)] = 0.001391
E[P_neut(7)] = 0.001170
E[P_neut(8)] = 0.001008
E[P_neut(9)] = 0.000930
E[P_neut(10)] = 0.000823
E[P_neut(11)] = 0.000706
E[P_neut(12)] = 0.000692
E[P_neut(13)] = 0.000622
E[P_neut(14)] = 0.000562
E[P_neut(15)] = 0.000573
E[P_neut(16)] = 0.000514
E[P_neut(17)] = 0.000502
E[P_neut(18)] = 0.000465
E[P_neut(19)] = 0.000464

---- Expected P_sel(i), 0 < i < n (selected SFS per site) 
E[P_sel(1)] = 0.003634
E[P_sel(2)] = 0.001495
E[P_sel(3)] = 0.000912
E[P_sel(4)] = 0.000630
E[P_sel(5)] = 0.000490
E[P_sel(6)] = 0.000395
E[P_sel(7)] = 0.000326
E[P_sel(8)] = 0.000277
E[P_sel(9)] = 0.000252
E[P_sel(10)] = 0.000220
E[P_sel(11)] = 0.000187
E[P_sel(12)] = 0.000181
E[P_sel(13)] = 0.000161
E[P_sel(14)] = 0.000144
E[P_sel(15)] = 0.000146
E[P_sel(16)] = 0.000130
E[P_sel(17)] = 0.000126
E[P_sel(18)] = 0.000116
E[P_sel(19)] = 0.000115

---- Expected D_neut and D_sel (neutral and selected divergence per site) 
E[D_neut] = 0.005903
E[D_sel] = 0.001457

---- Expected neutral and selected misattributed polymorphism per site
E[mis_neut] = 0.005394
E[mis_sel] = 0.001332

---- alpha_div = 0.964108
---- alpha_dfe = 0.000000



