---- Performing inference on Ns25_pa_0.002_boots/Ns25_pa_0.002.50.polyDFE.txt using model B

---- Warning: mutation variability is not used when only one neutral and one selected fragment is available.
---- No mutation variability. Using Poisson likelihood.

---- Using provided initial values


-- Starting local optimization
 it       eps_an        theta_bar      S_d            b             r  2          r  3          r  4          r  5          r  6          r  7          r  8          r  9          r 10          r 11          r 12          r 13          r 14          r 15          r 16          r 17          r 18          r 19         ln lk             grad     status
  0      4.50e-06       0.00100     -400.00000       0.40000       1.00000       1.00000       1.00000       1.00000       1.00000       1.00000       1.00000       1.00000       1.00000       1.00000       1.00000       1.00000       1.00000       1.00000       1.00000       1.00000       1.00000       1.00000  -238046.7144106721   1697.93451   -2
126      4.50e-06       0.00945    -1539.20963       0.18020       0.95285       0.97020       0.92293       0.91211       0.89931       0.89251       0.90427       0.93732       0.90675       0.87794       0.92287       0.91631       0.91630       0.90591       0.89897       0.96425       0.94845       1.01836  -203.6810234565      0.00071   -3
-- Local optimization: stuck in the same solution


---- Best joint likelihood found -203.68102 with gradient 0.00071
-- Model: B
--     eps_an        eps_cont      theta_bar     a        
--    4.50e-06      0.00e+00       0.00945       -1.00000  
--      S_d            b             p_b           S_b      
--  -1539.20963       0.18020      0.00e+00      0.00e+00  
--     r  2          r  3          r  4          r  5          r  6          r  7          r  8          r  9          r 10          r 11          r 12          r 13          r 14          r 15          r 16          r 17          r 18          r 19     
--     0.95285       0.97020       0.92293       0.91211       0.89931       0.89251       0.90427       0.93732       0.90675       0.87794       0.92287       0.91631       0.91630       0.90591       0.89897       0.96425       0.94845       1.01836  

---- Expected P_neut(i), 0 < i < n (neutral SFS per site) 
E[P_neut(1)] = 0.009449
E[P_neut(2)] = 0.004502
E[P_neut(3)] = 0.003056
E[P_neut(4)] = 0.002180
E[P_neut(5)] = 0.001724
E[P_neut(6)] = 0.001416
E[P_neut(7)] = 0.001205
E[P_neut(8)] = 0.001068
E[P_neut(9)] = 0.000984
E[P_neut(10)] = 0.000857
E[P_neut(11)] = 0.000754
E[P_neut(12)] = 0.000727
E[P_neut(13)] = 0.000666
E[P_neut(14)] = 0.000618
E[P_neut(15)] = 0.000571
E[P_neut(16)] = 0.000531
E[P_neut(17)] = 0.000536
E[P_neut(18)] = 0.000498
E[P_neut(19)] = 0.000507

---- Expected P_sel(i), 0 < i < n (selected SFS per site) 
E[P_sel(1)] = 0.003670
E[P_sel(2)] = 0.001458
E[P_sel(3)] = 0.000909
E[P_sel(4)] = 0.000615
E[P_sel(5)] = 0.000467
E[P_sel(6)] = 0.000372
E[P_sel(7)] = 0.000309
E[P_sel(8)] = 0.000268
E[P_sel(9)] = 0.000242
E[P_sel(10)] = 0.000207
E[P_sel(11)] = 0.000180
E[P_sel(12)] = 0.000171
E[P_sel(13)] = 0.000155
E[P_sel(14)] = 0.000142
E[P_sel(15)] = 0.000130
E[P_sel(16)] = 0.000120
E[P_sel(17)] = 0.000120
E[P_sel(18)] = 0.000110
E[P_sel(19)] = 0.000111

---- Expected neutral and selected misattributed polymorphism per site
E[mis_neut] = 0.000472
E[mis_sel] = 0.000103

---- alpha_div = 0.301823
---- alpha_dfe = 0.000000



