---- Performing inference on Ns25_pa_0.002_boots/Ns25_pa_0.002.80.polyDFE.txt using model B

---- Warning: mutation variability is not used when only one neutral and one selected fragment is available.
---- No mutation variability. Using Poisson likelihood.

---- Using provided initial values


-- Starting local optimization
 it       eps_an        lambda        theta_bar      S_d            b             r  2          r  3          r  4          r  5          r  6          r  7          r  8          r  9          r 10          r 11          r 12          r 13          r 14          r 15          r 16          r 17          r 18          r 19          r 20         ln lk             grad     status
  0      4.50e-06       0.00500       0.00100     -400.00000       0.40000       1.00000       1.00000       1.00000       1.00000       1.00000       1.00000       1.00000       1.00000       1.00000       1.00000       1.00000       1.00000       1.00000       1.00000       1.00000       1.00000       1.00000       1.00000       1.00000  -248086.6480611016   1829.54896   -2
680      4.50e-06       0.00017       0.00957    -7379.43010       0.13588       0.95090       0.92859       0.87933       0.87718       0.87631       0.86049       0.85012       0.86151       0.88756       0.85420       0.86431       0.85053       0.84103       0.88250       0.89680       0.90421       0.92606       0.93401      11.94297  -417.7335444343      0.01181   -6
-- Local optimization: reached maximum running time allowed


---- Best joint likelihood found -417.73354 with gradient 0.01181
-- Model: B
--     eps_an        eps_cont      lambda        theta_bar     a        
--    4.50e-06      0.00e+00       0.00017       0.00957       -1.00000  
--      S_d            b             p_b           S_b      
--  -7379.43010       0.13588      0.00e+00      0.00e+00  
--     r  2          r  3          r  4          r  5          r  6          r  7          r  8          r  9          r 10          r 11          r 12          r 13          r 14          r 15          r 16          r 17          r 18          r 19          r 20     
--     0.95090       0.92859       0.87933       0.87718       0.87631       0.86049       0.85012       0.86151       0.88756       0.85420       0.86431       0.85053       0.84103       0.88250       0.89680       0.90421       0.92606       0.93401      11.94297  

---- Expected P_neut(i), 0 < i < n (neutral SFS per site) 
E[P_neut(1)] = 0.009569
E[P_neut(2)] = 0.004550
E[P_neut(3)] = 0.002962
E[P_neut(4)] = 0.002104
E[P_neut(5)] = 0.001679
E[P_neut(6)] = 0.001398
E[P_neut(7)] = 0.001176
E[P_neut(8)] = 0.001017
E[P_neut(9)] = 0.000916
E[P_neut(10)] = 0.000849
E[P_neut(11)] = 0.000743
E[P_neut(12)] = 0.000689
E[P_neut(13)] = 0.000626
E[P_neut(14)] = 0.000575
E[P_neut(15)] = 0.000563
E[P_neut(16)] = 0.000536
E[P_neut(17)] = 0.000509
E[P_neut(18)] = 0.000492
E[P_neut(19)] = 0.000470

---- Expected P_sel(i), 0 < i < n (selected SFS per site) 
E[P_sel(1)] = 0.003641
E[P_sel(2)] = 0.001511
E[P_sel(3)] = 0.000924
E[P_sel(4)] = 0.000630
E[P_sel(5)] = 0.000488
E[P_sel(6)] = 0.000397
E[P_sel(7)] = 0.000328
E[P_sel(8)] = 0.000279
E[P_sel(9)] = 0.000248
E[P_sel(10)] = 0.000227
E[P_sel(11)] = 0.000196
E[P_sel(12)] = 0.000180
E[P_sel(13)] = 0.000162
E[P_sel(14)] = 0.000148
E[P_sel(15)] = 0.000144
E[P_sel(16)] = 0.000136
E[P_sel(17)] = 0.000128
E[P_sel(18)] = 0.000123
E[P_sel(19)] = 0.000117

---- Expected D_neut and D_sel (neutral and selected divergence per site) 
E[D_neut] = 0.005879
E[D_sel] = 0.001451

---- Expected neutral and selected misattributed polymorphism per site
E[mis_neut] = 0.005714
E[mis_sel] = 0.001410

---- alpha_div = 1.393695
---- alpha_dfe = 0.000000



