---- Performing inference on Ns25_pa_0.002_boots/Ns25_pa_0.002.95.polyDFE.txt using model B

---- Warning: mutation variability is not used when only one neutral and one selected fragment is available.
---- No mutation variability. Using Poisson likelihood.

---- Using provided initial values


-- Starting local optimization
 it       eps_an        theta_bar      S_d            b             r  2          r  3          r  4          r  5          r  6          r  7          r  8          r  9          r 10          r 11          r 12          r 13          r 14          r 15          r 16          r 17          r 18          r 19         ln lk             grad     status
  0      4.50e-06       0.00100     -400.00000       0.40000       1.00000       1.00000       1.00000       1.00000       1.00000       1.00000       1.00000       1.00000       1.00000       1.00000       1.00000       1.00000       1.00000       1.00000       1.00000       1.00000       1.00000       1.00000  -238831.2363251876   1703.47890   -2
118      4.50e-06       0.00937    -1134.20118       0.18829       0.95806       0.96181       0.93915       0.93445       0.92119       0.90086       0.91150       0.93131       0.87722       0.89674       0.90797       0.89234       0.93056       0.97326       0.91474       1.00518       0.93267       0.97009  -200.0786532288      0.00066   -3
-- Local optimization: stuck in the same solution


---- Best joint likelihood found -200.07865 with gradient 0.00066
-- Model: B
--     eps_an        eps_cont      theta_bar     a        
--    4.50e-06      0.00e+00       0.00937       -1.00000  
--      S_d            b             p_b           S_b      
--  -1134.20118       0.18829      0.00e+00      0.00e+00  
--     r  2          r  3          r  4          r  5          r  6          r  7          r  8          r  9          r 10          r 11          r 12          r 13          r 14          r 15          r 16          r 17          r 18          r 19     
--     0.95806       0.96181       0.93915       0.93445       0.92119       0.90086       0.91150       0.93131       0.87722       0.89674       0.90797       0.89234       0.93056       0.97326       0.91474       1.00518       0.93267       0.97009  

---- Expected P_neut(i), 0 < i < n (neutral SFS per site) 
E[P_neut(1)] = 0.009367
E[P_neut(2)] = 0.004487
E[P_neut(3)] = 0.003003
E[P_neut(4)] = 0.002199
E[P_neut(5)] = 0.001751
E[P_neut(6)] = 0.001438
E[P_neut(7)] = 0.001205
E[P_neut(8)] = 0.001067
E[P_neut(9)] = 0.000969
E[P_neut(10)] = 0.000822
E[P_neut(11)] = 0.000764
E[P_neut(12)] = 0.000709
E[P_neut(13)] = 0.000643
E[P_neut(14)] = 0.000623
E[P_neut(15)] = 0.000608
E[P_neut(16)] = 0.000536
E[P_neut(17)] = 0.000554
E[P_neut(18)] = 0.000485
E[P_neut(19)] = 0.000478

---- Expected P_sel(i), 0 < i < n (selected SFS per site) 
E[P_sel(1)] = 0.003722
E[P_sel(2)] = 0.001475
E[P_sel(3)] = 0.000904
E[P_sel(4)] = 0.000625
E[P_sel(5)] = 0.000478
E[P_sel(6)] = 0.000380
E[P_sel(7)] = 0.000310
E[P_sel(8)] = 0.000269
E[P_sel(9)] = 0.000239
E[P_sel(10)] = 0.000199
E[P_sel(11)] = 0.000182
E[P_sel(12)] = 0.000167
E[P_sel(13)] = 0.000150
E[P_sel(14)] = 0.000143
E[P_sel(15)] = 0.000138
E[P_sel(16)] = 0.000121
E[P_sel(17)] = 0.000124
E[P_sel(18)] = 0.000107
E[P_sel(19)] = 0.000105

---- Expected neutral and selected misattributed polymorphism per site
E[mis_neut] = 0.000468
E[mis_sel] = 0.000102

---- alpha_div = 0.295813
---- alpha_dfe = 0.000000



