---- Performing inference on Ns25_pa_0.002_boots/Ns25_pa_0.002.87.polyDFE.txt using model B

---- Warning: mutation variability is not used when only one neutral and one selected fragment is available.
---- No mutation variability. Using Poisson likelihood.

---- Using provided initial values


-- Starting local optimization
 it       eps_an        theta_bar      S_d            b             r  2          r  3          r  4          r  5          r  6          r  7          r  8          r  9          r 10          r 11          r 12          r 13          r 14          r 15          r 16          r 17          r 18          r 19         ln lk             grad     status
  0      4.50e-06       0.00100     -400.00000       0.40000       1.00000       1.00000       1.00000       1.00000       1.00000       1.00000       1.00000       1.00000       1.00000       1.00000       1.00000       1.00000       1.00000       1.00000       1.00000       1.00000       1.00000       1.00000  -238863.2411967631   1700.89724   -2
132      4.50e-06       0.00952    -1425.38919       0.18309       0.95252       0.94810       0.92471       0.89386       0.88503       0.89110       0.89041       0.92065       0.88359       0.90919       0.92605       0.89030       0.91649       0.92384       0.90492       0.96245       0.96381       1.01288  -199.8439030003      0.00062   -3
-- Local optimization: stuck in the same solution


---- Best joint likelihood found -199.84390 with gradient 0.00062
-- Model: B
--     eps_an        eps_cont      theta_bar     a        
--    4.50e-06      0.00e+00       0.00952       -1.00000  
--      S_d            b             p_b           S_b      
--  -1425.38919       0.18309      0.00e+00      0.00e+00  
--     r  2          r  3          r  4          r  5          r  6          r  7          r  8          r  9          r 10          r 11          r 12          r 13          r 14          r 15          r 16          r 17          r 18          r 19     
--     0.95252       0.94810       0.92471       0.89386       0.88503       0.89110       0.89041       0.92065       0.88359       0.90919       0.92605       0.89030       0.91649       0.92384       0.90492       0.96245       0.96381       1.01288  

---- Expected P_neut(i), 0 < i < n (neutral SFS per site) 
E[P_neut(1)] = 0.009524
E[P_neut(2)] = 0.004536
E[P_neut(3)] = 0.003010
E[P_neut(4)] = 0.002202
E[P_neut(5)] = 0.001703
E[P_neut(6)] = 0.001405
E[P_neut(7)] = 0.001212
E[P_neut(8)] = 0.001060
E[P_neut(9)] = 0.000974
E[P_neut(10)] = 0.000842
E[P_neut(11)] = 0.000787
E[P_neut(12)] = 0.000735
E[P_neut(13)] = 0.000652
E[P_neut(14)] = 0.000623
E[P_neut(15)] = 0.000587
E[P_neut(16)] = 0.000539
E[P_neut(17)] = 0.000539
E[P_neut(18)] = 0.000510
E[P_neut(19)] = 0.000508

---- Expected P_sel(i), 0 < i < n (selected SFS per site) 
E[P_sel(1)] = 0.003706
E[P_sel(2)] = 0.001467
E[P_sel(3)] = 0.000893
E[P_sel(4)] = 0.000619
E[P_sel(5)] = 0.000460
E[P_sel(6)] = 0.000367
E[P_sel(7)] = 0.000309
E[P_sel(8)] = 0.000264
E[P_sel(9)] = 0.000238
E[P_sel(10)] = 0.000203
E[P_sel(11)] = 0.000187
E[P_sel(12)] = 0.000172
E[P_sel(13)] = 0.000151
E[P_sel(14)] = 0.000142
E[P_sel(15)] = 0.000133
E[P_sel(16)] = 0.000121
E[P_sel(17)] = 0.000120
E[P_sel(18)] = 0.000112
E[P_sel(19)] = 0.000111

---- Expected neutral and selected misattributed polymorphism per site
E[mis_neut] = 0.000476
E[mis_sel] = 0.000103

---- alpha_div = 0.308224
---- alpha_dfe = 0.000000



