---- Performing inference on Ns25_pa_0.002_boots/Ns25_pa_0.002.90.polyDFE.txt using model B

---- Warning: mutation variability is not used when only one neutral and one selected fragment is available.
---- No mutation variability. Using Poisson likelihood.

---- Using provided initial values


-- Starting local optimization
 it       eps_an        eps_cont      theta_bar      S_d            b             p_b           S_b           r  2          r  3          r  4          r  5          r  6          r  7          r  8          r  9          r 10          r 11          r 12          r 13          r 14          r 15          r 16          r 17          r 18          r 19         ln lk             grad     status
  0      4.50e-06      9.00e-07       0.00100     -400.00000       0.40000       0.02000       4.00000       1.00000       1.00000       1.00000       1.00000       1.00000       1.00000       1.00000       1.00000       1.00000       1.00000       1.00000       1.00000       1.00000       1.00000       1.00000       1.00000       1.00000       1.00000  -229165.0257143768   1611.38993   -2
532      4.51e-06      9.00e-07       0.00945     -924.84477       0.20069       0.00281      18.29746       0.96643       0.95614       0.93175       0.91199       0.91197       0.89966       0.90577       0.93632       0.91766       0.90227       0.87841       0.87636       0.91503       0.89897       0.90753       0.97452       0.91042       0.99131  -194.3765975076      0.00129   -3
-- Local optimization: stuck in the same solution


---- Best joint likelihood found -194.37660 with gradient 0.00129
-- Model: B
--     eps_an        eps_cont      theta_bar     a        
--    4.51e-06      9.00e-07       0.00945       -1.00000  
--      S_d            b             p_b           S_b      
--   -924.84477       0.20069       0.00281      18.29746  
--     r  2          r  3          r  4          r  5          r  6          r  7          r  8          r  9          r 10          r 11          r 12          r 13          r 14          r 15          r 16          r 17          r 18          r 19     
--     0.96643       0.95614       0.93175       0.91199       0.91197       0.89966       0.90577       0.93632       0.91766       0.90227       0.87841       0.87636       0.91503       0.89897       0.90753       0.97452       0.91042       0.99131  

---- Expected P_neut(i), 0 < i < n (neutral SFS per site) 
E[P_neut(1)] = 0.009455
E[P_neut(2)] = 0.004569
E[P_neut(3)] = 0.003013
E[P_neut(4)] = 0.002202
E[P_neut(5)] = 0.001724
E[P_neut(6)] = 0.001437
E[P_neut(7)] = 0.001215
E[P_neut(8)] = 0.001070
E[P_neut(9)] = 0.000984
E[P_neut(10)] = 0.000868
E[P_neut(11)] = 0.000776
E[P_neut(12)] = 0.000692
E[P_neut(13)] = 0.000637
E[P_neut(14)] = 0.000618
E[P_neut(15)] = 0.000567
E[P_neut(16)] = 0.000536
E[P_neut(17)] = 0.000542
E[P_neut(18)] = 0.000478
E[P_neut(19)] = 0.000493

---- Expected P_sel(i), 0 < i < n (selected SFS per site) 
E[P_sel(1)] = 0.003749
E[P_sel(2)] = 0.001483
E[P_sel(3)] = 0.000891
E[P_sel(4)] = 0.000614
E[P_sel(5)] = 0.000461
E[P_sel(6)] = 0.000372
E[P_sel(7)] = 0.000306
E[P_sel(8)] = 0.000264
E[P_sel(9)] = 0.000238
E[P_sel(10)] = 0.000207
E[P_sel(11)] = 0.000182
E[P_sel(12)] = 0.000161
E[P_sel(13)] = 0.000147
E[P_sel(14)] = 0.000141
E[P_sel(15)] = 0.000129
E[P_sel(16)] = 0.000122
E[P_sel(17)] = 0.000124
E[P_sel(18)] = 0.000111
E[P_sel(19)] = 0.000116

---- Expected neutral and selected misattributed polymorphism per site
E[mis_neut] = 0.000473
E[mis_sel] = 0.000115

---- alpha_div = 0.320023
---- alpha_dfe = 0.200484



