---- Performing inference on Ns25_pa_0.002_boots/Ns25_pa_0.002.27.polyDFE.txt using model B

---- Warning: mutation variability is not used when only one neutral and one selected fragment is available.
---- No mutation variability. Using Poisson likelihood.

---- Using provided initial values


-- Starting local optimization
 it       eps_an        lambda        theta_bar      S_d            b             r  2          r  3          r  4          r  5          r  6          r  7          r  8          r  9          r 10          r 11          r 12          r 13          r 14          r 15          r 16          r 17          r 18          r 19          r 20         ln lk             grad     status
  0      4.50e-06       0.00500       0.00100     -400.00000       0.40000       1.00000       1.00000       1.00000       1.00000       1.00000       1.00000       1.00000       1.00000       1.00000       1.00000       1.00000       1.00000       1.00000       1.00000       1.00000       1.00000       1.00000       1.00000       1.00000  -245489.5247555579   1815.61180   -2
652      4.47e-06       0.00027       0.00961    -6261.20839       0.13948       0.94341       0.91509       0.87947       0.85508       0.85775       0.88032       0.81579       0.86241       0.88195       0.80579       0.84421       0.85655       0.87636       0.85692       0.83789       0.89131       0.88011       0.89134      11.98100  -437.0817816836      0.00745   -6
-- Local optimization: reached maximum running time allowed


---- Best joint likelihood found -437.08178 with gradient 0.00745
-- Model: B
--     eps_an        eps_cont      lambda        theta_bar     a        
--    4.47e-06      0.00e+00       0.00027       0.00961       -1.00000  
--      S_d            b             p_b           S_b      
--  -6261.20839       0.13948      0.00e+00      0.00e+00  
--     r  2          r  3          r  4          r  5          r  6          r  7          r  8          r  9          r 10          r 11          r 12          r 13          r 14          r 15          r 16          r 17          r 18          r 19          r 20     
--     0.94341       0.91509       0.87947       0.85508       0.85775       0.88032       0.81579       0.86241       0.88195       0.80579       0.84421       0.85655       0.87636       0.85692       0.83789       0.89131       0.88011       0.89134      11.98100  

---- Expected P_neut(i), 0 < i < n (neutral SFS per site) 
E[P_neut(1)] = 0.009605
E[P_neut(2)] = 0.004531
E[P_neut(3)] = 0.002930
E[P_neut(4)] = 0.002112
E[P_neut(5)] = 0.001643
E[P_neut(6)] = 0.001373
E[P_neut(7)] = 0.001208
E[P_neut(8)] = 0.000979
E[P_neut(9)] = 0.000920
E[P_neut(10)] = 0.000847
E[P_neut(11)] = 0.000704
E[P_neut(12)] = 0.000676
E[P_neut(13)] = 0.000633
E[P_neut(14)] = 0.000601
E[P_neut(15)] = 0.000549
E[P_neut(16)] = 0.000503
E[P_neut(17)] = 0.000504
E[P_neut(18)] = 0.000470
E[P_neut(19)] = 0.000451

---- Expected P_sel(i), 0 < i < n (selected SFS per site) 
E[P_sel(1)] = 0.003660
E[P_sel(2)] = 0.001501
E[P_sel(3)] = 0.000910
E[P_sel(4)] = 0.000629
E[P_sel(5)] = 0.000475
E[P_sel(6)] = 0.000387
E[P_sel(7)] = 0.000334
E[P_sel(8)] = 0.000267
E[P_sel(9)] = 0.000247
E[P_sel(10)] = 0.000224
E[P_sel(11)] = 0.000184
E[P_sel(12)] = 0.000175
E[P_sel(13)] = 0.000162
E[P_sel(14)] = 0.000153
E[P_sel(15)] = 0.000139
E[P_sel(16)] = 0.000126
E[P_sel(17)] = 0.000125
E[P_sel(18)] = 0.000116
E[P_sel(19)] = 0.000111

---- Expected D_neut and D_sel (neutral and selected divergence per site) 
E[D_neut] = 0.006022
E[D_sel] = 0.001470

---- Expected neutral and selected misattributed polymorphism per site
E[mis_neut] = 0.005754
E[mis_sel] = 0.001405

---- alpha_div = 1.257325
---- alpha_dfe = 0.000000



