---- Performing inference on Ns25_pa_0.002_boots/Ns25_pa_0.002.77.polyDFE.txt using model B

---- Warning: mutation variability is not used when only one neutral and one selected fragment is available.
---- No mutation variability. Using Poisson likelihood.

---- Using provided initial values


-- Starting local optimization
 it       eps_an        eps_cont      lambda        theta_bar      S_d            b             p_b           S_b           r  2          r  3          r  4          r  5          r  6          r  7          r  8          r  9          r 10          r 11          r 12          r 13          r 14          r 15          r 16          r 17          r 18          r 19          r 20         ln lk             grad     status
  0      4.50e-06      9.00e-07       0.00500       0.00100     -400.00000       0.40000       0.02000       4.00000       1.00000       1.00000       1.00000       1.00000       1.00000       1.00000       1.00000       1.00000       1.00000       1.00000       1.00000       1.00000       1.00000       1.00000       1.00000       1.00000       1.00000       1.00000       1.00000  -231247.8146629432   1646.05756   -2
169      4.50e-06      9.00e-07       0.00494       0.00939     -898.62889       0.20139       0.00257      37.42726       0.96670       0.96525       0.93590       0.91270       0.92008       0.93443       0.92113       0.90896       0.91702       0.88324       0.97050       0.91366       0.89576       0.95695       0.89290       0.95503       0.92549       0.97356       1.07778  -210.7690044146      0.04628   -3
-- Local optimization: stuck in the same solution


---- Best joint likelihood found -210.76900 with gradient 0.04628
-- Model: B
--     eps_an        eps_cont      lambda        theta_bar     a        
--    4.50e-06      9.00e-07       0.00494       0.00939       -1.00000  
--      S_d            b             p_b           S_b      
--   -898.62889       0.20139       0.00257      37.42726  
--     r  2          r  3          r  4          r  5          r  6          r  7          r  8          r  9          r 10          r 11          r 12          r 13          r 14          r 15          r 16          r 17          r 18          r 19          r 20     
--     0.96670       0.96525       0.93590       0.91270       0.92008       0.93443       0.92113       0.90896       0.91702       0.88324       0.97050       0.91366       0.89576       0.95695       0.89290       0.95503       0.92549       0.97356       1.07778  

---- Expected P_neut(i), 0 < i < n (neutral SFS per site) 
E[P_neut(1)] = 0.009387
E[P_neut(2)] = 0.004537
E[P_neut(3)] = 0.003020
E[P_neut(4)] = 0.002196
E[P_neut(5)] = 0.001713
E[P_neut(6)] = 0.001439
E[P_neut(7)] = 0.001253
E[P_neut(8)] = 0.001081
E[P_neut(9)] = 0.000948
E[P_neut(10)] = 0.000861
E[P_neut(11)] = 0.000754
E[P_neut(12)] = 0.000759
E[P_neut(13)] = 0.000660
E[P_neut(14)] = 0.000601
E[P_neut(15)] = 0.000599
E[P_neut(16)] = 0.000524
E[P_neut(17)] = 0.000527
E[P_neut(18)] = 0.000483
E[P_neut(19)] = 0.000481

---- Expected P_sel(i), 0 < i < n (selected SFS per site) 
E[P_sel(1)] = 0.003732
E[P_sel(2)] = 0.001476
E[P_sel(3)] = 0.000895
E[P_sel(4)] = 0.000613
E[P_sel(5)] = 0.000458
E[P_sel(6)] = 0.000372
E[P_sel(7)] = 0.000316
E[P_sel(8)] = 0.000266
E[P_sel(9)] = 0.000229
E[P_sel(10)] = 0.000205
E[P_sel(11)] = 0.000177
E[P_sel(12)] = 0.000176
E[P_sel(13)] = 0.000152
E[P_sel(14)] = 0.000137
E[P_sel(15)] = 0.000136
E[P_sel(16)] = 0.000119
E[P_sel(17)] = 0.000121
E[P_sel(18)] = 0.000113
E[P_sel(19)] = 0.000117

---- Expected D_neut and D_sel (neutral and selected divergence per site) 
E[D_neut] = 0.005441
E[D_sel] = 0.001622

---- Expected neutral and selected misattributed polymorphism per site
E[mis_neut] = 0.000506
E[mis_sel] = 0.000133

---- alpha_div = 0.320203
---- alpha_dfe = 0.319079



