---- Performing inference on Ns25_pa_0.002_boots/Ns25_pa_0.002.20.polyDFE.txt using model B

---- Warning: mutation variability is not used when only one neutral and one selected fragment is available.
---- No mutation variability. Using Poisson likelihood.

---- Using provided initial values


-- Starting local optimization
 it       eps_an        eps_cont      lambda        theta_bar      S_d            b             p_b           S_b           r  2          r  3          r  4          r  5          r  6          r  7          r  8          r  9          r 10          r 11          r 12          r 13          r 14          r 15          r 16          r 17          r 18          r 19          r 20         ln lk             grad     status
  0      4.50e-06      9.00e-07       0.00500       0.00100     -400.00000       0.40000       0.02000       4.00000       1.00000       1.00000       1.00000       1.00000       1.00000       1.00000       1.00000       1.00000       1.00000       1.00000       1.00000       1.00000       1.00000       1.00000       1.00000       1.00000       1.00000       1.00000       1.00000  -231532.6781318203   1647.26779   -2
374      4.50e-06      9.00e-07       0.00503       0.00939     -808.92409       0.20860       0.00468      20.77553       0.97666       0.97650       0.92901       0.93525       0.92899       0.93063       0.90911       0.94550       0.94182       0.89501       0.92028       0.92444       0.92709       0.91821       0.88932       0.91201       0.91434       0.90262       1.02464  -203.8663935769      0.00893   -3
-- Local optimization: stuck in the same solution


---- Best joint likelihood found -203.86639 with gradient 0.00893
-- Model: B
--     eps_an        eps_cont      lambda        theta_bar     a        
--    4.50e-06      9.00e-07       0.00503       0.00939       -1.00000  
--      S_d            b             p_b           S_b      
--   -808.92409       0.20860       0.00468      20.77553  
--     r  2          r  3          r  4          r  5          r  6          r  7          r  8          r  9          r 10          r 11          r 12          r 13          r 14          r 15          r 16          r 17          r 18          r 19          r 20     
--     0.97666       0.97650       0.92901       0.93525       0.92899       0.93063       0.90911       0.94550       0.94182       0.89501       0.92028       0.92444       0.92709       0.91821       0.88932       0.91201       0.91434       0.90262       1.02464  

---- Expected P_neut(i), 0 < i < n (neutral SFS per site) 
E[P_neut(1)] = 0.009386
E[P_neut(2)] = 0.004583
E[P_neut(3)] = 0.003055
E[P_neut(4)] = 0.002180
E[P_neut(5)] = 0.001756
E[P_neut(6)] = 0.001453
E[P_neut(7)] = 0.001248
E[P_neut(8)] = 0.001067
E[P_neut(9)] = 0.000986
E[P_neut(10)] = 0.000884
E[P_neut(11)] = 0.000764
E[P_neut(12)] = 0.000720
E[P_neut(13)] = 0.000667
E[P_neut(14)] = 0.000622
E[P_neut(15)] = 0.000575
E[P_neut(16)] = 0.000522
E[P_neut(17)] = 0.000504
E[P_neut(18)] = 0.000477
E[P_neut(19)] = 0.000446

---- Expected P_sel(i), 0 < i < n (selected SFS per site) 
E[P_sel(1)] = 0.003730
E[P_sel(2)] = 0.001482
E[P_sel(3)] = 0.000898
E[P_sel(4)] = 0.000603
E[P_sel(5)] = 0.000465
E[P_sel(6)] = 0.000372
E[P_sel(7)] = 0.000311
E[P_sel(8)] = 0.000260
E[P_sel(9)] = 0.000237
E[P_sel(10)] = 0.000209
E[P_sel(11)] = 0.000178
E[P_sel(12)] = 0.000167
E[P_sel(13)] = 0.000154
E[P_sel(14)] = 0.000143
E[P_sel(15)] = 0.000132
E[P_sel(16)] = 0.000121
E[P_sel(17)] = 0.000118
E[P_sel(18)] = 0.000115
E[P_sel(19)] = 0.000112

---- Expected D_neut and D_sel (neutral and selected divergence per site) 
E[D_neut] = 0.005511
E[D_sel] = 0.001621

---- Expected neutral and selected misattributed polymorphism per site
E[mis_neut] = 0.000481
E[mis_sel] = 0.000129

---- alpha_div = 0.326794
---- alpha_dfe = 0.327511



