---- Performing inference on Ns25_pa_0.002_boots/Ns25_pa_0.002.6.polyDFE.txt using model B

---- Warning: mutation variability is not used when only one neutral and one selected fragment is available.
---- No mutation variability. Using Poisson likelihood.

---- Using provided initial values


-- Starting local optimization
 it       eps_an        theta_bar      S_d            b             r  2          r  3          r  4          r  5          r  6          r  7          r  8          r  9          r 10          r 11          r 12          r 13          r 14          r 15          r 16          r 17          r 18          r 19         ln lk             grad     status
  0      4.50e-06       0.00100     -400.00000       0.40000       1.00000       1.00000       1.00000       1.00000       1.00000       1.00000       1.00000       1.00000       1.00000       1.00000       1.00000       1.00000       1.00000       1.00000       1.00000       1.00000       1.00000       1.00000  -238509.6372488458   1700.94486   -2
208      4.50e-06       0.00946    -1161.78494       0.18760       0.95824       0.93448       0.91597       0.88690       0.92996       0.90154       0.89852       0.89881       0.91395       0.84688       0.92564       0.89282       0.93178       0.88591       0.89676       0.95815       0.91884       0.96240  -208.1977239573      0.00090   -3
-- Local optimization: stuck in the same solution


---- Best joint likelihood found -208.19772 with gradient 0.00090
-- Model: B
--     eps_an        eps_cont      theta_bar     a        
--    4.50e-06      0.00e+00       0.00946       -1.00000  
--      S_d            b             p_b           S_b      
--  -1161.78494       0.18760      0.00e+00      0.00e+00  
--     r  2          r  3          r  4          r  5          r  6          r  7          r  8          r  9          r 10          r 11          r 12          r 13          r 14          r 15          r 16          r 17          r 18          r 19     
--     0.95824       0.93448       0.91597       0.88690       0.92996       0.90154       0.89852       0.89881       0.91395       0.84688       0.92564       0.89282       0.93178       0.88591       0.89676       0.95815       0.91884       0.96240  

---- Expected P_neut(i), 0 < i < n (neutral SFS per site) 
E[P_neut(1)] = 0.009464
E[P_neut(2)] = 0.004534
E[P_neut(3)] = 0.002948
E[P_neut(4)] = 0.002167
E[P_neut(5)] = 0.001679
E[P_neut(6)] = 0.001467
E[P_neut(7)] = 0.001219
E[P_neut(8)] = 0.001063
E[P_neut(9)] = 0.000945
E[P_neut(10)] = 0.000865
E[P_neut(11)] = 0.000729
E[P_neut(12)] = 0.000730
E[P_neut(13)] = 0.000650
E[P_neut(14)] = 0.000630
E[P_neut(15)] = 0.000559
E[P_neut(16)] = 0.000530
E[P_neut(17)] = 0.000533
E[P_neut(18)] = 0.000483
E[P_neut(19)] = 0.000479

---- Expected P_sel(i), 0 < i < n (selected SFS per site) 
E[P_sel(1)] = 0.003754
E[P_sel(2)] = 0.001489
E[P_sel(3)] = 0.000886
E[P_sel(4)] = 0.000616
E[P_sel(5)] = 0.000458
E[P_sel(6)] = 0.000387
E[P_sel(7)] = 0.000314
E[P_sel(8)] = 0.000267
E[P_sel(9)] = 0.000233
E[P_sel(10)] = 0.000210
E[P_sel(11)] = 0.000174
E[P_sel(12)] = 0.000172
E[P_sel(13)] = 0.000151
E[P_sel(14)] = 0.000145
E[P_sel(15)] = 0.000127
E[P_sel(16)] = 0.000119
E[P_sel(17)] = 0.000119
E[P_sel(18)] = 0.000107
E[P_sel(19)] = 0.000105

---- Expected neutral and selected misattributed polymorphism per site
E[mis_neut] = 0.000473
E[mis_sel] = 0.000103

---- alpha_div = 0.299504
---- alpha_dfe = 0.000000



