---- Performing inference on Ns25_pa_0.002_boots/Ns25_pa_0.002.58.polyDFE.txt using model B

---- Warning: mutation variability is not used when only one neutral and one selected fragment is available.
---- No mutation variability. Using Poisson likelihood.

---- Using provided initial values


-- Starting local optimization
 it       eps_an        lambda        theta_bar      S_d            b             r  2          r  3          r  4          r  5          r  6          r  7          r  8          r  9          r 10          r 11          r 12          r 13          r 14          r 15          r 16          r 17          r 18          r 19          r 20         ln lk             grad     status
  0      4.50e-06       0.00500       0.00100     -400.00000       0.40000       1.00000       1.00000       1.00000       1.00000       1.00000       1.00000       1.00000       1.00000       1.00000       1.00000       1.00000       1.00000       1.00000       1.00000       1.00000       1.00000       1.00000       1.00000       1.00000  -246480.7659197391   1820.63037   -2
721      4.48e-06       0.00012       0.00964   -10397.63945       0.13091       0.92989       0.91539       0.87664       0.87612       0.86010       0.86305       0.85558       0.86805       0.85523       0.83662       0.85053       0.85190       0.88426       0.87919       0.86219       0.88296       0.89762       0.89774      12.03341  -417.8680360865      0.04711   -6
-- Local optimization: reached maximum running time allowed


---- Best joint likelihood found -417.86804 with gradient 0.04711
-- Model: B
--     eps_an        eps_cont      lambda        theta_bar     a        
--    4.48e-06      0.00e+00       0.00012       0.00964       -1.00000  
--      S_d            b             p_b           S_b      
-- -10397.63945       0.13091      0.00e+00      0.00e+00  
--     r  2          r  3          r  4          r  5          r  6          r  7          r  8          r  9          r 10          r 11          r 12          r 13          r 14          r 15          r 16          r 17          r 18          r 19          r 20     
--     0.92989       0.91539       0.87664       0.87612       0.86010       0.86305       0.85558       0.86805       0.85523       0.83662       0.85053       0.85190       0.88426       0.87919       0.86219       0.88296       0.89762       0.89774      12.03341  

---- Expected P_neut(i), 0 < i < n (neutral SFS per site) 
E[P_neut(1)] = 0.009644
E[P_neut(2)] = 0.004484
E[P_neut(3)] = 0.002943
E[P_neut(4)] = 0.002114
E[P_neut(5)] = 0.001690
E[P_neut(6)] = 0.001382
E[P_neut(7)] = 0.001189
E[P_neut(8)] = 0.001031
E[P_neut(9)] = 0.000930
E[P_neut(10)] = 0.000825
E[P_neut(11)] = 0.000733
E[P_neut(12)] = 0.000684
E[P_neut(13)] = 0.000632
E[P_neut(14)] = 0.000609
E[P_neut(15)] = 0.000565
E[P_neut(16)] = 0.000520
E[P_neut(17)] = 0.000501
E[P_neut(18)] = 0.000481
E[P_neut(19)] = 0.000456

---- Expected P_sel(i), 0 < i < n (selected SFS per site) 
E[P_sel(1)] = 0.003616
E[P_sel(2)] = 0.001475
E[P_sel(3)] = 0.000911
E[P_sel(4)] = 0.000629
E[P_sel(5)] = 0.000489
E[P_sel(6)] = 0.000391
E[P_sel(7)] = 0.000330
E[P_sel(8)] = 0.000282
E[P_sel(9)] = 0.000251
E[P_sel(10)] = 0.000220
E[P_sel(11)] = 0.000194
E[P_sel(12)] = 0.000179
E[P_sel(13)] = 0.000164
E[P_sel(14)] = 0.000157
E[P_sel(15)] = 0.000144
E[P_sel(16)] = 0.000132
E[P_sel(17)] = 0.000126
E[P_sel(18)] = 0.000120
E[P_sel(19)] = 0.000113

---- Expected D_neut and D_sel (neutral and selected divergence per site) 
E[D_neut] = 0.005918
E[D_sel] = 0.001463

---- Expected neutral and selected misattributed polymorphism per site
E[mis_neut] = 0.005803
E[mis_sel] = 0.001434

---- alpha_div = 1.486684
---- alpha_dfe = 0.000000



