---- Performing inference on Ns25_pa_0.002_boots/Ns25_pa_0.002.59.polyDFE.txt using model B

---- Warning: mutation variability is not used when only one neutral and one selected fragment is available.
---- No mutation variability. Using Poisson likelihood.

---- Using provided initial values


-- Starting local optimization
 it       eps_an        eps_cont      lambda        theta_bar      S_d            b             p_b           S_b           r  2          r  3          r  4          r  5          r  6          r  7          r  8          r  9          r 10          r 11          r 12          r 13          r 14          r 15          r 16          r 17          r 18          r 19          r 20         ln lk             grad     status
  0      4.50e-06      9.00e-07       0.00500       0.00100     -400.00000       0.40000       0.02000       4.00000       1.00000       1.00000       1.00000       1.00000       1.00000       1.00000       1.00000       1.00000       1.00000       1.00000       1.00000       1.00000       1.00000       1.00000       1.00000       1.00000       1.00000       1.00000       1.00000  -231790.0915933897   1648.57098   -2
289      4.50e-06      9.00e-07       0.00506       0.00934     -843.90764       0.20476       0.00230      41.36729       0.97778       0.98121       0.94469       0.94266       0.95489       0.92383       0.92104       0.92919       0.94200       0.92100       0.94061       0.96252       0.91675       0.92570       0.89459       0.95980       0.90884       0.91127       0.91646  -204.4105826885      0.00069   -3
-- Local optimization: stuck in the same solution


---- Best joint likelihood found -204.41058 with gradient 0.00069
-- Model: B
--     eps_an        eps_cont      lambda        theta_bar     a        
--    4.50e-06      9.00e-07       0.00506       0.00934       -1.00000  
--      S_d            b             p_b           S_b      
--   -843.90764       0.20476       0.00230      41.36729  
--     r  2          r  3          r  4          r  5          r  6          r  7          r  8          r  9          r 10          r 11          r 12          r 13          r 14          r 15          r 16          r 17          r 18          r 19          r 20     
--     0.97778       0.98121       0.94469       0.94266       0.95489       0.92383       0.92104       0.92919       0.94200       0.92100       0.94061       0.96252       0.91675       0.92570       0.89459       0.95980       0.90884       0.91127       0.91646  

---- Expected P_neut(i), 0 < i < n (neutral SFS per site) 
E[P_neut(1)] = 0.009345
E[P_neut(2)] = 0.004569
E[P_neut(3)] = 0.003056
E[P_neut(4)] = 0.002207
E[P_neut(5)] = 0.001762
E[P_neut(6)] = 0.001487
E[P_neut(7)] = 0.001233
E[P_neut(8)] = 0.001076
E[P_neut(9)] = 0.000965
E[P_neut(10)] = 0.000880
E[P_neut(11)] = 0.000782
E[P_neut(12)] = 0.000732
E[P_neut(13)] = 0.000692
E[P_neut(14)] = 0.000612
E[P_neut(15)] = 0.000577
E[P_neut(16)] = 0.000522
E[P_neut(17)] = 0.000528
E[P_neut(18)] = 0.000472
E[P_neut(19)] = 0.000448

---- Expected P_sel(i), 0 < i < n (selected SFS per site) 
E[P_sel(1)] = 0.003716
E[P_sel(2)] = 0.001481
E[P_sel(3)] = 0.000901
E[P_sel(4)] = 0.000612
E[P_sel(5)] = 0.000468
E[P_sel(6)] = 0.000382
E[P_sel(7)] = 0.000308
E[P_sel(8)] = 0.000263
E[P_sel(9)] = 0.000231
E[P_sel(10)] = 0.000207
E[P_sel(11)] = 0.000182
E[P_sel(12)] = 0.000168
E[P_sel(13)] = 0.000157
E[P_sel(14)] = 0.000138
E[P_sel(15)] = 0.000130
E[P_sel(16)] = 0.000117
E[P_sel(17)] = 0.000119
E[P_sel(18)] = 0.000109
E[P_sel(19)] = 0.000113

---- Expected D_neut and D_sel (neutral and selected divergence per site) 
E[D_neut] = 0.005490
E[D_sel] = 0.001622

---- Expected neutral and selected misattributed polymorphism per site
E[mis_neut] = 0.000428
E[mis_sel] = 0.000110

---- alpha_div = 0.319006
---- alpha_dfe = 0.319013



