---- Performing inference on Ns25_pa_0.002_boots/Ns25_pa_0.002.52.polyDFE.txt using model B

---- Warning: mutation variability is not used when only one neutral and one selected fragment is available.
---- No mutation variability. Using Poisson likelihood.

---- Using provided initial values


-- Starting local optimization
 it       eps_an        eps_cont      theta_bar      S_d            b             p_b           S_b           r  2          r  3          r  4          r  5          r  6          r  7          r  8          r  9          r 10          r 11          r 12          r 13          r 14          r 15          r 16          r 17          r 18          r 19         ln lk             grad     status
  0      4.50e-06      9.00e-07       0.00100     -400.00000       0.40000       0.02000       4.00000       1.00000       1.00000       1.00000       1.00000       1.00000       1.00000       1.00000       1.00000       1.00000       1.00000       1.00000       1.00000       1.00000       1.00000       1.00000       1.00000       1.00000       1.00000  -227309.4584864650   1603.64125   -2
637      4.60e-06      9.00e-07       0.00930     -874.37884       0.20042       0.00152      37.21314       0.97650       0.96415       0.94525       0.90923       0.92421       0.93217       0.92378       0.92625       0.91767       0.94100       0.94464       0.90049       0.91822       0.91695       0.89133       0.96743       0.94616       0.97214  -194.4761159481      0.00121   -3
-- Local optimization: stuck in the same solution


---- Best joint likelihood found -194.47612 with gradient 0.00121
-- Model: B
--     eps_an        eps_cont      theta_bar     a        
--    4.60e-06      9.00e-07       0.00930       -1.00000  
--      S_d            b             p_b           S_b      
--   -874.37884       0.20042       0.00152      37.21314  
--     r  2          r  3          r  4          r  5          r  6          r  7          r  8          r  9          r 10          r 11          r 12          r 13          r 14          r 15          r 16          r 17          r 18          r 19     
--     0.97650       0.96415       0.94525       0.90923       0.92421       0.93217       0.92378       0.92625       0.91767       0.94100       0.94464       0.90049       0.91822       0.91695       0.89133       0.96743       0.94616       0.97214  

---- Expected P_neut(i), 0 < i < n (neutral SFS per site) 
E[P_neut(1)] = 0.009297
E[P_neut(2)] = 0.004539
E[P_neut(3)] = 0.002988
E[P_neut(4)] = 0.002197
E[P_neut(5)] = 0.001691
E[P_neut(6)] = 0.001432
E[P_neut(7)] = 0.001238
E[P_neut(8)] = 0.001074
E[P_neut(9)] = 0.000957
E[P_neut(10)] = 0.000853
E[P_neut(11)] = 0.000795
E[P_neut(12)] = 0.000732
E[P_neut(13)] = 0.000644
E[P_neut(14)] = 0.000610
E[P_neut(15)] = 0.000568
E[P_neut(16)] = 0.000518
E[P_neut(17)] = 0.000529
E[P_neut(18)] = 0.000489
E[P_neut(19)] = 0.000476

---- Expected P_sel(i), 0 < i < n (selected SFS per site) 
E[P_sel(1)] = 0.003722
E[P_sel(2)] = 0.001487
E[P_sel(3)] = 0.000891
E[P_sel(4)] = 0.000618
E[P_sel(5)] = 0.000455
E[P_sel(6)] = 0.000373
E[P_sel(7)] = 0.000314
E[P_sel(8)] = 0.000266
E[P_sel(9)] = 0.000232
E[P_sel(10)] = 0.000204
E[P_sel(11)] = 0.000187
E[P_sel(12)] = 0.000170
E[P_sel(13)] = 0.000148
E[P_sel(14)] = 0.000139
E[P_sel(15)] = 0.000129
E[P_sel(16)] = 0.000117
E[P_sel(17)] = 0.000119
E[P_sel(18)] = 0.000111
E[P_sel(19)] = 0.000110

---- Expected neutral and selected misattributed polymorphism per site
E[mis_neut] = 0.000465
E[mis_sel] = 0.000113

---- alpha_div = 0.321926
---- alpha_dfe = 0.213735



