---- Performing inference on Ns25_pa_0.002_boots/Ns25_pa_0.002.35.polyDFE.txt using model B

---- Warning: mutation variability is not used when only one neutral and one selected fragment is available.
---- No mutation variability. Using Poisson likelihood.

---- Using provided initial values


-- Starting local optimization
 it       eps_an        eps_cont      lambda        theta_bar      S_d            b             p_b           S_b           r  2          r  3          r  4          r  5          r  6          r  7          r  8          r  9          r 10          r 11          r 12          r 13          r 14          r 15          r 16          r 17          r 18          r 19          r 20         ln lk             grad     status
  0      4.50e-06      9.00e-07       0.00500       0.00100     -400.00000       0.40000       0.02000       4.00000       1.00000       1.00000       1.00000       1.00000       1.00000       1.00000       1.00000       1.00000       1.00000       1.00000       1.00000       1.00000       1.00000       1.00000       1.00000       1.00000       1.00000       1.00000       1.00000  -232242.6117158812   1651.36509   -2
182      4.50e-06      9.00e-07       0.00505       0.00937     -925.41385       0.20041       0.00257      37.42894       0.98953       0.96316       0.93121       0.91266       0.92067       0.90892       0.92604       0.96606       0.96809       0.91715       0.93236       0.89297       0.94118       0.96109       0.89842       0.96795       0.91678       0.92791       0.86740  -205.2576372673      0.03003   -3
-- Local optimization: stuck in the same solution


---- Best joint likelihood found -205.25764 with gradient 0.03003
-- Model: B
--     eps_an        eps_cont      lambda        theta_bar     a        
--    4.50e-06      9.00e-07       0.00505       0.00937       -1.00000  
--      S_d            b             p_b           S_b      
--   -925.41385       0.20041       0.00257      37.42894  
--     r  2          r  3          r  4          r  5          r  6          r  7          r  8          r  9          r 10          r 11          r 12          r 13          r 14          r 15          r 16          r 17          r 18          r 19          r 20     
--     0.98953       0.96316       0.93121       0.91266       0.92067       0.90892       0.92604       0.96606       0.96809       0.91715       0.93236       0.89297       0.94118       0.96109       0.89842       0.96795       0.91678       0.92791       0.86740  

---- Expected P_neut(i), 0 < i < n (neutral SFS per site) 
E[P_neut(1)] = 0.009368
E[P_neut(2)] = 0.004635
E[P_neut(3)] = 0.003008
E[P_neut(4)] = 0.002181
E[P_neut(5)] = 0.001710
E[P_neut(6)] = 0.001437
E[P_neut(7)] = 0.001216
E[P_neut(8)] = 0.001084
E[P_neut(9)] = 0.001006
E[P_neut(10)] = 0.000907
E[P_neut(11)] = 0.000781
E[P_neut(12)] = 0.000728
E[P_neut(13)] = 0.000643
E[P_neut(14)] = 0.000630
E[P_neut(15)] = 0.000600
E[P_neut(16)] = 0.000526
E[P_neut(17)] = 0.000533
E[P_neut(18)] = 0.000477
E[P_neut(19)] = 0.000458

---- Expected P_sel(i), 0 < i < n (selected SFS per site) 
E[P_sel(1)] = 0.003716
E[P_sel(2)] = 0.001506
E[P_sel(3)] = 0.000890
E[P_sel(4)] = 0.000609
E[P_sel(5)] = 0.000457
E[P_sel(6)] = 0.000372
E[P_sel(7)] = 0.000306
E[P_sel(8)] = 0.000267
E[P_sel(9)] = 0.000243
E[P_sel(10)] = 0.000216
E[P_sel(11)] = 0.000183
E[P_sel(12)] = 0.000169
E[P_sel(13)] = 0.000148
E[P_sel(14)] = 0.000144
E[P_sel(15)] = 0.000137
E[P_sel(16)] = 0.000120
E[P_sel(17)] = 0.000122
E[P_sel(18)] = 0.000112
E[P_sel(19)] = 0.000111

---- Expected D_neut and D_sel (neutral and selected divergence per site) 
E[D_neut] = 0.005453
E[D_sel] = 0.001631

---- Expected neutral and selected misattributed polymorphism per site
E[mis_neut] = 0.000406
E[mis_sel] = 0.000107

---- alpha_div = 0.319400
---- alpha_dfe = 0.319000



