---- Performing inference on Ns25_pa_0.002_boots/Ns25_pa_0.002.35.polyDFE.txt using model B

---- Warning: mutation variability is not used when only one neutral and one selected fragment is available.
---- No mutation variability. Using Poisson likelihood.

---- Using provided initial values


-- Starting local optimization
 it       eps_an        eps_cont      theta_bar      S_d            b             p_b           S_b           r  2          r  3          r  4          r  5          r  6          r  7          r  8          r  9          r 10          r 11          r 12          r 13          r 14          r 15          r 16          r 17          r 18          r 19         ln lk             grad     status
  0      4.50e-06      9.00e-07       0.00100     -400.00000       0.40000       0.02000       4.00000       1.00000       1.00000       1.00000       1.00000       1.00000       1.00000       1.00000       1.00000       1.00000       1.00000       1.00000       1.00000       1.00000       1.00000       1.00000       1.00000       1.00000       1.00000  -229703.0677505948   1614.72415   -2
407      4.60e-06      9.00e-07       0.00936     -929.41649       0.19970       0.00212      37.42994       0.98935       0.96296       0.93101       0.91252       0.92062       0.90888       0.92610       0.96634       0.96842       0.91759       0.93308       0.89396       0.94265       0.96287       0.90095       0.97186       0.92173       0.93659  -193.9652816963      0.04292   -3
-- Local optimization: stuck in the same solution


---- Best joint likelihood found -193.96528 with gradient 0.04292
-- Model: B
--     eps_an        eps_cont      theta_bar     a        
--    4.60e-06      9.00e-07       0.00936       -1.00000  
--      S_d            b             p_b           S_b      
--   -929.41649       0.19970       0.00212      37.42994  
--     r  2          r  3          r  4          r  5          r  6          r  7          r  8          r  9          r 10          r 11          r 12          r 13          r 14          r 15          r 16          r 17          r 18          r 19     
--     0.98935       0.96296       0.93101       0.91252       0.92062       0.90888       0.92610       0.96634       0.96842       0.91759       0.93308       0.89396       0.94265       0.96287       0.90095       0.97186       0.92173       0.93659  

---- Expected P_neut(i), 0 < i < n (neutral SFS per site) 
E[P_neut(1)] = 0.009364
E[P_neut(2)] = 0.004632
E[P_neut(3)] = 0.003006
E[P_neut(4)] = 0.002179
E[P_neut(5)] = 0.001709
E[P_neut(6)] = 0.001437
E[P_neut(7)] = 0.001216
E[P_neut(8)] = 0.001084
E[P_neut(9)] = 0.001005
E[P_neut(10)] = 0.000907
E[P_neut(11)] = 0.000781
E[P_neut(12)] = 0.000728
E[P_neut(13)] = 0.000644
E[P_neut(14)] = 0.000630
E[P_neut(15)] = 0.000601
E[P_neut(16)] = 0.000527
E[P_neut(17)] = 0.000535
E[P_neut(18)] = 0.000479
E[P_neut(19)] = 0.000462

---- Expected P_sel(i), 0 < i < n (selected SFS per site) 
E[P_sel(1)] = 0.003718
E[P_sel(2)] = 0.001507
E[P_sel(3)] = 0.000891
E[P_sel(4)] = 0.000609
E[P_sel(5)] = 0.000458
E[P_sel(6)] = 0.000372
E[P_sel(7)] = 0.000307
E[P_sel(8)] = 0.000267
E[P_sel(9)] = 0.000243
E[P_sel(10)] = 0.000216
E[P_sel(11)] = 0.000183
E[P_sel(12)] = 0.000169
E[P_sel(13)] = 0.000148
E[P_sel(14)] = 0.000144
E[P_sel(15)] = 0.000136
E[P_sel(16)] = 0.000119
E[P_sel(17)] = 0.000122
E[P_sel(18)] = 0.000111
E[P_sel(19)] = 0.000110

---- Expected neutral and selected misattributed polymorphism per site
E[mis_neut] = 0.000468
E[mis_sel] = 0.000119

---- alpha_div = 0.319298
---- alpha_dfe = 0.277222



