---- Performing inference on Ns25_pa_0.002_boots/Ns25_pa_0.002.66.polyDFE.txt using model B

---- Warning: mutation variability is not used when only one neutral and one selected fragment is available.
---- No mutation variability. Using Poisson likelihood.

---- Using provided initial values


-- Starting local optimization
 it       eps_an        eps_cont      theta_bar      S_d            b             p_b           S_b           r  2          r  3          r  4          r  5          r  6          r  7          r  8          r  9          r 10          r 11          r 12          r 13          r 14          r 15          r 16          r 17          r 18          r 19         ln lk             grad     status
  0      4.50e-06      9.00e-07       0.00100     -400.00000       0.40000       0.02000       4.00000       1.00000       1.00000       1.00000       1.00000       1.00000       1.00000       1.00000       1.00000       1.00000       1.00000       1.00000       1.00000       1.00000       1.00000       1.00000       1.00000       1.00000       1.00000  -228445.8900968467   1607.10645   -2
466      4.56e-06      9.00e-07       0.00951    -1169.08043       0.19262       0.00185      37.42991       0.96641       0.96014       0.92460       0.89120       0.90440       0.89876       0.90005       0.91859       0.90368       0.90722       0.90842       0.88641       0.95515       0.89417       0.90848       0.94873       0.87792       0.92598  -194.8414219587      0.00833   -3
-- Local optimization: stuck in the same solution


---- Best joint likelihood found -194.84142 with gradient 0.00833
-- Model: B
--     eps_an        eps_cont      theta_bar     a        
--    4.56e-06      9.00e-07       0.00951       -1.00000  
--      S_d            b             p_b           S_b      
--  -1169.08043       0.19262       0.00185      37.42991  
--     r  2          r  3          r  4          r  5          r  6          r  7          r  8          r  9          r 10          r 11          r 12          r 13          r 14          r 15          r 16          r 17          r 18          r 19     
--     0.96641       0.96014       0.92460       0.89120       0.90440       0.89876       0.90005       0.91859       0.90368       0.90722       0.90842       0.88641       0.95515       0.89417       0.90848       0.94873       0.87792       0.92598  

---- Expected P_neut(i), 0 < i < n (neutral SFS per site) 
E[P_neut(1)] = 0.009510
E[P_neut(2)] = 0.004595
E[P_neut(3)] = 0.003044
E[P_neut(4)] = 0.002198
E[P_neut(5)] = 0.001695
E[P_neut(6)] = 0.001434
E[P_neut(7)] = 0.001221
E[P_neut(8)] = 0.001070
E[P_neut(9)] = 0.000971
E[P_neut(10)] = 0.000859
E[P_neut(11)] = 0.000784
E[P_neut(12)] = 0.000720
E[P_neut(13)] = 0.000648
E[P_neut(14)] = 0.000649
E[P_neut(15)] = 0.000567
E[P_neut(16)] = 0.000540
E[P_neut(17)] = 0.000531
E[P_neut(18)] = 0.000464
E[P_neut(19)] = 0.000464

---- Expected P_sel(i), 0 < i < n (selected SFS per site) 
E[P_sel(1)] = 0.003708
E[P_sel(2)] = 0.001477
E[P_sel(3)] = 0.000895
E[P_sel(4)] = 0.000610
E[P_sel(5)] = 0.000452
E[P_sel(6)] = 0.000370
E[P_sel(7)] = 0.000307
E[P_sel(8)] = 0.000263
E[P_sel(9)] = 0.000234
E[P_sel(10)] = 0.000204
E[P_sel(11)] = 0.000184
E[P_sel(12)] = 0.000167
E[P_sel(13)] = 0.000149
E[P_sel(14)] = 0.000148
E[P_sel(15)] = 0.000128
E[P_sel(16)] = 0.000122
E[P_sel(17)] = 0.000120
E[P_sel(18)] = 0.000106
E[P_sel(19)] = 0.000109

---- Expected neutral and selected misattributed polymorphism per site
E[mis_neut] = 0.000476
E[mis_sel] = 0.000118

---- alpha_div = 0.308088
---- alpha_dfe = 0.249929



