---- Performing inference on Ns25_pa_0.002_boots/Ns25_pa_0.002.8.polyDFE.txt using model B

---- Warning: mutation variability is not used when only one neutral and one selected fragment is available.
---- No mutation variability. Using Poisson likelihood.

---- Using provided initial values


-- Starting local optimization
 it       eps_an        theta_bar      S_d            b             r  2          r  3          r  4          r  5          r  6          r  7          r  8          r  9          r 10          r 11          r 12          r 13          r 14          r 15          r 16          r 17          r 18          r 19         ln lk             grad     status
  0      4.50e-06       0.00100     -400.00000       0.40000       1.00000       1.00000       1.00000       1.00000       1.00000       1.00000       1.00000       1.00000       1.00000       1.00000       1.00000       1.00000       1.00000       1.00000       1.00000       1.00000       1.00000       1.00000  -237812.4749943834   1698.32907   -2
139      4.50e-06       0.00939    -1161.11375       0.18724       0.95928       0.94262       0.91057       0.93511       0.91954       0.90776       0.88903       0.91958       0.89175       0.87191       0.93034       0.88869       0.91404       0.94191       0.90845       0.98968       0.89597       0.99224  -197.8510355468      0.00068   -3
-- Local optimization: stuck in the same solution


---- Best joint likelihood found -197.85104 with gradient 0.00068
-- Model: B
--     eps_an        eps_cont      theta_bar     a        
--    4.50e-06      0.00e+00       0.00939       -1.00000  
--      S_d            b             p_b           S_b      
--  -1161.11375       0.18724      0.00e+00      0.00e+00  
--     r  2          r  3          r  4          r  5          r  6          r  7          r  8          r  9          r 10          r 11          r 12          r 13          r 14          r 15          r 16          r 17          r 18          r 19     
--     0.95928       0.94262       0.91057       0.93511       0.91954       0.90776       0.88903       0.91958       0.89175       0.87191       0.93034       0.88869       0.91404       0.94191       0.90845       0.98968       0.89597       0.99224  

---- Expected P_neut(i), 0 < i < n (neutral SFS per site) 
E[P_neut(1)] = 0.009391
E[P_neut(2)] = 0.004504
E[P_neut(3)] = 0.002951
E[P_neut(4)] = 0.002138
E[P_neut(5)] = 0.001756
E[P_neut(6)] = 0.001439
E[P_neut(7)] = 0.001218
E[P_neut(8)] = 0.001044
E[P_neut(9)] = 0.000960
E[P_neut(10)] = 0.000837
E[P_neut(11)] = 0.000744
E[P_neut(12)] = 0.000728
E[P_neut(13)] = 0.000642
E[P_neut(14)] = 0.000613
E[P_neut(15)] = 0.000590
E[P_neut(16)] = 0.000533
E[P_neut(17)] = 0.000547
E[P_neut(18)] = 0.000467
E[P_neut(19)] = 0.000490

---- Expected P_sel(i), 0 < i < n (selected SFS per site) 
E[P_sel(1)] = 0.003731
E[P_sel(2)] = 0.001482
E[P_sel(3)] = 0.000889
E[P_sel(4)] = 0.000609
E[P_sel(5)] = 0.000480
E[P_sel(6)] = 0.000381
E[P_sel(7)] = 0.000314
E[P_sel(8)] = 0.000263
E[P_sel(9)] = 0.000237
E[P_sel(10)] = 0.000204
E[P_sel(11)] = 0.000178
E[P_sel(12)] = 0.000172
E[P_sel(13)] = 0.000150
E[P_sel(14)] = 0.000141
E[P_sel(15)] = 0.000134
E[P_sel(16)] = 0.000120
E[P_sel(17)] = 0.000122
E[P_sel(18)] = 0.000104
E[P_sel(19)] = 0.000108

---- Expected neutral and selected misattributed polymorphism per site
E[mis_neut] = 0.000470
E[mis_sel] = 0.000102

---- alpha_div = 0.295456
---- alpha_dfe = 0.000000



