---- Performing inference on Ns25_pa_0.002_boots/Ns25_pa_0.002.69.polyDFE.txt using model B

---- Warning: mutation variability is not used when only one neutral and one selected fragment is available.
---- No mutation variability. Using Poisson likelihood.

---- Using provided initial values


-- Starting local optimization
 it       eps_an        theta_bar      S_d            b             r  2          r  3          r  4          r  5          r  6          r  7          r  8          r  9          r 10          r 11          r 12          r 13          r 14          r 15          r 16          r 17          r 18          r 19         ln lk             grad     status
  0      4.50e-06       0.00100     -400.00000       0.40000       1.00000       1.00000       1.00000       1.00000       1.00000       1.00000       1.00000       1.00000       1.00000       1.00000       1.00000       1.00000       1.00000       1.00000       1.00000       1.00000       1.00000       1.00000  -238637.7387003374   1702.25981   -2
142      4.50e-06       0.00942    -1503.47385       0.17977       0.95518       0.96157       0.92552       0.92112       0.91707       0.91378       0.90773       0.92809       0.94055       0.89823       0.89064       0.91168       0.90355       0.94238       0.90812       0.94167       0.93498       0.94883  -199.8273082750      0.00033   -3
-- Local optimization: stuck in the same solution


---- Best joint likelihood found -199.82731 with gradient 0.00033
-- Model: B
--     eps_an        eps_cont      theta_bar     a        
--    4.50e-06      0.00e+00       0.00942       -1.00000  
--      S_d            b             p_b           S_b      
--  -1503.47385       0.17977      0.00e+00      0.00e+00  
--     r  2          r  3          r  4          r  5          r  6          r  7          r  8          r  9          r 10          r 11          r 12          r 13          r 14          r 15          r 16          r 17          r 18          r 19     
--     0.95518       0.96157       0.92552       0.92112       0.91707       0.91378       0.90773       0.92809       0.94055       0.89823       0.89064       0.91168       0.90355       0.94238       0.90812       0.94167       0.93498       0.94883  

---- Expected P_neut(i), 0 < i < n (neutral SFS per site) 
E[P_neut(1)] = 0.009419
E[P_neut(2)] = 0.004498
E[P_neut(3)] = 0.003019
E[P_neut(4)] = 0.002179
E[P_neut(5)] = 0.001735
E[P_neut(6)] = 0.001440
E[P_neut(7)] = 0.001230
E[P_neut(8)] = 0.001069
E[P_neut(9)] = 0.000971
E[P_neut(10)] = 0.000886
E[P_neut(11)] = 0.000769
E[P_neut(12)] = 0.000699
E[P_neut(13)] = 0.000661
E[P_neut(14)] = 0.000608
E[P_neut(15)] = 0.000592
E[P_neut(16)] = 0.000535
E[P_neut(17)] = 0.000522
E[P_neut(18)] = 0.000489
E[P_neut(19)] = 0.000470

---- Expected P_sel(i), 0 < i < n (selected SFS per site) 
E[P_sel(1)] = 0.003680
E[P_sel(2)] = 0.001466
E[P_sel(3)] = 0.000904
E[P_sel(4)] = 0.000618
E[P_sel(5)] = 0.000473
E[P_sel(6)] = 0.000381
E[P_sel(7)] = 0.000317
E[P_sel(8)] = 0.000270
E[P_sel(9)] = 0.000241
E[P_sel(10)] = 0.000216
E[P_sel(11)] = 0.000185
E[P_sel(12)] = 0.000166
E[P_sel(13)] = 0.000155
E[P_sel(14)] = 0.000141
E[P_sel(15)] = 0.000136
E[P_sel(16)] = 0.000121
E[P_sel(17)] = 0.000117
E[P_sel(18)] = 0.000109
E[P_sel(19)] = 0.000104

---- Expected neutral and selected misattributed polymorphism per site
E[mis_neut] = 0.000471
E[mis_sel] = 0.000103

---- alpha_div = 0.292592
---- alpha_dfe = 0.000000



