---- Performing inference on Ns25_pa_0.002_boots/Ns25_pa_0.002.34.polyDFE.txt using model B

---- Warning: mutation variability is not used when only one neutral and one selected fragment is available.
---- No mutation variability. Using Poisson likelihood.

---- Using provided initial values


-- Starting local optimization
 it       eps_an        eps_cont      theta_bar      S_d            b             p_b           S_b           r  2          r  3          r  4          r  5          r  6          r  7          r  8          r  9          r 10          r 11          r 12          r 13          r 14          r 15          r 16          r 17          r 18          r 19         ln lk             grad     status
  0      4.50e-06      9.00e-07       0.00100     -400.00000       0.40000       0.02000       4.00000       1.00000       1.00000       1.00000       1.00000       1.00000       1.00000       1.00000       1.00000       1.00000       1.00000       1.00000       1.00000       1.00000       1.00000       1.00000       1.00000       1.00000       1.00000  -229470.4698022612   1613.08261   -2
592      4.51e-06      9.00e-07       0.00946     -932.53042       0.20106       0.00352      27.97784       0.96281       0.96746       0.92740       0.89568       0.92903       0.92158       0.90509       0.92968       0.91753       0.87636       0.93885       0.90019       0.92580       0.91318       0.85539       0.92954       0.91319       0.91282  -198.0499182403      0.00119   -3
-- Local optimization: stuck in the same solution


---- Best joint likelihood found -198.04992 with gradient 0.00119
-- Model: B
--     eps_an        eps_cont      theta_bar     a        
--    4.51e-06      9.00e-07       0.00946       -1.00000  
--      S_d            b             p_b           S_b      
--   -932.53042       0.20106       0.00352      27.97784  
--     r  2          r  3          r  4          r  5          r  6          r  7          r  8          r  9          r 10          r 11          r 12          r 13          r 14          r 15          r 16          r 17          r 18          r 19     
--     0.96281       0.96746       0.92740       0.89568       0.92903       0.92158       0.90509       0.92968       0.91753       0.87636       0.93885       0.90019       0.92580       0.91318       0.85539       0.92954       0.91319       0.91282  

---- Expected P_neut(i), 0 < i < n (neutral SFS per site) 
E[P_neut(1)] = 0.009460
E[P_neut(2)] = 0.004554
E[P_neut(3)] = 0.003051
E[P_neut(4)] = 0.002193
E[P_neut(5)] = 0.001695
E[P_neut(6)] = 0.001465
E[P_neut(7)] = 0.001246
E[P_neut(8)] = 0.001070
E[P_neut(9)] = 0.000977
E[P_neut(10)] = 0.000868
E[P_neut(11)] = 0.000754
E[P_neut(12)] = 0.000740
E[P_neut(13)] = 0.000655
E[P_neut(14)] = 0.000626
E[P_neut(15)] = 0.000576
E[P_neut(16)] = 0.000506
E[P_neut(17)] = 0.000517
E[P_neut(18)] = 0.000480
E[P_neut(19)] = 0.000455

---- Expected P_sel(i), 0 < i < n (selected SFS per site) 
E[P_sel(1)] = 0.003745
E[P_sel(2)] = 0.001476
E[P_sel(3)] = 0.000901
E[P_sel(4)] = 0.000611
E[P_sel(5)] = 0.000453
E[P_sel(6)] = 0.000379
E[P_sel(7)] = 0.000314
E[P_sel(8)] = 0.000264
E[P_sel(9)] = 0.000237
E[P_sel(10)] = 0.000207
E[P_sel(11)] = 0.000177
E[P_sel(12)] = 0.000172
E[P_sel(13)] = 0.000151
E[P_sel(14)] = 0.000144
E[P_sel(15)] = 0.000132
E[P_sel(16)] = 0.000117
E[P_sel(17)] = 0.000121
E[P_sel(18)] = 0.000115
E[P_sel(19)] = 0.000113

---- Expected neutral and selected misattributed polymorphism per site
E[mis_neut] = 0.000473
E[mis_sel] = 0.000127

---- alpha_div = 0.332754
---- alpha_dfe = 0.325425



