---- Performing inference on Ns25_pa_0.002_boots/Ns25_pa_0.002.73.polyDFE.txt using model B

---- Warning: mutation variability is not used when only one neutral and one selected fragment is available.
---- No mutation variability. Using Poisson likelihood.

---- Using provided initial values


-- Starting local optimization
 it       eps_an        eps_cont      lambda        theta_bar      S_d            b             p_b           S_b           r  2          r  3          r  4          r  5          r  6          r  7          r  8          r  9          r 10          r 11          r 12          r 13          r 14          r 15          r 16          r 17          r 18          r 19          r 20         ln lk             grad     status
  0      4.50e-06      9.00e-07       0.00500       0.00100     -400.00000       0.40000       0.02000       4.00000       1.00000       1.00000       1.00000       1.00000       1.00000       1.00000       1.00000       1.00000       1.00000       1.00000       1.00000       1.00000       1.00000       1.00000       1.00000       1.00000       1.00000       1.00000       1.00000  -231912.4196216705   1649.36350   -2
198      4.50e-06      9.00e-07       0.00498       0.00946    -1090.40012       0.19390       0.00254      37.42971       0.96866       0.95815       0.92347       0.92831       0.91940       0.89813       0.91350       0.91711       0.91008       0.86648       0.90425       0.91874       0.91498       0.98511       0.86879       0.95816       0.88378       0.90362       0.86932  -208.3323275253      0.01222   -3
-- Local optimization: stuck in the same solution


---- Best joint likelihood found -208.33233 with gradient 0.01222
-- Model: B
--     eps_an        eps_cont      lambda        theta_bar     a        
--    4.50e-06      9.00e-07       0.00498       0.00946       -1.00000  
--      S_d            b             p_b           S_b      
--  -1090.40012       0.19390       0.00254      37.42971  
--     r  2          r  3          r  4          r  5          r  6          r  7          r  8          r  9          r 10          r 11          r 12          r 13          r 14          r 15          r 16          r 17          r 18          r 19          r 20     
--     0.96866       0.95815       0.92347       0.92831       0.91940       0.89813       0.91350       0.91711       0.91008       0.86648       0.90425       0.91874       0.91498       0.98511       0.86879       0.95816       0.88378       0.90362       0.86932  

---- Expected P_neut(i), 0 < i < n (neutral SFS per site) 
E[P_neut(1)] = 0.009456
E[P_neut(2)] = 0.004580
E[P_neut(3)] = 0.003020
E[P_neut(4)] = 0.002183
E[P_neut(5)] = 0.001756
E[P_neut(6)] = 0.001449
E[P_neut(7)] = 0.001213
E[P_neut(8)] = 0.001080
E[P_neut(9)] = 0.000964
E[P_neut(10)] = 0.000861
E[P_neut(11)] = 0.000745
E[P_neut(12)] = 0.000713
E[P_neut(13)] = 0.000668
E[P_neut(14)] = 0.000618
E[P_neut(15)] = 0.000621
E[P_neut(16)] = 0.000513
E[P_neut(17)] = 0.000533
E[P_neut(18)] = 0.000464
E[P_neut(19)] = 0.000450

---- Expected P_sel(i), 0 < i < n (selected SFS per site) 
E[P_sel(1)] = 0.003722
E[P_sel(2)] = 0.001485
E[P_sel(3)] = 0.000895
E[P_sel(4)] = 0.000611
E[P_sel(5)] = 0.000472
E[P_sel(6)] = 0.000377
E[P_sel(7)] = 0.000308
E[P_sel(8)] = 0.000268
E[P_sel(9)] = 0.000235
E[P_sel(10)] = 0.000207
E[P_sel(11)] = 0.000177
E[P_sel(12)] = 0.000167
E[P_sel(13)] = 0.000155
E[P_sel(14)] = 0.000143
E[P_sel(15)] = 0.000143
E[P_sel(16)] = 0.000118
E[P_sel(17)] = 0.000124
E[P_sel(18)] = 0.000110
E[P_sel(19)] = 0.000110

---- Expected D_neut and D_sel (neutral and selected divergence per site) 
E[D_neut] = 0.005392
E[D_sel] = 0.001620

---- Expected neutral and selected misattributed polymorphism per site
E[mis_neut] = 0.000411
E[mis_sel] = 0.000109

---- alpha_div = 0.313611
---- alpha_dfe = 0.313424



