---- Performing inference on Ns25_pa_0.002_boots/Ns25_pa_0.002.99.polyDFE.txt using model B

---- Warning: mutation variability is not used when only one neutral and one selected fragment is available.
---- No mutation variability. Using Poisson likelihood.

---- Using provided initial values


-- Starting local optimization
 it       eps_an        eps_cont      lambda        theta_bar      S_d            b             p_b           S_b           r  2          r  3          r  4          r  5          r  6          r  7          r  8          r  9          r 10          r 11          r 12          r 13          r 14          r 15          r 16          r 17          r 18          r 19          r 20         ln lk             grad     status
  0      4.50e-06      9.00e-07       0.00500       0.00100     -400.00000       0.40000       0.02000       4.00000       1.00000       1.00000       1.00000       1.00000       1.00000       1.00000       1.00000       1.00000       1.00000       1.00000       1.00000       1.00000       1.00000       1.00000       1.00000       1.00000       1.00000       1.00000       1.00000  -232910.6669878682   1654.47342   -2
 77      4.49e-06      9.00e-07       0.00510       0.00950    -1349.62201       0.18329       0.00190      37.42536       0.93617       0.95404       0.90715       0.89512       0.90479       0.89299       0.89375       0.91009       0.93265       0.91353       0.90994       0.88261       0.93119       0.94112       0.85215       0.92897       0.92565       0.95216       0.86972  -210.8061157181      2.69539   -3
-- Local optimization: stuck in the same solution


---- Best joint likelihood found -210.80612 with gradient 2.69539
-- Model: B
--     eps_an        eps_cont      lambda        theta_bar     a        
--    4.49e-06      9.00e-07       0.00510       0.00950       -1.00000  
--      S_d            b             p_b           S_b      
--  -1349.62201       0.18329       0.00190      37.42536  
--     r  2          r  3          r  4          r  5          r  6          r  7          r  8          r  9          r 10          r 11          r 12          r 13          r 14          r 15          r 16          r 17          r 18          r 19          r 20     
--     0.93617       0.95404       0.90715       0.89512       0.90479       0.89299       0.89375       0.91009       0.93265       0.91353       0.90994       0.88261       0.93119       0.94112       0.85215       0.92897       0.92565       0.95216       0.86972  

---- Expected P_neut(i), 0 < i < n (neutral SFS per site) 
E[P_neut(1)] = 0.009502
E[P_neut(2)] = 0.004448
E[P_neut(3)] = 0.003022
E[P_neut(4)] = 0.002155
E[P_neut(5)] = 0.001701
E[P_neut(6)] = 0.001433
E[P_neut(7)] = 0.001212
E[P_neut(8)] = 0.001062
E[P_neut(9)] = 0.000961
E[P_neut(10)] = 0.000886
E[P_neut(11)] = 0.000789
E[P_neut(12)] = 0.000721
E[P_neut(13)] = 0.000645
E[P_neut(14)] = 0.000632
E[P_neut(15)] = 0.000596
E[P_neut(16)] = 0.000506
E[P_neut(17)] = 0.000519
E[P_neut(18)] = 0.000489
E[P_neut(19)] = 0.000476

---- Expected P_sel(i), 0 < i < n (selected SFS per site) 
E[P_sel(1)] = 0.003742
E[P_sel(2)] = 0.001458
E[P_sel(3)] = 0.000910
E[P_sel(4)] = 0.000615
E[P_sel(5)] = 0.000467
E[P_sel(6)] = 0.000381
E[P_sel(7)] = 0.000315
E[P_sel(8)] = 0.000270
E[P_sel(9)] = 0.000240
E[P_sel(10)] = 0.000218
E[P_sel(11)] = 0.000192
E[P_sel(12)] = 0.000173
E[P_sel(13)] = 0.000154
E[P_sel(14)] = 0.000149
E[P_sel(15)] = 0.000140
E[P_sel(16)] = 0.000119
E[P_sel(17)] = 0.000122
E[P_sel(18)] = 0.000116
E[P_sel(19)] = 0.000116

---- Expected D_neut and D_sel (neutral and selected divergence per site) 
E[D_neut] = 0.005508
E[D_sel] = 0.001570

---- Expected neutral and selected misattributed polymorphism per site
E[mis_neut] = 0.000413
E[mis_sel] = 0.000107

---- alpha_div = 0.271484
---- alpha_dfe = 0.247000



