---- Performing inference on Ns25_pa_0.002_boots/Ns25_pa_0.002.26.polyDFE.txt using model B

---- Warning: mutation variability is not used when only one neutral and one selected fragment is available.
---- No mutation variability. Using Poisson likelihood.

---- Using provided initial values


-- Starting local optimization
 it       eps_an        theta_bar      S_d            b             r  2          r  3          r  4          r  5          r  6          r  7          r  8          r  9          r 10          r 11          r 12          r 13          r 14          r 15          r 16          r 17          r 18          r 19         ln lk             grad     status
  0      4.50e-06       0.00100     -400.00000       0.40000       1.00000       1.00000       1.00000       1.00000       1.00000       1.00000       1.00000       1.00000       1.00000       1.00000       1.00000       1.00000       1.00000       1.00000       1.00000       1.00000       1.00000       1.00000  -238244.0336739904   1700.03578   -2
151      4.50e-06       0.00942    -1199.77546       0.18656       0.95328       0.95726       0.92180       0.90061       0.91692       0.88856       0.90362       0.92486       0.91344       0.89642       0.92479       0.92614       0.97116       0.90625       0.84537       0.94350       0.92995       0.93667  -199.5289960967      0.00590   -3
-- Local optimization: stuck in the same solution


---- Best joint likelihood found -199.52900 with gradient 0.00590
-- Model: B
--     eps_an        eps_cont      theta_bar     a        
--    4.50e-06      0.00e+00       0.00942       -1.00000  
--      S_d            b             p_b           S_b      
--  -1199.77546       0.18656      0.00e+00      0.00e+00  
--     r  2          r  3          r  4          r  5          r  6          r  7          r  8          r  9          r 10          r 11          r 12          r 13          r 14          r 15          r 16          r 17          r 18          r 19     
--     0.95328       0.95726       0.92180       0.90061       0.91692       0.88856       0.90362       0.92486       0.91344       0.89642       0.92479       0.92614       0.97116       0.90625       0.84537       0.94350       0.92995       0.93667  

---- Expected P_neut(i), 0 < i < n (neutral SFS per site) 
E[P_neut(1)] = 0.009420
E[P_neut(2)] = 0.004490
E[P_neut(3)] = 0.003006
E[P_neut(4)] = 0.002171
E[P_neut(5)] = 0.001697
E[P_neut(6)] = 0.001440
E[P_neut(7)] = 0.001196
E[P_neut(8)] = 0.001064
E[P_neut(9)] = 0.000968
E[P_neut(10)] = 0.000860
E[P_neut(11)] = 0.000768
E[P_neut(12)] = 0.000726
E[P_neut(13)] = 0.000671
E[P_neut(14)] = 0.000653
E[P_neut(15)] = 0.000569
E[P_neut(16)] = 0.000498
E[P_neut(17)] = 0.000523
E[P_neut(18)] = 0.000487
E[P_neut(19)] = 0.000464

---- Expected P_sel(i), 0 < i < n (selected SFS per site) 
E[P_sel(1)] = 0.003730
E[P_sel(2)] = 0.001473
E[P_sel(3)] = 0.000903
E[P_sel(4)] = 0.000617
E[P_sel(5)] = 0.000463
E[P_sel(6)] = 0.000380
E[P_sel(7)] = 0.000308
E[P_sel(8)] = 0.000268
E[P_sel(9)] = 0.000239
E[P_sel(10)] = 0.000209
E[P_sel(11)] = 0.000184
E[P_sel(12)] = 0.000171
E[P_sel(13)] = 0.000156
E[P_sel(14)] = 0.000150
E[P_sel(15)] = 0.000130
E[P_sel(16)] = 0.000112
E[P_sel(17)] = 0.000117
E[P_sel(18)] = 0.000108
E[P_sel(19)] = 0.000102

---- Expected neutral and selected misattributed polymorphism per site
E[mis_neut] = 0.000471
E[mis_sel] = 0.000103

---- alpha_div = 0.286482
---- alpha_dfe = 0.000000



