---- Performing inference on Ns25_pa_0.002_boots/Ns25_pa_0.002.64.polyDFE.txt using model B

---- Warning: mutation variability is not used when only one neutral and one selected fragment is available.
---- No mutation variability. Using Poisson likelihood.

---- Using provided initial values


-- Starting local optimization
 it       eps_an        eps_cont      lambda        theta_bar      S_d            b             p_b           S_b           r  2          r  3          r  4          r  5          r  6          r  7          r  8          r  9          r 10          r 11          r 12          r 13          r 14          r 15          r 16          r 17          r 18          r 19          r 20         ln lk             grad     status
  0      4.50e-06      9.00e-07       0.00500       0.00100     -400.00000       0.40000       0.02000       4.00000       1.00000       1.00000       1.00000       1.00000       1.00000       1.00000       1.00000       1.00000       1.00000       1.00000       1.00000       1.00000       1.00000       1.00000       1.00000       1.00000       1.00000       1.00000       1.00000  -231323.6099915310   1646.79059   -2
121      4.50e-06      9.00e-07       0.00508       0.00939    -1107.20648       0.19299       0.00235      37.42958       0.97420       0.95987       0.91438       0.92007       0.92490       0.94241       0.89879       0.93394       0.93769       0.88900       0.92076       0.92649       0.91947       0.95990       0.91614       0.97114       0.91125       0.90925       0.86767  -217.6985969782      0.13771   -3
-- Local optimization: stuck in the same solution


---- Best joint likelihood found -217.69860 with gradient 0.13771
-- Model: B
--     eps_an        eps_cont      lambda        theta_bar     a        
--    4.50e-06      9.00e-07       0.00508       0.00939       -1.00000  
--      S_d            b             p_b           S_b      
--  -1107.20648       0.19299       0.00235      37.42958  
--     r  2          r  3          r  4          r  5          r  6          r  7          r  8          r  9          r 10          r 11          r 12          r 13          r 14          r 15          r 16          r 17          r 18          r 19          r 20     
--     0.97420       0.95987       0.91438       0.92007       0.92490       0.94241       0.89879       0.93394       0.93769       0.88900       0.92076       0.92649       0.91947       0.95990       0.91614       0.97114       0.91125       0.90925       0.86767  

---- Expected P_neut(i), 0 < i < n (neutral SFS per site) 
E[P_neut(1)] = 0.009393
E[P_neut(2)] = 0.004575
E[P_neut(3)] = 0.003005
E[P_neut(4)] = 0.002147
E[P_neut(5)] = 0.001728
E[P_neut(6)] = 0.001448
E[P_neut(7)] = 0.001265
E[P_neut(8)] = 0.001055
E[P_neut(9)] = 0.000975
E[P_neut(10)] = 0.000881
E[P_neut(11)] = 0.000759
E[P_neut(12)] = 0.000721
E[P_neut(13)] = 0.000669
E[P_neut(14)] = 0.000617
E[P_neut(15)] = 0.000601
E[P_neut(16)] = 0.000538
E[P_neut(17)] = 0.000537
E[P_neut(18)] = 0.000476
E[P_neut(19)] = 0.000450

---- Expected P_sel(i), 0 < i < n (selected SFS per site) 
E[P_sel(1)] = 0.003698
E[P_sel(2)] = 0.001485
E[P_sel(3)] = 0.000892
E[P_sel(4)] = 0.000602
E[P_sel(5)] = 0.000465
E[P_sel(6)] = 0.000377
E[P_sel(7)] = 0.000321
E[P_sel(8)] = 0.000262
E[P_sel(9)] = 0.000238
E[P_sel(10)] = 0.000212
E[P_sel(11)] = 0.000180
E[P_sel(12)] = 0.000169
E[P_sel(13)] = 0.000156
E[P_sel(14)] = 0.000142
E[P_sel(15)] = 0.000138
E[P_sel(16)] = 0.000124
E[P_sel(17)] = 0.000124
E[P_sel(18)] = 0.000112
E[P_sel(19)] = 0.000109

---- Expected D_neut and D_sel (neutral and selected divergence per site) 
E[D_neut] = 0.005486
E[D_sel] = 0.001615

---- Expected neutral and selected misattributed polymorphism per site
E[mis_neut] = 0.000407
E[mis_sel] = 0.000106

---- alpha_div = 0.296456
---- alpha_dfe = 0.295700



