---- Performing inference on Ns25_pa_0.002_boots/Ns25_pa_0.002.71.polyDFE.txt using model B

---- Warning: mutation variability is not used when only one neutral and one selected fragment is available.
---- No mutation variability. Using Poisson likelihood.

---- Using provided initial values


-- Starting local optimization
 it       eps_an        lambda        theta_bar      S_d            b             r  2          r  3          r  4          r  5          r  6          r  7          r  8          r  9          r 10          r 11          r 12          r 13          r 14          r 15          r 16          r 17          r 18          r 19          r 20         ln lk             grad     status
  0      4.50e-06       0.00500       0.00100     -400.00000       0.40000       1.00000       1.00000       1.00000       1.00000       1.00000       1.00000       1.00000       1.00000       1.00000       1.00000       1.00000       1.00000       1.00000       1.00000       1.00000       1.00000       1.00000       1.00000       1.00000  -245721.9069809079   1817.85088   -2
480      4.46e-06       0.00015       0.00959    -7822.82336       0.13538       0.93930       0.92304       0.88082       0.85076       0.87318       0.85982       0.85009       0.86624       0.89867       0.83928       0.85273       0.85480       0.88792       0.86791       0.82880       0.87992       0.88649       0.88307      12.17275  -402.9949741742      0.00513   -3
-- Local optimization: stuck in the same solution


---- Best joint likelihood found -402.99497 with gradient 0.00513
-- Model: B
--     eps_an        eps_cont      lambda        theta_bar     a        
--    4.46e-06      0.00e+00       0.00015       0.00959       -1.00000  
--      S_d            b             p_b           S_b      
--  -7822.82336       0.13538      0.00e+00      0.00e+00  
--     r  2          r  3          r  4          r  5          r  6          r  7          r  8          r  9          r 10          r 11          r 12          r 13          r 14          r 15          r 16          r 17          r 18          r 19          r 20     
--     0.93930       0.92304       0.88082       0.85076       0.87318       0.85982       0.85009       0.86624       0.89867       0.83928       0.85273       0.85480       0.88792       0.86791       0.82880       0.87992       0.88649       0.88307      12.17275  

---- Expected P_neut(i), 0 < i < n (neutral SFS per site) 
E[P_neut(1)] = 0.009587
E[P_neut(2)] = 0.004503
E[P_neut(3)] = 0.002950
E[P_neut(4)] = 0.002111
E[P_neut(5)] = 0.001631
E[P_neut(6)] = 0.001395
E[P_neut(7)] = 0.001178
E[P_neut(8)] = 0.001019
E[P_neut(9)] = 0.000923
E[P_neut(10)] = 0.000862
E[P_neut(11)] = 0.000731
E[P_neut(12)] = 0.000681
E[P_neut(13)] = 0.000630
E[P_neut(14)] = 0.000608
E[P_neut(15)] = 0.000555
E[P_neut(16)] = 0.000497
E[P_neut(17)] = 0.000496
E[P_neut(18)] = 0.000472
E[P_neut(19)] = 0.000446

---- Expected P_sel(i), 0 < i < n (selected SFS per site) 
E[P_sel(1)] = 0.003630
E[P_sel(2)] = 0.001489
E[P_sel(3)] = 0.000916
E[P_sel(4)] = 0.000630
E[P_sel(5)] = 0.000473
E[P_sel(6)] = 0.000395
E[P_sel(7)] = 0.000327
E[P_sel(8)] = 0.000278
E[P_sel(9)] = 0.000249
E[P_sel(10)] = 0.000229
E[P_sel(11)] = 0.000193
E[P_sel(12)] = 0.000178
E[P_sel(13)] = 0.000163
E[P_sel(14)] = 0.000156
E[P_sel(15)] = 0.000141
E[P_sel(16)] = 0.000125
E[P_sel(17)] = 0.000124
E[P_sel(18)] = 0.000118
E[P_sel(19)] = 0.000110

---- Expected D_neut and D_sel (neutral and selected divergence per site) 
E[D_neut] = 0.005984
E[D_sel] = 0.001472

---- Expected neutral and selected misattributed polymorphism per site
E[mis_neut] = 0.005835
E[mis_sel] = 0.001435

---- alpha_div = 1.418081
---- alpha_dfe = 0.000000



