---- Performing inference on Ns25_pa_0.002_boots/Ns25_pa_0.002.28.polyDFE.txt using model B

---- Warning: mutation variability is not used when only one neutral and one selected fragment is available.
---- No mutation variability. Using Poisson likelihood.

---- Using provided initial values


-- Starting local optimization
 it       eps_an        lambda        theta_bar      S_d            b             r  2          r  3          r  4          r  5          r  6          r  7          r  8          r  9          r 10          r 11          r 12          r 13          r 14          r 15          r 16          r 17          r 18          r 19          r 20         ln lk             grad     status
  0      4.50e-06       0.00500       0.00100     -400.00000       0.40000       1.00000       1.00000       1.00000       1.00000       1.00000       1.00000       1.00000       1.00000       1.00000       1.00000       1.00000       1.00000       1.00000       1.00000       1.00000       1.00000       1.00000       1.00000       1.00000  -247895.6231454198   1828.38967   -2
632      4.47e-06       0.00004       0.00972   -10376.63121       0.13025       0.92179       0.92479       0.85864       0.86287       0.85651       0.84197       0.82627       0.86790       0.85995       0.81659       0.83749       0.83374       0.86360       0.85009       0.83126       0.92496       0.86125       0.87436      12.05444  -393.1053092377      0.03044   -6
-- Local optimization: reached maximum running time allowed


---- Best joint likelihood found -393.10531 with gradient 0.03044
-- Model: B
--     eps_an        eps_cont      lambda        theta_bar     a        
--    4.47e-06      0.00e+00       0.00004       0.00972       -1.00000  
--      S_d            b             p_b           S_b      
-- -10376.63121       0.13025      0.00e+00      0.00e+00  
--     r  2          r  3          r  4          r  5          r  6          r  7          r  8          r  9          r 10          r 11          r 12          r 13          r 14          r 15          r 16          r 17          r 18          r 19          r 20     
--     0.92179       0.92479       0.85864       0.86287       0.85651       0.84197       0.82627       0.86790       0.85995       0.81659       0.83749       0.83374       0.86360       0.85009       0.83126       0.92496       0.86125       0.87436      12.05444  

---- Expected P_neut(i), 0 < i < n (neutral SFS per site) 
E[P_neut(1)] = 0.009723
E[P_neut(2)] = 0.004481
E[P_neut(3)] = 0.002997
E[P_neut(4)] = 0.002087
E[P_neut(5)] = 0.001678
E[P_neut(6)] = 0.001388
E[P_neut(7)] = 0.001169
E[P_neut(8)] = 0.001004
E[P_neut(9)] = 0.000938
E[P_neut(10)] = 0.000836
E[P_neut(11)] = 0.000722
E[P_neut(12)] = 0.000679
E[P_neut(13)] = 0.000624
E[P_neut(14)] = 0.000600
E[P_neut(15)] = 0.000551
E[P_neut(16)] = 0.000505
E[P_neut(17)] = 0.000529
E[P_neut(18)] = 0.000465
E[P_neut(19)] = 0.000447

---- Expected P_sel(i), 0 < i < n (selected SFS per site) 
E[P_sel(1)] = 0.003662
E[P_sel(2)] = 0.001482
E[P_sel(3)] = 0.000933
E[P_sel(4)] = 0.000625
E[P_sel(5)] = 0.000489
E[P_sel(6)] = 0.000395
E[P_sel(7)] = 0.000327
E[P_sel(8)] = 0.000276
E[P_sel(9)] = 0.000255
E[P_sel(10)] = 0.000224
E[P_sel(11)] = 0.000192
E[P_sel(12)] = 0.000178
E[P_sel(13)] = 0.000163
E[P_sel(14)] = 0.000155
E[P_sel(15)] = 0.000141
E[P_sel(16)] = 0.000129
E[P_sel(17)] = 0.000134
E[P_sel(18)] = 0.000117
E[P_sel(19)] = 0.000112

---- Expected D_neut and D_sel (neutral and selected divergence per site) 
E[D_neut] = 0.005903
E[D_sel] = 0.001469

---- Expected neutral and selected misattributed polymorphism per site
E[mis_neut] = 0.005860
E[mis_sel] = 0.001458

---- alpha_div = 1.632603
---- alpha_dfe = 0.000000



