---- Performing inference on Ns25_pa_0.002_boots/Ns25_pa_0.002.14.polyDFE.txt using model B

---- Warning: mutation variability is not used when only one neutral and one selected fragment is available.
---- No mutation variability. Using Poisson likelihood.

---- Using provided initial values


-- Starting local optimization
 it       eps_an        eps_cont      theta_bar      S_d            b             p_b           S_b           r  2          r  3          r  4          r  5          r  6          r  7          r  8          r  9          r 10          r 11          r 12          r 13          r 14          r 15          r 16          r 17          r 18          r 19         ln lk             grad     status
  0      4.50e-06      9.00e-07       0.00100     -400.00000       0.40000       0.02000       4.00000       1.00000       1.00000       1.00000       1.00000       1.00000       1.00000       1.00000       1.00000       1.00000       1.00000       1.00000       1.00000       1.00000       1.00000       1.00000       1.00000       1.00000       1.00000  -230429.3774533747   1618.55274   -2
590      4.49e-06      9.00e-07       0.00937     -857.23127       0.20406       0.00423      10.63686       0.98540       0.95705       0.94135       0.91373       0.96017       0.91851       0.91712       0.92561       0.92807       0.88108       0.93264       0.90659       0.92511       0.98466       0.91646       0.96186       0.94850       0.94190  -192.0552651368      0.00192   -3
-- Local optimization: stuck in the same solution


---- Best joint likelihood found -192.05527 with gradient 0.00192
-- Model: B
--     eps_an        eps_cont      theta_bar     a        
--    4.49e-06      9.00e-07       0.00937       -1.00000  
--      S_d            b             p_b           S_b      
--   -857.23127       0.20406       0.00423      10.63686  
--     r  2          r  3          r  4          r  5          r  6          r  7          r  8          r  9          r 10          r 11          r 12          r 13          r 14          r 15          r 16          r 17          r 18          r 19     
--     0.98540       0.95705       0.94135       0.91373       0.96017       0.91851       0.91712       0.92561       0.92807       0.88108       0.93264       0.90659       0.92511       0.98466       0.91646       0.96186       0.94850       0.94190  

---- Expected P_neut(i), 0 < i < n (neutral SFS per site) 
E[P_neut(1)] = 0.009373
E[P_neut(2)] = 0.004618
E[P_neut(3)] = 0.002990
E[P_neut(4)] = 0.002206
E[P_neut(5)] = 0.001713
E[P_neut(6)] = 0.001500
E[P_neut(7)] = 0.001230
E[P_neut(8)] = 0.001074
E[P_neut(9)] = 0.000964
E[P_neut(10)] = 0.000870
E[P_neut(11)] = 0.000751
E[P_neut(12)] = 0.000728
E[P_neut(13)] = 0.000654
E[P_neut(14)] = 0.000619
E[P_neut(15)] = 0.000615
E[P_neut(16)] = 0.000537
E[P_neut(17)] = 0.000530
E[P_neut(18)] = 0.000494
E[P_neut(19)] = 0.000465

---- Expected P_sel(i), 0 < i < n (selected SFS per site) 
E[P_sel(1)] = 0.003736
E[P_sel(2)] = 0.001504
E[P_sel(3)] = 0.000887
E[P_sel(4)] = 0.000616
E[P_sel(5)] = 0.000459
E[P_sel(6)] = 0.000389
E[P_sel(7)] = 0.000311
E[P_sel(8)] = 0.000266
E[P_sel(9)] = 0.000234
E[P_sel(10)] = 0.000208
E[P_sel(11)] = 0.000177
E[P_sel(12)] = 0.000170
E[P_sel(13)] = 0.000152
E[P_sel(14)] = 0.000143
E[P_sel(15)] = 0.000142
E[P_sel(16)] = 0.000124
E[P_sel(17)] = 0.000123
E[P_sel(18)] = 0.000115
E[P_sel(19)] = 0.000110

---- Expected neutral and selected misattributed polymorphism per site
E[mis_neut] = 0.000469
E[mis_sel] = 0.000113

---- alpha_div = 0.320175
---- alpha_dfe = 0.181142



