---- Performing inference on Ns25_pa_0.002_boots/Ns25_pa_0.002.69.polyDFE.txt using model B

---- Warning: mutation variability is not used when only one neutral and one selected fragment is available.
---- No mutation variability. Using Poisson likelihood.

---- Using provided initial values


-- Starting local optimization
 it       eps_an        lambda        theta_bar      S_d            b             r  2          r  3          r  4          r  5          r  6          r  7          r  8          r  9          r 10          r 11          r 12          r 13          r 14          r 15          r 16          r 17          r 18          r 19          r 20         ln lk             grad     status
  0      4.50e-06       0.00500       0.00100     -400.00000       0.40000       1.00000       1.00000       1.00000       1.00000       1.00000       1.00000       1.00000       1.00000       1.00000       1.00000       1.00000       1.00000       1.00000       1.00000       1.00000       1.00000       1.00000       1.00000       1.00000  -246656.2823451858   1823.22112   -2
640      4.48e-06       0.00011       0.00959    -9620.04055       0.13132       0.93042       0.92638       0.88588       0.87773       0.87102       0.86561       0.85787       0.87575       0.88580       0.84488       0.83667       0.85547       0.84684       0.88245       0.84993       0.88052       0.87377       0.88596      12.03268  -400.1535441405      0.04274   -6
-- Local optimization: reached maximum running time allowed


---- Best joint likelihood found -400.15354 with gradient 0.04274
-- Model: B
--     eps_an        eps_cont      lambda        theta_bar     a        
--    4.48e-06      0.00e+00       0.00011       0.00959       -1.00000  
--      S_d            b             p_b           S_b      
--  -9620.04055       0.13132      0.00e+00      0.00e+00  
--     r  2          r  3          r  4          r  5          r  6          r  7          r  8          r  9          r 10          r 11          r 12          r 13          r 14          r 15          r 16          r 17          r 18          r 19          r 20     
--     0.93042       0.92638       0.88588       0.87773       0.87102       0.86561       0.85787       0.87575       0.88580       0.84488       0.83667       0.85547       0.84684       0.88245       0.84993       0.88052       0.87377       0.88596      12.03268  

---- Expected P_neut(i), 0 < i < n (neutral SFS per site) 
E[P_neut(1)] = 0.009590
E[P_neut(2)] = 0.004461
E[P_neut(3)] = 0.002961
E[P_neut(4)] = 0.002124
E[P_neut(5)] = 0.001684
E[P_neut(6)] = 0.001392
E[P_neut(7)] = 0.001186
E[P_neut(8)] = 0.001028
E[P_neut(9)] = 0.000933
E[P_neut(10)] = 0.000849
E[P_neut(11)] = 0.000737
E[P_neut(12)] = 0.000669
E[P_neut(13)] = 0.000631
E[P_neut(14)] = 0.000580
E[P_neut(15)] = 0.000564
E[P_neut(16)] = 0.000509
E[P_neut(17)] = 0.000497
E[P_neut(18)] = 0.000466
E[P_neut(19)] = 0.000447

---- Expected P_sel(i), 0 < i < n (selected SFS per site) 
E[P_sel(1)] = 0.003623
E[P_sel(2)] = 0.001478
E[P_sel(3)] = 0.000923
E[P_sel(4)] = 0.000637
E[P_sel(5)] = 0.000491
E[P_sel(6)] = 0.000397
E[P_sel(7)] = 0.000332
E[P_sel(8)] = 0.000283
E[P_sel(9)] = 0.000254
E[P_sel(10)] = 0.000228
E[P_sel(11)] = 0.000196
E[P_sel(12)] = 0.000176
E[P_sel(13)] = 0.000165
E[P_sel(14)] = 0.000150
E[P_sel(15)] = 0.000145
E[P_sel(16)] = 0.000130
E[P_sel(17)] = 0.000126
E[P_sel(18)] = 0.000117
E[P_sel(19)] = 0.000112

---- Expected D_neut and D_sel (neutral and selected divergence per site) 
E[D_neut] = 0.005881
E[D_sel] = 0.001463

---- Expected neutral and selected misattributed polymorphism per site
E[mis_neut] = 0.005770
E[mis_sel] = 0.001435

---- alpha_div = 1.486219
---- alpha_dfe = 0.000000



