---- Performing inference on Ns25_pa_0.002_boots/Ns25_pa_0.002.3.polyDFE.txt using model B

---- Warning: mutation variability is not used when only one neutral and one selected fragment is available.
---- No mutation variability. Using Poisson likelihood.

---- Using provided initial values


-- Starting local optimization
 it       eps_an        eps_cont      theta_bar      S_d            b             p_b           S_b           r  2          r  3          r  4          r  5          r  6          r  7          r  8          r  9          r 10          r 11          r 12          r 13          r 14          r 15          r 16          r 17          r 18          r 19         ln lk             grad     status
  0      4.50e-06      9.00e-07       0.00100     -400.00000       0.40000       0.02000       4.00000       1.00000       1.00000       1.00000       1.00000       1.00000       1.00000       1.00000       1.00000       1.00000       1.00000       1.00000       1.00000       1.00000       1.00000       1.00000       1.00000       1.00000       1.00000  -229405.0970273429   1612.56781   -2
219      4.56e-06      9.00e-07       0.00933     -753.78920       0.20966       0.00282      37.42856       0.97863       0.96093       0.95131       0.93663       0.92988       0.90872       0.92477       0.95767       0.96454       0.90601       0.92847       0.94000       0.94556       0.92827       0.94173       0.98686       0.95024       0.98336  -200.9092856501      0.08358   -3
-- Local optimization: stuck in the same solution


---- Best joint likelihood found -200.90929 with gradient 0.08358
-- Model: B
--     eps_an        eps_cont      theta_bar     a        
--    4.56e-06      9.00e-07       0.00933       -1.00000  
--      S_d            b             p_b           S_b      
--   -753.78920       0.20966       0.00282      37.42856  
--     r  2          r  3          r  4          r  5          r  6          r  7          r  8          r  9          r 10          r 11          r 12          r 13          r 14          r 15          r 16          r 17          r 18          r 19     
--     0.97863       0.96093       0.95131       0.93663       0.92988       0.90872       0.92477       0.95767       0.96454       0.90601       0.92847       0.94000       0.94556       0.92827       0.94173       0.98686       0.95024       0.98336  

---- Expected P_neut(i), 0 < i < n (neutral SFS per site) 
E[P_neut(1)] = 0.009334
E[P_neut(2)] = 0.004567
E[P_neut(3)] = 0.002990
E[P_neut(4)] = 0.002220
E[P_neut(5)] = 0.001749
E[P_neut(6)] = 0.001447
E[P_neut(7)] = 0.001212
E[P_neut(8)] = 0.001079
E[P_neut(9)] = 0.000993
E[P_neut(10)] = 0.000900
E[P_neut(11)] = 0.000769
E[P_neut(12)] = 0.000722
E[P_neut(13)] = 0.000675
E[P_neut(14)] = 0.000630
E[P_neut(15)] = 0.000578
E[P_neut(16)] = 0.000549
E[P_neut(17)] = 0.000542
E[P_neut(18)] = 0.000493
E[P_neut(19)] = 0.000483

---- Expected P_sel(i), 0 < i < n (selected SFS per site) 
E[P_sel(1)] = 0.003737
E[P_sel(2)] = 0.001485
E[P_sel(3)] = 0.000882
E[P_sel(4)] = 0.000616
E[P_sel(5)] = 0.000464
E[P_sel(6)] = 0.000371
E[P_sel(7)] = 0.000302
E[P_sel(8)] = 0.000263
E[P_sel(9)] = 0.000237
E[P_sel(10)] = 0.000212
E[P_sel(11)] = 0.000178
E[P_sel(12)] = 0.000165
E[P_sel(13)] = 0.000153
E[P_sel(14)] = 0.000142
E[P_sel(15)] = 0.000130
E[P_sel(16)] = 0.000124
E[P_sel(17)] = 0.000123
E[P_sel(18)] = 0.000114
E[P_sel(19)] = 0.000117

---- Expected neutral and selected misattributed polymorphism per site
E[mis_neut] = 0.000467
E[mis_sel] = 0.000123

---- alpha_div = 0.327871
---- alpha_dfe = 0.344153



