---- Performing inference on Ns25_pa_0.002_boots/Ns25_pa_0.002.40.polyDFE.txt using model B

---- Warning: mutation variability is not used when only one neutral and one selected fragment is available.
---- No mutation variability. Using Poisson likelihood.

---- Using provided initial values


-- Starting local optimization
 it       eps_an        theta_bar      S_d            b             r  2          r  3          r  4          r  5          r  6          r  7          r  8          r  9          r 10          r 11          r 12          r 13          r 14          r 15          r 16          r 17          r 18          r 19         ln lk             grad     status
  0      4.50e-06       0.00100     -400.00000       0.40000       1.00000       1.00000       1.00000       1.00000       1.00000       1.00000       1.00000       1.00000       1.00000       1.00000       1.00000       1.00000       1.00000       1.00000       1.00000       1.00000       1.00000       1.00000  -241412.9318143150   1716.08759   -2
136      4.50e-06       0.00939    -1104.63870       0.18958       0.96572       0.96500       0.94538       0.92252       0.93207       0.92870       0.89778       0.91901       0.93727       0.90459       0.92570       0.92062       0.95451       0.95231       0.92017       0.97359       0.92143       1.01641  -202.4263318864      0.00128   -3
-- Local optimization: stuck in the same solution


---- Best joint likelihood found -202.42633 with gradient 0.00128
-- Model: B
--     eps_an        eps_cont      theta_bar     a        
--    4.50e-06      0.00e+00       0.00939       -1.00000  
--      S_d            b             p_b           S_b      
--  -1104.63870       0.18958      0.00e+00      0.00e+00  
--     r  2          r  3          r  4          r  5          r  6          r  7          r  8          r  9          r 10          r 11          r 12          r 13          r 14          r 15          r 16          r 17          r 18          r 19     
--     0.96572       0.96500       0.94538       0.92252       0.93207       0.92870       0.89778       0.91901       0.93727       0.90459       0.92570       0.92062       0.95451       0.95231       0.92017       0.97359       0.92143       1.01641  

---- Expected P_neut(i), 0 < i < n (neutral SFS per site) 
E[P_neut(1)] = 0.009393
E[P_neut(2)] = 0.004535
E[P_neut(3)] = 0.003021
E[P_neut(4)] = 0.002220
E[P_neut(5)] = 0.001733
E[P_neut(6)] = 0.001459
E[P_neut(7)] = 0.001246
E[P_neut(8)] = 0.001054
E[P_neut(9)] = 0.000959
E[P_neut(10)] = 0.000880
E[P_neut(11)] = 0.000772
E[P_neut(12)] = 0.000725
E[P_neut(13)] = 0.000665
E[P_neut(14)] = 0.000640
E[P_neut(15)] = 0.000596
E[P_neut(16)] = 0.000540
E[P_neut(17)] = 0.000538
E[P_neut(18)] = 0.000481
E[P_neut(19)] = 0.000503

---- Expected P_sel(i), 0 < i < n (selected SFS per site) 
E[P_sel(1)] = 0.003732
E[P_sel(2)] = 0.001489
E[P_sel(3)] = 0.000907
E[P_sel(4)] = 0.000630
E[P_sel(5)] = 0.000472
E[P_sel(6)] = 0.000384
E[P_sel(7)] = 0.000320
E[P_sel(8)] = 0.000264
E[P_sel(9)] = 0.000236
E[P_sel(10)] = 0.000213
E[P_sel(11)] = 0.000184
E[P_sel(12)] = 0.000170
E[P_sel(13)] = 0.000154
E[P_sel(14)] = 0.000147
E[P_sel(15)] = 0.000135
E[P_sel(16)] = 0.000121
E[P_sel(17)] = 0.000119
E[P_sel(18)] = 0.000106
E[P_sel(19)] = 0.000110

---- Expected neutral and selected misattributed polymorphism per site
E[mis_neut] = 0.000470
E[mis_sel] = 0.000102

---- alpha_div = 0.299274
---- alpha_dfe = 0.000000



