---- Performing inference on Ns25_pa_0.002_boots/Ns25_pa_0.002.16.polyDFE.txt using model B

---- Warning: mutation variability is not used when only one neutral and one selected fragment is available.
---- No mutation variability. Using Poisson likelihood.

---- Using provided initial values


-- Starting local optimization
 it       eps_an        theta_bar      S_d            b             r  2          r  3          r  4          r  5          r  6          r  7          r  8          r  9          r 10          r 11          r 12          r 13          r 14          r 15          r 16          r 17          r 18          r 19         ln lk             grad     status
  0      4.50e-06       0.00100     -400.00000       0.40000       1.00000       1.00000       1.00000       1.00000       1.00000       1.00000       1.00000       1.00000       1.00000       1.00000       1.00000       1.00000       1.00000       1.00000       1.00000       1.00000       1.00000       1.00000  -239597.8550662244   1704.14158   -2
169      4.50e-06       0.00957    -1471.44288       0.18241       0.95795       0.93624       0.92533       0.89397       0.92736       0.89162       0.89274       0.90221       0.92868       0.87879       0.90333       0.87991       0.87977       0.91899       0.86530       0.94792       0.91603       0.95893  -201.3021884779      0.00117   -3
-- Local optimization: stuck in the same solution


---- Best joint likelihood found -201.30219 with gradient 0.00117
-- Model: B
--     eps_an        eps_cont      theta_bar     a        
--    4.50e-06      0.00e+00       0.00957       -1.00000  
--      S_d            b             p_b           S_b      
--  -1471.44288       0.18241      0.00e+00      0.00e+00  
--     r  2          r  3          r  4          r  5          r  6          r  7          r  8          r  9          r 10          r 11          r 12          r 13          r 14          r 15          r 16          r 17          r 18          r 19     
--     0.95795       0.93624       0.92533       0.89397       0.92736       0.89162       0.89274       0.90221       0.92868       0.87879       0.90333       0.87991       0.87977       0.91899       0.86530       0.94792       0.91603       0.95893  

---- Expected P_neut(i), 0 < i < n (neutral SFS per site) 
E[P_neut(1)] = 0.009574
E[P_neut(2)] = 0.004586
E[P_neut(3)] = 0.002988
E[P_neut(4)] = 0.002215
E[P_neut(5)] = 0.001712
E[P_neut(6)] = 0.001480
E[P_neut(7)] = 0.001219
E[P_neut(8)] = 0.001068
E[P_neut(9)] = 0.000960
E[P_neut(10)] = 0.000889
E[P_neut(11)] = 0.000765
E[P_neut(12)] = 0.000721
E[P_neut(13)] = 0.000648
E[P_neut(14)] = 0.000602
E[P_neut(15)] = 0.000587
E[P_neut(16)] = 0.000518
E[P_neut(17)] = 0.000534
E[P_neut(18)] = 0.000487
E[P_neut(19)] = 0.000483

---- Expected P_sel(i), 0 < i < n (selected SFS per site) 
E[P_sel(1)] = 0.003715
E[P_sel(2)] = 0.001480
E[P_sel(3)] = 0.000885
E[P_sel(4)] = 0.000621
E[P_sel(5)] = 0.000461
E[P_sel(6)] = 0.000386
E[P_sel(7)] = 0.000310
E[P_sel(8)] = 0.000266
E[P_sel(9)] = 0.000235
E[P_sel(10)] = 0.000214
E[P_sel(11)] = 0.000181
E[P_sel(12)] = 0.000168
E[P_sel(13)] = 0.000150
E[P_sel(14)] = 0.000137
E[P_sel(15)] = 0.000132
E[P_sel(16)] = 0.000116
E[P_sel(17)] = 0.000118
E[P_sel(18)] = 0.000107
E[P_sel(19)] = 0.000105

---- Expected neutral and selected misattributed polymorphism per site
E[mis_neut] = 0.000479
E[mis_sel] = 0.000104

---- alpha_div = 0.312049
---- alpha_dfe = 0.000000



