---- Performing inference on Ns25_pa_0.002_boots/Ns25_pa_0.002.78.polyDFE.txt using model B

---- Warning: mutation variability is not used when only one neutral and one selected fragment is available.
---- No mutation variability. Using Poisson likelihood.

---- Using provided initial values


-- Starting local optimization
 it       eps_an        theta_bar      S_d            b             r  2          r  3          r  4          r  5          r  6          r  7          r  8          r  9          r 10          r 11          r 12          r 13          r 14          r 15          r 16          r 17          r 18          r 19         ln lk             grad     status
  0      4.50e-06       0.00100     -400.00000       0.40000       1.00000       1.00000       1.00000       1.00000       1.00000       1.00000       1.00000       1.00000       1.00000       1.00000       1.00000       1.00000       1.00000       1.00000       1.00000       1.00000       1.00000       1.00000  -239503.9810796454   1706.70534   -2
123      4.50e-06       0.00936    -1166.21179       0.18779       0.96437       0.96234       0.93173       0.93143       0.92004       0.91225       0.91733       0.94741       0.92854       0.91090       0.95372       0.91505       0.96465       0.95724       0.88873       0.98009       0.95021       0.96853  -207.8087820855      0.01223   -3
-- Local optimization: stuck in the same solution


---- Best joint likelihood found -207.80878 with gradient 0.01223
-- Model: B
--     eps_an        eps_cont      theta_bar     a        
--    4.50e-06      0.00e+00       0.00936       -1.00000  
--      S_d            b             p_b           S_b      
--  -1166.21179       0.18779      0.00e+00      0.00e+00  
--     r  2          r  3          r  4          r  5          r  6          r  7          r  8          r  9          r 10          r 11          r 12          r 13          r 14          r 15          r 16          r 17          r 18          r 19     
--     0.96437       0.96234       0.93173       0.93143       0.92004       0.91225       0.91733       0.94741       0.92854       0.91090       0.95372       0.91505       0.96465       0.95724       0.88873       0.98009       0.95021       0.96853  

---- Expected P_neut(i), 0 < i < n (neutral SFS per site) 
E[P_neut(1)] = 0.009355
E[P_neut(2)] = 0.004511
E[P_neut(3)] = 0.003001
E[P_neut(4)] = 0.002179
E[P_neut(5)] = 0.001743
E[P_neut(6)] = 0.001435
E[P_neut(7)] = 0.001219
E[P_neut(8)] = 0.001073
E[P_neut(9)] = 0.000985
E[P_neut(10)] = 0.000869
E[P_neut(11)] = 0.000775
E[P_neut(12)] = 0.000744
E[P_neut(13)] = 0.000659
E[P_neut(14)] = 0.000645
E[P_neut(15)] = 0.000597
E[P_neut(16)] = 0.000520
E[P_neut(17)] = 0.000539
E[P_neut(18)] = 0.000494
E[P_neut(19)] = 0.000477

---- Expected P_sel(i), 0 < i < n (selected SFS per site) 
E[P_sel(1)] = 0.003706
E[P_sel(2)] = 0.001479
E[P_sel(3)] = 0.000901
E[P_sel(4)] = 0.000618
E[P_sel(5)] = 0.000474
E[P_sel(6)] = 0.000378
E[P_sel(7)] = 0.000313
E[P_sel(8)] = 0.000269
E[P_sel(9)] = 0.000243
E[P_sel(10)] = 0.000210
E[P_sel(11)] = 0.000185
E[P_sel(12)] = 0.000175
E[P_sel(13)] = 0.000153
E[P_sel(14)] = 0.000148
E[P_sel(15)] = 0.000136
E[P_sel(16)] = 0.000117
E[P_sel(17)] = 0.000120
E[P_sel(18)] = 0.000109
E[P_sel(19)] = 0.000104

---- Expected neutral and selected misattributed polymorphism per site
E[mis_neut] = 0.000468
E[mis_sel] = 0.000102

---- alpha_div = 0.299560
---- alpha_dfe = 0.000000



