---- Performing inference on Ns25_pa_0.002_boots/Ns25_pa_0.002.35.polyDFE.txt using model B

---- Warning: mutation variability is not used when only one neutral and one selected fragment is available.
---- No mutation variability. Using Poisson likelihood.

---- Using provided initial values


-- Starting local optimization
 it       eps_an        theta_bar      S_d            b             r  2          r  3          r  4          r  5          r  6          r  7          r  8          r  9          r 10          r 11          r 12          r 13          r 14          r 15          r 16          r 17          r 18          r 19         ln lk             grad     status
  0      4.50e-06       0.00100     -400.00000       0.40000       1.00000       1.00000       1.00000       1.00000       1.00000       1.00000       1.00000       1.00000       1.00000       1.00000       1.00000       1.00000       1.00000       1.00000       1.00000       1.00000       1.00000       1.00000  -239853.3657962366   1707.42214   -2
153      4.50e-06       0.00939    -1153.79669       0.18919       0.98482       0.95684       0.92430       0.90549       0.91333       0.90168       0.91892       0.95907       0.96155       0.91168       0.92788       0.89002       0.94005       0.96247       0.90386       0.98055       0.93873       0.96914  -198.7978958771      0.00112   -3
-- Local optimization: stuck in the same solution


---- Best joint likelihood found -198.79790 with gradient 0.00112
-- Model: B
--     eps_an        eps_cont      theta_bar     a        
--    4.50e-06      0.00e+00       0.00939       -1.00000  
--      S_d            b             p_b           S_b      
--  -1153.79669       0.18919      0.00e+00      0.00e+00  
--     r  2          r  3          r  4          r  5          r  6          r  7          r  8          r  9          r 10          r 11          r 12          r 13          r 14          r 15          r 16          r 17          r 18          r 19     
--     0.98482       0.95684       0.92430       0.90549       0.91333       0.90168       0.91892       0.95907       0.96155       0.91168       0.92788       0.89002       0.94005       0.96247       0.90386       0.98055       0.93873       0.96914  

---- Expected P_neut(i), 0 < i < n (neutral SFS per site) 
E[P_neut(1)] = 0.009392
E[P_neut(2)] = 0.004625
E[P_neut(3)] = 0.002996
E[P_neut(4)] = 0.002170
E[P_neut(5)] = 0.001701
E[P_neut(6)] = 0.001430
E[P_neut(7)] = 0.001210
E[P_neut(8)] = 0.001079
E[P_neut(9)] = 0.001001
E[P_neut(10)] = 0.000903
E[P_neut(11)] = 0.000778
E[P_neut(12)] = 0.000726
E[P_neut(13)] = 0.000643
E[P_neut(14)] = 0.000631
E[P_neut(15)] = 0.000603
E[P_neut(16)] = 0.000531
E[P_neut(17)] = 0.000542
E[P_neut(18)] = 0.000490
E[P_neut(19)] = 0.000479

---- Expected P_sel(i), 0 < i < n (selected SFS per site) 
E[P_sel(1)] = 0.003708
E[P_sel(2)] = 0.001509
E[P_sel(3)] = 0.000894
E[P_sel(4)] = 0.000612
E[P_sel(5)] = 0.000460
E[P_sel(6)] = 0.000374
E[P_sel(7)] = 0.000309
E[P_sel(8)] = 0.000269
E[P_sel(9)] = 0.000245
E[P_sel(10)] = 0.000217
E[P_sel(11)] = 0.000184
E[P_sel(12)] = 0.000170
E[P_sel(13)] = 0.000148
E[P_sel(14)] = 0.000144
E[P_sel(15)] = 0.000136
E[P_sel(16)] = 0.000118
E[P_sel(17)] = 0.000120
E[P_sel(18)] = 0.000107
E[P_sel(19)] = 0.000104

---- Expected neutral and selected misattributed polymorphism per site
E[mis_neut] = 0.000470
E[mis_sel] = 0.000101

---- alpha_div = 0.303956
---- alpha_dfe = 0.000000



