---- Performing inference on Ns25_pa_0.002_boots/Ns25_pa_0.002.49.polyDFE.txt using model B

---- Warning: mutation variability is not used when only one neutral and one selected fragment is available.
---- No mutation variability. Using Poisson likelihood.

---- Using provided initial values


-- Starting local optimization
 it       eps_an        eps_cont      theta_bar      S_d            b             p_b           S_b           r  2          r  3          r  4          r  5          r  6          r  7          r  8          r  9          r 10          r 11          r 12          r 13          r 14          r 15          r 16          r 17          r 18          r 19         ln lk             grad     status
  0      4.50e-06      9.00e-07       0.00100     -400.00000       0.40000       0.02000       4.00000       1.00000       1.00000       1.00000       1.00000       1.00000       1.00000       1.00000       1.00000       1.00000       1.00000       1.00000       1.00000       1.00000       1.00000       1.00000       1.00000       1.00000       1.00000  -228175.4960621444   1606.12356   -2
450      4.57e-06      9.00e-07       0.00941    -1025.88448       0.19837       0.00250      87.93053       0.97344       0.98113       0.93015       0.92518       0.92320       0.89457       0.90986       0.94036       0.93749       0.90426       0.91378       0.88827       0.95210       0.97254       0.87726       0.98620       0.93816       0.89543  -191.1401749423      0.00133   -3
-- Local optimization: stuck in the same solution


---- Best joint likelihood found -191.14017 with gradient 0.00133
-- Model: B
--     eps_an        eps_cont      theta_bar     a        
--    4.57e-06      9.00e-07       0.00941       -1.00000  
--      S_d            b             p_b           S_b      
--  -1025.88448       0.19837       0.00250      87.93053  
--     r  2          r  3          r  4          r  5          r  6          r  7          r  8          r  9          r 10          r 11          r 12          r 13          r 14          r 15          r 16          r 17          r 18          r 19     
--     0.97344       0.98113       0.93015       0.92518       0.92320       0.89457       0.90986       0.94036       0.93749       0.90426       0.91378       0.88827       0.95210       0.97254       0.87726       0.98620       0.93816       0.89543  

---- Expected P_neut(i), 0 < i < n (neutral SFS per site) 
E[P_neut(1)] = 0.009406
E[P_neut(2)] = 0.004578
E[P_neut(3)] = 0.003076
E[P_neut(4)] = 0.002187
E[P_neut(5)] = 0.001740
E[P_neut(6)] = 0.001447
E[P_neut(7)] = 0.001202
E[P_neut(8)] = 0.001070
E[P_neut(9)] = 0.000983
E[P_neut(10)] = 0.000882
E[P_neut(11)] = 0.000773
E[P_neut(12)] = 0.000716
E[P_neut(13)] = 0.000643
E[P_neut(14)] = 0.000640
E[P_neut(15)] = 0.000610
E[P_neut(16)] = 0.000516
E[P_neut(17)] = 0.000546
E[P_neut(18)] = 0.000490
E[P_neut(19)] = 0.000443

---- Expected P_sel(i), 0 < i < n (selected SFS per site) 
E[P_sel(1)] = 0.003684
E[P_sel(2)] = 0.001471
E[P_sel(3)] = 0.000901
E[P_sel(4)] = 0.000605
E[P_sel(5)] = 0.000461
E[P_sel(6)] = 0.000371
E[P_sel(7)] = 0.000300
E[P_sel(8)] = 0.000261
E[P_sel(9)] = 0.000236
E[P_sel(10)] = 0.000208
E[P_sel(11)] = 0.000180
E[P_sel(12)] = 0.000165
E[P_sel(13)] = 0.000147
E[P_sel(14)] = 0.000145
E[P_sel(15)] = 0.000138
E[P_sel(16)] = 0.000117
E[P_sel(17)] = 0.000125
E[P_sel(18)] = 0.000115
E[P_sel(19)] = 0.000114

---- Expected neutral and selected misattributed polymorphism per site
E[mis_neut] = 0.000470
E[mis_sel] = 0.000137

---- alpha_div = 0.325543
---- alpha_dfe = 0.517848



