---- Performing inference on Ns25_pa_0.002_boots/Ns25_pa_0.002.5.polyDFE.txt using model B

---- Warning: mutation variability is not used when only one neutral and one selected fragment is available.
---- No mutation variability. Using Poisson likelihood.

---- Using provided initial values


-- Starting local optimization
 it       eps_an        theta_bar      S_d            b             r  2          r  3          r  4          r  5          r  6          r  7          r  8          r  9          r 10          r 11          r 12          r 13          r 14          r 15          r 16          r 17          r 18          r 19         ln lk             grad     status
  0      4.50e-06       0.00100     -400.00000       0.40000       1.00000       1.00000       1.00000       1.00000       1.00000       1.00000       1.00000       1.00000       1.00000       1.00000       1.00000       1.00000       1.00000       1.00000       1.00000       1.00000       1.00000       1.00000  -237641.8886161981   1697.51474   -2
132      4.50e-06       0.00937    -1375.81289       0.18234       0.96811       0.97618       0.91894       0.90768       0.91076       0.88912       0.91302       0.92879       0.94015       0.88777       0.91284       0.89482       0.92510       0.95898       0.88875       0.96904       0.91303       0.93170  -205.9559623579      0.00235   -3
-- Local optimization: stuck in the same solution


---- Best joint likelihood found -205.95596 with gradient 0.00235
-- Model: B
--     eps_an        eps_cont      theta_bar     a        
--    4.50e-06      0.00e+00       0.00937       -1.00000  
--      S_d            b             p_b           S_b      
--  -1375.81289       0.18234      0.00e+00      0.00e+00  
--     r  2          r  3          r  4          r  5          r  6          r  7          r  8          r  9          r 10          r 11          r 12          r 13          r 14          r 15          r 16          r 17          r 18          r 19     
--     0.96811       0.97618       0.91894       0.90768       0.91076       0.88912       0.91302       0.92879       0.94015       0.88777       0.91284       0.89482       0.92510       0.95898       0.88875       0.96904       0.91303       0.93170  

---- Expected P_neut(i), 0 < i < n (neutral SFS per site) 
E[P_neut(1)] = 0.009372
E[P_neut(2)] = 0.004537
E[P_neut(3)] = 0.003050
E[P_neut(4)] = 0.002153
E[P_neut(5)] = 0.001701
E[P_neut(6)] = 0.001423
E[P_neut(7)] = 0.001190
E[P_neut(8)] = 0.001070
E[P_neut(9)] = 0.000967
E[P_neut(10)] = 0.000881
E[P_neut(11)] = 0.000756
E[P_neut(12)] = 0.000713
E[P_neut(13)] = 0.000645
E[P_neut(14)] = 0.000619
E[P_neut(15)] = 0.000599
E[P_neut(16)] = 0.000521
E[P_neut(17)] = 0.000534
E[P_neut(18)] = 0.000475
E[P_neut(19)] = 0.000460

---- Expected P_sel(i), 0 < i < n (selected SFS per site) 
E[P_sel(1)] = 0.003681
E[P_sel(2)] = 0.001483
E[P_sel(3)] = 0.000915
E[P_sel(4)] = 0.000612
E[P_sel(5)] = 0.000464
E[P_sel(6)] = 0.000376
E[P_sel(7)] = 0.000307
E[P_sel(8)] = 0.000270
E[P_sel(9)] = 0.000239
E[P_sel(10)] = 0.000215
E[P_sel(11)] = 0.000181
E[P_sel(12)] = 0.000169
E[P_sel(13)] = 0.000151
E[P_sel(14)] = 0.000143
E[P_sel(15)] = 0.000137
E[P_sel(16)] = 0.000118
E[P_sel(17)] = 0.000120
E[P_sel(18)] = 0.000106
E[P_sel(19)] = 0.000101

---- Expected neutral and selected misattributed polymorphism per site
E[mis_neut] = 0.000469
E[mis_sel] = 0.000103

---- alpha_div = 0.282271
---- alpha_dfe = 0.000000



