---- Performing inference on Ns25_pa_0.002_boots/Ns25_pa_0.002.97.polyDFE.txt using model B

---- Warning: mutation variability is not used when only one neutral and one selected fragment is available.
---- No mutation variability. Using Poisson likelihood.

---- Using provided initial values


-- Starting local optimization
 it       eps_an        lambda        theta_bar      S_d            b             r  2          r  3          r  4          r  5          r  6          r  7          r  8          r  9          r 10          r 11          r 12          r 13          r 14          r 15          r 16          r 17          r 18          r 19          r 20         ln lk             grad     status
  0      4.50e-06       0.00500       0.00100     -400.00000       0.40000       1.00000       1.00000       1.00000       1.00000       1.00000       1.00000       1.00000       1.00000       1.00000       1.00000       1.00000       1.00000       1.00000       1.00000       1.00000       1.00000       1.00000       1.00000       1.00000  -246515.6100354701   1822.05057   -2
739      4.49e-06       0.00009       0.00953    -5580.02596       0.14105       0.93937       0.91960       0.89331       0.88250       0.88861       0.87017       0.86609       0.87815       0.89563       0.82269       0.86907       0.85802       0.83207       0.89072       0.84488       0.90123       0.83394       0.95270      12.37121  -434.9878221388      0.00379   -6
-- Local optimization: reached maximum running time allowed


---- Best joint likelihood found -434.98782 with gradient 0.00379
-- Model: B
--     eps_an        eps_cont      lambda        theta_bar     a        
--    4.49e-06      0.00e+00       0.00009       0.00953       -1.00000  
--      S_d            b             p_b           S_b      
--  -5580.02596       0.14105      0.00e+00      0.00e+00  
--     r  2          r  3          r  4          r  5          r  6          r  7          r  8          r  9          r 10          r 11          r 12          r 13          r 14          r 15          r 16          r 17          r 18          r 19          r 20     
--     0.93937       0.91960       0.89331       0.88250       0.88861       0.87017       0.86609       0.87815       0.89563       0.82269       0.86907       0.85802       0.83207       0.89072       0.84488       0.90123       0.83394       0.95270      12.37121  

---- Expected P_neut(i), 0 < i < n (neutral SFS per site) 
E[P_neut(1)] = 0.009534
E[P_neut(2)] = 0.004478
E[P_neut(3)] = 0.002923
E[P_neut(4)] = 0.002129
E[P_neut(5)] = 0.001683
E[P_neut(6)] = 0.001412
E[P_neut(7)] = 0.001185
E[P_neut(8)] = 0.001032
E[P_neut(9)] = 0.000930
E[P_neut(10)] = 0.000854
E[P_neut(11)] = 0.000713
E[P_neut(12)] = 0.000690
E[P_neut(13)] = 0.000629
E[P_neut(14)] = 0.000567
E[P_neut(15)] = 0.000566
E[P_neut(16)] = 0.000503
E[P_neut(17)] = 0.000505
E[P_neut(18)] = 0.000442
E[P_neut(19)] = 0.000478

---- Expected P_sel(i), 0 < i < n (selected SFS per site) 
E[P_sel(1)] = 0.003658
E[P_sel(2)] = 0.001492
E[P_sel(3)] = 0.000912
E[P_sel(4)] = 0.000637
E[P_sel(5)] = 0.000488
E[P_sel(6)] = 0.000400
E[P_sel(7)] = 0.000329
E[P_sel(8)] = 0.000282
E[P_sel(9)] = 0.000250
E[P_sel(10)] = 0.000227
E[P_sel(11)] = 0.000187
E[P_sel(12)] = 0.000179
E[P_sel(13)] = 0.000162
E[P_sel(14)] = 0.000145
E[P_sel(15)] = 0.000143
E[P_sel(16)] = 0.000126
E[P_sel(17)] = 0.000126
E[P_sel(18)] = 0.000109
E[P_sel(19)] = 0.000118

---- Expected D_neut and D_sel (neutral and selected divergence per site) 
E[D_neut] = 0.005992
E[D_sel] = 0.001466

---- Expected neutral and selected misattributed polymorphism per site
E[mis_neut] = 0.005897
E[mis_sel] = 0.001443

---- alpha_div = 1.524160
---- alpha_dfe = 0.000000



