---- Performing inference on Ns25_pa_0.002_boots/Ns25_pa_0.002.96.polyDFE.txt using model B

---- Warning: mutation variability is not used when only one neutral and one selected fragment is available.
---- No mutation variability. Using Poisson likelihood.

---- Using provided initial values


-- Starting local optimization
 it       eps_an        eps_cont      lambda        theta_bar      S_d            b             p_b           S_b           r  2          r  3          r  4          r  5          r  6          r  7          r  8          r  9          r 10          r 11          r 12          r 13          r 14          r 15          r 16          r 17          r 18          r 19          r 20         ln lk             grad     status
  0      4.50e-06      9.00e-07       0.00500       0.00100     -400.00000       0.40000       0.02000       4.00000       1.00000       1.00000       1.00000       1.00000       1.00000       1.00000       1.00000       1.00000       1.00000       1.00000       1.00000       1.00000       1.00000       1.00000       1.00000       1.00000       1.00000       1.00000       1.00000  -231604.1774135945   1648.95524   -2
160      4.49e-06      9.00e-07       0.00509       0.00938     -857.54450       0.20204       0.00257      37.42922       0.96434       0.95647       0.93447       0.89955       0.91911       0.90235       0.91375       0.92746       0.94430       0.93833       0.89750       0.93833       0.95990       0.92041       0.93576       0.93663       0.91710       0.96223       0.88809  -211.4454568708      0.07119   -3
-- Local optimization: stuck in the same solution


---- Best joint likelihood found -211.44546 with gradient 0.07119
-- Model: B
--     eps_an        eps_cont      lambda        theta_bar     a        
--    4.49e-06      9.00e-07       0.00509       0.00938       -1.00000  
--      S_d            b             p_b           S_b      
--   -857.54450       0.20204       0.00257      37.42922  
--     r  2          r  3          r  4          r  5          r  6          r  7          r  8          r  9          r 10          r 11          r 12          r 13          r 14          r 15          r 16          r 17          r 18          r 19          r 20     
--     0.96434       0.95647       0.93447       0.89955       0.91911       0.90235       0.91375       0.92746       0.94430       0.93833       0.89750       0.93833       0.95990       0.92041       0.93576       0.93663       0.91710       0.96223       0.88809  

---- Expected P_neut(i), 0 < i < n (neutral SFS per site) 
E[P_neut(1)] = 0.009375
E[P_neut(2)] = 0.004520
E[P_neut(3)] = 0.002989
E[P_neut(4)] = 0.002190
E[P_neut(5)] = 0.001687
E[P_neut(6)] = 0.001436
E[P_neut(7)] = 0.001209
E[P_neut(8)] = 0.001071
E[P_neut(9)] = 0.000966
E[P_neut(10)] = 0.000885
E[P_neut(11)] = 0.000800
E[P_neut(12)] = 0.000701
E[P_neut(13)] = 0.000677
E[P_neut(14)] = 0.000643
E[P_neut(15)] = 0.000575
E[P_neut(16)] = 0.000548
E[P_neut(17)] = 0.000517
E[P_neut(18)] = 0.000478
E[P_neut(19)] = 0.000475

---- Expected P_sel(i), 0 < i < n (selected SFS per site) 
E[P_sel(1)] = 0.003753
E[P_sel(2)] = 0.001480
E[P_sel(3)] = 0.000891
E[P_sel(4)] = 0.000615
E[P_sel(5)] = 0.000454
E[P_sel(6)] = 0.000374
E[P_sel(7)] = 0.000306
E[P_sel(8)] = 0.000265
E[P_sel(9)] = 0.000235
E[P_sel(10)] = 0.000212
E[P_sel(11)] = 0.000189
E[P_sel(12)] = 0.000164
E[P_sel(13)] = 0.000156
E[P_sel(14)] = 0.000148
E[P_sel(15)] = 0.000132
E[P_sel(16)] = 0.000125
E[P_sel(17)] = 0.000119
E[P_sel(18)] = 0.000112
E[P_sel(19)] = 0.000116

---- Expected D_neut and D_sel (neutral and selected divergence per site) 
E[D_neut] = 0.005503
E[D_sel] = 0.001649

---- Expected neutral and selected misattributed polymorphism per site
E[mis_neut] = 0.000416
E[mis_sel] = 0.000109

---- alpha_div = 0.319202
---- alpha_dfe = 0.317702



