---- Performing inference on Ns25_pa_0.002_boots/Ns25_pa_0.002.92.polyDFE.txt using model B

---- Warning: mutation variability is not used when only one neutral and one selected fragment is available.
---- No mutation variability. Using Poisson likelihood.

---- Using provided initial values


-- Starting local optimization
 it       eps_an        eps_cont      lambda        theta_bar      S_d            b             p_b           S_b           r  2          r  3          r  4          r  5          r  6          r  7          r  8          r  9          r 10          r 11          r 12          r 13          r 14          r 15          r 16          r 17          r 18          r 19          r 20         ln lk             grad     status
  0      4.50e-06      9.00e-07       0.00500       0.00100     -400.00000       0.40000       0.02000       4.00000       1.00000       1.00000       1.00000       1.00000       1.00000       1.00000       1.00000       1.00000       1.00000       1.00000       1.00000       1.00000       1.00000       1.00000       1.00000       1.00000       1.00000       1.00000       1.00000  -230871.3474215806   1643.33131   -2
107      4.50e-06      9.00e-07       0.00504       0.00953    -1257.29112       0.19028       0.00248      37.42955       0.95383       0.93455       0.92884       0.90490       0.90147       0.87904       0.91842       0.90773       0.92607       0.88528       0.92176       0.89791       0.95351       0.91246       0.86392       0.92213       0.90772       0.97379       0.99774  -213.0150202856      0.23542   -3
-- Local optimization: stuck in the same solution


---- Best joint likelihood found -213.01502 with gradient 0.23542
-- Model: B
--     eps_an        eps_cont      lambda        theta_bar     a        
--    4.50e-06      9.00e-07       0.00504       0.00953       -1.00000  
--      S_d            b             p_b           S_b      
--  -1257.29112       0.19028       0.00248      37.42955  
--     r  2          r  3          r  4          r  5          r  6          r  7          r  8          r  9          r 10          r 11          r 12          r 13          r 14          r 15          r 16          r 17          r 18          r 19          r 20     
--     0.95383       0.93455       0.92884       0.90490       0.90147       0.87904       0.91842       0.90773       0.92607       0.88528       0.92176       0.89791       0.95351       0.91246       0.86392       0.92213       0.90772       0.97379       0.99774  

---- Expected P_neut(i), 0 < i < n (neutral SFS per site) 
E[P_neut(1)] = 0.009528
E[P_neut(2)] = 0.004544
E[P_neut(3)] = 0.002968
E[P_neut(4)] = 0.002213
E[P_neut(5)] = 0.001724
E[P_neut(6)] = 0.001432
E[P_neut(7)] = 0.001197
E[P_neut(8)] = 0.001094
E[P_neut(9)] = 0.000961
E[P_neut(10)] = 0.000882
E[P_neut(11)] = 0.000767
E[P_neut(12)] = 0.000732
E[P_neut(13)] = 0.000658
E[P_neut(14)] = 0.000649
E[P_neut(15)] = 0.000580
E[P_neut(16)] = 0.000515
E[P_neut(17)] = 0.000517
E[P_neut(18)] = 0.000481
E[P_neut(19)] = 0.000488

---- Expected P_sel(i), 0 < i < n (selected SFS per site) 
E[P_sel(1)] = 0.003703
E[P_sel(2)] = 0.001460
E[P_sel(3)] = 0.000873
E[P_sel(4)] = 0.000615
E[P_sel(5)] = 0.000461
E[P_sel(6)] = 0.000371
E[P_sel(7)] = 0.000302
E[P_sel(8)] = 0.000270
E[P_sel(9)] = 0.000233
E[P_sel(10)] = 0.000211
E[P_sel(11)] = 0.000181
E[P_sel(12)] = 0.000171
E[P_sel(13)] = 0.000152
E[P_sel(14)] = 0.000149
E[P_sel(15)] = 0.000133
E[P_sel(16)] = 0.000118
E[P_sel(17)] = 0.000119
E[P_sel(18)] = 0.000113
E[P_sel(19)] = 0.000119

---- Expected D_neut and D_sel (neutral and selected divergence per site) 
E[D_neut] = 0.005513
E[D_sel] = 0.001641

---- Expected neutral and selected misattributed polymorphism per site
E[mis_neut] = 0.000475
E[mis_sel] = 0.000125

---- alpha_div = 0.311715
---- alpha_dfe = 0.308361



