---- Performing inference on Ns25_pa_0.002_boots/Ns25_pa_0.002.32.polyDFE.txt using model B

---- Warning: mutation variability is not used when only one neutral and one selected fragment is available.
---- No mutation variability. Using Poisson likelihood.

---- Using provided initial values


-- Starting local optimization
 it       eps_an        theta_bar      S_d            b             r  2          r  3          r  4          r  5          r  6          r  7          r  8          r  9          r 10          r 11          r 12          r 13          r 14          r 15          r 16          r 17          r 18          r 19         ln lk             grad     status
  0      4.50e-06       0.00100     -400.00000       0.40000       1.00000       1.00000       1.00000       1.00000       1.00000       1.00000       1.00000       1.00000       1.00000       1.00000       1.00000       1.00000       1.00000       1.00000       1.00000       1.00000       1.00000       1.00000  -238278.1946928124   1698.50654   -2
170      4.50e-06       0.00948    -1367.48423       0.18423       0.97695       0.95275       0.91388       0.89896       0.90637       0.90833       0.90897       0.90546       0.92820       0.87397       0.87908       0.89340       0.91054       0.89040       0.89337       0.96091       0.91157       0.93574  -207.6372751062      0.00020   -3
-- Local optimization: stuck in the same solution


---- Best joint likelihood found -207.63728 with gradient 0.00020
-- Model: B
--     eps_an        eps_cont      theta_bar     a        
--    4.50e-06      0.00e+00       0.00948       -1.00000  
--      S_d            b             p_b           S_b      
--  -1367.48423       0.18423      0.00e+00      0.00e+00  
--     r  2          r  3          r  4          r  5          r  6          r  7          r  8          r  9          r 10          r 11          r 12          r 13          r 14          r 15          r 16          r 17          r 18          r 19     
--     0.97695       0.95275       0.91388       0.89896       0.90637       0.90833       0.90897       0.90546       0.92820       0.87397       0.87908       0.89340       0.91054       0.89040       0.89337       0.96091       0.91157       0.93574  

---- Expected P_neut(i), 0 < i < n (neutral SFS per site) 
E[P_neut(1)] = 0.009482
E[P_neut(2)] = 0.004632
E[P_neut(3)] = 0.003011
E[P_neut(4)] = 0.002166
E[P_neut(5)] = 0.001705
E[P_neut(6)] = 0.001432
E[P_neut(7)] = 0.001230
E[P_neut(8)] = 0.001077
E[P_neut(9)] = 0.000954
E[P_neut(10)] = 0.000880
E[P_neut(11)] = 0.000753
E[P_neut(12)] = 0.000695
E[P_neut(13)] = 0.000652
E[P_neut(14)] = 0.000617
E[P_neut(15)] = 0.000563
E[P_neut(16)] = 0.000529
E[P_neut(17)] = 0.000536
E[P_neut(18)] = 0.000480
E[P_neut(19)] = 0.000467

---- Expected P_sel(i), 0 < i < n (selected SFS per site) 
E[P_sel(1)] = 0.003700
E[P_sel(2)] = 0.001501
E[P_sel(3)] = 0.000895
E[P_sel(4)] = 0.000609
E[P_sel(5)] = 0.000460
E[P_sel(6)] = 0.000375
E[P_sel(7)] = 0.000314
E[P_sel(8)] = 0.000269
E[P_sel(9)] = 0.000233
E[P_sel(10)] = 0.000212
E[P_sel(11)] = 0.000179
E[P_sel(12)] = 0.000162
E[P_sel(13)] = 0.000151
E[P_sel(14)] = 0.000141
E[P_sel(15)] = 0.000127
E[P_sel(16)] = 0.000118
E[P_sel(17)] = 0.000119
E[P_sel(18)] = 0.000106
E[P_sel(19)] = 0.000102

---- Expected neutral and selected misattributed polymorphism per site
E[mis_neut] = 0.000474
E[mis_sel] = 0.000103

---- alpha_div = 0.312564
---- alpha_dfe = 0.000000



