---- Performing inference on Ns25_pa_0.002_boots/Ns25_pa_0.002.39.polyDFE.txt using model B

---- Warning: mutation variability is not used when only one neutral and one selected fragment is available.
---- No mutation variability. Using Poisson likelihood.

---- Using provided initial values


-- Starting local optimization
 it       eps_an        theta_bar      S_d            b             r  2          r  3          r  4          r  5          r  6          r  7          r  8          r  9          r 10          r 11          r 12          r 13          r 14          r 15          r 16          r 17          r 18          r 19         ln lk             grad     status
  0      4.50e-06       0.00100     -400.00000       0.40000       1.00000       1.00000       1.00000       1.00000       1.00000       1.00000       1.00000       1.00000       1.00000       1.00000       1.00000       1.00000       1.00000       1.00000       1.00000       1.00000       1.00000       1.00000  -238255.3721387796   1701.71187   -2
153      4.50e-06       0.00934    -1193.87281       0.18545       0.96602       0.95265       0.92228       0.90376       0.91386       0.89144       0.90806       0.92415       0.93254       0.90939       0.89373       0.92362       0.95842       0.91124       0.90264       0.99046       0.94259       1.00504  -209.0136726797      0.00039   -3
-- Local optimization: stuck in the same solution


---- Best joint likelihood found -209.01367 with gradient 0.00039
-- Model: B
--     eps_an        eps_cont      theta_bar     a        
--    4.50e-06      0.00e+00       0.00934       -1.00000  
--      S_d            b             p_b           S_b      
--  -1193.87281       0.18545      0.00e+00      0.00e+00  
--     r  2          r  3          r  4          r  5          r  6          r  7          r  8          r  9          r 10          r 11          r 12          r 13          r 14          r 15          r 16          r 17          r 18          r 19     
--     0.96602       0.95265       0.92228       0.90376       0.91386       0.89144       0.90806       0.92415       0.93254       0.90939       0.89373       0.92362       0.95842       0.91124       0.90264       0.99046       0.94259       1.00504  

---- Expected P_neut(i), 0 < i < n (neutral SFS per site) 
E[P_neut(1)] = 0.009344
E[P_neut(2)] = 0.004513
E[P_neut(3)] = 0.002967
E[P_neut(4)] = 0.002154
E[P_neut(5)] = 0.001689
E[P_neut(6)] = 0.001423
E[P_neut(7)] = 0.001190
E[P_neut(8)] = 0.001061
E[P_neut(9)] = 0.000959
E[P_neut(10)] = 0.000871
E[P_neut(11)] = 0.000772
E[P_neut(12)] = 0.000696
E[P_neut(13)] = 0.000664
E[P_neut(14)] = 0.000640
E[P_neut(15)] = 0.000568
E[P_neut(16)] = 0.000527
E[P_neut(17)] = 0.000544
E[P_neut(18)] = 0.000489
E[P_neut(19)] = 0.000494

---- Expected P_sel(i), 0 < i < n (selected SFS per site) 
E[P_sel(1)] = 0.003719
E[P_sel(2)] = 0.001490
E[P_sel(3)] = 0.000898
E[P_sel(4)] = 0.000617
E[P_sel(5)] = 0.000464
E[P_sel(6)] = 0.000379
E[P_sel(7)] = 0.000309
E[P_sel(8)] = 0.000269
E[P_sel(9)] = 0.000239
E[P_sel(10)] = 0.000213
E[P_sel(11)] = 0.000186
E[P_sel(12)] = 0.000166
E[P_sel(13)] = 0.000156
E[P_sel(14)] = 0.000149
E[P_sel(15)] = 0.000130
E[P_sel(16)] = 0.000120
E[P_sel(17)] = 0.000123
E[P_sel(18)] = 0.000109
E[P_sel(19)] = 0.000110

---- Expected neutral and selected misattributed polymorphism per site
E[mis_neut] = 0.000467
E[mis_sel] = 0.000103

---- alpha_div = 0.300624
---- alpha_dfe = 0.000000



