---- Performing inference on Ns25_pa_0.002_boots/Ns25_pa_0.002.88.polyDFE.txt using model B

---- Warning: mutation variability is not used when only one neutral and one selected fragment is available.
---- No mutation variability. Using Poisson likelihood.

---- Using provided initial values


-- Starting local optimization
 it       eps_an        theta_bar      S_d            b             r  2          r  3          r  4          r  5          r  6          r  7          r  8          r  9          r 10          r 11          r 12          r 13          r 14          r 15          r 16          r 17          r 18          r 19         ln lk             grad     status
  0      4.50e-06       0.00100     -400.00000       0.40000       1.00000       1.00000       1.00000       1.00000       1.00000       1.00000       1.00000       1.00000       1.00000       1.00000       1.00000       1.00000       1.00000       1.00000       1.00000       1.00000       1.00000       1.00000  -239041.1097426942   1703.52256   -2
171      4.50e-06       0.00942    -1368.73736       0.18337       0.96140       0.97702       0.91816       0.92013       0.91366       0.89878       0.90376       0.92124       0.92509       0.90610       0.91221       0.89148       0.91422       0.94246       0.92130       0.96694       0.93362       1.00713  -196.3823526077      0.00086   -3
-- Local optimization: stuck in the same solution


---- Best joint likelihood found -196.38235 with gradient 0.00086
-- Model: B
--     eps_an        eps_cont      theta_bar     a        
--    4.50e-06      0.00e+00       0.00942       -1.00000  
--      S_d            b             p_b           S_b      
--  -1368.73736       0.18337      0.00e+00      0.00e+00  
--     r  2          r  3          r  4          r  5          r  6          r  7          r  8          r  9          r 10          r 11          r 12          r 13          r 14          r 15          r 16          r 17          r 18          r 19     
--     0.96140       0.97702       0.91816       0.92013       0.91366       0.89878       0.90376       0.92124       0.92509       0.90610       0.91221       0.89148       0.91422       0.94246       0.92130       0.96694       0.93362       1.00713  

---- Expected P_neut(i), 0 < i < n (neutral SFS per site) 
E[P_neut(1)] = 0.009421
E[P_neut(2)] = 0.004529
E[P_neut(3)] = 0.003068
E[P_neut(4)] = 0.002163
E[P_neut(5)] = 0.001734
E[P_neut(6)] = 0.001435
E[P_neut(7)] = 0.001210
E[P_neut(8)] = 0.001064
E[P_neut(9)] = 0.000964
E[P_neut(10)] = 0.000872
E[P_neut(11)] = 0.000776
E[P_neut(12)] = 0.000716
E[P_neut(13)] = 0.000646
E[P_neut(14)] = 0.000615
E[P_neut(15)] = 0.000592
E[P_neut(16)] = 0.000542
E[P_neut(17)] = 0.000536
E[P_neut(18)] = 0.000489
E[P_neut(19)] = 0.000499

---- Expected P_sel(i), 0 < i < n (selected SFS per site) 
E[P_sel(1)] = 0.003688
E[P_sel(2)] = 0.001474
E[P_sel(3)] = 0.000916
E[P_sel(4)] = 0.000611
E[P_sel(5)] = 0.000471
E[P_sel(6)] = 0.000377
E[P_sel(7)] = 0.000310
E[P_sel(8)] = 0.000267
E[P_sel(9)] = 0.000237
E[P_sel(10)] = 0.000211
E[P_sel(11)] = 0.000185
E[P_sel(12)] = 0.000168
E[P_sel(13)] = 0.000150
E[P_sel(14)] = 0.000141
E[P_sel(15)] = 0.000135
E[P_sel(16)] = 0.000122
E[P_sel(17)] = 0.000120
E[P_sel(18)] = 0.000108
E[P_sel(19)] = 0.000110

---- Expected neutral and selected misattributed polymorphism per site
E[mis_neut] = 0.000471
E[mis_sel] = 0.000102

---- alpha_div = 0.312101
---- alpha_dfe = 0.000000



