---- Performing inference on Ns25_pa_0.002_boots/Ns25_pa_0.002.38.polyDFE.txt using model B

---- Warning: mutation variability is not used when only one neutral and one selected fragment is available.
---- No mutation variability. Using Poisson likelihood.

---- Using provided initial values


-- Starting local optimization
 it       eps_an        theta_bar      S_d            b             r  2          r  3          r  4          r  5          r  6          r  7          r  8          r  9          r 10          r 11          r 12          r 13          r 14          r 15          r 16          r 17          r 18          r 19         ln lk             grad     status
  0      4.50e-06       0.00100     -400.00000       0.40000       1.00000       1.00000       1.00000       1.00000       1.00000       1.00000       1.00000       1.00000       1.00000       1.00000       1.00000       1.00000       1.00000       1.00000       1.00000       1.00000       1.00000       1.00000  -239236.3529161249   1704.86708   -2
134      4.50e-06       0.00949    -1626.56208       0.17728       0.95719       0.94651       0.92132       0.90164       0.91358       0.90355       0.87876       0.92061       0.92353       0.87555       0.88133       0.90847       0.92340       0.91090       0.86653       0.93596       0.92362       0.98086  -208.7478974170      0.00079   -3
-- Local optimization: stuck in the same solution


---- Best joint likelihood found -208.74790 with gradient 0.00079
-- Model: B
--     eps_an        eps_cont      theta_bar     a        
--    4.50e-06      0.00e+00       0.00949       -1.00000  
--      S_d            b             p_b           S_b      
--  -1626.56208       0.17728      0.00e+00      0.00e+00  
--     r  2          r  3          r  4          r  5          r  6          r  7          r  8          r  9          r 10          r 11          r 12          r 13          r 14          r 15          r 16          r 17          r 18          r 19     
--     0.95719       0.94651       0.92132       0.90164       0.91358       0.90355       0.87876       0.92061       0.92353       0.87555       0.88133       0.90847       0.92340       0.91090       0.86653       0.93596       0.92362       0.98086  

---- Expected P_neut(i), 0 < i < n (neutral SFS per site) 
E[P_neut(1)] = 0.009495
E[P_neut(2)] = 0.004544
E[P_neut(3)] = 0.002996
E[P_neut(4)] = 0.002187
E[P_neut(5)] = 0.001712
E[P_neut(6)] = 0.001446
E[P_neut(7)] = 0.001226
E[P_neut(8)] = 0.001043
E[P_neut(9)] = 0.000971
E[P_neut(10)] = 0.000877
E[P_neut(11)] = 0.000756
E[P_neut(12)] = 0.000697
E[P_neut(13)] = 0.000664
E[P_neut(14)] = 0.000626
E[P_neut(15)] = 0.000577
E[P_neut(16)] = 0.000514
E[P_neut(17)] = 0.000523
E[P_neut(18)] = 0.000487
E[P_neut(19)] = 0.000490

---- Expected P_sel(i), 0 < i < n (selected SFS per site) 
E[P_sel(1)] = 0.003697
E[P_sel(2)] = 0.001480
E[P_sel(3)] = 0.000897
E[P_sel(4)] = 0.000621
E[P_sel(5)] = 0.000468
E[P_sel(6)] = 0.000383
E[P_sel(7)] = 0.000317
E[P_sel(8)] = 0.000264
E[P_sel(9)] = 0.000241
E[P_sel(10)] = 0.000215
E[P_sel(11)] = 0.000182
E[P_sel(12)] = 0.000166
E[P_sel(13)] = 0.000156
E[P_sel(14)] = 0.000146
E[P_sel(15)] = 0.000133
E[P_sel(16)] = 0.000117
E[P_sel(17)] = 0.000118
E[P_sel(18)] = 0.000109
E[P_sel(19)] = 0.000109

---- Expected neutral and selected misattributed polymorphism per site
E[mis_neut] = 0.000475
E[mis_sel] = 0.000105

---- alpha_div = 0.287490
---- alpha_dfe = 0.000000



