---- Performing inference on Ns25_pa_0.002_boots/Ns25_pa_0.002.78.polyDFE.txt using model B

---- Warning: mutation variability is not used when only one neutral and one selected fragment is available.
---- No mutation variability. Using Poisson likelihood.

---- Using provided initial values


-- Starting local optimization
 it       eps_an        eps_cont      lambda        theta_bar      S_d            b             p_b           S_b           r  2          r  3          r  4          r  5          r  6          r  7          r  8          r  9          r 10          r 11          r 12          r 13          r 14          r 15          r 16          r 17          r 18          r 19          r 20         ln lk             grad     status
  0      4.50e-06      9.00e-07       0.00500       0.00100     -400.00000       0.40000       0.02000       4.00000       1.00000       1.00000       1.00000       1.00000       1.00000       1.00000       1.00000       1.00000       1.00000       1.00000       1.00000       1.00000       1.00000       1.00000       1.00000       1.00000       1.00000       1.00000       1.00000  -231845.3524992131   1650.07275   -2
300      4.50e-06      9.00e-07       0.00512       0.00933     -918.43335       0.19946       0.00225      42.25741       0.96932       0.96926       0.93932       0.93959       0.92830       0.92049       0.92549       0.95557       0.93612       0.91772       0.95998       0.91992       0.96805       0.95814       0.88609       0.97076       0.92877       0.91054       0.69955  -210.5619810694      0.00116   -3
-- Local optimization: stuck in the same solution


---- Best joint likelihood found -210.56198 with gradient 0.00116
-- Model: B
--     eps_an        eps_cont      lambda        theta_bar     a        
--    4.50e-06      9.00e-07       0.00512       0.00933       -1.00000  
--      S_d            b             p_b           S_b      
--   -918.43335       0.19946       0.00225      42.25741  
--     r  2          r  3          r  4          r  5          r  6          r  7          r  8          r  9          r 10          r 11          r 12          r 13          r 14          r 15          r 16          r 17          r 18          r 19          r 20     
--     0.96932       0.96926       0.93932       0.93959       0.92830       0.92049       0.92549       0.95557       0.93612       0.91772       0.95998       0.91992       0.96805       0.95814       0.88609       0.97076       0.92877       0.91054       0.69955  

---- Expected P_neut(i), 0 < i < n (neutral SFS per site) 
E[P_neut(1)] = 0.009327
E[P_neut(2)] = 0.004520
E[P_neut(3)] = 0.003013
E[P_neut(4)] = 0.002190
E[P_neut(5)] = 0.001753
E[P_neut(6)] = 0.001443
E[P_neut(7)] = 0.001226
E[P_neut(8)] = 0.001079
E[P_neut(9)] = 0.000990
E[P_neut(10)] = 0.000873
E[P_neut(11)] = 0.000778
E[P_neut(12)] = 0.000746
E[P_neut(13)] = 0.000660
E[P_neut(14)] = 0.000645
E[P_neut(15)] = 0.000596
E[P_neut(16)] = 0.000517
E[P_neut(17)] = 0.000533
E[P_neut(18)] = 0.000481
E[P_neut(19)] = 0.000447

---- Expected P_sel(i), 0 < i < n (selected SFS per site) 
E[P_sel(1)] = 0.003715
E[P_sel(2)] = 0.001476
E[P_sel(3)] = 0.000897
E[P_sel(4)] = 0.000614
E[P_sel(5)] = 0.000471
E[P_sel(6)] = 0.000375
E[P_sel(7)] = 0.000311
E[P_sel(8)] = 0.000267
E[P_sel(9)] = 0.000241
E[P_sel(10)] = 0.000209
E[P_sel(11)] = 0.000184
E[P_sel(12)] = 0.000174
E[P_sel(13)] = 0.000152
E[P_sel(14)] = 0.000148
E[P_sel(15)] = 0.000136
E[P_sel(16)] = 0.000118
E[P_sel(17)] = 0.000122
E[P_sel(18)] = 0.000113
E[P_sel(19)] = 0.000114

---- Expected D_neut and D_sel (neutral and selected divergence per site) 
E[D_neut] = 0.005448
E[D_sel] = 0.001633

---- Expected neutral and selected misattributed polymorphism per site
E[mis_neut] = 0.000326
E[mis_sel] = 0.000085

---- alpha_div = 0.314069
---- alpha_dfe = 0.314074



