---- Performing inference on Ns25_pa_0.002_boots/Ns25_pa_0.002.73.polyDFE.txt using model B

---- Warning: mutation variability is not used when only one neutral and one selected fragment is available.
---- No mutation variability. Using Poisson likelihood.

---- Using provided initial values


-- Starting local optimization
 it       eps_an        theta_bar      S_d            b             r  2          r  3          r  4          r  5          r  6          r  7          r  8          r  9          r 10          r 11          r 12          r 13          r 14          r 15          r 16          r 17          r 18          r 19         ln lk             grad     status
  0      4.50e-06       0.00100     -400.00000       0.40000       1.00000       1.00000       1.00000       1.00000       1.00000       1.00000       1.00000       1.00000       1.00000       1.00000       1.00000       1.00000       1.00000       1.00000       1.00000       1.00000       1.00000       1.00000  -239591.0400862526   1706.03395   -2
142      4.50e-06       0.00948    -1384.40867       0.18278       0.96399       0.95180       0.91655       0.92094       0.91198       0.89088       0.90635       0.91027       0.90379       0.86120       0.89970       0.91540       0.91355       0.98639       0.87357       0.96981       0.90450       0.94282  -201.5302620117      0.00069   -3
-- Local optimization: stuck in the same solution


---- Best joint likelihood found -201.53026 with gradient 0.00069
-- Model: B
--     eps_an        eps_cont      theta_bar     a        
--    4.50e-06      0.00e+00       0.00948       -1.00000  
--      S_d            b             p_b           S_b      
--  -1384.40867       0.18278      0.00e+00      0.00e+00  
--     r  2          r  3          r  4          r  5          r  6          r  7          r  8          r  9          r 10          r 11          r 12          r 13          r 14          r 15          r 16          r 17          r 18          r 19     
--     0.96399       0.95180       0.91655       0.92094       0.91198       0.89088       0.90635       0.91027       0.90379       0.86120       0.89970       0.91540       0.91355       0.98639       0.87357       0.96981       0.90450       0.94282  

---- Expected P_neut(i), 0 < i < n (neutral SFS per site) 
E[P_neut(1)] = 0.009482
E[P_neut(2)] = 0.004570
E[P_neut(3)] = 0.003008
E[P_neut(4)] = 0.002173
E[P_neut(5)] = 0.001746
E[P_neut(6)] = 0.001441
E[P_neut(7)] = 0.001207
E[P_neut(8)] = 0.001074
E[P_neut(9)] = 0.000959
E[P_neut(10)] = 0.000857
E[P_neut(11)] = 0.000742
E[P_neut(12)] = 0.000711
E[P_neut(13)] = 0.000668
E[P_neut(14)] = 0.000619
E[P_neut(15)] = 0.000624
E[P_neut(16)] = 0.000518
E[P_neut(17)] = 0.000541
E[P_neut(18)] = 0.000476
E[P_neut(19)] = 0.000471

---- Expected P_sel(i), 0 < i < n (selected SFS per site) 
E[P_sel(1)] = 0.003713
E[P_sel(2)] = 0.001488
E[P_sel(3)] = 0.000899
E[P_sel(4)] = 0.000615
E[P_sel(5)] = 0.000475
E[P_sel(6)] = 0.000380
E[P_sel(7)] = 0.000310
E[P_sel(8)] = 0.000270
E[P_sel(9)] = 0.000236
E[P_sel(10)] = 0.000208
E[P_sel(11)] = 0.000177
E[P_sel(12)] = 0.000168
E[P_sel(13)] = 0.000155
E[P_sel(14)] = 0.000142
E[P_sel(15)] = 0.000142
E[P_sel(16)] = 0.000117
E[P_sel(17)] = 0.000121
E[P_sel(18)] = 0.000106
E[P_sel(19)] = 0.000103

---- Expected neutral and selected misattributed polymorphism per site
E[mis_neut] = 0.000474
E[mis_sel] = 0.000103

---- alpha_div = 0.298361
---- alpha_dfe = 0.000000



