---- Performing inference on Ns25_pa_0.002_boots/Ns25_pa_0.002.67.polyDFE.txt using model B

---- Warning: mutation variability is not used when only one neutral and one selected fragment is available.
---- No mutation variability. Using Poisson likelihood.

---- Using provided initial values


-- Starting local optimization
 it       eps_an        theta_bar      S_d            b             r  2          r  3          r  4          r  5          r  6          r  7          r  8          r  9          r 10          r 11          r 12          r 13          r 14          r 15          r 16          r 17          r 18          r 19         ln lk             grad     status
  0      4.50e-06       0.00100     -400.00000       0.40000       1.00000       1.00000       1.00000       1.00000       1.00000       1.00000       1.00000       1.00000       1.00000       1.00000       1.00000       1.00000       1.00000       1.00000       1.00000       1.00000       1.00000       1.00000  -239508.7539481079   1706.24953   -2
156      4.50e-06       0.00943    -1220.05955       0.18626       0.96374       0.94642       0.93162       0.91252       0.89570       0.92071       0.91569       0.92738       0.91749       0.87454       0.89776       0.91493       0.91088       0.94426       0.94890       0.95323       0.90770       1.01181  -210.5445458667      0.00392   -3
-- Local optimization: stuck in the same solution


---- Best joint likelihood found -210.54455 with gradient 0.00392
-- Model: B
--     eps_an        eps_cont      theta_bar     a        
--    4.50e-06      0.00e+00       0.00943       -1.00000  
--      S_d            b             p_b           S_b      
--  -1220.05955       0.18626      0.00e+00      0.00e+00  
--     r  2          r  3          r  4          r  5          r  6          r  7          r  8          r  9          r 10          r 11          r 12          r 13          r 14          r 15          r 16          r 17          r 18          r 19     
--     0.96374       0.94642       0.93162       0.91252       0.89570       0.92071       0.91569       0.92738       0.91749       0.87454       0.89776       0.91493       0.91088       0.94426       0.94890       0.95323       0.90770       1.01181  

---- Expected P_neut(i), 0 < i < n (neutral SFS per site) 
E[P_neut(1)] = 0.009426
E[P_neut(2)] = 0.004542
E[P_neut(3)] = 0.002974
E[P_neut(4)] = 0.002195
E[P_neut(5)] = 0.001720
E[P_neut(6)] = 0.001407
E[P_neut(7)] = 0.001240
E[P_neut(8)] = 0.001079
E[P_neut(9)] = 0.000971
E[P_neut(10)] = 0.000865
E[P_neut(11)] = 0.000749
E[P_neut(12)] = 0.000705
E[P_neut(13)] = 0.000663
E[P_neut(14)] = 0.000613
E[P_neut(15)] = 0.000593
E[P_neut(16)] = 0.000559
E[P_neut(17)] = 0.000529
E[P_neut(18)] = 0.000475
E[P_neut(19)] = 0.000502

---- Expected P_sel(i), 0 < i < n (selected SFS per site) 
E[P_sel(1)] = 0.003725
E[P_sel(2)] = 0.001488
E[P_sel(3)] = 0.000892
E[P_sel(4)] = 0.000623
E[P_sel(5)] = 0.000469
E[P_sel(6)] = 0.000371
E[P_sel(7)] = 0.000319
E[P_sel(8)] = 0.000271
E[P_sel(9)] = 0.000240
E[P_sel(10)] = 0.000210
E[P_sel(11)] = 0.000179
E[P_sel(12)] = 0.000166
E[P_sel(13)] = 0.000154
E[P_sel(14)] = 0.000141
E[P_sel(15)] = 0.000135
E[P_sel(16)] = 0.000126
E[P_sel(17)] = 0.000118
E[P_sel(18)] = 0.000105
E[P_sel(19)] = 0.000110

---- Expected neutral and selected misattributed polymorphism per site
E[mis_neut] = 0.000471
E[mis_sel] = 0.000103

---- alpha_div = 0.291020
---- alpha_dfe = 0.000000



