---- Performing inference on Ns25_pa_0.002_boots/Ns25_pa_0.002.22.polyDFE.txt using model B

---- Warning: mutation variability is not used when only one neutral and one selected fragment is available.
---- No mutation variability. Using Poisson likelihood.

---- Using provided initial values


-- Starting local optimization
 it       eps_an        eps_cont      lambda        theta_bar      S_d            b             p_b           S_b           r  2          r  3          r  4          r  5          r  6          r  7          r  8          r  9          r 10          r 11          r 12          r 13          r 14          r 15          r 16          r 17          r 18          r 19          r 20         ln lk             grad     status
  0      4.50e-06      9.00e-07       0.00500       0.00100     -400.00000       0.40000       0.02000       4.00000       1.00000       1.00000       1.00000       1.00000       1.00000       1.00000       1.00000       1.00000       1.00000       1.00000       1.00000       1.00000       1.00000       1.00000       1.00000       1.00000       1.00000       1.00000       1.00000  -231750.8613586669   1648.86461   -2
311      4.49e-06      9.00e-07       0.00495       0.00949    -1113.25662       0.19306       0.00268      37.42991       0.94802       0.95579       0.94142       0.90391       0.91509       0.91599       0.88324       0.90580       0.91304       0.87495       0.90179       0.92523       0.93205       0.88408       0.88160       0.91084       0.90615       0.96337       0.88036  -204.3318729308      0.00414   -3
-- Local optimization: stuck in the same solution


---- Best joint likelihood found -204.33187 with gradient 0.00414
-- Model: B
--     eps_an        eps_cont      lambda        theta_bar     a        
--    4.49e-06      9.00e-07       0.00495       0.00949       -1.00000  
--      S_d            b             p_b           S_b      
--  -1113.25662       0.19306       0.00268      37.42991  
--     r  2          r  3          r  4          r  5          r  6          r  7          r  8          r  9          r 10          r 11          r 12          r 13          r 14          r 15          r 16          r 17          r 18          r 19          r 20     
--     0.94802       0.95579       0.94142       0.90391       0.91509       0.91599       0.88324       0.90580       0.91304       0.87495       0.90179       0.92523       0.93205       0.88408       0.88160       0.91084       0.90615       0.96337       0.88036  

---- Expected P_neut(i), 0 < i < n (neutral SFS per site) 
E[P_neut(1)] = 0.009489
E[P_neut(2)] = 0.004498
E[P_neut(3)] = 0.003023
E[P_neut(4)] = 0.002233
E[P_neut(5)] = 0.001715
E[P_neut(6)] = 0.001447
E[P_neut(7)] = 0.001242
E[P_neut(8)] = 0.001048
E[P_neut(9)] = 0.000955
E[P_neut(10)] = 0.000866
E[P_neut(11)] = 0.000755
E[P_neut(12)] = 0.000713
E[P_neut(13)] = 0.000675
E[P_neut(14)] = 0.000632
E[P_neut(15)] = 0.000559
E[P_neut(16)] = 0.000523
E[P_neut(17)] = 0.000508
E[P_neut(18)] = 0.000478
E[P_neut(19)] = 0.000481

---- Expected P_sel(i), 0 < i < n (selected SFS per site) 
E[P_sel(1)] = 0.003733
E[P_sel(2)] = 0.001459
E[P_sel(3)] = 0.000897
E[P_sel(4)] = 0.000626
E[P_sel(5)] = 0.000462
E[P_sel(6)] = 0.000377
E[P_sel(7)] = 0.000316
E[P_sel(8)] = 0.000261
E[P_sel(9)] = 0.000233
E[P_sel(10)] = 0.000209
E[P_sel(11)] = 0.000179
E[P_sel(12)] = 0.000168
E[P_sel(13)] = 0.000157
E[P_sel(14)] = 0.000146
E[P_sel(15)] = 0.000129
E[P_sel(16)] = 0.000121
E[P_sel(17)] = 0.000119
E[P_sel(18)] = 0.000114
E[P_sel(19)] = 0.000119

---- Expected D_neut and D_sel (neutral and selected divergence per site) 
E[D_neut] = 0.005370
E[D_sel] = 0.001643

---- Expected neutral and selected misattributed polymorphism per site
E[mis_neut] = 0.000418
E[mis_sel] = 0.000112

---- alpha_div = 0.325024
---- alpha_dfe = 0.324621



