---- Performing inference on Ns25_pa_0.002_boots/Ns25_pa_0.002.2.polyDFE.txt using model B

---- Warning: mutation variability is not used when only one neutral and one selected fragment is available.
---- No mutation variability. Using Poisson likelihood.

---- Using provided initial values


-- Starting local optimization
 it       eps_an        lambda        theta_bar      S_d            b             r  2          r  3          r  4          r  5          r  6          r  7          r  8          r  9          r 10          r 11          r 12          r 13          r 14          r 15          r 16          r 17          r 18          r 19          r 20         ln lk             grad     status
  0      4.50e-06       0.00500       0.00100     -400.00000       0.40000       1.00000       1.00000       1.00000       1.00000       1.00000       1.00000       1.00000       1.00000       1.00000       1.00000       1.00000       1.00000       1.00000       1.00000       1.00000       1.00000       1.00000       1.00000       1.00000  -245945.4866903988   1817.99175   -2
783      4.46e-06       0.00017       0.00962    -6184.71051       0.13928       0.93446       0.90031       0.88123       0.85685       0.84355       0.85701       0.85085       0.86748       0.88706       0.83242       0.83899       0.86473       0.86177       0.84473       0.81805       0.90248       0.89138       0.93790      12.05489  -418.7824703884      0.08830   -6
-- Local optimization: reached maximum running time allowed


---- Best joint likelihood found -418.78247 with gradient 0.08830
-- Model: B
--     eps_an        eps_cont      lambda        theta_bar     a        
--    4.46e-06      0.00e+00       0.00017       0.00962       -1.00000  
--      S_d            b             p_b           S_b      
--  -6184.71051       0.13928      0.00e+00      0.00e+00  
--     r  2          r  3          r  4          r  5          r  6          r  7          r  8          r  9          r 10          r 11          r 12          r 13          r 14          r 15          r 16          r 17          r 18          r 19          r 20     
--     0.93446       0.90031       0.88123       0.85685       0.84355       0.85701       0.85085       0.86748       0.88706       0.83242       0.83899       0.86473       0.86177       0.84473       0.81805       0.90248       0.89138       0.93790      12.05489  

---- Expected P_neut(i), 0 < i < n (neutral SFS per site) 
E[P_neut(1)] = 0.009620
E[P_neut(2)] = 0.004495
E[P_neut(3)] = 0.002887
E[P_neut(4)] = 0.002119
E[P_neut(5)] = 0.001649
E[P_neut(6)] = 0.001353
E[P_neut(7)] = 0.001178
E[P_neut(8)] = 0.001023
E[P_neut(9)] = 0.000927
E[P_neut(10)] = 0.000853
E[P_neut(11)] = 0.000728
E[P_neut(12)] = 0.000673
E[P_neut(13)] = 0.000640
E[P_neut(14)] = 0.000592
E[P_neut(15)] = 0.000542
E[P_neut(16)] = 0.000492
E[P_neut(17)] = 0.000511
E[P_neut(18)] = 0.000476
E[P_neut(19)] = 0.000475

---- Expected P_sel(i), 0 < i < n (selected SFS per site) 
E[P_sel(1)] = 0.003676
E[P_sel(2)] = 0.001494
E[P_sel(3)] = 0.000899
E[P_sel(4)] = 0.000633
E[P_sel(5)] = 0.000478
E[P_sel(6)] = 0.000383
E[P_sel(7)] = 0.000327
E[P_sel(8)] = 0.000279
E[P_sel(9)] = 0.000250
E[P_sel(10)] = 0.000227
E[P_sel(11)] = 0.000191
E[P_sel(12)] = 0.000175
E[P_sel(13)] = 0.000165
E[P_sel(14)] = 0.000151
E[P_sel(15)] = 0.000137
E[P_sel(16)] = 0.000124
E[P_sel(17)] = 0.000128
E[P_sel(18)] = 0.000118
E[P_sel(19)] = 0.000117

---- Expected D_neut and D_sel (neutral and selected divergence per site) 
E[D_neut] = 0.005965
E[D_sel] = 0.001462

---- Expected neutral and selected misattributed polymorphism per site
E[mis_neut] = 0.005799
E[mis_sel] = 0.001421

---- alpha_div = 1.398217
---- alpha_dfe = 0.000000



