---- Performing inference on Ns25_pa_0.002_boots/Ns25_pa_0.002.21.polyDFE.txt using model B

---- Warning: mutation variability is not used when only one neutral and one selected fragment is available.
---- No mutation variability. Using Poisson likelihood.

---- Using provided initial values


-- Starting local optimization
 it       eps_an        eps_cont      lambda        theta_bar      S_d            b             p_b           S_b           r  2          r  3          r  4          r  5          r  6          r  7          r  8          r  9          r 10          r 11          r 12          r 13          r 14          r 15          r 16          r 17          r 18          r 19          r 20         ln lk             grad     status
  0      4.50e-06      9.00e-07       0.00500       0.00100     -400.00000       0.40000       0.02000       4.00000       1.00000       1.00000       1.00000       1.00000       1.00000       1.00000       1.00000       1.00000       1.00000       1.00000       1.00000       1.00000       1.00000       1.00000       1.00000       1.00000       1.00000       1.00000       1.00000  -232367.7828593223   1650.93942   -2
396      4.50e-06      9.00e-07       0.00501       0.00949    -1124.22984       0.19583       0.00426      22.63180       0.96758       0.96355       0.93639       0.91522       0.92815       0.89880       0.89036       0.91897       0.97968       0.89054       0.91441       0.91951       0.91419       0.86578       0.88902       0.91074       0.92531       0.95074       0.95464  -209.5252681195      0.00118   -3
-- Local optimization: stuck in the same solution


---- Best joint likelihood found -209.52527 with gradient 0.00118
-- Model: B
--     eps_an        eps_cont      lambda        theta_bar     a        
--    4.50e-06      9.00e-07       0.00501       0.00949       -1.00000  
--      S_d            b             p_b           S_b      
--  -1124.22984       0.19583       0.00426      22.63180  
--     r  2          r  3          r  4          r  5          r  6          r  7          r  8          r  9          r 10          r 11          r 12          r 13          r 14          r 15          r 16          r 17          r 18          r 19          r 20     
--     0.96758       0.96355       0.93639       0.91522       0.92815       0.89880       0.89036       0.91897       0.97968       0.89054       0.91441       0.91951       0.91419       0.86578       0.88902       0.91074       0.92531       0.95074       0.95464  

---- Expected P_neut(i), 0 < i < n (neutral SFS per site) 
E[P_neut(1)] = 0.009486
E[P_neut(2)] = 0.004589
E[P_neut(3)] = 0.003047
E[P_neut(4)] = 0.002221
E[P_neut(5)] = 0.001736
E[P_neut(6)] = 0.001467
E[P_neut(7)] = 0.001218
E[P_neut(8)] = 0.001056
E[P_neut(9)] = 0.000969
E[P_neut(10)] = 0.000929
E[P_neut(11)] = 0.000768
E[P_neut(12)] = 0.000723
E[P_neut(13)] = 0.000671
E[P_neut(14)] = 0.000619
E[P_neut(15)] = 0.000548
E[P_neut(16)] = 0.000527
E[P_neut(17)] = 0.000508
E[P_neut(18)] = 0.000488
E[P_neut(19)] = 0.000475

---- Expected P_sel(i), 0 < i < n (selected SFS per site) 
E[P_sel(1)] = 0.003697
E[P_sel(2)] = 0.001472
E[P_sel(3)] = 0.000893
E[P_sel(4)] = 0.000615
E[P_sel(5)] = 0.000462
E[P_sel(6)] = 0.000378
E[P_sel(7)] = 0.000306
E[P_sel(8)] = 0.000260
E[P_sel(9)] = 0.000235
E[P_sel(10)] = 0.000222
E[P_sel(11)] = 0.000181
E[P_sel(12)] = 0.000169
E[P_sel(13)] = 0.000156
E[P_sel(14)] = 0.000144
E[P_sel(15)] = 0.000127
E[P_sel(16)] = 0.000123
E[P_sel(17)] = 0.000120
E[P_sel(18)] = 0.000118
E[P_sel(19)] = 0.000120

---- Expected D_neut and D_sel (neutral and selected divergence per site) 
E[D_neut] = 0.005466
E[D_sel] = 0.001629

---- Expected neutral and selected misattributed polymorphism per site
E[mis_neut] = 0.000453
E[mis_sel] = 0.000123

---- alpha_div = 0.320592
---- alpha_dfe = 0.321131



