---- Performing inference on Ns25_pa_0.002_boots/Ns25_pa_0.002.47.polyDFE.txt using model B

---- Warning: mutation variability is not used when only one neutral and one selected fragment is available.
---- No mutation variability. Using Poisson likelihood.

---- Using provided initial values


-- Starting local optimization
 it       eps_an        theta_bar      S_d            b             r  2          r  3          r  4          r  5          r  6          r  7          r  8          r  9          r 10          r 11          r 12          r 13          r 14          r 15          r 16          r 17          r 18          r 19         ln lk             grad     status
  0      4.50e-06       0.00100     -400.00000       0.40000       1.00000       1.00000       1.00000       1.00000       1.00000       1.00000       1.00000       1.00000       1.00000       1.00000       1.00000       1.00000       1.00000       1.00000       1.00000       1.00000       1.00000       1.00000  -239782.3928949673   1706.30398   -2
174      4.50e-06       0.00944    -1110.92806       0.19067       0.96023       0.95157       0.93121       0.90576       0.92031       0.90609       0.89628       0.93644       0.96188       0.90809       0.87909       0.91370       0.92877       0.93005       0.92579       0.94665       0.99761       0.98477  -200.1748503798      0.00083   -3
-- Local optimization: stuck in the same solution


---- Best joint likelihood found -200.17485 with gradient 0.00083
-- Model: B
--     eps_an        eps_cont      theta_bar     a        
--    4.50e-06      0.00e+00       0.00944       -1.00000  
--      S_d            b             p_b           S_b      
--  -1110.92806       0.19067      0.00e+00      0.00e+00  
--     r  2          r  3          r  4          r  5          r  6          r  7          r  8          r  9          r 10          r 11          r 12          r 13          r 14          r 15          r 16          r 17          r 18          r 19     
--     0.96023       0.95157       0.93121       0.90576       0.92031       0.90609       0.89628       0.93644       0.96188       0.90809       0.87909       0.91370       0.92877       0.93005       0.92579       0.94665       0.99761       0.98477  

---- Expected P_neut(i), 0 < i < n (neutral SFS per site) 
E[P_neut(1)] = 0.009443
E[P_neut(2)] = 0.004533
E[P_neut(3)] = 0.002995
E[P_neut(4)] = 0.002198
E[P_neut(5)] = 0.001711
E[P_neut(6)] = 0.001448
E[P_neut(7)] = 0.001222
E[P_neut(8)] = 0.001058
E[P_neut(9)] = 0.000982
E[P_neut(10)] = 0.000908
E[P_neut(11)] = 0.000780
E[P_neut(12)] = 0.000692
E[P_neut(13)] = 0.000664
E[P_neut(14)] = 0.000626
E[P_neut(15)] = 0.000585
E[P_neut(16)] = 0.000546
E[P_neut(17)] = 0.000526
E[P_neut(18)] = 0.000523
E[P_neut(19)] = 0.000489

---- Expected P_sel(i), 0 < i < n (selected SFS per site) 
E[P_sel(1)] = 0.003733
E[P_sel(2)] = 0.001479
E[P_sel(3)] = 0.000893
E[P_sel(4)] = 0.000619
E[P_sel(5)] = 0.000462
E[P_sel(6)] = 0.000379
E[P_sel(7)] = 0.000311
E[P_sel(8)] = 0.000263
E[P_sel(9)] = 0.000240
E[P_sel(10)] = 0.000218
E[P_sel(11)] = 0.000184
E[P_sel(12)] = 0.000161
E[P_sel(13)] = 0.000153
E[P_sel(14)] = 0.000142
E[P_sel(15)] = 0.000132
E[P_sel(16)] = 0.000121
E[P_sel(17)] = 0.000116
E[P_sel(18)] = 0.000114
E[P_sel(19)] = 0.000106

---- Expected neutral and selected misattributed polymorphism per site
E[mis_neut] = 0.000472
E[mis_sel] = 0.000101

---- alpha_div = 0.304373
---- alpha_dfe = 0.000000



