---- Performing inference on Ns10_pa_0.005_boots/Ns10_pa_0.005.58.polyDFE.txt using model B

---- Warning: mutation variability is not used when only one neutral and one selected fragment is available.
---- No mutation variability. Using Poisson likelihood.

---- Using provided initial values


-- Starting local optimization
 it       eps_an        eps_cont      theta_bar      S_d            b             p_b           S_b           r  2          r  3          r  4          r  5          r  6          r  7          r  8          r  9          r 10          r 11          r 12          r 13          r 14          r 15          r 16          r 17          r 18          r 19         ln lk             grad     status
  0      4.50e-06      9.00e-07       0.00100     -400.00000       0.40000       0.02000       4.00000       1.00000       1.00000       1.00000       1.00000       1.00000       1.00000       1.00000       1.00000       1.00000       1.00000       1.00000       1.00000       1.00000       1.00000       1.00000       1.00000       1.00000       1.00000  -240755.8783086834   1670.29927   -2
277      4.50e-06      9.00e-07       0.00942     -813.34916       0.21076       0.01069      10.69824       0.99406       0.98582       1.01972       0.97226       0.98283       0.96032       0.95067       0.93645       0.95589       0.90962       0.94921       0.89386       0.92239       0.96799       0.91521       0.94290       0.92202       0.94961  -190.3327923776      0.00639   -3
-- Local optimization: stuck in the same solution


---- Best joint likelihood found -190.33279 with gradient 0.00639
-- Model: B
--     eps_an        eps_cont      theta_bar     a        
--    4.50e-06      9.00e-07       0.00942       -1.00000  
--      S_d            b             p_b           S_b      
--   -813.34916       0.21076       0.01069      10.69824  
--     r  2          r  3          r  4          r  5          r  6          r  7          r  8          r  9          r 10          r 11          r 12          r 13          r 14          r 15          r 16          r 17          r 18          r 19     
--     0.99406       0.98582       1.01972       0.97226       0.98283       0.96032       0.95067       0.93645       0.95589       0.90962       0.94921       0.89386       0.92239       0.96799       0.91521       0.94290       0.92202       0.94961  

---- Expected P_neut(i), 0 < i < n (neutral SFS per site) 
E[P_neut(1)] = 0.009421
E[P_neut(2)] = 0.004683
E[P_neut(3)] = 0.003096
E[P_neut(4)] = 0.002402
E[P_neut(5)] = 0.001832
E[P_neut(6)] = 0.001543
E[P_neut(7)] = 0.001292
E[P_neut(8)] = 0.001120
E[P_neut(9)] = 0.000980
E[P_neut(10)] = 0.000901
E[P_neut(11)] = 0.000779
E[P_neut(12)] = 0.000745
E[P_neut(13)] = 0.000648
E[P_neut(14)] = 0.000621
E[P_neut(15)] = 0.000608
E[P_neut(16)] = 0.000539
E[P_neut(17)] = 0.000523
E[P_neut(18)] = 0.000483
E[P_neut(19)] = 0.000471

---- Expected P_sel(i), 0 < i < n (selected SFS per site) 
E[P_sel(1)] = 0.003751
E[P_sel(2)] = 0.001521
E[P_sel(3)] = 0.000916
E[P_sel(4)] = 0.000670
E[P_sel(5)] = 0.000491
E[P_sel(6)] = 0.000401
E[P_sel(7)] = 0.000328
E[P_sel(8)] = 0.000279
E[P_sel(9)] = 0.000241
E[P_sel(10)] = 0.000219
E[P_sel(11)] = 0.000189
E[P_sel(12)] = 0.000180
E[P_sel(13)] = 0.000156
E[P_sel(14)] = 0.000151
E[P_sel(15)] = 0.000149
E[P_sel(16)] = 0.000134
E[P_sel(17)] = 0.000133
E[P_sel(18)] = 0.000127
E[P_sel(19)] = 0.000129

---- Expected neutral and selected misattributed polymorphism per site
E[mis_neut] = 0.000471
E[mis_sel] = 0.000136

---- alpha_div = 0.352187
---- alpha_dfe = 0.369460



