---- Performing inference on Ns10_pa_0.005_boots/Ns10_pa_0.005.7.polyDFE.txt using model B

---- Warning: mutation variability is not used when only one neutral and one selected fragment is available.
---- No mutation variability. Using Poisson likelihood.

---- Using provided initial values


-- Starting local optimization
 it       eps_an        eps_cont      theta_bar      S_d            b             p_b           S_b           r  2          r  3          r  4          r  5          r  6          r  7          r  8          r  9          r 10          r 11          r 12          r 13          r 14          r 15          r 16          r 17          r 18          r 19         ln lk             grad     status
  0      4.50e-06      9.00e-07       0.00100     -400.00000       0.40000       0.02000       4.00000       1.00000       1.00000       1.00000       1.00000       1.00000       1.00000       1.00000       1.00000       1.00000       1.00000       1.00000       1.00000       1.00000       1.00000       1.00000       1.00000       1.00000       1.00000  -240965.8981502984   1671.00617   -2
442      4.51e-06      9.00e-07       0.00942    -1194.06542       0.19018       0.00392      29.78466       0.99180       0.99238       1.00913       0.96257       0.97240       0.93634       0.94959       0.95709       0.96456       0.92795       0.96034       0.90201       0.90989       0.98888       0.91279       1.04368       0.99646       1.01836  -194.7097500769      0.00356   -3
-- Local optimization: stuck in the same solution


---- Best joint likelihood found -194.70975 with gradient 0.00356
-- Model: B
--     eps_an        eps_cont      theta_bar     a        
--    4.51e-06      9.00e-07       0.00942       -1.00000  
--      S_d            b             p_b           S_b      
--  -1194.06542       0.19018       0.00392      29.78466  
--     r  2          r  3          r  4          r  5          r  6          r  7          r  8          r  9          r 10          r 11          r 12          r 13          r 14          r 15          r 16          r 17          r 18          r 19     
--     0.99180       0.99238       1.00913       0.96257       0.97240       0.93634       0.94959       0.95709       0.96456       0.92795       0.96034       0.90201       0.90989       0.98888       0.91279       1.04368       0.99646       1.01836  

---- Expected P_neut(i), 0 < i < n (neutral SFS per site) 
E[P_neut(1)] = 0.009419
E[P_neut(2)] = 0.004671
E[P_neut(3)] = 0.003116
E[P_neut(4)] = 0.002376
E[P_neut(5)] = 0.001813
E[P_neut(6)] = 0.001526
E[P_neut(7)] = 0.001260
E[P_neut(8)] = 0.001118
E[P_neut(9)] = 0.001002
E[P_neut(10)] = 0.000909
E[P_neut(11)] = 0.000795
E[P_neut(12)] = 0.000754
E[P_neut(13)] = 0.000654
E[P_neut(14)] = 0.000612
E[P_neut(15)] = 0.000621
E[P_neut(16)] = 0.000537
E[P_neut(17)] = 0.000578
E[P_neut(18)] = 0.000521
E[P_neut(19)] = 0.000505

---- Expected P_sel(i), 0 < i < n (selected SFS per site) 
E[P_sel(1)] = 0.003705
E[P_sel(2)] = 0.001521
E[P_sel(3)] = 0.000930
E[P_sel(4)] = 0.000671
E[P_sel(5)] = 0.000492
E[P_sel(6)] = 0.000402
E[P_sel(7)] = 0.000324
E[P_sel(8)] = 0.000281
E[P_sel(9)] = 0.000248
E[P_sel(10)] = 0.000222
E[P_sel(11)] = 0.000192
E[P_sel(12)] = 0.000180
E[P_sel(13)] = 0.000155
E[P_sel(14)] = 0.000145
E[P_sel(15)] = 0.000147
E[P_sel(16)] = 0.000128
E[P_sel(17)] = 0.000140
E[P_sel(18)] = 0.000130
E[P_sel(19)] = 0.000132

---- Expected neutral and selected misattributed polymorphism per site
E[mis_neut] = 0.000471
E[mis_sel] = 0.000134

---- alpha_div = 0.296699
---- alpha_dfe = 0.357495



