---- Performing inference on Ns10_pa_0.005_boots/Ns10_pa_0.005.15.polyDFE.txt using model B

---- Warning: mutation variability is not used when only one neutral and one selected fragment is available.
---- No mutation variability. Using Poisson likelihood.

---- Using provided initial values


-- Starting local optimization
 it       eps_an        eps_cont      theta_bar      S_d            b             p_b           S_b           r  2          r  3          r  4          r  5          r  6          r  7          r  8          r  9          r 10          r 11          r 12          r 13          r 14          r 15          r 16          r 17          r 18          r 19         ln lk             grad     status
  0      4.50e-06      9.00e-07       0.00100     -400.00000       0.40000       0.02000       4.00000       1.00000       1.00000       1.00000       1.00000       1.00000       1.00000       1.00000       1.00000       1.00000       1.00000       1.00000       1.00000       1.00000       1.00000       1.00000       1.00000       1.00000       1.00000  -241662.9340250361   1674.37142   -2
131      4.50e-06      9.00e-07       0.00950    -1411.86431       0.18997       0.01433       2.58147       0.98207       0.98460       1.00486       0.95032       0.96239       0.94881       0.95492       0.94605       0.93357       0.94380       0.95122       0.88382       0.92507       0.95203       0.92289       0.99848       0.96400       1.00369  -204.3242234961      0.03802   -3
-- Local optimization: stuck in the same solution


---- Best joint likelihood found -204.32422 with gradient 0.03802
-- Model: B
--     eps_an        eps_cont      theta_bar     a        
--    4.50e-06      9.00e-07       0.00950       -1.00000  
--      S_d            b             p_b           S_b      
--  -1411.86431       0.18997       0.01433       2.58147  
--     r  2          r  3          r  4          r  5          r  6          r  7          r  8          r  9          r 10          r 11          r 12          r 13          r 14          r 15          r 16          r 17          r 18          r 19     
--     0.98207       0.98460       1.00486       0.95032       0.96239       0.94881       0.95492       0.94605       0.93357       0.94380       0.95122       0.88382       0.92507       0.95203       0.92289       0.99848       0.96400       1.00369  

---- Expected P_neut(i), 0 < i < n (neutral SFS per site) 
E[P_neut(1)] = 0.009501
E[P_neut(2)] = 0.004665
E[P_neut(3)] = 0.003118
E[P_neut(4)] = 0.002387
E[P_neut(5)] = 0.001806
E[P_neut(6)] = 0.001524
E[P_neut(7)] = 0.001288
E[P_neut(8)] = 0.001134
E[P_neut(9)] = 0.000999
E[P_neut(10)] = 0.000887
E[P_neut(11)] = 0.000815
E[P_neut(12)] = 0.000753
E[P_neut(13)] = 0.000646
E[P_neut(14)] = 0.000628
E[P_neut(15)] = 0.000603
E[P_neut(16)] = 0.000548
E[P_neut(17)] = 0.000558
E[P_neut(18)] = 0.000509
E[P_neut(19)] = 0.000502

---- Expected P_sel(i), 0 < i < n (selected SFS per site) 
E[P_sel(1)] = 0.003692
E[P_sel(2)] = 0.001511
E[P_sel(3)] = 0.000930
E[P_sel(4)] = 0.000676
E[P_sel(5)] = 0.000493
E[P_sel(6)] = 0.000405
E[P_sel(7)] = 0.000335
E[P_sel(8)] = 0.000290
E[P_sel(9)] = 0.000252
E[P_sel(10)] = 0.000221
E[P_sel(11)] = 0.000201
E[P_sel(12)] = 0.000184
E[P_sel(13)] = 0.000157
E[P_sel(14)] = 0.000152
E[P_sel(15)] = 0.000145
E[P_sel(16)] = 0.000132
E[P_sel(17)] = 0.000134
E[P_sel(18)] = 0.000122
E[P_sel(19)] = 0.000121

---- Expected neutral and selected misattributed polymorphism per site
E[mis_neut] = 0.000475
E[mis_sel] = 0.000114

---- alpha_div = 0.319783
---- alpha_dfe = 0.165650



