---- Performing inference on Ns10_pa_0.005_boots/Ns10_pa_0.005.38.polyDFE.txt using model B

---- Warning: mutation variability is not used when only one neutral and one selected fragment is available.
---- No mutation variability. Using Poisson likelihood.

---- Using provided initial values


-- Starting local optimization
 it       eps_an        eps_cont      theta_bar      S_d            b             p_b           S_b           r  2          r  3          r  4          r  5          r  6          r  7          r  8          r  9          r 10          r 11          r 12          r 13          r 14          r 15          r 16          r 17          r 18          r 19         ln lk             grad     status
  0      4.50e-06      9.00e-07       0.00100     -400.00000       0.40000       0.02000       4.00000       1.00000       1.00000       1.00000       1.00000       1.00000       1.00000       1.00000       1.00000       1.00000       1.00000       1.00000       1.00000       1.00000       1.00000       1.00000       1.00000       1.00000       1.00000  -241633.7502853756   1672.88891   -2
473      4.51e-06      9.00e-07       0.00951     -839.29268       0.20690       0.00574      37.42769       0.98761       0.99176       0.97009       0.94674       0.97922       0.96305       0.94652       0.96153       0.95713       0.92593       0.93004       0.96014       0.96205       0.92375       0.89231       0.97196       0.92038       0.97471  -199.1525908814      0.00550   -3
-- Local optimization: stuck in the same solution


---- Best joint likelihood found -199.15259 with gradient 0.00550
-- Model: B
--     eps_an        eps_cont      theta_bar     a        
--    4.51e-06      9.00e-07       0.00951       -1.00000  
--      S_d            b             p_b           S_b      
--   -839.29268       0.20690       0.00574      37.42769  
--     r  2          r  3          r  4          r  5          r  6          r  7          r  8          r  9          r 10          r 11          r 12          r 13          r 14          r 15          r 16          r 17          r 18          r 19     
--     0.98761       0.99176       0.97009       0.94674       0.97922       0.96305       0.94652       0.96153       0.95713       0.92593       0.93004       0.96014       0.96205       0.92375       0.89231       0.97196       0.92038       0.97471  

---- Expected P_neut(i), 0 < i < n (neutral SFS per site) 
E[P_neut(1)] = 0.009509
E[P_neut(2)] = 0.004696
E[P_neut(3)] = 0.003143
E[P_neut(4)] = 0.002306
E[P_neut(5)] = 0.001800
E[P_neut(6)] = 0.001552
E[P_neut(7)] = 0.001308
E[P_neut(8)] = 0.001125
E[P_neut(9)] = 0.001016
E[P_neut(10)] = 0.000910
E[P_neut(11)] = 0.000800
E[P_neut(12)] = 0.000737
E[P_neut(13)] = 0.000702
E[P_neut(14)] = 0.000653
E[P_neut(15)] = 0.000586
E[P_neut(16)] = 0.000530
E[P_neut(17)] = 0.000544
E[P_neut(18)] = 0.000486
E[P_neut(19)] = 0.000488

---- Expected P_sel(i), 0 < i < n (selected SFS per site) 
E[P_sel(1)] = 0.003779
E[P_sel(2)] = 0.001522
E[P_sel(3)] = 0.000927
E[P_sel(4)] = 0.000641
E[P_sel(5)] = 0.000480
E[P_sel(6)] = 0.000400
E[P_sel(7)] = 0.000329
E[P_sel(8)] = 0.000277
E[P_sel(9)] = 0.000246
E[P_sel(10)] = 0.000217
E[P_sel(11)] = 0.000189
E[P_sel(12)] = 0.000173
E[P_sel(13)] = 0.000164
E[P_sel(14)] = 0.000153
E[P_sel(15)] = 0.000137
E[P_sel(16)] = 0.000126
E[P_sel(17)] = 0.000133
E[P_sel(18)] = 0.000125
E[P_sel(19)] = 0.000136

---- Expected neutral and selected misattributed polymorphism per site
E[mis_neut] = 0.000475
E[mis_sel] = 0.000154

---- alpha_div = 0.330035
---- alpha_dfe = 0.517697



