---- Performing inference on Ns10_pa_0.005_boots/Ns10_pa_0.005.34.polyDFE.txt using model B

---- Warning: mutation variability is not used when only one neutral and one selected fragment is available.
---- No mutation variability. Using Poisson likelihood.

---- Using provided initial values


-- Starting local optimization
 it       eps_an        eps_cont      lambda        theta_bar      S_d            b             p_b           S_b           r  2          r  3          r  4          r  5          r  6          r  7          r  8          r  9          r 10          r 11          r 12          r 13          r 14          r 15          r 16          r 17          r 18          r 19          r 20         ln lk             grad     status
  0      4.50e-06      9.00e-07       0.00500       0.00100     -400.00000       0.40000       0.02000       4.00000       1.00000       1.00000       1.00000       1.00000       1.00000       1.00000       1.00000       1.00000       1.00000       1.00000       1.00000       1.00000       1.00000       1.00000       1.00000       1.00000       1.00000       1.00000       1.00000  -242863.3443517562   1706.04387   -2
193      4.50e-06      9.00e-07       0.00508       0.00932    -1021.99923       0.19592       0.00478      19.02655       1.00652       1.01375       1.00211       0.97626       1.00482       0.96486       0.95414       0.93593       0.99271       0.91228       0.98401       0.92664       0.93929       0.93774       0.91319       0.94357       0.98992       1.02831       0.98951  -204.2508377490      0.00576   -3
-- Local optimization: stuck in the same solution


---- Best joint likelihood found -204.25084 with gradient 0.00576
-- Model: B
--     eps_an        eps_cont      lambda        theta_bar     a        
--    4.50e-06      9.00e-07       0.00508       0.00932       -1.00000  
--      S_d            b             p_b           S_b      
--  -1021.99923       0.19592       0.00478      19.02655  
--     r  2          r  3          r  4          r  5          r  6          r  7          r  8          r  9          r 10          r 11          r 12          r 13          r 14          r 15          r 16          r 17          r 18          r 19          r 20     
--     1.00652       1.01375       1.00211       0.97626       1.00482       0.96486       0.95414       0.93593       0.99271       0.91228       0.98401       0.92664       0.93929       0.93774       0.91319       0.94357       0.98992       1.02831       0.98951  

---- Expected P_neut(i), 0 < i < n (neutral SFS per site) 
E[P_neut(1)] = 0.009325
E[P_neut(2)] = 0.004693
E[P_neut(3)] = 0.003151
E[P_neut(4)] = 0.002336
E[P_neut(5)] = 0.001821
E[P_neut(6)] = 0.001562
E[P_neut(7)] = 0.001285
E[P_neut(8)] = 0.001112
E[P_neut(9)] = 0.000970
E[P_neut(10)] = 0.000926
E[P_neut(11)] = 0.000773
E[P_neut(12)] = 0.000765
E[P_neut(13)] = 0.000665
E[P_neut(14)] = 0.000626
E[P_neut(15)] = 0.000583
E[P_neut(16)] = 0.000532
E[P_neut(17)] = 0.000518
E[P_neut(18)] = 0.000513
E[P_neut(19)] = 0.000505

---- Expected P_sel(i), 0 < i < n (selected SFS per site) 
E[P_sel(1)] = 0.003702
E[P_sel(2)] = 0.001535
E[P_sel(3)] = 0.000942
E[P_sel(4)] = 0.000660
E[P_sel(5)] = 0.000494
E[P_sel(6)] = 0.000411
E[P_sel(7)] = 0.000330
E[P_sel(8)] = 0.000280
E[P_sel(9)] = 0.000240
E[P_sel(10)] = 0.000226
E[P_sel(11)] = 0.000187
E[P_sel(12)] = 0.000183
E[P_sel(13)] = 0.000158
E[P_sel(14)] = 0.000149
E[P_sel(15)] = 0.000139
E[P_sel(16)] = 0.000127
E[P_sel(17)] = 0.000126
E[P_sel(18)] = 0.000127
E[P_sel(19)] = 0.000130

---- Expected D_neut and D_sel (neutral and selected divergence per site) 
E[D_neut] = 0.005541
E[D_sel] = 0.001643

---- Expected neutral and selected misattributed polymorphism per site
E[mis_neut] = 0.000461
E[mis_sel] = 0.000126

---- alpha_div = 0.303627
---- alpha_dfe = 0.304581



