---- Performing inference on Ns10_pa_0.005_boots/Ns10_pa_0.005.5.polyDFE.txt using model B

---- Warning: mutation variability is not used when only one neutral and one selected fragment is available.
---- No mutation variability. Using Poisson likelihood.

---- Using provided initial values


-- Starting local optimization
 it       eps_an        eps_cont      theta_bar      S_d            b             p_b           S_b           r  2          r  3          r  4          r  5          r  6          r  7          r  8          r  9          r 10          r 11          r 12          r 13          r 14          r 15          r 16          r 17          r 18          r 19         ln lk             grad     status
  0      4.50e-06      9.00e-07       0.00100     -400.00000       0.40000       0.02000       4.00000       1.00000       1.00000       1.00000       1.00000       1.00000       1.00000       1.00000       1.00000       1.00000       1.00000       1.00000       1.00000       1.00000       1.00000       1.00000       1.00000       1.00000       1.00000  -242294.4734471732   1677.84728   -2
135      4.50e-06      9.00e-07       0.00943     -852.52325       0.21159       0.01748       3.47036       0.99848       0.97081       1.00021       0.99296       0.99094       0.95433       0.95158       0.95358       0.95553       0.93272       0.94812       0.94059       0.92859       0.94149       0.88272       0.97493       0.95492       1.02855  -208.5778746219      0.03545   -3
-- Local optimization: stuck in the same solution


---- Best joint likelihood found -208.57787 with gradient 0.03545
-- Model: B
--     eps_an        eps_cont      theta_bar     a        
--    4.50e-06      9.00e-07       0.00943       -1.00000  
--      S_d            b             p_b           S_b      
--   -852.52325       0.21159       0.01748       3.47036  
--     r  2          r  3          r  4          r  5          r  6          r  7          r  8          r  9          r 10          r 11          r 12          r 13          r 14          r 15          r 16          r 17          r 18          r 19     
--     0.99848       0.97081       1.00021       0.99296       0.99094       0.95433       0.95158       0.95358       0.95553       0.93272       0.94812       0.94059       0.92859       0.94149       0.88272       0.97493       0.95492       1.02855  

---- Expected P_neut(i), 0 < i < n (neutral SFS per site) 
E[P_neut(1)] = 0.009432
E[P_neut(2)] = 0.004709
E[P_neut(3)] = 0.003052
E[P_neut(4)] = 0.002359
E[P_neut(5)] = 0.001873
E[P_neut(6)] = 0.001558
E[P_neut(7)] = 0.001286
E[P_neut(8)] = 0.001122
E[P_neut(9)] = 0.000999
E[P_neut(10)] = 0.000901
E[P_neut(11)] = 0.000800
E[P_neut(12)] = 0.000745
E[P_neut(13)] = 0.000682
E[P_neut(14)] = 0.000626
E[P_neut(15)] = 0.000592
E[P_neut(16)] = 0.000520
E[P_neut(17)] = 0.000541
E[P_neut(18)] = 0.000500
E[P_neut(19)] = 0.000511

---- Expected P_sel(i), 0 < i < n (selected SFS per site) 
E[P_sel(1)] = 0.003752
E[P_sel(2)] = 0.001534
E[P_sel(3)] = 0.000908
E[P_sel(4)] = 0.000663
E[P_sel(5)] = 0.000507
E[P_sel(6)] = 0.000410
E[P_sel(7)] = 0.000331
E[P_sel(8)] = 0.000284
E[P_sel(9)] = 0.000249
E[P_sel(10)] = 0.000223
E[P_sel(11)] = 0.000196
E[P_sel(12)] = 0.000182
E[P_sel(13)] = 0.000166
E[P_sel(14)] = 0.000152
E[P_sel(15)] = 0.000144
E[P_sel(16)] = 0.000127
E[P_sel(17)] = 0.000132
E[P_sel(18)] = 0.000123
E[P_sel(19)] = 0.000127

---- Expected neutral and selected misattributed polymorphism per site
E[mis_neut] = 0.000472
E[mis_sel] = 0.000118

---- alpha_div = 0.352422
---- alpha_dfe = 0.246945



