---- Performing inference on Ns10_pa_0.005_boots/Ns10_pa_0.005.5.polyDFE.txt using model B

---- Warning: mutation variability is not used when only one neutral and one selected fragment is available.
---- No mutation variability. Using Poisson likelihood.

---- Using provided initial values


-- Starting local optimization
 it       eps_an        lambda        theta_bar      S_d            b             r  2          r  3          r  4          r  5          r  6          r  7          r  8          r  9          r 10          r 11          r 12          r 13          r 14          r 15          r 16          r 17          r 18          r 19          r 20         ln lk             grad     status
  0      4.50e-06       0.00500       0.00100     -400.00000       0.40000       1.00000       1.00000       1.00000       1.00000       1.00000       1.00000       1.00000       1.00000       1.00000       1.00000       1.00000       1.00000       1.00000       1.00000       1.00000       1.00000       1.00000       1.00000       1.00000  -260835.3271707299   1895.38976   -2
662      4.55e-06       0.00006       0.00963    -7053.33298       0.13608       0.96572       0.92715       0.94926       0.93871       0.93498       0.89967       0.89685       0.89924       0.90224       0.88206       0.89867       0.89376       0.88526       0.90073       0.84843       0.94142       0.92710       1.00463      12.09364  -360.5943232672      0.04925   -6
-- Local optimization: reached maximum running time allowed


---- Best joint likelihood found -360.59432 with gradient 0.04925
-- Model: B
--     eps_an        eps_cont      lambda        theta_bar     a        
--    4.55e-06      0.00e+00       0.00006       0.00963       -1.00000  
--      S_d            b             p_b           S_b      
--  -7053.33298       0.13608      0.00e+00      0.00e+00  
--     r  2          r  3          r  4          r  5          r  6          r  7          r  8          r  9          r 10          r 11          r 12          r 13          r 14          r 15          r 16          r 17          r 18          r 19          r 20     
--     0.96572       0.92715       0.94926       0.93871       0.93498       0.89967       0.89685       0.89924       0.90224       0.88206       0.89867       0.89376       0.88526       0.90073       0.84843       0.94142       0.92710       1.00463      12.09364  

---- Expected P_neut(i), 0 < i < n (neutral SFS per site) 
E[P_neut(1)] = 0.009634
E[P_neut(2)] = 0.004652
E[P_neut(3)] = 0.002977
E[P_neut(4)] = 0.002286
E[P_neut(5)] = 0.001809
E[P_neut(6)] = 0.001501
E[P_neut(7)] = 0.001238
E[P_neut(8)] = 0.001080
E[P_neut(9)] = 0.000963
E[P_neut(10)] = 0.000869
E[P_neut(11)] = 0.000773
E[P_neut(12)] = 0.000721
E[P_neut(13)] = 0.000662
E[P_neut(14)] = 0.000609
E[P_neut(15)] = 0.000579
E[P_neut(16)] = 0.000511
E[P_neut(17)] = 0.000534
E[P_neut(18)] = 0.000496
E[P_neut(19)] = 0.000509

---- Expected P_sel(i), 0 < i < n (selected SFS per site) 
E[P_sel(1)] = 0.003684
E[P_sel(2)] = 0.001553
E[P_sel(3)] = 0.000933
E[P_sel(4)] = 0.000688
E[P_sel(5)] = 0.000528
E[P_sel(6)] = 0.000428
E[P_sel(7)] = 0.000347
E[P_sel(8)] = 0.000298
E[P_sel(9)] = 0.000261
E[P_sel(10)] = 0.000233
E[P_sel(11)] = 0.000205
E[P_sel(12)] = 0.000190
E[P_sel(13)] = 0.000172
E[P_sel(14)] = 0.000157
E[P_sel(15)] = 0.000148
E[P_sel(16)] = 0.000130
E[P_sel(17)] = 0.000135
E[P_sel(18)] = 0.000124
E[P_sel(19)] = 0.000127

---- Expected D_neut and D_sel (neutral and selected divergence per site) 
E[D_neut] = 0.005887
E[D_sel] = 0.001459

---- Expected neutral and selected misattributed polymorphism per site
E[mis_neut] = 0.005826
E[mis_sel] = 0.001444

---- alpha_div = 1.564731
---- alpha_dfe = 0.000000



