---- Performing inference on Ns10_pa_0.005_boots/Ns10_pa_0.005.36.polyDFE.txt using model B

---- Warning: mutation variability is not used when only one neutral and one selected fragment is available.
---- No mutation variability. Using Poisson likelihood.

---- Using provided initial values


-- Starting local optimization
 it       eps_an        theta_bar      S_d            b             r  2          r  3          r  4          r  5          r  6          r  7          r  8          r  9          r 10          r 11          r 12          r 13          r 14          r 15          r 16          r 17          r 18          r 19         ln lk             grad     status
  0      4.50e-06       0.00100     -400.00000       0.40000       1.00000       1.00000       1.00000       1.00000       1.00000       1.00000       1.00000       1.00000       1.00000       1.00000       1.00000       1.00000       1.00000       1.00000       1.00000       1.00000       1.00000       1.00000  -252391.3207283779   1772.60848   -2
 94      4.50e-06       0.00951    -1623.66606       0.17597       0.98806       0.98920       0.97391       0.94951       0.97931       0.94383       0.93866       0.92864       0.93285       0.88634       0.93231       0.93743       0.94880       0.94833       0.90442       1.00092       0.95739       1.02375  -210.2989085650      0.00363   -3
-- Local optimization: stuck in the same solution


---- Best joint likelihood found -210.29891 with gradient 0.00363
-- Model: B
--     eps_an        eps_cont      theta_bar     a        
--    4.50e-06      0.00e+00       0.00951       -1.00000  
--      S_d            b             p_b           S_b      
--  -1623.66606       0.17597      0.00e+00      0.00e+00  
--     r  2          r  3          r  4          r  5          r  6          r  7          r  8          r  9          r 10          r 11          r 12          r 13          r 14          r 15          r 16          r 17          r 18          r 19     
--     0.98806       0.98920       0.97391       0.94951       0.97931       0.94383       0.93866       0.92864       0.93285       0.88634       0.93231       0.93743       0.94880       0.94833       0.90442       1.00092       0.95739       1.02375  

---- Expected P_neut(i), 0 < i < n (neutral SFS per site) 
E[P_neut(1)] = 0.009508
E[P_neut(2)] = 0.004697
E[P_neut(3)] = 0.003135
E[P_neut(4)] = 0.002315
E[P_neut(5)] = 0.001806
E[P_neut(6)] = 0.001552
E[P_neut(7)] = 0.001282
E[P_neut(8)] = 0.001116
E[P_neut(9)] = 0.000981
E[P_neut(10)] = 0.000887
E[P_neut(11)] = 0.000766
E[P_neut(12)] = 0.000739
E[P_neut(13)] = 0.000686
E[P_neut(14)] = 0.000644
E[P_neut(15)] = 0.000601
E[P_neut(16)] = 0.000537
E[P_neut(17)] = 0.000560
E[P_neut(18)] = 0.000506
E[P_neut(19)] = 0.000512

---- Expected P_sel(i), 0 < i < n (selected SFS per site) 
E[P_sel(1)] = 0.003724
E[P_sel(2)] = 0.001541
E[P_sel(3)] = 0.000947
E[P_sel(4)] = 0.000663
E[P_sel(5)] = 0.000498
E[P_sel(6)] = 0.000415
E[P_sel(7)] = 0.000335
E[P_sel(8)] = 0.000285
E[P_sel(9)] = 0.000246
E[P_sel(10)] = 0.000219
E[P_sel(11)] = 0.000187
E[P_sel(12)] = 0.000178
E[P_sel(13)] = 0.000163
E[P_sel(14)] = 0.000151
E[P_sel(15)] = 0.000140
E[P_sel(16)] = 0.000124
E[P_sel(17)] = 0.000128
E[P_sel(18)] = 0.000114
E[P_sel(19)] = 0.000115

---- Expected neutral and selected misattributed polymorphism per site
E[mis_neut] = 0.000475
E[mis_sel] = 0.000106

---- alpha_div = 0.271411
---- alpha_dfe = 0.000000



