---- Performing inference on Ns10_pa_0.005_boots/Ns10_pa_0.005.93.polyDFE.txt using model B

---- Warning: mutation variability is not used when only one neutral and one selected fragment is available.
---- No mutation variability. Using Poisson likelihood.

---- Using provided initial values


-- Starting local optimization
 it       eps_an        eps_cont      lambda        theta_bar      S_d            b             p_b           S_b           r  2          r  3          r  4          r  5          r  6          r  7          r  8          r  9          r 10          r 11          r 12          r 13          r 14          r 15          r 16          r 17          r 18          r 19          r 20         ln lk             grad     status
  0      4.50e-06      9.00e-07       0.00500       0.00100     -400.00000       0.40000       0.02000       4.00000       1.00000       1.00000       1.00000       1.00000       1.00000       1.00000       1.00000       1.00000       1.00000       1.00000       1.00000       1.00000       1.00000       1.00000       1.00000       1.00000       1.00000       1.00000       1.00000  -243081.7587527733   1707.12077   -2
321      4.50e-06      9.00e-07       0.00494       0.00944    -1044.44391       0.19733       0.00822      12.28422       0.99294       0.99209       0.99017       0.96431       0.95446       0.94002       0.95624       0.99738       0.94345       0.91712       0.93994       0.87273       0.93105       0.92222       0.87957       0.93474       0.92831       0.94162       0.97199  -209.2648242829      0.00181   -3
-- Local optimization: stuck in the same solution


---- Best joint likelihood found -209.26482 with gradient 0.00181
-- Model: B
--     eps_an        eps_cont      lambda        theta_bar     a        
--    4.50e-06      9.00e-07       0.00494       0.00944       -1.00000  
--      S_d            b             p_b           S_b      
--  -1044.44391       0.19733       0.00822      12.28422  
--     r  2          r  3          r  4          r  5          r  6          r  7          r  8          r  9          r 10          r 11          r 12          r 13          r 14          r 15          r 16          r 17          r 18          r 19          r 20     
--     0.99294       0.99209       0.99017       0.96431       0.95446       0.94002       0.95624       0.99738       0.94345       0.91712       0.93994       0.87273       0.93105       0.92222       0.87957       0.93474       0.92831       0.94162       0.97199  

---- Expected P_neut(i), 0 < i < n (neutral SFS per site) 
E[P_neut(1)] = 0.009439
E[P_neut(2)] = 0.004686
E[P_neut(3)] = 0.003121
E[P_neut(4)] = 0.002336
E[P_neut(5)] = 0.001820
E[P_neut(6)] = 0.001501
E[P_neut(7)] = 0.001267
E[P_neut(8)] = 0.001128
E[P_neut(9)] = 0.001046
E[P_neut(10)] = 0.000890
E[P_neut(11)] = 0.000787
E[P_neut(12)] = 0.000739
E[P_neut(13)] = 0.000634
E[P_neut(14)] = 0.000628
E[P_neut(15)] = 0.000580
E[P_neut(16)] = 0.000519
E[P_neut(17)] = 0.000519
E[P_neut(18)] = 0.000487
E[P_neut(19)] = 0.000468

---- Expected P_sel(i), 0 < i < n (selected SFS per site) 
E[P_sel(1)] = 0.003734
E[P_sel(2)] = 0.001529
E[P_sel(3)] = 0.000932
E[P_sel(4)] = 0.000660
E[P_sel(5)] = 0.000495
E[P_sel(6)] = 0.000396
E[P_sel(7)] = 0.000327
E[P_sel(8)] = 0.000286
E[P_sel(9)] = 0.000261
E[P_sel(10)] = 0.000220
E[P_sel(11)] = 0.000193
E[P_sel(12)] = 0.000180
E[P_sel(13)] = 0.000154
E[P_sel(14)] = 0.000153
E[P_sel(15)] = 0.000143
E[P_sel(16)] = 0.000129
E[P_sel(17)] = 0.000132
E[P_sel(18)] = 0.000127
E[P_sel(19)] = 0.000127

---- Expected D_neut and D_sel (neutral and selected divergence per site) 
E[D_neut] = 0.005399
E[D_sel] = 0.001637

---- Expected neutral and selected misattributed polymorphism per site
E[mis_neut] = 0.000459
E[mis_sel] = 0.000131

---- alpha_div = 0.330971
---- alpha_dfe = 0.331185



