---- Performing inference on Ns10_pa_0.005_boots/Ns10_pa_0.005.66.polyDFE.txt using model B

---- Warning: mutation variability is not used when only one neutral and one selected fragment is available.
---- No mutation variability. Using Poisson likelihood.

---- Using provided initial values


-- Starting local optimization
 it       eps_an        theta_bar      S_d            b             r  2          r  3          r  4          r  5          r  6          r  7          r  8          r  9          r 10          r 11          r 12          r 13          r 14          r 15          r 16          r 17          r 18          r 19         ln lk             grad     status
  0      4.50e-06       0.00100     -400.00000       0.40000       1.00000       1.00000       1.00000       1.00000       1.00000       1.00000       1.00000       1.00000       1.00000       1.00000       1.00000       1.00000       1.00000       1.00000       1.00000       1.00000       1.00000       1.00000  -252414.6173281319   1774.48293   -2
 94      4.50e-06       0.00937    -1132.78172       0.18564       0.99561       0.98149       0.99173       0.93202       0.96042       0.96031       0.95538       0.99546       0.97212       0.91744       0.96997       0.93631       0.95177       0.97552       0.94971       0.98484       1.00249       1.05488  -206.8725441933      0.00683   -3
-- Local optimization: stuck in the same solution


---- Best joint likelihood found -206.87254 with gradient 0.00683
-- Model: B
--     eps_an        eps_cont      theta_bar     a        
--    4.50e-06      0.00e+00       0.00937       -1.00000  
--      S_d            b             p_b           S_b      
--  -1132.78172       0.18564      0.00e+00      0.00e+00  
--     r  2          r  3          r  4          r  5          r  6          r  7          r  8          r  9          r 10          r 11          r 12          r 13          r 14          r 15          r 16          r 17          r 18          r 19     
--     0.99561       0.98149       0.99173       0.93202       0.96042       0.96031       0.95538       0.99546       0.97212       0.91744       0.96997       0.93631       0.95177       0.97552       0.94971       0.98484       1.00249       1.05488  

---- Expected P_neut(i), 0 < i < n (neutral SFS per site) 
E[P_neut(1)] = 0.009373
E[P_neut(2)] = 0.004666
E[P_neut(3)] = 0.003066
E[P_neut(4)] = 0.002324
E[P_neut(5)] = 0.001747
E[P_neut(6)] = 0.001500
E[P_neut(7)] = 0.001286
E[P_neut(8)] = 0.001119
E[P_neut(9)] = 0.001037
E[P_neut(10)] = 0.000911
E[P_neut(11)] = 0.000782
E[P_neut(12)] = 0.000758
E[P_neut(13)] = 0.000675
E[P_neut(14)] = 0.000637
E[P_neut(15)] = 0.000610
E[P_neut(16)] = 0.000556
E[P_neut(17)] = 0.000543
E[P_neut(18)] = 0.000522
E[P_neut(19)] = 0.000520

---- Expected P_sel(i), 0 < i < n (selected SFS per site) 
E[P_sel(1)] = 0.003763
E[P_sel(2)] = 0.001554
E[P_sel(3)] = 0.000936
E[P_sel(4)] = 0.000671
E[P_sel(5)] = 0.000484
E[P_sel(6)] = 0.000403
E[P_sel(7)] = 0.000336
E[P_sel(8)] = 0.000286
E[P_sel(9)] = 0.000260
E[P_sel(10)] = 0.000225
E[P_sel(11)] = 0.000190
E[P_sel(12)] = 0.000182
E[P_sel(13)] = 0.000160
E[P_sel(14)] = 0.000149
E[P_sel(15)] = 0.000141
E[P_sel(16)] = 0.000128
E[P_sel(17)] = 0.000123
E[P_sel(18)] = 0.000118
E[P_sel(19)] = 0.000116

---- Expected neutral and selected misattributed polymorphism per site
E[mis_neut] = 0.000469
E[mis_sel] = 0.000104

---- alpha_div = 0.273074
---- alpha_dfe = 0.000000



