---- Performing inference on Ns10_pa_0.005_boots/Ns10_pa_0.005.22.polyDFE.txt using model B

---- Warning: mutation variability is not used when only one neutral and one selected fragment is available.
---- No mutation variability. Using Poisson likelihood.

---- Using provided initial values


-- Starting local optimization
 it       eps_an        eps_cont      lambda        theta_bar      S_d            b             p_b           S_b           r  2          r  3          r  4          r  5          r  6          r  7          r  8          r  9          r 10          r 11          r 12          r 13          r 14          r 15          r 16          r 17          r 18          r 19          r 20         ln lk             grad     status
  0      4.50e-06      9.00e-07       0.00500       0.00100     -400.00000       0.40000       0.02000       4.00000       1.00000       1.00000       1.00000       1.00000       1.00000       1.00000       1.00000       1.00000       1.00000       1.00000       1.00000       1.00000       1.00000       1.00000       1.00000       1.00000       1.00000       1.00000       1.00000  -243806.5557653791   1709.17249   -2
286      4.50e-06      9.00e-07       0.00497       0.00947    -1107.47434       0.19232       0.00476      18.80283       0.97522       0.99631       0.98244       0.94956       0.99314       0.93847       0.92931       0.97254       0.92919       0.93137       0.93247       0.92273       0.89242       0.94007       0.92899       0.96985       0.97465       1.00374       0.89122  -214.0886679648      0.00249   -3
-- Local optimization: stuck in the same solution


---- Best joint likelihood found -214.08867 with gradient 0.00249
-- Model: B
--     eps_an        eps_cont      lambda        theta_bar     a        
--    4.50e-06      9.00e-07       0.00497       0.00947       -1.00000  
--      S_d            b             p_b           S_b      
--  -1107.47434       0.19232       0.00476      18.80283  
--     r  2          r  3          r  4          r  5          r  6          r  7          r  8          r  9          r 10          r 11          r 12          r 13          r 14          r 15          r 16          r 17          r 18          r 19          r 20     
--     0.97522       0.99631       0.98244       0.94956       0.99314       0.93847       0.92931       0.97254       0.92919       0.93137       0.93247       0.92273       0.89242       0.94007       0.92899       0.96985       0.97465       1.00374       0.89122  

---- Expected P_neut(i), 0 < i < n (neutral SFS per site) 
E[P_neut(1)] = 0.009468
E[P_neut(2)] = 0.004617
E[P_neut(3)] = 0.003144
E[P_neut(4)] = 0.002326
E[P_neut(5)] = 0.001798
E[P_neut(6)] = 0.001567
E[P_neut(7)] = 0.001269
E[P_neut(8)] = 0.001100
E[P_neut(9)] = 0.001023
E[P_neut(10)] = 0.000880
E[P_neut(11)] = 0.000802
E[P_neut(12)] = 0.000736
E[P_neut(13)] = 0.000672
E[P_neut(14)] = 0.000604
E[P_neut(15)] = 0.000593
E[P_neut(16)] = 0.000550
E[P_neut(17)] = 0.000540
E[P_neut(18)] = 0.000513
E[P_neut(19)] = 0.000500

---- Expected P_sel(i), 0 < i < n (selected SFS per site) 
E[P_sel(1)] = 0.003752
E[P_sel(2)] = 0.001512
E[P_sel(3)] = 0.000943
E[P_sel(4)] = 0.000660
E[P_sel(5)] = 0.000490
E[P_sel(6)] = 0.000415
E[P_sel(7)] = 0.000328
E[P_sel(8)] = 0.000278
E[P_sel(9)] = 0.000255
E[P_sel(10)] = 0.000216
E[P_sel(11)] = 0.000195
E[P_sel(12)] = 0.000177
E[P_sel(13)] = 0.000161
E[P_sel(14)] = 0.000144
E[P_sel(15)] = 0.000142
E[P_sel(16)] = 0.000133
E[P_sel(17)] = 0.000132
E[P_sel(18)] = 0.000128
E[P_sel(19)] = 0.000130

---- Expected D_neut and D_sel (neutral and selected divergence per site) 
E[D_neut] = 0.005396
E[D_sel] = 0.001604

---- Expected neutral and selected misattributed polymorphism per site
E[mis_neut] = 0.000422
E[mis_sel] = 0.000116

---- alpha_div = 0.298611
---- alpha_dfe = 0.299161



