---- Performing inference on Ns10_pa_0.005_boots/Ns10_pa_0.005.87.polyDFE.txt using model B

---- Warning: mutation variability is not used when only one neutral and one selected fragment is available.
---- No mutation variability. Using Poisson likelihood.

---- Using provided initial values


-- Starting local optimization
 it       eps_an        eps_cont      theta_bar      S_d            b             p_b           S_b           r  2          r  3          r  4          r  5          r  6          r  7          r  8          r  9          r 10          r 11          r 12          r 13          r 14          r 15          r 16          r 17          r 18          r 19         ln lk             grad     status
  0      4.50e-06      9.00e-07       0.00100     -400.00000       0.40000       0.02000       4.00000       1.00000       1.00000       1.00000       1.00000       1.00000       1.00000       1.00000       1.00000       1.00000       1.00000       1.00000       1.00000       1.00000       1.00000       1.00000       1.00000       1.00000       1.00000  -241184.6009642133   1672.49290   -2
180      4.50e-06      9.00e-07       0.00943     -894.03566       0.20407       0.00845      12.25150       0.97609       1.00015       1.00722       0.98439       1.00167       0.93126       0.95408       0.94227       0.95216       0.92504       0.93650       0.90538       0.94782       0.94374       0.90443       0.92685       0.94829       0.97171  -205.0301328812      0.04767   -3
-- Local optimization: stuck in the same solution


---- Best joint likelihood found -205.03013 with gradient 0.04767
-- Model: B
--     eps_an        eps_cont      theta_bar     a        
--    4.50e-06      9.00e-07       0.00943       -1.00000  
--      S_d            b             p_b           S_b      
--   -894.03566       0.20407       0.00845      12.25150  
--     r  2          r  3          r  4          r  5          r  6          r  7          r  8          r  9          r 10          r 11          r 12          r 13          r 14          r 15          r 16          r 17          r 18          r 19     
--     0.97609       1.00015       1.00722       0.98439       1.00167       0.93126       0.95408       0.94227       0.95216       0.92504       0.93650       0.90538       0.94782       0.94374       0.90443       0.92685       0.94829       0.97171  

---- Expected P_neut(i), 0 < i < n (neutral SFS per site) 
E[P_neut(1)] = 0.009428
E[P_neut(2)] = 0.004601
E[P_neut(3)] = 0.003143
E[P_neut(4)] = 0.002374
E[P_neut(5)] = 0.001856
E[P_neut(6)] = 0.001574
E[P_neut(7)] = 0.001254
E[P_neut(8)] = 0.001124
E[P_neut(9)] = 0.000987
E[P_neut(10)] = 0.000898
E[P_neut(11)] = 0.000793
E[P_neut(12)] = 0.000736
E[P_neut(13)] = 0.000657
E[P_neut(14)] = 0.000638
E[P_neut(15)] = 0.000593
E[P_neut(16)] = 0.000533
E[P_neut(17)] = 0.000514
E[P_neut(18)] = 0.000497
E[P_neut(19)] = 0.000482

---- Expected P_sel(i), 0 < i < n (selected SFS per site) 
E[P_sel(1)] = 0.003754
E[P_sel(2)] = 0.001501
E[P_sel(3)] = 0.000936
E[P_sel(4)] = 0.000668
E[P_sel(5)] = 0.000501
E[P_sel(6)] = 0.000412
E[P_sel(7)] = 0.000321
E[P_sel(8)] = 0.000282
E[P_sel(9)] = 0.000244
E[P_sel(10)] = 0.000220
E[P_sel(11)] = 0.000192
E[P_sel(12)] = 0.000178
E[P_sel(13)] = 0.000158
E[P_sel(14)] = 0.000154
E[P_sel(15)] = 0.000144
E[P_sel(16)] = 0.000131
E[P_sel(17)] = 0.000129
E[P_sel(18)] = 0.000129
E[P_sel(19)] = 0.000130

---- Expected neutral and selected misattributed polymorphism per site
E[mis_neut] = 0.000471
E[mis_sel] = 0.000134

---- alpha_div = 0.323742
---- alpha_dfe = 0.340251



