---- Performing inference on Ns10_pa_0.005_boots/Ns10_pa_0.005.8.polyDFE.txt using model B

---- Warning: mutation variability is not used when only one neutral and one selected fragment is available.
---- No mutation variability. Using Poisson likelihood.

---- Using provided initial values


-- Starting local optimization
 it       eps_an        eps_cont      lambda        theta_bar      S_d            b             p_b           S_b           r  2          r  3          r  4          r  5          r  6          r  7          r  8          r  9          r 10          r 11          r 12          r 13          r 14          r 15          r 16          r 17          r 18          r 19          r 20         ln lk             grad     status
  0      4.50e-06      9.00e-07       0.00500       0.00100     -400.00000       0.40000       0.02000       4.00000       1.00000       1.00000       1.00000       1.00000       1.00000       1.00000       1.00000       1.00000       1.00000       1.00000       1.00000       1.00000       1.00000       1.00000       1.00000       1.00000       1.00000       1.00000       1.00000  -246211.4308253789   1721.31460   -2
271      4.50e-06      9.00e-07       0.00495       0.00952    -1142.33257       0.18916       0.00301      29.08651       0.98799       0.98421       0.98248       0.95058       0.96286       0.94545       0.94726       0.93493       0.95231       0.93093       0.94029       0.88746       0.95134       0.90831       0.93507       0.97128       0.98322       0.93812       0.94561  -204.2982533974      0.00291   -3
-- Local optimization: stuck in the same solution


---- Best joint likelihood found -204.29825 with gradient 0.00291
-- Model: B
--     eps_an        eps_cont      lambda        theta_bar     a        
--    4.50e-06      9.00e-07       0.00495       0.00952       -1.00000  
--      S_d            b             p_b           S_b      
--  -1142.33257       0.18916       0.00301      29.08651  
--     r  2          r  3          r  4          r  5          r  6          r  7          r  8          r  9          r 10          r 11          r 12          r 13          r 14          r 15          r 16          r 17          r 18          r 19          r 20     
--     0.98799       0.98421       0.98248       0.95058       0.96286       0.94545       0.94726       0.93493       0.95231       0.93093       0.94029       0.88746       0.95134       0.90831       0.93507       0.97128       0.98322       0.93812       0.94561  

---- Expected P_neut(i), 0 < i < n (neutral SFS per site) 
E[P_neut(1)] = 0.009524
E[P_neut(2)] = 0.004705
E[P_neut(3)] = 0.003125
E[P_neut(4)] = 0.002339
E[P_neut(5)] = 0.001811
E[P_neut(6)] = 0.001528
E[P_neut(7)] = 0.001286
E[P_neut(8)] = 0.001128
E[P_neut(9)] = 0.000989
E[P_neut(10)] = 0.000907
E[P_neut(11)] = 0.000806
E[P_neut(12)] = 0.000746
E[P_neut(13)] = 0.000650
E[P_neut(14)] = 0.000647
E[P_neut(15)] = 0.000577
E[P_neut(16)] = 0.000557
E[P_neut(17)] = 0.000544
E[P_neut(18)] = 0.000520
E[P_neut(19)] = 0.000470

---- Expected P_sel(i), 0 < i < n (selected SFS per site) 
E[P_sel(1)] = 0.003786
E[P_sel(2)] = 0.001549
E[P_sel(3)] = 0.000943
E[P_sel(4)] = 0.000668
E[P_sel(5)] = 0.000497
E[P_sel(6)] = 0.000407
E[P_sel(7)] = 0.000334
E[P_sel(8)] = 0.000287
E[P_sel(9)] = 0.000247
E[P_sel(10)] = 0.000223
E[P_sel(11)] = 0.000196
E[P_sel(12)] = 0.000180
E[P_sel(13)] = 0.000155
E[P_sel(14)] = 0.000154
E[P_sel(15)] = 0.000137
E[P_sel(16)] = 0.000132
E[P_sel(17)] = 0.000130
E[P_sel(18)] = 0.000127
E[P_sel(19)] = 0.000119

---- Expected D_neut and D_sel (neutral and selected divergence per site) 
E[D_neut] = 0.005401
E[D_sel] = 0.001611

---- Expected neutral and selected misattributed polymorphism per site
E[mis_neut] = 0.000450
E[mis_sel] = 0.000121

---- alpha_div = 0.290350
---- alpha_dfe = 0.290446



