---- Performing inference on Ns10_pa_0.005_boots/Ns10_pa_0.005.46.polyDFE.txt using model B

---- Warning: mutation variability is not used when only one neutral and one selected fragment is available.
---- No mutation variability. Using Poisson likelihood.

---- Using provided initial values


-- Starting local optimization
 it       eps_an        eps_cont      theta_bar      S_d            b             p_b           S_b           r  2          r  3          r  4          r  5          r  6          r  7          r  8          r  9          r 10          r 11          r 12          r 13          r 14          r 15          r 16          r 17          r 18          r 19         ln lk             grad     status
  0      4.50e-06      9.00e-07       0.00100     -400.00000       0.40000       0.02000       4.00000       1.00000       1.00000       1.00000       1.00000       1.00000       1.00000       1.00000       1.00000       1.00000       1.00000       1.00000       1.00000       1.00000       1.00000       1.00000       1.00000       1.00000       1.00000  -243673.0044430539   1684.20531   -2
326      4.53e-06      9.00e-07       0.00953    -1348.12005       0.18380       0.00246      37.42987       0.97187       0.98538       1.01025       0.95277       0.97937       0.95533       0.93727       0.93027       0.94970       0.94965       0.93844       0.95151       0.89788       0.98397       0.88781       0.96943       0.97679       0.98540  -195.6037819461      0.10138   -3
-- Local optimization: stuck in the same solution


---- Best joint likelihood found -195.60378 with gradient 0.10138
-- Model: B
--     eps_an        eps_cont      theta_bar     a        
--    4.53e-06      9.00e-07       0.00953       -1.00000  
--      S_d            b             p_b           S_b      
--  -1348.12005       0.18380       0.00246      37.42987  
--     r  2          r  3          r  4          r  5          r  6          r  7          r  8          r  9          r 10          r 11          r 12          r 13          r 14          r 15          r 16          r 17          r 18          r 19     
--     0.97187       0.98538       1.01025       0.95277       0.97937       0.95533       0.93727       0.93027       0.94970       0.94965       0.93844       0.95151       0.89788       0.98397       0.88781       0.96943       0.97679       0.98540  

---- Expected P_neut(i), 0 < i < n (neutral SFS per site) 
E[P_neut(1)] = 0.009526
E[P_neut(2)] = 0.004629
E[P_neut(3)] = 0.003129
E[P_neut(4)] = 0.002406
E[P_neut(5)] = 0.001815
E[P_neut(6)] = 0.001555
E[P_neut(7)] = 0.001300
E[P_neut(8)] = 0.001116
E[P_neut(9)] = 0.000985
E[P_neut(10)] = 0.000905
E[P_neut(11)] = 0.000822
E[P_neut(12)] = 0.000745
E[P_neut(13)] = 0.000697
E[P_neut(14)] = 0.000611
E[P_neut(15)] = 0.000625
E[P_neut(16)] = 0.000529
E[P_neut(17)] = 0.000543
E[P_neut(18)] = 0.000517
E[P_neut(19)] = 0.000494

---- Expected P_sel(i), 0 < i < n (selected SFS per site) 
E[P_sel(1)] = 0.003749
E[P_sel(2)] = 0.001516
E[P_sel(3)] = 0.000941
E[P_sel(4)] = 0.000686
E[P_sel(5)] = 0.000498
E[P_sel(6)] = 0.000414
E[P_sel(7)] = 0.000337
E[P_sel(8)] = 0.000284
E[P_sel(9)] = 0.000246
E[P_sel(10)] = 0.000223
E[P_sel(11)] = 0.000200
E[P_sel(12)] = 0.000179
E[P_sel(13)] = 0.000166
E[P_sel(14)] = 0.000145
E[P_sel(15)] = 0.000148
E[P_sel(16)] = 0.000125
E[P_sel(17)] = 0.000129
E[P_sel(18)] = 0.000125
E[P_sel(19)] = 0.000124

---- Expected neutral and selected misattributed polymorphism per site
E[mis_neut] = 0.000476
E[mis_sel] = 0.000128

---- alpha_div = 0.255876
---- alpha_dfe = 0.299825



