---- Performing inference on Ns10_pa_0.005_boots/Ns10_pa_0.005.50.polyDFE.txt using model B

---- Warning: mutation variability is not used when only one neutral and one selected fragment is available.
---- No mutation variability. Using Poisson likelihood.

---- Using provided initial values


-- Starting local optimization
 it       eps_an        theta_bar      S_d            b             r  2          r  3          r  4          r  5          r  6          r  7          r  8          r  9          r 10          r 11          r 12          r 13          r 14          r 15          r 16          r 17          r 18          r 19         ln lk             grad     status
  0      4.50e-06       0.00100     -400.00000       0.40000       1.00000       1.00000       1.00000       1.00000       1.00000       1.00000       1.00000       1.00000       1.00000       1.00000       1.00000       1.00000       1.00000       1.00000       1.00000       1.00000       1.00000       1.00000  -251908.3304917946   1771.39128   -2
130      4.50e-06       0.00952    -1802.18600       0.17174       0.97782       0.98798       0.97847       0.94912       0.94541       0.93718       0.92469       0.93045       0.92459       0.90250       0.95633       0.90877       0.91199       0.93094       0.90584       0.96714       0.94859       0.97589  -222.3425228226      0.00128   -3
-- Local optimization: stuck in the same solution


---- Best joint likelihood found -222.34252 with gradient 0.00128
-- Model: B
--     eps_an        eps_cont      theta_bar     a        
--    4.50e-06      0.00e+00       0.00952       -1.00000  
--      S_d            b             p_b           S_b      
--  -1802.18600       0.17174      0.00e+00      0.00e+00  
--     r  2          r  3          r  4          r  5          r  6          r  7          r  8          r  9          r 10          r 11          r 12          r 13          r 14          r 15          r 16          r 17          r 18          r 19     
--     0.97782       0.98798       0.97847       0.94912       0.94541       0.93718       0.92469       0.93045       0.92459       0.90250       0.95633       0.90877       0.91199       0.93094       0.90584       0.96714       0.94859       0.97589  

---- Expected P_neut(i), 0 < i < n (neutral SFS per site) 
E[P_neut(1)] = 0.009520
E[P_neut(2)] = 0.004654
E[P_neut(3)] = 0.003135
E[P_neut(4)] = 0.002329
E[P_neut(5)] = 0.001807
E[P_neut(6)] = 0.001500
E[P_neut(7)] = 0.001275
E[P_neut(8)] = 0.001100
E[P_neut(9)] = 0.000984
E[P_neut(10)] = 0.000880
E[P_neut(11)] = 0.000781
E[P_neut(12)] = 0.000759
E[P_neut(13)] = 0.000666
E[P_neut(14)] = 0.000620
E[P_neut(15)] = 0.000591
E[P_neut(16)] = 0.000539
E[P_neut(17)] = 0.000542
E[P_neut(18)] = 0.000502
E[P_neut(19)] = 0.000489

---- Expected P_sel(i), 0 < i < n (selected SFS per site) 
E[P_sel(1)] = 0.003730
E[P_sel(2)] = 0.001534
E[P_sel(3)] = 0.000953
E[P_sel(4)] = 0.000673
E[P_sel(5)] = 0.000503
E[P_sel(6)] = 0.000405
E[P_sel(7)] = 0.000336
E[P_sel(8)] = 0.000284
E[P_sel(9)] = 0.000250
E[P_sel(10)] = 0.000220
E[P_sel(11)] = 0.000192
E[P_sel(12)] = 0.000185
E[P_sel(13)] = 0.000160
E[P_sel(14)] = 0.000148
E[P_sel(15)] = 0.000139
E[P_sel(16)] = 0.000126
E[P_sel(17)] = 0.000125
E[P_sel(18)] = 0.000115
E[P_sel(19)] = 0.000111

---- Expected neutral and selected misattributed polymorphism per site
E[mis_neut] = 0.000476
E[mis_sel] = 0.000108

---- alpha_div = 0.274612
---- alpha_dfe = 0.000000



