---- Performing inference on Ns10_pa_0.005_boots/Ns10_pa_0.005.18.polyDFE.txt using model B

---- Warning: mutation variability is not used when only one neutral and one selected fragment is available.
---- No mutation variability. Using Poisson likelihood.

---- Using provided initial values


-- Starting local optimization
 it       eps_an        theta_bar      S_d            b             r  2          r  3          r  4          r  5          r  6          r  7          r  8          r  9          r 10          r 11          r 12          r 13          r 14          r 15          r 16          r 17          r 18          r 19         ln lk             grad     status
  0      4.50e-06       0.00100     -400.00000       0.40000       1.00000       1.00000       1.00000       1.00000       1.00000       1.00000       1.00000       1.00000       1.00000       1.00000       1.00000       1.00000       1.00000       1.00000       1.00000       1.00000       1.00000       1.00000  -252817.8359557530   1776.49484   -2
 70      4.50e-06       0.00948    -1864.69152       0.17058       0.98818       0.98315       0.98768       0.94915       0.95943       0.91824       0.92754       0.96213       0.94966       0.90578       0.93323       0.92966       0.93948       0.93622       0.95718       0.97579       0.99528       1.01811  -224.1950273048      0.00771   -3
-- Local optimization: stuck in the same solution


---- Best joint likelihood found -224.19503 with gradient 0.00771
-- Model: B
--     eps_an        eps_cont      theta_bar     a        
--    4.50e-06      0.00e+00       0.00948       -1.00000  
--      S_d            b             p_b           S_b      
--  -1864.69152       0.17058      0.00e+00      0.00e+00  
--     r  2          r  3          r  4          r  5          r  6          r  7          r  8          r  9          r 10          r 11          r 12          r 13          r 14          r 15          r 16          r 17          r 18          r 19     
--     0.98818       0.98315       0.98768       0.94915       0.95943       0.91824       0.92754       0.96213       0.94966       0.90578       0.93323       0.92966       0.93948       0.93622       0.95718       0.97579       0.99528       1.01811  

---- Expected P_neut(i), 0 < i < n (neutral SFS per site) 
E[P_neut(1)] = 0.009478
E[P_neut(2)] = 0.004683
E[P_neut(3)] = 0.003106
E[P_neut(4)] = 0.002340
E[P_neut(5)] = 0.001799
E[P_neut(6)] = 0.001516
E[P_neut(7)] = 0.001243
E[P_neut(8)] = 0.001099
E[P_neut(9)] = 0.001013
E[P_neut(10)] = 0.000900
E[P_neut(11)] = 0.000780
E[P_neut(12)] = 0.000737
E[P_neut(13)] = 0.000678
E[P_neut(14)] = 0.000636
E[P_neut(15)] = 0.000592
E[P_neut(16)] = 0.000567
E[P_neut(17)] = 0.000544
E[P_neut(18)] = 0.000524
E[P_neut(19)] = 0.000508

---- Expected P_sel(i), 0 < i < n (selected SFS per site) 
E[P_sel(1)] = 0.003711
E[P_sel(2)] = 0.001544
E[P_sel(3)] = 0.000945
E[P_sel(4)] = 0.000677
E[P_sel(5)] = 0.000501
E[P_sel(6)] = 0.000410
E[P_sel(7)] = 0.000328
E[P_sel(8)] = 0.000285
E[P_sel(9)] = 0.000258
E[P_sel(10)] = 0.000225
E[P_sel(11)] = 0.000193
E[P_sel(12)] = 0.000180
E[P_sel(13)] = 0.000163
E[P_sel(14)] = 0.000152
E[P_sel(15)] = 0.000140
E[P_sel(16)] = 0.000133
E[P_sel(17)] = 0.000126
E[P_sel(18)] = 0.000121
E[P_sel(19)] = 0.000116

---- Expected neutral and selected misattributed polymorphism per site
E[mis_neut] = 0.000474
E[mis_sel] = 0.000107

---- alpha_div = 0.255898
---- alpha_dfe = 0.000000



