---- Performing inference on Ns10_pa_0.005_boots/Ns10_pa_0.005.77.polyDFE.txt using model B

---- Warning: mutation variability is not used when only one neutral and one selected fragment is available.
---- No mutation variability. Using Poisson likelihood.

---- Using provided initial values


-- Starting local optimization
 it       eps_an        theta_bar      S_d            b             r  2          r  3          r  4          r  5          r  6          r  7          r  8          r  9          r 10          r 11          r 12          r 13          r 14          r 15          r 16          r 17          r 18          r 19         ln lk             grad     status
  0      4.50e-06       0.00100     -400.00000       0.40000       1.00000       1.00000       1.00000       1.00000       1.00000       1.00000       1.00000       1.00000       1.00000       1.00000       1.00000       1.00000       1.00000       1.00000       1.00000       1.00000       1.00000       1.00000  -253147.3723156567   1776.32824   -2
172      4.50e-06       0.00959    -1827.89837       0.17215       0.97144       0.97769       0.97538       0.95089       0.93290       0.92014       0.91756       0.92963       0.93266       0.91658       0.93311       0.90125       0.91722       0.93684       0.96024       0.95553       0.93714       1.04080  -201.4813243633      0.00045   -3
-- Local optimization: stuck in the same solution


---- Best joint likelihood found -201.48132 with gradient 0.00045
-- Model: B
--     eps_an        eps_cont      theta_bar     a        
--    4.50e-06      0.00e+00       0.00959       -1.00000  
--      S_d            b             p_b           S_b      
--  -1827.89837       0.17215      0.00e+00      0.00e+00  
--     r  2          r  3          r  4          r  5          r  6          r  7          r  8          r  9          r 10          r 11          r 12          r 13          r 14          r 15          r 16          r 17          r 18          r 19     
--     0.97144       0.97769       0.97538       0.95089       0.93290       0.92014       0.91756       0.92963       0.93266       0.91658       0.93311       0.90125       0.91722       0.93684       0.96024       0.95553       0.93714       1.04080  

---- Expected P_neut(i), 0 < i < n (neutral SFS per site) 
E[P_neut(1)] = 0.009594
E[P_neut(2)] = 0.004660
E[P_neut(3)] = 0.003127
E[P_neut(4)] = 0.002340
E[P_neut(5)] = 0.001825
E[P_neut(6)] = 0.001492
E[P_neut(7)] = 0.001261
E[P_neut(8)] = 0.001100
E[P_neut(9)] = 0.000991
E[P_neut(10)] = 0.000895
E[P_neut(11)] = 0.000799
E[P_neut(12)] = 0.000746
E[P_neut(13)] = 0.000665
E[P_neut(14)] = 0.000629
E[P_neut(15)] = 0.000599
E[P_neut(16)] = 0.000576
E[P_neut(17)] = 0.000539
E[P_neut(18)] = 0.000500
E[P_neut(19)] = 0.000526

---- Expected P_sel(i), 0 < i < n (selected SFS per site) 
E[P_sel(1)] = 0.003744
E[P_sel(2)] = 0.001528
E[P_sel(3)] = 0.000946
E[P_sel(4)] = 0.000672
E[P_sel(5)] = 0.000505
E[P_sel(6)] = 0.000401
E[P_sel(7)] = 0.000331
E[P_sel(8)] = 0.000283
E[P_sel(9)] = 0.000250
E[P_sel(10)] = 0.000222
E[P_sel(11)] = 0.000196
E[P_sel(12)] = 0.000181
E[P_sel(13)] = 0.000159
E[P_sel(14)] = 0.000149
E[P_sel(15)] = 0.000140
E[P_sel(16)] = 0.000134
E[P_sel(17)] = 0.000124
E[P_sel(18)] = 0.000114
E[P_sel(19)] = 0.000119

---- Expected neutral and selected misattributed polymorphism per site
E[mis_neut] = 0.000480
E[mis_sel] = 0.000108

---- alpha_div = 0.267762
---- alpha_dfe = 0.000000



