---- Performing inference on Ns10_pa_0.005_boots/Ns10_pa_0.005.80.polyDFE.txt using model B

---- Warning: mutation variability is not used when only one neutral and one selected fragment is available.
---- No mutation variability. Using Poisson likelihood.

---- Using provided initial values


-- Starting local optimization
 it       eps_an        eps_cont      lambda        theta_bar      S_d            b             p_b           S_b           r  2          r  3          r  4          r  5          r  6          r  7          r  8          r  9          r 10          r 11          r 12          r 13          r 14          r 15          r 16          r 17          r 18          r 19          r 20         ln lk             grad     status
  0      4.50e-06      9.00e-07       0.00500       0.00100     -400.00000       0.40000       0.02000       4.00000       1.00000       1.00000       1.00000       1.00000       1.00000       1.00000       1.00000       1.00000       1.00000       1.00000       1.00000       1.00000       1.00000       1.00000       1.00000       1.00000       1.00000       1.00000       1.00000  -244705.6617779020   1713.73809   -2
190      4.50e-06      9.00e-07       0.00501       0.00937     -854.55024       0.20217       0.00451      20.51202       0.99938       0.98014       1.01010       0.96773       0.99448       0.97920       0.98686       0.96798       0.94060       0.92719       0.97296       0.96972       0.92438       0.98276       0.99273       0.96503       0.95723       1.01002       0.90468  -210.7358232643      0.03136   -3
-- Local optimization: stuck in the same solution


---- Best joint likelihood found -210.73582 with gradient 0.03136
-- Model: B
--     eps_an        eps_cont      lambda        theta_bar     a        
--    4.50e-06      9.00e-07       0.00501       0.00937       -1.00000  
--      S_d            b             p_b           S_b      
--   -854.55024       0.20217       0.00451      20.51202  
--     r  2          r  3          r  4          r  5          r  6          r  7          r  8          r  9          r 10          r 11          r 12          r 13          r 14          r 15          r 16          r 17          r 18          r 19          r 20     
--     0.99938       0.98014       1.01010       0.96773       0.99448       0.97920       0.98686       0.96798       0.94060       0.92719       0.97296       0.96972       0.92438       0.98276       0.99273       0.96503       0.95723       1.01002       0.90468  

---- Expected P_neut(i), 0 < i < n (neutral SFS per site) 
E[P_neut(1)] = 0.009368
E[P_neut(2)] = 0.004681
E[P_neut(3)] = 0.003061
E[P_neut(4)] = 0.002366
E[P_neut(5)] = 0.001813
E[P_neut(6)] = 0.001553
E[P_neut(7)] = 0.001310
E[P_neut(8)] = 0.001156
E[P_neut(9)] = 0.001008
E[P_neut(10)] = 0.000881
E[P_neut(11)] = 0.000790
E[P_neut(12)] = 0.000760
E[P_neut(13)] = 0.000699
E[P_neut(14)] = 0.000619
E[P_neut(15)] = 0.000614
E[P_neut(16)] = 0.000581
E[P_neut(17)] = 0.000532
E[P_neut(18)] = 0.000498
E[P_neut(19)] = 0.000498

---- Expected P_sel(i), 0 < i < n (selected SFS per site) 
E[P_sel(1)] = 0.003763
E[P_sel(2)] = 0.001540
E[P_sel(3)] = 0.000917
E[P_sel(4)] = 0.000669
E[P_sel(5)] = 0.000492
E[P_sel(6)] = 0.000408
E[P_sel(7)] = 0.000335
E[P_sel(8)] = 0.000289
E[P_sel(9)] = 0.000248
E[P_sel(10)] = 0.000214
E[P_sel(11)] = 0.000189
E[P_sel(12)] = 0.000180
E[P_sel(13)] = 0.000165
E[P_sel(14)] = 0.000146
E[P_sel(15)] = 0.000145
E[P_sel(16)] = 0.000138
E[P_sel(17)] = 0.000128
E[P_sel(18)] = 0.000123
E[P_sel(19)] = 0.000127

---- Expected D_neut and D_sel (neutral and selected divergence per site) 
E[D_neut] = 0.005431
E[D_sel] = 0.001610

---- Expected neutral and selected misattributed polymorphism per site
E[mis_neut] = 0.000424
E[mis_sel] = 0.000115

---- alpha_div = 0.309474
---- alpha_dfe = 0.309629



