---- Performing inference on Ns10_pa_0.005_boots/Ns10_pa_0.005.97.polyDFE.txt using model B

---- Warning: mutation variability is not used when only one neutral and one selected fragment is available.
---- No mutation variability. Using Poisson likelihood.

---- Using provided initial values


-- Starting local optimization
 it       eps_an        eps_cont      lambda        theta_bar      S_d            b             p_b           S_b           r  2          r  3          r  4          r  5          r  6          r  7          r  8          r  9          r 10          r 11          r 12          r 13          r 14          r 15          r 16          r 17          r 18          r 19          r 20         ln lk             grad     status
  0      4.50e-06      9.00e-07       0.00500       0.00100     -400.00000       0.40000       0.02000       4.00000       1.00000       1.00000       1.00000       1.00000       1.00000       1.00000       1.00000       1.00000       1.00000       1.00000       1.00000       1.00000       1.00000       1.00000       1.00000       1.00000       1.00000       1.00000       1.00000  -242703.7166594175   1704.16036   -2
104      4.50e-06      9.00e-07       0.00501       0.00938     -844.87951       0.20748       0.00838      12.15981       0.99965       1.00004       1.01586       0.96861       0.97474       0.99242       0.95491       0.94582       0.93788       0.95011       0.98039       0.93034       0.93738       0.92607       0.90804       0.96421       0.91840       0.94260       0.91316  -206.7424808744      0.10072   -3
-- Local optimization: stuck in the same solution


---- Best joint likelihood found -206.74248 with gradient 0.10072
-- Model: B
--     eps_an        eps_cont      lambda        theta_bar     a        
--    4.50e-06      9.00e-07       0.00501       0.00938       -1.00000  
--      S_d            b             p_b           S_b      
--   -844.87951       0.20748       0.00838      12.15981  
--     r  2          r  3          r  4          r  5          r  6          r  7          r  8          r  9          r 10          r 11          r 12          r 13          r 14          r 15          r 16          r 17          r 18          r 19          r 20     
--     0.99965       1.00004       1.01586       0.96861       0.97474       0.99242       0.95491       0.94582       0.93788       0.95011       0.98039       0.93034       0.93738       0.92607       0.90804       0.96421       0.91840       0.94260       0.91316  

---- Expected P_neut(i), 0 < i < n (neutral SFS per site) 
E[P_neut(1)] = 0.009378
E[P_neut(2)] = 0.004687
E[P_neut(3)] = 0.003126
E[P_neut(4)] = 0.002382
E[P_neut(5)] = 0.001817
E[P_neut(6)] = 0.001523
E[P_neut(7)] = 0.001329
E[P_neut(8)] = 0.001119
E[P_neut(9)] = 0.000985
E[P_neut(10)] = 0.000880
E[P_neut(11)] = 0.000810
E[P_neut(12)] = 0.000766
E[P_neut(13)] = 0.000671
E[P_neut(14)] = 0.000628
E[P_neut(15)] = 0.000579
E[P_neut(16)] = 0.000532
E[P_neut(17)] = 0.000532
E[P_neut(18)] = 0.000478
E[P_neut(19)] = 0.000465

---- Expected P_sel(i), 0 < i < n (selected SFS per site) 
E[P_sel(1)] = 0.003731
E[P_sel(2)] = 0.001523
E[P_sel(3)] = 0.000926
E[P_sel(4)] = 0.000665
E[P_sel(5)] = 0.000487
E[P_sel(6)] = 0.000396
E[P_sel(7)] = 0.000337
E[P_sel(8)] = 0.000279
E[P_sel(9)] = 0.000242
E[P_sel(10)] = 0.000213
E[P_sel(11)] = 0.000195
E[P_sel(12)] = 0.000183
E[P_sel(13)] = 0.000160
E[P_sel(14)] = 0.000150
E[P_sel(15)] = 0.000140
E[P_sel(16)] = 0.000130
E[P_sel(17)] = 0.000132
E[P_sel(18)] = 0.000122
E[P_sel(19)] = 0.000124

---- Expected D_neut and D_sel (neutral and selected divergence per site) 
E[D_neut] = 0.005443
E[D_sel] = 0.001626

---- Expected neutral and selected misattributed polymorphism per site
E[mis_neut] = 0.000428
E[mis_sel] = 0.000120

---- alpha_div = 0.341525
---- alpha_dfe = 0.339358



