---- Performing inference on Ns10_pa_0.005_boots/Ns10_pa_0.005.63.polyDFE.txt using model B

---- Warning: mutation variability is not used when only one neutral and one selected fragment is available.
---- No mutation variability. Using Poisson likelihood.

---- Using provided initial values


-- Starting local optimization
 it       eps_an        eps_cont      lambda        theta_bar      S_d            b             p_b           S_b           r  2          r  3          r  4          r  5          r  6          r  7          r  8          r  9          r 10          r 11          r 12          r 13          r 14          r 15          r 16          r 17          r 18          r 19          r 20         ln lk             grad     status
  0      4.50e-06      9.00e-07       0.00500       0.00100     -400.00000       0.40000       0.02000       4.00000       1.00000       1.00000       1.00000       1.00000       1.00000       1.00000       1.00000       1.00000       1.00000       1.00000       1.00000       1.00000       1.00000       1.00000       1.00000       1.00000       1.00000       1.00000       1.00000  -242428.7565475104   1703.41255   -2
236      4.50e-06      9.00e-07       0.00508       0.00937     -987.96405       0.19738       0.00433      22.01239       1.00255       1.00067       1.00551       0.98230       0.97099       0.99070       0.93493       0.97415       0.96506       0.92353       0.93497       0.89981       0.92825       0.93420       0.90536       0.97682       0.96316       0.97928       0.86673  -213.0321931773      0.01644   -3
-- Local optimization: stuck in the same solution


---- Best joint likelihood found -213.03219 with gradient 0.01644
-- Model: B
--     eps_an        eps_cont      lambda        theta_bar     a        
--    4.50e-06      9.00e-07       0.00508       0.00937       -1.00000  
--      S_d            b             p_b           S_b      
--   -987.96405       0.19738       0.00433      22.01239  
--     r  2          r  3          r  4          r  5          r  6          r  7          r  8          r  9          r 10          r 11          r 12          r 13          r 14          r 15          r 16          r 17          r 18          r 19          r 20     
--     1.00255       1.00067       1.00551       0.98230       0.97099       0.99070       0.93493       0.97415       0.96506       0.92353       0.93497       0.89981       0.92825       0.93420       0.90536       0.97682       0.96316       0.97928       0.86673  

---- Expected P_neut(i), 0 < i < n (neutral SFS per site) 
E[P_neut(1)] = 0.009366
E[P_neut(2)] = 0.004695
E[P_neut(3)] = 0.003124
E[P_neut(4)] = 0.002355
E[P_neut(5)] = 0.001840
E[P_neut(6)] = 0.001516
E[P_neut(7)] = 0.001326
E[P_neut(8)] = 0.001095
E[P_neut(9)] = 0.001014
E[P_neut(10)] = 0.000904
E[P_neut(11)] = 0.000786
E[P_neut(12)] = 0.000730
E[P_neut(13)] = 0.000648
E[P_neut(14)] = 0.000621
E[P_neut(15)] = 0.000583
E[P_neut(16)] = 0.000530
E[P_neut(17)] = 0.000538
E[P_neut(18)] = 0.000501
E[P_neut(19)] = 0.000483

---- Expected P_sel(i), 0 < i < n (selected SFS per site) 
E[P_sel(1)] = 0.003720
E[P_sel(2)] = 0.001533
E[P_sel(3)] = 0.000932
E[P_sel(4)] = 0.000663
E[P_sel(5)] = 0.000498
E[P_sel(6)] = 0.000397
E[P_sel(7)] = 0.000339
E[P_sel(8)] = 0.000274
E[P_sel(9)] = 0.000249
E[P_sel(10)] = 0.000219
E[P_sel(11)] = 0.000189
E[P_sel(12)] = 0.000173
E[P_sel(13)] = 0.000153
E[P_sel(14)] = 0.000146
E[P_sel(15)] = 0.000137
E[P_sel(16)] = 0.000126
E[P_sel(17)] = 0.000129
E[P_sel(18)] = 0.000123
E[P_sel(19)] = 0.000124

---- Expected D_neut and D_sel (neutral and selected divergence per site) 
E[D_neut] = 0.005486
E[D_sel] = 0.001647

---- Expected neutral and selected misattributed polymorphism per site
E[mis_neut] = 0.000406
E[mis_sel] = 0.000111

---- alpha_div = 0.315563
---- alpha_dfe = 0.315453



