---- Performing inference on Ns10_pa_0.005_boots/Ns10_pa_0.005.96.polyDFE.txt using model B

---- Warning: mutation variability is not used when only one neutral and one selected fragment is available.
---- No mutation variability. Using Poisson likelihood.

---- Using provided initial values


-- Starting local optimization
 it       eps_an        eps_cont      lambda        theta_bar      S_d            b             p_b           S_b           r  2          r  3          r  4          r  5          r  6          r  7          r  8          r  9          r 10          r 11          r 12          r 13          r 14          r 15          r 16          r 17          r 18          r 19          r 20         ln lk             grad     status
  0      4.50e-06      9.00e-07       0.00500       0.00100     -400.00000       0.40000       0.02000       4.00000       1.00000       1.00000       1.00000       1.00000       1.00000       1.00000       1.00000       1.00000       1.00000       1.00000       1.00000       1.00000       1.00000       1.00000       1.00000       1.00000       1.00000       1.00000       1.00000  -244196.3185215843   1711.23853   -2
323      4.50e-06      9.00e-07       0.00493       0.00952    -1029.21508       0.19507       0.00455      20.89119       0.98339       0.96484       0.98989       0.93804       0.95281       0.95042       0.93727       0.95986       0.94598       0.90830       0.96775       0.89868       0.89127       0.93606       0.88427       0.97627       0.96110       0.99792       1.00806  -209.2708886016      0.00282   -3
-- Local optimization: stuck in the same solution


---- Best joint likelihood found -209.27089 with gradient 0.00282
-- Model: B
--     eps_an        eps_cont      lambda        theta_bar     a        
--    4.50e-06      9.00e-07       0.00493       0.00952       -1.00000  
--      S_d            b             p_b           S_b      
--  -1029.21508       0.19507       0.00455      20.89119  
--     r  2          r  3          r  4          r  5          r  6          r  7          r  8          r  9          r 10          r 11          r 12          r 13          r 14          r 15          r 16          r 17          r 18          r 19          r 20     
--     0.98339       0.96484       0.98989       0.93804       0.95281       0.95042       0.93727       0.95986       0.94598       0.90830       0.96775       0.89868       0.89127       0.93606       0.88427       0.97627       0.96110       0.99792       1.00806  

---- Expected P_neut(i), 0 < i < n (neutral SFS per site) 
E[P_neut(1)] = 0.009518
E[P_neut(2)] = 0.004680
E[P_neut(3)] = 0.003061
E[P_neut(4)] = 0.002355
E[P_neut(5)] = 0.001786
E[P_neut(6)] = 0.001511
E[P_neut(7)] = 0.001292
E[P_neut(8)] = 0.001115
E[P_neut(9)] = 0.001015
E[P_neut(10)] = 0.000900
E[P_neut(11)] = 0.000786
E[P_neut(12)] = 0.000768
E[P_neut(13)] = 0.000658
E[P_neut(14)] = 0.000606
E[P_neut(15)] = 0.000594
E[P_neut(16)] = 0.000526
E[P_neut(17)] = 0.000547
E[P_neut(18)] = 0.000508
E[P_neut(19)] = 0.000500

---- Expected P_sel(i), 0 < i < n (selected SFS per site) 
E[P_sel(1)] = 0.003783
E[P_sel(2)] = 0.001534
E[P_sel(3)] = 0.000917
E[P_sel(4)] = 0.000667
E[P_sel(5)] = 0.000486
E[P_sel(6)] = 0.000399
E[P_sel(7)] = 0.000332
E[P_sel(8)] = 0.000281
E[P_sel(9)] = 0.000252
E[P_sel(10)] = 0.000220
E[P_sel(11)] = 0.000190
E[P_sel(12)] = 0.000184
E[P_sel(13)] = 0.000157
E[P_sel(14)] = 0.000144
E[P_sel(15)] = 0.000141
E[P_sel(16)] = 0.000126
E[P_sel(17)] = 0.000133
E[P_sel(18)] = 0.000126
E[P_sel(19)] = 0.000129

---- Expected D_neut and D_sel (neutral and selected divergence per site) 
E[D_neut] = 0.005413
E[D_sel] = 0.001630

---- Expected neutral and selected misattributed polymorphism per site
E[mis_neut] = 0.000480
E[mis_sel] = 0.000132

---- alpha_div = 0.312369
---- alpha_dfe = 0.312910



