---- Performing inference on Ns10_pa_0.005_boots/Ns10_pa_0.005.30.polyDFE.txt using model B

---- Warning: mutation variability is not used when only one neutral and one selected fragment is available.
---- No mutation variability. Using Poisson likelihood.

---- Using provided initial values


-- Starting local optimization
 it       eps_an        eps_cont      lambda        theta_bar      S_d            b             p_b           S_b           r  2          r  3          r  4          r  5          r  6          r  7          r  8          r  9          r 10          r 11          r 12          r 13          r 14          r 15          r 16          r 17          r 18          r 19          r 20         ln lk             grad     status
  0      4.50e-06      9.00e-07       0.00500       0.00100     -400.00000       0.40000       0.02000       4.00000       1.00000       1.00000       1.00000       1.00000       1.00000       1.00000       1.00000       1.00000       1.00000       1.00000       1.00000       1.00000       1.00000       1.00000       1.00000       1.00000       1.00000       1.00000       1.00000  -244462.9847779872   1712.19330   -2
272      4.50e-06      9.00e-07       0.00494       0.00936     -850.83220       0.20647       0.00741      14.00608       0.99189       1.01798       1.00705       0.98476       0.98513       0.99642       0.96729       0.96044       0.98006       0.94408       1.00194       0.90851       0.94851       0.99356       0.95476       1.00243       0.93305       0.98789       0.96143  -209.9887892640      0.00270   -3
-- Local optimization: stuck in the same solution


---- Best joint likelihood found -209.98879 with gradient 0.00270
-- Model: B
--     eps_an        eps_cont      lambda        theta_bar     a        
--    4.50e-06      9.00e-07       0.00494       0.00936       -1.00000  
--      S_d            b             p_b           S_b      
--   -850.83220       0.20647       0.00741      14.00608  
--     r  2          r  3          r  4          r  5          r  6          r  7          r  8          r  9          r 10          r 11          r 12          r 13          r 14          r 15          r 16          r 17          r 18          r 19          r 20     
--     0.99189       1.01798       1.00705       0.98476       0.98513       0.99642       0.96729       0.96044       0.98006       0.94408       1.00194       0.90851       0.94851       0.99356       0.95476       1.00243       0.93305       0.98789       0.96143  

---- Expected P_neut(i), 0 < i < n (neutral SFS per site) 
E[P_neut(1)] = 0.009360
E[P_neut(2)] = 0.004642
E[P_neut(3)] = 0.003176
E[P_neut(4)] = 0.002357
E[P_neut(5)] = 0.001844
E[P_neut(6)] = 0.001537
E[P_neut(7)] = 0.001332
E[P_neut(8)] = 0.001132
E[P_neut(9)] = 0.000999
E[P_neut(10)] = 0.000917
E[P_neut(11)] = 0.000803
E[P_neut(12)] = 0.000782
E[P_neut(13)] = 0.000654
E[P_neut(14)] = 0.000634
E[P_neut(15)] = 0.000620
E[P_neut(16)] = 0.000559
E[P_neut(17)] = 0.000552
E[P_neut(18)] = 0.000485
E[P_neut(19)] = 0.000487

---- Expected P_sel(i), 0 < i < n (selected SFS per site) 
E[P_sel(1)] = 0.003726
E[P_sel(2)] = 0.001510
E[P_sel(3)] = 0.000941
E[P_sel(4)] = 0.000659
E[P_sel(5)] = 0.000494
E[P_sel(6)] = 0.000399
E[P_sel(7)] = 0.000338
E[P_sel(8)] = 0.000281
E[P_sel(9)] = 0.000244
E[P_sel(10)] = 0.000222
E[P_sel(11)] = 0.000192
E[P_sel(12)] = 0.000186
E[P_sel(13)] = 0.000155
E[P_sel(14)] = 0.000151
E[P_sel(15)] = 0.000148
E[P_sel(16)] = 0.000135
E[P_sel(17)] = 0.000136
E[P_sel(18)] = 0.000123
E[P_sel(19)] = 0.000129

---- Expected D_neut and D_sel (neutral and selected divergence per site) 
E[D_neut] = 0.005386
E[D_sel] = 0.001624

---- Expected neutral and selected misattributed polymorphism per site
E[mis_neut] = 0.000450
E[mis_sel] = 0.000126

---- alpha_div = 0.342548
---- alpha_dfe = 0.341885



