---- Performing inference on Ns10_pa_0.005_boots/Ns10_pa_0.005.48.polyDFE.txt using model B

---- Warning: mutation variability is not used when only one neutral and one selected fragment is available.
---- No mutation variability. Using Poisson likelihood.

---- Using provided initial values


-- Starting local optimization
 it       eps_an        lambda        theta_bar      S_d            b             r  2          r  3          r  4          r  5          r  6          r  7          r  8          r  9          r 10          r 11          r 12          r 13          r 14          r 15          r 16          r 17          r 18          r 19          r 20         ln lk             grad     status
  0      4.50e-06       0.00500       0.00100     -400.00000       0.40000       1.00000       1.00000       1.00000       1.00000       1.00000       1.00000       1.00000       1.00000       1.00000       1.00000       1.00000       1.00000       1.00000       1.00000       1.00000       1.00000       1.00000       1.00000       1.00000  -262085.9512584023   1901.27231   -2
721      4.57e-06       0.00012       0.00967    -6243.12512       0.13828       0.95690       0.95295       0.94188       0.89846       0.92565       0.91786       0.89620       0.88735       0.90250       0.85958       0.91603       0.85708       0.90195       0.88127       0.88846       0.96205       0.94454       1.02944      11.99626  -361.8907760337      0.02000   -6
-- Local optimization: reached maximum running time allowed


---- Best joint likelihood found -361.89078 with gradient 0.02000
-- Model: B
--     eps_an        eps_cont      lambda        theta_bar     a        
--    4.57e-06      0.00e+00       0.00012       0.00967       -1.00000  
--      S_d            b             p_b           S_b      
--  -6243.12512       0.13828      0.00e+00      0.00e+00  
--     r  2          r  3          r  4          r  5          r  6          r  7          r  8          r  9          r 10          r 11          r 12          r 13          r 14          r 15          r 16          r 17          r 18          r 19          r 20     
--     0.95690       0.95295       0.94188       0.89846       0.92565       0.91786       0.89620       0.88735       0.90250       0.85958       0.91603       0.85708       0.90195       0.88127       0.88846       0.96205       0.94454       1.02944      11.99626  

---- Expected P_neut(i), 0 < i < n (neutral SFS per site) 
E[P_neut(1)] = 0.009670
E[P_neut(2)] = 0.004627
E[P_neut(3)] = 0.003072
E[P_neut(4)] = 0.002277
E[P_neut(5)] = 0.001738
E[P_neut(6)] = 0.001492
E[P_neut(7)] = 0.001268
E[P_neut(8)] = 0.001083
E[P_neut(9)] = 0.000953
E[P_neut(10)] = 0.000873
E[P_neut(11)] = 0.000756
E[P_neut(12)] = 0.000738
E[P_neut(13)] = 0.000638
E[P_neut(14)] = 0.000623
E[P_neut(15)] = 0.000568
E[P_neut(16)] = 0.000537
E[P_neut(17)] = 0.000547
E[P_neut(18)] = 0.000507
E[P_neut(19)] = 0.000524

---- Expected P_sel(i), 0 < i < n (selected SFS per site) 
E[P_sel(1)] = 0.003712
E[P_sel(2)] = 0.001546
E[P_sel(3)] = 0.000963
E[P_sel(4)] = 0.000685
E[P_sel(5)] = 0.000507
E[P_sel(6)] = 0.000425
E[P_sel(7)] = 0.000355
E[P_sel(8)] = 0.000298
E[P_sel(9)] = 0.000258
E[P_sel(10)] = 0.000234
E[P_sel(11)] = 0.000200
E[P_sel(12)] = 0.000193
E[P_sel(13)] = 0.000165
E[P_sel(14)] = 0.000160
E[P_sel(15)] = 0.000145
E[P_sel(16)] = 0.000136
E[P_sel(17)] = 0.000138
E[P_sel(18)] = 0.000127
E[P_sel(19)] = 0.000130

---- Expected D_neut and D_sel (neutral and selected divergence per site) 
E[D_neut] = 0.005918
E[D_sel] = 0.001462

---- Expected neutral and selected misattributed polymorphism per site
E[mis_neut] = 0.005800
E[mis_sel] = 0.001433

---- alpha_div = 1.432684
---- alpha_dfe = 0.000000



