---- Performing inference on Ns10_pa_0.005_boots/Ns10_pa_0.005.54.polyDFE.txt using model B

---- Warning: mutation variability is not used when only one neutral and one selected fragment is available.
---- No mutation variability. Using Poisson likelihood.

---- Using provided initial values


-- Starting local optimization
 it       eps_an        lambda        theta_bar      S_d            b             r  2          r  3          r  4          r  5          r  6          r  7          r  8          r  9          r 10          r 11          r 12          r 13          r 14          r 15          r 16          r 17          r 18          r 19          r 20         ln lk             grad     status
  0      4.50e-06       0.00500       0.00100     -400.00000       0.40000       1.00000       1.00000       1.00000       1.00000       1.00000       1.00000       1.00000       1.00000       1.00000       1.00000       1.00000       1.00000       1.00000       1.00000       1.00000       1.00000       1.00000       1.00000       1.00000  -261015.6063980812   1896.71807   -2
676      4.58e-06       0.00024       0.00972   -11178.22660       0.12819       0.94508       0.94581       0.93977       0.90852       0.90592       0.88007       0.88131       0.90778       0.89041       0.89223       0.88039       0.86264       0.89252       0.90656       0.86516       0.95036       0.88451       0.96958      11.49945  -373.7576505696      0.01418   -6
-- Local optimization: reached maximum running time allowed


---- Best joint likelihood found -373.75765 with gradient 0.01418
-- Model: B
--     eps_an        eps_cont      lambda        theta_bar     a        
--    4.58e-06      0.00e+00       0.00024       0.00972       -1.00000  
--      S_d            b             p_b           S_b      
-- -11178.22660       0.12819      0.00e+00      0.00e+00  
--     r  2          r  3          r  4          r  5          r  6          r  7          r  8          r  9          r 10          r 11          r 12          r 13          r 14          r 15          r 16          r 17          r 18          r 19          r 20     
--     0.94508       0.94581       0.93977       0.90852       0.90592       0.88007       0.88131       0.90778       0.89041       0.89223       0.88039       0.86264       0.89252       0.90656       0.86516       0.95036       0.88451       0.96958      11.49945  

---- Expected P_neut(i), 0 < i < n (neutral SFS per site) 
E[P_neut(1)] = 0.009717
E[P_neut(2)] = 0.004591
E[P_neut(3)] = 0.003063
E[P_neut(4)] = 0.002283
E[P_neut(5)] = 0.001766
E[P_neut(6)] = 0.001467
E[P_neut(7)] = 0.001222
E[P_neut(8)] = 0.001070
E[P_neut(9)] = 0.000980
E[P_neut(10)] = 0.000865
E[P_neut(11)] = 0.000788
E[P_neut(12)] = 0.000713
E[P_neut(13)] = 0.000645
E[P_neut(14)] = 0.000619
E[P_neut(15)] = 0.000587
E[P_neut(16)] = 0.000525
E[P_neut(17)] = 0.000543
E[P_neut(18)] = 0.000477
E[P_neut(19)] = 0.000496

---- Expected P_sel(i), 0 < i < n (selected SFS per site) 
E[P_sel(1)] = 0.003673
E[P_sel(2)] = 0.001528
E[P_sel(3)] = 0.000960
E[P_sel(4)] = 0.000689
E[P_sel(5)] = 0.000518
E[P_sel(6)] = 0.000421
E[P_sel(7)] = 0.000345
E[P_sel(8)] = 0.000297
E[P_sel(9)] = 0.000269
E[P_sel(10)] = 0.000234
E[P_sel(11)] = 0.000211
E[P_sel(12)] = 0.000189
E[P_sel(13)] = 0.000170
E[P_sel(14)] = 0.000162
E[P_sel(15)] = 0.000152
E[P_sel(16)] = 0.000135
E[P_sel(17)] = 0.000139
E[P_sel(18)] = 0.000121
E[P_sel(19)] = 0.000125

---- Expected D_neut and D_sel (neutral and selected divergence per site) 
E[D_neut] = 0.005828
E[D_sel] = 0.001465

---- Expected neutral and selected misattributed polymorphism per site
E[mis_neut] = 0.005587
E[mis_sel] = 0.001405

---- alpha_div = 1.226688
---- alpha_dfe = 0.000000



