---- Performing inference on Ns10_pa_0.005_boots/Ns10_pa_0.005.99.polyDFE.txt using model B

---- Warning: mutation variability is not used when only one neutral and one selected fragment is available.
---- No mutation variability. Using Poisson likelihood.

---- Using provided initial values


-- Starting local optimization
 it       eps_an        theta_bar      S_d            b             r  2          r  3          r  4          r  5          r  6          r  7          r  8          r  9          r 10          r 11          r 12          r 13          r 14          r 15          r 16          r 17          r 18          r 19         ln lk             grad     status
  0      4.50e-06       0.00100     -400.00000       0.40000       1.00000       1.00000       1.00000       1.00000       1.00000       1.00000       1.00000       1.00000       1.00000       1.00000       1.00000       1.00000       1.00000       1.00000       1.00000       1.00000       1.00000       1.00000  -252695.5432175439   1773.67866   -2
154      4.50e-06       0.00950    -1429.58017       0.18001       0.98468       0.98253       0.99300       0.94295       0.95113       0.93158       0.91101       0.95516       0.93790       0.93433       0.95642       0.96257       0.92671       0.96059       0.92963       0.99350       0.99853       1.03100  -214.6264034344      0.00132   -3
-- Local optimization: stuck in the same solution


---- Best joint likelihood found -214.62640 with gradient 0.00132
-- Model: B
--     eps_an        eps_cont      theta_bar     a        
--    4.50e-06      0.00e+00       0.00950       -1.00000  
--      S_d            b             p_b           S_b      
--  -1429.58017       0.18001      0.00e+00      0.00e+00  
--     r  2          r  3          r  4          r  5          r  6          r  7          r  8          r  9          r 10          r 11          r 12          r 13          r 14          r 15          r 16          r 17          r 18          r 19     
--     0.98468       0.98253       0.99300       0.94295       0.95113       0.93158       0.91101       0.95516       0.93790       0.93433       0.95642       0.96257       0.92671       0.96059       0.92963       0.99350       0.99853       1.03100  

---- Expected P_neut(i), 0 < i < n (neutral SFS per site) 
E[P_neut(1)] = 0.009504
E[P_neut(2)] = 0.004679
E[P_neut(3)] = 0.003113
E[P_neut(4)] = 0.002359
E[P_neut(5)] = 0.001792
E[P_neut(6)] = 0.001507
E[P_neut(7)] = 0.001265
E[P_neut(8)] = 0.001082
E[P_neut(9)] = 0.001009
E[P_neut(10)] = 0.000891
E[P_neut(11)] = 0.000807
E[P_neut(12)] = 0.000757
E[P_neut(13)] = 0.000704
E[P_neut(14)] = 0.000629
E[P_neut(15)] = 0.000609
E[P_neut(16)] = 0.000552
E[P_neut(17)] = 0.000555
E[P_neut(18)] = 0.000527
E[P_neut(19)] = 0.000516

---- Expected P_sel(i), 0 < i < n (selected SFS per site) 
E[P_sel(1)] = 0.003743
E[P_sel(2)] = 0.001537
E[P_sel(3)] = 0.000940
E[P_sel(4)] = 0.000675
E[P_sel(5)] = 0.000493
E[P_sel(6)] = 0.000402
E[P_sel(7)] = 0.000329
E[P_sel(8)] = 0.000275
E[P_sel(9)] = 0.000252
E[P_sel(10)] = 0.000219
E[P_sel(11)] = 0.000195
E[P_sel(12)] = 0.000181
E[P_sel(13)] = 0.000166
E[P_sel(14)] = 0.000147
E[P_sel(15)] = 0.000141
E[P_sel(16)] = 0.000126
E[P_sel(17)] = 0.000126
E[P_sel(18)] = 0.000119
E[P_sel(19)] = 0.000115

---- Expected neutral and selected misattributed polymorphism per site
E[mis_neut] = 0.000475
E[mis_sel] = 0.000105

---- alpha_div = 0.270175
---- alpha_dfe = 0.000000



