---- Performing inference on Ns10_pa_0.005_boots/Ns10_pa_0.005.29.polyDFE.txt using model B

---- Warning: mutation variability is not used when only one neutral and one selected fragment is available.
---- No mutation variability. Using Poisson likelihood.

---- Using provided initial values


-- Starting local optimization
 it       eps_an        eps_cont      lambda        theta_bar      S_d            b             p_b           S_b           r  2          r  3          r  4          r  5          r  6          r  7          r  8          r  9          r 10          r 11          r 12          r 13          r 14          r 15          r 16          r 17          r 18          r 19          r 20         ln lk             grad     status
  0      4.50e-06      9.00e-07       0.00500       0.00100     -400.00000       0.40000       0.02000       4.00000       1.00000       1.00000       1.00000       1.00000       1.00000       1.00000       1.00000       1.00000       1.00000       1.00000       1.00000       1.00000       1.00000       1.00000       1.00000       1.00000       1.00000       1.00000       1.00000  -242437.7569982974   1701.95580   -2
314      4.50e-06      9.00e-07       0.00492       0.00946    -1055.81446       0.19664       0.00560      17.48753       0.99295       0.98661       0.99237       0.95927       0.97486       0.95241       0.93827       0.94391       0.94740       0.88928       0.93467       0.90814       0.93652       0.92209       0.94415       1.00374       0.96738       0.95803       0.95749  -208.0804990537      0.00446   -3
-- Local optimization: stuck in the same solution


---- Best joint likelihood found -208.08050 with gradient 0.00446
-- Model: B
--     eps_an        eps_cont      lambda        theta_bar     a        
--    4.50e-06      9.00e-07       0.00492       0.00946       -1.00000  
--      S_d            b             p_b           S_b      
--  -1055.81446       0.19664       0.00560      17.48753  
--     r  2          r  3          r  4          r  5          r  6          r  7          r  8          r  9          r 10          r 11          r 12          r 13          r 14          r 15          r 16          r 17          r 18          r 19          r 20     
--     0.99295       0.98661       0.99237       0.95927       0.97486       0.95241       0.93827       0.94391       0.94740       0.88928       0.93467       0.90814       0.93652       0.92209       0.94415       1.00374       0.96738       0.95803       0.95749  

---- Expected P_neut(i), 0 < i < n (neutral SFS per site) 
E[P_neut(1)] = 0.009458
E[P_neut(2)] = 0.004695
E[P_neut(3)] = 0.003110
E[P_neut(4)] = 0.002346
E[P_neut(5)] = 0.001814
E[P_neut(6)] = 0.001537
E[P_neut(7)] = 0.001287
E[P_neut(8)] = 0.001109
E[P_neut(9)] = 0.000992
E[P_neut(10)] = 0.000896
E[P_neut(11)] = 0.000765
E[P_neut(12)] = 0.000737
E[P_neut(13)] = 0.000661
E[P_neut(14)] = 0.000633
E[P_neut(15)] = 0.000581
E[P_neut(16)] = 0.000558
E[P_neut(17)] = 0.000558
E[P_neut(18)] = 0.000508
E[P_neut(19)] = 0.000477

---- Expected P_sel(i), 0 < i < n (selected SFS per site) 
E[P_sel(1)] = 0.003727
E[P_sel(2)] = 0.001524
E[P_sel(3)] = 0.000923
E[P_sel(4)] = 0.000658
E[P_sel(5)] = 0.000489
E[P_sel(6)] = 0.000402
E[P_sel(7)] = 0.000328
E[P_sel(8)] = 0.000277
E[P_sel(9)] = 0.000244
E[P_sel(10)] = 0.000218
E[P_sel(11)] = 0.000184
E[P_sel(12)] = 0.000176
E[P_sel(13)] = 0.000157
E[P_sel(14)] = 0.000150
E[P_sel(15)] = 0.000138
E[P_sel(16)] = 0.000134
E[P_sel(17)] = 0.000136
E[P_sel(18)] = 0.000127
E[P_sel(19)] = 0.000125

---- Expected D_neut and D_sel (neutral and selected divergence per site) 
E[D_neut] = 0.005371
E[D_sel] = 0.001616

---- Expected neutral and selected misattributed polymorphism per site
E[mis_neut] = 0.000453
E[mis_sel] = 0.000126

---- alpha_div = 0.322960
---- alpha_dfe = 0.323193



