---- Performing inference on Ns10_pa_0.005_boots/Ns10_pa_0.005.86.polyDFE.txt using model B

---- Warning: mutation variability is not used when only one neutral and one selected fragment is available.
---- No mutation variability. Using Poisson likelihood.

---- Using provided initial values


-- Starting local optimization
 it       eps_an        theta_bar      S_d            b             r  2          r  3          r  4          r  5          r  6          r  7          r  8          r  9          r 10          r 11          r 12          r 13          r 14          r 15          r 16          r 17          r 18          r 19         ln lk             grad     status
  0      4.50e-06       0.00100     -400.00000       0.40000       1.00000       1.00000       1.00000       1.00000       1.00000       1.00000       1.00000       1.00000       1.00000       1.00000       1.00000       1.00000       1.00000       1.00000       1.00000       1.00000       1.00000       1.00000  -253097.1468161515   1775.94580   -2
182      4.50e-06       0.00955    -2022.49067       0.16979       0.97532       0.98398       0.98797       0.95749       0.94639       0.96667       0.91285       0.93761       0.90861       0.90609       0.93694       0.90739       0.94687       0.97768       0.91094       0.95737       0.98255       1.08291  -216.9132704613      0.00105   -3
-- Local optimization: stuck in the same solution


---- Best joint likelihood found -216.91327 with gradient 0.00105
-- Model: B
--     eps_an        eps_cont      theta_bar     a        
--    4.50e-06      0.00e+00       0.00955       -1.00000  
--      S_d            b             p_b           S_b      
--  -2022.49067       0.16979      0.00e+00      0.00e+00  
--     r  2          r  3          r  4          r  5          r  6          r  7          r  8          r  9          r 10          r 11          r 12          r 13          r 14          r 15          r 16          r 17          r 18          r 19     
--     0.97532       0.98398       0.98797       0.95749       0.94639       0.96667       0.91285       0.93761       0.90861       0.90609       0.93694       0.90739       0.94687       0.97768       0.91094       0.95737       0.98255       1.08291  

---- Expected P_neut(i), 0 < i < n (neutral SFS per site) 
E[P_neut(1)] = 0.009552
E[P_neut(2)] = 0.004658
E[P_neut(3)] = 0.003133
E[P_neut(4)] = 0.002359
E[P_neut(5)] = 0.001829
E[P_neut(6)] = 0.001507
E[P_neut(7)] = 0.001319
E[P_neut(8)] = 0.001090
E[P_neut(9)] = 0.000995
E[P_neut(10)] = 0.000868
E[P_neut(11)] = 0.000787
E[P_neut(12)] = 0.000746
E[P_neut(13)] = 0.000667
E[P_neut(14)] = 0.000646
E[P_neut(15)] = 0.000623
E[P_neut(16)] = 0.000544
E[P_neut(17)] = 0.000538
E[P_neut(18)] = 0.000521
E[P_neut(19)] = 0.000544

---- Expected P_sel(i), 0 < i < n (selected SFS per site) 
E[P_sel(1)] = 0.003703
E[P_sel(2)] = 0.001521
E[P_sel(3)] = 0.000945
E[P_sel(4)] = 0.000676
E[P_sel(5)] = 0.000505
E[P_sel(6)] = 0.000404
E[P_sel(7)] = 0.000346
E[P_sel(8)] = 0.000280
E[P_sel(9)] = 0.000251
E[P_sel(10)] = 0.000216
E[P_sel(11)] = 0.000193
E[P_sel(12)] = 0.000180
E[P_sel(13)] = 0.000159
E[P_sel(14)] = 0.000153
E[P_sel(15)] = 0.000146
E[P_sel(16)] = 0.000126
E[P_sel(17)] = 0.000124
E[P_sel(18)] = 0.000119
E[P_sel(19)] = 0.000123

---- Expected neutral and selected misattributed polymorphism per site
E[mis_neut] = 0.000478
E[mis_sel] = 0.000107

---- alpha_div = 0.272020
---- alpha_dfe = 0.000000



