---- Performing inference on Ns10_pa_0.005_boots/Ns10_pa_0.005.62.polyDFE.txt using model B

---- Warning: mutation variability is not used when only one neutral and one selected fragment is available.
---- No mutation variability. Using Poisson likelihood.

---- Using provided initial values


-- Starting local optimization
 it       eps_an        eps_cont      lambda        theta_bar      S_d            b             p_b           S_b           r  2          r  3          r  4          r  5          r  6          r  7          r  8          r  9          r 10          r 11          r 12          r 13          r 14          r 15          r 16          r 17          r 18          r 19          r 20         ln lk             grad     status
  0      4.50e-06      9.00e-07       0.00500       0.00100     -400.00000       0.40000       0.02000       4.00000       1.00000       1.00000       1.00000       1.00000       1.00000       1.00000       1.00000       1.00000       1.00000       1.00000       1.00000       1.00000       1.00000       1.00000       1.00000       1.00000       1.00000       1.00000       1.00000  -244576.3315895401   1714.00089   -2
150      4.50e-06      9.00e-07       0.00506       0.00937    -1178.08643       0.19053       0.00516      16.58197       0.99983       0.98885       1.02349       0.97360       1.00474       0.98997       0.95268       0.98274       0.94803       0.96210       0.95723       0.92489       0.93569       0.93421       0.91626       0.99033       0.93145       0.99339       0.94720  -212.5068048864      0.10653   -3
-- Local optimization: stuck in the same solution


---- Best joint likelihood found -212.50680 with gradient 0.10653
-- Model: B
--     eps_an        eps_cont      lambda        theta_bar     a        
--    4.50e-06      9.00e-07       0.00506       0.00937       -1.00000  
--      S_d            b             p_b           S_b      
--  -1178.08643       0.19053       0.00516      16.58197  
--     r  2          r  3          r  4          r  5          r  6          r  7          r  8          r  9          r 10          r 11          r 12          r 13          r 14          r 15          r 16          r 17          r 18          r 19          r 20     
--     0.99983       0.98885       1.02349       0.97360       1.00474       0.98997       0.95268       0.98274       0.94803       0.96210       0.95723       0.92489       0.93569       0.93421       0.91626       0.99033       0.93145       0.99339       0.94720  

---- Expected P_neut(i), 0 < i < n (neutral SFS per site) 
E[P_neut(1)] = 0.009372
E[P_neut(2)] = 0.004685
E[P_neut(3)] = 0.003089
E[P_neut(4)] = 0.002398
E[P_neut(5)] = 0.001825
E[P_neut(6)] = 0.001569
E[P_neut(7)] = 0.001325
E[P_neut(8)] = 0.001116
E[P_neut(9)] = 0.001023
E[P_neut(10)] = 0.000888
E[P_neut(11)] = 0.000820
E[P_neut(12)] = 0.000748
E[P_neut(13)] = 0.000667
E[P_neut(14)] = 0.000626
E[P_neut(15)] = 0.000584
E[P_neut(16)] = 0.000537
E[P_neut(17)] = 0.000546
E[P_neut(18)] = 0.000485
E[P_neut(19)] = 0.000490

---- Expected P_sel(i), 0 < i < n (selected SFS per site) 
E[P_sel(1)] = 0.003699
E[P_sel(2)] = 0.001532
E[P_sel(3)] = 0.000926
E[P_sel(4)] = 0.000680
E[P_sel(5)] = 0.000498
E[P_sel(6)] = 0.000416
E[P_sel(7)] = 0.000343
E[P_sel(8)] = 0.000283
E[P_sel(9)] = 0.000255
E[P_sel(10)] = 0.000219
E[P_sel(11)] = 0.000200
E[P_sel(12)] = 0.000181
E[P_sel(13)] = 0.000161
E[P_sel(14)] = 0.000151
E[P_sel(15)] = 0.000141
E[P_sel(16)] = 0.000130
E[P_sel(17)] = 0.000134
E[P_sel(18)] = 0.000122
E[P_sel(19)] = 0.000128

---- Expected D_neut and D_sel (neutral and selected divergence per site) 
E[D_neut] = 0.005508
E[D_sel] = 0.001617

---- Expected neutral and selected misattributed polymorphism per site
E[mis_neut] = 0.000444
E[mis_sel] = 0.000122

---- alpha_div = 0.290234
---- alpha_dfe = 0.289609



