---- Performing inference on Ns10_pa_0.005_boots/Ns10_pa_0.005.58.polyDFE.txt using model B

---- Warning: mutation variability is not used when only one neutral and one selected fragment is available.
---- No mutation variability. Using Poisson likelihood.

---- Using provided initial values


-- Starting local optimization
 it       eps_an        eps_cont      lambda        theta_bar      S_d            b             p_b           S_b           r  2          r  3          r  4          r  5          r  6          r  7          r  8          r  9          r 10          r 11          r 12          r 13          r 14          r 15          r 16          r 17          r 18          r 19          r 20         ln lk             grad     status
  0      4.50e-06      9.00e-07       0.00500       0.00100     -400.00000       0.40000       0.02000       4.00000       1.00000       1.00000       1.00000       1.00000       1.00000       1.00000       1.00000       1.00000       1.00000       1.00000       1.00000       1.00000       1.00000       1.00000       1.00000       1.00000       1.00000       1.00000       1.00000  -243266.3134861491   1706.90581   -2
305      4.50e-06      9.00e-07       0.00496       0.00942     -794.11190       0.21257       0.01166       9.27581       0.99455       0.98644       1.02035       0.97282       0.98329       0.96067       0.95087       0.93649       0.95576       0.90933       0.94875       0.89330       0.92178       0.96744       0.91499       0.94334       0.92365       0.95333       0.97813  -201.6633465067      0.00421   -3
-- Local optimization: stuck in the same solution


---- Best joint likelihood found -201.66335 with gradient 0.00421
-- Model: B
--     eps_an        eps_cont      lambda        theta_bar     a        
--    4.50e-06      9.00e-07       0.00496       0.00942       -1.00000  
--      S_d            b             p_b           S_b      
--   -794.11190       0.21257       0.01166       9.27581  
--     r  2          r  3          r  4          r  5          r  6          r  7          r  8          r  9          r 10          r 11          r 12          r 13          r 14          r 15          r 16          r 17          r 18          r 19          r 20     
--     0.99455       0.98644       1.02035       0.97282       0.98329       0.96067       0.95087       0.93649       0.95576       0.90933       0.94875       0.89330       0.92178       0.96744       0.91499       0.94334       0.92365       0.95333       0.97813  

---- Expected P_neut(i), 0 < i < n (neutral SFS per site) 
E[P_neut(1)] = 0.009419
E[P_neut(2)] = 0.004684
E[P_neut(3)] = 0.003097
E[P_neut(4)] = 0.002403
E[P_neut(5)] = 0.001833
E[P_neut(6)] = 0.001544
E[P_neut(7)] = 0.001293
E[P_neut(8)] = 0.001119
E[P_neut(9)] = 0.000980
E[P_neut(10)] = 0.000900
E[P_neut(11)] = 0.000779
E[P_neut(12)] = 0.000745
E[P_neut(13)] = 0.000647
E[P_neut(14)] = 0.000620
E[P_neut(15)] = 0.000607
E[P_neut(16)] = 0.000539
E[P_neut(17)] = 0.000523
E[P_neut(18)] = 0.000483
E[P_neut(19)] = 0.000473

---- Expected P_sel(i), 0 < i < n (selected SFS per site) 
E[P_sel(1)] = 0.003752
E[P_sel(2)] = 0.001520
E[P_sel(3)] = 0.000915
E[P_sel(4)] = 0.000670
E[P_sel(5)] = 0.000491
E[P_sel(6)] = 0.000401
E[P_sel(7)] = 0.000328
E[P_sel(8)] = 0.000279
E[P_sel(9)] = 0.000241
E[P_sel(10)] = 0.000220
E[P_sel(11)] = 0.000189
E[P_sel(12)] = 0.000180
E[P_sel(13)] = 0.000157
E[P_sel(14)] = 0.000151
E[P_sel(15)] = 0.000149
E[P_sel(16)] = 0.000134
E[P_sel(17)] = 0.000133
E[P_sel(18)] = 0.000127
E[P_sel(19)] = 0.000128

---- Expected D_neut and D_sel (neutral and selected divergence per site) 
E[D_neut] = 0.005416
E[D_sel] = 0.001627

---- Expected neutral and selected misattributed polymorphism per site
E[mis_neut] = 0.000461
E[mis_sel] = 0.000131

---- alpha_div = 0.358187
---- alpha_dfe = 0.358483



