---- Performing inference on Ns10_pa_0.005_boots/Ns10_pa_0.005.74.polyDFE.txt using model B

---- Warning: mutation variability is not used when only one neutral and one selected fragment is available.
---- No mutation variability. Using Poisson likelihood.

---- Using provided initial values


-- Starting local optimization
 it       eps_an        theta_bar      S_d            b             r  2          r  3          r  4          r  5          r  6          r  7          r  8          r  9          r 10          r 11          r 12          r 13          r 14          r 15          r 16          r 17          r 18          r 19         ln lk             grad     status
  0      4.50e-06       0.00100     -400.00000       0.40000       1.00000       1.00000       1.00000       1.00000       1.00000       1.00000       1.00000       1.00000       1.00000       1.00000       1.00000       1.00000       1.00000       1.00000       1.00000       1.00000       1.00000       1.00000  -252297.3971055758   1773.46106   -2
155      4.50e-06       0.00944    -1515.87227       0.17690       0.98352       0.97041       0.99377       0.95055       0.96358       0.95741       0.93759       0.96050       0.95587       0.91870       0.94171       0.91712       0.96129       0.95583       0.96791       1.00570       1.02224       1.02721  -214.0198505542      0.00110   -3
-- Local optimization: stuck in the same solution


---- Best joint likelihood found -214.01985 with gradient 0.00110
-- Model: B
--     eps_an        eps_cont      theta_bar     a        
--    4.50e-06      0.00e+00       0.00944       -1.00000  
--      S_d            b             p_b           S_b      
--  -1515.87227       0.17690      0.00e+00      0.00e+00  
--     r  2          r  3          r  4          r  5          r  6          r  7          r  8          r  9          r 10          r 11          r 12          r 13          r 14          r 15          r 16          r 17          r 18          r 19     
--     0.98352       0.97041       0.99377       0.95055       0.96358       0.95741       0.93759       0.96050       0.95587       0.91870       0.94171       0.91712       0.96129       0.95583       0.96791       1.00570       1.02224       1.02721  

---- Expected P_neut(i), 0 < i < n (neutral SFS per site) 
E[P_neut(1)] = 0.009438
E[P_neut(2)] = 0.004641
E[P_neut(3)] = 0.003053
E[P_neut(4)] = 0.002345
E[P_neut(5)] = 0.001794
E[P_neut(6)] = 0.001516
E[P_neut(7)] = 0.001291
E[P_neut(8)] = 0.001106
E[P_neut(9)] = 0.001007
E[P_neut(10)] = 0.000902
E[P_neut(11)] = 0.000788
E[P_neut(12)] = 0.000741
E[P_neut(13)] = 0.000666
E[P_neut(14)] = 0.000648
E[P_neut(15)] = 0.000601
E[P_neut(16)] = 0.000571
E[P_neut(17)] = 0.000558
E[P_neut(18)] = 0.000536
E[P_neut(19)] = 0.000510

---- Expected P_sel(i), 0 < i < n (selected SFS per site) 
E[P_sel(1)] = 0.003727
E[P_sel(2)] = 0.001533
E[P_sel(3)] = 0.000928
E[P_sel(4)] = 0.000676
E[P_sel(5)] = 0.000498
E[P_sel(6)] = 0.000408
E[P_sel(7)] = 0.000339
E[P_sel(8)] = 0.000284
E[P_sel(9)] = 0.000254
E[P_sel(10)] = 0.000224
E[P_sel(11)] = 0.000193
E[P_sel(12)] = 0.000179
E[P_sel(13)] = 0.000159
E[P_sel(14)] = 0.000153
E[P_sel(15)] = 0.000141
E[P_sel(16)] = 0.000132
E[P_sel(17)] = 0.000128
E[P_sel(18)] = 0.000122
E[P_sel(19)] = 0.000115

---- Expected neutral and selected misattributed polymorphism per site
E[mis_neut] = 0.000472
E[mis_sel] = 0.000106

---- alpha_div = 0.249648
---- alpha_dfe = 0.000000



