---- Performing inference on Ns10_pa_0.005_boots/Ns10_pa_0.005.0.polyDFE.txt using model B

---- Warning: mutation variability is not used when only one neutral and one selected fragment is available.
---- No mutation variability. Using Poisson likelihood.

---- Using provided initial values


-- Starting local optimization
 it       eps_an        lambda        theta_bar      S_d            b             r  2          r  3          r  4          r  5          r  6          r  7          r  8          r  9          r 10          r 11          r 12          r 13          r 14          r 15          r 16          r 17          r 18          r 19          r 20         ln lk             grad     status
  0      4.50e-06       0.00500       0.00100     -400.00000       0.40000       1.00000       1.00000       1.00000       1.00000       1.00000       1.00000       1.00000       1.00000       1.00000       1.00000       1.00000       1.00000       1.00000       1.00000       1.00000       1.00000       1.00000       1.00000       1.00000  -260340.5712837580   1891.13343   -2
647      4.52e-06       0.00021       0.00964    -7873.14716       0.13471       0.95639       0.95411       0.94873       0.92300       0.92831       0.90093       0.90067       0.90123       0.90362       0.86980       0.88431       0.87878       0.89877       0.90806       0.87102       0.93059       0.94930       1.02887      11.66749  -387.9760383392      0.02237   -6
-- Local optimization: reached maximum running time allowed


---- Best joint likelihood found -387.97604 with gradient 0.02237
-- Model: B
--     eps_an        eps_cont      lambda        theta_bar     a        
--    4.52e-06      0.00e+00       0.00021       0.00964       -1.00000  
--      S_d            b             p_b           S_b      
--  -7873.14716       0.13471      0.00e+00      0.00e+00  
--     r  2          r  3          r  4          r  5          r  6          r  7          r  8          r  9          r 10          r 11          r 12          r 13          r 14          r 15          r 16          r 17          r 18          r 19          r 20     
--     0.95639       0.95411       0.94873       0.92300       0.92831       0.90093       0.90067       0.90123       0.90362       0.86980       0.88431       0.87878       0.89877       0.90806       0.87102       0.93059       0.94930       1.02887      11.66749  

---- Expected P_neut(i), 0 < i < n (neutral SFS per site) 
E[P_neut(1)] = 0.009644
E[P_neut(2)] = 0.004612
E[P_neut(3)] = 0.003067
E[P_neut(4)] = 0.002287
E[P_neut(5)] = 0.001780
E[P_neut(6)] = 0.001492
E[P_neut(7)] = 0.001241
E[P_neut(8)] = 0.001086
E[P_neut(9)] = 0.000966
E[P_neut(10)] = 0.000871
E[P_neut(11)] = 0.000763
E[P_neut(12)] = 0.000711
E[P_neut(13)] = 0.000652
E[P_neut(14)] = 0.000619
E[P_neut(15)] = 0.000584
E[P_neut(16)] = 0.000525
E[P_neut(17)] = 0.000528
E[P_neut(18)] = 0.000509
E[P_neut(19)] = 0.000522

---- Expected P_sel(i), 0 < i < n (selected SFS per site) 
E[P_sel(1)] = 0.003664
E[P_sel(2)] = 0.001531
E[P_sel(3)] = 0.000957
E[P_sel(4)] = 0.000685
E[P_sel(5)] = 0.000518
E[P_sel(6)] = 0.000424
E[P_sel(7)] = 0.000346
E[P_sel(8)] = 0.000298
E[P_sel(9)] = 0.000262
E[P_sel(10)] = 0.000233
E[P_sel(11)] = 0.000202
E[P_sel(12)] = 0.000186
E[P_sel(13)] = 0.000169
E[P_sel(14)] = 0.000159
E[P_sel(15)] = 0.000149
E[P_sel(16)] = 0.000133
E[P_sel(17)] = 0.000133
E[P_sel(18)] = 0.000127
E[P_sel(19)] = 0.000130

---- Expected D_neut and D_sel (neutral and selected divergence per site) 
E[D_neut] = 0.005838
E[D_sel] = 0.001444

---- Expected neutral and selected misattributed polymorphism per site
E[mis_neut] = 0.005626
E[mis_sel] = 0.001392

---- alpha_div = 1.288934
---- alpha_dfe = 0.000000



