---- Performing inference on Ns10_pa_0.005_boots/Ns10_pa_0.005.38.polyDFE.txt using model B

---- Warning: mutation variability is not used when only one neutral and one selected fragment is available.
---- No mutation variability. Using Poisson likelihood.

---- Using provided initial values


-- Starting local optimization
 it       eps_an        theta_bar      S_d            b             r  2          r  3          r  4          r  5          r  6          r  7          r  8          r  9          r 10          r 11          r 12          r 13          r 14          r 15          r 16          r 17          r 18          r 19         ln lk             grad     status
  0      4.50e-06       0.00100     -400.00000       0.40000       1.00000       1.00000       1.00000       1.00000       1.00000       1.00000       1.00000       1.00000       1.00000       1.00000       1.00000       1.00000       1.00000       1.00000       1.00000       1.00000       1.00000       1.00000  -252348.4381933660   1770.65234   -2
125      4.50e-06       0.00957    -1449.26341       0.18030       0.97642       0.97626       0.95289       0.92897       0.96044       0.94456       0.92879       0.94430       0.94115       0.91212       0.91836       0.95119       0.95742       0.92521       0.90225       0.99730       0.96734       1.06768  -226.9675519326      0.00467   -3
-- Local optimization: stuck in the same solution


---- Best joint likelihood found -226.96755 with gradient 0.00467
-- Model: B
--     eps_an        eps_cont      theta_bar     a        
--    4.50e-06      0.00e+00       0.00957       -1.00000  
--      S_d            b             p_b           S_b      
--  -1449.26341       0.18030      0.00e+00      0.00e+00  
--     r  2          r  3          r  4          r  5          r  6          r  7          r  8          r  9          r 10          r 11          r 12          r 13          r 14          r 15          r 16          r 17          r 18          r 19     
--     0.97642       0.97626       0.95289       0.92897       0.96044       0.94456       0.92879       0.94430       0.94115       0.91212       0.91836       0.95119       0.95742       0.92521       0.90225       0.99730       0.96734       1.06768  

---- Expected P_neut(i), 0 < i < n (neutral SFS per site) 
E[P_neut(1)] = 0.009575
E[P_neut(2)] = 0.004674
E[P_neut(3)] = 0.003116
E[P_neut(4)] = 0.002281
E[P_neut(5)] = 0.001779
E[P_neut(6)] = 0.001533
E[P_neut(7)] = 0.001292
E[P_neut(8)] = 0.001112
E[P_neut(9)] = 0.001005
E[P_neut(10)] = 0.000901
E[P_neut(11)] = 0.000794
E[P_neut(12)] = 0.000733
E[P_neut(13)] = 0.000701
E[P_neut(14)] = 0.000655
E[P_neut(15)] = 0.000591
E[P_neut(16)] = 0.000540
E[P_neut(17)] = 0.000562
E[P_neut(18)] = 0.000515
E[P_neut(19)] = 0.000538

---- Expected P_sel(i), 0 < i < n (selected SFS per site) 
E[P_sel(1)] = 0.003757
E[P_sel(2)] = 0.001529
E[P_sel(3)] = 0.000937
E[P_sel(4)] = 0.000650
E[P_sel(5)] = 0.000487
E[P_sel(6)] = 0.000407
E[P_sel(7)] = 0.000334
E[P_sel(8)] = 0.000282
E[P_sel(9)] = 0.000250
E[P_sel(10)] = 0.000220
E[P_sel(11)] = 0.000191
E[P_sel(12)] = 0.000174
E[P_sel(13)] = 0.000165
E[P_sel(14)] = 0.000152
E[P_sel(15)] = 0.000136
E[P_sel(16)] = 0.000123
E[P_sel(17)] = 0.000127
E[P_sel(18)] = 0.000115
E[P_sel(19)] = 0.000119

---- Expected neutral and selected misattributed polymorphism per site
E[mis_neut] = 0.000479
E[mis_sel] = 0.000105

---- alpha_div = 0.291560
---- alpha_dfe = 0.000000



