---- Performing inference on Ns10_pa_0.005_boots/Ns10_pa_0.005.70.polyDFE.txt using model B

---- Warning: mutation variability is not used when only one neutral and one selected fragment is available.
---- No mutation variability. Using Poisson likelihood.

---- Using provided initial values


-- Starting local optimization
 it       eps_an        theta_bar      S_d            b             r  2          r  3          r  4          r  5          r  6          r  7          r  8          r  9          r 10          r 11          r 12          r 13          r 14          r 15          r 16          r 17          r 18          r 19         ln lk             grad     status
  0      4.50e-06       0.00100     -400.00000       0.40000       1.00000       1.00000       1.00000       1.00000       1.00000       1.00000       1.00000       1.00000       1.00000       1.00000       1.00000       1.00000       1.00000       1.00000       1.00000       1.00000       1.00000       1.00000  -254047.5879388916   1781.02892   -2
124      4.50e-06       0.00942    -1095.92207       0.18808       0.99457       0.99215       1.01189       0.96341       0.98961       0.96408       0.93256       0.96993       0.96014       0.93335       0.95805       0.88972       0.94383       0.96741       0.92174       1.02923       1.01164       1.04126  -214.0887044712      0.00526   -3
-- Local optimization: stuck in the same solution


---- Best joint likelihood found -214.08870 with gradient 0.00526
-- Model: B
--     eps_an        eps_cont      theta_bar     a        
--    4.50e-06      0.00e+00       0.00942       -1.00000  
--      S_d            b             p_b           S_b      
--  -1095.92207       0.18808      0.00e+00      0.00e+00  
--     r  2          r  3          r  4          r  5          r  6          r  7          r  8          r  9          r 10          r 11          r 12          r 13          r 14          r 15          r 16          r 17          r 18          r 19     
--     0.99457       0.99215       1.01189       0.96341       0.98961       0.96408       0.93256       0.96993       0.96014       0.93335       0.95805       0.88972       0.94383       0.96741       0.92174       1.02923       1.01164       1.04126  

---- Expected P_neut(i), 0 < i < n (neutral SFS per site) 
E[P_neut(1)] = 0.009419
E[P_neut(2)] = 0.004684
E[P_neut(3)] = 0.003115
E[P_neut(4)] = 0.002383
E[P_neut(5)] = 0.001815
E[P_neut(6)] = 0.001553
E[P_neut(7)] = 0.001297
E[P_neut(8)] = 0.001098
E[P_neut(9)] = 0.001015
E[P_neut(10)] = 0.000904
E[P_neut(11)] = 0.000799
E[P_neut(12)] = 0.000752
E[P_neut(13)] = 0.000645
E[P_neut(14)] = 0.000635
E[P_neut(15)] = 0.000607
E[P_neut(16)] = 0.000543
E[P_neut(17)] = 0.000570
E[P_neut(18)] = 0.000529
E[P_neut(19)] = 0.000516

---- Expected P_sel(i), 0 < i < n (selected SFS per site) 
E[P_sel(1)] = 0.003769
E[P_sel(2)] = 0.001551
E[P_sel(3)] = 0.000944
E[P_sel(4)] = 0.000683
E[P_sel(5)] = 0.000499
E[P_sel(6)] = 0.000414
E[P_sel(7)] = 0.000336
E[P_sel(8)] = 0.000278
E[P_sel(9)] = 0.000252
E[P_sel(10)] = 0.000221
E[P_sel(11)] = 0.000192
E[P_sel(12)] = 0.000179
E[P_sel(13)] = 0.000151
E[P_sel(14)] = 0.000147
E[P_sel(15)] = 0.000139
E[P_sel(16)] = 0.000123
E[P_sel(17)] = 0.000128
E[P_sel(18)] = 0.000118
E[P_sel(19)] = 0.000114

---- Expected neutral and selected misattributed polymorphism per site
E[mis_neut] = 0.000471
E[mis_sel] = 0.000103

---- alpha_div = 0.281193
---- alpha_dfe = 0.000000



