---- Performing inference on Ns10_pa_0.005_boots/Ns10_pa_0.005.2.polyDFE.txt using model B

---- Warning: mutation variability is not used when only one neutral and one selected fragment is available.
---- No mutation variability. Using Poisson likelihood.

---- Using provided initial values


-- Starting local optimization
 it       eps_an        eps_cont      lambda        theta_bar      S_d            b             p_b           S_b           r  2          r  3          r  4          r  5          r  6          r  7          r  8          r  9          r 10          r 11          r 12          r 13          r 14          r 15          r 16          r 17          r 18          r 19          r 20         ln lk             grad     status
  0      4.50e-06      9.00e-07       0.00500       0.00100     -400.00000       0.40000       0.02000       4.00000       1.00000       1.00000       1.00000       1.00000       1.00000       1.00000       1.00000       1.00000       1.00000       1.00000       1.00000       1.00000       1.00000       1.00000       1.00000       1.00000       1.00000       1.00000       1.00000  -243570.3389956492   1708.28355   -2
455      4.50e-06      9.00e-07       0.00502       0.00948    -1208.54236       0.18878       0.00411      20.55250       0.99138       0.98249       0.97296       0.93698       0.98210       0.94585       0.93253       0.94121       0.94047       0.90284       0.93301       0.90618       0.95728       0.93118       0.94216       0.99698       0.91604       1.01438       0.96629  -213.9082158316      0.00284   -3
-- Local optimization: stuck in the same solution


---- Best joint likelihood found -213.90822 with gradient 0.00284
-- Model: B
--     eps_an        eps_cont      lambda        theta_bar     a        
--    4.50e-06      9.00e-07       0.00502       0.00948       -1.00000  
--      S_d            b             p_b           S_b      
--  -1208.54236       0.18878       0.00411      20.55250  
--     r  2          r  3          r  4          r  5          r  6          r  7          r  8          r  9          r 10          r 11          r 12          r 13          r 14          r 15          r 16          r 17          r 18          r 19          r 20     
--     0.99138       0.98249       0.97296       0.93698       0.98210       0.94585       0.93253       0.94121       0.94047       0.90284       0.93301       0.90618       0.95728       0.93118       0.94216       0.99698       0.91604       1.01438       0.96629  

---- Expected P_neut(i), 0 < i < n (neutral SFS per site) 
E[P_neut(1)] = 0.009478
E[P_neut(2)] = 0.004698
E[P_neut(3)] = 0.003104
E[P_neut(4)] = 0.002305
E[P_neut(5)] = 0.001776
E[P_neut(6)] = 0.001551
E[P_neut(7)] = 0.001281
E[P_neut(8)] = 0.001105
E[P_neut(9)] = 0.000991
E[P_neut(10)] = 0.000891
E[P_neut(11)] = 0.000778
E[P_neut(12)] = 0.000737
E[P_neut(13)] = 0.000661
E[P_neut(14)] = 0.000648
E[P_neut(15)] = 0.000588
E[P_neut(16)] = 0.000558
E[P_neut(17)] = 0.000556
E[P_neut(18)] = 0.000482
E[P_neut(19)] = 0.000506

---- Expected P_sel(i), 0 < i < n (selected SFS per site) 
E[P_sel(1)] = 0.003741
E[P_sel(2)] = 0.001538
E[P_sel(3)] = 0.000932
E[P_sel(4)] = 0.000655
E[P_sel(5)] = 0.000485
E[P_sel(6)] = 0.000411
E[P_sel(7)] = 0.000331
E[P_sel(8)] = 0.000280
E[P_sel(9)] = 0.000247
E[P_sel(10)] = 0.000219
E[P_sel(11)] = 0.000189
E[P_sel(12)] = 0.000178
E[P_sel(13)] = 0.000158
E[P_sel(14)] = 0.000155
E[P_sel(15)] = 0.000141
E[P_sel(16)] = 0.000134
E[P_sel(17)] = 0.000135
E[P_sel(18)] = 0.000120
E[P_sel(19)] = 0.000130

---- Expected D_neut and D_sel (neutral and selected divergence per site) 
E[D_neut] = 0.005478
E[D_sel] = 0.001611

---- Expected neutral and selected misattributed polymorphism per site
E[mis_neut] = 0.000458
E[mis_sel] = 0.000124

---- alpha_div = 0.284300
---- alpha_dfe = 0.285167



