---- Performing inference on Ns10_pa_0.005_boots/Ns10_pa_0.005.99.polyDFE.txt using model B

---- Warning: mutation variability is not used when only one neutral and one selected fragment is available.
---- No mutation variability. Using Poisson likelihood.

---- Using provided initial values


-- Starting local optimization
 it       eps_an        eps_cont      lambda        theta_bar      S_d            b             p_b           S_b           r  2          r  3          r  4          r  5          r  6          r  7          r  8          r  9          r 10          r 11          r 12          r 13          r 14          r 15          r 16          r 17          r 18          r 19          r 20         ln lk             grad     status
  0      4.50e-06      9.00e-07       0.00500       0.00100     -400.00000       0.40000       0.02000       4.00000       1.00000       1.00000       1.00000       1.00000       1.00000       1.00000       1.00000       1.00000       1.00000       1.00000       1.00000       1.00000       1.00000       1.00000       1.00000       1.00000       1.00000       1.00000       1.00000  -244312.3986580762   1710.60888   -2
121      4.50e-06      9.00e-07       0.00500       0.00942     -773.29702       0.21111       0.00821      11.77078       0.99722       1.00012       1.01289       0.96234       0.97094       0.95155       0.92914       0.97286       0.95448       0.94744       0.96665       0.96902       0.92759       0.95496       0.91656       0.96904       0.95992       0.97247       0.95091  -210.9002989681      0.26868   -3
-- Local optimization: stuck in the same solution


---- Best joint likelihood found -210.90030 with gradient 0.26868
-- Model: B
--     eps_an        eps_cont      lambda        theta_bar     a        
--    4.50e-06      9.00e-07       0.00500       0.00942       -1.00000  
--      S_d            b             p_b           S_b      
--   -773.29702       0.21111       0.00821      11.77078  
--     r  2          r  3          r  4          r  5          r  6          r  7          r  8          r  9          r 10          r 11          r 12          r 13          r 14          r 15          r 16          r 17          r 18          r 19          r 20     
--     0.99722       1.00012       1.01289       0.96234       0.97094       0.95155       0.92914       0.97286       0.95448       0.94744       0.96665       0.96902       0.92759       0.95496       0.91656       0.96904       0.95992       0.97247       0.95091  

---- Expected P_neut(i), 0 < i < n (neutral SFS per site) 
E[P_neut(1)] = 0.009421
E[P_neut(2)] = 0.004698
E[P_neut(3)] = 0.003141
E[P_neut(4)] = 0.002386
E[P_neut(5)] = 0.001813
E[P_neut(6)] = 0.001525
E[P_neut(7)] = 0.001281
E[P_neut(8)] = 0.001094
E[P_neut(9)] = 0.001018
E[P_neut(10)] = 0.000899
E[P_neut(11)] = 0.000811
E[P_neut(12)] = 0.000759
E[P_neut(13)] = 0.000702
E[P_neut(14)] = 0.000624
E[P_neut(15)] = 0.000600
E[P_neut(16)] = 0.000540
E[P_neut(17)] = 0.000537
E[P_neut(18)] = 0.000502
E[P_neut(19)] = 0.000482

---- Expected P_sel(i), 0 < i < n (selected SFS per site) 
E[P_sel(1)] = 0.003768
E[P_sel(2)] = 0.001530
E[P_sel(3)] = 0.000930
E[P_sel(4)] = 0.000666
E[P_sel(5)] = 0.000485
E[P_sel(6)] = 0.000395
E[P_sel(7)] = 0.000324
E[P_sel(8)] = 0.000271
E[P_sel(9)] = 0.000249
E[P_sel(10)] = 0.000217
E[P_sel(11)] = 0.000194
E[P_sel(12)] = 0.000180
E[P_sel(13)] = 0.000167
E[P_sel(14)] = 0.000148
E[P_sel(15)] = 0.000143
E[P_sel(16)] = 0.000131
E[P_sel(17)] = 0.000132
E[P_sel(18)] = 0.000127
E[P_sel(19)] = 0.000127

---- Expected D_neut and D_sel (neutral and selected divergence per site) 
E[D_neut] = 0.005451
E[D_sel] = 0.001594

---- Expected neutral and selected misattributed polymorphism per site
E[mis_neut] = 0.000448
E[mis_sel] = 0.000123

---- alpha_div = 0.332712
---- alpha_dfe = 0.328862



