---- Performing inference on Ns10_pa_0.005_boots/Ns10_pa_0.005.8.polyDFE.txt using model B

---- Warning: mutation variability is not used when only one neutral and one selected fragment is available.
---- No mutation variability. Using Poisson likelihood.

---- Using provided initial values


-- Starting local optimization
 it       eps_an        eps_cont      theta_bar      S_d            b             p_b           S_b           r  2          r  3          r  4          r  5          r  6          r  7          r  8          r  9          r 10          r 11          r 12          r 13          r 14          r 15          r 16          r 17          r 18          r 19         ln lk             grad     status
  0      4.50e-06      9.00e-07       0.00100     -400.00000       0.40000       0.02000       4.00000       1.00000       1.00000       1.00000       1.00000       1.00000       1.00000       1.00000       1.00000       1.00000       1.00000       1.00000       1.00000       1.00000       1.00000       1.00000       1.00000       1.00000       1.00000  -243784.9094929384   1685.42993   -2
630      4.53e-06      9.00e-07       0.00952    -1144.67160       0.18903       0.00291      34.33651       0.98795       0.98417       0.98244       0.95055       0.96284       0.94544       0.94728       0.93496       0.95237       0.93102       0.94041       0.88762       0.95157       0.90858       0.93535       0.97145       0.98276       0.93594  -192.9909241485      0.00237   -3
-- Local optimization: stuck in the same solution


---- Best joint likelihood found -192.99092 with gradient 0.00237
-- Model: B
--     eps_an        eps_cont      theta_bar     a        
--    4.53e-06      9.00e-07       0.00952       -1.00000  
--      S_d            b             p_b           S_b      
--  -1144.67160       0.18903       0.00291      34.33651  
--     r  2          r  3          r  4          r  5          r  6          r  7          r  8          r  9          r 10          r 11          r 12          r 13          r 14          r 15          r 16          r 17          r 18          r 19     
--     0.98795       0.98417       0.98244       0.95055       0.96284       0.94544       0.94728       0.93496       0.95237       0.93102       0.94041       0.88762       0.95157       0.90858       0.93535       0.97145       0.98276       0.93594  

---- Expected P_neut(i), 0 < i < n (neutral SFS per site) 
E[P_neut(1)] = 0.009524
E[P_neut(2)] = 0.004705
E[P_neut(3)] = 0.003125
E[P_neut(4)] = 0.002339
E[P_neut(5)] = 0.001811
E[P_neut(6)] = 0.001528
E[P_neut(7)] = 0.001286
E[P_neut(8)] = 0.001128
E[P_neut(9)] = 0.000989
E[P_neut(10)] = 0.000907
E[P_neut(11)] = 0.000806
E[P_neut(12)] = 0.000746
E[P_neut(13)] = 0.000650
E[P_neut(14)] = 0.000647
E[P_neut(15)] = 0.000577
E[P_neut(16)] = 0.000557
E[P_neut(17)] = 0.000544
E[P_neut(18)] = 0.000520
E[P_neut(19)] = 0.000469

---- Expected P_sel(i), 0 < i < n (selected SFS per site) 
E[P_sel(1)] = 0.003786
E[P_sel(2)] = 0.001549
E[P_sel(3)] = 0.000943
E[P_sel(4)] = 0.000668
E[P_sel(5)] = 0.000497
E[P_sel(6)] = 0.000407
E[P_sel(7)] = 0.000334
E[P_sel(8)] = 0.000287
E[P_sel(9)] = 0.000247
E[P_sel(10)] = 0.000223
E[P_sel(11)] = 0.000196
E[P_sel(12)] = 0.000180
E[P_sel(13)] = 0.000155
E[P_sel(14)] = 0.000154
E[P_sel(15)] = 0.000137
E[P_sel(16)] = 0.000132
E[P_sel(17)] = 0.000130
E[P_sel(18)] = 0.000127
E[P_sel(19)] = 0.000119

---- Expected neutral and selected misattributed polymorphism per site
E[mis_neut] = 0.000476
E[mis_sel] = 0.000131

---- alpha_div = 0.289255
---- alpha_dfe = 0.318987



