---- Performing inference on Ns10_pa_0.005_boots/Ns10_pa_0.005.55.polyDFE.txt using model B

---- Warning: mutation variability is not used when only one neutral and one selected fragment is available.
---- No mutation variability. Using Poisson likelihood.

---- Using provided initial values


-- Starting local optimization
 it       eps_an        eps_cont      theta_bar      S_d            b             p_b           S_b           r  2          r  3          r  4          r  5          r  6          r  7          r  8          r  9          r 10          r 11          r 12          r 13          r 14          r 15          r 16          r 17          r 18          r 19         ln lk             grad     status
  0      4.50e-06      9.00e-07       0.00100     -400.00000       0.40000       0.02000       4.00000       1.00000       1.00000       1.00000       1.00000       1.00000       1.00000       1.00000       1.00000       1.00000       1.00000       1.00000       1.00000       1.00000       1.00000       1.00000       1.00000       1.00000       1.00000  -243954.7170387023   1684.41193   -2
413      4.50e-06      9.00e-07       0.00949     -888.23718       0.20346       0.00555      31.52476       0.97990       0.98643       1.00706       0.96273       0.99139       0.99010       0.94525       0.94994       0.96612       0.93203       0.97180       0.93497       0.93797       0.95461       0.95820       0.98657       0.94859       0.99411  -216.3160000631      0.00162   -3
-- Local optimization: stuck in the same solution


---- Best joint likelihood found -216.31600 with gradient 0.00162
-- Model: B
--     eps_an        eps_cont      theta_bar     a        
--    4.50e-06      9.00e-07       0.00949       -1.00000  
--      S_d            b             p_b           S_b      
--   -888.23718       0.20346       0.00555      31.52476  
--     r  2          r  3          r  4          r  5          r  6          r  7          r  8          r  9          r 10          r 11          r 12          r 13          r 14          r 15          r 16          r 17          r 18          r 19     
--     0.97990       0.98643       1.00706       0.96273       0.99139       0.99010       0.94525       0.94994       0.96612       0.93203       0.97180       0.93497       0.93797       0.95461       0.95820       0.98657       0.94859       0.99411  

---- Expected P_neut(i), 0 < i < n (neutral SFS per site) 
E[P_neut(1)] = 0.009493
E[P_neut(2)] = 0.004651
E[P_neut(3)] = 0.003121
E[P_neut(4)] = 0.002390
E[P_neut(5)] = 0.001828
E[P_neut(6)] = 0.001569
E[P_neut(7)] = 0.001343
E[P_neut(8)] = 0.001122
E[P_neut(9)] = 0.001002
E[P_neut(10)] = 0.000917
E[P_neut(11)] = 0.000804
E[P_neut(12)] = 0.000769
E[P_neut(13)] = 0.000683
E[P_neut(14)] = 0.000636
E[P_neut(15)] = 0.000604
E[P_neut(16)] = 0.000569
E[P_neut(17)] = 0.000551
E[P_neut(18)] = 0.000500
E[P_neut(19)] = 0.000497

---- Expected P_sel(i), 0 < i < n (selected SFS per site) 
E[P_sel(1)] = 0.003774
E[P_sel(2)] = 0.001513
E[P_sel(3)] = 0.000925
E[P_sel(4)] = 0.000668
E[P_sel(5)] = 0.000490
E[P_sel(6)] = 0.000408
E[P_sel(7)] = 0.000340
E[P_sel(8)] = 0.000278
E[P_sel(9)] = 0.000245
E[P_sel(10)] = 0.000221
E[P_sel(11)] = 0.000192
E[P_sel(12)] = 0.000182
E[P_sel(13)] = 0.000161
E[P_sel(14)] = 0.000150
E[P_sel(15)] = 0.000143
E[P_sel(16)] = 0.000136
E[P_sel(17)] = 0.000135
E[P_sel(18)] = 0.000128
E[P_sel(19)] = 0.000136

---- Expected neutral and selected misattributed polymorphism per site
E[mis_neut] = 0.000475
E[mis_sel] = 0.000147

---- alpha_div = 0.314337
---- alpha_dfe = 0.463729



