---- Performing inference on Ns10_pa_0.005_boots/Ns10_pa_0.005.10.polyDFE.txt using model B

---- Warning: mutation variability is not used when only one neutral and one selected fragment is available.
---- No mutation variability. Using Poisson likelihood.

---- Using provided initial values


-- Starting local optimization
 it       eps_an        theta_bar      S_d            b             r  2          r  3          r  4          r  5          r  6          r  7          r  8          r  9          r 10          r 11          r 12          r 13          r 14          r 15          r 16          r 17          r 18          r 19         ln lk             grad     status
  0      4.50e-06       0.00100     -400.00000       0.40000       1.00000       1.00000       1.00000       1.00000       1.00000       1.00000       1.00000       1.00000       1.00000       1.00000       1.00000       1.00000       1.00000       1.00000       1.00000       1.00000       1.00000       1.00000  -253878.9644433267   1781.34929   -2
165      4.50e-06       0.00946    -1377.71994       0.17943       0.97710       0.98324       0.98024       0.96397       0.99651       0.95569       0.92775       0.94406       0.95405       0.91468       0.95867       0.91859       0.96505       0.97723       0.94467       0.94902       0.98930       1.05620  -221.2115952221      0.01123   -3
-- Local optimization: stuck in the same solution


---- Best joint likelihood found -221.21160 with gradient 0.01123
-- Model: B
--     eps_an        eps_cont      theta_bar     a        
--    4.50e-06      0.00e+00       0.00946       -1.00000  
--      S_d            b             p_b           S_b      
--  -1377.71994       0.17943      0.00e+00      0.00e+00  
--     r  2          r  3          r  4          r  5          r  6          r  7          r  8          r  9          r 10          r 11          r 12          r 13          r 14          r 15          r 16          r 17          r 18          r 19     
--     0.97710       0.98324       0.98024       0.96397       0.99651       0.95569       0.92775       0.94406       0.95405       0.91468       0.95867       0.91859       0.96505       0.97723       0.94467       0.94902       0.98930       1.05620  

---- Expected P_neut(i), 0 < i < n (neutral SFS per site) 
E[P_neut(1)] = 0.009460
E[P_neut(2)] = 0.004622
E[P_neut(3)] = 0.003100
E[P_neut(4)] = 0.002318
E[P_neut(5)] = 0.001824
E[P_neut(6)] = 0.001571
E[P_neut(7)] = 0.001292
E[P_neut(8)] = 0.001097
E[P_neut(9)] = 0.000992
E[P_neut(10)] = 0.000903
E[P_neut(11)] = 0.000787
E[P_neut(12)] = 0.000756
E[P_neut(13)] = 0.000668
E[P_neut(14)] = 0.000652
E[P_neut(15)] = 0.000616
E[P_neut(16)] = 0.000559
E[P_neut(17)] = 0.000528
E[P_neut(18)] = 0.000520
E[P_neut(19)] = 0.000526

---- Expected P_sel(i), 0 < i < n (selected SFS per site) 
E[P_sel(1)] = 0.003758
E[P_sel(2)] = 0.001533
E[P_sel(3)] = 0.000945
E[P_sel(4)] = 0.000670
E[P_sel(5)] = 0.000507
E[P_sel(6)] = 0.000423
E[P_sel(7)] = 0.000339
E[P_sel(8)] = 0.000282
E[P_sel(9)] = 0.000250
E[P_sel(10)] = 0.000224
E[P_sel(11)] = 0.000192
E[P_sel(12)] = 0.000182
E[P_sel(13)] = 0.000159
E[P_sel(14)] = 0.000154
E[P_sel(15)] = 0.000144
E[P_sel(16)] = 0.000129
E[P_sel(17)] = 0.000121
E[P_sel(18)] = 0.000118
E[P_sel(19)] = 0.000119

---- Expected neutral and selected misattributed polymorphism per site
E[mis_neut] = 0.000473
E[mis_sel] = 0.000106

---- alpha_div = 0.264524
---- alpha_dfe = 0.000000



