---- Performing inference on Ns10_pa_0.005_boots/Ns10_pa_0.005.84.polyDFE.txt using model B

---- Warning: mutation variability is not used when only one neutral and one selected fragment is available.
---- No mutation variability. Using Poisson likelihood.

---- Using provided initial values


-- Starting local optimization
 it       eps_an        eps_cont      lambda        theta_bar      S_d            b             p_b           S_b           r  2          r  3          r  4          r  5          r  6          r  7          r  8          r  9          r 10          r 11          r 12          r 13          r 14          r 15          r 16          r 17          r 18          r 19          r 20         ln lk             grad     status
  0      4.50e-06      9.00e-07       0.00500       0.00100     -400.00000       0.40000       0.02000       4.00000       1.00000       1.00000       1.00000       1.00000       1.00000       1.00000       1.00000       1.00000       1.00000       1.00000       1.00000       1.00000       1.00000       1.00000       1.00000       1.00000       1.00000       1.00000       1.00000  -242601.5775184808   1701.33301   -2
165      4.50e-06      9.00e-07       0.00496       0.00948     -854.06445       0.20834       0.00796      12.58899       0.98634       1.00117       1.00191       0.94658       0.97908       0.93785       0.93142       0.95237       0.93426       0.91422       0.94507       0.90178       0.91372       0.94645       0.89680       0.99720       0.95905       1.00542       0.99189  -211.9771374479      0.02248   -3
-- Local optimization: stuck in the same solution


---- Best joint likelihood found -211.97714 with gradient 0.02248
-- Model: B
--     eps_an        eps_cont      lambda        theta_bar     a        
--    4.50e-06      9.00e-07       0.00496       0.00948       -1.00000  
--      S_d            b             p_b           S_b      
--   -854.06445       0.20834       0.00796      12.58899  
--     r  2          r  3          r  4          r  5          r  6          r  7          r  8          r  9          r 10          r 11          r 12          r 13          r 14          r 15          r 16          r 17          r 18          r 19          r 20     
--     0.98634       1.00117       1.00191       0.94658       0.97908       0.93785       0.93142       0.95237       0.93426       0.91422       0.94507       0.90178       0.91372       0.94645       0.89680       0.99720       0.95905       1.00542       0.99189  

---- Expected P_neut(i), 0 < i < n (neutral SFS per site) 
E[P_neut(1)] = 0.009482
E[P_neut(2)] = 0.004676
E[P_neut(3)] = 0.003164
E[P_neut(4)] = 0.002375
E[P_neut(5)] = 0.001795
E[P_neut(6)] = 0.001547
E[P_neut(7)] = 0.001270
E[P_neut(8)] = 0.001104
E[P_neut(9)] = 0.001003
E[P_neut(10)] = 0.000886
E[P_neut(11)] = 0.000788
E[P_neut(12)] = 0.000747
E[P_neut(13)] = 0.000658
E[P_neut(14)] = 0.000619
E[P_neut(15)] = 0.000598
E[P_neut(16)] = 0.000531
E[P_neut(17)] = 0.000556
E[P_neut(18)] = 0.000505
E[P_neut(19)] = 0.000502

---- Expected P_sel(i), 0 < i < n (selected SFS per site) 
E[P_sel(1)] = 0.003752
E[P_sel(2)] = 0.001509
E[P_sel(3)] = 0.000930
E[P_sel(4)] = 0.000658
E[P_sel(5)] = 0.000477
E[P_sel(6)] = 0.000399
E[P_sel(7)] = 0.000319
E[P_sel(8)] = 0.000272
E[P_sel(9)] = 0.000244
E[P_sel(10)] = 0.000213
E[P_sel(11)] = 0.000187
E[P_sel(12)] = 0.000177
E[P_sel(13)] = 0.000155
E[P_sel(14)] = 0.000146
E[P_sel(15)] = 0.000142
E[P_sel(16)] = 0.000128
E[P_sel(17)] = 0.000137
E[P_sel(18)] = 0.000128
E[P_sel(19)] = 0.000132

---- Expected D_neut and D_sel (neutral and selected divergence per site) 
E[D_neut] = 0.005434
E[D_sel] = 0.001605

---- Expected neutral and selected misattributed polymorphism per site
E[mis_neut] = 0.000470
E[mis_sel] = 0.000130

---- alpha_div = 0.334682
---- alpha_dfe = 0.337211



