---- Performing inference on Ns10_pa_0.005_boots/Ns10_pa_0.005.90.polyDFE.txt using model B

---- Warning: mutation variability is not used when only one neutral and one selected fragment is available.
---- No mutation variability. Using Poisson likelihood.

---- Using provided initial values


-- Starting local optimization
 it       eps_an        theta_bar      S_d            b             r  2          r  3          r  4          r  5          r  6          r  7          r  8          r  9          r 10          r 11          r 12          r 13          r 14          r 15          r 16          r 17          r 18          r 19         ln lk             grad     status
  0      4.50e-06       0.00100     -400.00000       0.40000       1.00000       1.00000       1.00000       1.00000       1.00000       1.00000       1.00000       1.00000       1.00000       1.00000       1.00000       1.00000       1.00000       1.00000       1.00000       1.00000       1.00000       1.00000  -253619.1313676376   1779.33794   -2
154      4.50e-06       0.00951    -1760.85458       0.17286       0.97859       0.97790       0.98629       0.92995       0.98688       0.94690       0.95683       0.95546       0.94365       0.90761       0.91893       0.92913       0.87778       0.96436       0.95172       0.99282       0.98783       1.09012  -216.6779106379      0.00169   -3
-- Local optimization: stuck in the same solution


---- Best joint likelihood found -216.67791 with gradient 0.00169
-- Model: B
--     eps_an        eps_cont      theta_bar     a        
--    4.50e-06      0.00e+00       0.00951       -1.00000  
--      S_d            b             p_b           S_b      
--  -1760.85458       0.17286      0.00e+00      0.00e+00  
--     r  2          r  3          r  4          r  5          r  6          r  7          r  8          r  9          r 10          r 11          r 12          r 13          r 14          r 15          r 16          r 17          r 18          r 19     
--     0.97859       0.97790       0.98629       0.92995       0.98688       0.94690       0.95683       0.95546       0.94365       0.90761       0.91893       0.92913       0.87778       0.96436       0.95172       0.99282       0.98783       1.09012  

---- Expected P_neut(i), 0 < i < n (neutral SFS per site) 
E[P_neut(1)] = 0.009513
E[P_neut(2)] = 0.004655
E[P_neut(3)] = 0.003101
E[P_neut(4)] = 0.002346
E[P_neut(5)] = 0.001769
E[P_neut(6)] = 0.001565
E[P_neut(7)] = 0.001287
E[P_neut(8)] = 0.001138
E[P_neut(9)] = 0.001010
E[P_neut(10)] = 0.000898
E[P_neut(11)] = 0.000785
E[P_neut(12)] = 0.000729
E[P_neut(13)] = 0.000680
E[P_neut(14)] = 0.000596
E[P_neut(15)] = 0.000612
E[P_neut(16)] = 0.000566
E[P_neut(17)] = 0.000556
E[P_neut(18)] = 0.000522
E[P_neut(19)] = 0.000546

---- Expected P_sel(i), 0 < i < n (selected SFS per site) 
E[P_sel(1)] = 0.003724
E[P_sel(2)] = 0.001531
E[P_sel(3)] = 0.000940
E[P_sel(4)] = 0.000675
E[P_sel(5)] = 0.000491
E[P_sel(6)] = 0.000421
E[P_sel(7)] = 0.000338
E[P_sel(8)] = 0.000293
E[P_sel(9)] = 0.000255
E[P_sel(10)] = 0.000223
E[P_sel(11)] = 0.000193
E[P_sel(12)] = 0.000176
E[P_sel(13)] = 0.000163
E[P_sel(14)] = 0.000141
E[P_sel(15)] = 0.000143
E[P_sel(16)] = 0.000132
E[P_sel(17)] = 0.000128
E[P_sel(18)] = 0.000119
E[P_sel(19)] = 0.000124

---- Expected neutral and selected misattributed polymorphism per site
E[mis_neut] = 0.000476
E[mis_sel] = 0.000107

---- alpha_div = 0.269783
---- alpha_dfe = 0.000000



