---- Performing inference on Ns10_pa_0.005_boots/Ns10_pa_0.005.16.polyDFE.txt using model B

---- Warning: mutation variability is not used when only one neutral and one selected fragment is available.
---- No mutation variability. Using Poisson likelihood.

---- Using provided initial values


-- Starting local optimization
 it       eps_an        theta_bar      S_d            b             r  2          r  3          r  4          r  5          r  6          r  7          r  8          r  9          r 10          r 11          r 12          r 13          r 14          r 15          r 16          r 17          r 18          r 19         ln lk             grad     status
  0      4.50e-06       0.00100     -400.00000       0.40000       1.00000       1.00000       1.00000       1.00000       1.00000       1.00000       1.00000       1.00000       1.00000       1.00000       1.00000       1.00000       1.00000       1.00000       1.00000       1.00000       1.00000       1.00000  -252313.4777540310   1772.66929   -2
158      4.50e-06       0.00951    -1606.34125       0.17564       0.97850       0.97418       0.96889       0.95867       0.95942       0.94990       0.91603       0.93513       0.95184       0.91457       0.94958       0.90181       0.93868       0.99287       0.88709       1.01036       0.97118       1.05314  -214.2120577252      0.00098   -3
-- Local optimization: stuck in the same solution


---- Best joint likelihood found -214.21206 with gradient 0.00098
-- Model: B
--     eps_an        eps_cont      theta_bar     a        
--    4.50e-06      0.00e+00       0.00951       -1.00000  
--      S_d            b             p_b           S_b      
--  -1606.34125       0.17564      0.00e+00      0.00e+00  
--     r  2          r  3          r  4          r  5          r  6          r  7          r  8          r  9          r 10          r 11          r 12          r 13          r 14          r 15          r 16          r 17          r 18          r 19     
--     0.97850       0.97418       0.96889       0.95867       0.95942       0.94990       0.91603       0.93513       0.95184       0.91457       0.94958       0.90181       0.93868       0.99287       0.88709       1.01036       0.97118       1.05314  

---- Expected P_neut(i), 0 < i < n (neutral SFS per site) 
E[P_neut(1)] = 0.009506
E[P_neut(2)] = 0.004651
E[P_neut(3)] = 0.003087
E[P_neut(4)] = 0.002303
E[P_neut(5)] = 0.001823
E[P_neut(6)] = 0.001520
E[P_neut(7)] = 0.001290
E[P_neut(8)] = 0.001088
E[P_neut(9)] = 0.000988
E[P_neut(10)] = 0.000905
E[P_neut(11)] = 0.000790
E[P_neut(12)] = 0.000752
E[P_neut(13)] = 0.000659
E[P_neut(14)] = 0.000637
E[P_neut(15)] = 0.000629
E[P_neut(16)] = 0.000527
E[P_neut(17)] = 0.000565
E[P_neut(18)] = 0.000513
E[P_neut(19)] = 0.000527

---- Expected P_sel(i), 0 < i < n (selected SFS per site) 
E[P_sel(1)] = 0.003735
E[P_sel(2)] = 0.001531
E[P_sel(3)] = 0.000936
E[P_sel(4)] = 0.000662
E[P_sel(5)] = 0.000504
E[P_sel(6)] = 0.000408
E[P_sel(7)] = 0.000338
E[P_sel(8)] = 0.000279
E[P_sel(9)] = 0.000249
E[P_sel(10)] = 0.000224
E[P_sel(11)] = 0.000193
E[P_sel(12)] = 0.000182
E[P_sel(13)] = 0.000157
E[P_sel(14)] = 0.000150
E[P_sel(15)] = 0.000147
E[P_sel(16)] = 0.000122
E[P_sel(17)] = 0.000130
E[P_sel(18)] = 0.000117
E[P_sel(19)] = 0.000119

---- Expected neutral and selected misattributed polymorphism per site
E[mis_neut] = 0.000475
E[mis_sel] = 0.000106

---- alpha_div = 0.282826
---- alpha_dfe = 0.000000



