---- Performing inference on Ns10_pa_0.005_boots/Ns10_pa_0.005.57.polyDFE.txt using model B

---- Warning: mutation variability is not used when only one neutral and one selected fragment is available.
---- No mutation variability. Using Poisson likelihood.

---- Using provided initial values


-- Starting local optimization
 it       eps_an        theta_bar      S_d            b             r  2          r  3          r  4          r  5          r  6          r  7          r  8          r  9          r 10          r 11          r 12          r 13          r 14          r 15          r 16          r 17          r 18          r 19         ln lk             grad     status
  0      4.50e-06       0.00100     -400.00000       0.40000       1.00000       1.00000       1.00000       1.00000       1.00000       1.00000       1.00000       1.00000       1.00000       1.00000       1.00000       1.00000       1.00000       1.00000       1.00000       1.00000       1.00000       1.00000  -253981.1725131708   1779.97328   -2
120      4.50e-06       0.00953    -1457.58637       0.17943       0.98315       0.97873       0.99457       0.95944       0.95231       0.93076       0.94187       0.93460       0.94035       0.94238       0.91167       0.91885       0.92636       0.99191       0.98293       1.03801       0.98909       1.01723  -207.0406845832      0.00310   -3
-- Local optimization: stuck in the same solution


---- Best joint likelihood found -207.04068 with gradient 0.00310
-- Model: B
--     eps_an        eps_cont      theta_bar     a        
--    4.50e-06      0.00e+00       0.00953       -1.00000  
--      S_d            b             p_b           S_b      
--  -1457.58637       0.17943      0.00e+00      0.00e+00  
--     r  2          r  3          r  4          r  5          r  6          r  7          r  8          r  9          r 10          r 11          r 12          r 13          r 14          r 15          r 16          r 17          r 18          r 19     
--     0.98315       0.97873       0.99457       0.95944       0.95231       0.93076       0.94187       0.93460       0.94035       0.94238       0.91167       0.91885       0.92636       0.99191       0.98293       1.03801       0.98909       1.01723  

---- Expected P_neut(i), 0 < i < n (neutral SFS per site) 
E[P_neut(1)] = 0.009526
E[P_neut(2)] = 0.004683
E[P_neut(3)] = 0.003108
E[P_neut(4)] = 0.002369
E[P_neut(5)] = 0.001828
E[P_neut(6)] = 0.001512
E[P_neut(7)] = 0.001267
E[P_neut(8)] = 0.001122
E[P_neut(9)] = 0.000989
E[P_neut(10)] = 0.000896
E[P_neut(11)] = 0.000816
E[P_neut(12)] = 0.000724
E[P_neut(13)] = 0.000673
E[P_neut(14)] = 0.000630
E[P_neut(15)] = 0.000630
E[P_neut(16)] = 0.000585
E[P_neut(17)] = 0.000582
E[P_neut(18)] = 0.000523
E[P_neut(19)] = 0.000510

---- Expected P_sel(i), 0 < i < n (selected SFS per site) 
E[P_sel(1)] = 0.003748
E[P_sel(2)] = 0.001537
E[P_sel(3)] = 0.000938
E[P_sel(4)] = 0.000677
E[P_sel(5)] = 0.000503
E[P_sel(6)] = 0.000403
E[P_sel(7)] = 0.000329
E[P_sel(8)] = 0.000285
E[P_sel(9)] = 0.000247
E[P_sel(10)] = 0.000220
E[P_sel(11)] = 0.000198
E[P_sel(12)] = 0.000173
E[P_sel(13)] = 0.000159
E[P_sel(14)] = 0.000147
E[P_sel(15)] = 0.000146
E[P_sel(16)] = 0.000134
E[P_sel(17)] = 0.000132
E[P_sel(18)] = 0.000118
E[P_sel(19)] = 0.000114

---- Expected neutral and selected misattributed polymorphism per site
E[mis_neut] = 0.000476
E[mis_sel] = 0.000105

---- alpha_div = 0.284750
---- alpha_dfe = 0.000000



