---- Performing inference on Ns10_pa_0.005_boots/Ns10_pa_0.005.85.polyDFE.txt using model B

---- Warning: mutation variability is not used when only one neutral and one selected fragment is available.
---- No mutation variability. Using Poisson likelihood.

---- Using provided initial values


-- Starting local optimization
 it       eps_an        eps_cont      theta_bar      S_d            b             p_b           S_b           r  2          r  3          r  4          r  5          r  6          r  7          r  8          r  9          r 10          r 11          r 12          r 13          r 14          r 15          r 16          r 17          r 18          r 19         ln lk             grad     status
  0      4.50e-06      9.00e-07       0.00100     -400.00000       0.40000       0.02000       4.00000       1.00000       1.00000       1.00000       1.00000       1.00000       1.00000       1.00000       1.00000       1.00000       1.00000       1.00000       1.00000       1.00000       1.00000       1.00000       1.00000       1.00000       1.00000  -243521.3606362819   1682.92334   -2
274      4.50e-06      9.00e-07       0.00951     -993.06972       0.19974       0.00721       9.07402       0.98839       0.99853       0.99031       0.96691       0.97132       0.95477       0.96155       0.97688       0.93000       0.92834       0.96538       0.90075       0.89907       0.94224       0.91665       0.97942       1.00265       0.96199  -194.0747275753      0.00647   -3
-- Local optimization: stuck in the same solution


---- Best joint likelihood found -194.07473 with gradient 0.00647
-- Model: B
--     eps_an        eps_cont      theta_bar     a        
--    4.50e-06      9.00e-07       0.00951       -1.00000  
--      S_d            b             p_b           S_b      
--   -993.06972       0.19974       0.00721       9.07402  
--     r  2          r  3          r  4          r  5          r  6          r  7          r  8          r  9          r 10          r 11          r 12          r 13          r 14          r 15          r 16          r 17          r 18          r 19     
--     0.98839       0.99853       0.99031       0.96691       0.97132       0.95477       0.96155       0.97688       0.93000       0.92834       0.96538       0.90075       0.89907       0.94224       0.91665       0.97942       1.00265       0.96199  

---- Expected P_neut(i), 0 < i < n (neutral SFS per site) 
E[P_neut(1)] = 0.009511
E[P_neut(2)] = 0.004700
E[P_neut(3)] = 0.003166
E[P_neut(4)] = 0.002355
E[P_neut(5)] = 0.001839
E[P_neut(6)] = 0.001540
E[P_neut(7)] = 0.001297
E[P_neut(8)] = 0.001143
E[P_neut(9)] = 0.001032
E[P_neut(10)] = 0.000885
E[P_neut(11)] = 0.000803
E[P_neut(12)] = 0.000765
E[P_neut(13)] = 0.000659
E[P_neut(14)] = 0.000611
E[P_neut(15)] = 0.000597
E[P_neut(16)] = 0.000545
E[P_neut(17)] = 0.000548
E[P_neut(18)] = 0.000530
E[P_neut(19)] = 0.000482

---- Expected P_sel(i), 0 < i < n (selected SFS per site) 
E[P_sel(1)] = 0.003760
E[P_sel(2)] = 0.001528
E[P_sel(3)] = 0.000940
E[P_sel(4)] = 0.000661
E[P_sel(5)] = 0.000496
E[P_sel(6)] = 0.000403
E[P_sel(7)] = 0.000331
E[P_sel(8)] = 0.000286
E[P_sel(9)] = 0.000255
E[P_sel(10)] = 0.000216
E[P_sel(11)] = 0.000194
E[P_sel(12)] = 0.000183
E[P_sel(13)] = 0.000157
E[P_sel(14)] = 0.000146
E[P_sel(15)] = 0.000143
E[P_sel(16)] = 0.000131
E[P_sel(17)] = 0.000133
E[P_sel(18)] = 0.000131
E[P_sel(19)] = 0.000121

---- Expected neutral and selected misattributed polymorphism per site
E[mis_neut] = 0.000476
E[mis_sel] = 0.000123

---- alpha_div = 0.312556
---- alpha_dfe = 0.244040



