---- Performing inference on Ns10_pa_0.005_boots/Ns10_pa_0.005.32.polyDFE.txt using model B

---- Warning: mutation variability is not used when only one neutral and one selected fragment is available.
---- No mutation variability. Using Poisson likelihood.

---- Using provided initial values


-- Starting local optimization
 it       eps_an        lambda        theta_bar      S_d            b             r  2          r  3          r  4          r  5          r  6          r  7          r  8          r  9          r 10          r 11          r 12          r 13          r 14          r 15          r 16          r 17          r 18          r 19          r 20         ln lk             grad     status
  0      4.50e-06       0.00500       0.00100     -400.00000       0.40000       1.00000       1.00000       1.00000       1.00000       1.00000       1.00000       1.00000       1.00000       1.00000       1.00000       1.00000       1.00000       1.00000       1.00000       1.00000       1.00000       1.00000       1.00000       1.00000  -261348.9355963985   1899.37926   -2
639      4.53e-06       0.00007       0.00967   -10016.06821       0.12976       0.96857       0.94124       0.94403       0.91482       0.92518       0.90703       0.89576       0.89311       0.87081       0.85434       0.86145       0.88675       0.88884       0.90028       0.87374       0.90393       0.90371       0.97656      11.99071  -376.6481852535      0.03987   -6
-- Local optimization: reached maximum running time allowed


---- Best joint likelihood found -376.64819 with gradient 0.03987
-- Model: B
--     eps_an        eps_cont      lambda        theta_bar     a        
--    4.53e-06      0.00e+00       0.00007       0.00967       -1.00000  
--      S_d            b             p_b           S_b      
-- -10016.06821       0.12976      0.00e+00      0.00e+00  
--     r  2          r  3          r  4          r  5          r  6          r  7          r  8          r  9          r 10          r 11          r 12          r 13          r 14          r 15          r 16          r 17          r 18          r 19          r 20     
--     0.96857       0.94124       0.94403       0.91482       0.92518       0.90703       0.89576       0.89311       0.87081       0.85434       0.86145       0.88675       0.88884       0.90028       0.87374       0.90393       0.90371       0.97656      11.99071  

---- Expected P_neut(i), 0 < i < n (neutral SFS per site) 
E[P_neut(1)] = 0.009673
E[P_neut(2)] = 0.004685
E[P_neut(3)] = 0.003035
E[P_neut(4)] = 0.002283
E[P_neut(5)] = 0.001770
E[P_neut(6)] = 0.001492
E[P_neut(7)] = 0.001253
E[P_neut(8)] = 0.001083
E[P_neut(9)] = 0.000960
E[P_neut(10)] = 0.000842
E[P_neut(11)] = 0.000751
E[P_neut(12)] = 0.000694
E[P_neut(13)] = 0.000660
E[P_neut(14)] = 0.000614
E[P_neut(15)] = 0.000581
E[P_neut(16)] = 0.000528
E[P_neut(17)] = 0.000514
E[P_neut(18)] = 0.000486
E[P_neut(19)] = 0.000497

---- Expected P_sel(i), 0 < i < n (selected SFS per site) 
E[P_sel(1)] = 0.003672
E[P_sel(2)] = 0.001562
E[P_sel(3)] = 0.000953
E[P_sel(4)] = 0.000690
E[P_sel(5)] = 0.000520
E[P_sel(6)] = 0.000429
E[P_sel(7)] = 0.000354
E[P_sel(8)] = 0.000301
E[P_sel(9)] = 0.000263
E[P_sel(10)] = 0.000228
E[P_sel(11)] = 0.000201
E[P_sel(12)] = 0.000184
E[P_sel(13)] = 0.000174
E[P_sel(14)] = 0.000160
E[P_sel(15)] = 0.000150
E[P_sel(16)] = 0.000136
E[P_sel(17)] = 0.000131
E[P_sel(18)] = 0.000123
E[P_sel(19)] = 0.000126

---- Expected D_neut and D_sel (neutral and selected divergence per site) 
E[D_neut] = 0.005867
E[D_sel] = 0.001473

---- Expected neutral and selected misattributed polymorphism per site
E[mis_neut] = 0.005799
E[mis_sel] = 0.001457

---- alpha_div = 1.564853
---- alpha_dfe = 0.000000



