---- Performing inference on Ns10_pa_0.005_boots/Ns10_pa_0.005.25.polyDFE.txt using model B

---- Warning: mutation variability is not used when only one neutral and one selected fragment is available.
---- No mutation variability. Using Poisson likelihood.

---- Using provided initial values


-- Starting local optimization
 it       eps_an        lambda        theta_bar      S_d            b             r  2          r  3          r  4          r  5          r  6          r  7          r  8          r  9          r 10          r 11          r 12          r 13          r 14          r 15          r 16          r 17          r 18          r 19          r 20         ln lk             grad     status
  0      4.50e-06       0.00500       0.00100     -400.00000       0.40000       1.00000       1.00000       1.00000       1.00000       1.00000       1.00000       1.00000       1.00000       1.00000       1.00000       1.00000       1.00000       1.00000       1.00000       1.00000       1.00000       1.00000       1.00000       1.00000  -259867.8100488111   1891.82819   -2
674      4.53e-06       0.00006       0.00959    -5481.42671       0.13996       0.95523       0.95407       0.94351       0.90607       0.92464       0.90057       0.89871       0.89989       0.90437       0.84994       0.89523       0.87037       0.88666       0.90387       0.89808       0.91309       0.96054       1.00510      12.19442  -347.5431724209      0.15066   -6
-- Local optimization: reached maximum running time allowed


---- Best joint likelihood found -347.54317 with gradient 0.15066
-- Model: B
--     eps_an        eps_cont      lambda        theta_bar     a        
--    4.53e-06      0.00e+00       0.00006       0.00959       -1.00000  
--      S_d            b             p_b           S_b      
--  -5481.42671       0.13996      0.00e+00      0.00e+00  
--     r  2          r  3          r  4          r  5          r  6          r  7          r  8          r  9          r 10          r 11          r 12          r 13          r 14          r 15          r 16          r 17          r 18          r 19          r 20     
--     0.95523       0.95407       0.94351       0.90607       0.92464       0.90057       0.89871       0.89989       0.90437       0.84994       0.89523       0.87037       0.88666       0.90387       0.89808       0.91309       0.96054       1.00510      12.19442  

---- Expected P_neut(i), 0 < i < n (neutral SFS per site) 
E[P_neut(1)] = 0.009593
E[P_neut(2)] = 0.004582
E[P_neut(3)] = 0.003051
E[P_neut(4)] = 0.002263
E[P_neut(5)] = 0.001738
E[P_neut(6)] = 0.001478
E[P_neut(7)] = 0.001234
E[P_neut(8)] = 0.001078
E[P_neut(9)] = 0.000959
E[P_neut(10)] = 0.000868
E[P_neut(11)] = 0.000741
E[P_neut(12)] = 0.000716
E[P_neut(13)] = 0.000642
E[P_neut(14)] = 0.000608
E[P_neut(15)] = 0.000578
E[P_neut(16)] = 0.000538
E[P_neut(17)] = 0.000515
E[P_neut(18)] = 0.000512
E[P_neut(19)] = 0.000508

---- Expected P_sel(i), 0 < i < n (selected SFS per site) 
E[P_sel(1)] = 0.003713
E[P_sel(2)] = 0.001541
E[P_sel(3)] = 0.000962
E[P_sel(4)] = 0.000684
E[P_sel(5)] = 0.000510
E[P_sel(6)] = 0.000423
E[P_sel(7)] = 0.000347
E[P_sel(8)] = 0.000298
E[P_sel(9)] = 0.000261
E[P_sel(10)] = 0.000233
E[P_sel(11)] = 0.000197
E[P_sel(12)] = 0.000188
E[P_sel(13)] = 0.000167
E[P_sel(14)] = 0.000157
E[P_sel(15)] = 0.000148
E[P_sel(16)] = 0.000137
E[P_sel(17)] = 0.000130
E[P_sel(18)] = 0.000128
E[P_sel(19)] = 0.000126

---- Expected D_neut and D_sel (neutral and selected divergence per site) 
E[D_neut] = 0.005906
E[D_sel] = 0.001463

---- Expected neutral and selected misattributed polymorphism per site
E[mis_neut] = 0.005849
E[mis_sel] = 0.001449

---- alpha_div = 1.576267
---- alpha_dfe = 0.000000



