---- Performing inference on Ns10_pa_0.005_boots/Ns10_pa_0.005.26.polyDFE.txt using model B

---- Warning: mutation variability is not used when only one neutral and one selected fragment is available.
---- No mutation variability. Using Poisson likelihood.

---- Using provided initial values


-- Starting local optimization
 it       eps_an        theta_bar      S_d            b             r  2          r  3          r  4          r  5          r  6          r  7          r  8          r  9          r 10          r 11          r 12          r 13          r 14          r 15          r 16          r 17          r 18          r 19         ln lk             grad     status
  0      4.50e-06       0.00100     -400.00000       0.40000       1.00000       1.00000       1.00000       1.00000       1.00000       1.00000       1.00000       1.00000       1.00000       1.00000       1.00000       1.00000       1.00000       1.00000       1.00000       1.00000       1.00000       1.00000  -252311.4924111942   1772.49248   -2
142      4.50e-06       0.00947    -1776.11905       0.17337       0.98133       0.97851       1.00906       0.94312       0.96632       0.97313       0.91000       0.93142       0.93345       0.91577       0.98328       0.92322       0.95435       0.97568       0.94660       1.00809       0.99905       1.05545  -200.8728042249      0.00360   -3
-- Local optimization: stuck in the same solution


---- Best joint likelihood found -200.87280 with gradient 0.00360
-- Model: B
--     eps_an        eps_cont      theta_bar     a        
--    4.50e-06      0.00e+00       0.00947       -1.00000  
--      S_d            b             p_b           S_b      
--  -1776.11905       0.17337      0.00e+00      0.00e+00  
--     r  2          r  3          r  4          r  5          r  6          r  7          r  8          r  9          r 10          r 11          r 12          r 13          r 14          r 15          r 16          r 17          r 18          r 19     
--     0.98133       0.97851       1.00906       0.94312       0.96632       0.97313       0.91000       0.93142       0.93345       0.91577       0.98328       0.92322       0.95435       0.97568       0.94660       1.00809       0.99905       1.05545  

---- Expected P_neut(i), 0 < i < n (neutral SFS per site) 
E[P_neut(1)] = 0.009474
E[P_neut(2)] = 0.004649
E[P_neut(3)] = 0.003090
E[P_neut(4)] = 0.002390
E[P_neut(5)] = 0.001787
E[P_neut(6)] = 0.001526
E[P_neut(7)] = 0.001317
E[P_neut(8)] = 0.001078
E[P_neut(9)] = 0.000980
E[P_neut(10)] = 0.000884
E[P_neut(11)] = 0.000789
E[P_neut(12)] = 0.000776
E[P_neut(13)] = 0.000673
E[P_neut(14)] = 0.000646
E[P_neut(15)] = 0.000616
E[P_neut(16)] = 0.000561
E[P_neut(17)] = 0.000562
E[P_neut(18)] = 0.000526
E[P_neut(19)] = 0.000526

---- Expected P_sel(i), 0 < i < n (selected SFS per site) 
E[P_sel(1)] = 0.003695
E[P_sel(2)] = 0.001522
E[P_sel(3)] = 0.000933
E[P_sel(4)] = 0.000685
E[P_sel(5)] = 0.000493
E[P_sel(6)] = 0.000409
E[P_sel(7)] = 0.000344
E[P_sel(8)] = 0.000276
E[P_sel(9)] = 0.000247
E[P_sel(10)] = 0.000219
E[P_sel(11)] = 0.000193
E[P_sel(12)] = 0.000187
E[P_sel(13)] = 0.000160
E[P_sel(14)] = 0.000152
E[P_sel(15)] = 0.000144
E[P_sel(16)] = 0.000130
E[P_sel(17)] = 0.000129
E[P_sel(18)] = 0.000120
E[P_sel(19)] = 0.000119

---- Expected neutral and selected misattributed polymorphism per site
E[mis_neut] = 0.000474
E[mis_sel] = 0.000106

---- alpha_div = 0.271358
---- alpha_dfe = 0.000000



