---- Performing inference on Ns10_pa_0.005_boots/Ns10_pa_0.005.91.polyDFE.txt using model B

---- Warning: mutation variability is not used when only one neutral and one selected fragment is available.
---- No mutation variability. Using Poisson likelihood.

---- Using provided initial values


-- Starting local optimization
 it       eps_an        eps_cont      theta_bar      S_d            b             p_b           S_b           r  2          r  3          r  4          r  5          r  6          r  7          r  8          r  9          r 10          r 11          r 12          r 13          r 14          r 15          r 16          r 17          r 18          r 19         ln lk             grad     status
  0      4.50e-06      9.00e-07       0.00100     -400.00000       0.40000       0.02000       4.00000       1.00000       1.00000       1.00000       1.00000       1.00000       1.00000       1.00000       1.00000       1.00000       1.00000       1.00000       1.00000       1.00000       1.00000       1.00000       1.00000       1.00000       1.00000  -240455.9377888205   1669.05282   -2
176      4.50e-06      9.00e-07       0.00940     -865.24780       0.20725       0.01005      10.11548       0.99548       0.99982       1.00643       0.97230       0.97814       0.94782       0.95193       0.94237       0.97120       0.90326       0.97556       0.88778       0.91635       0.92114       0.94694       0.94317       0.95020       0.99429  -197.4539782736      0.07240   -3
-- Local optimization: stuck in the same solution


---- Best joint likelihood found -197.45398 with gradient 0.07240
-- Model: B
--     eps_an        eps_cont      theta_bar     a        
--    4.50e-06      9.00e-07       0.00940       -1.00000  
--      S_d            b             p_b           S_b      
--   -865.24780       0.20725       0.01005      10.11548  
--     r  2          r  3          r  4          r  5          r  6          r  7          r  8          r  9          r 10          r 11          r 12          r 13          r 14          r 15          r 16          r 17          r 18          r 19     
--     0.99548       0.99982       1.00643       0.97230       0.97814       0.94782       0.95193       0.94237       0.97120       0.90326       0.97556       0.88778       0.91635       0.92114       0.94694       0.94317       0.95020       0.99429  

---- Expected P_neut(i), 0 < i < n (neutral SFS per site) 
E[P_neut(1)] = 0.009398
E[P_neut(2)] = 0.004678
E[P_neut(3)] = 0.003132
E[P_neut(4)] = 0.002365
E[P_neut(5)] = 0.001828
E[P_neut(6)] = 0.001532
E[P_neut(7)] = 0.001273
E[P_neut(8)] = 0.001118
E[P_neut(9)] = 0.000984
E[P_neut(10)] = 0.000913
E[P_neut(11)] = 0.000772
E[P_neut(12)] = 0.000764
E[P_neut(13)] = 0.000642
E[P_neut(14)] = 0.000615
E[P_neut(15)] = 0.000577
E[P_neut(16)] = 0.000556
E[P_neut(17)] = 0.000521
E[P_neut(18)] = 0.000496
E[P_neut(19)] = 0.000492

---- Expected P_sel(i), 0 < i < n (selected SFS per site) 
E[P_sel(1)] = 0.003735
E[P_sel(2)] = 0.001521
E[P_sel(3)] = 0.000929
E[P_sel(4)] = 0.000662
E[P_sel(5)] = 0.000492
E[P_sel(6)] = 0.000400
E[P_sel(7)] = 0.000325
E[P_sel(8)] = 0.000280
E[P_sel(9)] = 0.000243
E[P_sel(10)] = 0.000223
E[P_sel(11)] = 0.000187
E[P_sel(12)] = 0.000185
E[P_sel(13)] = 0.000155
E[P_sel(14)] = 0.000149
E[P_sel(15)] = 0.000141
E[P_sel(16)] = 0.000138
E[P_sel(17)] = 0.000132
E[P_sel(18)] = 0.000129
E[P_sel(19)] = 0.000132

---- Expected neutral and selected misattributed polymorphism per site
E[mis_neut] = 0.000470
E[mis_sel] = 0.000132

---- alpha_div = 0.348416
---- alpha_dfe = 0.339991



