---- Performing inference on Ns10_pa_0.005_boots/Ns10_pa_0.005.76.polyDFE.txt using model B

---- Warning: mutation variability is not used when only one neutral and one selected fragment is available.
---- No mutation variability. Using Poisson likelihood.

---- Using provided initial values


-- Starting local optimization
 it       eps_an        eps_cont      lambda        theta_bar      S_d            b             p_b           S_b           r  2          r  3          r  4          r  5          r  6          r  7          r  8          r  9          r 10          r 11          r 12          r 13          r 14          r 15          r 16          r 17          r 18          r 19          r 20         ln lk             grad     status
  0      4.50e-06      9.00e-07       0.00500       0.00100     -400.00000       0.40000       0.02000       4.00000       1.00000       1.00000       1.00000       1.00000       1.00000       1.00000       1.00000       1.00000       1.00000       1.00000       1.00000       1.00000       1.00000       1.00000       1.00000       1.00000       1.00000       1.00000       1.00000  -243540.4554447469   1708.39040   -2
251      4.50e-06      9.00e-07       0.00501       0.00935     -829.25848       0.20792       0.00936      10.32756       0.99717       0.99329       1.01669       0.97314       0.99597       0.98465       0.95896       0.94799       0.96122       0.92318       0.98308       0.93667       0.94507       0.96099       0.91866       0.97518       0.97126       0.98359       1.01484  -209.3907404189      0.00454   -3
-- Local optimization: stuck in the same solution


---- Best joint likelihood found -209.39074 with gradient 0.00454
-- Model: B
--     eps_an        eps_cont      lambda        theta_bar     a        
--    4.50e-06      9.00e-07       0.00501       0.00935       -1.00000  
--      S_d            b             p_b           S_b      
--   -829.25848       0.20792       0.00936      10.32756  
--     r  2          r  3          r  4          r  5          r  6          r  7          r  8          r  9          r 10          r 11          r 12          r 13          r 14          r 15          r 16          r 17          r 18          r 19          r 20     
--     0.99717       0.99329       1.01669       0.97314       0.99597       0.98465       0.95896       0.94799       0.96122       0.92318       0.98308       0.93667       0.94507       0.96099       0.91866       0.97518       0.97126       0.98359       1.01484  

---- Expected P_neut(i), 0 < i < n (neutral SFS per site) 
E[P_neut(1)] = 0.009349
E[P_neut(2)] = 0.004661
E[P_neut(3)] = 0.003096
E[P_neut(4)] = 0.002376
E[P_neut(5)] = 0.001820
E[P_neut(6)] = 0.001552
E[P_neut(7)] = 0.001315
E[P_neut(8)] = 0.001121
E[P_neut(9)] = 0.000985
E[P_neut(10)] = 0.000899
E[P_neut(11)] = 0.000785
E[P_neut(12)] = 0.000766
E[P_neut(13)] = 0.000674
E[P_neut(14)] = 0.000631
E[P_neut(15)] = 0.000599
E[P_neut(16)] = 0.000537
E[P_neut(17)] = 0.000536
E[P_neut(18)] = 0.000504
E[P_neut(19)] = 0.000484

---- Expected P_sel(i), 0 < i < n (selected SFS per site) 
E[P_sel(1)] = 0.003734
E[P_sel(2)] = 0.001522
E[P_sel(3)] = 0.000921
E[P_sel(4)] = 0.000667
E[P_sel(5)] = 0.000491
E[P_sel(6)] = 0.000406
E[P_sel(7)] = 0.000336
E[P_sel(8)] = 0.000281
E[P_sel(9)] = 0.000243
E[P_sel(10)] = 0.000220
E[P_sel(11)] = 0.000190
E[P_sel(12)] = 0.000185
E[P_sel(13)] = 0.000162
E[P_sel(14)] = 0.000153
E[P_sel(15)] = 0.000146
E[P_sel(16)] = 0.000132
E[P_sel(17)] = 0.000135
E[P_sel(18)] = 0.000130
E[P_sel(19)] = 0.000129

---- Expected D_neut and D_sel (neutral and selected divergence per site) 
E[D_neut] = 0.005481
E[D_sel] = 0.001610

---- Expected neutral and selected misattributed polymorphism per site
E[mis_neut] = 0.000474
E[mis_sel] = 0.000132

---- alpha_div = 0.324598
---- alpha_dfe = 0.327622



