---- Performing inference on Ns10_pa_0.005_boots/Ns10_pa_0.005.72.polyDFE.txt using model B

---- Warning: mutation variability is not used when only one neutral and one selected fragment is available.
---- No mutation variability. Using Poisson likelihood.

---- Using provided initial values


-- Starting local optimization
 it       eps_an        theta_bar      S_d            b             r  2          r  3          r  4          r  5          r  6          r  7          r  8          r  9          r 10          r 11          r 12          r 13          r 14          r 15          r 16          r 17          r 18          r 19         ln lk             grad     status
  0      4.50e-06       0.00100     -400.00000       0.40000       1.00000       1.00000       1.00000       1.00000       1.00000       1.00000       1.00000       1.00000       1.00000       1.00000       1.00000       1.00000       1.00000       1.00000       1.00000       1.00000       1.00000       1.00000  -251881.0952141452   1769.74303   -2
145      4.50e-06       0.00955    -1967.03547       0.17067       0.97070       0.96870       0.97769       0.94244       0.96315       0.94223       0.91452       0.95579       0.93200       0.92688       0.93816       0.92072       0.96746       0.93596       0.91401       0.97329       0.98781       1.01315  -219.3324090303      0.00051   -3
-- Local optimization: stuck in the same solution


---- Best joint likelihood found -219.33241 with gradient 0.00051
-- Model: B
--     eps_an        eps_cont      theta_bar     a        
--    4.50e-06      0.00e+00       0.00955       -1.00000  
--      S_d            b             p_b           S_b      
--  -1967.03547       0.17067      0.00e+00      0.00e+00  
--     r  2          r  3          r  4          r  5          r  6          r  7          r  8          r  9          r 10          r 11          r 12          r 13          r 14          r 15          r 16          r 17          r 18          r 19     
--     0.97070       0.96870       0.97769       0.94244       0.96315       0.94223       0.91452       0.95579       0.93200       0.92688       0.93816       0.92072       0.96746       0.93596       0.91401       0.97329       0.98781       1.01315  

---- Expected P_neut(i), 0 < i < n (neutral SFS per site) 
E[P_neut(1)] = 0.009553
E[P_neut(2)] = 0.004636
E[P_neut(3)] = 0.003085
E[P_neut(4)] = 0.002335
E[P_neut(5)] = 0.001801
E[P_neut(6)] = 0.001533
E[P_neut(7)] = 0.001286
E[P_neut(8)] = 0.001092
E[P_neut(9)] = 0.001014
E[P_neut(10)] = 0.000890
E[P_neut(11)] = 0.000805
E[P_neut(12)] = 0.000747
E[P_neut(13)] = 0.000677
E[P_neut(14)] = 0.000660
E[P_neut(15)] = 0.000596
E[P_neut(16)] = 0.000546
E[P_neut(17)] = 0.000547
E[P_neut(18)] = 0.000524
E[P_neut(19)] = 0.000509

---- Expected P_sel(i), 0 < i < n (selected SFS per site) 
E[P_sel(1)] = 0.003706
E[P_sel(2)] = 0.001514
E[P_sel(3)] = 0.000930
E[P_sel(4)] = 0.000669
E[P_sel(5)] = 0.000497
E[P_sel(6)] = 0.000411
E[P_sel(7)] = 0.000336
E[P_sel(8)] = 0.000280
E[P_sel(9)] = 0.000256
E[P_sel(10)] = 0.000221
E[P_sel(11)] = 0.000197
E[P_sel(12)] = 0.000180
E[P_sel(13)] = 0.000162
E[P_sel(14)] = 0.000156
E[P_sel(15)] = 0.000139
E[P_sel(16)] = 0.000126
E[P_sel(17)] = 0.000126
E[P_sel(18)] = 0.000120
E[P_sel(19)] = 0.000115

---- Expected neutral and selected misattributed polymorphism per site
E[mis_neut] = 0.000478
E[mis_sel] = 0.000107

---- alpha_div = 0.266013
---- alpha_dfe = 0.000000



