---- Performing inference on Ns10_pa_0.005_boots/Ns10_pa_0.005.81.polyDFE.txt using model B

---- Warning: mutation variability is not used when only one neutral and one selected fragment is available.
---- No mutation variability. Using Poisson likelihood.

---- Using provided initial values


-- Starting local optimization
 it       eps_an        theta_bar      S_d            b             r  2          r  3          r  4          r  5          r  6          r  7          r  8          r  9          r 10          r 11          r 12          r 13          r 14          r 15          r 16          r 17          r 18          r 19         ln lk             grad     status
  0      4.50e-06       0.00100     -400.00000       0.40000       1.00000       1.00000       1.00000       1.00000       1.00000       1.00000       1.00000       1.00000       1.00000       1.00000       1.00000       1.00000       1.00000       1.00000       1.00000       1.00000       1.00000       1.00000  -252449.7814164944   1772.75405   -2
168      4.50e-06       0.00951    -1611.79423       0.17612       0.97464       0.98005       0.99831       0.94077       0.96624       0.94417       0.92615       0.94777       0.93881       0.90692       0.94318       0.91447       0.91261       0.98970       0.95789       0.97559       1.02159       1.01201  -219.4434829994      0.00457   -3
-- Local optimization: stuck in the same solution


---- Best joint likelihood found -219.44348 with gradient 0.00457
-- Model: B
--     eps_an        eps_cont      theta_bar     a        
--    4.50e-06      0.00e+00       0.00951       -1.00000  
--      S_d            b             p_b           S_b      
--  -1611.79423       0.17612      0.00e+00      0.00e+00  
--     r  2          r  3          r  4          r  5          r  6          r  7          r  8          r  9          r 10          r 11          r 12          r 13          r 14          r 15          r 16          r 17          r 18          r 19     
--     0.97464       0.98005       0.99831       0.94077       0.96624       0.94417       0.92615       0.94777       0.93881       0.90692       0.94318       0.91447       0.91261       0.98970       0.95789       0.97559       1.02159       1.01201  

---- Expected P_neut(i), 0 < i < n (neutral SFS per site) 
E[P_neut(1)] = 0.009510
E[P_neut(2)] = 0.004634
E[P_neut(3)] = 0.003107
E[P_neut(4)] = 0.002373
E[P_neut(5)] = 0.001789
E[P_neut(6)] = 0.001531
E[P_neut(7)] = 0.001283
E[P_neut(8)] = 0.001101
E[P_neut(9)] = 0.001001
E[P_neut(10)] = 0.000893
E[P_neut(11)] = 0.000784
E[P_neut(12)] = 0.000747
E[P_neut(13)] = 0.000669
E[P_neut(14)] = 0.000620
E[P_neut(15)] = 0.000627
E[P_neut(16)] = 0.000569
E[P_neut(17)] = 0.000546
E[P_neut(18)] = 0.000540
E[P_neut(19)] = 0.000507

---- Expected P_sel(i), 0 < i < n (selected SFS per site) 
E[P_sel(1)] = 0.003727
E[P_sel(2)] = 0.001521
E[P_sel(3)] = 0.000939
E[P_sel(4)] = 0.000680
E[P_sel(5)] = 0.000493
E[P_sel(6)] = 0.000410
E[P_sel(7)] = 0.000335
E[P_sel(8)] = 0.000281
E[P_sel(9)] = 0.000251
E[P_sel(10)] = 0.000221
E[P_sel(11)] = 0.000191
E[P_sel(12)] = 0.000180
E[P_sel(13)] = 0.000159
E[P_sel(14)] = 0.000146
E[P_sel(15)] = 0.000146
E[P_sel(16)] = 0.000131
E[P_sel(17)] = 0.000125
E[P_sel(18)] = 0.000122
E[P_sel(19)] = 0.000114

---- Expected neutral and selected misattributed polymorphism per site
E[mis_neut] = 0.000475
E[mis_sel] = 0.000106

---- alpha_div = 0.274191
---- alpha_dfe = 0.000000



