---- Performing inference on Ns10_pa_0.005_boots/Ns10_pa_0.005.83.polyDFE.txt using model B

---- Warning: mutation variability is not used when only one neutral and one selected fragment is available.
---- No mutation variability. Using Poisson likelihood.

---- Using provided initial values


-- Starting local optimization
 it       eps_an        lambda        theta_bar      S_d            b             r  2          r  3          r  4          r  5          r  6          r  7          r  8          r  9          r 10          r 11          r 12          r 13          r 14          r 15          r 16          r 17          r 18          r 19          r 20         ln lk             grad     status
  0      4.50e-06       0.00500       0.00100     -400.00000       0.40000       1.00000       1.00000       1.00000       1.00000       1.00000       1.00000       1.00000       1.00000       1.00000       1.00000       1.00000       1.00000       1.00000       1.00000       1.00000       1.00000       1.00000       1.00000       1.00000  -260369.9859616237   1893.99182   -2
727      4.58e-06       0.00004       0.00953    -5021.77702       0.14175       0.97332       0.96103       0.93192       0.93358       0.94701       0.91240       0.90867       0.91233       0.89170       0.84768       0.91184       0.88501       0.92129       0.91957       0.87014       0.97776       0.95312       1.02016      12.26542  -369.9176953880      0.02090   -6
-- Local optimization: reached maximum running time allowed


---- Best joint likelihood found -369.91770 with gradient 0.02090
-- Model: B
--     eps_an        eps_cont      lambda        theta_bar     a        
--    4.58e-06      0.00e+00       0.00004       0.00953       -1.00000  
--      S_d            b             p_b           S_b      
--  -5021.77702       0.14175      0.00e+00      0.00e+00  
--     r  2          r  3          r  4          r  5          r  6          r  7          r  8          r  9          r 10          r 11          r 12          r 13          r 14          r 15          r 16          r 17          r 18          r 19          r 20     
--     0.97332       0.96103       0.93192       0.93358       0.94701       0.91240       0.90867       0.91233       0.89170       0.84768       0.91184       0.88501       0.92129       0.91957       0.87014       0.97776       0.95312       1.02016      12.26542  

---- Expected P_neut(i), 0 < i < n (neutral SFS per site) 
E[P_neut(1)] = 0.009528
E[P_neut(2)] = 0.004637
E[P_neut(3)] = 0.003052
E[P_neut(4)] = 0.002220
E[P_neut(5)] = 0.001779
E[P_neut(6)] = 0.001504
E[P_neut(7)] = 0.001242
E[P_neut(8)] = 0.001082
E[P_neut(9)] = 0.000966
E[P_neut(10)] = 0.000850
E[P_neut(11)] = 0.000734
E[P_neut(12)] = 0.000724
E[P_neut(13)] = 0.000649
E[P_neut(14)] = 0.000627
E[P_neut(15)] = 0.000584
E[P_neut(16)] = 0.000518
E[P_neut(17)] = 0.000548
E[P_neut(18)] = 0.000505
E[P_neut(19)] = 0.000512

---- Expected P_sel(i), 0 < i < n (selected SFS per site) 
E[P_sel(1)] = 0.003696
E[P_sel(2)] = 0.001561
E[P_sel(3)] = 0.000962
E[P_sel(4)] = 0.000670
E[P_sel(5)] = 0.000521
E[P_sel(6)] = 0.000430
E[P_sel(7)] = 0.000348
E[P_sel(8)] = 0.000298
E[P_sel(9)] = 0.000262
E[P_sel(10)] = 0.000228
E[P_sel(11)] = 0.000195
E[P_sel(12)] = 0.000190
E[P_sel(13)] = 0.000168
E[P_sel(14)] = 0.000161
E[P_sel(15)] = 0.000149
E[P_sel(16)] = 0.000131
E[P_sel(17)] = 0.000138
E[P_sel(18)] = 0.000126
E[P_sel(19)] = 0.000127

---- Expected D_neut and D_sel (neutral and selected divergence per site) 
E[D_neut] = 0.005888
E[D_sel] = 0.001453

---- Expected neutral and selected misattributed polymorphism per site
E[mis_neut] = 0.005843
E[mis_sel] = 0.001442

---- alpha_div = 1.612148
---- alpha_dfe = 0.000000



