---- Performing inference on Ns10_pa_0.005_boots/Ns10_pa_0.005.79.polyDFE.txt using model B

---- Warning: mutation variability is not used when only one neutral and one selected fragment is available.
---- No mutation variability. Using Poisson likelihood.

---- Using provided initial values


-- Starting local optimization
 it       eps_an        eps_cont      theta_bar      S_d            b             p_b           S_b           r  2          r  3          r  4          r  5          r  6          r  7          r  8          r  9          r 10          r 11          r 12          r 13          r 14          r 15          r 16          r 17          r 18          r 19         ln lk             grad     status
  0      4.50e-06      9.00e-07       0.00100     -400.00000       0.40000       0.02000       4.00000       1.00000       1.00000       1.00000       1.00000       1.00000       1.00000       1.00000       1.00000       1.00000       1.00000       1.00000       1.00000       1.00000       1.00000       1.00000       1.00000       1.00000       1.00000  -243897.4092897141   1685.95994   -2
263      4.51e-06      9.00e-07       0.00948    -1069.52584       0.19398       0.00545      25.15036       0.98488       0.98673       1.00336       0.96537       0.96667       0.94018       0.95227       0.97665       0.94891       0.94695       0.94648       0.91349       0.94360       0.96342       0.92877       0.92173       0.95273       0.98466  -196.7322358375      0.02036   -3
-- Local optimization: stuck in the same solution


---- Best joint likelihood found -196.73224 with gradient 0.02036
-- Model: B
--     eps_an        eps_cont      theta_bar     a        
--    4.51e-06      9.00e-07       0.00948       -1.00000  
--      S_d            b             p_b           S_b      
--  -1069.52584       0.19398       0.00545      25.15036  
--     r  2          r  3          r  4          r  5          r  6          r  7          r  8          r  9          r 10          r 11          r 12          r 13          r 14          r 15          r 16          r 17          r 18          r 19     
--     0.98488       0.98673       1.00336       0.96537       0.96667       0.94018       0.95227       0.97665       0.94891       0.94695       0.94648       0.91349       0.94360       0.96342       0.92877       0.92173       0.95273       0.98466  

---- Expected P_neut(i), 0 < i < n (neutral SFS per site) 
E[P_neut(1)] = 0.009483
E[P_neut(2)] = 0.004670
E[P_neut(3)] = 0.003119
E[P_neut(4)] = 0.002379
E[P_neut(5)] = 0.001831
E[P_neut(6)] = 0.001528
E[P_neut(7)] = 0.001274
E[P_neut(8)] = 0.001129
E[P_neut(9)] = 0.001029
E[P_neut(10)] = 0.000900
E[P_neut(11)] = 0.000816
E[P_neut(12)] = 0.000748
E[P_neut(13)] = 0.000666
E[P_neut(14)] = 0.000639
E[P_neut(15)] = 0.000609
E[P_neut(16)] = 0.000551
E[P_neut(17)] = 0.000514
E[P_neut(18)] = 0.000502
E[P_neut(19)] = 0.000492

---- Expected P_sel(i), 0 < i < n (selected SFS per site) 
E[P_sel(1)] = 0.003763
E[P_sel(2)] = 0.001530
E[P_sel(3)] = 0.000936
E[P_sel(4)] = 0.000675
E[P_sel(5)] = 0.000499
E[P_sel(6)] = 0.000404
E[P_sel(7)] = 0.000329
E[P_sel(8)] = 0.000286
E[P_sel(9)] = 0.000256
E[P_sel(10)] = 0.000221
E[P_sel(11)] = 0.000199
E[P_sel(12)] = 0.000181
E[P_sel(13)] = 0.000160
E[P_sel(14)] = 0.000154
E[P_sel(15)] = 0.000147
E[P_sel(16)] = 0.000134
E[P_sel(17)] = 0.000128
E[P_sel(18)] = 0.000129
E[P_sel(19)] = 0.000134

---- Expected neutral and selected misattributed polymorphism per site
E[mis_neut] = 0.000474
E[mis_sel] = 0.000142

---- alpha_div = 0.292678
---- alpha_dfe = 0.396599



