---- Performing inference on Ns10_pa_0.005_boots/Ns10_pa_0.005.40.polyDFE.txt using model B

---- Warning: mutation variability is not used when only one neutral and one selected fragment is available.
---- No mutation variability. Using Poisson likelihood.

---- Using provided initial values


-- Starting local optimization
 it       eps_an        eps_cont      theta_bar      S_d            b             p_b           S_b           r  2          r  3          r  4          r  5          r  6          r  7          r  8          r  9          r 10          r 11          r 12          r 13          r 14          r 15          r 16          r 17          r 18          r 19         ln lk             grad     status
  0      4.50e-06      9.00e-07       0.00100     -400.00000       0.40000       0.02000       4.00000       1.00000       1.00000       1.00000       1.00000       1.00000       1.00000       1.00000       1.00000       1.00000       1.00000       1.00000       1.00000       1.00000       1.00000       1.00000       1.00000       1.00000       1.00000  -242763.5422055027   1680.62944   -2
228      4.52e-06      9.00e-07       0.00952    -1173.07598       0.18893       0.00394      37.42898       0.98360       0.98010       0.97774       0.94841       0.96400       0.95788       0.93482       0.93645       0.92479       0.89204       0.94096       0.92211       0.90400       0.97527       0.89935       0.91157       0.92501       1.02101  -189.2753178336      0.14005   -3
-- Local optimization: stuck in the same solution


---- Best joint likelihood found -189.27532 with gradient 0.14005
-- Model: B
--     eps_an        eps_cont      theta_bar     a        
--    4.52e-06      9.00e-07       0.00952       -1.00000  
--      S_d            b             p_b           S_b      
--  -1173.07598       0.18893       0.00394      37.42898  
--     r  2          r  3          r  4          r  5          r  6          r  7          r  8          r  9          r 10          r 11          r 12          r 13          r 14          r 15          r 16          r 17          r 18          r 19     
--     0.98360       0.98010       0.97774       0.94841       0.96400       0.95788       0.93482       0.93645       0.92479       0.89204       0.94096       0.92211       0.90400       0.97527       0.89935       0.91157       0.92501       1.02101  

---- Expected P_neut(i), 0 < i < n (neutral SFS per site) 
E[P_neut(1)] = 0.009523
E[P_neut(2)] = 0.004683
E[P_neut(3)] = 0.003111
E[P_neut(4)] = 0.002328
E[P_neut(5)] = 0.001806
E[P_neut(6)] = 0.001530
E[P_neut(7)] = 0.001303
E[P_neut(8)] = 0.001113
E[P_neut(9)] = 0.000991
E[P_neut(10)] = 0.000881
E[P_neut(11)] = 0.000772
E[P_neut(12)] = 0.000747
E[P_neut(13)] = 0.000675
E[P_neut(14)] = 0.000615
E[P_neut(15)] = 0.000619
E[P_neut(16)] = 0.000535
E[P_neut(17)] = 0.000511
E[P_neut(18)] = 0.000489
E[P_neut(19)] = 0.000512

---- Expected P_sel(i), 0 < i < n (selected SFS per site) 
E[P_sel(1)] = 0.003776
E[P_sel(2)] = 0.001540
E[P_sel(3)] = 0.000938
E[P_sel(4)] = 0.000664
E[P_sel(5)] = 0.000495
E[P_sel(6)] = 0.000407
E[P_sel(7)] = 0.000338
E[P_sel(8)] = 0.000283
E[P_sel(9)] = 0.000248
E[P_sel(10)] = 0.000217
E[P_sel(11)] = 0.000189
E[P_sel(12)] = 0.000181
E[P_sel(13)] = 0.000162
E[P_sel(14)] = 0.000147
E[P_sel(15)] = 0.000148
E[P_sel(16)] = 0.000129
E[P_sel(17)] = 0.000125
E[P_sel(18)] = 0.000124
E[P_sel(19)] = 0.000137

---- Expected neutral and selected misattributed polymorphism per site
E[mis_neut] = 0.000476
E[mis_sel] = 0.000142

---- alpha_div = 0.277459
---- alpha_dfe = 0.409309



