---- Performing inference on Ns10_pa_0.005_boots/Ns10_pa_0.005.12.polyDFE.txt using model B

---- Warning: mutation variability is not used when only one neutral and one selected fragment is available.
---- No mutation variability. Using Poisson likelihood.

---- Using provided initial values


-- Starting local optimization
 it       eps_an        lambda        theta_bar      S_d            b             r  2          r  3          r  4          r  5          r  6          r  7          r  8          r  9          r 10          r 11          r 12          r 13          r 14          r 15          r 16          r 17          r 18          r 19          r 20         ln lk             grad     status
  0      4.50e-06       0.00500       0.00100     -400.00000       0.40000       1.00000       1.00000       1.00000       1.00000       1.00000       1.00000       1.00000       1.00000       1.00000       1.00000       1.00000       1.00000       1.00000       1.00000       1.00000       1.00000       1.00000       1.00000       1.00000  -260338.1598238727   1893.74939   -2
542      4.53e-06       0.00034       0.00960    -6683.81294       0.13681       0.96969       0.93720       0.95618       0.89719       0.93065       0.88362       0.90866       0.89935       0.89732       0.90006       0.92416       0.88748       0.90378       0.89430       0.87537       0.95101       0.93949       0.99169      11.61528  -390.8816050777      0.01880   -6
-- Local optimization: reached maximum running time allowed


---- Best joint likelihood found -390.88161 with gradient 0.01880
-- Model: B
--     eps_an        eps_cont      lambda        theta_bar     a        
--    4.53e-06      0.00e+00       0.00034       0.00960       -1.00000  
--      S_d            b             p_b           S_b      
--  -6683.81294       0.13681      0.00e+00      0.00e+00  
--     r  2          r  3          r  4          r  5          r  6          r  7          r  8          r  9          r 10          r 11          r 12          r 13          r 14          r 15          r 16          r 17          r 18          r 19          r 20     
--     0.96969       0.93720       0.95618       0.89719       0.93065       0.88362       0.90866       0.89935       0.89732       0.90006       0.92416       0.88748       0.90378       0.89430       0.87537       0.95101       0.93949       0.99169      11.61528  

---- Expected P_neut(i), 0 < i < n (neutral SFS per site) 
E[P_neut(1)] = 0.009600
E[P_neut(2)] = 0.004654
E[P_neut(3)] = 0.002999
E[P_neut(4)] = 0.002295
E[P_neut(5)] = 0.001723
E[P_neut(6)] = 0.001489
E[P_neut(7)] = 0.001212
E[P_neut(8)] = 0.001090
E[P_neut(9)] = 0.000959
E[P_neut(10)] = 0.000861
E[P_neut(11)] = 0.000786
E[P_neut(12)] = 0.000739
E[P_neut(13)] = 0.000655
E[P_neut(14)] = 0.000620
E[P_neut(15)] = 0.000572
E[P_neut(16)] = 0.000525
E[P_neut(17)] = 0.000537
E[P_neut(18)] = 0.000501
E[P_neut(19)] = 0.000501

---- Expected P_sel(i), 0 < i < n (selected SFS per site) 
E[P_sel(1)] = 0.003682
E[P_sel(2)] = 0.001557
E[P_sel(3)] = 0.000941
E[P_sel(4)] = 0.000692
E[P_sel(5)] = 0.000504
E[P_sel(6)] = 0.000426
E[P_sel(7)] = 0.000340
E[P_sel(8)] = 0.000301
E[P_sel(9)] = 0.000261
E[P_sel(10)] = 0.000231
E[P_sel(11)] = 0.000209
E[P_sel(12)] = 0.000194
E[P_sel(13)] = 0.000171
E[P_sel(14)] = 0.000160
E[P_sel(15)] = 0.000147
E[P_sel(16)] = 0.000134
E[P_sel(17)] = 0.000136
E[P_sel(18)] = 0.000126
E[P_sel(19)] = 0.000125

---- Expected D_neut and D_sel (neutral and selected divergence per site) 
E[D_neut] = 0.005919
E[D_sel] = 0.001467

---- Expected neutral and selected misattributed polymorphism per site
E[mis_neut] = 0.005575
E[mis_sel] = 0.001383

---- alpha_div = 1.115829
---- alpha_dfe = 0.000000



