---- Performing inference on Ns10_pa_0.005_boots/Ns10_pa_0.005.82.polyDFE.txt using model B

---- Warning: mutation variability is not used when only one neutral and one selected fragment is available.
---- No mutation variability. Using Poisson likelihood.

---- Using provided initial values


-- Starting local optimization
 it       eps_an        eps_cont      lambda        theta_bar      S_d            b             p_b           S_b           r  2          r  3          r  4          r  5          r  6          r  7          r  8          r  9          r 10          r 11          r 12          r 13          r 14          r 15          r 16          r 17          r 18          r 19          r 20         ln lk             grad     status
  0      4.50e-06      9.00e-07       0.00500       0.00100     -400.00000       0.40000       0.02000       4.00000       1.00000       1.00000       1.00000       1.00000       1.00000       1.00000       1.00000       1.00000       1.00000       1.00000       1.00000       1.00000       1.00000       1.00000       1.00000       1.00000       1.00000       1.00000       1.00000  -243924.3363495003   1708.86283   -2
137      4.50e-06      9.00e-07       0.00508       0.00946     -993.91652       0.20126       0.00814      10.98988       1.00048       1.00492       0.97782       0.97788       0.97317       0.96001       0.96084       0.97648       0.92947       0.92535       0.95949       0.91206       0.89277       0.93427       0.89817       0.98298       0.95837       0.96591       0.98752  -224.5830825875      0.10817   -3
-- Local optimization: stuck in the same solution


---- Best joint likelihood found -224.58308 with gradient 0.10817
-- Model: B
--     eps_an        eps_cont      lambda        theta_bar     a        
--    4.50e-06      9.00e-07       0.00508       0.00946       -1.00000  
--      S_d            b             p_b           S_b      
--   -993.91652       0.20126       0.00814      10.98988  
--     r  2          r  3          r  4          r  5          r  6          r  7          r  8          r  9          r 10          r 11          r 12          r 13          r 14          r 15          r 16          r 17          r 18          r 19          r 20     
--     1.00048       1.00492       0.97782       0.97788       0.97317       0.96001       0.96084       0.97648       0.92947       0.92535       0.95949       0.91206       0.89277       0.93427       0.89817       0.98298       0.95837       0.96591       0.98752  

---- Expected P_neut(i), 0 < i < n (neutral SFS per site) 
E[P_neut(1)] = 0.009460
E[P_neut(2)] = 0.004732
E[P_neut(3)] = 0.003169
E[P_neut(4)] = 0.002312
E[P_neut(5)] = 0.001850
E[P_neut(6)] = 0.001534
E[P_neut(7)] = 0.001297
E[P_neut(8)] = 0.001136
E[P_neut(9)] = 0.001026
E[P_neut(10)] = 0.000879
E[P_neut(11)] = 0.000796
E[P_neut(12)] = 0.000756
E[P_neut(13)] = 0.000664
E[P_neut(14)] = 0.000603
E[P_neut(15)] = 0.000589
E[P_neut(16)] = 0.000531
E[P_neut(17)] = 0.000547
E[P_neut(18)] = 0.000504
E[P_neut(19)] = 0.000481

---- Expected P_sel(i), 0 < i < n (selected SFS per site) 
E[P_sel(1)] = 0.003725
E[P_sel(2)] = 0.001531
E[P_sel(3)] = 0.000936
E[P_sel(4)] = 0.000646
E[P_sel(5)] = 0.000497
E[P_sel(6)] = 0.000400
E[P_sel(7)] = 0.000330
E[P_sel(8)] = 0.000284
E[P_sel(9)] = 0.000252
E[P_sel(10)] = 0.000214
E[P_sel(11)] = 0.000192
E[P_sel(12)] = 0.000181
E[P_sel(13)] = 0.000159
E[P_sel(14)] = 0.000145
E[P_sel(15)] = 0.000142
E[P_sel(16)] = 0.000129
E[P_sel(17)] = 0.000136
E[P_sel(18)] = 0.000128
E[P_sel(19)] = 0.000126

---- Expected D_neut and D_sel (neutral and selected divergence per site) 
E[D_neut] = 0.005545
E[D_sel] = 0.001600

---- Expected neutral and selected misattributed polymorphism per site
E[mis_neut] = 0.000467
E[mis_sel] = 0.000128

---- alpha_div = 0.305467
---- alpha_dfe = 0.308638



