---- Performing inference on Ns10_pa_0.005_boots/Ns10_pa_0.005.1.polyDFE.txt using model B

---- Warning: mutation variability is not used when only one neutral and one selected fragment is available.
---- No mutation variability. Using Poisson likelihood.

---- Using provided initial values


-- Starting local optimization
 it       eps_an        eps_cont      theta_bar      S_d            b             p_b           S_b           r  2          r  3          r  4          r  5          r  6          r  7          r  8          r  9          r 10          r 11          r 12          r 13          r 14          r 15          r 16          r 17          r 18          r 19         ln lk             grad     status
  0      4.50e-06      9.00e-07       0.00100     -400.00000       0.40000       0.02000       4.00000       1.00000       1.00000       1.00000       1.00000       1.00000       1.00000       1.00000       1.00000       1.00000       1.00000       1.00000       1.00000       1.00000       1.00000       1.00000       1.00000       1.00000       1.00000  -242398.6346032014   1677.15762   -2
261      4.50e-06      9.00e-07       0.00955    -1275.30641       0.19097       0.00638      12.48412       0.98972       0.98653       1.00969       0.94979       0.94660       0.95486       0.94513       0.94568       0.95586       0.91969       0.93766       0.89446       0.95076       0.93658       0.88702       0.96453       0.91285       0.97967  -198.1223061491      0.01189   -3
-- Local optimization: stuck in the same solution


---- Best joint likelihood found -198.12231 with gradient 0.01189
-- Model: B
--     eps_an        eps_cont      theta_bar     a        
--    4.50e-06      9.00e-07       0.00955       -1.00000  
--      S_d            b             p_b           S_b      
--  -1275.30641       0.19097       0.00638      12.48412  
--     r  2          r  3          r  4          r  5          r  6          r  7          r  8          r  9          r 10          r 11          r 12          r 13          r 14          r 15          r 16          r 17          r 18          r 19     
--     0.98972       0.98653       1.00969       0.94979       0.94660       0.95486       0.94513       0.94568       0.95586       0.91969       0.93766       0.89446       0.95076       0.93658       0.88702       0.96453       0.91285       0.97967  

---- Expected P_neut(i), 0 < i < n (neutral SFS per site) 
E[P_neut(1)] = 0.009554
E[P_neut(2)] = 0.004728
E[P_neut(3)] = 0.003142
E[P_neut(4)] = 0.002412
E[P_neut(5)] = 0.001815
E[P_neut(6)] = 0.001507
E[P_neut(7)] = 0.001303
E[P_neut(8)] = 0.001129
E[P_neut(9)] = 0.001004
E[P_neut(10)] = 0.000913
E[P_neut(11)] = 0.000799
E[P_neut(12)] = 0.000747
E[P_neut(13)] = 0.000657
E[P_neut(14)] = 0.000649
E[P_neut(15)] = 0.000597
E[P_neut(16)] = 0.000530
E[P_neut(17)] = 0.000542
E[P_neut(18)] = 0.000485
E[P_neut(19)] = 0.000493

---- Expected P_sel(i), 0 < i < n (selected SFS per site) 
E[P_sel(1)] = 0.003717
E[P_sel(2)] = 0.001524
E[P_sel(3)] = 0.000929
E[P_sel(4)] = 0.000675
E[P_sel(5)] = 0.000489
E[P_sel(6)] = 0.000394
E[P_sel(7)] = 0.000333
E[P_sel(8)] = 0.000283
E[P_sel(9)] = 0.000248
E[P_sel(10)] = 0.000223
E[P_sel(11)] = 0.000193
E[P_sel(12)] = 0.000180
E[P_sel(13)] = 0.000158
E[P_sel(14)] = 0.000155
E[P_sel(15)] = 0.000143
E[P_sel(16)] = 0.000128
E[P_sel(17)] = 0.000133
E[P_sel(18)] = 0.000122
E[P_sel(19)] = 0.000127

---- Expected neutral and selected misattributed polymorphism per site
E[mis_neut] = 0.000478
E[mis_sel] = 0.000129

---- alpha_div = 0.320241
---- alpha_dfe = 0.278975



