---- Performing inference on Ns10_pa_0.005_boots/Ns10_pa_0.005.26.polyDFE.txt using model B

---- Warning: mutation variability is not used when only one neutral and one selected fragment is available.
---- No mutation variability. Using Poisson likelihood.

---- Using provided initial values


-- Starting local optimization
 it       eps_an        eps_cont      theta_bar      S_d            b             p_b           S_b           r  2          r  3          r  4          r  5          r  6          r  7          r  8          r  9          r 10          r 11          r 12          r 13          r 14          r 15          r 16          r 17          r 18          r 19         ln lk             grad     status
  0      4.50e-06      9.00e-07       0.00100     -400.00000       0.40000       0.02000       4.00000       1.00000       1.00000       1.00000       1.00000       1.00000       1.00000       1.00000       1.00000       1.00000       1.00000       1.00000       1.00000       1.00000       1.00000       1.00000       1.00000       1.00000       1.00000  -241517.0337199467   1673.59611   -2
457      4.51e-06      9.00e-07       0.00943    -1179.39591       0.19108       0.00439      19.89367       0.98881       0.98876       1.02103       0.95492       0.97860       0.98537       0.92108       0.94212       0.94319       0.92411       0.99040       0.92760       0.95575       0.97276       0.93788       0.98997       0.96866       1.00417  -190.6419975493      0.00159   -3
-- Local optimization: stuck in the same solution


---- Best joint likelihood found -190.64200 with gradient 0.00159
-- Model: B
--     eps_an        eps_cont      theta_bar     a        
--    4.51e-06      9.00e-07       0.00943       -1.00000  
--      S_d            b             p_b           S_b      
--  -1179.39591       0.19108       0.00439      19.89367  
--     r  2          r  3          r  4          r  5          r  6          r  7          r  8          r  9          r 10          r 11          r 12          r 13          r 14          r 15          r 16          r 17          r 18          r 19     
--     0.98881       0.98876       1.02103       0.95492       0.97860       0.98537       0.92108       0.94212       0.94319       0.92411       0.99040       0.92760       0.95575       0.97276       0.93788       0.98997       0.96866       1.00417  

---- Expected P_neut(i), 0 < i < n (neutral SFS per site) 
E[P_neut(1)] = 0.009432
E[P_neut(2)] = 0.004663
E[P_neut(3)] = 0.003109
E[P_neut(4)] = 0.002408
E[P_neut(5)] = 0.001801
E[P_neut(6)] = 0.001538
E[P_neut(7)] = 0.001328
E[P_neut(8)] = 0.001086
E[P_neut(9)] = 0.000987
E[P_neut(10)] = 0.000890
E[P_neut(11)] = 0.000792
E[P_neut(12)] = 0.000778
E[P_neut(13)] = 0.000673
E[P_neut(14)] = 0.000644
E[P_neut(15)] = 0.000612
E[P_neut(16)] = 0.000553
E[P_neut(17)] = 0.000549
E[P_neut(18)] = 0.000508
E[P_neut(19)] = 0.000499

---- Expected P_sel(i), 0 < i < n (selected SFS per site) 
E[P_sel(1)] = 0.003709
E[P_sel(2)] = 0.001517
E[P_sel(3)] = 0.000927
E[P_sel(4)] = 0.000679
E[P_sel(5)] = 0.000488
E[P_sel(6)] = 0.000405
E[P_sel(7)] = 0.000341
E[P_sel(8)] = 0.000273
E[P_sel(9)] = 0.000244
E[P_sel(10)] = 0.000217
E[P_sel(11)] = 0.000191
E[P_sel(12)] = 0.000186
E[P_sel(13)] = 0.000160
E[P_sel(14)] = 0.000153
E[P_sel(15)] = 0.000145
E[P_sel(16)] = 0.000132
E[P_sel(17)] = 0.000133
E[P_sel(18)] = 0.000126
E[P_sel(19)] = 0.000128

---- Expected neutral and selected misattributed polymorphism per site
E[mis_neut] = 0.000472
E[mis_sel] = 0.000128

---- alpha_div = 0.304423
---- alpha_dfe = 0.294453



