---- Performing inference on Ns10_pa_0.005_boots/Ns10_pa_0.005.64.polyDFE.txt using model B

---- Warning: mutation variability is not used when only one neutral and one selected fragment is available.
---- No mutation variability. Using Poisson likelihood.

---- Using provided initial values


-- Starting local optimization
 it       eps_an        eps_cont      lambda        theta_bar      S_d            b             p_b           S_b           r  2          r  3          r  4          r  5          r  6          r  7          r  8          r  9          r 10          r 11          r 12          r 13          r 14          r 15          r 16          r 17          r 18          r 19          r 20         ln lk             grad     status
  0      4.50e-06      9.00e-07       0.00500       0.00100     -400.00000       0.40000       0.02000       4.00000       1.00000       1.00000       1.00000       1.00000       1.00000       1.00000       1.00000       1.00000       1.00000       1.00000       1.00000       1.00000       1.00000       1.00000       1.00000       1.00000       1.00000       1.00000       1.00000  -242687.8542592603   1704.08916   -2
342      4.50e-06      9.00e-07       0.00497       0.00949    -1217.60406       0.18880       0.00416      22.29401       0.97085       0.97315       0.97983       0.94519       0.97813       0.93736       0.93000       0.95320       0.94426       0.90153       0.95421       0.91717       0.91237       0.95300       0.90057       0.94183       0.94404       1.04466       0.94631  -204.4961960879      0.00169   -3
-- Local optimization: stuck in the same solution


---- Best joint likelihood found -204.49620 with gradient 0.00169
-- Model: B
--     eps_an        eps_cont      lambda        theta_bar     a        
--    4.50e-06      9.00e-07       0.00497       0.00949       -1.00000  
--      S_d            b             p_b           S_b      
--  -1217.60406       0.18880       0.00416      22.29401  
--     r  2          r  3          r  4          r  5          r  6          r  7          r  8          r  9          r 10          r 11          r 12          r 13          r 14          r 15          r 16          r 17          r 18          r 19          r 20     
--     0.97085       0.97315       0.97983       0.94519       0.97813       0.93736       0.93000       0.95320       0.94426       0.90153       0.95421       0.91717       0.91237       0.95300       0.90057       0.94183       0.94404       1.04466       0.94631  

---- Expected P_neut(i), 0 < i < n (neutral SFS per site) 
E[P_neut(1)] = 0.009493
E[P_neut(2)] = 0.004608
E[P_neut(3)] = 0.003079
E[P_neut(4)] = 0.002325
E[P_neut(5)] = 0.001795
E[P_neut(6)] = 0.001548
E[P_neut(7)] = 0.001271
E[P_neut(8)] = 0.001104
E[P_neut(9)] = 0.001005
E[P_neut(10)] = 0.000896
E[P_neut(11)] = 0.000778
E[P_neut(12)] = 0.000755
E[P_neut(13)] = 0.000670
E[P_neut(14)] = 0.000619
E[P_neut(15)] = 0.000603
E[P_neut(16)] = 0.000534
E[P_neut(17)] = 0.000526
E[P_neut(18)] = 0.000498
E[P_neut(19)] = 0.000522

---- Expected P_sel(i), 0 < i < n (selected SFS per site) 
E[P_sel(1)] = 0.003742
E[P_sel(2)] = 0.001506
E[P_sel(3)] = 0.000923
E[P_sel(4)] = 0.000660
E[P_sel(5)] = 0.000490
E[P_sel(6)] = 0.000410
E[P_sel(7)] = 0.000329
E[P_sel(8)] = 0.000280
E[P_sel(9)] = 0.000251
E[P_sel(10)] = 0.000220
E[P_sel(11)] = 0.000189
E[P_sel(12)] = 0.000182
E[P_sel(13)] = 0.000160
E[P_sel(14)] = 0.000148
E[P_sel(15)] = 0.000144
E[P_sel(16)] = 0.000128
E[P_sel(17)] = 0.000128
E[P_sel(18)] = 0.000124
E[P_sel(19)] = 0.000135

---- Expected D_neut and D_sel (neutral and selected divergence per site) 
E[D_neut] = 0.005421
E[D_sel] = 0.001635

---- Expected neutral and selected misattributed polymorphism per site
E[mis_neut] = 0.000449
E[mis_sel] = 0.000124

---- alpha_div = 0.304597
---- alpha_dfe = 0.305054



