---- Performing inference on Ns10_pa_0.005_boots/Ns10_pa_0.005.31.polyDFE.txt using model B

---- Warning: mutation variability is not used when only one neutral and one selected fragment is available.
---- No mutation variability. Using Poisson likelihood.

---- Using provided initial values


-- Starting local optimization
 it       eps_an        eps_cont      lambda        theta_bar      S_d            b             p_b           S_b           r  2          r  3          r  4          r  5          r  6          r  7          r  8          r  9          r 10          r 11          r 12          r 13          r 14          r 15          r 16          r 17          r 18          r 19          r 20         ln lk             grad     status
  0      4.50e-06      9.00e-07       0.00500       0.00100     -400.00000       0.40000       0.02000       4.00000       1.00000       1.00000       1.00000       1.00000       1.00000       1.00000       1.00000       1.00000       1.00000       1.00000       1.00000       1.00000       1.00000       1.00000       1.00000       1.00000       1.00000       1.00000       1.00000  -244159.4881068537   1711.24595   -2
397      4.50e-06      9.00e-07       0.00493       0.00936     -905.50218       0.20448       0.00909      10.92173       1.00462       1.01149       1.01245       0.99421       0.97930       0.95061       0.97084       0.93690       0.98988       0.90641       0.98380       0.87003       0.93029       0.94745       0.93732       0.99329       0.95865       1.03280       1.02498  -206.3337636948      0.00484   -3
-- Local optimization: stuck in the same solution


---- Best joint likelihood found -206.33376 with gradient 0.00484
-- Model: B
--     eps_an        eps_cont      lambda        theta_bar     a        
--    4.50e-06      9.00e-07       0.00493       0.00936       -1.00000  
--      S_d            b             p_b           S_b      
--   -905.50218       0.20448       0.00909      10.92173  
--     r  2          r  3          r  4          r  5          r  6          r  7          r  8          r  9          r 10          r 11          r 12          r 13          r 14          r 15          r 16          r 17          r 18          r 19          r 20     
--     1.00462       1.01149       1.01245       0.99421       0.97930       0.95061       0.97084       0.93690       0.98988       0.90641       0.98380       0.87003       0.93029       0.94745       0.93732       0.99329       0.95865       1.03280       1.02498  

---- Expected P_neut(i), 0 < i < n (neutral SFS per site) 
E[P_neut(1)] = 0.009363
E[P_neut(2)] = 0.004703
E[P_neut(3)] = 0.003157
E[P_neut(4)] = 0.002370
E[P_neut(5)] = 0.001862
E[P_neut(6)] = 0.001528
E[P_neut(7)] = 0.001271
E[P_neut(8)] = 0.001136
E[P_neut(9)] = 0.000975
E[P_neut(10)] = 0.000927
E[P_neut(11)] = 0.000772
E[P_neut(12)] = 0.000768
E[P_neut(13)] = 0.000627
E[P_neut(14)] = 0.000622
E[P_neut(15)] = 0.000591
E[P_neut(16)] = 0.000549
E[P_neut(17)] = 0.000547
E[P_neut(18)] = 0.000499
E[P_neut(19)] = 0.000509

---- Expected P_sel(i), 0 < i < n (selected SFS per site) 
E[P_sel(1)] = 0.003718
E[P_sel(2)] = 0.001530
E[P_sel(3)] = 0.000938
E[P_sel(4)] = 0.000665
E[P_sel(5)] = 0.000502
E[P_sel(6)] = 0.000400
E[P_sel(7)] = 0.000325
E[P_sel(8)] = 0.000285
E[P_sel(9)] = 0.000241
E[P_sel(10)] = 0.000227
E[P_sel(11)] = 0.000187
E[P_sel(12)] = 0.000185
E[P_sel(13)] = 0.000151
E[P_sel(14)] = 0.000151
E[P_sel(15)] = 0.000144
E[P_sel(16)] = 0.000135
E[P_sel(17)] = 0.000138
E[P_sel(18)] = 0.000129
E[P_sel(19)] = 0.000136

---- Expected D_neut and D_sel (neutral and selected divergence per site) 
E[D_neut] = 0.005414
E[D_sel] = 0.001609

---- Expected neutral and selected misattributed polymorphism per site
E[mis_neut] = 0.000480
E[mis_sel] = 0.000135

---- alpha_div = 0.331323
---- alpha_dfe = 0.332124



