---- Performing inference on Ns10_pa_0.005_boots/Ns10_pa_0.005.64.polyDFE.txt using model B

---- Warning: mutation variability is not used when only one neutral and one selected fragment is available.
---- No mutation variability. Using Poisson likelihood.

---- Using provided initial values


-- Starting local optimization
 it       eps_an        eps_cont      theta_bar      S_d            b             p_b           S_b           r  2          r  3          r  4          r  5          r  6          r  7          r  8          r  9          r 10          r 11          r 12          r 13          r 14          r 15          r 16          r 17          r 18          r 19         ln lk             grad     status
  0      4.50e-06      9.00e-07       0.00100     -400.00000       0.40000       0.02000       4.00000       1.00000       1.00000       1.00000       1.00000       1.00000       1.00000       1.00000       1.00000       1.00000       1.00000       1.00000       1.00000       1.00000       1.00000       1.00000       1.00000       1.00000       1.00000  -240132.1840777187   1667.05584   -2
366      4.52e-06      9.00e-07       0.00949    -1235.71109       0.18794       0.00367      37.42988       0.97060       0.97283       0.97950       0.94490       0.97788       0.93719       0.92992       0.95323       0.94443       0.90185       0.95476       0.91794       0.91341       0.95436       0.90197       0.94282       0.94287       1.03611  -192.9541040151      0.00185   -3
-- Local optimization: stuck in the same solution


---- Best joint likelihood found -192.95410 with gradient 0.00185
-- Model: B
--     eps_an        eps_cont      theta_bar     a        
--    4.52e-06      9.00e-07       0.00949       -1.00000  
--      S_d            b             p_b           S_b      
--  -1235.71109       0.18794       0.00367      37.42988  
--     r  2          r  3          r  4          r  5          r  6          r  7          r  8          r  9          r 10          r 11          r 12          r 13          r 14          r 15          r 16          r 17          r 18          r 19     
--     0.97060       0.97283       0.97950       0.94490       0.97788       0.93719       0.92992       0.95323       0.94443       0.90185       0.95476       0.91794       0.91341       0.95436       0.90197       0.94282       0.94287       1.03611  

---- Expected P_neut(i), 0 < i < n (neutral SFS per site) 
E[P_neut(1)] = 0.009494
E[P_neut(2)] = 0.004607
E[P_neut(3)] = 0.003079
E[P_neut(4)] = 0.002325
E[P_neut(5)] = 0.001794
E[P_neut(6)] = 0.001547
E[P_neut(7)] = 0.001271
E[P_neut(8)] = 0.001104
E[P_neut(9)] = 0.001006
E[P_neut(10)] = 0.000897
E[P_neut(11)] = 0.000778
E[P_neut(12)] = 0.000755
E[P_neut(13)] = 0.000670
E[P_neut(14)] = 0.000619
E[P_neut(15)] = 0.000604
E[P_neut(16)] = 0.000535
E[P_neut(17)] = 0.000527
E[P_neut(18)] = 0.000497
E[P_neut(19)] = 0.000518

---- Expected P_sel(i), 0 < i < n (selected SFS per site) 
E[P_sel(1)] = 0.003742
E[P_sel(2)] = 0.001506
E[P_sel(3)] = 0.000923
E[P_sel(4)] = 0.000660
E[P_sel(5)] = 0.000490
E[P_sel(6)] = 0.000410
E[P_sel(7)] = 0.000329
E[P_sel(8)] = 0.000280
E[P_sel(9)] = 0.000251
E[P_sel(10)] = 0.000220
E[P_sel(11)] = 0.000189
E[P_sel(12)] = 0.000182
E[P_sel(13)] = 0.000160
E[P_sel(14)] = 0.000148
E[P_sel(15)] = 0.000144
E[P_sel(16)] = 0.000128
E[P_sel(17)] = 0.000128
E[P_sel(18)] = 0.000124
E[P_sel(19)] = 0.000137

---- Expected neutral and selected misattributed polymorphism per site
E[mis_neut] = 0.000475
E[mis_sel] = 0.000139

---- alpha_div = 0.298576
---- alpha_dfe = 0.392975



