---- Performing inference on Ns10_pa_0.005_boots/Ns10_pa_0.005.89.polyDFE.txt using model B

---- Warning: mutation variability is not used when only one neutral and one selected fragment is available.
---- No mutation variability. Using Poisson likelihood.

---- Using provided initial values


-- Starting local optimization
 it       eps_an        lambda        theta_bar      S_d            b             r  2          r  3          r  4          r  5          r  6          r  7          r  8          r  9          r 10          r 11          r 12          r 13          r 14          r 15          r 16          r 17          r 18          r 19          r 20         ln lk             grad     status
  0      4.50e-06       0.00500       0.00100     -400.00000       0.40000       1.00000       1.00000       1.00000       1.00000       1.00000       1.00000       1.00000       1.00000       1.00000       1.00000       1.00000       1.00000       1.00000       1.00000       1.00000       1.00000       1.00000       1.00000       1.00000  -260822.7063414491   1896.25114   -2
699      4.61e-06       0.00006       0.00967    -8357.25144       0.13257       0.96019       0.94996       0.93505       0.90344       0.91086       0.89657       0.86343       0.91712       0.87771       0.84955       0.87881       0.84939       0.88131       0.95023       0.89482       0.92361       0.90909       0.97093      11.99891  -388.7235416382      0.01052   -6
-- Local optimization: reached maximum running time allowed


---- Best joint likelihood found -388.72354 with gradient 0.01052
-- Model: B
--     eps_an        eps_cont      lambda        theta_bar     a        
--    4.61e-06      0.00e+00       0.00006       0.00967       -1.00000  
--      S_d            b             p_b           S_b      
--  -8357.25144       0.13257      0.00e+00      0.00e+00  
--     r  2          r  3          r  4          r  5          r  6          r  7          r  8          r  9          r 10          r 11          r 12          r 13          r 14          r 15          r 16          r 17          r 18          r 19          r 20     
--     0.96019       0.94996       0.93505       0.90344       0.91086       0.89657       0.86343       0.91712       0.87771       0.84955       0.87881       0.84939       0.88131       0.95023       0.89482       0.92361       0.90909       0.97093      11.99891  

---- Expected P_neut(i), 0 < i < n (neutral SFS per site) 
E[P_neut(1)] = 0.009671
E[P_neut(2)] = 0.004643
E[P_neut(3)] = 0.003062
E[P_neut(4)] = 0.002261
E[P_neut(5)] = 0.001747
E[P_neut(6)] = 0.001468
E[P_neut(7)] = 0.001239
E[P_neut(8)] = 0.001044
E[P_neut(9)] = 0.000985
E[P_neut(10)] = 0.000849
E[P_neut(11)] = 0.000747
E[P_neut(12)] = 0.000708
E[P_neut(13)] = 0.000632
E[P_neut(14)] = 0.000609
E[P_neut(15)] = 0.000613
E[P_neut(16)] = 0.000541
E[P_neut(17)] = 0.000525
E[P_neut(18)] = 0.000488
E[P_neut(19)] = 0.000494

---- Expected P_sel(i), 0 < i < n (selected SFS per site) 
E[P_sel(1)] = 0.003693
E[P_sel(2)] = 0.001553
E[P_sel(3)] = 0.000963
E[P_sel(4)] = 0.000684
E[P_sel(5)] = 0.000513
E[P_sel(6)] = 0.000422
E[P_sel(7)] = 0.000349
E[P_sel(8)] = 0.000290
E[P_sel(9)] = 0.000270
E[P_sel(10)] = 0.000230
E[P_sel(11)] = 0.000200
E[P_sel(12)] = 0.000188
E[P_sel(13)] = 0.000166
E[P_sel(14)] = 0.000159
E[P_sel(15)] = 0.000158
E[P_sel(16)] = 0.000139
E[P_sel(17)] = 0.000134
E[P_sel(18)] = 0.000124
E[P_sel(19)] = 0.000124

---- Expected D_neut and D_sel (neutral and selected divergence per site) 
E[D_neut] = 0.005858
E[D_sel] = 0.001467

---- Expected neutral and selected misattributed polymorphism per site
E[mis_neut] = 0.005802
E[mis_sel] = 0.001453

---- alpha_div = 1.595522
---- alpha_dfe = 0.000000



