---- Performing inference on Ns10_pa_0.005_boots/Ns10_pa_0.005.95.polyDFE.txt using model B

---- Warning: mutation variability is not used when only one neutral and one selected fragment is available.
---- No mutation variability. Using Poisson likelihood.

---- Using provided initial values


-- Starting local optimization
 it       eps_an        eps_cont      lambda        theta_bar      S_d            b             p_b           S_b           r  2          r  3          r  4          r  5          r  6          r  7          r  8          r  9          r 10          r 11          r 12          r 13          r 14          r 15          r 16          r 17          r 18          r 19          r 20         ln lk             grad     status
  0      4.50e-06      9.00e-07       0.00500       0.00100     -400.00000       0.40000       0.02000       4.00000       1.00000       1.00000       1.00000       1.00000       1.00000       1.00000       1.00000       1.00000       1.00000       1.00000       1.00000       1.00000       1.00000       1.00000       1.00000       1.00000       1.00000       1.00000       1.00000  -245428.5322911965   1716.67690   -2
174      4.50e-06      9.00e-07       0.00498       0.00945     -801.92234       0.20963       0.00864      11.84666       0.99347       0.99993       1.01017       0.99036       0.98844       0.94804       0.96473       0.94725       0.98407       0.90744       0.94073       0.89704       0.86911       0.96196       0.94159       0.97593       0.96798       0.93427       0.90684  -214.2088069035      0.10232   -3
-- Local optimization: stuck in the same solution


---- Best joint likelihood found -214.20881 with gradient 0.10232
-- Model: B
--     eps_an        eps_cont      lambda        theta_bar     a        
--    4.50e-06      9.00e-07       0.00498       0.00945       -1.00000  
--      S_d            b             p_b           S_b      
--   -801.92234       0.20963       0.00864      11.84666  
--     r  2          r  3          r  4          r  5          r  6          r  7          r  8          r  9          r 10          r 11          r 12          r 13          r 14          r 15          r 16          r 17          r 18          r 19          r 20     
--     0.99347       0.99993       1.01017       0.99036       0.98844       0.94804       0.96473       0.94725       0.98407       0.90744       0.94073       0.89704       0.86911       0.96196       0.94159       0.97593       0.96798       0.93427       0.90684  

---- Expected P_neut(i), 0 < i < n (neutral SFS per site) 
E[P_neut(1)] = 0.009451
E[P_neut(2)] = 0.004695
E[P_neut(3)] = 0.003150
E[P_neut(4)] = 0.002387
E[P_neut(5)] = 0.001872
E[P_neut(6)] = 0.001557
E[P_neut(7)] = 0.001280
E[P_neut(8)] = 0.001140
E[P_neut(9)] = 0.000995
E[P_neut(10)] = 0.000930
E[P_neut(11)] = 0.000780
E[P_neut(12)] = 0.000741
E[P_neut(13)] = 0.000652
E[P_neut(14)] = 0.000587
E[P_neut(15)] = 0.000606
E[P_neut(16)] = 0.000556
E[P_neut(17)] = 0.000543
E[P_neut(18)] = 0.000508
E[P_neut(19)] = 0.000465

---- Expected P_sel(i), 0 < i < n (selected SFS per site) 
E[P_sel(1)] = 0.003774
E[P_sel(2)] = 0.001529
E[P_sel(3)] = 0.000934
E[P_sel(4)] = 0.000667
E[P_sel(5)] = 0.000502
E[P_sel(6)] = 0.000405
E[P_sel(7)] = 0.000325
E[P_sel(8)] = 0.000284
E[P_sel(9)] = 0.000244
E[P_sel(10)] = 0.000225
E[P_sel(11)] = 0.000187
E[P_sel(12)] = 0.000177
E[P_sel(13)] = 0.000156
E[P_sel(14)] = 0.000140
E[P_sel(15)] = 0.000146
E[P_sel(16)] = 0.000136
E[P_sel(17)] = 0.000135
E[P_sel(18)] = 0.000130
E[P_sel(19)] = 0.000124

---- Expected D_neut and D_sel (neutral and selected divergence per site) 
E[D_neut] = 0.005413
E[D_sel] = 0.001616

---- Expected neutral and selected misattributed polymorphism per site
E[mis_neut] = 0.000429
E[mis_sel] = 0.000120

---- alpha_div = 0.342310
---- alpha_dfe = 0.341069



