---- Performing inference on Ns10_pa_0.005_boots/Ns10_pa_0.005.51.polyDFE.txt using model B

---- Warning: mutation variability is not used when only one neutral and one selected fragment is available.
---- No mutation variability. Using Poisson likelihood.

---- Using provided initial values


-- Starting local optimization
 it       eps_an        eps_cont      theta_bar      S_d            b             p_b           S_b           r  2          r  3          r  4          r  5          r  6          r  7          r  8          r  9          r 10          r 11          r 12          r 13          r 14          r 15          r 16          r 17          r 18          r 19         ln lk             grad     status
  0      4.50e-06      9.00e-07       0.00100     -400.00000       0.40000       0.02000       4.00000       1.00000       1.00000       1.00000       1.00000       1.00000       1.00000       1.00000       1.00000       1.00000       1.00000       1.00000       1.00000       1.00000       1.00000       1.00000       1.00000       1.00000       1.00000  -240919.2275555182   1670.98311   -2
354      4.50e-06      9.00e-07       0.00945     -972.35310       0.19951       0.00709      12.97078       0.98214       0.97162       1.01065       0.95625       0.96279       0.94393       0.93845       0.94716       0.97438       0.90056       0.96549       0.94848       0.94375       0.94583       0.86670       0.96556       0.94154       1.02746  -196.7450008123      0.00157   -3
-- Local optimization: stuck in the same solution


---- Best joint likelihood found -196.74500 with gradient 0.00157
-- Model: B
--     eps_an        eps_cont      theta_bar     a        
--    4.50e-06      9.00e-07       0.00945       -1.00000  
--      S_d            b             p_b           S_b      
--   -972.35310       0.19951       0.00709      12.97078  
--     r  2          r  3          r  4          r  5          r  6          r  7          r  8          r  9          r 10          r 11          r 12          r 13          r 14          r 15          r 16          r 17          r 18          r 19     
--     0.98214       0.97162       1.01065       0.95625       0.96279       0.94393       0.93845       0.94716       0.97438       0.90056       0.96549       0.94848       0.94375       0.94583       0.86670       0.96556       0.94154       1.02746  

---- Expected P_neut(i), 0 < i < n (neutral SFS per site) 
E[P_neut(1)] = 0.009451
E[P_neut(2)] = 0.004641
E[P_neut(3)] = 0.003061
E[P_neut(4)] = 0.002388
E[P_neut(5)] = 0.001807
E[P_neut(6)] = 0.001517
E[P_neut(7)] = 0.001274
E[P_neut(8)] = 0.001109
E[P_neut(9)] = 0.000995
E[P_neut(10)] = 0.000921
E[P_neut(11)] = 0.000774
E[P_neut(12)] = 0.000760
E[P_neut(13)] = 0.000690
E[P_neut(14)] = 0.000637
E[P_neut(15)] = 0.000596
E[P_neut(16)] = 0.000512
E[P_neut(17)] = 0.000537
E[P_neut(18)] = 0.000494
E[P_neut(19)] = 0.000511

---- Expected P_sel(i), 0 < i < n (selected SFS per site) 
E[P_sel(1)] = 0.003753
E[P_sel(2)] = 0.001516
E[P_sel(3)] = 0.000913
E[P_sel(4)] = 0.000674
E[P_sel(5)] = 0.000490
E[P_sel(6)] = 0.000399
E[P_sel(7)] = 0.000327
E[P_sel(8)] = 0.000279
E[P_sel(9)] = 0.000247
E[P_sel(10)] = 0.000226
E[P_sel(11)] = 0.000188
E[P_sel(12)] = 0.000183
E[P_sel(13)] = 0.000166
E[P_sel(14)] = 0.000153
E[P_sel(15)] = 0.000144
E[P_sel(16)] = 0.000125
E[P_sel(17)] = 0.000133
E[P_sel(18)] = 0.000126
E[P_sel(19)] = 0.000135

---- Expected neutral and selected misattributed polymorphism per site
E[mis_neut] = 0.000473
E[mis_sel] = 0.000131

---- alpha_div = 0.327586
---- alpha_dfe = 0.310717



