---- Performing inference on Ns10_pa_0.005_boots/Ns10_pa_0.005.17.polyDFE.txt using model B

---- Warning: mutation variability is not used when only one neutral and one selected fragment is available.
---- No mutation variability. Using Poisson likelihood.

---- Using provided initial values


-- Starting local optimization
 it       eps_an        theta_bar      S_d            b             r  2          r  3          r  4          r  5          r  6          r  7          r  8          r  9          r 10          r 11          r 12          r 13          r 14          r 15          r 16          r 17          r 18          r 19         ln lk             grad     status
  0      4.50e-06       0.00100     -400.00000       0.40000       1.00000       1.00000       1.00000       1.00000       1.00000       1.00000       1.00000       1.00000       1.00000       1.00000       1.00000       1.00000       1.00000       1.00000       1.00000       1.00000       1.00000       1.00000  -252391.0973016497   1772.99487   -2
130      4.50e-06       0.00944    -1261.74483       0.18331       0.98774       0.97892       0.99424       0.95325       0.96967       0.96492       0.95714       0.93985       0.94082       0.91192       0.98923       0.92307       0.93004       0.96776       0.92064       0.99427       0.94891       1.05213  -205.8080212467      0.00192   -3
-- Local optimization: stuck in the same solution


---- Best joint likelihood found -205.80802 with gradient 0.00192
-- Model: B
--     eps_an        eps_cont      theta_bar     a        
--    4.50e-06      0.00e+00       0.00944       -1.00000  
--      S_d            b             p_b           S_b      
--  -1261.74483       0.18331      0.00e+00      0.00e+00  
--     r  2          r  3          r  4          r  5          r  6          r  7          r  8          r  9          r 10          r 11          r 12          r 13          r 14          r 15          r 16          r 17          r 18          r 19     
--     0.98774       0.97892       0.99424       0.95325       0.96967       0.96492       0.95714       0.93985       0.94082       0.91192       0.98923       0.92307       0.93004       0.96776       0.92064       0.99427       0.94891       1.05213  

---- Expected P_neut(i), 0 < i < n (neutral SFS per site) 
E[P_neut(1)] = 0.009444
E[P_neut(2)] = 0.004664
E[P_neut(3)] = 0.003081
E[P_neut(4)] = 0.002347
E[P_neut(5)] = 0.001800
E[P_neut(6)] = 0.001526
E[P_neut(7)] = 0.001302
E[P_neut(8)] = 0.001130
E[P_neut(9)] = 0.000986
E[P_neut(10)] = 0.000888
E[P_neut(11)] = 0.000783
E[P_neut(12)] = 0.000778
E[P_neut(13)] = 0.000671
E[P_neut(14)] = 0.000627
E[P_neut(15)] = 0.000609
E[P_neut(16)] = 0.000543
E[P_neut(17)] = 0.000552
E[P_neut(18)] = 0.000498
E[P_neut(19)] = 0.000523

---- Expected P_sel(i), 0 < i < n (selected SFS per site) 
E[P_sel(1)] = 0.003752
E[P_sel(2)] = 0.001541
E[P_sel(3)] = 0.000934
E[P_sel(4)] = 0.000673
E[P_sel(5)] = 0.000496
E[P_sel(6)] = 0.000408
E[P_sel(7)] = 0.000339
E[P_sel(8)] = 0.000288
E[P_sel(9)] = 0.000246
E[P_sel(10)] = 0.000218
E[P_sel(11)] = 0.000190
E[P_sel(12)] = 0.000186
E[P_sel(13)] = 0.000158
E[P_sel(14)] = 0.000146
E[P_sel(15)] = 0.000141
E[P_sel(16)] = 0.000124
E[P_sel(17)] = 0.000125
E[P_sel(18)] = 0.000112
E[P_sel(19)] = 0.000116

---- Expected neutral and selected misattributed polymorphism per site
E[mis_neut] = 0.000472
E[mis_sel] = 0.000104

---- alpha_div = 0.287379
---- alpha_dfe = 0.000000



