---- Performing inference on Ns10_pa_0.005_boots/Ns10_pa_0.005.19.polyDFE.txt using model B

---- Warning: mutation variability is not used when only one neutral and one selected fragment is available.
---- No mutation variability. Using Poisson likelihood.

---- Using provided initial values


-- Starting local optimization
 it       eps_an        eps_cont      lambda        theta_bar      S_d            b             p_b           S_b           r  2          r  3          r  4          r  5          r  6          r  7          r  8          r  9          r 10          r 11          r 12          r 13          r 14          r 15          r 16          r 17          r 18          r 19          r 20         ln lk             grad     status
  0      4.50e-06      9.00e-07       0.00500       0.00100     -400.00000       0.40000       0.02000       4.00000       1.00000       1.00000       1.00000       1.00000       1.00000       1.00000       1.00000       1.00000       1.00000       1.00000       1.00000       1.00000       1.00000       1.00000       1.00000       1.00000       1.00000       1.00000       1.00000  -245378.6362304636   1717.61692   -2
233      4.50e-06      9.00e-07       0.00499       0.00945     -869.66857       0.20186       0.00640      14.30882       0.98452       0.98551       0.99082       0.99581       0.95974       0.95188       0.91174       0.94616       0.95684       0.94650       0.94716       0.93374       0.92237       0.98004       0.91691       0.94997       0.94466       0.98376       0.98455  -203.6182681783      0.00470   -3
-- Local optimization: stuck in the same solution


---- Best joint likelihood found -203.61827 with gradient 0.00470
-- Model: B
--     eps_an        eps_cont      lambda        theta_bar     a        
--    4.50e-06      9.00e-07       0.00499       0.00945       -1.00000  
--      S_d            b             p_b           S_b      
--   -869.66857       0.20186       0.00640      14.30882  
--     r  2          r  3          r  4          r  5          r  6          r  7          r  8          r  9          r 10          r 11          r 12          r 13          r 14          r 15          r 16          r 17          r 18          r 19          r 20     
--     0.98452       0.98551       0.99082       0.99581       0.95974       0.95188       0.91174       0.94616       0.95684       0.94650       0.94716       0.93374       0.92237       0.98004       0.91691       0.94997       0.94466       0.98376       0.98455  

---- Expected P_neut(i), 0 < i < n (neutral SFS per site) 
E[P_neut(1)] = 0.009446
E[P_neut(2)] = 0.004650
E[P_neut(3)] = 0.003103
E[P_neut(4)] = 0.002340
E[P_neut(5)] = 0.001881
E[P_neut(6)] = 0.001511
E[P_neut(7)] = 0.001285
E[P_neut(8)] = 0.001077
E[P_neut(9)] = 0.000993
E[P_neut(10)] = 0.000904
E[P_neut(11)] = 0.000813
E[P_neut(12)] = 0.000746
E[P_neut(13)] = 0.000678
E[P_neut(14)] = 0.000622
E[P_neut(15)] = 0.000617
E[P_neut(16)] = 0.000541
E[P_neut(17)] = 0.000528
E[P_neut(18)] = 0.000496
E[P_neut(19)] = 0.000489

---- Expected P_sel(i), 0 < i < n (selected SFS per site) 
E[P_sel(1)] = 0.003797
E[P_sel(2)] = 0.001533
E[P_sel(3)] = 0.000933
E[P_sel(4)] = 0.000665
E[P_sel(5)] = 0.000513
E[P_sel(6)] = 0.000399
E[P_sel(7)] = 0.000331
E[P_sel(8)] = 0.000272
E[P_sel(9)] = 0.000247
E[P_sel(10)] = 0.000222
E[P_sel(11)] = 0.000198
E[P_sel(12)] = 0.000180
E[P_sel(13)] = 0.000163
E[P_sel(14)] = 0.000150
E[P_sel(15)] = 0.000149
E[P_sel(16)] = 0.000132
E[P_sel(17)] = 0.000131
E[P_sel(18)] = 0.000126
E[P_sel(19)] = 0.000129

---- Expected D_neut and D_sel (neutral and selected divergence per site) 
E[D_neut] = 0.005450
E[D_sel] = 0.001609

---- Expected neutral and selected misattributed polymorphism per site
E[mis_neut] = 0.000465
E[mis_sel] = 0.000129

---- alpha_div = 0.307499
---- alpha_dfe = 0.308238



