---- Performing inference on Ns10_pa_0.005_boots/Ns10_pa_0.005.6.polyDFE.txt using model B

---- Warning: mutation variability is not used when only one neutral and one selected fragment is available.
---- No mutation variability. Using Poisson likelihood.

---- Using provided initial values


-- Starting local optimization
 it       eps_an        theta_bar      S_d            b             r  2          r  3          r  4          r  5          r  6          r  7          r  8          r  9          r 10          r 11          r 12          r 13          r 14          r 15          r 16          r 17          r 18          r 19         ln lk             grad     status
  0      4.50e-06       0.00100     -400.00000       0.40000       1.00000       1.00000       1.00000       1.00000       1.00000       1.00000       1.00000       1.00000       1.00000       1.00000       1.00000       1.00000       1.00000       1.00000       1.00000       1.00000       1.00000       1.00000  -253470.2033495856   1777.76671   -2
173      4.50e-06       0.00950    -1744.88921       0.17400       0.98091       0.98204       0.98865       0.97289       0.95464       0.96259       0.95726       0.93514       0.93565       0.93486       0.95233       0.93903       0.93047       0.96612       0.89158       1.02242       0.99239       1.07462  -239.2400023365      0.00076   -3
-- Local optimization: stuck in the same solution


---- Best joint likelihood found -239.24000 with gradient 0.00076
-- Model: B
--     eps_an        eps_cont      theta_bar     a        
--    4.50e-06      0.00e+00       0.00950       -1.00000  
--      S_d            b             p_b           S_b      
--  -1744.88921       0.17400      0.00e+00      0.00e+00  
--     r  2          r  3          r  4          r  5          r  6          r  7          r  8          r  9          r 10          r 11          r 12          r 13          r 14          r 15          r 16          r 17          r 18          r 19     
--     0.98091       0.98204       0.98865       0.97289       0.95464       0.96259       0.95726       0.93514       0.93565       0.93486       0.95233       0.93903       0.93047       0.96612       0.89158       1.02242       0.99239       1.07462  

---- Expected P_neut(i), 0 < i < n (neutral SFS per site) 
E[P_neut(1)] = 0.009501
E[P_neut(2)] = 0.004660
E[P_neut(3)] = 0.003110
E[P_neut(4)] = 0.002348
E[P_neut(5)] = 0.001849
E[P_neut(6)] = 0.001512
E[P_neut(7)] = 0.001307
E[P_neut(8)] = 0.001137
E[P_neut(9)] = 0.000987
E[P_neut(10)] = 0.000889
E[P_neut(11)] = 0.000807
E[P_neut(12)] = 0.000754
E[P_neut(13)] = 0.000686
E[P_neut(14)] = 0.000631
E[P_neut(15)] = 0.000612
E[P_neut(16)] = 0.000529
E[P_neut(17)] = 0.000571
E[P_neut(18)] = 0.000524
E[P_neut(19)] = 0.000537

---- Expected P_sel(i), 0 < i < n (selected SFS per site) 
E[P_sel(1)] = 0.003707
E[P_sel(2)] = 0.001525
E[P_sel(3)] = 0.000938
E[P_sel(4)] = 0.000672
E[P_sel(5)] = 0.000510
E[P_sel(6)] = 0.000405
E[P_sel(7)] = 0.000341
E[P_sel(8)] = 0.000291
E[P_sel(9)] = 0.000248
E[P_sel(10)] = 0.000220
E[P_sel(11)] = 0.000197
E[P_sel(12)] = 0.000181
E[P_sel(13)] = 0.000163
E[P_sel(14)] = 0.000149
E[P_sel(15)] = 0.000143
E[P_sel(16)] = 0.000122
E[P_sel(17)] = 0.000131
E[P_sel(18)] = 0.000119
E[P_sel(19)] = 0.000121

---- Expected neutral and selected misattributed polymorphism per site
E[mis_neut] = 0.000475
E[mis_sel] = 0.000106

---- alpha_div = 0.278873
---- alpha_dfe = 0.000000



