---- Performing inference on Ns10_pa_0.005_boots/Ns10_pa_0.005.11.polyDFE.txt using model B

---- Warning: mutation variability is not used when only one neutral and one selected fragment is available.
---- No mutation variability. Using Poisson likelihood.

---- Using provided initial values


-- Starting local optimization
 it       eps_an        eps_cont      lambda        theta_bar      S_d            b             p_b           S_b           r  2          r  3          r  4          r  5          r  6          r  7          r  8          r  9          r 10          r 11          r 12          r 13          r 14          r 15          r 16          r 17          r 18          r 19          r 20         ln lk             grad     status
  0      4.50e-06      9.00e-07       0.00500       0.00100     -400.00000       0.40000       0.02000       4.00000       1.00000       1.00000       1.00000       1.00000       1.00000       1.00000       1.00000       1.00000       1.00000       1.00000       1.00000       1.00000       1.00000       1.00000       1.00000       1.00000       1.00000       1.00000       1.00000  -244749.1120210513   1713.57363   -2
143      4.50e-06      9.00e-07       0.00492       0.00946    -1103.51279       0.19153       0.00254      37.42930       1.00046       0.98367       1.00395       0.96176       0.96476       0.94881       0.96334       0.94480       0.96435       0.91282       0.97607       0.88401       0.92340       0.94553       0.92014       0.97727       0.98470       1.01879       0.89413  -218.8323327956      0.09042   -3
-- Local optimization: stuck in the same solution


---- Best joint likelihood found -218.83233 with gradient 0.09042
-- Model: B
--     eps_an        eps_cont      lambda        theta_bar     a        
--    4.50e-06      9.00e-07       0.00492       0.00946       -1.00000  
--      S_d            b             p_b           S_b      
--  -1103.51279       0.19153       0.00254      37.42930  
--     r  2          r  3          r  4          r  5          r  6          r  7          r  8          r  9          r 10          r 11          r 12          r 13          r 14          r 15          r 16          r 17          r 18          r 19          r 20     
--     1.00046       0.98367       1.00395       0.96176       0.96476       0.94881       0.96334       0.94480       0.96435       0.91282       0.97607       0.88401       0.92340       0.94553       0.92014       0.97727       0.98470       1.01879       0.89413  

---- Expected P_neut(i), 0 < i < n (neutral SFS per site) 
E[P_neut(1)] = 0.009461
E[P_neut(2)] = 0.004733
E[P_neut(3)] = 0.003102
E[P_neut(4)] = 0.002375
E[P_neut(5)] = 0.001820
E[P_neut(6)] = 0.001521
E[P_neut(7)] = 0.001282
E[P_neut(8)] = 0.001139
E[P_neut(9)] = 0.000993
E[P_neut(10)] = 0.000912
E[P_neut(11)] = 0.000785
E[P_neut(12)] = 0.000770
E[P_neut(13)] = 0.000643
E[P_neut(14)] = 0.000624
E[P_neut(15)] = 0.000596
E[P_neut(16)] = 0.000544
E[P_neut(17)] = 0.000544
E[P_neut(18)] = 0.000518
E[P_neut(19)] = 0.000507

---- Expected P_sel(i), 0 < i < n (selected SFS per site) 
E[P_sel(1)] = 0.003749
E[P_sel(2)] = 0.001549
E[P_sel(3)] = 0.000929
E[P_sel(4)] = 0.000672
E[P_sel(5)] = 0.000495
E[P_sel(6)] = 0.000401
E[P_sel(7)] = 0.000329
E[P_sel(8)] = 0.000286
E[P_sel(9)] = 0.000245
E[P_sel(10)] = 0.000222
E[P_sel(11)] = 0.000188
E[P_sel(12)] = 0.000183
E[P_sel(13)] = 0.000151
E[P_sel(14)] = 0.000146
E[P_sel(15)] = 0.000139
E[P_sel(16)] = 0.000127
E[P_sel(17)] = 0.000128
E[P_sel(18)] = 0.000124
E[P_sel(19)] = 0.000126

---- Expected D_neut and D_sel (neutral and selected divergence per site) 
E[D_neut] = 0.005347
E[D_sel] = 0.001623

---- Expected neutral and selected misattributed polymorphism per site
E[mis_neut] = 0.000423
E[mis_sel] = 0.000113

---- alpha_div = 0.312183
---- alpha_dfe = 0.310473



