---- Performing inference on Ns10_pa_0.005_boots/Ns10_pa_0.005.51.polyDFE.txt using model B

---- Warning: mutation variability is not used when only one neutral and one selected fragment is available.
---- No mutation variability. Using Poisson likelihood.

---- Using provided initial values


-- Starting local optimization
 it       eps_an        eps_cont      lambda        theta_bar      S_d            b             p_b           S_b           r  2          r  3          r  4          r  5          r  6          r  7          r  8          r  9          r 10          r 11          r 12          r 13          r 14          r 15          r 16          r 17          r 18          r 19          r 20         ln lk             grad     status
  0      4.50e-06      9.00e-07       0.00500       0.00100     -400.00000       0.40000       0.02000       4.00000       1.00000       1.00000       1.00000       1.00000       1.00000       1.00000       1.00000       1.00000       1.00000       1.00000       1.00000       1.00000       1.00000       1.00000       1.00000       1.00000       1.00000       1.00000       1.00000  -243542.1797905241   1708.59298   -2
362      4.50e-06      9.00e-07       0.00498       0.00945     -983.22484       0.19878       0.00670      14.68354       0.98194       0.97136       1.01036       0.95601       0.96258       0.94379       0.93836       0.94716       0.97447       0.90073       0.96578       0.94887       0.94420       0.94628       0.86698       0.96546       0.94057       1.02459       1.02416  -208.0836733245      0.00168   -3
-- Local optimization: stuck in the same solution


---- Best joint likelihood found -208.08367 with gradient 0.00168
-- Model: B
--     eps_an        eps_cont      lambda        theta_bar     a        
--    4.50e-06      9.00e-07       0.00498       0.00945       -1.00000  
--      S_d            b             p_b           S_b      
--   -983.22484       0.19878       0.00670      14.68354  
--     r  2          r  3          r  4          r  5          r  6          r  7          r  8          r  9          r 10          r 11          r 12          r 13          r 14          r 15          r 16          r 17          r 18          r 19          r 20     
--     0.98194       0.97136       1.01036       0.95601       0.96258       0.94379       0.93836       0.94716       0.97447       0.90073       0.96578       0.94887       0.94420       0.94628       0.86698       0.96546       0.94057       1.02459       1.02416  

---- Expected P_neut(i), 0 < i < n (neutral SFS per site) 
E[P_neut(1)] = 0.009452
E[P_neut(2)] = 0.004640
E[P_neut(3)] = 0.003060
E[P_neut(4)] = 0.002387
E[P_neut(5)] = 0.001807
E[P_neut(6)] = 0.001516
E[P_neut(7)] = 0.001274
E[P_neut(8)] = 0.001109
E[P_neut(9)] = 0.000995
E[P_neut(10)] = 0.000921
E[P_neut(11)] = 0.000774
E[P_neut(12)] = 0.000761
E[P_neut(13)] = 0.000690
E[P_neut(14)] = 0.000637
E[P_neut(15)] = 0.000596
E[P_neut(16)] = 0.000512
E[P_neut(17)] = 0.000537
E[P_neut(18)] = 0.000494
E[P_neut(19)] = 0.000510

---- Expected P_sel(i), 0 < i < n (selected SFS per site) 
E[P_sel(1)] = 0.003753
E[P_sel(2)] = 0.001516
E[P_sel(3)] = 0.000914
E[P_sel(4)] = 0.000674
E[P_sel(5)] = 0.000490
E[P_sel(6)] = 0.000399
E[P_sel(7)] = 0.000327
E[P_sel(8)] = 0.000279
E[P_sel(9)] = 0.000247
E[P_sel(10)] = 0.000226
E[P_sel(11)] = 0.000188
E[P_sel(12)] = 0.000183
E[P_sel(13)] = 0.000166
E[P_sel(14)] = 0.000153
E[P_sel(15)] = 0.000144
E[P_sel(16)] = 0.000125
E[P_sel(17)] = 0.000133
E[P_sel(18)] = 0.000126
E[P_sel(19)] = 0.000135

---- Expected D_neut and D_sel (neutral and selected divergence per site) 
E[D_neut] = 0.005468
E[D_sel] = 0.001646

---- Expected neutral and selected misattributed polymorphism per site
E[mis_neut] = 0.000484
E[mis_sel] = 0.000136

---- alpha_div = 0.324761
---- alpha_dfe = 0.324529



