---- Performing inference on Ns10_pa_0.005_boots/Ns10_pa_0.005.36.polyDFE.txt using model B

---- Warning: mutation variability is not used when only one neutral and one selected fragment is available.
---- No mutation variability. Using Poisson likelihood.

---- Using provided initial values


-- Starting local optimization
 it       eps_an        eps_cont      lambda        theta_bar      S_d            b             p_b           S_b           r  2          r  3          r  4          r  5          r  6          r  7          r  8          r  9          r 10          r 11          r 12          r 13          r 14          r 15          r 16          r 17          r 18          r 19          r 20         ln lk             grad     status
  0      4.50e-06      9.00e-07       0.00500       0.00100     -400.00000       0.40000       0.02000       4.00000       1.00000       1.00000       1.00000       1.00000       1.00000       1.00000       1.00000       1.00000       1.00000       1.00000       1.00000       1.00000       1.00000       1.00000       1.00000       1.00000       1.00000       1.00000       1.00000  -244157.8733698749   1710.81042   -2
256      4.50e-06      9.00e-07       0.00501       0.00945     -947.23309       0.20135       0.00657      14.70158       0.99859       1.00369       0.98996       0.96596       0.99647       0.96010       0.95418       0.94297       0.94576       0.89680       0.94074       0.94256       0.94962       0.94339       0.89245       0.97700       0.92089       0.96504       0.96151  -202.5280168218      0.00875   -3
-- Local optimization: stuck in the same solution


---- Best joint likelihood found -202.52802 with gradient 0.00875
-- Model: B
--     eps_an        eps_cont      lambda        theta_bar     a        
--    4.50e-06      9.00e-07       0.00501       0.00945       -1.00000  
--      S_d            b             p_b           S_b      
--   -947.23309       0.20135       0.00657      14.70158  
--     r  2          r  3          r  4          r  5          r  6          r  7          r  8          r  9          r 10          r 11          r 12          r 13          r 14          r 15          r 16          r 17          r 18          r 19          r 20     
--     0.99859       1.00369       0.98996       0.96596       0.99647       0.96010       0.95418       0.94297       0.94576       0.89680       0.94074       0.94256       0.94962       0.94339       0.89245       0.97700       0.92089       0.96504       0.96151  

---- Expected P_neut(i), 0 < i < n (neutral SFS per site) 
E[P_neut(1)] = 0.009449
E[P_neut(2)] = 0.004718
E[P_neut(3)] = 0.003161
E[P_neut(4)] = 0.002338
E[P_neut(5)] = 0.001825
E[P_neut(6)] = 0.001569
E[P_neut(7)] = 0.001296
E[P_neut(8)] = 0.001127
E[P_neut(9)] = 0.000990
E[P_neut(10)] = 0.000894
E[P_neut(11)] = 0.000770
E[P_neut(12)] = 0.000741
E[P_neut(13)] = 0.000685
E[P_neut(14)] = 0.000641
E[P_neut(15)] = 0.000594
E[P_neut(16)] = 0.000527
E[P_neut(17)] = 0.000543
E[P_neut(18)] = 0.000483
E[P_neut(19)] = 0.000480

---- Expected P_sel(i), 0 < i < n (selected SFS per site) 
E[P_sel(1)] = 0.003744
E[P_sel(2)] = 0.001534
E[P_sel(3)] = 0.000938
E[P_sel(4)] = 0.000655
E[P_sel(5)] = 0.000491
E[P_sel(6)] = 0.000409
E[P_sel(7)] = 0.000330
E[P_sel(8)] = 0.000281
E[P_sel(9)] = 0.000243
E[P_sel(10)] = 0.000217
E[P_sel(11)] = 0.000185
E[P_sel(12)] = 0.000177
E[P_sel(13)] = 0.000163
E[P_sel(14)] = 0.000152
E[P_sel(15)] = 0.000142
E[P_sel(16)] = 0.000127
E[P_sel(17)] = 0.000133
E[P_sel(18)] = 0.000122
E[P_sel(19)] = 0.000126

---- Expected D_neut and D_sel (neutral and selected divergence per site) 
E[D_neut] = 0.005463
E[D_sel] = 0.001624

---- Expected neutral and selected misattributed polymorphism per site
E[mis_neut] = 0.000454
E[mis_sel] = 0.000126

---- alpha_div = 0.321656
---- alpha_dfe = 0.322738



