---- Performing inference on Ns10_pa_0.005_boots/Ns10_pa_0.005.81.polyDFE.txt using model B

---- Warning: mutation variability is not used when only one neutral and one selected fragment is available.
---- No mutation variability. Using Poisson likelihood.

---- Using provided initial values


-- Starting local optimization
 it       eps_an        eps_cont      lambda        theta_bar      S_d            b             p_b           S_b           r  2          r  3          r  4          r  5          r  6          r  7          r  8          r  9          r 10          r 11          r 12          r 13          r 14          r 15          r 16          r 17          r 18          r 19          r 20         ln lk             grad     status
  0      4.50e-06      9.00e-07       0.00500       0.00100     -400.00000       0.40000       0.02000       4.00000       1.00000       1.00000       1.00000       1.00000       1.00000       1.00000       1.00000       1.00000       1.00000       1.00000       1.00000       1.00000       1.00000       1.00000       1.00000       1.00000       1.00000       1.00000       1.00000  -244187.8200274291   1710.69012   -2
198      4.50e-06      9.00e-07       0.00503       0.00944     -902.58757       0.20390       0.00732      13.49839       0.98593       0.99563       1.01616       0.95841       0.98454       0.96173       0.94263       0.96345       0.95270       0.91823       0.95210       0.91954       0.91308       0.98376       0.94404       0.95067       0.98060       0.95198       0.89364  -211.7477865463      0.00241   -3
-- Local optimization: stuck in the same solution


---- Best joint likelihood found -211.74779 with gradient 0.00241
-- Model: B
--     eps_an        eps_cont      lambda        theta_bar     a        
--    4.50e-06      9.00e-07       0.00503       0.00944       -1.00000  
--      S_d            b             p_b           S_b      
--   -902.58757       0.20390       0.00732      13.49839  
--     r  2          r  3          r  4          r  5          r  6          r  7          r  8          r  9          r 10          r 11          r 12          r 13          r 14          r 15          r 16          r 17          r 18          r 19          r 20     
--     0.98593       0.99563       1.01616       0.95841       0.98454       0.96173       0.94263       0.96345       0.95270       0.91823       0.95210       0.91954       0.91308       0.98376       0.94404       0.95067       0.98060       0.95198       0.89364  

---- Expected P_neut(i), 0 < i < n (neutral SFS per site) 
E[P_neut(1)] = 0.009445
E[P_neut(2)] = 0.004656
E[P_neut(3)] = 0.003135
E[P_neut(4)] = 0.002399
E[P_neut(5)] = 0.001810
E[P_neut(6)] = 0.001550
E[P_neut(7)] = 0.001298
E[P_neut(8)] = 0.001113
E[P_neut(9)] = 0.001011
E[P_neut(10)] = 0.000900
E[P_neut(11)] = 0.000788
E[P_neut(12)] = 0.000749
E[P_neut(13)] = 0.000668
E[P_neut(14)] = 0.000616
E[P_neut(15)] = 0.000619
E[P_neut(16)] = 0.000557
E[P_neut(17)] = 0.000528
E[P_neut(18)] = 0.000515
E[P_neut(19)] = 0.000473

---- Expected P_sel(i), 0 < i < n (selected SFS per site) 
E[P_sel(1)] = 0.003749
E[P_sel(2)] = 0.001513
E[P_sel(3)] = 0.000929
E[P_sel(4)] = 0.000672
E[P_sel(5)] = 0.000486
E[P_sel(6)] = 0.000404
E[P_sel(7)] = 0.000330
E[P_sel(8)] = 0.000277
E[P_sel(9)] = 0.000248
E[P_sel(10)] = 0.000218
E[P_sel(11)] = 0.000189
E[P_sel(12)] = 0.000179
E[P_sel(13)] = 0.000159
E[P_sel(14)] = 0.000147
E[P_sel(15)] = 0.000149
E[P_sel(16)] = 0.000135
E[P_sel(17)] = 0.000130
E[P_sel(18)] = 0.000131
E[P_sel(19)] = 0.000125

---- Expected D_neut and D_sel (neutral and selected divergence per site) 
E[D_neut] = 0.005456
E[D_sel] = 0.001626

---- Expected neutral and selected misattributed polymorphism per site
E[mis_neut] = 0.000422
E[mis_sel] = 0.000118

---- alpha_div = 0.329490
---- alpha_dfe = 0.329682



