---- Performing inference on Ns10_pa_0.005_boots/Ns10_pa_0.005.40.polyDFE.txt using model B

---- Warning: mutation variability is not used when only one neutral and one selected fragment is available.
---- No mutation variability. Using Poisson likelihood.

---- Using provided initial values


-- Starting local optimization
 it       eps_an        theta_bar      S_d            b             r  2          r  3          r  4          r  5          r  6          r  7          r  8          r  9          r 10          r 11          r 12          r 13          r 14          r 15          r 16          r 17          r 18          r 19         ln lk             grad     status
  0      4.50e-06       0.00100     -400.00000       0.40000       1.00000       1.00000       1.00000       1.00000       1.00000       1.00000       1.00000       1.00000       1.00000       1.00000       1.00000       1.00000       1.00000       1.00000       1.00000       1.00000       1.00000       1.00000  -253608.7442492036   1780.15623   -2
137      4.50e-06       0.00957    -1791.84514       0.17121       0.97621       0.97042       0.96598       0.93611       0.95174       0.94470       0.92256       0.92393       0.91427       0.88397       0.93363       0.91552       0.90103       0.97560       0.90637       0.92791       0.95728       1.08751  -205.8793187189      0.00060   -3
-- Local optimization: stuck in the same solution


---- Best joint likelihood found -205.87932 with gradient 0.00060
-- Model: B
--     eps_an        eps_cont      theta_bar     a        
--    4.50e-06      0.00e+00       0.00957       -1.00000  
--      S_d            b             p_b           S_b      
--  -1791.84514       0.17121      0.00e+00      0.00e+00  
--     r  2          r  3          r  4          r  5          r  6          r  7          r  8          r  9          r 10          r 11          r 12          r 13          r 14          r 15          r 16          r 17          r 18          r 19     
--     0.97621       0.97042       0.96598       0.93611       0.95174       0.94470       0.92256       0.92393       0.91427       0.88397       0.93363       0.91552       0.90103       0.97560       0.90637       0.92791       0.95728       1.08751  

---- Expected P_neut(i), 0 < i < n (neutral SFS per site) 
E[P_neut(1)] = 0.009566
E[P_neut(2)] = 0.004669
E[P_neut(3)] = 0.003094
E[P_neut(4)] = 0.002310
E[P_neut(5)] = 0.001791
E[P_neut(6)] = 0.001517
E[P_neut(7)] = 0.001291
E[P_neut(8)] = 0.001103
E[P_neut(9)] = 0.000982
E[P_neut(10)] = 0.000875
E[P_neut(11)] = 0.000769
E[P_neut(12)] = 0.000744
E[P_neut(13)] = 0.000674
E[P_neut(14)] = 0.000616
E[P_neut(15)] = 0.000622
E[P_neut(16)] = 0.000542
E[P_neut(17)] = 0.000522
E[P_neut(18)] = 0.000509
E[P_neut(19)] = 0.000548

---- Expected P_sel(i), 0 < i < n (selected SFS per site) 
E[P_sel(1)] = 0.003760
E[P_sel(2)] = 0.001544
E[P_sel(3)] = 0.000945
E[P_sel(4)] = 0.000670
E[P_sel(5)] = 0.000500
E[P_sel(6)] = 0.000412
E[P_sel(7)] = 0.000342
E[P_sel(8)] = 0.000286
E[P_sel(9)] = 0.000250
E[P_sel(10)] = 0.000220
E[P_sel(11)] = 0.000190
E[P_sel(12)] = 0.000182
E[P_sel(13)] = 0.000163
E[P_sel(14)] = 0.000147
E[P_sel(15)] = 0.000147
E[P_sel(16)] = 0.000127
E[P_sel(17)] = 0.000121
E[P_sel(18)] = 0.000117
E[P_sel(19)] = 0.000125

---- Expected neutral and selected misattributed polymorphism per site
E[mis_neut] = 0.000478
E[mis_sel] = 0.000109

---- alpha_div = 0.250595
---- alpha_dfe = 0.000000



