---- Performing inference on Ns10_pa_0.005_boots/Ns10_pa_0.005.74.polyDFE.txt using model B

---- Warning: mutation variability is not used when only one neutral and one selected fragment is available.
---- No mutation variability. Using Poisson likelihood.

---- Using provided initial values


-- Starting local optimization
 it       eps_an        eps_cont      lambda        theta_bar      S_d            b             p_b           S_b           r  2          r  3          r  4          r  5          r  6          r  7          r  8          r  9          r 10          r 11          r 12          r 13          r 14          r 15          r 16          r 17          r 18          r 19          r 20         ln lk             grad     status
  0      4.50e-06      9.00e-07       0.00500       0.00100     -400.00000       0.40000       0.02000       4.00000       1.00000       1.00000       1.00000       1.00000       1.00000       1.00000       1.00000       1.00000       1.00000       1.00000       1.00000       1.00000       1.00000       1.00000       1.00000       1.00000       1.00000       1.00000       1.00000  -243862.5353921439   1709.66621   -2
327      4.50e-06      9.00e-07       0.00505       0.00939     -964.03417       0.19797       0.00528      16.19411       0.99233       0.98239       1.00763       0.96453       0.97798       0.97155       0.95096       0.97337       0.96752       0.92837       0.94955       0.92211       0.96285       0.95254       0.95801       0.98613       0.98941       0.97633       0.94863  -211.3728127718      0.00323   -3
-- Local optimization: stuck in the same solution


---- Best joint likelihood found -211.37281 with gradient 0.00323
-- Model: B
--     eps_an        eps_cont      lambda        theta_bar     a        
--    4.50e-06      9.00e-07       0.00505       0.00939       -1.00000  
--      S_d            b             p_b           S_b      
--   -964.03417       0.19797       0.00528      16.19411  
--     r  2          r  3          r  4          r  5          r  6          r  7          r  8          r  9          r 10          r 11          r 12          r 13          r 14          r 15          r 16          r 17          r 18          r 19          r 20     
--     0.99233       0.98239       1.00763       0.96453       0.97798       0.97155       0.95096       0.97337       0.96752       0.92837       0.94955       0.92211       0.96285       0.95254       0.95801       0.98613       0.98941       0.97633       0.94863  

---- Expected P_neut(i), 0 < i < n (neutral SFS per site) 
E[P_neut(1)] = 0.009388
E[P_neut(2)] = 0.004658
E[P_neut(3)] = 0.003074
E[P_neut(4)] = 0.002365
E[P_neut(5)] = 0.001811
E[P_neut(6)] = 0.001530
E[P_neut(7)] = 0.001303
E[P_neut(8)] = 0.001116
E[P_neut(9)] = 0.001015
E[P_neut(10)] = 0.000908
E[P_neut(11)] = 0.000792
E[P_neut(12)] = 0.000743
E[P_neut(13)] = 0.000666
E[P_neut(14)] = 0.000646
E[P_neut(15)] = 0.000596
E[P_neut(16)] = 0.000562
E[P_neut(17)] = 0.000545
E[P_neut(18)] = 0.000516
E[P_neut(19)] = 0.000482

---- Expected P_sel(i), 0 < i < n (selected SFS per site) 
E[P_sel(1)] = 0.003743
E[P_sel(2)] = 0.001528
E[P_sel(3)] = 0.000921
E[P_sel(4)] = 0.000669
E[P_sel(5)] = 0.000492
E[P_sel(6)] = 0.000403
E[P_sel(7)] = 0.000335
E[P_sel(8)] = 0.000281
E[P_sel(9)] = 0.000252
E[P_sel(10)] = 0.000222
E[P_sel(11)] = 0.000192
E[P_sel(12)] = 0.000178
E[P_sel(13)] = 0.000159
E[P_sel(14)] = 0.000154
E[P_sel(15)] = 0.000142
E[P_sel(16)] = 0.000135
E[P_sel(17)] = 0.000133
E[P_sel(18)] = 0.000129
E[P_sel(19)] = 0.000125

---- Expected D_neut and D_sel (neutral and selected divergence per site) 
E[D_neut] = 0.005500
E[D_sel] = 0.001599

---- Expected neutral and selected misattributed polymorphism per site
E[mis_neut] = 0.000445
E[mis_sel] = 0.000121

---- alpha_div = 0.291400
---- alpha_dfe = 0.292303



