---- Performing inference on Ns10_pa_0.005_boots/Ns10_pa_0.005.22.polyDFE.txt using model B

---- Warning: mutation variability is not used when only one neutral and one selected fragment is available.
---- No mutation variability. Using Poisson likelihood.

---- Using provided initial values


-- Starting local optimization
 it       eps_an        lambda        theta_bar      S_d            b             r  2          r  3          r  4          r  5          r  6          r  7          r  8          r  9          r 10          r 11          r 12          r 13          r 14          r 15          r 16          r 17          r 18          r 19          r 20         ln lk             grad     status
  0      4.50e-06       0.00500       0.00100     -400.00000       0.40000       1.00000       1.00000       1.00000       1.00000       1.00000       1.00000       1.00000       1.00000       1.00000       1.00000       1.00000       1.00000       1.00000       1.00000       1.00000       1.00000       1.00000       1.00000       1.00000  -260032.6702761563   1892.07189   -2
656      4.51e-06       0.00019       0.00967    -8859.95777       0.13159       0.94555       0.95398       0.93405       0.89872       0.93697       0.88347       0.87356       0.91339       0.87252       0.87475       0.87659       0.86884       0.84243       0.89097       0.88565       0.93253       0.94907       0.99582      11.65845  -374.1942828604      0.01232   -6
-- Local optimization: reached maximum running time allowed


---- Best joint likelihood found -374.19428 with gradient 0.01232
-- Model: B
--     eps_an        eps_cont      lambda        theta_bar     a        
--    4.51e-06      0.00e+00       0.00019       0.00967       -1.00000  
--      S_d            b             p_b           S_b      
--  -8859.95777       0.13159      0.00e+00      0.00e+00  
--     r  2          r  3          r  4          r  5          r  6          r  7          r  8          r  9          r 10          r 11          r 12          r 13          r 14          r 15          r 16          r 17          r 18          r 19          r 20     
--     0.94555       0.95398       0.93405       0.89872       0.93697       0.88347       0.87356       0.91339       0.87252       0.87475       0.87659       0.86884       0.84243       0.89097       0.88565       0.93253       0.94907       0.99582      11.65845  

---- Expected P_neut(i), 0 < i < n (neutral SFS per site) 
E[P_neut(1)] = 0.009667
E[P_neut(2)] = 0.004570
E[P_neut(3)] = 0.003074
E[P_neut(4)] = 0.002257
E[P_neut(5)] = 0.001738
E[P_neut(6)] = 0.001510
E[P_neut(7)] = 0.001220
E[P_neut(8)] = 0.001056
E[P_neut(9)] = 0.000981
E[P_neut(10)] = 0.000843
E[P_neut(11)] = 0.000769
E[P_neut(12)] = 0.000706
E[P_neut(13)] = 0.000646
E[P_neut(14)] = 0.000582
E[P_neut(15)] = 0.000574
E[P_neut(16)] = 0.000535
E[P_neut(17)] = 0.000530
E[P_neut(18)] = 0.000510
E[P_neut(19)] = 0.000507

---- Expected P_sel(i), 0 < i < n (selected SFS per site) 
E[P_sel(1)] = 0.003686
E[P_sel(2)] = 0.001528
E[P_sel(3)] = 0.000967
E[P_sel(4)] = 0.000683
E[P_sel(5)] = 0.000511
E[P_sel(6)] = 0.000434
E[P_sel(7)] = 0.000344
E[P_sel(8)] = 0.000293
E[P_sel(9)] = 0.000269
E[P_sel(10)] = 0.000228
E[P_sel(11)] = 0.000206
E[P_sel(12)] = 0.000187
E[P_sel(13)] = 0.000170
E[P_sel(14)] = 0.000152
E[P_sel(15)] = 0.000149
E[P_sel(16)] = 0.000137
E[P_sel(17)] = 0.000135
E[P_sel(18)] = 0.000129
E[P_sel(19)] = 0.000128

---- Expected D_neut and D_sel (neutral and selected divergence per site) 
E[D_neut] = 0.005826
E[D_sel] = 0.001461

---- Expected neutral and selected misattributed polymorphism per site
E[mis_neut] = 0.005635
E[mis_sel] = 0.001413

---- alpha_div = 1.310633
---- alpha_dfe = 0.000000



