---- Performing inference on Ns10_pa_0.005_boots/Ns10_pa_0.005.59.polyDFE.txt using model B

---- Warning: mutation variability is not used when only one neutral and one selected fragment is available.
---- No mutation variability. Using Poisson likelihood.

---- Using provided initial values


-- Starting local optimization
 it       eps_an        theta_bar      S_d            b             r  2          r  3          r  4          r  5          r  6          r  7          r  8          r  9          r 10          r 11          r 12          r 13          r 14          r 15          r 16          r 17          r 18          r 19         ln lk             grad     status
  0      4.50e-06       0.00100     -400.00000       0.40000       1.00000       1.00000       1.00000       1.00000       1.00000       1.00000       1.00000       1.00000       1.00000       1.00000       1.00000       1.00000       1.00000       1.00000       1.00000       1.00000       1.00000       1.00000  -253266.2265639859   1778.63172   -2
 76      4.50e-06       0.00944    -1634.12071       0.17462       1.00009       0.97934       0.99509       0.96820       0.96954       0.95550       0.95437       0.94100       0.92258       0.90291       0.94022       0.91325       0.96593       0.95563       0.93106       1.01723       1.01320       1.03053  -216.6677106895      0.11741   -3
-- Local optimization: stuck in the same solution


---- Best joint likelihood found -216.66771 with gradient 0.11741
-- Model: B
--     eps_an        eps_cont      theta_bar     a        
--    4.50e-06      0.00e+00       0.00944       -1.00000  
--      S_d            b             p_b           S_b      
--  -1634.12071       0.17462      0.00e+00      0.00e+00  
--     r  2          r  3          r  4          r  5          r  6          r  7          r  8          r  9          r 10          r 11          r 12          r 13          r 14          r 15          r 16          r 17          r 18          r 19     
--     1.00009       0.97934       0.99509       0.96820       0.96954       0.95550       0.95437       0.94100       0.92258       0.90291       0.94022       0.91325       0.96593       0.95563       0.93106       1.01723       1.01320       1.03053  

---- Expected P_neut(i), 0 < i < n (neutral SFS per site) 
E[P_neut(1)] = 0.009437
E[P_neut(2)] = 0.004719
E[P_neut(3)] = 0.003081
E[P_neut(4)] = 0.002348
E[P_neut(5)] = 0.001827
E[P_neut(6)] = 0.001525
E[P_neut(7)] = 0.001288
E[P_neut(8)] = 0.001126
E[P_neut(9)] = 0.000987
E[P_neut(10)] = 0.000871
E[P_neut(11)] = 0.000775
E[P_neut(12)] = 0.000739
E[P_neut(13)] = 0.000663
E[P_neut(14)] = 0.000651
E[P_neut(15)] = 0.000601
E[P_neut(16)] = 0.000549
E[P_neut(17)] = 0.000565
E[P_neut(18)] = 0.000531
E[P_neut(19)] = 0.000512

---- Expected P_sel(i), 0 < i < n (selected SFS per site) 
E[P_sel(1)] = 0.003713
E[P_sel(2)] = 0.001557
E[P_sel(3)] = 0.000937
E[P_sel(4)] = 0.000677
E[P_sel(5)] = 0.000508
E[P_sel(6)] = 0.000411
E[P_sel(7)] = 0.000339
E[P_sel(8)] = 0.000290
E[P_sel(9)] = 0.000250
E[P_sel(10)] = 0.000217
E[P_sel(11)] = 0.000190
E[P_sel(12)] = 0.000179
E[P_sel(13)] = 0.000159
E[P_sel(14)] = 0.000154
E[P_sel(15)] = 0.000141
E[P_sel(16)] = 0.000128
E[P_sel(17)] = 0.000130
E[P_sel(18)] = 0.000121
E[P_sel(19)] = 0.000116

---- Expected neutral and selected misattributed polymorphism per site
E[mis_neut] = 0.000472
E[mis_sel] = 0.000106

---- alpha_div = 0.283290
---- alpha_dfe = 0.000000



