---- Performing inference on Ns10_pa_0.005_boots/Ns10_pa_0.005.80.polyDFE.txt using model B

---- Warning: mutation variability is not used when only one neutral and one selected fragment is available.
---- No mutation variability. Using Poisson likelihood.

---- Using provided initial values


-- Starting local optimization
 it       eps_an        theta_bar      S_d            b             r  2          r  3          r  4          r  5          r  6          r  7          r  8          r  9          r 10          r 11          r 12          r 13          r 14          r 15          r 16          r 17          r 18          r 19         ln lk             grad     status
  0      4.50e-06       0.00100     -400.00000       0.40000       1.00000       1.00000       1.00000       1.00000       1.00000       1.00000       1.00000       1.00000       1.00000       1.00000       1.00000       1.00000       1.00000       1.00000       1.00000       1.00000       1.00000       1.00000  -253079.8703414955   1776.90378   -2
118      4.50e-06       0.00941    -1257.09261       0.18307       0.99131       0.96927       0.99744       0.95481       0.98106       0.96613       0.97400       0.95604       0.93011       0.91792       0.96522       0.96446       0.92258       0.98524       1.00158       0.98308       0.98838       1.06406  -211.0625632990      0.00450   -3
-- Local optimization: stuck in the same solution


---- Best joint likelihood found -211.06256 with gradient 0.00450
-- Model: B
--     eps_an        eps_cont      theta_bar     a        
--    4.50e-06      0.00e+00       0.00941       -1.00000  
--      S_d            b             p_b           S_b      
--  -1257.09261       0.18307      0.00e+00      0.00e+00  
--     r  2          r  3          r  4          r  5          r  6          r  7          r  8          r  9          r 10          r 11          r 12          r 13          r 14          r 15          r 16          r 17          r 18          r 19     
--     0.99131       0.96927       0.99744       0.95481       0.98106       0.96613       0.97400       0.95604       0.93011       0.91792       0.96522       0.96446       0.92258       0.98524       1.00158       0.98308       0.98838       1.06406  

---- Expected P_neut(i), 0 < i < n (neutral SFS per site) 
E[P_neut(1)] = 0.009415
E[P_neut(2)] = 0.004666
E[P_neut(3)] = 0.003042
E[P_neut(4)] = 0.002348
E[P_neut(5)] = 0.001798
E[P_neut(6)] = 0.001539
E[P_neut(7)] = 0.001299
E[P_neut(8)] = 0.001146
E[P_neut(9)] = 0.001000
E[P_neut(10)] = 0.000876
E[P_neut(11)] = 0.000786
E[P_neut(12)] = 0.000757
E[P_neut(13)] = 0.000698
E[P_neut(14)] = 0.000620
E[P_neut(15)] = 0.000618
E[P_neut(16)] = 0.000589
E[P_neut(17)] = 0.000544
E[P_neut(18)] = 0.000517
E[P_neut(19)] = 0.000527

---- Expected P_sel(i), 0 < i < n (selected SFS per site) 
E[P_sel(1)] = 0.003747
E[P_sel(2)] = 0.001545
E[P_sel(3)] = 0.000924
E[P_sel(4)] = 0.000675
E[P_sel(5)] = 0.000497
E[P_sel(6)] = 0.000412
E[P_sel(7)] = 0.000339
E[P_sel(8)] = 0.000293
E[P_sel(9)] = 0.000251
E[P_sel(10)] = 0.000216
E[P_sel(11)] = 0.000191
E[P_sel(12)] = 0.000181
E[P_sel(13)] = 0.000165
E[P_sel(14)] = 0.000145
E[P_sel(15)] = 0.000143
E[P_sel(16)] = 0.000135
E[P_sel(17)] = 0.000124
E[P_sel(18)] = 0.000116
E[P_sel(19)] = 0.000118

---- Expected neutral and selected misattributed polymorphism per site
E[mis_neut] = 0.000471
E[mis_sel] = 0.000104

---- alpha_div = 0.275482
---- alpha_dfe = 0.000000



