---- Performing inference on Ns10_pa_0.005_boots/Ns10_pa_0.005.30.polyDFE.txt using model B

---- Warning: mutation variability is not used when only one neutral and one selected fragment is available.
---- No mutation variability. Using Poisson likelihood.

---- Using provided initial values


-- Starting local optimization
 it       eps_an        eps_cont      theta_bar      S_d            b             p_b           S_b           r  2          r  3          r  4          r  5          r  6          r  7          r  8          r  9          r 10          r 11          r 12          r 13          r 14          r 15          r 16          r 17          r 18          r 19         ln lk             grad     status
  0      4.50e-06      9.00e-07       0.00100     -400.00000       0.40000       0.02000       4.00000       1.00000       1.00000       1.00000       1.00000       1.00000       1.00000       1.00000       1.00000       1.00000       1.00000       1.00000       1.00000       1.00000       1.00000       1.00000       1.00000       1.00000       1.00000  -241965.9406976503   1675.73204   -2
404      4.49e-06      9.00e-07       0.00936     -830.66723       0.20831       0.00848      10.54278       0.99236       1.01858       1.00764       0.98525       0.98550       0.99663       0.96732       0.96027       0.97966       0.94344       1.00101       0.90750       0.94738       0.99250       0.95426       1.00311       0.93593       0.99514  -198.4827016226      0.00321   -3
-- Local optimization: stuck in the same solution


---- Best joint likelihood found -198.48270 with gradient 0.00321
-- Model: B
--     eps_an        eps_cont      theta_bar     a        
--    4.49e-06      9.00e-07       0.00936       -1.00000  
--      S_d            b             p_b           S_b      
--   -830.66723       0.20831       0.00848      10.54278  
--     r  2          r  3          r  4          r  5          r  6          r  7          r  8          r  9          r 10          r 11          r 12          r 13          r 14          r 15          r 16          r 17          r 18          r 19     
--     0.99236       1.01858       1.00764       0.98525       0.98550       0.99663       0.96732       0.96027       0.97966       0.94344       1.00101       0.90750       0.94738       0.99250       0.95426       1.00311       0.93593       0.99514  

---- Expected P_neut(i), 0 < i < n (neutral SFS per site) 
E[P_neut(1)] = 0.009359
E[P_neut(2)] = 0.004644
E[P_neut(3)] = 0.003178
E[P_neut(4)] = 0.002358
E[P_neut(5)] = 0.001844
E[P_neut(6)] = 0.001537
E[P_neut(7)] = 0.001332
E[P_neut(8)] = 0.001132
E[P_neut(9)] = 0.000999
E[P_neut(10)] = 0.000917
E[P_neut(11)] = 0.000803
E[P_neut(12)] = 0.000781
E[P_neut(13)] = 0.000653
E[P_neut(14)] = 0.000633
E[P_neut(15)] = 0.000619
E[P_neut(16)] = 0.000558
E[P_neut(17)] = 0.000552
E[P_neut(18)] = 0.000487
E[P_neut(19)] = 0.000490

---- Expected P_sel(i), 0 < i < n (selected SFS per site) 
E[P_sel(1)] = 0.003727
E[P_sel(2)] = 0.001509
E[P_sel(3)] = 0.000941
E[P_sel(4)] = 0.000658
E[P_sel(5)] = 0.000494
E[P_sel(6)] = 0.000399
E[P_sel(7)] = 0.000338
E[P_sel(8)] = 0.000281
E[P_sel(9)] = 0.000245
E[P_sel(10)] = 0.000222
E[P_sel(11)] = 0.000193
E[P_sel(12)] = 0.000186
E[P_sel(13)] = 0.000156
E[P_sel(14)] = 0.000151
E[P_sel(15)] = 0.000149
E[P_sel(16)] = 0.000135
E[P_sel(17)] = 0.000136
E[P_sel(18)] = 0.000123
E[P_sel(19)] = 0.000128

---- Expected neutral and selected misattributed polymorphism per site
E[mis_neut] = 0.000468
E[mis_sel] = 0.000127

---- alpha_div = 0.350085
---- alpha_dfe = 0.311154



