---- Performing inference on Ns10_pa_0.005_boots/Ns10_pa_0.005.19.polyDFE.txt using model B

---- Warning: mutation variability is not used when only one neutral and one selected fragment is available.
---- No mutation variability. Using Poisson likelihood.

---- Using provided initial values


-- Starting local optimization
 it       eps_an        eps_cont      theta_bar      S_d            b             p_b           S_b           r  2          r  3          r  4          r  5          r  6          r  7          r  8          r  9          r 10          r 11          r 12          r 13          r 14          r 15          r 16          r 17          r 18          r 19         ln lk             grad     status
  0      4.50e-06      9.00e-07       0.00100     -400.00000       0.40000       0.02000       4.00000       1.00000       1.00000       1.00000       1.00000       1.00000       1.00000       1.00000       1.00000       1.00000       1.00000       1.00000       1.00000       1.00000       1.00000       1.00000       1.00000       1.00000       1.00000  -242961.1040676392   1681.76129   -2
130      4.50e-06      9.00e-07       0.00943     -702.37406       0.21974       0.01847       3.81700       0.98875       0.99069       0.99575       1.00021       0.96314       0.95432       0.91299       0.94627       0.95574       0.94427       0.94396       0.92988       0.91834       0.97633       0.91511       0.95173       0.95273       1.00302  -194.9660448619      0.07243   -3
-- Local optimization: stuck in the same solution


---- Best joint likelihood found -194.96604 with gradient 0.07243
-- Model: B
--     eps_an        eps_cont      theta_bar     a        
--    4.50e-06      9.00e-07       0.00943       -1.00000  
--      S_d            b             p_b           S_b      
--   -702.37406       0.21974       0.01847       3.81700  
--     r  2          r  3          r  4          r  5          r  6          r  7          r  8          r  9          r 10          r 11          r 12          r 13          r 14          r 15          r 16          r 17          r 18          r 19     
--     0.98875       0.99069       0.99575       1.00021       0.96314       0.95432       0.91299       0.94627       0.95574       0.94427       0.94396       0.92988       0.91834       0.97633       0.91511       0.95173       0.95273       1.00302  

---- Expected P_neut(i), 0 < i < n (neutral SFS per site) 
E[P_neut(1)] = 0.009426
E[P_neut(2)] = 0.004660
E[P_neut(3)] = 0.003113
E[P_neut(4)] = 0.002346
E[P_neut(5)] = 0.001886
E[P_neut(6)] = 0.001513
E[P_neut(7)] = 0.001285
E[P_neut(8)] = 0.001076
E[P_neut(9)] = 0.000991
E[P_neut(10)] = 0.000901
E[P_neut(11)] = 0.000809
E[P_neut(12)] = 0.000741
E[P_neut(13)] = 0.000674
E[P_neut(14)] = 0.000618
E[P_neut(15)] = 0.000614
E[P_neut(16)] = 0.000539
E[P_neut(17)] = 0.000528
E[P_neut(18)] = 0.000499
E[P_neut(19)] = 0.000498

---- Expected P_sel(i), 0 < i < n (selected SFS per site) 
E[P_sel(1)] = 0.003803
E[P_sel(2)] = 0.001530
E[P_sel(3)] = 0.000930
E[P_sel(4)] = 0.000662
E[P_sel(5)] = 0.000511
E[P_sel(6)] = 0.000399
E[P_sel(7)] = 0.000331
E[P_sel(8)] = 0.000272
E[P_sel(9)] = 0.000248
E[P_sel(10)] = 0.000223
E[P_sel(11)] = 0.000199
E[P_sel(12)] = 0.000181
E[P_sel(13)] = 0.000165
E[P_sel(14)] = 0.000151
E[P_sel(15)] = 0.000150
E[P_sel(16)] = 0.000133
E[P_sel(17)] = 0.000131
E[P_sel(18)] = 0.000125
E[P_sel(19)] = 0.000126

---- Expected neutral and selected misattributed polymorphism per site
E[mis_neut] = 0.000471
E[mis_sel] = 0.000121

---- alpha_div = 0.369124
---- alpha_dfe = 0.276751



