---- Performing inference on Ns10_pa_0.005_boots/Ns10_pa_0.005.62.polyDFE.txt using model B

---- Warning: mutation variability is not used when only one neutral and one selected fragment is available.
---- No mutation variability. Using Poisson likelihood.

---- Using provided initial values


-- Starting local optimization
 it       eps_an        eps_cont      theta_bar      S_d            b             p_b           S_b           r  2          r  3          r  4          r  5          r  6          r  7          r  8          r  9          r 10          r 11          r 12          r 13          r 14          r 15          r 16          r 17          r 18          r 19         ln lk             grad     status
  0      4.50e-06      9.00e-07       0.00100     -400.00000       0.40000       0.02000       4.00000       1.00000       1.00000       1.00000       1.00000       1.00000       1.00000       1.00000       1.00000       1.00000       1.00000       1.00000       1.00000       1.00000       1.00000       1.00000       1.00000       1.00000       1.00000  -242097.5383201501   1677.65113   -2
237      4.51e-06      9.00e-07       0.00937    -1153.91295       0.19155       0.00557      13.67966       0.99977       0.98856       1.02433       0.97357       1.00550       0.99094       0.95335       0.98202       0.94769       0.96228       0.95774       0.92535       0.93569       0.93381       0.91684       0.99197       0.93312       0.99779  -201.3200269366      0.13807   -3
-- Local optimization: stuck in the same solution


---- Best joint likelihood found -201.32003 with gradient 0.13807
-- Model: B
--     eps_an        eps_cont      theta_bar     a        
--    4.51e-06      9.00e-07       0.00937       -1.00000  
--      S_d            b             p_b           S_b      
--  -1153.91295       0.19155       0.00557      13.67966  
--     r  2          r  3          r  4          r  5          r  6          r  7          r  8          r  9          r 10          r 11          r 12          r 13          r 14          r 15          r 16          r 17          r 18          r 19     
--     0.99977       0.98856       1.02433       0.97357       1.00550       0.99094       0.95335       0.98202       0.94769       0.96228       0.95774       0.92535       0.93569       0.93381       0.91684       0.99197       0.93312       0.99779  

---- Expected P_neut(i), 0 < i < n (neutral SFS per site) 
E[P_neut(1)] = 0.009369
E[P_neut(2)] = 0.004684
E[P_neut(3)] = 0.003087
E[P_neut(4)] = 0.002399
E[P_neut(5)] = 0.001824
E[P_neut(6)] = 0.001570
E[P_neut(7)] = 0.001326
E[P_neut(8)] = 0.001117
E[P_neut(9)] = 0.001022
E[P_neut(10)] = 0.000888
E[P_neut(11)] = 0.000820
E[P_neut(12)] = 0.000748
E[P_neut(13)] = 0.000667
E[P_neut(14)] = 0.000626
E[P_neut(15)] = 0.000583
E[P_neut(16)] = 0.000537
E[P_neut(17)] = 0.000547
E[P_neut(18)] = 0.000486
E[P_neut(19)] = 0.000492

---- Expected P_sel(i), 0 < i < n (selected SFS per site) 
E[P_sel(1)] = 0.003700
E[P_sel(2)] = 0.001531
E[P_sel(3)] = 0.000925
E[P_sel(4)] = 0.000680
E[P_sel(5)] = 0.000498
E[P_sel(6)] = 0.000416
E[P_sel(7)] = 0.000343
E[P_sel(8)] = 0.000283
E[P_sel(9)] = 0.000255
E[P_sel(10)] = 0.000219
E[P_sel(11)] = 0.000200
E[P_sel(12)] = 0.000181
E[P_sel(13)] = 0.000161
E[P_sel(14)] = 0.000151
E[P_sel(15)] = 0.000141
E[P_sel(16)] = 0.000130
E[P_sel(17)] = 0.000134
E[P_sel(18)] = 0.000122
E[P_sel(19)] = 0.000127

---- Expected neutral and selected misattributed polymorphism per site
E[mis_neut] = 0.000468
E[mis_sel] = 0.000126

---- alpha_div = 0.294273
---- alpha_dfe = 0.267059



