---- Performing inference on Ns10_pa_0.005_boots/Ns10_pa_0.005.42.polyDFE.txt using model B

---- Warning: mutation variability is not used when only one neutral and one selected fragment is available.
---- No mutation variability. Using Poisson likelihood.

---- Using provided initial values


-- Starting local optimization
 it       eps_an        lambda        theta_bar      S_d            b             r  2          r  3          r  4          r  5          r  6          r  7          r  8          r  9          r 10          r 11          r 12          r 13          r 14          r 15          r 16          r 17          r 18          r 19          r 20         ln lk             grad     status
  0      4.50e-06       0.00500       0.00100     -400.00000       0.40000       1.00000       1.00000       1.00000       1.00000       1.00000       1.00000       1.00000       1.00000       1.00000       1.00000       1.00000       1.00000       1.00000       1.00000       1.00000       1.00000       1.00000       1.00000       1.00000  -257167.4029718318   1880.70811   -2
711      4.62e-06       0.00002       0.00955    -8681.62631       0.13169       0.95747       0.94392       0.94073       0.90802       0.91817       0.90299       0.89300       0.89230       0.90209       0.87517       0.87263       0.86738       0.85980       0.92358       0.89193       0.92387       0.94141       0.99477      12.40447  -396.4482785688      0.05067   -6
-- Local optimization: reached maximum running time allowed


---- Best joint likelihood found -396.44828 with gradient 0.05067
-- Model: B
--     eps_an        eps_cont      lambda        theta_bar     a        
--    4.62e-06      0.00e+00       0.00002       0.00955       -1.00000  
--      S_d            b             p_b           S_b      
--  -8681.62631       0.13169      0.00e+00      0.00e+00  
--     r  2          r  3          r  4          r  5          r  6          r  7          r  8          r  9          r 10          r 11          r 12          r 13          r 14          r 15          r 16          r 17          r 18          r 19          r 20     
--     0.95747       0.94392       0.94073       0.90802       0.91817       0.90299       0.89300       0.89230       0.90209       0.87517       0.87263       0.86738       0.85980       0.92358       0.89193       0.92387       0.94141       0.99477      12.40447  

---- Expected P_neut(i), 0 < i < n (neutral SFS per site) 
E[P_neut(1)] = 0.009547
E[P_neut(2)] = 0.004570
E[P_neut(3)] = 0.003004
E[P_neut(4)] = 0.002245
E[P_neut(5)] = 0.001734
E[P_neut(6)] = 0.001461
E[P_neut(7)] = 0.001232
E[P_neut(8)] = 0.001066
E[P_neut(9)] = 0.000946
E[P_neut(10)] = 0.000861
E[P_neut(11)] = 0.000760
E[P_neut(12)] = 0.000694
E[P_neut(13)] = 0.000637
E[P_neut(14)] = 0.000586
E[P_neut(15)] = 0.000588
E[P_neut(16)] = 0.000532
E[P_neut(17)] = 0.000519
E[P_neut(18)] = 0.000499
E[P_neut(19)] = 0.000500

---- Expected P_sel(i), 0 < i < n (selected SFS per site) 
E[P_sel(1)] = 0.003647
E[P_sel(2)] = 0.001531
E[P_sel(3)] = 0.000947
E[P_sel(4)] = 0.000680
E[P_sel(5)] = 0.000511
E[P_sel(6)] = 0.000421
E[P_sel(7)] = 0.000348
E[P_sel(8)] = 0.000297
E[P_sel(9)] = 0.000260
E[P_sel(10)] = 0.000234
E[P_sel(11)] = 0.000204
E[P_sel(12)] = 0.000184
E[P_sel(13)] = 0.000168
E[P_sel(14)] = 0.000153
E[P_sel(15)] = 0.000152
E[P_sel(16)] = 0.000137
E[P_sel(17)] = 0.000133
E[P_sel(18)] = 0.000127
E[P_sel(19)] = 0.000126

---- Expected D_neut and D_sel (neutral and selected divergence per site) 
E[D_neut] = 0.005943
E[D_sel] = 0.001493

---- Expected neutral and selected misattributed polymorphism per site
E[mis_neut] = 0.005921
E[mis_sel] = 0.001487

---- alpha_div = 1.689836
---- alpha_dfe = 0.000000



