---- Performing inference on Ns10_pa_0.005_boots/Ns10_pa_0.005.65.polyDFE.txt using model B

---- Warning: mutation variability is not used when only one neutral and one selected fragment is available.
---- No mutation variability. Using Poisson likelihood.

---- Using provided initial values


-- Starting local optimization
 it       eps_an        theta_bar      S_d            b             r  2          r  3          r  4          r  5          r  6          r  7          r  8          r  9          r 10          r 11          r 12          r 13          r 14          r 15          r 16          r 17          r 18          r 19         ln lk             grad     status
  0      4.50e-06       0.00100     -400.00000       0.40000       1.00000       1.00000       1.00000       1.00000       1.00000       1.00000       1.00000       1.00000       1.00000       1.00000       1.00000       1.00000       1.00000       1.00000       1.00000       1.00000       1.00000       1.00000  -252871.0530285184   1778.53024   -2
147      4.50e-06       0.00937    -1633.33489       0.17312       0.98517       0.99246       1.00972       0.95776       0.97146       0.95176       0.95357       0.94563       0.96469       0.92513       0.95742       0.91015       0.95920       0.98633       0.92909       0.99369       1.03160       1.04229  -204.3201850219      0.00181   -3
-- Local optimization: stuck in the same solution


---- Best joint likelihood found -204.32019 with gradient 0.00181
-- Model: B
--     eps_an        eps_cont      theta_bar     a        
--    4.50e-06      0.00e+00       0.00937       -1.00000  
--      S_d            b             p_b           S_b      
--  -1633.33489       0.17312      0.00e+00      0.00e+00  
--     r  2          r  3          r  4          r  5          r  6          r  7          r  8          r  9          r 10          r 11          r 12          r 13          r 14          r 15          r 16          r 17          r 18          r 19     
--     0.98517       0.99246       1.00972       0.95776       0.97146       0.95176       0.95357       0.94563       0.96469       0.92513       0.95742       0.91015       0.95920       0.98633       0.92909       0.99369       1.03160       1.04229  

---- Expected P_neut(i), 0 < i < n (neutral SFS per site) 
E[P_neut(1)] = 0.009365
E[P_neut(2)] = 0.004613
E[P_neut(3)] = 0.003098
E[P_neut(4)] = 0.002364
E[P_neut(5)] = 0.001794
E[P_neut(6)] = 0.001516
E[P_neut(7)] = 0.001273
E[P_neut(8)] = 0.001116
E[P_neut(9)] = 0.000984
E[P_neut(10)] = 0.000903
E[P_neut(11)] = 0.000788
E[P_neut(12)] = 0.000747
E[P_neut(13)] = 0.000656
E[P_neut(14)] = 0.000642
E[P_neut(15)] = 0.000616
E[P_neut(16)] = 0.000544
E[P_neut(17)] = 0.000547
E[P_neut(18)] = 0.000537
E[P_neut(19)] = 0.000514

---- Expected P_sel(i), 0 < i < n (selected SFS per site) 
E[P_sel(1)] = 0.003709
E[P_sel(2)] = 0.001535
E[P_sel(3)] = 0.000950
E[P_sel(4)] = 0.000688
E[P_sel(5)] = 0.000503
E[P_sel(6)] = 0.000413
E[P_sel(7)] = 0.000338
E[P_sel(8)] = 0.000291
E[P_sel(9)] = 0.000252
E[P_sel(10)] = 0.000227
E[P_sel(11)] = 0.000195
E[P_sel(12)] = 0.000183
E[P_sel(13)] = 0.000159
E[P_sel(14)] = 0.000154
E[P_sel(15)] = 0.000146
E[P_sel(16)] = 0.000128
E[P_sel(17)] = 0.000128
E[P_sel(18)] = 0.000124
E[P_sel(19)] = 0.000118

---- Expected neutral and selected misattributed polymorphism per site
E[mis_neut] = 0.000468
E[mis_sel] = 0.000107

---- alpha_div = 0.242542
---- alpha_dfe = 0.000000



