---- Performing inference on Ns10_pa_0.005_boots/Ns10_pa_0.005.17.polyDFE.txt using model B

---- Warning: mutation variability is not used when only one neutral and one selected fragment is available.
---- No mutation variability. Using Poisson likelihood.

---- Using provided initial values


-- Starting local optimization
 it       eps_an        eps_cont      theta_bar      S_d            b             p_b           S_b           r  2          r  3          r  4          r  5          r  6          r  7          r  8          r  9          r 10          r 11          r 12          r 13          r 14          r 15          r 16          r 17          r 18          r 19         ln lk             grad     status
  0      4.50e-06      9.00e-07       0.00100     -400.00000       0.40000       0.02000       4.00000       1.00000       1.00000       1.00000       1.00000       1.00000       1.00000       1.00000       1.00000       1.00000       1.00000       1.00000       1.00000       1.00000       1.00000       1.00000       1.00000       1.00000       1.00000  -241676.1438877588   1674.82569   -2
 64      4.50e-06      9.00e-07       0.00939     -711.10710       0.22065       0.01839       3.42296       1.00018       0.99485       1.01097       0.96900       0.98508       0.97882       0.96933       0.94960       0.94781       0.91618       0.99086       0.92126       0.92399       0.95663       0.90535       0.97273       0.92280       1.01684  -196.6387619439      0.24675   -3
-- Local optimization: stuck in the same solution


---- Best joint likelihood found -196.63876 with gradient 0.24675
-- Model: B
--     eps_an        eps_cont      theta_bar     a        
--    4.50e-06      9.00e-07       0.00939       -1.00000  
--      S_d            b             p_b           S_b      
--   -711.10710       0.22065       0.01839       3.42296  
--     r  2          r  3          r  4          r  5          r  6          r  7          r  8          r  9          r 10          r 11          r 12          r 13          r 14          r 15          r 16          r 17          r 18          r 19     
--     1.00018       0.99485       1.01097       0.96900       0.98508       0.97882       0.96933       0.94960       0.94781       0.91618       0.99086       0.92126       0.92399       0.95663       0.90535       0.97273       0.92280       1.01684  

---- Expected P_neut(i), 0 < i < n (neutral SFS per site) 
E[P_neut(1)] = 0.009388
E[P_neut(2)] = 0.004695
E[P_neut(3)] = 0.003113
E[P_neut(4)] = 0.002373
E[P_neut(5)] = 0.001819
E[P_neut(6)] = 0.001541
E[P_neut(7)] = 0.001313
E[P_neut(8)] = 0.001138
E[P_neut(9)] = 0.000991
E[P_neut(10)] = 0.000890
E[P_neut(11)] = 0.000782
E[P_neut(12)] = 0.000775
E[P_neut(13)] = 0.000665
E[P_neut(14)] = 0.000620
E[P_neut(15)] = 0.000599
E[P_neut(16)] = 0.000531
E[P_neut(17)] = 0.000537
E[P_neut(18)] = 0.000481
E[P_neut(19)] = 0.000502

---- Expected P_sel(i), 0 < i < n (selected SFS per site) 
E[P_sel(1)] = 0.003768
E[P_sel(2)] = 0.001531
E[P_sel(3)] = 0.000924
E[P_sel(4)] = 0.000665
E[P_sel(5)] = 0.000490
E[P_sel(6)] = 0.000403
E[P_sel(7)] = 0.000335
E[P_sel(8)] = 0.000285
E[P_sel(9)] = 0.000245
E[P_sel(10)] = 0.000218
E[P_sel(11)] = 0.000190
E[P_sel(12)] = 0.000187
E[P_sel(13)] = 0.000160
E[P_sel(14)] = 0.000149
E[P_sel(15)] = 0.000144
E[P_sel(16)] = 0.000128
E[P_sel(17)] = 0.000130
E[P_sel(18)] = 0.000117
E[P_sel(19)] = 0.000124

---- Expected neutral and selected misattributed polymorphism per site
E[mis_neut] = 0.000469
E[mis_sel] = 0.000117

---- alpha_div = 0.388027
---- alpha_dfe = 0.258474



