---- Performing inference on Ns10_pa_0.005_boots/Ns10_pa_0.005.88.polyDFE.txt using model B

---- Warning: mutation variability is not used when only one neutral and one selected fragment is available.
---- No mutation variability. Using Poisson likelihood.

---- Using provided initial values


-- Starting local optimization
 it       eps_an        eps_cont      theta_bar      S_d            b             p_b           S_b           r  2          r  3          r  4          r  5          r  6          r  7          r  8          r  9          r 10          r 11          r 12          r 13          r 14          r 15          r 16          r 17          r 18          r 19         ln lk             grad     status
  0      4.50e-06      9.00e-07       0.00100     -400.00000       0.40000       0.02000       4.00000       1.00000       1.00000       1.00000       1.00000       1.00000       1.00000       1.00000       1.00000       1.00000       1.00000       1.00000       1.00000       1.00000       1.00000       1.00000       1.00000       1.00000       1.00000  -241720.4907125395   1674.27203   -2
108      4.50e-06      9.00e-07       0.00946     -877.77634       0.21182       0.01749       3.25228       1.00041       0.99810       0.98876       0.97161       0.97318       0.96572       0.94413       0.93999       0.95694       0.94641       0.93502       0.92045       0.90170       0.94165       0.92620       0.98893       0.96528       1.00659  -203.3895833350      0.04737   -3
-- Local optimization: stuck in the same solution


---- Best joint likelihood found -203.38958 with gradient 0.04737
-- Model: B
--     eps_an        eps_cont      theta_bar     a        
--    4.50e-06      9.00e-07       0.00946       -1.00000  
--      S_d            b             p_b           S_b      
--   -877.77634       0.21182       0.01749       3.25228  
--     r  2          r  3          r  4          r  5          r  6          r  7          r  8          r  9          r 10          r 11          r 12          r 13          r 14          r 15          r 16          r 17          r 18          r 19     
--     1.00041       0.99810       0.98876       0.97161       0.97318       0.96572       0.94413       0.93999       0.95694       0.94641       0.93502       0.92045       0.90170       0.94165       0.92620       0.98893       0.96528       1.00659  

---- Expected P_neut(i), 0 < i < n (neutral SFS per site) 
E[P_neut(1)] = 0.009458
E[P_neut(2)] = 0.004731
E[P_neut(3)] = 0.003147
E[P_neut(4)] = 0.002338
E[P_neut(5)] = 0.001838
E[P_neut(6)] = 0.001534
E[P_neut(7)] = 0.001305
E[P_neut(8)] = 0.001116
E[P_neut(9)] = 0.000988
E[P_neut(10)] = 0.000905
E[P_neut(11)] = 0.000814
E[P_neut(12)] = 0.000737
E[P_neut(13)] = 0.000670
E[P_neut(14)] = 0.000609
E[P_neut(15)] = 0.000594
E[P_neut(16)] = 0.000548
E[P_neut(17)] = 0.000550
E[P_neut(18)] = 0.000507
E[P_neut(19)] = 0.000501

---- Expected P_sel(i), 0 < i < n (selected SFS per site) 
E[P_sel(1)] = 0.003738
E[P_sel(2)] = 0.001530
E[P_sel(3)] = 0.000929
E[P_sel(4)] = 0.000653
E[P_sel(5)] = 0.000494
E[P_sel(6)] = 0.000400
E[P_sel(7)] = 0.000333
E[P_sel(8)] = 0.000280
E[P_sel(9)] = 0.000244
E[P_sel(10)] = 0.000222
E[P_sel(11)] = 0.000198
E[P_sel(12)] = 0.000178
E[P_sel(13)] = 0.000161
E[P_sel(14)] = 0.000146
E[P_sel(15)] = 0.000142
E[P_sel(16)] = 0.000132
E[P_sel(17)] = 0.000133
E[P_sel(18)] = 0.000123
E[P_sel(19)] = 0.000122

---- Expected neutral and selected misattributed polymorphism per site
E[mis_neut] = 0.000473
E[mis_sel] = 0.000116

---- alpha_div = 0.371468
---- alpha_dfe = 0.238091



