---- Performing inference on Ns10_pa_0.005_boots/Ns10_pa_0.005.97.polyDFE.txt using model B

---- Warning: mutation variability is not used when only one neutral and one selected fragment is available.
---- No mutation variability. Using Poisson likelihood.

---- Using provided initial values


-- Starting local optimization
 it       eps_an        theta_bar      S_d            b             r  2          r  3          r  4          r  5          r  6          r  7          r  8          r  9          r 10          r 11          r 12          r 13          r 14          r 15          r 16          r 17          r 18          r 19         ln lk             grad     status
  0      4.50e-06       0.00100     -400.00000       0.40000       1.00000       1.00000       1.00000       1.00000       1.00000       1.00000       1.00000       1.00000       1.00000       1.00000       1.00000       1.00000       1.00000       1.00000       1.00000       1.00000       1.00000       1.00000  -250854.3035617091   1765.28196   -2
152      4.50e-06       0.00944    -1494.39537       0.17845       0.98823       0.98408       0.99808       0.95104       0.95696       0.97486       0.93893       0.93142       0.92514       0.94059       0.97379       0.92752       0.93933       0.93493       0.92568       0.99483       0.96184       1.00689  -208.9789264544      0.00291   -3
-- Local optimization: stuck in the same solution


---- Best joint likelihood found -208.97893 with gradient 0.00291
-- Model: B
--     eps_an        eps_cont      theta_bar     a        
--    4.50e-06      0.00e+00       0.00944       -1.00000  
--      S_d            b             p_b           S_b      
--  -1494.39537       0.17845      0.00e+00      0.00e+00  
--     r  2          r  3          r  4          r  5          r  6          r  7          r  8          r  9          r 10          r 11          r 12          r 13          r 14          r 15          r 16          r 17          r 18          r 19     
--     0.98823       0.98408       0.99808       0.95104       0.95696       0.97486       0.93893       0.93142       0.92514       0.94059       0.97379       0.92752       0.93933       0.93493       0.92568       0.99483       0.96184       1.00689  

---- Expected P_neut(i), 0 < i < n (neutral SFS per site) 
E[P_neut(1)] = 0.009438
E[P_neut(2)] = 0.004663
E[P_neut(3)] = 0.003096
E[P_neut(4)] = 0.002355
E[P_neut(5)] = 0.001795
E[P_neut(6)] = 0.001505
E[P_neut(7)] = 0.001314
E[P_neut(8)] = 0.001108
E[P_neut(9)] = 0.000977
E[P_neut(10)] = 0.000873
E[P_neut(11)] = 0.000807
E[P_neut(12)] = 0.000766
E[P_neut(13)] = 0.000673
E[P_neut(14)] = 0.000633
E[P_neut(15)] = 0.000588
E[P_neut(16)] = 0.000546
E[P_neut(17)] = 0.000552
E[P_neut(18)] = 0.000504
E[P_neut(19)] = 0.000500

---- Expected P_sel(i), 0 < i < n (selected SFS per site) 
E[P_sel(1)] = 0.003712
E[P_sel(2)] = 0.001532
E[P_sel(3)] = 0.000935
E[P_sel(4)] = 0.000674
E[P_sel(5)] = 0.000494
E[P_sel(6)] = 0.000402
E[P_sel(7)] = 0.000342
E[P_sel(8)] = 0.000283
E[P_sel(9)] = 0.000245
E[P_sel(10)] = 0.000215
E[P_sel(11)] = 0.000196
E[P_sel(12)] = 0.000184
E[P_sel(13)] = 0.000159
E[P_sel(14)] = 0.000148
E[P_sel(15)] = 0.000136
E[P_sel(16)] = 0.000125
E[P_sel(17)] = 0.000126
E[P_sel(18)] = 0.000114
E[P_sel(19)] = 0.000112

---- Expected neutral and selected misattributed polymorphism per site
E[mis_neut] = 0.000472
E[mis_sel] = 0.000105

---- alpha_div = 0.282020
---- alpha_dfe = 0.000000



