---- Performing inference on Ns10_pa_0.005_boots/Ns10_pa_0.005.16.polyDFE.txt using model B

---- Warning: mutation variability is not used when only one neutral and one selected fragment is available.
---- No mutation variability. Using Poisson likelihood.

---- Using provided initial values


-- Starting local optimization
 it       eps_an        eps_cont      theta_bar      S_d            b             p_b           S_b           r  2          r  3          r  4          r  5          r  6          r  7          r  8          r  9          r 10          r 11          r 12          r 13          r 14          r 15          r 16          r 17          r 18          r 19         ln lk             grad     status
  0      4.50e-06      9.00e-07       0.00100     -400.00000       0.40000       0.02000       4.00000       1.00000       1.00000       1.00000       1.00000       1.00000       1.00000       1.00000       1.00000       1.00000       1.00000       1.00000       1.00000       1.00000       1.00000       1.00000       1.00000       1.00000       1.00000  -241540.4748087066   1673.94275   -2
651      4.51e-06      9.00e-07       0.00946    -1041.14162       0.19494       0.00429      35.73585       0.98678       0.98558       0.98177       0.97219       0.97328       0.96360       0.92893       0.94773       0.96378       0.92483       0.95853       0.90810       0.94208       0.99174       0.87990       0.99135       0.93621       0.98491  -199.1645799635      0.00200   -3
-- Local optimization: stuck in the same solution


---- Best joint likelihood found -199.16458 with gradient 0.00200
-- Model: B
--     eps_an        eps_cont      theta_bar     a        
--    4.51e-06      9.00e-07       0.00946       -1.00000  
--      S_d            b             p_b           S_b      
--  -1041.14162       0.19494       0.00429      35.73585  
--     r  2          r  3          r  4          r  5          r  6          r  7          r  8          r  9          r 10          r 11          r 12          r 13          r 14          r 15          r 16          r 17          r 18          r 19     
--     0.98678       0.98558       0.98177       0.97219       0.97328       0.96360       0.92893       0.94773       0.96378       0.92483       0.95853       0.90810       0.94208       0.99174       0.87990       0.99135       0.93621       0.98491  

---- Expected P_neut(i), 0 < i < n (neutral SFS per site) 
E[P_neut(1)] = 0.009458
E[P_neut(2)] = 0.004666
E[P_neut(3)] = 0.003107
E[P_neut(4)] = 0.002321
E[P_neut(5)] = 0.001839
E[P_neut(6)] = 0.001534
E[P_neut(7)] = 0.001302
E[P_neut(8)] = 0.001098
E[P_neut(9)] = 0.000996
E[P_neut(10)] = 0.000912
E[P_neut(11)] = 0.000795
E[P_neut(12)] = 0.000755
E[P_neut(13)] = 0.000661
E[P_neut(14)] = 0.000636
E[P_neut(15)] = 0.000625
E[P_neut(16)] = 0.000520
E[P_neut(17)] = 0.000552
E[P_neut(18)] = 0.000492
E[P_neut(19)] = 0.000490

---- Expected P_sel(i), 0 < i < n (selected SFS per site) 
E[P_sel(1)] = 0.003752
E[P_sel(2)] = 0.001526
E[P_sel(3)] = 0.000929
E[P_sel(4)] = 0.000656
E[P_sel(5)] = 0.000499
E[P_sel(6)] = 0.000404
E[P_sel(7)] = 0.000334
E[P_sel(8)] = 0.000276
E[P_sel(9)] = 0.000246
E[P_sel(10)] = 0.000222
E[P_sel(11)] = 0.000192
E[P_sel(12)] = 0.000180
E[P_sel(13)] = 0.000157
E[P_sel(14)] = 0.000151
E[P_sel(15)] = 0.000148
E[P_sel(16)] = 0.000124
E[P_sel(17)] = 0.000134
E[P_sel(18)] = 0.000124
E[P_sel(19)] = 0.000131

---- Expected neutral and selected misattributed polymorphism per site
E[mis_neut] = 0.000473
E[mis_sel] = 0.000141

---- alpha_div = 0.311643
---- alpha_dfe = 0.423810



