---- Performing inference on Ns10_pa_0.005_boots/Ns10_pa_0.005.88.polyDFE.txt using model B

---- Warning: mutation variability is not used when only one neutral and one selected fragment is available.
---- No mutation variability. Using Poisson likelihood.

---- Using provided initial values


-- Starting local optimization
 it       eps_an        lambda        theta_bar      S_d            b             r  2          r  3          r  4          r  5          r  6          r  7          r  8          r  9          r 10          r 11          r 12          r 13          r 14          r 15          r 16          r 17          r 18          r 19          r 20         ln lk             grad     status
  0      4.50e-06       0.00500       0.00100     -400.00000       0.40000       1.00000       1.00000       1.00000       1.00000       1.00000       1.00000       1.00000       1.00000       1.00000       1.00000       1.00000       1.00000       1.00000       1.00000       1.00000       1.00000       1.00000       1.00000       1.00000  -260330.1611819595   1891.98911   -2
748      4.48e-06       0.00013       0.00967    -8750.20751       0.13284       0.96583       0.95074       0.93531       0.91546       0.91483       0.90675       0.88612       0.88263       0.89920       0.89055       0.88166       0.86986       0.85438       0.89532       0.88406       0.94803       0.92967       0.97481      11.88690  -386.9589382440      0.00529   -6
-- Local optimization: reached maximum running time allowed


---- Best joint likelihood found -386.95894 with gradient 0.00529
-- Model: B
--     eps_an        eps_cont      lambda        theta_bar     a        
--    4.48e-06      0.00e+00       0.00013       0.00967       -1.00000  
--      S_d            b             p_b           S_b      
--  -8750.20751       0.13284      0.00e+00      0.00e+00  
--     r  2          r  3          r  4          r  5          r  6          r  7          r  8          r  9          r 10          r 11          r 12          r 13          r 14          r 15          r 16          r 17          r 18          r 19          r 20     
--     0.96583       0.95074       0.93531       0.91546       0.91483       0.90675       0.88612       0.88263       0.89920       0.89055       0.88166       0.86986       0.85438       0.89532       0.88406       0.94803       0.92967       0.97481      11.88690  

---- Expected P_neut(i), 0 < i < n (neutral SFS per site) 
E[P_neut(1)] = 0.009673
E[P_neut(2)] = 0.004671
E[P_neut(3)] = 0.003066
E[P_neut(4)] = 0.002262
E[P_neut(5)] = 0.001771
E[P_neut(6)] = 0.001475
E[P_neut(7)] = 0.001253
E[P_neut(8)] = 0.001071
E[P_neut(9)] = 0.000949
E[P_neut(10)] = 0.000870
E[P_neut(11)] = 0.000783
E[P_neut(12)] = 0.000711
E[P_neut(13)] = 0.000647
E[P_neut(14)] = 0.000590
E[P_neut(15)] = 0.000577
E[P_neut(16)] = 0.000534
E[P_neut(17)] = 0.000539
E[P_neut(18)] = 0.000500
E[P_neut(19)] = 0.000496

---- Expected P_sel(i), 0 < i < n (selected SFS per site) 
E[P_sel(1)] = 0.003665
E[P_sel(2)] = 0.001550
E[P_sel(3)] = 0.000956
E[P_sel(4)] = 0.000678
E[P_sel(5)] = 0.000516
E[P_sel(6)] = 0.000420
E[P_sel(7)] = 0.000350
E[P_sel(8)] = 0.000295
E[P_sel(9)] = 0.000258
E[P_sel(10)] = 0.000233
E[P_sel(11)] = 0.000208
E[P_sel(12)] = 0.000187
E[P_sel(13)] = 0.000169
E[P_sel(14)] = 0.000152
E[P_sel(15)] = 0.000148
E[P_sel(16)] = 0.000136
E[P_sel(17)] = 0.000136
E[P_sel(18)] = 0.000125
E[P_sel(19)] = 0.000124

---- Expected D_neut and D_sel (neutral and selected divergence per site) 
E[D_neut] = 0.005881
E[D_sel] = 0.001460

---- Expected neutral and selected misattributed polymorphism per site
E[mis_neut] = 0.005749
E[mis_sel] = 0.001427

---- alpha_div = 1.431066
---- alpha_dfe = 0.000000



