---- Performing inference on Ns10_pa_0.005_boots/Ns10_pa_0.005.37.polyDFE.txt using model B

---- Warning: mutation variability is not used when only one neutral and one selected fragment is available.
---- No mutation variability. Using Poisson likelihood.

---- Using provided initial values


-- Starting local optimization
 it       eps_an        eps_cont      lambda        theta_bar      S_d            b             p_b           S_b           r  2          r  3          r  4          r  5          r  6          r  7          r  8          r  9          r 10          r 11          r 12          r 13          r 14          r 15          r 16          r 17          r 18          r 19          r 20         ln lk             grad     status
  0      4.50e-06      9.00e-07       0.00500       0.00100     -400.00000       0.40000       0.02000       4.00000       1.00000       1.00000       1.00000       1.00000       1.00000       1.00000       1.00000       1.00000       1.00000       1.00000       1.00000       1.00000       1.00000       1.00000       1.00000       1.00000       1.00000       1.00000       1.00000  -246581.4574396801   1723.67880   -2
276      4.49e-06      9.00e-07       0.00505       0.00940    -1020.72497       0.19426       0.00408      21.33919       1.00329       1.00574       0.99212       0.98514       0.98751       0.96551       0.95563       0.95319       0.97900       0.93806       0.97774       0.89810       0.94324       0.98340       0.96004       0.97818       0.94577       1.00287       0.88096  -205.1125196789      0.00583   -3
-- Local optimization: stuck in the same solution


---- Best joint likelihood found -205.11252 with gradient 0.00583
-- Model: B
--     eps_an        eps_cont      lambda        theta_bar     a        
--    4.49e-06      9.00e-07       0.00505       0.00940       -1.00000  
--      S_d            b             p_b           S_b      
--  -1020.72497       0.19426       0.00408      21.33919  
--     r  2          r  3          r  4          r  5          r  6          r  7          r  8          r  9          r 10          r 11          r 12          r 13          r 14          r 15          r 16          r 17          r 18          r 19          r 20     
--     1.00329       1.00574       0.99212       0.98514       0.98751       0.96551       0.95563       0.95319       0.97900       0.93806       0.97774       0.89810       0.94324       0.98340       0.96004       0.97818       0.94577       1.00287       0.88096  

---- Expected P_neut(i), 0 < i < n (neutral SFS per site) 
E[P_neut(1)] = 0.009403
E[P_neut(2)] = 0.004717
E[P_neut(3)] = 0.003152
E[P_neut(4)] = 0.002332
E[P_neut(5)] = 0.001853
E[P_neut(6)] = 0.001548
E[P_neut(7)] = 0.001297
E[P_neut(8)] = 0.001123
E[P_neut(9)] = 0.000996
E[P_neut(10)] = 0.000921
E[P_neut(11)] = 0.000802
E[P_neut(12)] = 0.000766
E[P_neut(13)] = 0.000650
E[P_neut(14)] = 0.000634
E[P_neut(15)] = 0.000616
E[P_neut(16)] = 0.000564
E[P_neut(17)] = 0.000541
E[P_neut(18)] = 0.000494
E[P_neut(19)] = 0.000496

---- Expected P_sel(i), 0 < i < n (selected SFS per site) 
E[P_sel(1)] = 0.003752
E[P_sel(2)] = 0.001552
E[P_sel(3)] = 0.000949
E[P_sel(4)] = 0.000664
E[P_sel(5)] = 0.000506
E[P_sel(6)] = 0.000410
E[P_sel(7)] = 0.000335
E[P_sel(8)] = 0.000284
E[P_sel(9)] = 0.000248
E[P_sel(10)] = 0.000226
E[P_sel(11)] = 0.000194
E[P_sel(12)] = 0.000184
E[P_sel(13)] = 0.000155
E[P_sel(14)] = 0.000151
E[P_sel(15)] = 0.000147
E[P_sel(16)] = 0.000135
E[P_sel(17)] = 0.000131
E[P_sel(18)] = 0.000122
E[P_sel(19)] = 0.000127

---- Expected D_neut and D_sel (neutral and selected divergence per site) 
E[D_neut] = 0.005468
E[D_sel] = 0.001615

---- Expected neutral and selected misattributed polymorphism per site
E[mis_neut] = 0.000414
E[mis_sel] = 0.000113

---- alpha_div = 0.293669
---- alpha_dfe = 0.293020



