---- Performing inference on Ns10_pa_0.005_boots/Ns10_pa_0.005.60.polyDFE.txt using model B

---- Warning: mutation variability is not used when only one neutral and one selected fragment is available.
---- No mutation variability. Using Poisson likelihood.

---- Using provided initial values


-- Starting local optimization
 it       eps_an        eps_cont      theta_bar      S_d            b             p_b           S_b           r  2          r  3          r  4          r  5          r  6          r  7          r  8          r  9          r 10          r 11          r 12          r 13          r 14          r 15          r 16          r 17          r 18          r 19         ln lk             grad     status
  0      4.50e-06      9.00e-07       0.00100     -400.00000       0.40000       0.02000       4.00000       1.00000       1.00000       1.00000       1.00000       1.00000       1.00000       1.00000       1.00000       1.00000       1.00000       1.00000       1.00000       1.00000       1.00000       1.00000       1.00000       1.00000       1.00000  -240550.3269776439   1669.34654   -2
404      4.50e-06      9.00e-07       0.00946    -1026.51915       0.19542       0.00492      24.00481       0.97970       0.97255       0.99259       0.96764       0.96067       0.92310       0.94350       0.96103       0.93067       0.95111       0.95062       0.88711       0.92332       0.94284       0.91620       0.94118       0.92707       1.02968  -198.3447910801      0.00261   -3
-- Local optimization: stuck in the same solution


---- Best joint likelihood found -198.34479 with gradient 0.00261
-- Model: B
--     eps_an        eps_cont      theta_bar     a        
--    4.50e-06      9.00e-07       0.00946       -1.00000  
--      S_d            b             p_b           S_b      
--  -1026.51915       0.19542       0.00492      24.00481  
--     r  2          r  3          r  4          r  5          r  6          r  7          r  8          r  9          r 10          r 11          r 12          r 13          r 14          r 15          r 16          r 17          r 18          r 19     
--     0.97970       0.97255       0.99259       0.96764       0.96067       0.92310       0.94350       0.96103       0.93067       0.95111       0.95062       0.88711       0.92332       0.94284       0.91620       0.94118       0.92707       1.02968  

---- Expected P_neut(i), 0 < i < n (neutral SFS per site) 
E[P_neut(1)] = 0.009464
E[P_neut(2)] = 0.004636
E[P_neut(3)] = 0.003068
E[P_neut(4)] = 0.002349
E[P_neut(5)] = 0.001832
E[P_neut(6)] = 0.001515
E[P_neut(7)] = 0.001248
E[P_neut(8)] = 0.001116
E[P_neut(9)] = 0.001011
E[P_neut(10)] = 0.000881
E[P_neut(11)] = 0.000818
E[P_neut(12)] = 0.000750
E[P_neut(13)] = 0.000646
E[P_neut(14)] = 0.000624
E[P_neut(15)] = 0.000595
E[P_neut(16)] = 0.000542
E[P_neut(17)] = 0.000524
E[P_neut(18)] = 0.000487
E[P_neut(19)] = 0.000513

---- Expected P_sel(i), 0 < i < n (selected SFS per site) 
E[P_sel(1)] = 0.003762
E[P_sel(2)] = 0.001519
E[P_sel(3)] = 0.000919
E[P_sel(4)] = 0.000665
E[P_sel(5)] = 0.000498
E[P_sel(6)] = 0.000400
E[P_sel(7)] = 0.000321
E[P_sel(8)] = 0.000282
E[P_sel(9)] = 0.000251
E[P_sel(10)] = 0.000216
E[P_sel(11)] = 0.000198
E[P_sel(12)] = 0.000180
E[P_sel(13)] = 0.000154
E[P_sel(14)] = 0.000149
E[P_sel(15)] = 0.000142
E[P_sel(16)] = 0.000131
E[P_sel(17)] = 0.000129
E[P_sel(18)] = 0.000123
E[P_sel(19)] = 0.000136

---- Expected neutral and selected misattributed polymorphism per site
E[mis_neut] = 0.000473
E[mis_sel] = 0.000136

---- alpha_div = 0.285213
---- alpha_dfe = 0.361990



