---- Performing inference on Ns10_pa_0.005_boots/Ns10_pa_0.005.11.polyDFE.txt using model B

---- Warning: mutation variability is not used when only one neutral and one selected fragment is available.
---- No mutation variability. Using Poisson likelihood.

---- Using provided initial values


-- Starting local optimization
 it       eps_an        lambda        theta_bar      S_d            b             r  2          r  3          r  4          r  5          r  6          r  7          r  8          r  9          r 10          r 11          r 12          r 13          r 14          r 15          r 16          r 17          r 18          r 19          r 20         ln lk             grad     status
  0      4.50e-06       0.00500       0.00100     -400.00000       0.40000       1.00000       1.00000       1.00000       1.00000       1.00000       1.00000       1.00000       1.00000       1.00000       1.00000       1.00000       1.00000       1.00000       1.00000       1.00000       1.00000       1.00000       1.00000       1.00000  -260981.2985904809   1896.18322   -2
485      4.41e-06       0.00010       0.00966    -8548.30692       0.13245       0.97005       0.94163       0.95392       0.90969       0.90914       0.89174       0.90365       0.88512       0.90212       0.85331       0.91220       0.82702       0.86458       0.88709       0.86676       0.92559       0.94201       0.99247      11.87039  -420.8650685366      0.01600   -3
-- Local optimization: stuck in the same solution


---- Best joint likelihood found -420.86507 with gradient 0.01600
-- Model: B
--     eps_an        eps_cont      lambda        theta_bar     a        
--    4.41e-06      0.00e+00       0.00010       0.00966       -1.00000  
--      S_d            b             p_b           S_b      
--  -8548.30692       0.13245      0.00e+00      0.00e+00  
--     r  2          r  3          r  4          r  5          r  6          r  7          r  8          r  9          r 10          r 11          r 12          r 13          r 14          r 15          r 16          r 17          r 18          r 19          r 20     
--     0.97005       0.94163       0.95392       0.90969       0.90914       0.89174       0.90365       0.88512       0.90212       0.85331       0.91220       0.82702       0.86458       0.88709       0.86676       0.92559       0.94201       0.99247      11.87039  

---- Expected P_neut(i), 0 < i < n (neutral SFS per site) 
E[P_neut(1)] = 0.009662
E[P_neut(2)] = 0.004687
E[P_neut(3)] = 0.003033
E[P_neut(4)] = 0.002304
E[P_neut(5)] = 0.001758
E[P_neut(6)] = 0.001464
E[P_neut(7)] = 0.001231
E[P_neut(8)] = 0.001091
E[P_neut(9)] = 0.000950
E[P_neut(10)] = 0.000872
E[P_neut(11)] = 0.000750
E[P_neut(12)] = 0.000735
E[P_neut(13)] = 0.000615
E[P_neut(14)] = 0.000597
E[P_neut(15)] = 0.000571
E[P_neut(16)] = 0.000523
E[P_neut(17)] = 0.000526
E[P_neut(18)] = 0.000506
E[P_neut(19)] = 0.000505

---- Expected P_sel(i), 0 < i < n (selected SFS per site) 
E[P_sel(1)] = 0.003682
E[P_sel(2)] = 0.001564
E[P_sel(3)] = 0.000952
E[P_sel(4)] = 0.000695
E[P_sel(5)] = 0.000515
E[P_sel(6)] = 0.000420
E[P_sel(7)] = 0.000346
E[P_sel(8)] = 0.000302
E[P_sel(9)] = 0.000260
E[P_sel(10)] = 0.000235
E[P_sel(11)] = 0.000200
E[P_sel(12)] = 0.000194
E[P_sel(13)] = 0.000161
E[P_sel(14)] = 0.000155
E[P_sel(15)] = 0.000147
E[P_sel(16)] = 0.000134
E[P_sel(17)] = 0.000134
E[P_sel(18)] = 0.000128
E[P_sel(19)] = 0.000127

---- Expected D_neut and D_sel (neutral and selected divergence per site) 
E[D_neut] = 0.005839
E[D_sel] = 0.001459

---- Expected neutral and selected misattributed polymorphism per site
E[mis_neut] = 0.005735
E[mis_sel] = 0.001433

---- alpha_div = 1.511000
---- alpha_dfe = 0.000000



