---- Performing inference on Ns10_pa_0.005_boots/Ns10_pa_0.005.33.polyDFE.txt using model B

---- Warning: mutation variability is not used when only one neutral and one selected fragment is available.
---- No mutation variability. Using Poisson likelihood.

---- Using provided initial values


-- Starting local optimization
 it       eps_an        eps_cont      lambda        theta_bar      S_d            b             p_b           S_b           r  2          r  3          r  4          r  5          r  6          r  7          r  8          r  9          r 10          r 11          r 12          r 13          r 14          r 15          r 16          r 17          r 18          r 19          r 20         ln lk             grad     status
  0      4.50e-06      9.00e-07       0.00500       0.00100     -400.00000       0.40000       0.02000       4.00000       1.00000       1.00000       1.00000       1.00000       1.00000       1.00000       1.00000       1.00000       1.00000       1.00000       1.00000       1.00000       1.00000       1.00000       1.00000       1.00000       1.00000       1.00000       1.00000  -245271.3035590543   1717.10882   -2
432      4.50e-06      9.00e-07       0.00496       0.00945     -949.33329       0.20038       0.00733      13.10084       0.99331       0.98840       1.00353       0.95981       0.98727       0.93595       0.94167       0.97902       0.95413       0.91031       0.93604       0.94715       0.91029       0.92461       0.93146       0.96918       0.94665       0.99605       1.07553  -202.2870699410      0.00592   -3
-- Local optimization: stuck in the same solution


---- Best joint likelihood found -202.28707 with gradient 0.00592
-- Model: B
--     eps_an        eps_cont      lambda        theta_bar     a        
--    4.50e-06      9.00e-07       0.00496       0.00945       -1.00000  
--      S_d            b             p_b           S_b      
--   -949.33329       0.20038       0.00733      13.10084  
--     r  2          r  3          r  4          r  5          r  6          r  7          r  8          r  9          r 10          r 11          r 12          r 13          r 14          r 15          r 16          r 17          r 18          r 19          r 20     
--     0.99331       0.98840       1.00353       0.95981       0.98727       0.93595       0.94167       0.97902       0.95413       0.91031       0.93604       0.94715       0.91029       0.92461       0.93146       0.96918       0.94665       0.99605       1.07553  

---- Expected P_neut(i), 0 < i < n (neutral SFS per site) 
E[P_neut(1)] = 0.009454
E[P_neut(2)] = 0.004695
E[P_neut(3)] = 0.003115
E[P_neut(4)] = 0.002372
E[P_neut(5)] = 0.001815
E[P_neut(6)] = 0.001556
E[P_neut(7)] = 0.001264
E[P_neut(8)] = 0.001113
E[P_neut(9)] = 0.001028
E[P_neut(10)] = 0.000902
E[P_neut(11)] = 0.000782
E[P_neut(12)] = 0.000737
E[P_neut(13)] = 0.000689
E[P_neut(14)] = 0.000615
E[P_neut(15)] = 0.000583
E[P_neut(16)] = 0.000550
E[P_neut(17)] = 0.000539
E[P_neut(18)] = 0.000497
E[P_neut(19)] = 0.000496

---- Expected P_sel(i), 0 < i < n (selected SFS per site) 
E[P_sel(1)] = 0.003762
E[P_sel(2)] = 0.001535
E[P_sel(3)] = 0.000930
E[P_sel(4)] = 0.000670
E[P_sel(5)] = 0.000492
E[P_sel(6)] = 0.000409
E[P_sel(7)] = 0.000325
E[P_sel(8)] = 0.000280
E[P_sel(9)] = 0.000255
E[P_sel(10)] = 0.000221
E[P_sel(11)] = 0.000190
E[P_sel(12)] = 0.000178
E[P_sel(13)] = 0.000166
E[P_sel(14)] = 0.000148
E[P_sel(15)] = 0.000141
E[P_sel(16)] = 0.000135
E[P_sel(17)] = 0.000134
E[P_sel(18)] = 0.000127
E[P_sel(19)] = 0.000132

---- Expected D_neut and D_sel (neutral and selected divergence per site) 
E[D_neut] = 0.005472
E[D_sel] = 0.001630

---- Expected neutral and selected misattributed polymorphism per site
E[mis_neut] = 0.000508
E[mis_sel] = 0.000142

---- alpha_div = 0.318902
---- alpha_dfe = 0.320400



