---- Performing inference on Ns10_pa_0.005_boots/Ns10_pa_0.005.52.polyDFE.txt using model B

---- Warning: mutation variability is not used when only one neutral and one selected fragment is available.
---- No mutation variability. Using Poisson likelihood.

---- Using provided initial values


-- Starting local optimization
 it       eps_an        lambda        theta_bar      S_d            b             r  2          r  3          r  4          r  5          r  6          r  7          r  8          r  9          r 10          r 11          r 12          r 13          r 14          r 15          r 16          r 17          r 18          r 19          r 20         ln lk             grad     status
  0      4.50e-06       0.00500       0.00100     -400.00000       0.40000       1.00000       1.00000       1.00000       1.00000       1.00000       1.00000       1.00000       1.00000       1.00000       1.00000       1.00000       1.00000       1.00000       1.00000       1.00000       1.00000       1.00000       1.00000       1.00000  -261741.2794520027   1902.75168   -2
714      4.38e-06       0.00004       0.00969    -8226.56028       0.13220       0.94312       0.93496       0.95298       0.89740       0.91632       0.89940       0.88855       0.88552       0.88492       0.85164       0.89982       0.82407       0.87552       0.90772       0.88115       0.96080       0.86927       1.04552      12.13495  -385.4655873967      0.00723   -6
-- Local optimization: reached maximum running time allowed


---- Best joint likelihood found -385.46559 with gradient 0.00723
-- Model: B
--     eps_an        eps_cont      lambda        theta_bar     a        
--    4.38e-06      0.00e+00       0.00004       0.00969       -1.00000  
--      S_d            b             p_b           S_b      
--  -8226.56028       0.13220      0.00e+00      0.00e+00  
--     r  2          r  3          r  4          r  5          r  6          r  7          r  8          r  9          r 10          r 11          r 12          r 13          r 14          r 15          r 16          r 17          r 18          r 19          r 20     
--     0.94312       0.93496       0.95298       0.89740       0.91632       0.89940       0.88855       0.88552       0.88492       0.85164       0.89982       0.82407       0.87552       0.90772       0.88115       0.96080       0.86927       1.04552      12.13495  

---- Expected P_neut(i), 0 < i < n (neutral SFS per site) 
E[P_neut(1)] = 0.009686
E[P_neut(2)] = 0.004568
E[P_neut(3)] = 0.003019
E[P_neut(4)] = 0.002308
E[P_neut(5)] = 0.001738
E[P_neut(6)] = 0.001479
E[P_neut(7)] = 0.001245
E[P_neut(8)] = 0.001076
E[P_neut(9)] = 0.000953
E[P_neut(10)] = 0.000857
E[P_neut(11)] = 0.000750
E[P_neut(12)] = 0.000726
E[P_neut(13)] = 0.000614
E[P_neut(14)] = 0.000606
E[P_neut(15)] = 0.000586
E[P_neut(16)] = 0.000533
E[P_neut(17)] = 0.000547
E[P_neut(18)] = 0.000468
E[P_neut(19)] = 0.000533

---- Expected P_sel(i), 0 < i < n (selected SFS per site) 
E[P_sel(1)] = 0.003715
E[P_sel(2)] = 0.001535
E[P_sel(3)] = 0.000954
E[P_sel(4)] = 0.000701
E[P_sel(5)] = 0.000513
E[P_sel(6)] = 0.000427
E[P_sel(7)] = 0.000353
E[P_sel(8)] = 0.000300
E[P_sel(9)] = 0.000262
E[P_sel(10)] = 0.000233
E[P_sel(11)] = 0.000202
E[P_sel(12)] = 0.000193
E[P_sel(13)] = 0.000162
E[P_sel(14)] = 0.000159
E[P_sel(15)] = 0.000152
E[P_sel(16)] = 0.000138
E[P_sel(17)] = 0.000140
E[P_sel(18)] = 0.000119
E[P_sel(19)] = 0.000135

---- Expected D_neut and D_sel (neutral and selected divergence per site) 
E[D_neut] = 0.005913
E[D_sel] = 0.001489

---- Expected neutral and selected misattributed polymorphism per site
E[mis_neut] = 0.005877
E[mis_sel] = 0.001480

---- alpha_div = 1.654700
---- alpha_dfe = 0.000000



