---- Performing inference on Ns10_pa_0.005_boots/Ns10_pa_0.005.95.polyDFE.txt using model B

---- Warning: mutation variability is not used when only one neutral and one selected fragment is available.
---- No mutation variability. Using Poisson likelihood.

---- Using provided initial values


-- Starting local optimization
 it       eps_an        eps_cont      theta_bar      S_d            b             p_b           S_b           r  2          r  3          r  4          r  5          r  6          r  7          r  8          r  9          r 10          r 11          r 12          r 13          r 14          r 15          r 16          r 17          r 18          r 19         ln lk             grad     status
  0      4.50e-06      9.00e-07       0.00100     -400.00000       0.40000       0.02000       4.00000       1.00000       1.00000       1.00000       1.00000       1.00000       1.00000       1.00000       1.00000       1.00000       1.00000       1.00000       1.00000       1.00000       1.00000       1.00000       1.00000       1.00000       1.00000  -242970.5409121587   1680.58960   -2
283      4.50e-06      9.00e-07       0.00945     -769.63836       0.21357       0.01161       6.94926       0.99422       1.00074       1.01080       0.99094       0.98835       0.94791       0.96402       0.94633       0.98274       0.90613       0.93893       0.89518       0.86715       0.96056       0.94214       0.97937       0.97537       0.94817  -202.4099305249      0.01092   -3
-- Local optimization: stuck in the same solution


---- Best joint likelihood found -202.40993 with gradient 0.01092
-- Model: B
--     eps_an        eps_cont      theta_bar     a        
--    4.50e-06      9.00e-07       0.00945       -1.00000  
--      S_d            b             p_b           S_b      
--   -769.63836       0.21357       0.01161       6.94926  
--     r  2          r  3          r  4          r  5          r  6          r  7          r  8          r  9          r 10          r 11          r 12          r 13          r 14          r 15          r 16          r 17          r 18          r 19     
--     0.99422       1.00074       1.01080       0.99094       0.98835       0.94791       0.96402       0.94633       0.98274       0.90613       0.93893       0.89518       0.86715       0.96056       0.94214       0.97937       0.97537       0.94817  

---- Expected P_neut(i), 0 < i < n (neutral SFS per site) 
E[P_neut(1)] = 0.009448
E[P_neut(2)] = 0.004697
E[P_neut(3)] = 0.003152
E[P_neut(4)] = 0.002388
E[P_neut(5)] = 0.001873
E[P_neut(6)] = 0.001556
E[P_neut(7)] = 0.001279
E[P_neut(8)] = 0.001139
E[P_neut(9)] = 0.000993
E[P_neut(10)] = 0.000929
E[P_neut(11)] = 0.000778
E[P_neut(12)] = 0.000739
E[P_neut(13)] = 0.000651
E[P_neut(14)] = 0.000585
E[P_neut(15)] = 0.000605
E[P_neut(16)] = 0.000556
E[P_neut(17)] = 0.000544
E[P_neut(18)] = 0.000512
E[P_neut(19)] = 0.000472

---- Expected P_sel(i), 0 < i < n (selected SFS per site) 
E[P_sel(1)] = 0.003774
E[P_sel(2)] = 0.001528
E[P_sel(3)] = 0.000933
E[P_sel(4)] = 0.000667
E[P_sel(5)] = 0.000502
E[P_sel(6)] = 0.000405
E[P_sel(7)] = 0.000325
E[P_sel(8)] = 0.000284
E[P_sel(9)] = 0.000244
E[P_sel(10)] = 0.000226
E[P_sel(11)] = 0.000188
E[P_sel(12)] = 0.000178
E[P_sel(13)] = 0.000156
E[P_sel(14)] = 0.000141
E[P_sel(15)] = 0.000146
E[P_sel(16)] = 0.000136
E[P_sel(17)] = 0.000135
E[P_sel(18)] = 0.000129
E[P_sel(19)] = 0.000121

---- Expected neutral and selected misattributed polymorphism per site
E[mis_neut] = 0.000472
E[mis_sel] = 0.000125

---- alpha_div = 0.359210
---- alpha_dfe = 0.294334



