---- Performing inference on Ns10_pa_0.005_boots/Ns10_pa_0.005.3.polyDFE.txt using model B

---- Warning: mutation variability is not used when only one neutral and one selected fragment is available.
---- No mutation variability. Using Poisson likelihood.

---- Using provided initial values


-- Starting local optimization
 it       eps_an        eps_cont      theta_bar      S_d            b             p_b           S_b           r  2          r  3          r  4          r  5          r  6          r  7          r  8          r  9          r 10          r 11          r 12          r 13          r 14          r 15          r 16          r 17          r 18          r 19         ln lk             grad     status
  0      4.50e-06      9.00e-07       0.00100     -400.00000       0.40000       0.02000       4.00000       1.00000       1.00000       1.00000       1.00000       1.00000       1.00000       1.00000       1.00000       1.00000       1.00000       1.00000       1.00000       1.00000       1.00000       1.00000       1.00000       1.00000       1.00000  -243555.3980785863   1683.38101   -2
252      4.50e-06      9.00e-07       0.00952     -851.30308       0.21137       0.01414       6.55781       1.00065       0.98349       1.00130       0.94604       0.97635       0.92383       0.93179       0.92495       0.97898       0.92944       0.95396       0.90596       0.89211       0.95629       0.91815       0.97663       0.94277       1.01640  -190.4533133318      0.01725   -3
-- Local optimization: stuck in the same solution


---- Best joint likelihood found -190.45331 with gradient 0.01725
-- Model: B
--     eps_an        eps_cont      theta_bar     a        
--    4.50e-06      9.00e-07       0.00952       -1.00000  
--      S_d            b             p_b           S_b      
--   -851.30308       0.21137       0.01414       6.55781  
--     r  2          r  3          r  4          r  5          r  6          r  7          r  8          r  9          r 10          r 11          r 12          r 13          r 14          r 15          r 16          r 17          r 18          r 19     
--     1.00065       0.98349       1.00130       0.94604       0.97635       0.92383       0.93179       0.92495       0.97898       0.92944       0.95396       0.90596       0.89211       0.95629       0.91815       0.97663       0.94277       1.01640  

---- Expected P_neut(i), 0 < i < n (neutral SFS per site) 
E[P_neut(1)] = 0.009517
E[P_neut(2)] = 0.004761
E[P_neut(3)] = 0.003120
E[P_neut(4)] = 0.002382
E[P_neut(5)] = 0.001801
E[P_neut(6)] = 0.001549
E[P_neut(7)] = 0.001256
E[P_neut(8)] = 0.001108
E[P_neut(9)] = 0.000978
E[P_neut(10)] = 0.000932
E[P_neut(11)] = 0.000804
E[P_neut(12)] = 0.000757
E[P_neut(13)] = 0.000663
E[P_neut(14)] = 0.000606
E[P_neut(15)] = 0.000607
E[P_neut(16)] = 0.000546
E[P_neut(17)] = 0.000547
E[P_neut(18)] = 0.000498
E[P_neut(19)] = 0.000509

---- Expected P_sel(i), 0 < i < n (selected SFS per site) 
E[P_sel(1)] = 0.003769
E[P_sel(2)] = 0.001541
E[P_sel(3)] = 0.000921
E[P_sel(4)] = 0.000665
E[P_sel(5)] = 0.000483
E[P_sel(6)] = 0.000404
E[P_sel(7)] = 0.000320
E[P_sel(8)] = 0.000278
E[P_sel(9)] = 0.000242
E[P_sel(10)] = 0.000229
E[P_sel(11)] = 0.000197
E[P_sel(12)] = 0.000184
E[P_sel(13)] = 0.000162
E[P_sel(14)] = 0.000149
E[P_sel(15)] = 0.000150
E[P_sel(16)] = 0.000136
E[P_sel(17)] = 0.000139
E[P_sel(18)] = 0.000129
E[P_sel(19)] = 0.000135

---- Expected neutral and selected misattributed polymorphism per site
E[mis_neut] = 0.000476
E[mis_sel] = 0.000131

---- alpha_div = 0.341931
---- alpha_dfe = 0.326194



