---- Performing inference on Ns10_pa_0.005_boots/Ns10_pa_0.005.94.polyDFE.txt using model B

---- Warning: mutation variability is not used when only one neutral and one selected fragment is available.
---- No mutation variability. Using Poisson likelihood.

---- Using provided initial values


-- Starting local optimization
 it       eps_an        theta_bar      S_d            b             r  2          r  3          r  4          r  5          r  6          r  7          r  8          r  9          r 10          r 11          r 12          r 13          r 14          r 15          r 16          r 17          r 18          r 19         ln lk             grad     status
  0      4.50e-06       0.00100     -400.00000       0.40000       1.00000       1.00000       1.00000       1.00000       1.00000       1.00000       1.00000       1.00000       1.00000       1.00000       1.00000       1.00000       1.00000       1.00000       1.00000       1.00000       1.00000       1.00000  -254141.7276982950   1782.46625   -2
149      4.50e-06       0.00943    -1315.45903       0.18126       0.98750       0.97709       0.98703       0.96532       0.98220       0.95991       0.95285       0.95363       1.00260       0.93467       0.95327       0.94176       0.94686       0.98665       0.90693       1.02711       0.98897       1.02608  -220.6439066188      0.00164   -3
-- Local optimization: stuck in the same solution


---- Best joint likelihood found -220.64391 with gradient 0.00164
-- Model: B
--     eps_an        eps_cont      theta_bar     a        
--    4.50e-06      0.00e+00       0.00943       -1.00000  
--      S_d            b             p_b           S_b      
--  -1315.45903       0.18126      0.00e+00      0.00e+00  
--     r  2          r  3          r  4          r  5          r  6          r  7          r  8          r  9          r 10          r 11          r 12          r 13          r 14          r 15          r 16          r 17          r 18          r 19     
--     0.98750       0.97709       0.98703       0.96532       0.98220       0.95991       0.95285       0.95363       1.00260       0.93467       0.95327       0.94176       0.94686       0.98665       0.90693       1.02711       0.98897       1.02608  

---- Expected P_neut(i), 0 < i < n (neutral SFS per site) 
E[P_neut(1)] = 0.009434
E[P_neut(2)] = 0.004658
E[P_neut(3)] = 0.003073
E[P_neut(4)] = 0.002328
E[P_neut(5)] = 0.001821
E[P_neut(6)] = 0.001544
E[P_neut(7)] = 0.001294
E[P_neut(8)] = 0.001124
E[P_neut(9)] = 0.001000
E[P_neut(10)] = 0.000946
E[P_neut(11)] = 0.000802
E[P_neut(12)] = 0.000749
E[P_neut(13)] = 0.000683
E[P_neut(14)] = 0.000638
E[P_neut(15)] = 0.000621
E[P_neut(16)] = 0.000535
E[P_neut(17)] = 0.000570
E[P_neut(18)] = 0.000518
E[P_neut(19)] = 0.000510

---- Expected P_sel(i), 0 < i < n (selected SFS per site) 
E[P_sel(1)] = 0.003751
E[P_sel(2)] = 0.001543
E[P_sel(3)] = 0.000935
E[P_sel(4)] = 0.000671
E[P_sel(5)] = 0.000504
E[P_sel(6)] = 0.000415
E[P_sel(7)] = 0.000339
E[P_sel(8)] = 0.000288
E[P_sel(9)] = 0.000251
E[P_sel(10)] = 0.000234
E[P_sel(11)] = 0.000195
E[P_sel(12)] = 0.000180
E[P_sel(13)] = 0.000162
E[P_sel(14)] = 0.000150
E[P_sel(15)] = 0.000144
E[P_sel(16)] = 0.000123
E[P_sel(17)] = 0.000130
E[P_sel(18)] = 0.000117
E[P_sel(19)] = 0.000114

---- Expected neutral and selected misattributed polymorphism per site
E[mis_neut] = 0.000472
E[mis_sel] = 0.000105

---- alpha_div = 0.283056
---- alpha_dfe = 0.000000



