---- Performing inference on Ns10_pa_0.005_boots/Ns10_pa_0.005.86.polyDFE.txt using model B

---- Warning: mutation variability is not used when only one neutral and one selected fragment is available.
---- No mutation variability. Using Poisson likelihood.

---- Using provided initial values


-- Starting local optimization
 it       eps_an        eps_cont      theta_bar      S_d            b             p_b           S_b           r  2          r  3          r  4          r  5          r  6          r  7          r  8          r  9          r 10          r 11          r 12          r 13          r 14          r 15          r 16          r 17          r 18          r 19         ln lk             grad     status
  0      4.50e-06      9.00e-07       0.00100     -400.00000       0.40000       0.02000       4.00000       1.00000       1.00000       1.00000       1.00000       1.00000       1.00000       1.00000       1.00000       1.00000       1.00000       1.00000       1.00000       1.00000       1.00000       1.00000       1.00000       1.00000       1.00000  -242285.5490201797   1676.99984   -2
320      4.51e-06      9.00e-07       0.00949    -1184.10969       0.19162       0.00460      37.42860       0.98479       0.99742       1.00345       0.97324       0.96303       0.98309       0.92818       0.95282       0.92221       0.91841       0.94815       0.91583       0.95252       0.97787       0.90463       0.93976       0.94612       1.00867  -197.2396381457      0.07276   -3
-- Local optimization: stuck in the same solution


---- Best joint likelihood found -197.23964 with gradient 0.07276
-- Model: B
--     eps_an        eps_cont      theta_bar     a        
--    4.51e-06      9.00e-07       0.00949       -1.00000  
--      S_d            b             p_b           S_b      
--  -1184.10969       0.19162       0.00460      37.42860  
--     r  2          r  3          r  4          r  5          r  6          r  7          r  8          r  9          r 10          r 11          r 12          r 13          r 14          r 15          r 16          r 17          r 18          r 19     
--     0.98479       0.99742       1.00345       0.97324       0.96303       0.98309       0.92818       0.95282       0.92221       0.91841       0.94815       0.91583       0.95252       0.97787       0.90463       0.93976       0.94612       1.00867  

---- Expected P_neut(i), 0 < i < n (neutral SFS per site) 
E[P_neut(1)] = 0.009490
E[P_neut(2)] = 0.004673
E[P_neut(3)] = 0.003155
E[P_neut(4)] = 0.002381
E[P_neut(5)] = 0.001847
E[P_neut(6)] = 0.001523
E[P_neut(7)] = 0.001333
E[P_neut(8)] = 0.001101
E[P_neut(9)] = 0.001005
E[P_neut(10)] = 0.000875
E[P_neut(11)] = 0.000792
E[P_neut(12)] = 0.000750
E[P_neut(13)] = 0.000669
E[P_neut(14)] = 0.000646
E[P_neut(15)] = 0.000619
E[P_neut(16)] = 0.000537
E[P_neut(17)] = 0.000525
E[P_neut(18)] = 0.000499
E[P_neut(19)] = 0.000504

---- Expected P_sel(i), 0 < i < n (selected SFS per site) 
E[P_sel(1)] = 0.003723
E[P_sel(2)] = 0.001516
E[P_sel(3)] = 0.000938
E[P_sel(4)] = 0.000669
E[P_sel(5)] = 0.000499
E[P_sel(6)] = 0.000399
E[P_sel(7)] = 0.000341
E[P_sel(8)] = 0.000276
E[P_sel(9)] = 0.000248
E[P_sel(10)] = 0.000213
E[P_sel(11)] = 0.000191
E[P_sel(12)] = 0.000179
E[P_sel(13)] = 0.000159
E[P_sel(14)] = 0.000153
E[P_sel(15)] = 0.000147
E[P_sel(16)] = 0.000129
E[P_sel(17)] = 0.000128
E[P_sel(18)] = 0.000127
E[P_sel(19)] = 0.000137

---- Expected neutral and selected misattributed polymorphism per site
E[mis_neut] = 0.000475
E[mis_sel] = 0.000146

---- alpha_div = 0.304179
---- alpha_dfe = 0.452567



