---- Performing inference on Ns10_pa_0.005_boots/Ns10_pa_0.005.10.polyDFE.txt using model B

---- Warning: mutation variability is not used when only one neutral and one selected fragment is available.
---- No mutation variability. Using Poisson likelihood.

---- Using provided initial values


-- Starting local optimization
 it       eps_an        eps_cont      lambda        theta_bar      S_d            b             p_b           S_b           r  2          r  3          r  4          r  5          r  6          r  7          r  8          r  9          r 10          r 11          r 12          r 13          r 14          r 15          r 16          r 17          r 18          r 19          r 20         ln lk             grad     status
  0      4.50e-06      9.00e-07       0.00500       0.00100     -400.00000       0.40000       0.02000       4.00000       1.00000       1.00000       1.00000       1.00000       1.00000       1.00000       1.00000       1.00000       1.00000       1.00000       1.00000       1.00000       1.00000       1.00000       1.00000       1.00000       1.00000       1.00000       1.00000  -245531.3869331440   1718.34857   -2
233      4.50e-06      9.00e-07       0.00501       0.00940     -829.35681       0.20455       0.00627      15.11895       0.98746       0.99759       0.99643       0.98073       1.01409       0.97233       0.94332       0.95893       0.96770       0.92593       0.96798       0.92436       0.96685       0.97332       0.93352       0.92798       0.95350       0.99795       0.99932  -209.3591209585      0.04369   -3
-- Local optimization: stuck in the same solution


---- Best joint likelihood found -209.35912 with gradient 0.04369
-- Model: B
--     eps_an        eps_cont      lambda        theta_bar     a        
--    4.50e-06      9.00e-07       0.00501       0.00940       -1.00000  
--      S_d            b             p_b           S_b      
--   -829.35681       0.20455       0.00627      15.11895  
--     r  2          r  3          r  4          r  5          r  6          r  7          r  8          r  9          r 10          r 11          r 12          r 13          r 14          r 15          r 16          r 17          r 18          r 19          r 20     
--     0.98746       0.99759       0.99643       0.98073       1.01409       0.97233       0.94332       0.95893       0.96770       0.92593       0.96798       0.92436       0.96685       0.97332       0.93352       0.92798       0.95350       0.99795       0.99932  

---- Expected P_neut(i), 0 < i < n (neutral SFS per site) 
E[P_neut(1)] = 0.009401
E[P_neut(2)] = 0.004641
E[P_neut(3)] = 0.003126
E[P_neut(4)] = 0.002342
E[P_neut(5)] = 0.001844
E[P_neut(6)] = 0.001589
E[P_neut(7)] = 0.001306
E[P_neut(8)] = 0.001108
E[P_neut(9)] = 0.001002
E[P_neut(10)] = 0.000910
E[P_neut(11)] = 0.000791
E[P_neut(12)] = 0.000758
E[P_neut(13)] = 0.000668
E[P_neut(14)] = 0.000649
E[P_neut(15)] = 0.000610
E[P_neut(16)] = 0.000549
E[P_neut(17)] = 0.000513
E[P_neut(18)] = 0.000498
E[P_neut(19)] = 0.000494

---- Expected P_sel(i), 0 < i < n (selected SFS per site) 
E[P_sel(1)] = 0.003778
E[P_sel(2)] = 0.001526
E[P_sel(3)] = 0.000937
E[P_sel(4)] = 0.000662
E[P_sel(5)] = 0.000500
E[P_sel(6)] = 0.000417
E[P_sel(7)] = 0.000334
E[P_sel(8)] = 0.000278
E[P_sel(9)] = 0.000247
E[P_sel(10)] = 0.000222
E[P_sel(11)] = 0.000191
E[P_sel(12)] = 0.000182
E[P_sel(13)] = 0.000159
E[P_sel(14)] = 0.000155
E[P_sel(15)] = 0.000146
E[P_sel(16)] = 0.000132
E[P_sel(17)] = 0.000126
E[P_sel(18)] = 0.000125
E[P_sel(19)] = 0.000129

---- Expected D_neut and D_sel (neutral and selected divergence per site) 
E[D_neut] = 0.005483
E[D_sel] = 0.001626

---- Expected neutral and selected misattributed polymorphism per site
E[mis_neut] = 0.000470
E[mis_sel] = 0.000130

---- alpha_div = 0.314376
---- alpha_dfe = 0.317522



