---- Performing inference on Ns10_pa_0.005_boots/Ns10_pa_0.005.63.polyDFE.txt using model B

---- Warning: mutation variability is not used when only one neutral and one selected fragment is available.
---- No mutation variability. Using Poisson likelihood.

---- Using provided initial values


-- Starting local optimization
 it       eps_an        eps_cont      theta_bar      S_d            b             p_b           S_b           r  2          r  3          r  4          r  5          r  6          r  7          r  8          r  9          r 10          r 11          r 12          r 13          r 14          r 15          r 16          r 17          r 18          r 19         ln lk             grad     status
  0      4.50e-06      9.00e-07       0.00100     -400.00000       0.40000       0.02000       4.00000       1.00000       1.00000       1.00000       1.00000       1.00000       1.00000       1.00000       1.00000       1.00000       1.00000       1.00000       1.00000       1.00000       1.00000       1.00000       1.00000       1.00000       1.00000  -239797.7388594833   1665.82051   -2
224      4.51e-06      9.00e-07       0.00937    -1014.79758       0.19603       0.00399      23.19598       1.00213       0.99997       1.00465       0.98141       0.97009       0.98981       0.93411       0.97337       0.96432       0.92294       0.93445       0.89946       0.92846       0.93449       0.90598       0.97803       0.96505       0.98158  -201.6857708012      0.42385   -3
-- Local optimization: stuck in the same solution


---- Best joint likelihood found -201.68577 with gradient 0.42385
-- Model: B
--     eps_an        eps_cont      theta_bar     a        
--    4.51e-06      9.00e-07       0.00937       -1.00000  
--      S_d            b             p_b           S_b      
--  -1014.79758       0.19603       0.00399      23.19598  
--     r  2          r  3          r  4          r  5          r  6          r  7          r  8          r  9          r 10          r 11          r 12          r 13          r 14          r 15          r 16          r 17          r 18          r 19     
--     1.00213       0.99997       1.00465       0.98141       0.97009       0.98981       0.93411       0.97337       0.96432       0.92294       0.93445       0.89946       0.92846       0.93449       0.90598       0.97803       0.96505       0.98158  

---- Expected P_neut(i), 0 < i < n (neutral SFS per site) 
E[P_neut(1)] = 0.009370
E[P_neut(2)] = 0.004695
E[P_neut(3)] = 0.003123
E[P_neut(4)] = 0.002353
E[P_neut(5)] = 0.001839
E[P_neut(6)] = 0.001515
E[P_neut(7)] = 0.001325
E[P_neut(8)] = 0.001094
E[P_neut(9)] = 0.001013
E[P_neut(10)] = 0.000904
E[P_neut(11)] = 0.000786
E[P_neut(12)] = 0.000730
E[P_neut(13)] = 0.000648
E[P_neut(14)] = 0.000621
E[P_neut(15)] = 0.000584
E[P_neut(16)] = 0.000531
E[P_neut(17)] = 0.000539
E[P_neut(18)] = 0.000502
E[P_neut(19)] = 0.000484

---- Expected P_sel(i), 0 < i < n (selected SFS per site) 
E[P_sel(1)] = 0.003718
E[P_sel(2)] = 0.001534
E[P_sel(3)] = 0.000932
E[P_sel(4)] = 0.000664
E[P_sel(5)] = 0.000498
E[P_sel(6)] = 0.000397
E[P_sel(7)] = 0.000339
E[P_sel(8)] = 0.000274
E[P_sel(9)] = 0.000250
E[P_sel(10)] = 0.000219
E[P_sel(11)] = 0.000189
E[P_sel(12)] = 0.000173
E[P_sel(13)] = 0.000153
E[P_sel(14)] = 0.000146
E[P_sel(15)] = 0.000137
E[P_sel(16)] = 0.000125
E[P_sel(17)] = 0.000129
E[P_sel(18)] = 0.000123
E[P_sel(19)] = 0.000123

---- Expected neutral and selected misattributed polymorphism per site
E[mis_neut] = 0.000469
E[mis_sel] = 0.000127

---- alpha_div = 0.313685
---- alpha_dfe = 0.307897



