---- Performing inference on Ns10_pa_0.005_boots/Ns10_pa_0.005.39.polyDFE.txt using model B

---- Warning: mutation variability is not used when only one neutral and one selected fragment is available.
---- No mutation variability. Using Poisson likelihood.

---- Using provided initial values


-- Starting local optimization
 it       eps_an        eps_cont      lambda        theta_bar      S_d            b             p_b           S_b           r  2          r  3          r  4          r  5          r  6          r  7          r  8          r  9          r 10          r 11          r 12          r 13          r 14          r 15          r 16          r 17          r 18          r 19          r 20         ln lk             grad     status
  0      4.50e-06      9.00e-07       0.00500       0.00100     -400.00000       0.40000       0.02000       4.00000       1.00000       1.00000       1.00000       1.00000       1.00000       1.00000       1.00000       1.00000       1.00000       1.00000       1.00000       1.00000       1.00000       1.00000       1.00000       1.00000       1.00000       1.00000       1.00000  -243984.6379033746   1709.55802   -2
268      4.50e-06      9.00e-07       0.00489       0.00945     -928.45448       0.20121       0.00599      15.80029       0.98669       0.98860       0.99891       0.96350       0.96713       0.95342       0.95226       0.97091       0.94813       0.92782       0.98063       0.89905       0.93626       0.93280       0.90947       0.97966       0.95461       1.00667       1.18829  -209.7701016824      0.00725   -3
-- Local optimization: stuck in the same solution


---- Best joint likelihood found -209.77010 with gradient 0.00725
-- Model: B
--     eps_an        eps_cont      lambda        theta_bar     a        
--    4.50e-06      9.00e-07       0.00489       0.00945       -1.00000  
--      S_d            b             p_b           S_b      
--   -928.45448       0.20121       0.00599      15.80029  
--     r  2          r  3          r  4          r  5          r  6          r  7          r  8          r  9          r 10          r 11          r 12          r 13          r 14          r 15          r 16          r 17          r 18          r 19          r 20     
--     0.98669       0.98860       0.99891       0.96350       0.96713       0.95342       0.95226       0.97091       0.94813       0.92782       0.98063       0.89905       0.93626       0.93280       0.90947       0.97966       0.95461       1.00667       1.18829  

---- Expected P_neut(i), 0 < i < n (neutral SFS per site) 
E[P_neut(1)] = 0.009453
E[P_neut(2)] = 0.004663
E[P_neut(3)] = 0.003115
E[P_neut(4)] = 0.002361
E[P_neut(5)] = 0.001822
E[P_neut(6)] = 0.001524
E[P_neut(7)] = 0.001287
E[P_neut(8)] = 0.001125
E[P_neut(9)] = 0.001020
E[P_neut(10)] = 0.000896
E[P_neut(11)] = 0.000797
E[P_neut(12)] = 0.000772
E[P_neut(13)] = 0.000654
E[P_neut(14)] = 0.000632
E[P_neut(15)] = 0.000588
E[P_neut(16)] = 0.000537
E[P_neut(17)] = 0.000545
E[P_neut(18)] = 0.000501
E[P_neut(19)] = 0.000501

---- Expected P_sel(i), 0 < i < n (selected SFS per site) 
E[P_sel(1)] = 0.003758
E[P_sel(2)] = 0.001521
E[P_sel(3)] = 0.000927
E[P_sel(4)] = 0.000663
E[P_sel(5)] = 0.000491
E[P_sel(6)] = 0.000398
E[P_sel(7)] = 0.000328
E[P_sel(8)] = 0.000281
E[P_sel(9)] = 0.000251
E[P_sel(10)] = 0.000218
E[P_sel(11)] = 0.000192
E[P_sel(12)] = 0.000184
E[P_sel(13)] = 0.000155
E[P_sel(14)] = 0.000150
E[P_sel(15)] = 0.000140
E[P_sel(16)] = 0.000129
E[P_sel(17)] = 0.000133
E[P_sel(18)] = 0.000126
E[P_sel(19)] = 0.000131

---- Expected D_neut and D_sel (neutral and selected divergence per site) 
E[D_neut] = 0.005449
E[D_sel] = 0.001613

---- Expected neutral and selected misattributed polymorphism per site
E[mis_neut] = 0.000562
E[mis_sel] = 0.000155

---- alpha_div = 0.316309
---- alpha_dfe = 0.317253



