---- Performing inference on Ns10_pa_0.005_boots/Ns10_pa_0.005.9.polyDFE.txt using model B

---- Warning: mutation variability is not used when only one neutral and one selected fragment is available.
---- No mutation variability. Using Poisson likelihood.

---- Using provided initial values


-- Starting local optimization
 it       eps_an        eps_cont      theta_bar      S_d            b             p_b           S_b           r  2          r  3          r  4          r  5          r  6          r  7          r  8          r  9          r 10          r 11          r 12          r 13          r 14          r 15          r 16          r 17          r 18          r 19         ln lk             grad     status
  0      4.50e-06      9.00e-07       0.00100     -400.00000       0.40000       0.02000       4.00000       1.00000       1.00000       1.00000       1.00000       1.00000       1.00000       1.00000       1.00000       1.00000       1.00000       1.00000       1.00000       1.00000       1.00000       1.00000       1.00000       1.00000       1.00000  -243101.0922749041   1680.68172   -2
175      4.51e-06      9.00e-07       0.00949    -1137.20608       0.19168       0.00320      37.42762       0.98395       1.00326       0.99155       0.95117       0.96630       0.93733       0.95369       0.98340       0.95727       0.93517       0.98251       0.94280       0.93743       0.96042       0.93731       0.98018       0.98344       1.00936  -203.0606576545      0.08503   -3
-- Local optimization: stuck in the same solution


---- Best joint likelihood found -203.06066 with gradient 0.08503
-- Model: B
--     eps_an        eps_cont      theta_bar     a        
--    4.51e-06      9.00e-07       0.00949       -1.00000  
--      S_d            b             p_b           S_b      
--  -1137.20608       0.19168       0.00320      37.42762  
--     r  2          r  3          r  4          r  5          r  6          r  7          r  8          r  9          r 10          r 11          r 12          r 13          r 14          r 15          r 16          r 17          r 18          r 19     
--     0.98395       1.00326       0.99155       0.95117       0.96630       0.93733       0.95369       0.98340       0.95727       0.93517       0.98251       0.94280       0.93743       0.96042       0.93731       0.98018       0.98344       1.00936  

---- Expected P_neut(i), 0 < i < n (neutral SFS per site) 
E[P_neut(1)] = 0.009490
E[P_neut(2)] = 0.004669
E[P_neut(3)] = 0.003174
E[P_neut(4)] = 0.002352
E[P_neut(5)] = 0.001805
E[P_neut(6)] = 0.001528
E[P_neut(7)] = 0.001271
E[P_neut(8)] = 0.001131
E[P_neut(9)] = 0.001037
E[P_neut(10)] = 0.000908
E[P_neut(11)] = 0.000807
E[P_neut(12)] = 0.000777
E[P_neut(13)] = 0.000688
E[P_neut(14)] = 0.000635
E[P_neut(15)] = 0.000608
E[P_neut(16)] = 0.000556
E[P_neut(17)] = 0.000547
E[P_neut(18)] = 0.000518
E[P_neut(19)] = 0.000504

---- Expected P_sel(i), 0 < i < n (selected SFS per site) 
E[P_sel(1)] = 0.003741
E[P_sel(2)] = 0.001521
E[P_sel(3)] = 0.000946
E[P_sel(4)] = 0.000663
E[P_sel(5)] = 0.000489
E[P_sel(6)] = 0.000401
E[P_sel(7)] = 0.000325
E[P_sel(8)] = 0.000284
E[P_sel(9)] = 0.000255
E[P_sel(10)] = 0.000221
E[P_sel(11)] = 0.000193
E[P_sel(12)] = 0.000184
E[P_sel(13)] = 0.000162
E[P_sel(14)] = 0.000149
E[P_sel(15)] = 0.000142
E[P_sel(16)] = 0.000131
E[P_sel(17)] = 0.000130
E[P_sel(18)] = 0.000126
E[P_sel(19)] = 0.000129

---- Expected neutral and selected misattributed polymorphism per site
E[mis_neut] = 0.000474
E[mis_sel] = 0.000133

---- alpha_div = 0.296791
---- alpha_dfe = 0.363154



