---- Performing inference on Ns10_pa_0.005_boots/Ns10_pa_0.005.47.polyDFE.txt using model B

---- Warning: mutation variability is not used when only one neutral and one selected fragment is available.
---- No mutation variability. Using Poisson likelihood.

---- Using provided initial values


-- Starting local optimization
 it       eps_an        eps_cont      lambda        theta_bar      S_d            b             p_b           S_b           r  2          r  3          r  4          r  5          r  6          r  7          r  8          r  9          r 10          r 11          r 12          r 13          r 14          r 15          r 16          r 17          r 18          r 19          r 20         ln lk             grad     status
  0      4.50e-06      9.00e-07       0.00500       0.00100     -400.00000       0.40000       0.02000       4.00000       1.00000       1.00000       1.00000       1.00000       1.00000       1.00000       1.00000       1.00000       1.00000       1.00000       1.00000       1.00000       1.00000       1.00000       1.00000       1.00000       1.00000       1.00000       1.00000  -244121.6394963353   1709.87722   -2
280      4.50e-06      9.00e-07       0.00492       0.00935     -815.91591       0.20717       0.00597      16.71936       1.00360       1.00200       1.01948       0.96431       0.98986       0.98910       0.97238       0.99386       0.99793       0.95948       0.97784       0.93957       0.94081       0.99178       0.85324       0.97805       0.96756       1.04412       0.97428  -207.6655449925      0.00390   -3
-- Local optimization: stuck in the same solution


---- Best joint likelihood found -207.66554 with gradient 0.00390
-- Model: B
--     eps_an        eps_cont      lambda        theta_bar     a        
--    4.50e-06      9.00e-07       0.00492       0.00935       -1.00000  
--      S_d            b             p_b           S_b      
--   -815.91591       0.20717       0.00597      16.71936  
--     r  2          r  3          r  4          r  5          r  6          r  7          r  8          r  9          r 10          r 11          r 12          r 13          r 14          r 15          r 16          r 17          r 18          r 19          r 20     
--     1.00360       1.00200       1.01948       0.96431       0.98986       0.98910       0.97238       0.99386       0.99793       0.95948       0.97784       0.93957       0.94081       0.99178       0.85324       0.97805       0.96756       1.04412       0.97428  

---- Expected P_neut(i), 0 < i < n (neutral SFS per site) 
E[P_neut(1)] = 0.009350
E[P_neut(2)] = 0.004692
E[P_neut(3)] = 0.003123
E[P_neut(4)] = 0.002383
E[P_neut(5)] = 0.001803
E[P_neut(6)] = 0.001543
E[P_neut(7)] = 0.001321
E[P_neut(8)] = 0.001136
E[P_neut(9)] = 0.001033
E[P_neut(10)] = 0.000933
E[P_neut(11)] = 0.000816
E[P_neut(12)] = 0.000762
E[P_neut(13)] = 0.000676
E[P_neut(14)] = 0.000628
E[P_neut(15)] = 0.000618
E[P_neut(16)] = 0.000499
E[P_neut(17)] = 0.000538
E[P_neut(18)] = 0.000503
E[P_neut(19)] = 0.000514

---- Expected P_sel(i), 0 < i < n (selected SFS per site) 
E[P_sel(1)] = 0.003735
E[P_sel(2)] = 0.001529
E[P_sel(3)] = 0.000926
E[P_sel(4)] = 0.000666
E[P_sel(5)] = 0.000483
E[P_sel(6)] = 0.000400
E[P_sel(7)] = 0.000334
E[P_sel(8)] = 0.000281
E[P_sel(9)] = 0.000251
E[P_sel(10)] = 0.000224
E[P_sel(11)] = 0.000194
E[P_sel(12)] = 0.000180
E[P_sel(13)] = 0.000159
E[P_sel(14)] = 0.000147
E[P_sel(15)] = 0.000146
E[P_sel(16)] = 0.000119
E[P_sel(17)] = 0.000130
E[P_sel(18)] = 0.000125
E[P_sel(19)] = 0.000133

---- Expected D_neut and D_sel (neutral and selected divergence per site) 
E[D_neut] = 0.005375
E[D_sel] = 0.001604

---- Expected neutral and selected misattributed polymorphism per site
E[mis_neut] = 0.000455
E[mis_sel] = 0.000126

---- alpha_div = 0.331548
---- alpha_dfe = 0.331961



