---- Performing inference on Ns10_pa_0.005_boots/Ns10_pa_0.005.59.polyDFE.txt using model B

---- Warning: mutation variability is not used when only one neutral and one selected fragment is available.
---- No mutation variability. Using Poisson likelihood.

---- Using provided initial values


-- Starting local optimization
 it       eps_an        eps_cont      lambda        theta_bar      S_d            b             p_b           S_b           r  2          r  3          r  4          r  5          r  6          r  7          r  8          r  9          r 10          r 11          r 12          r 13          r 14          r 15          r 16          r 17          r 18          r 19          r 20         ln lk             grad     status
  0      4.50e-06      9.00e-07       0.00500       0.00100     -400.00000       0.40000       0.02000       4.00000       1.00000       1.00000       1.00000       1.00000       1.00000       1.00000       1.00000       1.00000       1.00000       1.00000       1.00000       1.00000       1.00000       1.00000       1.00000       1.00000       1.00000       1.00000       1.00000  -245113.3715438514   1717.34558   -2
217      4.50e-06      9.00e-07       0.00501       0.00939     -978.50690       0.19915       0.00706      14.38048       1.01004       0.99260       1.01029       0.98343       0.98517       0.97030       0.96869       0.95343       0.93347       0.91147       0.94614       0.91555       0.96375       0.94734       0.91502       0.98822       0.96926       0.96551       0.95324  -211.7628492791      0.00283   -3
-- Local optimization: stuck in the same solution


---- Best joint likelihood found -211.76285 with gradient 0.00283
-- Model: B
--     eps_an        eps_cont      lambda        theta_bar     a        
--    4.50e-06      9.00e-07       0.00501       0.00939       -1.00000  
--      S_d            b             p_b           S_b      
--   -978.50690       0.19915       0.00706      14.38048  
--     r  2          r  3          r  4          r  5          r  6          r  7          r  8          r  9          r 10          r 11          r 12          r 13          r 14          r 15          r 16          r 17          r 18          r 19          r 20     
--     1.01004       0.99260       1.01029       0.98343       0.98517       0.97030       0.96869       0.95343       0.93347       0.91147       0.94614       0.91555       0.96375       0.94734       0.91502       0.98822       0.96926       0.96551       0.95324  

---- Expected P_neut(i), 0 < i < n (neutral SFS per site) 
E[P_neut(1)] = 0.009390
E[P_neut(2)] = 0.004742
E[P_neut(3)] = 0.003107
E[P_neut(4)] = 0.002372
E[P_neut(5)] = 0.001847
E[P_neut(6)] = 0.001542
E[P_neut(7)] = 0.001302
E[P_neut(8)] = 0.001137
E[P_neut(9)] = 0.000995
E[P_neut(10)] = 0.000877
E[P_neut(11)] = 0.000778
E[P_neut(12)] = 0.000740
E[P_neut(13)] = 0.000661
E[P_neut(14)] = 0.000646
E[P_neut(15)] = 0.000593
E[P_neut(16)] = 0.000537
E[P_neut(17)] = 0.000546
E[P_neut(18)] = 0.000506
E[P_neut(19)] = 0.000477

---- Expected P_sel(i), 0 < i < n (selected SFS per site) 
E[P_sel(1)] = 0.003729
E[P_sel(2)] = 0.001549
E[P_sel(3)] = 0.000928
E[P_sel(4)] = 0.000669
E[P_sel(5)] = 0.000501
E[P_sel(6)] = 0.000406
E[P_sel(7)] = 0.000334
E[P_sel(8)] = 0.000286
E[P_sel(9)] = 0.000247
E[P_sel(10)] = 0.000215
E[P_sel(11)] = 0.000189
E[P_sel(12)] = 0.000179
E[P_sel(13)] = 0.000159
E[P_sel(14)] = 0.000156
E[P_sel(15)] = 0.000144
E[P_sel(16)] = 0.000132
E[P_sel(17)] = 0.000136
E[P_sel(18)] = 0.000130
E[P_sel(19)] = 0.000128

---- Expected D_neut and D_sel (neutral and selected divergence per site) 
E[D_neut] = 0.005458
E[D_sel] = 0.001659

---- Expected neutral and selected misattributed polymorphism per site
E[mis_neut] = 0.000448
E[mis_sel] = 0.000127

---- alpha_div = 0.332868
---- alpha_dfe = 0.332085



