---- Performing inference on Ns10_pa_0.005_boots/Ns10_pa_0.005.14.polyDFE.txt using model B

---- Warning: mutation variability is not used when only one neutral and one selected fragment is available.
---- No mutation variability. Using Poisson likelihood.

---- Using provided initial values


-- Starting local optimization
 it       eps_an        theta_bar      S_d            b             r  2          r  3          r  4          r  5          r  6          r  7          r  8          r  9          r 10          r 11          r 12          r 13          r 14          r 15          r 16          r 17          r 18          r 19         ln lk             grad     status
  0      4.50e-06       0.00100     -400.00000       0.40000       1.00000       1.00000       1.00000       1.00000       1.00000       1.00000       1.00000       1.00000       1.00000       1.00000       1.00000       1.00000       1.00000       1.00000       1.00000       1.00000       1.00000       1.00000  -251793.7004323555   1769.89594   -2
159      4.50e-06       0.00943    -1734.38304       0.17442       0.99443       1.00873       0.99807       0.95909       0.98341       0.95579       0.93440       0.92352       0.93788       0.91794       0.96899       0.93065       0.93501       0.91416       0.92951       1.00440       1.01113       1.04270  -209.0007193223      0.00644   -3
-- Local optimization: stuck in the same solution


---- Best joint likelihood found -209.00072 with gradient 0.00644
-- Model: B
--     eps_an        eps_cont      theta_bar     a        
--    4.50e-06      0.00e+00       0.00943       -1.00000  
--      S_d            b             p_b           S_b      
--  -1734.38304       0.17442      0.00e+00      0.00e+00  
--     r  2          r  3          r  4          r  5          r  6          r  7          r  8          r  9          r 10          r 11          r 12          r 13          r 14          r 15          r 16          r 17          r 18          r 19     
--     0.99443       1.00873       0.99807       0.95909       0.98341       0.95579       0.93440       0.92352       0.93788       0.91794       0.96899       0.93065       0.93501       0.91416       0.92951       1.00440       1.01113       1.04270  

---- Expected P_neut(i), 0 < i < n (neutral SFS per site) 
E[P_neut(1)] = 0.009435
E[P_neut(2)] = 0.004691
E[P_neut(3)] = 0.003172
E[P_neut(4)] = 0.002354
E[P_neut(5)] = 0.001810
E[P_neut(6)] = 0.001546
E[P_neut(7)] = 0.001288
E[P_neut(8)] = 0.001102
E[P_neut(9)] = 0.000968
E[P_neut(10)] = 0.000885
E[P_neut(11)] = 0.000787
E[P_neut(12)] = 0.000762
E[P_neut(13)] = 0.000675
E[P_neut(14)] = 0.000630
E[P_neut(15)] = 0.000575
E[P_neut(16)] = 0.000548
E[P_neut(17)] = 0.000557
E[P_neut(18)] = 0.000530
E[P_neut(19)] = 0.000518

---- Expected P_sel(i), 0 < i < n (selected SFS per site) 
E[P_sel(1)] = 0.003678
E[P_sel(2)] = 0.001534
E[P_sel(3)] = 0.000956
E[P_sel(4)] = 0.000673
E[P_sel(5)] = 0.000498
E[P_sel(6)] = 0.000413
E[P_sel(7)] = 0.000336
E[P_sel(8)] = 0.000281
E[P_sel(9)] = 0.000243
E[P_sel(10)] = 0.000218
E[P_sel(11)] = 0.000192
E[P_sel(12)] = 0.000183
E[P_sel(13)] = 0.000160
E[P_sel(14)] = 0.000148
E[P_sel(15)] = 0.000134
E[P_sel(16)] = 0.000126
E[P_sel(17)] = 0.000127
E[P_sel(18)] = 0.000120
E[P_sel(19)] = 0.000116

---- Expected neutral and selected misattributed polymorphism per site
E[mis_neut] = 0.000472
E[mis_sel] = 0.000105

---- alpha_div = 0.277906
---- alpha_dfe = 0.000000



