---- Performing inference on Ns10_pa_0.005_boots/Ns10_pa_0.005.73.polyDFE.txt using model B

---- Warning: mutation variability is not used when only one neutral and one selected fragment is available.
---- No mutation variability. Using Poisson likelihood.

---- Using provided initial values


-- Starting local optimization
 it       eps_an        theta_bar      S_d            b             r  2          r  3          r  4          r  5          r  6          r  7          r  8          r  9          r 10          r 11          r 12          r 13          r 14          r 15          r 16          r 17          r 18          r 19         ln lk             grad     status
  0      4.50e-06       0.00100     -400.00000       0.40000       1.00000       1.00000       1.00000       1.00000       1.00000       1.00000       1.00000       1.00000       1.00000       1.00000       1.00000       1.00000       1.00000       1.00000       1.00000       1.00000       1.00000       1.00000  -252668.3642525653   1774.27566   -2
150      4.50e-06       0.00947    -1561.92077       0.17691       0.98636       0.98596       0.99525       0.96827       0.94100       0.97485       0.95651       0.94344       0.93980       0.89702       0.96570       0.91641       0.92412       0.98981       0.91643       0.96019       0.99521       1.03557  -224.3852590450      0.00262   -3
-- Local optimization: stuck in the same solution


---- Best joint likelihood found -224.38526 with gradient 0.00262
-- Model: B
--     eps_an        eps_cont      theta_bar     a        
--    4.50e-06      0.00e+00       0.00947       -1.00000  
--      S_d            b             p_b           S_b      
--  -1561.92077       0.17691      0.00e+00      0.00e+00  
--     r  2          r  3          r  4          r  5          r  6          r  7          r  8          r  9          r 10          r 11          r 12          r 13          r 14          r 15          r 16          r 17          r 18          r 19     
--     0.98636       0.98596       0.99525       0.96827       0.94100       0.97485       0.95651       0.94344       0.93980       0.89702       0.96570       0.91641       0.92412       0.98981       0.91643       0.96019       0.99521       1.03557  

---- Expected P_neut(i), 0 < i < n (neutral SFS per site) 
E[P_neut(1)] = 0.009470
E[P_neut(2)] = 0.004670
E[P_neut(3)] = 0.003112
E[P_neut(4)] = 0.002356
E[P_neut(5)] = 0.001834
E[P_neut(6)] = 0.001485
E[P_neut(7)] = 0.001319
E[P_neut(8)] = 0.001132
E[P_neut(9)] = 0.000993
E[P_neut(10)] = 0.000890
E[P_neut(11)] = 0.000772
E[P_neut(12)] = 0.000762
E[P_neut(13)] = 0.000668
E[P_neut(14)] = 0.000625
E[P_neut(15)] = 0.000625
E[P_neut(16)] = 0.000542
E[P_neut(17)] = 0.000535
E[P_neut(18)] = 0.000524
E[P_neut(19)] = 0.000516

---- Expected P_sel(i), 0 < i < n (selected SFS per site) 
E[P_sel(1)] = 0.003720
E[P_sel(2)] = 0.001535
E[P_sel(3)] = 0.000941
E[P_sel(4)] = 0.000676
E[P_sel(5)] = 0.000506
E[P_sel(6)] = 0.000398
E[P_sel(7)] = 0.000344
E[P_sel(8)] = 0.000290
E[P_sel(9)] = 0.000249
E[P_sel(10)] = 0.000220
E[P_sel(11)] = 0.000188
E[P_sel(12)] = 0.000183
E[P_sel(13)] = 0.000159
E[P_sel(14)] = 0.000147
E[P_sel(15)] = 0.000145
E[P_sel(16)] = 0.000125
E[P_sel(17)] = 0.000122
E[P_sel(18)] = 0.000119
E[P_sel(19)] = 0.000116

---- Expected neutral and selected misattributed polymorphism per site
E[mis_neut] = 0.000474
E[mis_sel] = 0.000106

---- alpha_div = 0.267336
---- alpha_dfe = 0.000000



