---- Performing inference on Ns10_pa_0.005_boots/Ns10_pa_0.005.69.polyDFE.txt using model B

---- Warning: mutation variability is not used when only one neutral and one selected fragment is available.
---- No mutation variability. Using Poisson likelihood.

---- Using provided initial values


-- Starting local optimization
 it       eps_an        theta_bar      S_d            b             r  2          r  3          r  4          r  5          r  6          r  7          r  8          r  9          r 10          r 11          r 12          r 13          r 14          r 15          r 16          r 17          r 18          r 19         ln lk             grad     status
  0      4.50e-06       0.00100     -400.00000       0.40000       1.00000       1.00000       1.00000       1.00000       1.00000       1.00000       1.00000       1.00000       1.00000       1.00000       1.00000       1.00000       1.00000       1.00000       1.00000       1.00000       1.00000       1.00000  -253936.8059538123   1780.10788   -2
149      4.50e-06       0.00955    -1764.84331       0.17355       0.97958       0.98317       0.96263       0.95439       0.95123       0.93547       0.93744       0.96335       0.94692       0.91837       0.94369       0.94478       0.91656       0.97537       0.94069       0.98785       1.00237       1.04708  -210.3004764478      0.00121   -3
-- Local optimization: stuck in the same solution


---- Best joint likelihood found -210.30048 with gradient 0.00121
-- Model: B
--     eps_an        eps_cont      theta_bar     a        
--    4.50e-06      0.00e+00       0.00955       -1.00000  
--      S_d            b             p_b           S_b      
--  -1764.84331       0.17355      0.00e+00      0.00e+00  
--     r  2          r  3          r  4          r  5          r  6          r  7          r  8          r  9          r 10          r 11          r 12          r 13          r 14          r 15          r 16          r 17          r 18          r 19     
--     0.97958       0.98317       0.96263       0.95439       0.95123       0.93547       0.93744       0.96335       0.94692       0.91837       0.94369       0.94478       0.91656       0.97537       0.94069       0.98785       1.00237       1.04708  

---- Expected P_neut(i), 0 < i < n (neutral SFS per site) 
E[P_neut(1)] = 0.009550
E[P_neut(2)] = 0.004678
E[P_neut(3)] = 0.003130
E[P_neut(4)] = 0.002298
E[P_neut(5)] = 0.001823
E[P_neut(6)] = 0.001514
E[P_neut(7)] = 0.001276
E[P_neut(8)] = 0.001119
E[P_neut(9)] = 0.001022
E[P_neut(10)] = 0.000904
E[P_neut(11)] = 0.000797
E[P_neut(12)] = 0.000751
E[P_neut(13)] = 0.000694
E[P_neut(14)] = 0.000625
E[P_neut(15)] = 0.000621
E[P_neut(16)] = 0.000562
E[P_neut(17)] = 0.000555
E[P_neut(18)] = 0.000532
E[P_neut(19)] = 0.000526

---- Expected P_sel(i), 0 < i < n (selected SFS per site) 
E[P_sel(1)] = 0.003726
E[P_sel(2)] = 0.001532
E[P_sel(3)] = 0.000945
E[P_sel(4)] = 0.000659
E[P_sel(5)] = 0.000503
E[P_sel(6)] = 0.000406
E[P_sel(7)] = 0.000334
E[P_sel(8)] = 0.000287
E[P_sel(9)] = 0.000257
E[P_sel(10)] = 0.000224
E[P_sel(11)] = 0.000195
E[P_sel(12)] = 0.000181
E[P_sel(13)] = 0.000165
E[P_sel(14)] = 0.000147
E[P_sel(15)] = 0.000145
E[P_sel(16)] = 0.000130
E[P_sel(17)] = 0.000127
E[P_sel(18)] = 0.000121
E[P_sel(19)] = 0.000119

---- Expected neutral and selected misattributed polymorphism per site
E[mis_neut] = 0.000478
E[mis_sel] = 0.000107

---- alpha_div = 0.256758
---- alpha_dfe = 0.000000



