---- Performing inference on Ns10_pa_0.005_boots/Ns10_pa_0.005.41.polyDFE.txt using model B

---- Warning: mutation variability is not used when only one neutral and one selected fragment is available.
---- No mutation variability. Using Poisson likelihood.

---- Using provided initial values


-- Starting local optimization
 it       eps_an        eps_cont      theta_bar      S_d            b             p_b           S_b           r  2          r  3          r  4          r  5          r  6          r  7          r  8          r  9          r 10          r 11          r 12          r 13          r 14          r 15          r 16          r 17          r 18          r 19         ln lk             grad     status
  0      4.50e-06      9.00e-07       0.00100     -400.00000       0.40000       0.02000       4.00000       1.00000       1.00000       1.00000       1.00000       1.00000       1.00000       1.00000       1.00000       1.00000       1.00000       1.00000       1.00000       1.00000       1.00000       1.00000       1.00000       1.00000       1.00000  -240184.8620324802   1666.95701   -2
222      4.51e-06      9.00e-07       0.00939    -1121.81119       0.19321       0.00407      37.42994       0.98506       1.00504       1.00851       0.97573       0.98062       0.96958       0.96046       0.96348       0.96043       0.91157       0.95052       0.95564       0.95438       0.94660       0.92116       1.00814       0.94799       1.00269  -199.1864665971      0.04886   -3
-- Local optimization: stuck in the same solution


---- Best joint likelihood found -199.18647 with gradient 0.04886
-- Model: B
--     eps_an        eps_cont      theta_bar     a        
--    4.51e-06      9.00e-07       0.00939       -1.00000  
--      S_d            b             p_b           S_b      
--  -1121.81119       0.19321       0.00407      37.42994  
--     r  2          r  3          r  4          r  5          r  6          r  7          r  8          r  9          r 10          r 11          r 12          r 13          r 14          r 15          r 16          r 17          r 18          r 19     
--     0.98506       1.00504       1.00851       0.97573       0.98062       0.96958       0.96046       0.96348       0.96043       0.91157       0.95052       0.95564       0.95438       0.94660       0.92116       1.00814       0.94799       1.00269  

---- Expected P_neut(i), 0 < i < n (neutral SFS per site) 
E[P_neut(1)] = 0.009392
E[P_neut(2)] = 0.004626
E[P_neut(3)] = 0.003146
E[P_neut(4)] = 0.002368
E[P_neut(5)] = 0.001833
E[P_neut(6)] = 0.001535
E[P_neut(7)] = 0.001301
E[P_neut(8)] = 0.001128
E[P_neut(9)] = 0.001005
E[P_neut(10)] = 0.000902
E[P_neut(11)] = 0.000778
E[P_neut(12)] = 0.000744
E[P_neut(13)] = 0.000690
E[P_neut(14)] = 0.000640
E[P_neut(15)] = 0.000593
E[P_neut(16)] = 0.000541
E[P_neut(17)] = 0.000557
E[P_neut(18)] = 0.000495
E[P_neut(19)] = 0.000496

---- Expected P_sel(i), 0 < i < n (selected SFS per site) 
E[P_sel(1)] = 0.003696
E[P_sel(2)] = 0.001503
E[P_sel(3)] = 0.000935
E[P_sel(4)] = 0.000666
E[P_sel(5)] = 0.000495
E[P_sel(6)] = 0.000402
E[P_sel(7)] = 0.000332
E[P_sel(8)] = 0.000282
E[P_sel(9)] = 0.000247
E[P_sel(10)] = 0.000219
E[P_sel(11)] = 0.000187
E[P_sel(12)] = 0.000177
E[P_sel(13)] = 0.000163
E[P_sel(14)] = 0.000151
E[P_sel(15)] = 0.000140
E[P_sel(16)] = 0.000128
E[P_sel(17)] = 0.000134
E[P_sel(18)] = 0.000123
E[P_sel(19)] = 0.000131

---- Expected neutral and selected misattributed polymorphism per site
E[mis_neut] = 0.000470
E[mis_sel] = 0.000139

---- alpha_div = 0.297915
---- alpha_dfe = 0.422853



