---- Performing inference on Ns10_pa_0.005_boots/Ns10_pa_0.005.14.polyDFE.txt using model B

---- Warning: mutation variability is not used when only one neutral and one selected fragment is available.
---- No mutation variability. Using Poisson likelihood.

---- Using provided initial values


-- Starting local optimization
 it       eps_an        eps_cont      theta_bar      S_d            b             p_b           S_b           r  2          r  3          r  4          r  5          r  6          r  7          r  8          r  9          r 10          r 11          r 12          r 13          r 14          r 15          r 16          r 17          r 18          r 19         ln lk             grad     status
  0      4.50e-06      9.00e-07       0.00100     -400.00000       0.40000       0.02000       4.00000       1.00000       1.00000       1.00000       1.00000       1.00000       1.00000       1.00000       1.00000       1.00000       1.00000       1.00000       1.00000       1.00000       1.00000       1.00000       1.00000       1.00000       1.00000  -241085.6902035786   1671.81616   -2
458      4.51e-06      9.00e-07       0.00940    -1226.99676       0.18957       0.00417      13.10597       1.00070       1.01749       1.00787       0.96887       0.99358       0.96549       0.94350       0.93172       0.94542       0.92408       0.97379       0.93328       0.93495       0.91076       0.92168       0.98970       0.98769       1.00719  -202.8661114482      0.01884   -3
-- Local optimization: stuck in the same solution


---- Best joint likelihood found -202.86611 with gradient 0.01884
-- Model: B
--     eps_an        eps_cont      theta_bar     a        
--    4.51e-06      9.00e-07       0.00940       -1.00000  
--      S_d            b             p_b           S_b      
--  -1226.99676       0.18957       0.00417      13.10597  
--     r  2          r  3          r  4          r  5          r  6          r  7          r  8          r  9          r 10          r 11          r 12          r 13          r 14          r 15          r 16          r 17          r 18          r 19     
--     1.00070       1.01749       1.00787       0.96887       0.99358       0.96549       0.94350       0.93172       0.94542       0.92408       0.97379       0.93328       0.93495       0.91076       0.92168       0.98970       0.98769       1.00719  

---- Expected P_neut(i), 0 < i < n (neutral SFS per site) 
E[P_neut(1)] = 0.009400
E[P_neut(2)] = 0.004703
E[P_neut(3)] = 0.003188
E[P_neut(4)] = 0.002369
E[P_neut(5)] = 0.001822
E[P_neut(6)] = 0.001557
E[P_neut(7)] = 0.001297
E[P_neut(8)] = 0.001109
E[P_neut(9)] = 0.000973
E[P_neut(10)] = 0.000889
E[P_neut(11)] = 0.000790
E[P_neut(12)] = 0.000763
E[P_neut(13)] = 0.000675
E[P_neut(14)] = 0.000628
E[P_neut(15)] = 0.000571
E[P_neut(16)] = 0.000542
E[P_neut(17)] = 0.000547
E[P_neut(18)] = 0.000516
E[P_neut(19)] = 0.000498

---- Expected P_sel(i), 0 < i < n (selected SFS per site) 
E[P_sel(1)] = 0.003690
E[P_sel(2)] = 0.001529
E[P_sel(3)] = 0.000950
E[P_sel(4)] = 0.000668
E[P_sel(5)] = 0.000494
E[P_sel(6)] = 0.000410
E[P_sel(7)] = 0.000333
E[P_sel(8)] = 0.000279
E[P_sel(9)] = 0.000241
E[P_sel(10)] = 0.000217
E[P_sel(11)] = 0.000191
E[P_sel(12)] = 0.000183
E[P_sel(13)] = 0.000161
E[P_sel(14)] = 0.000149
E[P_sel(15)] = 0.000135
E[P_sel(16)] = 0.000128
E[P_sel(17)] = 0.000131
E[P_sel(18)] = 0.000125
E[P_sel(19)] = 0.000123

---- Expected neutral and selected misattributed polymorphism per site
E[mis_neut] = 0.000470
E[mis_sel] = 0.000119

---- alpha_div = 0.309315
---- alpha_dfe = 0.206633



