---- Performing inference on Ns10_pa_0.005_boots/Ns10_pa_0.005.66.polyDFE.txt using model B

---- Warning: mutation variability is not used when only one neutral and one selected fragment is available.
---- No mutation variability. Using Poisson likelihood.

---- Using provided initial values


-- Starting local optimization
 it       eps_an        lambda        theta_bar      S_d            b             r  2          r  3          r  4          r  5          r  6          r  7          r  8          r  9          r 10          r 11          r 12          r 13          r 14          r 15          r 16          r 17          r 18          r 19          r 20         ln lk             grad     status
  0      4.50e-06       0.00500       0.00100     -400.00000       0.40000       1.00000       1.00000       1.00000       1.00000       1.00000       1.00000       1.00000       1.00000       1.00000       1.00000       1.00000       1.00000       1.00000       1.00000       1.00000       1.00000       1.00000       1.00000       1.00000  -260364.3456596364   1895.23503   -2
718      4.55e-06       0.00001       0.00953    -4915.26768       0.14166       0.97226       0.94886       0.95308       0.89211       0.91647       0.91408       0.90770       0.94411       0.92065       0.86776       0.91648       0.88374       0.89746       0.91913       0.89417       0.92661       0.94252       0.99115      12.37855  -380.6495032779      0.02684   -6
-- Local optimization: reached maximum running time allowed


---- Best joint likelihood found -380.64950 with gradient 0.02684
-- Model: B
--     eps_an        eps_cont      lambda        theta_bar     a        
--    4.55e-06      0.00e+00       0.00001       0.00953       -1.00000  
--      S_d            b             p_b           S_b      
--  -4915.26768       0.14166      0.00e+00      0.00e+00  
--     r  2          r  3          r  4          r  5          r  6          r  7          r  8          r  9          r 10          r 11          r 12          r 13          r 14          r 15          r 16          r 17          r 18          r 19          r 20     
--     0.97226       0.94886       0.95308       0.89211       0.91647       0.91408       0.90770       0.94411       0.92065       0.86776       0.91648       0.88374       0.89746       0.91913       0.89417       0.92661       0.94252       0.99115      12.37855  

---- Expected P_neut(i), 0 < i < n (neutral SFS per site) 
E[P_neut(1)] = 0.009532
E[P_neut(2)] = 0.004634
E[P_neut(3)] = 0.003015
E[P_neut(4)] = 0.002271
E[P_neut(5)] = 0.001701
E[P_neut(6)] = 0.001456
E[P_neut(7)] = 0.001245
E[P_neut(8)] = 0.001081
E[P_neut(9)] = 0.001000
E[P_neut(10)] = 0.000878
E[P_neut(11)] = 0.000752
E[P_neut(12)] = 0.000728
E[P_neut(13)] = 0.000648
E[P_neut(14)] = 0.000611
E[P_neut(15)] = 0.000584
E[P_neut(16)] = 0.000533
E[P_neut(17)] = 0.000520
E[P_neut(18)] = 0.000499
E[P_neut(19)] = 0.000497

---- Expected P_sel(i), 0 < i < n (selected SFS per site) 
E[P_sel(1)] = 0.003710
E[P_sel(2)] = 0.001565
E[P_sel(3)] = 0.000953
E[P_sel(4)] = 0.000689
E[P_sel(5)] = 0.000500
E[P_sel(6)] = 0.000418
E[P_sel(7)] = 0.000350
E[P_sel(8)] = 0.000299
E[P_sel(9)] = 0.000273
E[P_sel(10)] = 0.000236
E[P_sel(11)] = 0.000200
E[P_sel(12)] = 0.000192
E[P_sel(13)] = 0.000169
E[P_sel(14)] = 0.000158
E[P_sel(15)] = 0.000150
E[P_sel(16)] = 0.000135
E[P_sel(17)] = 0.000131
E[P_sel(18)] = 0.000125
E[P_sel(19)] = 0.000124

---- Expected D_neut and D_sel (neutral and selected divergence per site) 
E[D_neut] = 0.005914
E[D_sel] = 0.001465

---- Expected neutral and selected misattributed polymorphism per site
E[mis_neut] = 0.005900
E[mis_sel] = 0.001462

---- alpha_div = 1.698902
---- alpha_dfe = 0.000000



