---- Performing inference on Ns10_pa_0.005_boots/Ns10_pa_0.005.75.polyDFE.txt using model B

---- Warning: mutation variability is not used when only one neutral and one selected fragment is available.
---- No mutation variability. Using Poisson likelihood.

---- Using provided initial values


-- Starting local optimization
 it       eps_an        eps_cont      theta_bar      S_d            b             p_b           S_b           r  2          r  3          r  4          r  5          r  6          r  7          r  8          r  9          r 10          r 11          r 12          r 13          r 14          r 15          r 16          r 17          r 18          r 19         ln lk             grad     status
  0      4.50e-06      9.00e-07       0.00100     -400.00000       0.40000       0.02000       4.00000       1.00000       1.00000       1.00000       1.00000       1.00000       1.00000       1.00000       1.00000       1.00000       1.00000       1.00000       1.00000       1.00000       1.00000       1.00000       1.00000       1.00000       1.00000  -242709.5306467724   1679.23550   -2
168      4.51e-06      9.00e-07       0.00945     -868.41092       0.20340       0.00526      37.42825       0.99046       0.99392       1.01910       0.95537       0.96609       0.97002       0.94064       0.95172       0.94712       0.94876       0.95848       0.91590       0.93792       0.94346       0.92739       1.00392       0.97136       0.96614  -200.0279957442      0.08800   -3
-- Local optimization: stuck in the same solution


---- Best joint likelihood found -200.02800 with gradient 0.08800
-- Model: B
--     eps_an        eps_cont      theta_bar     a        
--    4.51e-06      9.00e-07       0.00945       -1.00000  
--      S_d            b             p_b           S_b      
--   -868.41092       0.20340       0.00526      37.42825  
--     r  2          r  3          r  4          r  5          r  6          r  7          r  8          r  9          r 10          r 11          r 12          r 13          r 14          r 15          r 16          r 17          r 18          r 19     
--     0.99046       0.99392       1.01910       0.95537       0.96609       0.97002       0.94064       0.95172       0.94712       0.94876       0.95848       0.91590       0.93792       0.94346       0.92739       1.00392       0.97136       0.96614  

---- Expected P_neut(i), 0 < i < n (neutral SFS per site) 
E[P_neut(1)] = 0.009450
E[P_neut(2)] = 0.004680
E[P_neut(3)] = 0.003131
E[P_neut(4)] = 0.002408
E[P_neut(5)] = 0.001806
E[P_neut(6)] = 0.001522
E[P_neut(7)] = 0.001310
E[P_neut(8)] = 0.001111
E[P_neut(9)] = 0.000999
E[P_neut(10)] = 0.000895
E[P_neut(11)] = 0.000815
E[P_neut(12)] = 0.000755
E[P_neut(13)] = 0.000666
E[P_neut(14)] = 0.000633
E[P_neut(15)] = 0.000594
E[P_neut(16)] = 0.000548
E[P_neut(17)] = 0.000558
E[P_neut(18)] = 0.000510
E[P_neut(19)] = 0.000481

---- Expected P_sel(i), 0 < i < n (selected SFS per site) 
E[P_sel(1)] = 0.003773
E[P_sel(2)] = 0.001529
E[P_sel(3)] = 0.000932
E[P_sel(4)] = 0.000676
E[P_sel(5)] = 0.000486
E[P_sel(6)] = 0.000397
E[P_sel(7)] = 0.000333
E[P_sel(8)] = 0.000277
E[P_sel(9)] = 0.000245
E[P_sel(10)] = 0.000216
E[P_sel(11)] = 0.000195
E[P_sel(12)] = 0.000179
E[P_sel(13)] = 0.000157
E[P_sel(14)] = 0.000149
E[P_sel(15)] = 0.000140
E[P_sel(16)] = 0.000131
E[P_sel(17)] = 0.000137
E[P_sel(18)] = 0.000130
E[P_sel(19)] = 0.000133

---- Expected neutral and selected misattributed polymorphism per site
E[mis_neut] = 0.000473
E[mis_sel] = 0.000150

---- alpha_div = 0.319495
---- alpha_dfe = 0.491491



