---- Performing inference on Ns10_pa_0.005_boots/Ns10_pa_0.005.13.polyDFE.txt using model B

---- Warning: mutation variability is not used when only one neutral and one selected fragment is available.
---- No mutation variability. Using Poisson likelihood.

---- Using provided initial values


-- Starting local optimization
 it       eps_an        lambda        theta_bar      S_d            b             r  2          r  3          r  4          r  5          r  6          r  7          r  8          r  9          r 10          r 11          r 12          r 13          r 14          r 15          r 16          r 17          r 18          r 19          r 20         ln lk             grad     status
  0      4.50e-06       0.00500       0.00100     -400.00000       0.40000       1.00000       1.00000       1.00000       1.00000       1.00000       1.00000       1.00000       1.00000       1.00000       1.00000       1.00000       1.00000       1.00000       1.00000       1.00000       1.00000       1.00000       1.00000       1.00000  -261901.5662217503   1901.88650   -2
613      4.51e-06       0.00005       0.00966    -6941.06694       0.13617       0.95801       0.94301       0.95172       0.90071       0.91971       0.90608       0.88584       0.89996       0.89267       0.85835       0.91118       0.90128       0.87801       0.90614       0.91287       0.95476       0.95725       0.99822      12.27660  -401.4252062626      0.01502   -3
-- Local optimization: stuck in the same solution


---- Best joint likelihood found -401.42521 with gradient 0.01502
-- Model: B
--     eps_an        eps_cont      lambda        theta_bar     a        
--    4.51e-06      0.00e+00       0.00005       0.00966       -1.00000  
--      S_d            b             p_b           S_b      
--  -6941.06694       0.13617      0.00e+00      0.00e+00  
--     r  2          r  3          r  4          r  5          r  6          r  7          r  8          r  9          r 10          r 11          r 12          r 13          r 14          r 15          r 16          r 17          r 18          r 19          r 20     
--     0.95801       0.94301       0.95172       0.90071       0.91971       0.90608       0.88584       0.89996       0.89267       0.85835       0.91118       0.90128       0.87801       0.90614       0.91287       0.95476       0.95725       0.99822      12.27660  

---- Expected P_neut(i), 0 < i < n (neutral SFS per site) 
E[P_neut(1)] = 0.009656
E[P_neut(2)] = 0.004625
E[P_neut(3)] = 0.003035
E[P_neut(4)] = 0.002297
E[P_neut(5)] = 0.001739
E[P_neut(6)] = 0.001480
E[P_neut(7)] = 0.001250
E[P_neut(8)] = 0.001069
E[P_neut(9)] = 0.000966
E[P_neut(10)] = 0.000862
E[P_neut(11)] = 0.000753
E[P_neut(12)] = 0.000733
E[P_neut(13)] = 0.000669
E[P_neut(14)] = 0.000606
E[P_neut(15)] = 0.000583
E[P_neut(16)] = 0.000551
E[P_neut(17)] = 0.000542
E[P_neut(18)] = 0.000514
E[P_neut(19)] = 0.000507

---- Expected P_sel(i), 0 < i < n (selected SFS per site) 
E[P_sel(1)] = 0.003699
E[P_sel(2)] = 0.001546
E[P_sel(3)] = 0.000952
E[P_sel(4)] = 0.000692
E[P_sel(5)] = 0.000509
E[P_sel(6)] = 0.000423
E[P_sel(7)] = 0.000350
E[P_sel(8)] = 0.000295
E[P_sel(9)] = 0.000263
E[P_sel(10)] = 0.000232
E[P_sel(11)] = 0.000200
E[P_sel(12)] = 0.000193
E[P_sel(13)] = 0.000174
E[P_sel(14)] = 0.000157
E[P_sel(15)] = 0.000150
E[P_sel(16)] = 0.000140
E[P_sel(17)] = 0.000137
E[P_sel(18)] = 0.000129
E[P_sel(19)] = 0.000127

---- Expected D_neut and D_sel (neutral and selected divergence per site) 
E[D_neut] = 0.005974
E[D_sel] = 0.001483

---- Expected neutral and selected misattributed polymorphism per site
E[mis_neut] = 0.005927
E[mis_sel] = 0.001471

---- alpha_div = 1.622386
---- alpha_dfe = 0.000000



