---- Performing inference on Ns10_pa_0.005_boots/Ns10_pa_0.005.66.polyDFE.txt using model B

---- Warning: mutation variability is not used when only one neutral and one selected fragment is available.
---- No mutation variability. Using Poisson likelihood.

---- Using provided initial values


-- Starting local optimization
 it       eps_an        eps_cont      theta_bar      S_d            b             p_b           S_b           r  2          r  3          r  4          r  5          r  6          r  7          r  8          r  9          r 10          r 11          r 12          r 13          r 14          r 15          r 16          r 17          r 18          r 19         ln lk             grad     status
  0      4.50e-06      9.00e-07       0.00100     -400.00000       0.40000       0.02000       4.00000       1.00000       1.00000       1.00000       1.00000       1.00000       1.00000       1.00000       1.00000       1.00000       1.00000       1.00000       1.00000       1.00000       1.00000       1.00000       1.00000       1.00000       1.00000  -241636.4500790839   1675.54511   -2
391      4.50e-06      9.00e-07       0.00932     -752.79402       0.20695       0.00503      21.76139       1.00460       0.99374       1.00575       0.94596       0.97504       0.97480       0.96937       1.00924       0.98446       0.92762       0.97866       0.94202       0.95388       0.97255       0.93987       0.96434       0.96631       0.99313  -192.3811433241      0.00353   -3
-- Local optimization: stuck in the same solution


---- Best joint likelihood found -192.38114 with gradient 0.00353
-- Model: B
--     eps_an        eps_cont      theta_bar     a        
--    4.50e-06      9.00e-07       0.00932       -1.00000  
--      S_d            b             p_b           S_b      
--   -752.79402       0.20695       0.00503      21.76139  
--     r  2          r  3          r  4          r  5          r  6          r  7          r  8          r  9          r 10          r 11          r 12          r 13          r 14          r 15          r 16          r 17          r 18          r 19     
--     1.00460       0.99374       1.00575       0.94596       0.97504       0.97480       0.96937       1.00924       0.98446       0.92762       0.97866       0.94202       0.95388       0.97255       0.93987       0.96434       0.96631       0.99313  

---- Expected P_neut(i), 0 < i < n (neutral SFS per site) 
E[P_neut(1)] = 0.009322
E[P_neut(2)] = 0.004682
E[P_neut(3)] = 0.003088
E[P_neut(4)] = 0.002344
E[P_neut(5)] = 0.001764
E[P_neut(6)] = 0.001515
E[P_neut(7)] = 0.001298
E[P_neut(8)] = 0.001130
E[P_neut(9)] = 0.001045
E[P_neut(10)] = 0.000918
E[P_neut(11)] = 0.000786
E[P_neut(12)] = 0.000760
E[P_neut(13)] = 0.000676
E[P_neut(14)] = 0.000635
E[P_neut(15)] = 0.000604
E[P_neut(16)] = 0.000548
E[P_neut(17)] = 0.000529
E[P_neut(18)] = 0.000500
E[P_neut(19)] = 0.000487

---- Expected P_sel(i), 0 < i < n (selected SFS per site) 
E[P_sel(1)] = 0.003780
E[P_sel(2)] = 0.001549
E[P_sel(3)] = 0.000929
E[P_sel(4)] = 0.000664
E[P_sel(5)] = 0.000479
E[P_sel(6)] = 0.000398
E[P_sel(7)] = 0.000332
E[P_sel(8)] = 0.000283
E[P_sel(9)] = 0.000257
E[P_sel(10)] = 0.000223
E[P_sel(11)] = 0.000189
E[P_sel(12)] = 0.000181
E[P_sel(13)] = 0.000160
E[P_sel(14)] = 0.000150
E[P_sel(15)] = 0.000143
E[P_sel(16)] = 0.000131
E[P_sel(17)] = 0.000128
E[P_sel(18)] = 0.000125
E[P_sel(19)] = 0.000127

---- Expected neutral and selected misattributed polymorphism per site
E[mis_neut] = 0.000466
E[mis_sel] = 0.000131

---- alpha_div = 0.311034
---- alpha_dfe = 0.348262



