---- Performing inference on Ns10_pa_0.005_boots/Ns10_pa_0.005.21.polyDFE.txt using model B

---- Warning: mutation variability is not used when only one neutral and one selected fragment is available.
---- No mutation variability. Using Poisson likelihood.

---- Using provided initial values


-- Starting local optimization
 it       eps_an        theta_bar      S_d            b             r  2          r  3          r  4          r  5          r  6          r  7          r  8          r  9          r 10          r 11          r 12          r 13          r 14          r 15          r 16          r 17          r 18          r 19         ln lk             grad     status
  0      4.50e-06       0.00100     -400.00000       0.40000       1.00000       1.00000       1.00000       1.00000       1.00000       1.00000       1.00000       1.00000       1.00000       1.00000       1.00000       1.00000       1.00000       1.00000       1.00000       1.00000       1.00000       1.00000  -253113.8155017313   1777.24599   -2
188      4.50e-06       0.00951    -1738.97283       0.17292       0.97821       0.97920       0.99100       0.95141       0.95931       0.96217       0.89420       0.91053       0.94276       0.92876       0.94360       0.91340       0.94095       0.96644       0.96109       0.97408       0.97825       1.03630  -212.4532955273      0.00116   -3
-- Local optimization: stuck in the same solution


---- Best joint likelihood found -212.45330 with gradient 0.00116
-- Model: B
--     eps_an        eps_cont      theta_bar     a        
--    4.50e-06      0.00e+00       0.00951       -1.00000  
--      S_d            b             p_b           S_b      
--  -1738.97283       0.17292      0.00e+00      0.00e+00  
--     r  2          r  3          r  4          r  5          r  6          r  7          r  8          r  9          r 10          r 11          r 12          r 13          r 14          r 15          r 16          r 17          r 18          r 19     
--     0.97821       0.97920       0.99100       0.95141       0.95931       0.96217       0.89420       0.91053       0.94276       0.92876       0.94360       0.91340       0.94095       0.96644       0.96109       0.97408       0.97825       1.03630  

---- Expected P_neut(i), 0 < i < n (neutral SFS per site) 
E[P_neut(1)] = 0.009508
E[P_neut(2)] = 0.004650
E[P_neut(3)] = 0.003103
E[P_neut(4)] = 0.002356
E[P_neut(5)] = 0.001809
E[P_neut(6)] = 0.001520
E[P_neut(7)] = 0.001307
E[P_neut(8)] = 0.001063
E[P_neut(9)] = 0.000962
E[P_neut(10)] = 0.000896
E[P_neut(11)] = 0.000803
E[P_neut(12)] = 0.000748
E[P_neut(13)] = 0.000668
E[P_neut(14)] = 0.000639
E[P_neut(15)] = 0.000613
E[P_neut(16)] = 0.000571
E[P_neut(17)] = 0.000545
E[P_neut(18)] = 0.000517
E[P_neut(19)] = 0.000519

---- Expected P_sel(i), 0 < i < n (selected SFS per site) 
E[P_sel(1)] = 0.003729
E[P_sel(2)] = 0.001532
E[P_sel(3)] = 0.000943
E[P_sel(4)] = 0.000679
E[P_sel(5)] = 0.000503
E[P_sel(6)] = 0.000410
E[P_sel(7)] = 0.000344
E[P_sel(8)] = 0.000274
E[P_sel(9)] = 0.000244
E[P_sel(10)] = 0.000223
E[P_sel(11)] = 0.000197
E[P_sel(12)] = 0.000181
E[P_sel(13)] = 0.000160
E[P_sel(14)] = 0.000152
E[P_sel(15)] = 0.000144
E[P_sel(16)] = 0.000133
E[P_sel(17)] = 0.000126
E[P_sel(18)] = 0.000118
E[P_sel(19)] = 0.000118

---- Expected neutral and selected misattributed polymorphism per site
E[mis_neut] = 0.000475
E[mis_sel] = 0.000107

---- alpha_div = 0.271134
---- alpha_dfe = 0.000000



