---- Performing inference on Ns10_pa_0.005_boots/Ns10_pa_0.005.2.polyDFE.txt using model B

---- Warning: mutation variability is not used when only one neutral and one selected fragment is available.
---- No mutation variability. Using Poisson likelihood.

---- Using provided initial values


-- Starting local optimization
 it       eps_an        theta_bar      S_d            b             r  2          r  3          r  4          r  5          r  6          r  7          r  8          r  9          r 10          r 11          r 12          r 13          r 14          r 15          r 16          r 17          r 18          r 19         ln lk             grad     status
  0      4.50e-06       0.00100     -400.00000       0.40000       1.00000       1.00000       1.00000       1.00000       1.00000       1.00000       1.00000       1.00000       1.00000       1.00000       1.00000       1.00000       1.00000       1.00000       1.00000       1.00000       1.00000       1.00000  -251918.3408905654   1771.24957   -2
153      4.50e-06       0.00952    -1803.24271       0.17186       0.98413       0.97261       0.96191       0.92574       0.97010       0.93435       0.92153       0.93069       0.93081       0.89469       0.92618       0.90159       0.95536       0.93324       0.94980       1.01359       0.94279       1.06321  -213.6381994424      0.00138   -3
-- Local optimization: stuck in the same solution


---- Best joint likelihood found -213.63820 with gradient 0.00138
-- Model: B
--     eps_an        eps_cont      theta_bar     a        
--    4.50e-06      0.00e+00       0.00952       -1.00000  
--      S_d            b             p_b           S_b      
--  -1803.24271       0.17186      0.00e+00      0.00e+00  
--     r  2          r  3          r  4          r  5          r  6          r  7          r  8          r  9          r 10          r 11          r 12          r 13          r 14          r 15          r 16          r 17          r 18          r 19     
--     0.98413       0.97261       0.96191       0.92574       0.97010       0.93435       0.92153       0.93069       0.93081       0.89469       0.92618       0.90159       0.95536       0.93324       0.94980       1.01359       0.94279       1.06321  

---- Expected P_neut(i), 0 < i < n (neutral SFS per site) 
E[P_neut(1)] = 0.009519
E[P_neut(2)] = 0.004684
E[P_neut(3)] = 0.003086
E[P_neut(4)] = 0.002289
E[P_neut(5)] = 0.001763
E[P_neut(6)] = 0.001539
E[P_neut(7)] = 0.001271
E[P_neut(8)] = 0.001097
E[P_neut(9)] = 0.000984
E[P_neut(10)] = 0.000886
E[P_neut(11)] = 0.000774
E[P_neut(12)] = 0.000735
E[P_neut(13)] = 0.000660
E[P_neut(14)] = 0.000650
E[P_neut(15)] = 0.000592
E[P_neut(16)] = 0.000565
E[P_neut(17)] = 0.000568
E[P_neut(18)] = 0.000499
E[P_neut(19)] = 0.000533

---- Expected P_sel(i), 0 < i < n (selected SFS per site) 
E[P_sel(1)] = 0.003728
E[P_sel(2)] = 0.001542
E[P_sel(3)] = 0.000938
E[P_sel(4)] = 0.000661
E[P_sel(5)] = 0.000490
E[P_sel(6)] = 0.000415
E[P_sel(7)] = 0.000335
E[P_sel(8)] = 0.000283
E[P_sel(9)] = 0.000250
E[P_sel(10)] = 0.000221
E[P_sel(11)] = 0.000191
E[P_sel(12)] = 0.000179
E[P_sel(13)] = 0.000159
E[P_sel(14)] = 0.000154
E[P_sel(15)] = 0.000139
E[P_sel(16)] = 0.000132
E[P_sel(17)] = 0.000131
E[P_sel(18)] = 0.000114
E[P_sel(19)] = 0.000121

---- Expected neutral and selected misattributed polymorphism per site
E[mis_neut] = 0.000476
E[mis_sel] = 0.000108

---- alpha_div = 0.252586
---- alpha_dfe = 0.000000



