---- Performing inference on Ns10_pa_0.005_boots/Ns10_pa_0.005.74.polyDFE.txt using model B

---- Warning: mutation variability is not used when only one neutral and one selected fragment is available.
---- No mutation variability. Using Poisson likelihood.

---- Using provided initial values


-- Starting local optimization
 it       eps_an        eps_cont      theta_bar      S_d            b             p_b           S_b           r  2          r  3          r  4          r  5          r  6          r  7          r  8          r  9          r 10          r 11          r 12          r 13          r 14          r 15          r 16          r 17          r 18          r 19         ln lk             grad     status
  0      4.50e-06      9.00e-07       0.00100     -400.00000       0.40000       0.02000       4.00000       1.00000       1.00000       1.00000       1.00000       1.00000       1.00000       1.00000       1.00000       1.00000       1.00000       1.00000       1.00000       1.00000       1.00000       1.00000       1.00000       1.00000       1.00000  -241488.4467648693   1674.27547   -2
299      4.50e-06      9.00e-07       0.00939     -974.50478       0.19717       0.00472      25.31408       0.99215       0.98218       1.00744       0.96439       0.97790       0.97157       0.95108       0.97364       0.96793       0.92894       0.95033       0.92306       0.96400       0.95371       0.95881       0.98568       0.98580       0.96585  -199.7639525807      0.00179   -3
-- Local optimization: stuck in the same solution


---- Best joint likelihood found -199.76395 with gradient 0.00179
-- Model: B
--     eps_an        eps_cont      theta_bar     a        
--    4.50e-06      9.00e-07       0.00939       -1.00000  
--      S_d            b             p_b           S_b      
--   -974.50478       0.19717       0.00472      25.31408  
--     r  2          r  3          r  4          r  5          r  6          r  7          r  8          r  9          r 10          r 11          r 12          r 13          r 14          r 15          r 16          r 17          r 18          r 19     
--     0.99215       0.98218       1.00744       0.96439       0.97790       0.97157       0.95108       0.97364       0.96793       0.92894       0.95033       0.92306       0.96400       0.95371       0.95881       0.98568       0.98580       0.96585  

---- Expected P_neut(i), 0 < i < n (neutral SFS per site) 
E[P_neut(1)] = 0.009388
E[P_neut(2)] = 0.004657
E[P_neut(3)] = 0.003074
E[P_neut(4)] = 0.002365
E[P_neut(5)] = 0.001811
E[P_neut(6)] = 0.001530
E[P_neut(7)] = 0.001303
E[P_neut(8)] = 0.001116
E[P_neut(9)] = 0.001016
E[P_neut(10)] = 0.000909
E[P_neut(11)] = 0.000793
E[P_neut(12)] = 0.000744
E[P_neut(13)] = 0.000667
E[P_neut(14)] = 0.000646
E[P_neut(15)] = 0.000597
E[P_neut(16)] = 0.000563
E[P_neut(17)] = 0.000544
E[P_neut(18)] = 0.000514
E[P_neut(19)] = 0.000477

---- Expected P_sel(i), 0 < i < n (selected SFS per site) 
E[P_sel(1)] = 0.003743
E[P_sel(2)] = 0.001528
E[P_sel(3)] = 0.000921
E[P_sel(4)] = 0.000670
E[P_sel(5)] = 0.000492
E[P_sel(6)] = 0.000403
E[P_sel(7)] = 0.000335
E[P_sel(8)] = 0.000281
E[P_sel(9)] = 0.000251
E[P_sel(10)] = 0.000222
E[P_sel(11)] = 0.000191
E[P_sel(12)] = 0.000178
E[P_sel(13)] = 0.000159
E[P_sel(14)] = 0.000154
E[P_sel(15)] = 0.000142
E[P_sel(16)] = 0.000135
E[P_sel(17)] = 0.000133
E[P_sel(18)] = 0.000129
E[P_sel(19)] = 0.000126

---- Expected neutral and selected misattributed polymorphism per site
E[mis_neut] = 0.000469
E[mis_sel] = 0.000135

---- alpha_div = 0.285245
---- alpha_dfe = 0.365024



