---- Performing inference on Ns10_pa_0.005_boots/Ns10_pa_0.005.33.polyDFE.txt using model B

---- Warning: mutation variability is not used when only one neutral and one selected fragment is available.
---- No mutation variability. Using Poisson likelihood.

---- Using provided initial values


-- Starting local optimization
 it       eps_an        eps_cont      theta_bar      S_d            b             p_b           S_b           r  2          r  3          r  4          r  5          r  6          r  7          r  8          r  9          r 10          r 11          r 12          r 13          r 14          r 15          r 16          r 17          r 18          r 19         ln lk             grad     status
  0      4.50e-06      9.00e-07       0.00100     -400.00000       0.40000       0.02000       4.00000       1.00000       1.00000       1.00000       1.00000       1.00000       1.00000       1.00000       1.00000       1.00000       1.00000       1.00000       1.00000       1.00000       1.00000       1.00000       1.00000       1.00000       1.00000  -242742.3915456363   1680.32205   -2
502      4.51e-06      9.00e-07       0.00946     -995.14914       0.19721       0.00553      32.47786       0.99240       0.98723       1.00241       0.95884       0.98644       0.93544       0.94146       0.97920       0.95479       0.91145       0.93783       0.94964       0.91321       0.92787       0.93430       0.96974       0.94059       0.97344  -189.8309677292      0.01250   -3
-- Local optimization: stuck in the same solution


---- Best joint likelihood found -189.83097 with gradient 0.01250
-- Model: B
--     eps_an        eps_cont      theta_bar     a        
--    4.51e-06      9.00e-07       0.00946       -1.00000  
--      S_d            b             p_b           S_b      
--   -995.14914       0.19721       0.00553      32.47786  
--     r  2          r  3          r  4          r  5          r  6          r  7          r  8          r  9          r 10          r 11          r 12          r 13          r 14          r 15          r 16          r 17          r 18          r 19     
--     0.99240       0.98723       1.00241       0.95884       0.98644       0.93544       0.94146       0.97920       0.95479       0.91145       0.93783       0.94964       0.91321       0.92787       0.93430       0.96974       0.94059       0.97344  

---- Expected P_neut(i), 0 < i < n (neutral SFS per site) 
E[P_neut(1)] = 0.009458
E[P_neut(2)] = 0.004693
E[P_neut(3)] = 0.003112
E[P_neut(4)] = 0.002370
E[P_neut(5)] = 0.001814
E[P_neut(6)] = 0.001555
E[P_neut(7)] = 0.001264
E[P_neut(8)] = 0.001113
E[P_neut(9)] = 0.001029
E[P_neut(10)] = 0.000903
E[P_neut(11)] = 0.000784
E[P_neut(12)] = 0.000739
E[P_neut(13)] = 0.000691
E[P_neut(14)] = 0.000617
E[P_neut(15)] = 0.000585
E[P_neut(16)] = 0.000552
E[P_neut(17)] = 0.000540
E[P_neut(18)] = 0.000494
E[P_neut(19)] = 0.000485

---- Expected P_sel(i), 0 < i < n (selected SFS per site) 
E[P_sel(1)] = 0.003760
E[P_sel(2)] = 0.001536
E[P_sel(3)] = 0.000931
E[P_sel(4)] = 0.000670
E[P_sel(5)] = 0.000493
E[P_sel(6)] = 0.000409
E[P_sel(7)] = 0.000325
E[P_sel(8)] = 0.000280
E[P_sel(9)] = 0.000255
E[P_sel(10)] = 0.000221
E[P_sel(11)] = 0.000190
E[P_sel(12)] = 0.000178
E[P_sel(13)] = 0.000165
E[P_sel(14)] = 0.000148
E[P_sel(15)] = 0.000141
E[P_sel(16)] = 0.000134
E[P_sel(17)] = 0.000134
E[P_sel(18)] = 0.000128
E[P_sel(19)] = 0.000135

---- Expected neutral and selected misattributed polymorphism per site
E[mis_neut] = 0.000473
E[mis_sel] = 0.000149

---- alpha_div = 0.300618
---- alpha_dfe = 0.465206



