---- Performing inference on Ns10_pa_0.005_boots/Ns10_pa_0.005.1.polyDFE.txt using model B

---- Warning: mutation variability is not used when only one neutral and one selected fragment is available.
---- No mutation variability. Using Poisson likelihood.

---- Using provided initial values


-- Starting local optimization
 it       eps_an        lambda        theta_bar      S_d            b             r  2          r  3          r  4          r  5          r  6          r  7          r  8          r  9          r 10          r 11          r 12          r 13          r 14          r 15          r 16          r 17          r 18          r 19          r 20         ln lk             grad     status
  0      4.50e-06       0.00500       0.00100     -400.00000       0.40000       1.00000       1.00000       1.00000       1.00000       1.00000       1.00000       1.00000       1.00000       1.00000       1.00000       1.00000       1.00000       1.00000       1.00000       1.00000       1.00000       1.00000       1.00000       1.00000  -261448.4159262173   1899.13823   -2
564      4.49e-06       0.00040       0.00977   -15466.59061       0.12405       0.95692       0.94117       0.95604       0.89510       0.88920       0.89507       0.88476       0.88475       0.89427       0.86098       0.87908       0.84044       0.89628       0.88695       0.84539       0.92706       0.88748       0.96730      11.34838  -386.1852433038      0.00918   -6
-- Local optimization: reached maximum running time allowed


---- Best joint likelihood found -386.18524 with gradient 0.00918
-- Model: B
--     eps_an        eps_cont      lambda        theta_bar     a        
--    4.49e-06      0.00e+00       0.00040       0.00977       -1.00000  
--      S_d            b             p_b           S_b      
-- -15466.59061       0.12405      0.00e+00      0.00e+00  
--     r  2          r  3          r  4          r  5          r  6          r  7          r  8          r  9          r 10          r 11          r 12          r 13          r 14          r 15          r 16          r 17          r 18          r 19          r 20     
--     0.95692       0.94117       0.95604       0.89510       0.88920       0.89507       0.88476       0.88475       0.89427       0.86098       0.87908       0.84044       0.89628       0.88695       0.84539       0.92706       0.88748       0.96730      11.34838  

---- Expected P_neut(i), 0 < i < n (neutral SFS per site) 
E[P_neut(1)] = 0.009770
E[P_neut(2)] = 0.004675
E[P_neut(3)] = 0.003065
E[P_neut(4)] = 0.002335
E[P_neut(5)] = 0.001749
E[P_neut(6)] = 0.001448
E[P_neut(7)] = 0.001249
E[P_neut(8)] = 0.001081
E[P_neut(9)] = 0.000960
E[P_neut(10)] = 0.000874
E[P_neut(11)] = 0.000765
E[P_neut(12)] = 0.000716
E[P_neut(13)] = 0.000632
E[P_neut(14)] = 0.000626
E[P_neut(15)] = 0.000578
E[P_neut(16)] = 0.000516
E[P_neut(17)] = 0.000533
E[P_neut(18)] = 0.000482
E[P_neut(19)] = 0.000497

---- Expected P_sel(i), 0 < i < n (selected SFS per site) 
E[P_sel(1)] = 0.003645
E[P_sel(2)] = 0.001542
E[P_sel(3)] = 0.000954
E[P_sel(4)] = 0.000701
E[P_sel(5)] = 0.000511
E[P_sel(6)] = 0.000414
E[P_sel(7)] = 0.000351
E[P_sel(8)] = 0.000299
E[P_sel(9)] = 0.000263
E[P_sel(10)] = 0.000236
E[P_sel(11)] = 0.000205
E[P_sel(12)] = 0.000190
E[P_sel(13)] = 0.000166
E[P_sel(14)] = 0.000163
E[P_sel(15)] = 0.000150
E[P_sel(16)] = 0.000133
E[P_sel(17)] = 0.000136
E[P_sel(18)] = 0.000122
E[P_sel(19)] = 0.000126

---- Expected D_neut and D_sel (neutral and selected divergence per site) 
E[D_neut] = 0.005948
E[D_sel] = 0.001495

---- Expected neutral and selected misattributed polymorphism per site
E[mis_neut] = 0.005544
E[mis_sel] = 0.001394

---- alpha_div = 1.049866
---- alpha_dfe = 0.000000



