---- Performing inference on Ns10_pa_0.005_boots/Ns10_pa_0.005.80.polyDFE.txt using model B

---- Warning: mutation variability is not used when only one neutral and one selected fragment is available.
---- No mutation variability. Using Poisson likelihood.

---- Using provided initial values


-- Starting local optimization
 it       eps_an        eps_cont      theta_bar      S_d            b             p_b           S_b           r  2          r  3          r  4          r  5          r  6          r  7          r  8          r  9          r 10          r 11          r 12          r 13          r 14          r 15          r 16          r 17          r 18          r 19         ln lk             grad     status
  0      4.50e-06      9.00e-07       0.00100     -400.00000       0.40000       0.02000       4.00000       1.00000       1.00000       1.00000       1.00000       1.00000       1.00000       1.00000       1.00000       1.00000       1.00000       1.00000       1.00000       1.00000       1.00000       1.00000       1.00000       1.00000       1.00000  -242283.0685568177   1677.90635   -2
272      4.50e-06      9.00e-07       0.00936     -822.02180       0.20410       0.00501      15.78604       1.00008       0.98128       1.01141       0.96894       0.99586       0.98060       0.98813       0.96916       0.94181       0.92801       0.97383       0.97047       0.92500       0.98318       0.99302       0.96609       0.95963       1.01584  -199.5699509965      0.12218   -3
-- Local optimization: stuck in the same solution


---- Best joint likelihood found -199.56995 with gradient 0.12218
-- Model: B
--     eps_an        eps_cont      theta_bar     a        
--    4.50e-06      9.00e-07       0.00936       -1.00000  
--      S_d            b             p_b           S_b      
--   -822.02180       0.20410       0.00501      15.78604  
--     r  2          r  3          r  4          r  5          r  6          r  7          r  8          r  9          r 10          r 11          r 12          r 13          r 14          r 15          r 16          r 17          r 18          r 19     
--     1.00008       0.98128       1.01141       0.96894       0.99586       0.98060       0.98813       0.96916       0.94181       0.92801       0.97383       0.97047       0.92500       0.98318       0.99302       0.96609       0.95963       1.01584  

---- Expected P_neut(i), 0 < i < n (neutral SFS per site) 
E[P_neut(1)] = 0.009359
E[P_neut(2)] = 0.004680
E[P_neut(3)] = 0.003061
E[P_neut(4)] = 0.002366
E[P_neut(5)] = 0.001814
E[P_neut(6)] = 0.001553
E[P_neut(7)] = 0.001311
E[P_neut(8)] = 0.001156
E[P_neut(9)] = 0.001008
E[P_neut(10)] = 0.000881
E[P_neut(11)] = 0.000790
E[P_neut(12)] = 0.000760
E[P_neut(13)] = 0.000699
E[P_neut(14)] = 0.000618
E[P_neut(15)] = 0.000613
E[P_neut(16)] = 0.000581
E[P_neut(17)] = 0.000532
E[P_neut(18)] = 0.000499
E[P_neut(19)] = 0.000500

---- Expected P_sel(i), 0 < i < n (selected SFS per site) 
E[P_sel(1)] = 0.003766
E[P_sel(2)] = 0.001540
E[P_sel(3)] = 0.000917
E[P_sel(4)] = 0.000669
E[P_sel(5)] = 0.000491
E[P_sel(6)] = 0.000407
E[P_sel(7)] = 0.000335
E[P_sel(8)] = 0.000289
E[P_sel(9)] = 0.000248
E[P_sel(10)] = 0.000214
E[P_sel(11)] = 0.000189
E[P_sel(12)] = 0.000181
E[P_sel(13)] = 0.000165
E[P_sel(14)] = 0.000146
E[P_sel(15)] = 0.000145
E[P_sel(16)] = 0.000138
E[P_sel(17)] = 0.000128
E[P_sel(18)] = 0.000122
E[P_sel(19)] = 0.000127

---- Expected neutral and selected misattributed polymorphism per site
E[mis_neut] = 0.000468
E[mis_sel] = 0.000124

---- alpha_div = 0.315427
---- alpha_dfe = 0.278317



