---- Performing inference on Ns10_pa_0.005_boots/Ns10_pa_0.005.72.polyDFE.txt using model B

---- Warning: mutation variability is not used when only one neutral and one selected fragment is available.
---- No mutation variability. Using Poisson likelihood.

---- Using provided initial values


-- Starting local optimization
 it       eps_an        lambda        theta_bar      S_d            b             r  2          r  3          r  4          r  5          r  6          r  7          r  8          r  9          r 10          r 11          r 12          r 13          r 14          r 15          r 16          r 17          r 18          r 19          r 20         ln lk             grad     status
  0      4.50e-06       0.00500       0.00100     -400.00000       0.40000       1.00000       1.00000       1.00000       1.00000       1.00000       1.00000       1.00000       1.00000       1.00000       1.00000       1.00000       1.00000       1.00000       1.00000       1.00000       1.00000       1.00000       1.00000       1.00000  -259719.7161753531   1889.09215   -2
621      4.58e-06       0.00013       0.00970   -11137.64183       0.12885       0.94881       0.93797       0.94136       0.90391       0.92108       0.89898       0.87087       0.90870       0.88489       0.87890       0.88866       0.87126       0.91463       0.88420       0.86281       0.91820       0.93129       0.95457      11.76849  -383.0517387964      0.00854   -6
-- Local optimization: reached maximum running time allowed


---- Best joint likelihood found -383.05174 with gradient 0.00854
-- Model: B
--     eps_an        eps_cont      lambda        theta_bar     a        
--    4.58e-06      0.00e+00       0.00013       0.00970       -1.00000  
--      S_d            b             p_b           S_b      
-- -11137.64183       0.12885      0.00e+00      0.00e+00  
--     r  2          r  3          r  4          r  5          r  6          r  7          r  8          r  9          r 10          r 11          r 12          r 13          r 14          r 15          r 16          r 17          r 18          r 19          r 20     
--     0.94881       0.93797       0.94136       0.90391       0.92108       0.89898       0.87087       0.90870       0.88489       0.87890       0.88866       0.87126       0.91463       0.88420       0.86281       0.91820       0.93129       0.95457      11.76849  

---- Expected P_neut(i), 0 < i < n (neutral SFS per site) 
E[P_neut(1)] = 0.009705
E[P_neut(2)] = 0.004604
E[P_neut(3)] = 0.003034
E[P_neut(4)] = 0.002284
E[P_neut(5)] = 0.001754
E[P_neut(6)] = 0.001490
E[P_neut(7)] = 0.001246
E[P_neut(8)] = 0.001056
E[P_neut(9)] = 0.000980
E[P_neut(10)] = 0.000859
E[P_neut(11)] = 0.000775
E[P_neut(12)] = 0.000719
E[P_neut(13)] = 0.000650
E[P_neut(14)] = 0.000634
E[P_neut(15)] = 0.000572
E[P_neut(16)] = 0.000523
E[P_neut(17)] = 0.000524
E[P_neut(18)] = 0.000502
E[P_neut(19)] = 0.000488

---- Expected P_sel(i), 0 < i < n (selected SFS per site) 
E[P_sel(1)] = 0.003655
E[P_sel(2)] = 0.001525
E[P_sel(3)] = 0.000947
E[P_sel(4)] = 0.000686
E[P_sel(5)] = 0.000512
E[P_sel(6)] = 0.000426
E[P_sel(7)] = 0.000350
E[P_sel(8)] = 0.000292
E[P_sel(9)] = 0.000267
E[P_sel(10)] = 0.000231
E[P_sel(11)] = 0.000207
E[P_sel(12)] = 0.000190
E[P_sel(13)] = 0.000170
E[P_sel(14)] = 0.000165
E[P_sel(15)] = 0.000147
E[P_sel(16)] = 0.000134
E[P_sel(17)] = 0.000133
E[P_sel(18)] = 0.000127
E[P_sel(19)] = 0.000123

---- Expected D_neut and D_sel (neutral and selected divergence per site) 
E[D_neut] = 0.005845
E[D_sel] = 0.001461

---- Expected neutral and selected misattributed polymorphism per site
E[mis_neut] = 0.005711
E[mis_sel] = 0.001427

---- alpha_div = 1.419797
---- alpha_dfe = 0.000000



