---- Performing inference on Ns10_pa_0.005_boots/Ns10_pa_0.005.39.polyDFE.txt using model B

---- Warning: mutation variability is not used when only one neutral and one selected fragment is available.
---- No mutation variability. Using Poisson likelihood.

---- Using provided initial values


-- Starting local optimization
 it       eps_an        theta_bar      S_d            b             r  2          r  3          r  4          r  5          r  6          r  7          r  8          r  9          r 10          r 11          r 12          r 13          r 14          r 15          r 16          r 17          r 18          r 19         ln lk             grad     status
  0      4.50e-06       0.00100     -400.00000       0.40000       1.00000       1.00000       1.00000       1.00000       1.00000       1.00000       1.00000       1.00000       1.00000       1.00000       1.00000       1.00000       1.00000       1.00000       1.00000       1.00000       1.00000       1.00000  -252310.8447729487   1772.18951   -2
 83      4.50e-06       0.00951    -1544.02514       0.17719       0.97676       0.97496       0.98337       0.94771       0.95102       0.93775       0.93718       0.95644       0.93531       0.91695       0.97153       0.89368       0.93465       0.93651       0.92010       1.00149       0.99005       1.06501  -216.1009899136      0.00573   -3
-- Local optimization: stuck in the same solution


---- Best joint likelihood found -216.10099 with gradient 0.00573
-- Model: B
--     eps_an        eps_cont      theta_bar     a        
--    4.50e-06      0.00e+00       0.00951       -1.00000  
--      S_d            b             p_b           S_b      
--  -1544.02514       0.17719      0.00e+00      0.00e+00  
--     r  2          r  3          r  4          r  5          r  6          r  7          r  8          r  9          r 10          r 11          r 12          r 13          r 14          r 15          r 16          r 17          r 18          r 19     
--     0.97676       0.97496       0.98337       0.94771       0.95102       0.93775       0.93718       0.95644       0.93531       0.91695       0.97153       0.89368       0.93465       0.93651       0.92010       1.00149       0.99005       1.06501  

---- Expected P_neut(i), 0 < i < n (neutral SFS per site) 
E[P_neut(1)] = 0.009510
E[P_neut(2)] = 0.004645
E[P_neut(3)] = 0.003091
E[P_neut(4)] = 0.002338
E[P_neut(5)] = 0.001803
E[P_neut(6)] = 0.001507
E[P_neut(7)] = 0.001274
E[P_neut(8)] = 0.001114
E[P_neut(9)] = 0.001011
E[P_neut(10)] = 0.000890
E[P_neut(11)] = 0.000793
E[P_neut(12)] = 0.000770
E[P_neut(13)] = 0.000654
E[P_neut(14)] = 0.000635
E[P_neut(15)] = 0.000594
E[P_neut(16)] = 0.000547
E[P_neut(17)] = 0.000560
E[P_neut(18)] = 0.000523
E[P_neut(19)] = 0.000533

---- Expected P_sel(i), 0 < i < n (selected SFS per site) 
E[P_sel(1)] = 0.003739
E[P_sel(2)] = 0.001527
E[P_sel(3)] = 0.000935
E[P_sel(4)] = 0.000671
E[P_sel(5)] = 0.000498
E[P_sel(6)] = 0.000404
E[P_sel(7)] = 0.000333
E[P_sel(8)] = 0.000285
E[P_sel(9)] = 0.000254
E[P_sel(10)] = 0.000220
E[P_sel(11)] = 0.000193
E[P_sel(12)] = 0.000185
E[P_sel(13)] = 0.000155
E[P_sel(14)] = 0.000149
E[P_sel(15)] = 0.000138
E[P_sel(16)] = 0.000126
E[P_sel(17)] = 0.000128
E[P_sel(18)] = 0.000118
E[P_sel(19)] = 0.000120

---- Expected neutral and selected misattributed polymorphism per site
E[mis_neut] = 0.000476
E[mis_sel] = 0.000106

---- alpha_div = 0.268557
---- alpha_dfe = 0.000000



