---- Performing inference on Ns10_pa_0.005_boots/Ns10_pa_0.005.48.polyDFE.txt using model B

---- Warning: mutation variability is not used when only one neutral and one selected fragment is available.
---- No mutation variability. Using Poisson likelihood.

---- Using provided initial values


-- Starting local optimization
 it       eps_an        eps_cont      theta_bar      S_d            b             p_b           S_b           r  2          r  3          r  4          r  5          r  6          r  7          r  8          r  9          r 10          r 11          r 12          r 13          r 14          r 15          r 16          r 17          r 18          r 19         ln lk             grad     status
  0      4.50e-06      9.00e-07       0.00100     -400.00000       0.40000       0.02000       4.00000       1.00000       1.00000       1.00000       1.00000       1.00000       1.00000       1.00000       1.00000       1.00000       1.00000       1.00000       1.00000       1.00000       1.00000       1.00000       1.00000       1.00000       1.00000  -243445.3217428442   1683.00993   -2
489      4.50e-06      9.00e-07       0.00947     -867.26010       0.20403       0.00659      18.47918       0.98836       0.99735       0.99287       0.95149       0.98308       0.97676       0.95487       0.94569       0.96161       0.91494       0.97343       0.90823       0.95193       0.92456       0.92440       0.98906       0.95429       1.01401  -197.2963823179      0.01278   -3
-- Local optimization: stuck in the same solution


---- Best joint likelihood found -197.29638 with gradient 0.01278
-- Model: B
--     eps_an        eps_cont      theta_bar     a        
--    4.50e-06      9.00e-07       0.00947       -1.00000  
--      S_d            b             p_b           S_b      
--   -867.26010       0.20403       0.00659      18.47918  
--     r  2          r  3          r  4          r  5          r  6          r  7          r  8          r  9          r 10          r 11          r 12          r 13          r 14          r 15          r 16          r 17          r 18          r 19     
--     0.98836       0.99735       0.99287       0.95149       0.98308       0.97676       0.95487       0.94569       0.96161       0.91494       0.97343       0.90823       0.95193       0.92456       0.92440       0.98906       0.95429       1.01401  

---- Expected P_neut(i), 0 < i < n (neutral SFS per site) 
E[P_neut(1)] = 0.009466
E[P_neut(2)] = 0.004678
E[P_neut(3)] = 0.003147
E[P_neut(4)] = 0.002350
E[P_neut(5)] = 0.001801
E[P_neut(6)] = 0.001551
E[P_neut(7)] = 0.001321
E[P_neut(8)] = 0.001130
E[P_neut(9)] = 0.000995
E[P_neut(10)] = 0.000910
E[P_neut(11)] = 0.000787
E[P_neut(12)] = 0.000768
E[P_neut(13)] = 0.000661
E[P_neut(14)] = 0.000644
E[P_neut(15)] = 0.000583
E[P_neut(16)] = 0.000547
E[P_neut(17)] = 0.000551
E[P_neut(18)] = 0.000502
E[P_neut(19)] = 0.000505

---- Expected P_sel(i), 0 < i < n (selected SFS per site) 
E[P_sel(1)] = 0.003780
E[P_sel(2)] = 0.001529
E[P_sel(3)] = 0.000938
E[P_sel(4)] = 0.000661
E[P_sel(5)] = 0.000486
E[P_sel(6)] = 0.000406
E[P_sel(7)] = 0.000337
E[P_sel(8)] = 0.000282
E[P_sel(9)] = 0.000245
E[P_sel(10)] = 0.000221
E[P_sel(11)] = 0.000189
E[P_sel(12)] = 0.000184
E[P_sel(13)] = 0.000158
E[P_sel(14)] = 0.000153
E[P_sel(15)] = 0.000140
E[P_sel(16)] = 0.000133
E[P_sel(17)] = 0.000137
E[P_sel(18)] = 0.000129
E[P_sel(19)] = 0.000136

---- Expected neutral and selected misattributed polymorphism per site
E[mis_neut] = 0.000473
E[mis_sel] = 0.000138

---- alpha_div = 0.301467
---- alpha_dfe = 0.375559



