---- Performing inference on Ns10_pa_0.005_boots/Ns10_pa_0.005.53.polyDFE.txt using model B

---- Warning: mutation variability is not used when only one neutral and one selected fragment is available.
---- No mutation variability. Using Poisson likelihood.

---- Using provided initial values


-- Starting local optimization
 it       eps_an        eps_cont      lambda        theta_bar      S_d            b             p_b           S_b           r  2          r  3          r  4          r  5          r  6          r  7          r  8          r  9          r 10          r 11          r 12          r 13          r 14          r 15          r 16          r 17          r 18          r 19          r 20         ln lk             grad     status
  0      4.50e-06      9.00e-07       0.00500       0.00100     -400.00000       0.40000       0.02000       4.00000       1.00000       1.00000       1.00000       1.00000       1.00000       1.00000       1.00000       1.00000       1.00000       1.00000       1.00000       1.00000       1.00000       1.00000       1.00000       1.00000       1.00000       1.00000       1.00000  -245584.5061342833   1717.93410   -2
264      4.50e-06      9.00e-07       0.00499       0.00941     -828.45994       0.20553       0.00584      16.72415       1.00683       1.01578       1.02230       0.95794       0.96487       0.96362       0.97625       0.97807       0.98410       0.90279       0.93171       0.88970       0.92579       0.95065       0.90965       0.98156       0.93486       1.00764       0.96251  -207.4948086736      0.00552   -3
-- Local optimization: stuck in the same solution


---- Best joint likelihood found -207.49481 with gradient 0.00552
-- Model: B
--     eps_an        eps_cont      lambda        theta_bar     a        
--    4.50e-06      9.00e-07       0.00499       0.00941       -1.00000  
--      S_d            b             p_b           S_b      
--   -828.45994       0.20553       0.00584      16.72415  
--     r  2          r  3          r  4          r  5          r  6          r  7          r  8          r  9          r 10          r 11          r 12          r 13          r 14          r 15          r 16          r 17          r 18          r 19          r 20     
--     1.00683       1.01578       1.02230       0.95794       0.96487       0.96362       0.97625       0.97807       0.98410       0.90279       0.93171       0.88970       0.92579       0.95065       0.90965       0.98156       0.93486       1.00764       0.96251  

---- Expected P_neut(i), 0 < i < n (neutral SFS per site) 
E[P_neut(1)] = 0.009415
E[P_neut(2)] = 0.004739
E[P_neut(3)] = 0.003188
E[P_neut(4)] = 0.002406
E[P_neut(5)] = 0.001804
E[P_neut(6)] = 0.001514
E[P_neut(7)] = 0.001296
E[P_neut(8)] = 0.001149
E[P_neut(9)] = 0.001023
E[P_neut(10)] = 0.000926
E[P_neut(11)] = 0.000773
E[P_neut(12)] = 0.000731
E[P_neut(13)] = 0.000644
E[P_neut(14)] = 0.000623
E[P_neut(15)] = 0.000597
E[P_neut(16)] = 0.000535
E[P_neut(17)] = 0.000544
E[P_neut(18)] = 0.000489
E[P_neut(19)] = 0.000499

---- Expected P_sel(i), 0 < i < n (selected SFS per site) 
E[P_sel(1)] = 0.003769
E[P_sel(2)] = 0.001550
E[P_sel(3)] = 0.000949
E[P_sel(4)] = 0.000676
E[P_sel(5)] = 0.000486
E[P_sel(6)] = 0.000395
E[P_sel(7)] = 0.000329
E[P_sel(8)] = 0.000286
E[P_sel(9)] = 0.000251
E[P_sel(10)] = 0.000224
E[P_sel(11)] = 0.000185
E[P_sel(12)] = 0.000173
E[P_sel(13)] = 0.000152
E[P_sel(14)] = 0.000147
E[P_sel(15)] = 0.000141
E[P_sel(16)] = 0.000128
E[P_sel(17)] = 0.000132
E[P_sel(18)] = 0.000122
E[P_sel(19)] = 0.000130

---- Expected D_neut and D_sel (neutral and selected divergence per site) 
E[D_neut] = 0.005442
E[D_sel] = 0.001622

---- Expected neutral and selected misattributed polymorphism per site
E[mis_neut] = 0.000453
E[mis_sel] = 0.000125

---- alpha_div = 0.325498
---- alpha_dfe = 0.325335



