---- Performing inference on Ns10_pa_0.005_boots/Ns10_pa_0.005.39.polyDFE.txt using model B

---- Warning: mutation variability is not used when only one neutral and one selected fragment is available.
---- No mutation variability. Using Poisson likelihood.

---- Using provided initial values


-- Starting local optimization
 it       eps_an        eps_cont      theta_bar      S_d            b             p_b           S_b           r  2          r  3          r  4          r  5          r  6          r  7          r  8          r  9          r 10          r 11          r 12          r 13          r 14          r 15          r 16          r 17          r 18          r 19         ln lk             grad     status
  0      4.50e-06      9.00e-07       0.00100     -400.00000       0.40000       0.02000       4.00000       1.00000       1.00000       1.00000       1.00000       1.00000       1.00000       1.00000       1.00000       1.00000       1.00000       1.00000       1.00000       1.00000       1.00000       1.00000       1.00000       1.00000       1.00000  -241546.9399312397   1673.65135   -2
299      4.50e-06      9.00e-07       0.00945     -938.09743       0.20035       0.00533      25.09674       0.98651       0.98840       0.99876       0.96337       0.96711       0.95354       0.95249       0.97130       0.94867       0.92858       0.98164       0.90022       0.93768       0.93423       0.91034       0.97911       0.95050       0.99399  -198.0446585163      0.00701   -3
-- Local optimization: stuck in the same solution


---- Best joint likelihood found -198.04466 with gradient 0.00701
-- Model: B
--     eps_an        eps_cont      theta_bar     a        
--    4.50e-06      9.00e-07       0.00945       -1.00000  
--      S_d            b             p_b           S_b      
--   -938.09743       0.20035       0.00533      25.09674  
--     r  2          r  3          r  4          r  5          r  6          r  7          r  8          r  9          r 10          r 11          r 12          r 13          r 14          r 15          r 16          r 17          r 18          r 19     
--     0.98651       0.98840       0.99876       0.96337       0.96711       0.95354       0.95249       0.97130       0.94867       0.92858       0.98164       0.90022       0.93768       0.93423       0.91034       0.97911       0.95050       0.99399  

---- Expected P_neut(i), 0 < i < n (neutral SFS per site) 
E[P_neut(1)] = 0.009453
E[P_neut(2)] = 0.004663
E[P_neut(3)] = 0.003114
E[P_neut(4)] = 0.002360
E[P_neut(5)] = 0.001821
E[P_neut(6)] = 0.001524
E[P_neut(7)] = 0.001288
E[P_neut(8)] = 0.001125
E[P_neut(9)] = 0.001020
E[P_neut(10)] = 0.000897
E[P_neut(11)] = 0.000798
E[P_neut(12)] = 0.000773
E[P_neut(13)] = 0.000655
E[P_neut(14)] = 0.000633
E[P_neut(15)] = 0.000589
E[P_neut(16)] = 0.000538
E[P_neut(17)] = 0.000544
E[P_neut(18)] = 0.000499
E[P_neut(19)] = 0.000495

---- Expected P_sel(i), 0 < i < n (selected SFS per site) 
E[P_sel(1)] = 0.003758
E[P_sel(2)] = 0.001521
E[P_sel(3)] = 0.000927
E[P_sel(4)] = 0.000663
E[P_sel(5)] = 0.000491
E[P_sel(6)] = 0.000398
E[P_sel(7)] = 0.000328
E[P_sel(8)] = 0.000281
E[P_sel(9)] = 0.000251
E[P_sel(10)] = 0.000217
E[P_sel(11)] = 0.000191
E[P_sel(12)] = 0.000184
E[P_sel(13)] = 0.000155
E[P_sel(14)] = 0.000150
E[P_sel(15)] = 0.000140
E[P_sel(16)] = 0.000129
E[P_sel(17)] = 0.000133
E[P_sel(18)] = 0.000126
E[P_sel(19)] = 0.000133

---- Expected neutral and selected misattributed polymorphism per site
E[mis_neut] = 0.000473
E[mis_sel] = 0.000139

---- alpha_div = 0.308277
---- alpha_dfe = 0.395305



