---- Performing inference on Ns10_pa_0.005_boots/Ns10_pa_0.005.49.polyDFE.txt using model B

---- Warning: mutation variability is not used when only one neutral and one selected fragment is available.
---- No mutation variability. Using Poisson likelihood.

---- Using provided initial values


-- Starting local optimization
 it       eps_an        lambda        theta_bar      S_d            b             r  2          r  3          r  4          r  5          r  6          r  7          r  8          r  9          r 10          r 11          r 12          r 13          r 14          r 15          r 16          r 17          r 18          r 19          r 20         ln lk             grad     status
  0      4.50e-06       0.00500       0.00100     -400.00000       0.40000       1.00000       1.00000       1.00000       1.00000       1.00000       1.00000       1.00000       1.00000       1.00000       1.00000       1.00000       1.00000       1.00000       1.00000       1.00000       1.00000       1.00000       1.00000       1.00000  -258785.4497337554   1885.45207   -2
743      4.47e-06       0.00012       0.00951    -5032.68734       0.14166       0.97405       0.95349       0.96633       0.90981       0.94012       0.91189       0.91385       0.89937       0.90075       0.86240       0.87403       0.88417       0.88216       0.93137       0.88631       0.92423       0.93205       1.00848      12.00855  -358.4022932849      0.01633   -6
-- Local optimization: reached maximum running time allowed


---- Best joint likelihood found -358.40229 with gradient 0.01633
-- Model: B
--     eps_an        eps_cont      lambda        theta_bar     a        
--    4.47e-06      0.00e+00       0.00012       0.00951       -1.00000  
--      S_d            b             p_b           S_b      
--  -5032.68734       0.14166      0.00e+00      0.00e+00  
--     r  2          r  3          r  4          r  5          r  6          r  7          r  8          r  9          r 10          r 11          r 12          r 13          r 14          r 15          r 16          r 17          r 18          r 19          r 20     
--     0.97405       0.95349       0.96633       0.90981       0.94012       0.91189       0.91385       0.89937       0.90075       0.86240       0.87403       0.88417       0.88216       0.93137       0.88631       0.92423       0.93205       1.00848      12.00855  

---- Expected P_neut(i), 0 < i < n (neutral SFS per site) 
E[P_neut(1)] = 0.009512
E[P_neut(2)] = 0.004633
E[P_neut(3)] = 0.003023
E[P_neut(4)] = 0.002298
E[P_neut(5)] = 0.001731
E[P_neut(6)] = 0.001490
E[P_neut(7)] = 0.001239
E[P_neut(8)] = 0.001087
E[P_neut(9)] = 0.000951
E[P_neut(10)] = 0.000857
E[P_neut(11)] = 0.000746
E[P_neut(12)] = 0.000693
E[P_neut(13)] = 0.000647
E[P_neut(14)] = 0.000599
E[P_neut(15)] = 0.000591
E[P_neut(16)] = 0.000527
E[P_neut(17)] = 0.000517
E[P_neut(18)] = 0.000493
E[P_neut(19)] = 0.000505

---- Expected P_sel(i), 0 < i < n (selected SFS per site) 
E[P_sel(1)] = 0.003690
E[P_sel(2)] = 0.001559
E[P_sel(3)] = 0.000953
E[P_sel(4)] = 0.000694
E[P_sel(5)] = 0.000507
E[P_sel(6)] = 0.000426
E[P_sel(7)] = 0.000347
E[P_sel(8)] = 0.000300
E[P_sel(9)] = 0.000258
E[P_sel(10)] = 0.000230
E[P_sel(11)] = 0.000198
E[P_sel(12)] = 0.000182
E[P_sel(13)] = 0.000168
E[P_sel(14)] = 0.000154
E[P_sel(15)] = 0.000151
E[P_sel(16)] = 0.000134
E[P_sel(17)] = 0.000130
E[P_sel(18)] = 0.000123
E[P_sel(19)] = 0.000125

---- Expected D_neut and D_sel (neutral and selected divergence per site) 
E[D_neut] = 0.005827
E[D_sel] = 0.001439

---- Expected neutral and selected misattributed polymorphism per site
E[mis_neut] = 0.005711
E[mis_sel] = 0.001410

---- alpha_div = 1.446936
---- alpha_dfe = 0.000000



