---- Performing inference on Ns10_pa_0.005_boots/Ns10_pa_0.005.0.polyDFE.txt using model B

---- Warning: mutation variability is not used when only one neutral and one selected fragment is available.
---- No mutation variability. Using Poisson likelihood.

---- Using provided initial values


-- Starting local optimization
 it       eps_an        eps_cont      lambda        theta_bar      S_d            b             p_b           S_b           r  2          r  3          r  4          r  5          r  6          r  7          r  8          r  9          r 10          r 11          r 12          r 13          r 14          r 15          r 16          r 17          r 18          r 19          r 20         ln lk             grad     status
  0      4.50e-06      9.00e-07       0.00500       0.00100     -400.00000       0.40000       0.02000       4.00000       1.00000       1.00000       1.00000       1.00000       1.00000       1.00000       1.00000       1.00000       1.00000       1.00000       1.00000       1.00000       1.00000       1.00000       1.00000       1.00000       1.00000       1.00000       1.00000  -244191.2642513637   1709.61478   -2
183      4.50e-06      9.00e-07       0.00497       0.00943     -919.41731       0.20314       0.00658      14.60416       0.98942       1.00065       1.00247       0.97992       0.98871       0.96154       0.96250       0.96357       0.96599       0.92911       0.94305       0.93469       0.95239       0.95721       0.91135       0.96386       0.96946       1.03057       0.88796  -209.4571571063      0.02514   -3
-- Local optimization: stuck in the same solution


---- Best joint likelihood found -209.45716 with gradient 0.02514
-- Model: B
--     eps_an        eps_cont      lambda        theta_bar     a        
--    4.50e-06      9.00e-07       0.00497       0.00943       -1.00000  
--      S_d            b             p_b           S_b      
--   -919.41731       0.20314       0.00658      14.60416  
--     r  2          r  3          r  4          r  5          r  6          r  7          r  8          r  9          r 10          r 11          r 12          r 13          r 14          r 15          r 16          r 17          r 18          r 19          r 20     
--     0.98942       1.00065       1.00247       0.97992       0.98871       0.96154       0.96250       0.96357       0.96599       0.92911       0.94305       0.93469       0.95239       0.95721       0.91135       0.96386       0.96946       1.03057       0.88796  

---- Expected P_neut(i), 0 < i < n (neutral SFS per site) 
E[P_neut(1)] = 0.009431
E[P_neut(2)] = 0.004666
E[P_neut(3)] = 0.003146
E[P_neut(4)] = 0.002364
E[P_neut(5)] = 0.001848
E[P_neut(6)] = 0.001554
E[P_neut(7)] = 0.001295
E[P_neut(8)] = 0.001135
E[P_neut(9)] = 0.001010
E[P_neut(10)] = 0.000911
E[P_neut(11)] = 0.000797
E[P_neut(12)] = 0.000741
E[P_neut(13)] = 0.000678
E[P_neut(14)] = 0.000642
E[P_neut(15)] = 0.000602
E[P_neut(16)] = 0.000537
E[P_neut(17)] = 0.000535
E[P_neut(18)] = 0.000508
E[P_neut(19)] = 0.000512

---- Expected P_sel(i), 0 < i < n (selected SFS per site) 
E[P_sel(1)] = 0.003735
E[P_sel(2)] = 0.001514
E[P_sel(3)] = 0.000931
E[P_sel(4)] = 0.000660
E[P_sel(5)] = 0.000495
E[P_sel(6)] = 0.000404
E[P_sel(7)] = 0.000328
E[P_sel(8)] = 0.000282
E[P_sel(9)] = 0.000247
E[P_sel(10)] = 0.000220
E[P_sel(11)] = 0.000190
E[P_sel(12)] = 0.000176
E[P_sel(13)] = 0.000161
E[P_sel(14)] = 0.000152
E[P_sel(15)] = 0.000143
E[P_sel(16)] = 0.000129
E[P_sel(17)] = 0.000131
E[P_sel(18)] = 0.000127
E[P_sel(19)] = 0.000133

---- Expected D_neut and D_sel (neutral and selected divergence per site) 
E[D_neut] = 0.005388
E[D_sel] = 0.001593

---- Expected neutral and selected misattributed polymorphism per site
E[mis_neut] = 0.000419
E[mis_sel] = 0.000115

---- alpha_div = 0.322830
---- alpha_dfe = 0.323264



