---- Performing inference on Ns10_pa_0.005_boots/Ns10_pa_0.005.44.polyDFE.txt using model B

---- Warning: mutation variability is not used when only one neutral and one selected fragment is available.
---- No mutation variability. Using Poisson likelihood.

---- Using provided initial values


-- Starting local optimization
 it       eps_an        theta_bar      S_d            b             r  2          r  3          r  4          r  5          r  6          r  7          r  8          r  9          r 10          r 11          r 12          r 13          r 14          r 15          r 16          r 17          r 18          r 19         ln lk             grad     status
  0      4.50e-06       0.00100     -400.00000       0.40000       1.00000       1.00000       1.00000       1.00000       1.00000       1.00000       1.00000       1.00000       1.00000       1.00000       1.00000       1.00000       1.00000       1.00000       1.00000       1.00000       1.00000       1.00000  -252122.1227040694   1773.83051   -2
181      4.50e-06       0.00944    -1996.93079       0.16828       0.98235       0.99408       0.97058       0.95828       0.97515       0.92209       0.92509       0.96942       0.98453       0.92107       0.92777       0.92541       0.93644       0.91793       0.94268       1.05088       0.95694       1.00980  -204.2838685542      0.00388   -3
-- Local optimization: stuck in the same solution


---- Best joint likelihood found -204.28387 with gradient 0.00388
-- Model: B
--     eps_an        eps_cont      theta_bar     a        
--    4.50e-06      0.00e+00       0.00944       -1.00000  
--      S_d            b             p_b           S_b      
--  -1996.93079       0.16828      0.00e+00      0.00e+00  
--     r  2          r  3          r  4          r  5          r  6          r  7          r  8          r  9          r 10          r 11          r 12          r 13          r 14          r 15          r 16          r 17          r 18          r 19     
--     0.98235       0.99408       0.97058       0.95828       0.97515       0.92209       0.92509       0.96942       0.98453       0.92107       0.92777       0.92541       0.93644       0.91793       0.94268       1.05088       0.95694       1.00980  

---- Expected P_neut(i), 0 < i < n (neutral SFS per site) 
E[P_neut(1)] = 0.009438
E[P_neut(2)] = 0.004636
E[P_neut(3)] = 0.003127
E[P_neut(4)] = 0.002290
E[P_neut(5)] = 0.001809
E[P_neut(6)] = 0.001534
E[P_neut(7)] = 0.001243
E[P_neut(8)] = 0.001091
E[P_neut(9)] = 0.001017
E[P_neut(10)] = 0.000929
E[P_neut(11)] = 0.000790
E[P_neut(12)] = 0.000730
E[P_neut(13)] = 0.000672
E[P_neut(14)] = 0.000631
E[P_neut(15)] = 0.000578
E[P_neut(16)] = 0.000556
E[P_neut(17)] = 0.000583
E[P_neut(18)] = 0.000502
E[P_neut(19)] = 0.000502

---- Expected P_sel(i), 0 < i < n (selected SFS per site) 
E[P_sel(1)] = 0.003691
E[P_sel(2)] = 0.001530
E[P_sel(3)] = 0.000954
E[P_sel(4)] = 0.000664
E[P_sel(5)] = 0.000506
E[P_sel(6)] = 0.000417
E[P_sel(7)] = 0.000330
E[P_sel(8)] = 0.000284
E[P_sel(9)] = 0.000260
E[P_sel(10)] = 0.000234
E[P_sel(11)] = 0.000196
E[P_sel(12)] = 0.000179
E[P_sel(13)] = 0.000163
E[P_sel(14)] = 0.000151
E[P_sel(15)] = 0.000137
E[P_sel(16)] = 0.000131
E[P_sel(17)] = 0.000136
E[P_sel(18)] = 0.000116
E[P_sel(19)] = 0.000115

---- Expected neutral and selected misattributed polymorphism per site
E[mis_neut] = 0.000472
E[mis_sel] = 0.000108

---- alpha_div = 0.276197
---- alpha_dfe = 0.000000



