---- Performing inference on Ns10_pa_0.005_boots/Ns10_pa_0.005.77.polyDFE.txt using model B

---- Warning: mutation variability is not used when only one neutral and one selected fragment is available.
---- No mutation variability. Using Poisson likelihood.

---- Using provided initial values


-- Starting local optimization
 it       eps_an        eps_cont      theta_bar      S_d            b             p_b           S_b           r  2          r  3          r  4          r  5          r  6          r  7          r  8          r  9          r 10          r 11          r 12          r 13          r 14          r 15          r 16          r 17          r 18          r 19         ln lk             grad     status
  0      4.50e-06      9.00e-07       0.00100     -400.00000       0.40000       0.02000       4.00000       1.00000       1.00000       1.00000       1.00000       1.00000       1.00000       1.00000       1.00000       1.00000       1.00000       1.00000       1.00000       1.00000       1.00000       1.00000       1.00000       1.00000       1.00000  -242375.0759922123   1677.70558   -2
247      4.52e-06      9.00e-07       0.00956    -1284.51008       0.18671       0.00328      37.42823       0.97776       0.98657       0.98541       0.96126       0.94331       0.93041       0.92760       0.93937       0.94180       0.92469       0.94019       0.90627       0.92028       0.93646       0.95455       0.94208       0.91057       0.98789  -188.3979571273      0.06379   -3
-- Local optimization: stuck in the same solution


---- Best joint likelihood found -188.39796 with gradient 0.06379
-- Model: B
--     eps_an        eps_cont      theta_bar     a        
--    4.52e-06      9.00e-07       0.00956       -1.00000  
--      S_d            b             p_b           S_b      
--  -1284.51008       0.18671       0.00328      37.42823  
--     r  2          r  3          r  4          r  5          r  6          r  7          r  8          r  9          r 10          r 11          r 12          r 13          r 14          r 15          r 16          r 17          r 18          r 19     
--     0.97776       0.98657       0.98541       0.96126       0.94331       0.93041       0.92760       0.93937       0.94180       0.92469       0.94019       0.90627       0.92028       0.93646       0.95455       0.94208       0.91057       0.98789  

---- Expected P_neut(i), 0 < i < n (neutral SFS per site) 
E[P_neut(1)] = 0.009556
E[P_neut(2)] = 0.004672
E[P_neut(3)] = 0.003143
E[P_neut(4)] = 0.002354
E[P_neut(5)] = 0.001837
E[P_neut(6)] = 0.001502
E[P_neut(7)] = 0.001270
E[P_neut(8)] = 0.001108
E[P_neut(9)] = 0.000997
E[P_neut(10)] = 0.000900
E[P_neut(11)] = 0.000803
E[P_neut(12)] = 0.000749
E[P_neut(13)] = 0.000666
E[P_neut(14)] = 0.000628
E[P_neut(15)] = 0.000597
E[P_neut(16)] = 0.000570
E[P_neut(17)] = 0.000530
E[P_neut(18)] = 0.000483
E[P_neut(19)] = 0.000497

---- Expected P_sel(i), 0 < i < n (selected SFS per site) 
E[P_sel(1)] = 0.003755
E[P_sel(2)] = 0.001524
E[P_sel(3)] = 0.000941
E[P_sel(4)] = 0.000667
E[P_sel(5)] = 0.000501
E[P_sel(6)] = 0.000397
E[P_sel(7)] = 0.000328
E[P_sel(8)] = 0.000280
E[P_sel(9)] = 0.000248
E[P_sel(10)] = 0.000221
E[P_sel(11)] = 0.000195
E[P_sel(12)] = 0.000180
E[P_sel(13)] = 0.000159
E[P_sel(14)] = 0.000149
E[P_sel(15)] = 0.000141
E[P_sel(16)] = 0.000136
E[P_sel(17)] = 0.000127
E[P_sel(18)] = 0.000119
E[P_sel(19)] = 0.000129

---- Expected neutral and selected misattributed polymorphism per site
E[mis_neut] = 0.000478
E[mis_sel] = 0.000136

---- alpha_div = 0.289771
---- alpha_dfe = 0.365770



