---- Performing inference on Ns10_pa_0.005_boots/Ns10_pa_0.005.84.polyDFE.txt using model B

---- Warning: mutation variability is not used when only one neutral and one selected fragment is available.
---- No mutation variability. Using Poisson likelihood.

---- Using provided initial values


-- Starting local optimization
 it       eps_an        theta_bar      S_d            b             r  2          r  3          r  4          r  5          r  6          r  7          r  8          r  9          r 10          r 11          r 12          r 13          r 14          r 15          r 16          r 17          r 18          r 19         ln lk             grad     status
  0      4.50e-06       0.00100     -400.00000       0.40000       1.00000       1.00000       1.00000       1.00000       1.00000       1.00000       1.00000       1.00000       1.00000       1.00000       1.00000       1.00000       1.00000       1.00000       1.00000       1.00000       1.00000       1.00000  -250896.7726137763   1763.44457   -2
 98      4.50e-06       0.00956    -1610.15133       0.17728       0.97378       0.98373       0.98230       0.92716       0.95879       0.91872       0.91322       0.93500       0.91892       0.90139       0.93485       0.89567       0.91240       0.95161       0.90970       1.02345       0.99951       1.06929  -227.8393719074      0.00280   -3
-- Local optimization: stuck in the same solution


---- Best joint likelihood found -227.83937 with gradient 0.00280
-- Model: B
--     eps_an        eps_cont      theta_bar     a        
--    4.50e-06      0.00e+00       0.00956       -1.00000  
--      S_d            b             p_b           S_b      
--  -1610.15133       0.17728      0.00e+00      0.00e+00  
--     r  2          r  3          r  4          r  5          r  6          r  7          r  8          r  9          r 10          r 11          r 12          r 13          r 14          r 15          r 16          r 17          r 18          r 19     
--     0.97378       0.98373       0.98230       0.92716       0.95879       0.91872       0.91322       0.93500       0.91892       0.90139       0.93485       0.89567       0.91240       0.95161       0.90970       1.02345       0.99951       1.06929  

---- Expected P_neut(i), 0 < i < n (neutral SFS per site) 
E[P_neut(1)] = 0.009555
E[P_neut(2)] = 0.004652
E[P_neut(3)] = 0.003133
E[P_neut(4)] = 0.002346
E[P_neut(5)] = 0.001772
E[P_neut(6)] = 0.001527
E[P_neut(7)] = 0.001254
E[P_neut(8)] = 0.001091
E[P_neut(9)] = 0.000993
E[P_neut(10)] = 0.000878
E[P_neut(11)] = 0.000783
E[P_neut(12)] = 0.000744
E[P_neut(13)] = 0.000658
E[P_neut(14)] = 0.000623
E[P_neut(15)] = 0.000606
E[P_neut(16)] = 0.000543
E[P_neut(17)] = 0.000575
E[P_neut(18)] = 0.000531
E[P_neut(19)] = 0.000538

---- Expected P_sel(i), 0 < i < n (selected SFS per site) 
E[P_sel(1)] = 0.003727
E[P_sel(2)] = 0.001518
E[P_sel(3)] = 0.000940
E[P_sel(4)] = 0.000668
E[P_sel(5)] = 0.000485
E[P_sel(6)] = 0.000406
E[P_sel(7)] = 0.000325
E[P_sel(8)] = 0.000277
E[P_sel(9)] = 0.000247
E[P_sel(10)] = 0.000215
E[P_sel(11)] = 0.000189
E[P_sel(12)] = 0.000177
E[P_sel(13)] = 0.000155
E[P_sel(14)] = 0.000145
E[P_sel(15)] = 0.000140
E[P_sel(16)] = 0.000124
E[P_sel(17)] = 0.000130
E[P_sel(18)] = 0.000119
E[P_sel(19)] = 0.000120

---- Expected neutral and selected misattributed polymorphism per site
E[mis_neut] = 0.000478
E[mis_sel] = 0.000106

---- alpha_div = 0.271689
---- alpha_dfe = 0.000000



