---- Performing inference on Ns10_pa_0.005_boots/Ns10_pa_0.005.42.polyDFE.txt using model B

---- Warning: mutation variability is not used when only one neutral and one selected fragment is available.
---- No mutation variability. Using Poisson likelihood.

---- Using provided initial values


-- Starting local optimization
 it       eps_an        eps_cont      lambda        theta_bar      S_d            b             p_b           S_b           r  2          r  3          r  4          r  5          r  6          r  7          r  8          r  9          r 10          r 11          r 12          r 13          r 14          r 15          r 16          r 17          r 18          r 19          r 20         ln lk             grad     status
  0      4.50e-06      9.00e-07       0.00500       0.00100     -400.00000       0.40000       0.02000       4.00000       1.00000       1.00000       1.00000       1.00000       1.00000       1.00000       1.00000       1.00000       1.00000       1.00000       1.00000       1.00000       1.00000       1.00000       1.00000       1.00000       1.00000       1.00000       1.00000  -240812.1556443085   1696.03066   -2
236      4.50e-06      9.00e-07       0.00503       0.00932     -876.58850       0.20360       0.00710      13.93887       0.99223       0.99252       0.99718       0.96732       0.98144       0.96727       0.95770       0.95752       0.96787       0.93826       0.93402       0.92541       0.91376       0.97648       0.93566       0.95897       0.96328       0.99809       0.98504  -212.0306367896      0.00362   -3
-- Local optimization: stuck in the same solution


---- Best joint likelihood found -212.03064 with gradient 0.00362
-- Model: B
--     eps_an        eps_cont      lambda        theta_bar     a        
--    4.50e-06      9.00e-07       0.00503       0.00932       -1.00000  
--      S_d            b             p_b           S_b      
--   -876.58850       0.20360       0.00710      13.93887  
--     r  2          r  3          r  4          r  5          r  6          r  7          r  8          r  9          r 10          r 11          r 12          r 13          r 14          r 15          r 16          r 17          r 18          r 19          r 20     
--     0.99223       0.99252       0.99718       0.96732       0.98144       0.96727       0.95770       0.95752       0.96787       0.93826       0.93402       0.92541       0.91376       0.97648       0.93566       0.95897       0.96328       0.99809       0.98504  

---- Expected P_neut(i), 0 < i < n (neutral SFS per site) 
E[P_neut(1)] = 0.009319
E[P_neut(2)] = 0.004624
E[P_neut(3)] = 0.003083
E[P_neut(4)] = 0.002323
E[P_neut(5)] = 0.001803
E[P_neut(6)] = 0.001524
E[P_neut(7)] = 0.001288
E[P_neut(8)] = 0.001116
E[P_neut(9)] = 0.000992
E[P_neut(10)] = 0.000902
E[P_neut(11)] = 0.000795
E[P_neut(12)] = 0.000725
E[P_neut(13)] = 0.000663
E[P_neut(14)] = 0.000608
E[P_neut(15)] = 0.000607
E[P_neut(16)] = 0.000545
E[P_neut(17)] = 0.000526
E[P_neut(18)] = 0.000499
E[P_neut(19)] = 0.000490

---- Expected P_sel(i), 0 < i < n (selected SFS per site) 
E[P_sel(1)] = 0.003722
E[P_sel(2)] = 0.001513
E[P_sel(3)] = 0.000920
E[P_sel(4)] = 0.000655
E[P_sel(5)] = 0.000488
E[P_sel(6)] = 0.000400
E[P_sel(7)] = 0.000329
E[P_sel(8)] = 0.000280
E[P_sel(9)] = 0.000245
E[P_sel(10)] = 0.000220
E[P_sel(11)] = 0.000192
E[P_sel(12)] = 0.000174
E[P_sel(13)] = 0.000159
E[P_sel(14)] = 0.000146
E[P_sel(15)] = 0.000146
E[P_sel(16)] = 0.000133
E[P_sel(17)] = 0.000130
E[P_sel(18)] = 0.000127
E[P_sel(19)] = 0.000130

---- Expected D_neut and D_sel (neutral and selected divergence per site) 
E[D_neut] = 0.005487
E[D_sel] = 0.001644

---- Expected neutral and selected misattributed polymorphism per site
E[mis_neut] = 0.000459
E[mis_sel] = 0.000128

---- alpha_div = 0.326749
---- alpha_dfe = 0.328443



