---- Performing inference on Ns10_pa_0.005_boots/Ns10_pa_0.005.69.polyDFE.txt using model B

---- Warning: mutation variability is not used when only one neutral and one selected fragment is available.
---- No mutation variability. Using Poisson likelihood.

---- Using provided initial values


-- Starting local optimization
 it       eps_an        eps_cont      theta_bar      S_d            b             p_b           S_b           r  2          r  3          r  4          r  5          r  6          r  7          r  8          r  9          r 10          r 11          r 12          r 13          r 14          r 15          r 16          r 17          r 18          r 19         ln lk             grad     status
  0      4.50e-06      9.00e-07       0.00100     -400.00000       0.40000       0.02000       4.00000       1.00000       1.00000       1.00000       1.00000       1.00000       1.00000       1.00000       1.00000       1.00000       1.00000       1.00000       1.00000       1.00000       1.00000       1.00000       1.00000       1.00000       1.00000  -243088.4651172295   1680.85441   -2
234      4.50e-06      9.00e-07       0.00949     -911.91847       0.20718       0.01235       5.76213       0.99192       0.99969       0.98053       0.97252       0.96893       0.95195       0.95254       0.97695       0.95794       0.92633       0.94852       0.94568       0.91299       0.96605       0.92553       0.96451       0.96995       1.00270  -193.7319292589      0.03310   -3
-- Local optimization: stuck in the same solution


---- Best joint likelihood found -193.73193 with gradient 0.03310
-- Model: B
--     eps_an        eps_cont      theta_bar     a        
--    4.50e-06      9.00e-07       0.00949       -1.00000  
--      S_d            b             p_b           S_b      
--   -911.91847       0.20718       0.01235       5.76213  
--     r  2          r  3          r  4          r  5          r  6          r  7          r  8          r  9          r 10          r 11          r 12          r 13          r 14          r 15          r 16          r 17          r 18          r 19     
--     0.99192       0.99969       0.98053       0.97252       0.96893       0.95195       0.95254       0.97695       0.95794       0.92633       0.94852       0.94568       0.91299       0.96605       0.92553       0.96451       0.96995       1.00270  

---- Expected P_neut(i), 0 < i < n (neutral SFS per site) 
E[P_neut(1)] = 0.009486
E[P_neut(2)] = 0.004705
E[P_neut(3)] = 0.003161
E[P_neut(4)] = 0.002325
E[P_neut(5)] = 0.001845
E[P_neut(6)] = 0.001532
E[P_neut(7)] = 0.001290
E[P_neut(8)] = 0.001130
E[P_neut(9)] = 0.001030
E[P_neut(10)] = 0.000909
E[P_neut(11)] = 0.000799
E[P_neut(12)] = 0.000750
E[P_neut(13)] = 0.000690
E[P_neut(14)] = 0.000619
E[P_neut(15)] = 0.000611
E[P_neut(16)] = 0.000549
E[P_neut(17)] = 0.000538
E[P_neut(18)] = 0.000511
E[P_neut(19)] = 0.000501

---- Expected P_sel(i), 0 < i < n (selected SFS per site) 
E[P_sel(1)] = 0.003747
E[P_sel(2)] = 0.001523
E[P_sel(3)] = 0.000934
E[P_sel(4)] = 0.000650
E[P_sel(5)] = 0.000496
E[P_sel(6)] = 0.000400
E[P_sel(7)] = 0.000329
E[P_sel(8)] = 0.000283
E[P_sel(9)] = 0.000255
E[P_sel(10)] = 0.000222
E[P_sel(11)] = 0.000194
E[P_sel(12)] = 0.000181
E[P_sel(13)] = 0.000167
E[P_sel(14)] = 0.000150
E[P_sel(15)] = 0.000148
E[P_sel(16)] = 0.000134
E[P_sel(17)] = 0.000133
E[P_sel(18)] = 0.000128
E[P_sel(19)] = 0.000127

---- Expected neutral and selected misattributed polymorphism per site
E[mis_neut] = 0.000474
E[mis_sel] = 0.000123

---- alpha_div = 0.340366
---- alpha_dfe = 0.268066



