---- Performing inference on Ns10_pa_0.005_boots/Ns10_pa_0.005.35.polyDFE.txt using model B

---- Warning: mutation variability is not used when only one neutral and one selected fragment is available.
---- No mutation variability. Using Poisson likelihood.

---- Using provided initial values


-- Starting local optimization
 it       eps_an        theta_bar      S_d            b             r  2          r  3          r  4          r  5          r  6          r  7          r  8          r  9          r 10          r 11          r 12          r 13          r 14          r 15          r 16          r 17          r 18          r 19         ln lk             grad     status
  0      4.50e-06       0.00100     -400.00000       0.40000       1.00000       1.00000       1.00000       1.00000       1.00000       1.00000       1.00000       1.00000       1.00000       1.00000       1.00000       1.00000       1.00000       1.00000       1.00000       1.00000       1.00000       1.00000  -253843.4079183016   1779.08802   -2
147      4.50e-06       0.00970    -1886.19306       0.17106       0.95841       0.94732       0.95213       0.93634       0.94653       0.92346       0.89944       0.92093       0.89588       0.88508       0.92462       0.90460       0.91816       0.92901       0.94459       0.96162       0.94674       1.01310  -217.0208521345      0.00046   -3
-- Local optimization: stuck in the same solution


---- Best joint likelihood found -217.02085 with gradient 0.00046
-- Model: B
--     eps_an        eps_cont      theta_bar     a        
--    4.50e-06      0.00e+00       0.00970       -1.00000  
--      S_d            b             p_b           S_b      
--  -1886.19306       0.17106      0.00e+00      0.00e+00  
--     r  2          r  3          r  4          r  5          r  6          r  7          r  8          r  9          r 10          r 11          r 12          r 13          r 14          r 15          r 16          r 17          r 18          r 19     
--     0.95841       0.94732       0.95213       0.93634       0.94653       0.92346       0.89944       0.92093       0.89588       0.88508       0.92462       0.90460       0.91816       0.92901       0.94459       0.96162       0.94674       1.01310  

---- Expected P_neut(i), 0 < i < n (neutral SFS per site) 
E[P_neut(1)] = 0.009702
E[P_neut(2)] = 0.004649
E[P_neut(3)] = 0.003064
E[P_neut(4)] = 0.002309
E[P_neut(5)] = 0.001817
E[P_neut(6)] = 0.001531
E[P_neut(7)] = 0.001280
E[P_neut(8)] = 0.001091
E[P_neut(9)] = 0.000993
E[P_neut(10)] = 0.000869
E[P_neut(11)] = 0.000781
E[P_neut(12)] = 0.000748
E[P_neut(13)] = 0.000675
E[P_neut(14)] = 0.000636
E[P_neut(15)] = 0.000601
E[P_neut(16)] = 0.000573
E[P_neut(17)] = 0.000549
E[P_neut(18)] = 0.000510
E[P_neut(19)] = 0.000517

---- Expected P_sel(i), 0 < i < n (selected SFS per site) 
E[P_sel(1)] = 0.003784
E[P_sel(2)] = 0.001526
E[P_sel(3)] = 0.000928
E[P_sel(4)] = 0.000665
E[P_sel(5)] = 0.000504
E[P_sel(6)] = 0.000412
E[P_sel(7)] = 0.000336
E[P_sel(8)] = 0.000281
E[P_sel(9)] = 0.000251
E[P_sel(10)] = 0.000217
E[P_sel(11)] = 0.000192
E[P_sel(12)] = 0.000181
E[P_sel(13)] = 0.000162
E[P_sel(14)] = 0.000151
E[P_sel(15)] = 0.000141
E[P_sel(16)] = 0.000133
E[P_sel(17)] = 0.000127
E[P_sel(18)] = 0.000117
E[P_sel(19)] = 0.000118

---- Expected neutral and selected misattributed polymorphism per site
E[mis_neut] = 0.000485
E[mis_sel] = 0.000109

---- alpha_div = 0.259358
---- alpha_dfe = 0.000000



