---- Performing inference on Ns10_pa_0.005_boots/Ns10_pa_0.005.79.polyDFE.txt using model B

---- Warning: mutation variability is not used when only one neutral and one selected fragment is available.
---- No mutation variability. Using Poisson likelihood.

---- Using provided initial values


-- Starting local optimization
 it       eps_an        eps_cont      lambda        theta_bar      S_d            b             p_b           S_b           r  2          r  3          r  4          r  5          r  6          r  7          r  8          r  9          r 10          r 11          r 12          r 13          r 14          r 15          r 16          r 17          r 18          r 19          r 20         ln lk             grad     status
  0      4.50e-06      9.00e-07       0.00500       0.00100     -400.00000       0.40000       0.02000       4.00000       1.00000       1.00000       1.00000       1.00000       1.00000       1.00000       1.00000       1.00000       1.00000       1.00000       1.00000       1.00000       1.00000       1.00000       1.00000       1.00000       1.00000       1.00000       1.00000  -246316.4283299971   1721.80599   -2
298      4.50e-06      9.00e-07       0.00498       0.00948    -1027.46767       0.19646       0.00678      13.42707       0.98566       0.98767       1.00433       0.96624       0.96743       0.94073       0.95263       0.97668       0.94864       0.94628       0.94536       0.91201       0.94165       0.96126       0.92709       0.92170       0.95710       0.99923       0.98001  -208.5373834024      0.00280   -3
-- Local optimization: stuck in the same solution


---- Best joint likelihood found -208.53738 with gradient 0.00280
-- Model: B
--     eps_an        eps_cont      lambda        theta_bar     a        
--    4.50e-06      9.00e-07       0.00498       0.00948       -1.00000  
--      S_d            b             p_b           S_b      
--  -1027.46767       0.19646       0.00678      13.42707  
--     r  2          r  3          r  4          r  5          r  6          r  7          r  8          r  9          r 10          r 11          r 12          r 13          r 14          r 15          r 16          r 17          r 18          r 19          r 20     
--     0.98566       0.98767       1.00433       0.96624       0.96743       0.94073       0.95263       0.97668       0.94864       0.94628       0.94536       0.91201       0.94165       0.96126       0.92709       0.92170       0.95710       0.99923       0.98001  

---- Expected P_neut(i), 0 < i < n (neutral SFS per site) 
E[P_neut(1)] = 0.009480
E[P_neut(2)] = 0.004672
E[P_neut(3)] = 0.003121
E[P_neut(4)] = 0.002380
E[P_neut(5)] = 0.001832
E[P_neut(6)] = 0.001528
E[P_neut(7)] = 0.001274
E[P_neut(8)] = 0.001129
E[P_neut(9)] = 0.001029
E[P_neut(10)] = 0.000899
E[P_neut(11)] = 0.000815
E[P_neut(12)] = 0.000747
E[P_neut(13)] = 0.000665
E[P_neut(14)] = 0.000638
E[P_neut(15)] = 0.000607
E[P_neut(16)] = 0.000549
E[P_neut(17)] = 0.000514
E[P_neut(18)] = 0.000504
E[P_neut(19)] = 0.000499

---- Expected P_sel(i), 0 < i < n (selected SFS per site) 
E[P_sel(1)] = 0.003765
E[P_sel(2)] = 0.001530
E[P_sel(3)] = 0.000935
E[P_sel(4)] = 0.000674
E[P_sel(5)] = 0.000499
E[P_sel(6)] = 0.000404
E[P_sel(7)] = 0.000329
E[P_sel(8)] = 0.000286
E[P_sel(9)] = 0.000257
E[P_sel(10)] = 0.000222
E[P_sel(11)] = 0.000199
E[P_sel(12)] = 0.000181
E[P_sel(13)] = 0.000161
E[P_sel(14)] = 0.000154
E[P_sel(15)] = 0.000148
E[P_sel(16)] = 0.000135
E[P_sel(17)] = 0.000128
E[P_sel(18)] = 0.000129
E[P_sel(19)] = 0.000132

---- Expected D_neut and D_sel (neutral and selected divergence per site) 
E[D_neut] = 0.005446
E[D_sel] = 0.001609

---- Expected neutral and selected misattributed polymorphism per site
E[mis_neut] = 0.000465
E[mis_sel] = 0.000129

---- alpha_div = 0.305184
---- alpha_dfe = 0.306163



