---- Performing inference on Ns10_pa_0.005_boots/Ns10_pa_0.005.23.polyDFE.txt using model B

---- Warning: mutation variability is not used when only one neutral and one selected fragment is available.
---- No mutation variability. Using Poisson likelihood.

---- Using provided initial values


-- Starting local optimization
 it       eps_an        theta_bar      S_d            b             r  2          r  3          r  4          r  5          r  6          r  7          r  8          r  9          r 10          r 11          r 12          r 13          r 14          r 15          r 16          r 17          r 18          r 19         ln lk             grad     status
  0      4.50e-06       0.00100     -400.00000       0.40000       1.00000       1.00000       1.00000       1.00000       1.00000       1.00000       1.00000       1.00000       1.00000       1.00000       1.00000       1.00000       1.00000       1.00000       1.00000       1.00000       1.00000       1.00000  -253192.6388481698   1775.14707   -2
 95      4.50e-06       0.00960    -1849.32970       0.17311       0.97540       0.98073       0.98301       0.92027       0.98712       0.93169       0.92768       0.92601       0.92726       0.91181       0.93986       0.90213       0.91589       0.95625       0.93671       1.00007       0.95286       1.04623  -218.4803296865      0.01745   -3
-- Local optimization: stuck in the same solution


---- Best joint likelihood found -218.48033 with gradient 0.01745
-- Model: B
--     eps_an        eps_cont      theta_bar     a        
--    4.50e-06      0.00e+00       0.00960       -1.00000  
--      S_d            b             p_b           S_b      
--  -1849.32970       0.17311      0.00e+00      0.00e+00  
--     r  2          r  3          r  4          r  5          r  6          r  7          r  8          r  9          r 10          r 11          r 12          r 13          r 14          r 15          r 16          r 17          r 18          r 19     
--     0.97540       0.98073       0.98301       0.92027       0.98712       0.93169       0.92768       0.92601       0.92726       0.91181       0.93986       0.90213       0.91589       0.95625       0.93671       1.00007       0.95286       1.04623  

---- Expected P_neut(i), 0 < i < n (neutral SFS per site) 
E[P_neut(1)] = 0.009598
E[P_neut(2)] = 0.004681
E[P_neut(3)] = 0.003138
E[P_neut(4)] = 0.002359
E[P_neut(5)] = 0.001766
E[P_neut(6)] = 0.001579
E[P_neut(7)] = 0.001277
E[P_neut(8)] = 0.001113
E[P_neut(9)] = 0.000988
E[P_neut(10)] = 0.000890
E[P_neut(11)] = 0.000796
E[P_neut(12)] = 0.000752
E[P_neut(13)] = 0.000666
E[P_neut(14)] = 0.000628
E[P_neut(15)] = 0.000612
E[P_neut(16)] = 0.000562
E[P_neut(17)] = 0.000565
E[P_neut(18)] = 0.000508
E[P_neut(19)] = 0.000529

---- Expected P_sel(i), 0 < i < n (selected SFS per site) 
E[P_sel(1)] = 0.003722
E[P_sel(2)] = 0.001524
E[P_sel(3)] = 0.000942
E[P_sel(4)] = 0.000672
E[P_sel(5)] = 0.000485
E[P_sel(6)] = 0.000421
E[P_sel(7)] = 0.000332
E[P_sel(8)] = 0.000284
E[P_sel(9)] = 0.000247
E[P_sel(10)] = 0.000219
E[P_sel(11)] = 0.000193
E[P_sel(12)] = 0.000180
E[P_sel(13)] = 0.000158
E[P_sel(14)] = 0.000147
E[P_sel(15)] = 0.000142
E[P_sel(16)] = 0.000129
E[P_sel(17)] = 0.000129
E[P_sel(18)] = 0.000115
E[P_sel(19)] = 0.000119

---- Expected neutral and selected misattributed polymorphism per site
E[mis_neut] = 0.000480
E[mis_sel] = 0.000107

---- alpha_div = 0.295109
---- alpha_dfe = 0.000000



