---- Performing inference on Ns10_pa_0.005_boots/Ns10_pa_0.005.67.polyDFE.txt using model B

---- Warning: mutation variability is not used when only one neutral and one selected fragment is available.
---- No mutation variability. Using Poisson likelihood.

---- Using provided initial values


-- Starting local optimization
 it       eps_an        eps_cont      theta_bar      S_d            b             p_b           S_b           r  2          r  3          r  4          r  5          r  6          r  7          r  8          r  9          r 10          r 11          r 12          r 13          r 14          r 15          r 16          r 17          r 18          r 19         ln lk             grad     status
  0      4.50e-06      9.00e-07       0.00100     -400.00000       0.40000       0.02000       4.00000       1.00000       1.00000       1.00000       1.00000       1.00000       1.00000       1.00000       1.00000       1.00000       1.00000       1.00000       1.00000       1.00000       1.00000       1.00000       1.00000       1.00000       1.00000  -241014.4324268550   1670.29680   -2
463      4.50e-06      9.00e-07       0.00952     -959.13592       0.20098       0.00595      19.22308       0.98230       0.96967       0.99909       0.96061       0.98406       0.95453       0.94143       0.93490       0.95215       0.89941       0.93431       0.91122       0.93218       0.94607       0.89478       0.95492       0.96615       0.93959  -196.0259049846      0.01129   -3
-- Local optimization: stuck in the same solution


---- Best joint likelihood found -196.02590 with gradient 0.01129
-- Model: B
--     eps_an        eps_cont      theta_bar     a        
--    4.50e-06      9.00e-07       0.00952       -1.00000  
--      S_d            b             p_b           S_b      
--   -959.13592       0.20098       0.00595      19.22308  
--     r  2          r  3          r  4          r  5          r  6          r  7          r  8          r  9          r 10          r 11          r 12          r 13          r 14          r 15          r 16          r 17          r 18          r 19     
--     0.98230       0.96967       0.99909       0.96061       0.98406       0.95453       0.94143       0.93490       0.95215       0.89941       0.93431       0.91122       0.93218       0.94607       0.89478       0.95492       0.96615       0.93959  

---- Expected P_neut(i), 0 < i < n (neutral SFS per site) 
E[P_neut(1)] = 0.009518
E[P_neut(2)] = 0.004675
E[P_neut(3)] = 0.003076
E[P_neut(4)] = 0.002377
E[P_neut(5)] = 0.001829
E[P_neut(6)] = 0.001561
E[P_neut(7)] = 0.001298
E[P_neut(8)] = 0.001120
E[P_neut(9)] = 0.000989
E[P_neut(10)] = 0.000906
E[P_neut(11)] = 0.000778
E[P_neut(12)] = 0.000741
E[P_neut(13)] = 0.000667
E[P_neut(14)] = 0.000634
E[P_neut(15)] = 0.000600
E[P_neut(16)] = 0.000532
E[P_neut(17)] = 0.000535
E[P_neut(18)] = 0.000511
E[P_neut(19)] = 0.000471

---- Expected P_sel(i), 0 < i < n (selected SFS per site) 
E[P_sel(1)] = 0.003763
E[P_sel(2)] = 0.001516
E[P_sel(3)] = 0.000911
E[P_sel(4)] = 0.000664
E[P_sel(5)] = 0.000491
E[P_sel(6)] = 0.000406
E[P_sel(7)] = 0.000329
E[P_sel(8)] = 0.000279
E[P_sel(9)] = 0.000242
E[P_sel(10)] = 0.000219
E[P_sel(11)] = 0.000186
E[P_sel(12)] = 0.000176
E[P_sel(13)] = 0.000158
E[P_sel(14)] = 0.000150
E[P_sel(15)] = 0.000143
E[P_sel(16)] = 0.000128
E[P_sel(17)] = 0.000131
E[P_sel(18)] = 0.000129
E[P_sel(19)] = 0.000125

---- Expected neutral and selected misattributed polymorphism per site
E[mis_neut] = 0.000476
E[mis_sel] = 0.000136

---- alpha_div = 0.326754
---- alpha_dfe = 0.360925



