---- Performing inference on Ns10_pa_0.005_boots/Ns10_pa_0.005.94.polyDFE.txt using model B

---- Warning: mutation variability is not used when only one neutral and one selected fragment is available.
---- No mutation variability. Using Poisson likelihood.

---- Using provided initial values


-- Starting local optimization
 it       eps_an        lambda        theta_bar      S_d            b             r  2          r  3          r  4          r  5          r  6          r  7          r  8          r  9          r 10          r 11          r 12          r 13          r 14          r 15          r 16          r 17          r 18          r 19          r 20         ln lk             grad     status
  0      4.50e-06       0.00500       0.00100     -400.00000       0.40000       1.00000       1.00000       1.00000       1.00000       1.00000       1.00000       1.00000       1.00000       1.00000       1.00000       1.00000       1.00000       1.00000       1.00000       1.00000       1.00000       1.00000       1.00000       1.00000  -262177.6205561469   1904.03000   -2
769      4.52e-06       0.00013       0.00960    -6703.79509       0.13600       0.96353       0.94403       0.94716       0.92275       0.93601       0.91230       0.90366       0.90292       0.94774       0.88262       0.89885       0.88709       0.89117       0.92754       0.85211       0.96479       0.92785       0.96223      11.98140  -409.9607234197      0.09589   -6
-- Local optimization: reached maximum running time allowed


---- Best joint likelihood found -409.96072 with gradient 0.09589
-- Model: B
--     eps_an        eps_cont      lambda        theta_bar     a        
--    4.52e-06      0.00e+00       0.00013       0.00960       -1.00000  
--      S_d            b             p_b           S_b      
--  -6703.79509       0.13600      0.00e+00      0.00e+00  
--     r  2          r  3          r  4          r  5          r  6          r  7          r  8          r  9          r 10          r 11          r 12          r 13          r 14          r 15          r 16          r 17          r 18          r 19          r 20     
--     0.96353       0.94403       0.94716       0.92275       0.93601       0.91230       0.90366       0.90292       0.94774       0.88262       0.89885       0.88709       0.89117       0.92754       0.85211       0.96479       0.92785       0.96223      11.98140  

---- Expected P_neut(i), 0 < i < n (neutral SFS per site) 
E[P_neut(1)] = 0.009597
E[P_neut(2)] = 0.004623
E[P_neut(3)] = 0.003020
E[P_neut(4)] = 0.002272
E[P_neut(5)] = 0.001771
E[P_neut(6)] = 0.001497
E[P_neut(7)] = 0.001251
E[P_neut(8)] = 0.001084
E[P_neut(9)] = 0.000963
E[P_neut(10)] = 0.000910
E[P_neut(11)] = 0.000770
E[P_neut(12)] = 0.000719
E[P_neut(13)] = 0.000655
E[P_neut(14)] = 0.000611
E[P_neut(15)] = 0.000593
E[P_neut(16)] = 0.000511
E[P_neut(17)] = 0.000545
E[P_neut(18)] = 0.000495
E[P_neut(19)] = 0.000486

---- Expected P_sel(i), 0 < i < n (selected SFS per site) 
E[P_sel(1)] = 0.003697
E[P_sel(2)] = 0.001555
E[P_sel(3)] = 0.000953
E[P_sel(4)] = 0.000689
E[P_sel(5)] = 0.000521
E[P_sel(6)] = 0.000431
E[P_sel(7)] = 0.000353
E[P_sel(8)] = 0.000301
E[P_sel(9)] = 0.000264
E[P_sel(10)] = 0.000246
E[P_sel(11)] = 0.000206
E[P_sel(12)] = 0.000190
E[P_sel(13)] = 0.000172
E[P_sel(14)] = 0.000159
E[P_sel(15)] = 0.000153
E[P_sel(16)] = 0.000131
E[P_sel(17)] = 0.000139
E[P_sel(18)] = 0.000125
E[P_sel(19)] = 0.000122

---- Expected D_neut and D_sel (neutral and selected divergence per site) 
E[D_neut] = 0.005877
E[D_sel] = 0.001467

---- Expected neutral and selected misattributed polymorphism per site
E[mis_neut] = 0.005749
E[mis_sel] = 0.001436

---- alpha_div = 1.456140
---- alpha_dfe = 0.000000



