---- Performing inference on Ns10_pa_0.005_boots/Ns10_pa_0.005.93.polyDFE.txt using model B

---- Warning: mutation variability is not used when only one neutral and one selected fragment is available.
---- No mutation variability. Using Poisson likelihood.

---- Using provided initial values


-- Starting local optimization
 it       eps_an        eps_cont      theta_bar      S_d            b             p_b           S_b           r  2          r  3          r  4          r  5          r  6          r  7          r  8          r  9          r 10          r 11          r 12          r 13          r 14          r 15          r 16          r 17          r 18          r 19         ln lk             grad     status
  0      4.50e-06      9.00e-07       0.00100     -400.00000       0.40000       0.02000       4.00000       1.00000       1.00000       1.00000       1.00000       1.00000       1.00000       1.00000       1.00000       1.00000       1.00000       1.00000       1.00000       1.00000       1.00000       1.00000       1.00000       1.00000       1.00000  -240519.3460203983   1669.97567   -2
250      4.50e-06      9.00e-07       0.00944    -1043.97262       0.19724       0.00806      13.07783       0.99296       0.99214       0.99025       0.96440       0.95458       0.94016       0.95642       0.99761       0.94370       0.91739       0.94024       0.87301       0.93134       0.92242       0.87958       0.93440       0.92732       0.93955  -197.9527040105      0.00229   -3
-- Local optimization: stuck in the same solution


---- Best joint likelihood found -197.95270 with gradient 0.00229
-- Model: B
--     eps_an        eps_cont      theta_bar     a        
--    4.50e-06      9.00e-07       0.00944       -1.00000  
--      S_d            b             p_b           S_b      
--  -1043.97262       0.19724       0.00806      13.07783  
--     r  2          r  3          r  4          r  5          r  6          r  7          r  8          r  9          r 10          r 11          r 12          r 13          r 14          r 15          r 16          r 17          r 18          r 19     
--     0.99296       0.99214       0.99025       0.96440       0.95458       0.94016       0.95642       0.99761       0.94370       0.91739       0.94024       0.87301       0.93134       0.92242       0.87958       0.93440       0.92732       0.93955  

---- Expected P_neut(i), 0 < i < n (neutral SFS per site) 
E[P_neut(1)] = 0.009438
E[P_neut(2)] = 0.004686
E[P_neut(3)] = 0.003121
E[P_neut(4)] = 0.002336
E[P_neut(5)] = 0.001820
E[P_neut(6)] = 0.001502
E[P_neut(7)] = 0.001268
E[P_neut(8)] = 0.001128
E[P_neut(9)] = 0.001046
E[P_neut(10)] = 0.000891
E[P_neut(11)] = 0.000787
E[P_neut(12)] = 0.000739
E[P_neut(13)] = 0.000634
E[P_neut(14)] = 0.000628
E[P_neut(15)] = 0.000580
E[P_neut(16)] = 0.000519
E[P_neut(17)] = 0.000519
E[P_neut(18)] = 0.000486
E[P_neut(19)] = 0.000467

---- Expected P_sel(i), 0 < i < n (selected SFS per site) 
E[P_sel(1)] = 0.003734
E[P_sel(2)] = 0.001529
E[P_sel(3)] = 0.000932
E[P_sel(4)] = 0.000660
E[P_sel(5)] = 0.000495
E[P_sel(6)] = 0.000396
E[P_sel(7)] = 0.000327
E[P_sel(8)] = 0.000286
E[P_sel(9)] = 0.000261
E[P_sel(10)] = 0.000220
E[P_sel(11)] = 0.000193
E[P_sel(12)] = 0.000180
E[P_sel(13)] = 0.000154
E[P_sel(14)] = 0.000153
E[P_sel(15)] = 0.000143
E[P_sel(16)] = 0.000129
E[P_sel(17)] = 0.000132
E[P_sel(18)] = 0.000127
E[P_sel(19)] = 0.000127

---- Expected neutral and selected misattributed polymorphism per site
E[mis_neut] = 0.000472
E[mis_sel] = 0.000136

---- alpha_div = 0.329984
---- alpha_dfe = 0.340583



