---- Performing inference on Ns10_pa_0.005_boots/Ns10_pa_0.005.20.polyDFE.txt using model B

---- Warning: mutation variability is not used when only one neutral and one selected fragment is available.
---- No mutation variability. Using Poisson likelihood.

---- Using provided initial values


-- Starting local optimization
 it       eps_an        eps_cont      lambda        theta_bar      S_d            b             p_b           S_b           r  2          r  3          r  4          r  5          r  6          r  7          r  8          r  9          r 10          r 11          r 12          r 13          r 14          r 15          r 16          r 17          r 18          r 19          r 20         ln lk             grad     status
  0      4.50e-06      9.00e-07       0.00500       0.00100     -400.00000       0.40000       0.02000       4.00000       1.00000       1.00000       1.00000       1.00000       1.00000       1.00000       1.00000       1.00000       1.00000       1.00000       1.00000       1.00000       1.00000       1.00000       1.00000       1.00000       1.00000       1.00000       1.00000  -242940.7765296797   1705.50265   -2
311      4.50e-06      9.00e-07       0.00504       0.00940    -1131.51653       0.18984       0.00285      29.91751       0.99335       1.00239       1.00588       0.95896       0.96725       0.94917       0.95839       0.95627       0.93975       0.92965       0.93150       0.91922       0.89919       0.95925       0.89259       1.00437       0.94903       1.01282       0.77843  -209.1856706328      0.00637   -3
-- Local optimization: stuck in the same solution


---- Best joint likelihood found -209.18567 with gradient 0.00637
-- Model: B
--     eps_an        eps_cont      lambda        theta_bar     a        
--    4.50e-06      9.00e-07       0.00504       0.00940       -1.00000  
--      S_d            b             p_b           S_b      
--  -1131.51653       0.18984       0.00285      29.91751  
--     r  2          r  3          r  4          r  5          r  6          r  7          r  8          r  9          r 10          r 11          r 12          r 13          r 14          r 15          r 16          r 17          r 18          r 19          r 20     
--     0.99335       1.00239       1.00588       0.95896       0.96725       0.94917       0.95839       0.95627       0.93975       0.92965       0.93150       0.91922       0.89919       0.95925       0.89259       1.00437       0.94903       1.01282       0.77843  

---- Expected P_neut(i), 0 < i < n (neutral SFS per site) 
E[P_neut(1)] = 0.009397
E[P_neut(2)] = 0.004667
E[P_neut(3)] = 0.003140
E[P_neut(4)] = 0.002363
E[P_neut(5)] = 0.001802
E[P_neut(6)] = 0.001515
E[P_neut(7)] = 0.001274
E[P_neut(8)] = 0.001126
E[P_neut(9)] = 0.000998
E[P_neut(10)] = 0.000883
E[P_neut(11)] = 0.000794
E[P_neut(12)] = 0.000729
E[P_neut(13)] = 0.000664
E[P_neut(14)] = 0.000604
E[P_neut(15)] = 0.000601
E[P_neut(16)] = 0.000524
E[P_neut(17)] = 0.000555
E[P_neut(18)] = 0.000495
E[P_neut(19)] = 0.000501

---- Expected P_sel(i), 0 < i < n (selected SFS per site) 
E[P_sel(1)] = 0.003731
E[P_sel(2)] = 0.001534
E[P_sel(3)] = 0.000945
E[P_sel(4)] = 0.000673
E[P_sel(5)] = 0.000493
E[P_sel(6)] = 0.000402
E[P_sel(7)] = 0.000330
E[P_sel(8)] = 0.000285
E[P_sel(9)] = 0.000249
E[P_sel(10)] = 0.000217
E[P_sel(11)] = 0.000192
E[P_sel(12)] = 0.000175
E[P_sel(13)] = 0.000158
E[P_sel(14)] = 0.000143
E[P_sel(15)] = 0.000142
E[P_sel(16)] = 0.000124
E[P_sel(17)] = 0.000132
E[P_sel(18)] = 0.000120
E[P_sel(19)] = 0.000126

---- Expected D_neut and D_sel (neutral and selected divergence per site) 
E[D_neut] = 0.005408
E[D_sel] = 0.001601

---- Expected neutral and selected misattributed polymorphism per site
E[mis_neut] = 0.000366
E[mis_sel] = 0.000098

---- alpha_div = 0.286012
---- alpha_dfe = 0.286012



