---- Performing inference on Ns10_pa_0.005_boots/Ns10_pa_0.005.7.polyDFE.txt using model B

---- Warning: mutation variability is not used when only one neutral and one selected fragment is available.
---- No mutation variability. Using Poisson likelihood.

---- Using provided initial values


-- Starting local optimization
 it       eps_an        lambda        theta_bar      S_d            b             r  2          r  3          r  4          r  5          r  6          r  7          r  8          r  9          r 10          r 11          r 12          r 13          r 14          r 15          r 16          r 17          r 18          r 19          r 20         ln lk             grad     status
  0      4.50e-06       0.00500       0.00100     -400.00000       0.40000       1.00000       1.00000       1.00000       1.00000       1.00000       1.00000       1.00000       1.00000       1.00000       1.00000       1.00000       1.00000       1.00000       1.00000       1.00000       1.00000       1.00000       1.00000       1.00000  -259549.7545945205   1888.86801   -2
435      4.50e-06       0.00108       0.00962   -10253.69742       0.12990       0.96160       0.94999       0.95923       0.91050       0.91684       0.88080       0.89167       0.89782       0.90427       0.86982       0.90066       0.84696       0.85620       0.93374       0.86660       1.00013       0.96799       1.01302       9.85916  -373.9746790588      0.04137   -3
-- Local optimization: stuck in the same solution


---- Best joint likelihood found -373.97468 with gradient 0.04137
-- Model: B
--     eps_an        eps_cont      lambda        theta_bar     a        
--    4.50e-06      0.00e+00       0.00108       0.00962       -1.00000  
--      S_d            b             p_b           S_b      
-- -10253.69742       0.12990      0.00e+00      0.00e+00  
--     r  2          r  3          r  4          r  5          r  6          r  7          r  8          r  9          r 10          r 11          r 12          r 13          r 14          r 15          r 16          r 17          r 18          r 19          r 20     
--     0.96160       0.94999       0.95923       0.91050       0.91684       0.88080       0.89167       0.89782       0.90427       0.86982       0.90066       0.84696       0.85620       0.93374       0.86660       1.00013       0.96799       1.01302       9.85916  

---- Expected P_neut(i), 0 < i < n (neutral SFS per site) 
E[P_neut(1)] = 0.009621
E[P_neut(2)] = 0.004626
E[P_neut(3)] = 0.003047
E[P_neut(4)] = 0.002307
E[P_neut(5)] = 0.001752
E[P_neut(6)] = 0.001470
E[P_neut(7)] = 0.001211
E[P_neut(8)] = 0.001072
E[P_neut(9)] = 0.000960
E[P_neut(10)] = 0.000870
E[P_neut(11)] = 0.000761
E[P_neut(12)] = 0.000722
E[P_neut(13)] = 0.000627
E[P_neut(14)] = 0.000588
E[P_neut(15)] = 0.000599
E[P_neut(16)] = 0.000521
E[P_neut(17)] = 0.000566
E[P_neut(18)] = 0.000517
E[P_neut(19)] = 0.000513

---- Expected P_sel(i), 0 < i < n (selected SFS per site) 
E[P_sel(1)] = 0.003638
E[P_sel(2)] = 0.001536
E[P_sel(3)] = 0.000953
E[P_sel(4)] = 0.000694
E[P_sel(5)] = 0.000512
E[P_sel(6)] = 0.000421
E[P_sel(7)] = 0.000340
E[P_sel(8)] = 0.000297
E[P_sel(9)] = 0.000262
E[P_sel(10)] = 0.000235
E[P_sel(11)] = 0.000203
E[P_sel(12)] = 0.000191
E[P_sel(13)] = 0.000164
E[P_sel(14)] = 0.000153
E[P_sel(15)] = 0.000154
E[P_sel(16)] = 0.000133
E[P_sel(17)] = 0.000144
E[P_sel(18)] = 0.000131
E[P_sel(19)] = 0.000129

---- Expected D_neut and D_sel (neutral and selected divergence per site) 
E[D_neut] = 0.005826
E[D_sel] = 0.001455

---- Expected neutral and selected misattributed polymorphism per site
E[mis_neut] = 0.004743
E[mis_sel] = 0.001186

---- alpha_div = 0.614667
---- alpha_dfe = 0.000000



