---- Performing inference on Ns10_pa_0.005_boots/Ns10_pa_0.005.27.polyDFE.txt using model B

---- Warning: mutation variability is not used when only one neutral and one selected fragment is available.
---- No mutation variability. Using Poisson likelihood.

---- Using provided initial values


-- Starting local optimization
 it       eps_an        eps_cont      theta_bar      S_d            b             p_b           S_b           r  2          r  3          r  4          r  5          r  6          r  7          r  8          r  9          r 10          r 11          r 12          r 13          r 14          r 15          r 16          r 17          r 18          r 19         ln lk             grad     status
  0      4.50e-06      9.00e-07       0.00100     -400.00000       0.40000       0.02000       4.00000       1.00000       1.00000       1.00000       1.00000       1.00000       1.00000       1.00000       1.00000       1.00000       1.00000       1.00000       1.00000       1.00000       1.00000       1.00000       1.00000       1.00000       1.00000  -242014.1893748777   1675.78959   -2
137      4.50e-06      9.00e-07       0.00943     -660.40347       0.22461       0.01765       4.00628       1.00021       0.99173       0.99662       0.95942       0.98664       0.95566       0.96445       0.95987       0.96019       0.89439       0.93461       0.91150       0.91881       0.95896       0.88894       0.96786       1.00390       1.05691  -203.9133107747      0.06519   -3
-- Local optimization: stuck in the same solution


---- Best joint likelihood found -203.91331 with gradient 0.06519
-- Model: B
--     eps_an        eps_cont      theta_bar     a        
--    4.50e-06      9.00e-07       0.00943       -1.00000  
--      S_d            b             p_b           S_b      
--   -660.40347       0.22461       0.01765       4.00628  
--     r  2          r  3          r  4          r  5          r  6          r  7          r  8          r  9          r 10          r 11          r 12          r 13          r 14          r 15          r 16          r 17          r 18          r 19     
--     1.00021       0.99173       0.99662       0.95942       0.98664       0.95566       0.96445       0.95987       0.96019       0.89439       0.93461       0.91150       0.91881       0.95896       0.88894       0.96786       1.00390       1.05691  

---- Expected P_neut(i), 0 < i < n (neutral SFS per site) 
E[P_neut(1)] = 0.009429
E[P_neut(2)] = 0.004715
E[P_neut(3)] = 0.003117
E[P_neut(4)] = 0.002349
E[P_neut(5)] = 0.001809
E[P_neut(6)] = 0.001550
E[P_neut(7)] = 0.001287
E[P_neut(8)] = 0.001137
E[P_neut(9)] = 0.001006
E[P_neut(10)] = 0.000905
E[P_neut(11)] = 0.000767
E[P_neut(12)] = 0.000734
E[P_neut(13)] = 0.000661
E[P_neut(14)] = 0.000619
E[P_neut(15)] = 0.000603
E[P_neut(16)] = 0.000524
E[P_neut(17)] = 0.000537
E[P_neut(18)] = 0.000526
E[P_neut(19)] = 0.000525

---- Expected P_sel(i), 0 < i < n (selected SFS per site) 
E[P_sel(1)] = 0.003792
E[P_sel(2)] = 0.001535
E[P_sel(3)] = 0.000922
E[P_sel(4)] = 0.000655
E[P_sel(5)] = 0.000484
E[P_sel(6)] = 0.000403
E[P_sel(7)] = 0.000327
E[P_sel(8)] = 0.000283
E[P_sel(9)] = 0.000247
E[P_sel(10)] = 0.000220
E[P_sel(11)] = 0.000185
E[P_sel(12)] = 0.000177
E[P_sel(13)] = 0.000159
E[P_sel(14)] = 0.000149
E[P_sel(15)] = 0.000145
E[P_sel(16)] = 0.000127
E[P_sel(17)] = 0.000131
E[P_sel(18)] = 0.000129
E[P_sel(19)] = 0.000131

---- Expected neutral and selected misattributed polymorphism per site
E[mis_neut] = 0.000471
E[mis_sel] = 0.000119

---- alpha_div = 0.383012
---- alpha_dfe = 0.280067



