---- Performing inference on Ns10_pa_0.005_boots/Ns10_pa_0.005.81.polyDFE.txt using model B

---- Warning: mutation variability is not used when only one neutral and one selected fragment is available.
---- No mutation variability. Using Poisson likelihood.

---- Using provided initial values


-- Starting local optimization
 it       eps_an        eps_cont      theta_bar      S_d            b             p_b           S_b           r  2          r  3          r  4          r  5          r  6          r  7          r  8          r  9          r 10          r 11          r 12          r 13          r 14          r 15          r 16          r 17          r 18          r 19         ln lk             grad     status
  0      4.50e-06      9.00e-07       0.00100     -400.00000       0.40000       0.02000       4.00000       1.00000       1.00000       1.00000       1.00000       1.00000       1.00000       1.00000       1.00000       1.00000       1.00000       1.00000       1.00000       1.00000       1.00000       1.00000       1.00000       1.00000       1.00000  -241675.7573326639   1674.13752   -2
 94      4.50e-06      9.00e-07       0.00943     -740.52891       0.22192       0.02009       3.93282       0.98996       0.99989       1.02028       0.96145       0.98678       0.96271       0.94239       0.96160       0.94976       0.91422       0.94659       0.91346       0.90708       0.97784       0.93993       0.95004       0.98651       0.96845  -203.3246503885      0.16946   -3
-- Local optimization: stuck in the same solution


---- Best joint likelihood found -203.32465 with gradient 0.16946
-- Model: B
--     eps_an        eps_cont      theta_bar     a        
--    4.50e-06      9.00e-07       0.00943       -1.00000  
--      S_d            b             p_b           S_b      
--   -740.52891       0.22192       0.02009       3.93282  
--     r  2          r  3          r  4          r  5          r  6          r  7          r  8          r  9          r 10          r 11          r 12          r 13          r 14          r 15          r 16          r 17          r 18          r 19     
--     0.98996       0.99989       1.02028       0.96145       0.98678       0.96271       0.94239       0.96160       0.94976       0.91422       0.94659       0.91346       0.90708       0.97784       0.93993       0.95004       0.98651       0.96845  

---- Expected P_neut(i), 0 < i < n (neutral SFS per site) 
E[P_neut(1)] = 0.009434
E[P_neut(2)] = 0.004670
E[P_neut(3)] = 0.003144
E[P_neut(4)] = 0.002406
E[P_neut(5)] = 0.001814
E[P_neut(6)] = 0.001552
E[P_neut(7)] = 0.001297
E[P_neut(8)] = 0.001111
E[P_neut(9)] = 0.001008
E[P_neut(10)] = 0.000896
E[P_neut(11)] = 0.000784
E[P_neut(12)] = 0.000744
E[P_neut(13)] = 0.000663
E[P_neut(14)] = 0.000611
E[P_neut(15)] = 0.000615
E[P_neut(16)] = 0.000554
E[P_neut(17)] = 0.000527
E[P_neut(18)] = 0.000517
E[P_neut(19)] = 0.000481

---- Expected P_sel(i), 0 < i < n (selected SFS per site) 
E[P_sel(1)] = 0.003752
E[P_sel(2)] = 0.001510
E[P_sel(3)] = 0.000926
E[P_sel(4)] = 0.000669
E[P_sel(5)] = 0.000485
E[P_sel(6)] = 0.000403
E[P_sel(7)] = 0.000330
E[P_sel(8)] = 0.000278
E[P_sel(9)] = 0.000249
E[P_sel(10)] = 0.000219
E[P_sel(11)] = 0.000191
E[P_sel(12)] = 0.000181
E[P_sel(13)] = 0.000161
E[P_sel(14)] = 0.000149
E[P_sel(15)] = 0.000150
E[P_sel(16)] = 0.000136
E[P_sel(17)] = 0.000131
E[P_sel(18)] = 0.000130
E[P_sel(19)] = 0.000122

---- Expected neutral and selected misattributed polymorphism per site
E[mis_neut] = 0.000472
E[mis_sel] = 0.000122

---- alpha_div = 0.392573
---- alpha_dfe = 0.305462



