---- Performing inference on analysis/Ns100_pa_0.0005_polyDFE.txt using model B

---- Warning: mutation variability is not used when only one neutral and one selected fragment is available.
---- No mutation variability. Using Poisson likelihood.

---- Using provided initial values


-- Starting local optimization
 it       eps_an        eps_cont      theta_bar      S_d            b             p_b           S_b           r  2          r  3          r  4          r  5          r  6          r  7          r  8          r  9          r 10          r 11          r 12          r 13          r 14          r 15          r 16          r 17          r 18          r 19         ln lk             grad     status
  0      4.50e-06      9.00e-07       0.00100     -400.00000       0.40000       0.02000       4.00000       1.00000       1.00000       1.00000       1.00000       1.00000       1.00000       1.00000       1.00000       1.00000       1.00000       1.00000       1.00000       1.00000       1.00000       1.00000       1.00000       1.00000       1.00000  -216432.0770359295   1549.01546   -2
459      4.49e-06      9.00e-07       0.00926    -1053.64287       0.19770       0.00720       0.84107       0.96472       0.94890       0.92529       0.92094       0.88085       0.89793       0.88023       0.84797       0.86898       0.84780       0.86882       0.89096       0.90331       0.89006       0.85217       0.89440       0.90165       0.91871  -190.2876287985      0.00178   -3
-- Local optimization: stuck in the same solution


---- Best joint likelihood found -190.28763 with gradient 0.00178
-- Model: B
--     eps_an        eps_cont      theta_bar     a        
--    4.49e-06      9.00e-07       0.00926       -1.00000  
--      S_d            b             p_b           S_b      
--  -1053.64287       0.19770       0.00720       0.84107  
--     r  2          r  3          r  4          r  5          r  6          r  7          r  8          r  9          r 10          r 11          r 12          r 13          r 14          r 15          r 16          r 17          r 18          r 19     
--     0.96472       0.94890       0.92529       0.92094       0.88085       0.89793       0.88023       0.84797       0.86898       0.84780       0.86882       0.89096       0.90331       0.89006       0.85217       0.89440       0.90165       0.91871  

---- Expected P_neut(i), 0 < i < n (neutral SFS per site) 
E[P_neut(1)] = 0.009261
E[P_neut(2)] = 0.004467
E[P_neut(3)] = 0.002929
E[P_neut(4)] = 0.002142
E[P_neut(5)] = 0.001706
E[P_neut(6)] = 0.001360
E[P_neut(7)] = 0.001188
E[P_neut(8)] = 0.001019
E[P_neut(9)] = 0.000873
E[P_neut(10)] = 0.000805
E[P_neut(11)] = 0.000714
E[P_neut(12)] = 0.000671
E[P_neut(13)] = 0.000635
E[P_neut(14)] = 0.000598
E[P_neut(15)] = 0.000550
E[P_neut(16)] = 0.000493
E[P_neut(17)] = 0.000487
E[P_neut(18)] = 0.000464
E[P_neut(19)] = 0.000448

---- Expected P_sel(i), 0 < i < n (selected SFS per site) 
E[P_sel(1)] = 0.003644
E[P_sel(2)] = 0.001446
E[P_sel(3)] = 0.000866
E[P_sel(4)] = 0.000598
E[P_sel(5)] = 0.000457
E[P_sel(6)] = 0.000353
E[P_sel(7)] = 0.000300
E[P_sel(8)] = 0.000252
E[P_sel(9)] = 0.000212
E[P_sel(10)] = 0.000192
E[P_sel(11)] = 0.000168
E[P_sel(12)] = 0.000155
E[P_sel(13)] = 0.000145
E[P_sel(14)] = 0.000135
E[P_sel(15)] = 0.000123
E[P_sel(16)] = 0.000110
E[P_sel(17)] = 0.000107
E[P_sel(18)] = 0.000101
E[P_sel(19)] = 0.000097

---- Expected neutral and selected misattributed polymorphism per site
E[mis_neut] = 0.000463
E[mis_sel] = 0.000100

---- alpha_div = 0.341185
---- alpha_dfe = 0.049795



