---- Performing inference on analysis/Ns100_pa_0.0005_polyDFE.txt using model B

---- Warning: mutation variability is not used when only one neutral and one selected fragment is available.
---- No mutation variability. Using Poisson likelihood.

---- Using provided initial values


-- Starting local optimization
 it       eps_an        eps_cont      lambda        theta_bar      S_d            b             p_b           S_b           r  2          r  3          r  4          r  5          r  6          r  7          r  8          r  9          r 10          r 11          r 12          r 13          r 14          r 15          r 16          r 17          r 18          r 19          r 20         ln lk             grad     status
  0      4.50e-06      9.00e-07       0.00500       0.00100     -400.00000       0.40000       0.02000       4.00000       1.00000       1.00000       1.00000       1.00000       1.00000       1.00000       1.00000       1.00000       1.00000       1.00000       1.00000       1.00000       1.00000       1.00000       1.00000       1.00000       1.00000       1.00000       1.00000  -218755.6031018473   1583.73484   -2
109      4.49e-06      9.00e-07       0.00491       0.00931    -1224.63363       0.19106       0.00250      37.42285       0.96206       0.94682       0.92133       0.91671       0.87637       0.89303       0.87505       0.84256       0.86295       0.84125       0.86119       0.88205       0.89264       0.87715       0.83702       0.87305       0.87038       0.86806       0.87999  -210.7216982162      0.32052   -3
-- Local optimization: stuck in the same solution


---- Best joint likelihood found -210.72170 with gradient 0.32052
-- Model: B
--     eps_an        eps_cont      lambda        theta_bar     a        
--    4.49e-06      9.00e-07       0.00491       0.00931       -1.00000  
--      S_d            b             p_b           S_b      
--  -1224.63363       0.19106       0.00250      37.42285  
--     r  2          r  3          r  4          r  5          r  6          r  7          r  8          r  9          r 10          r 11          r 12          r 13          r 14          r 15          r 16          r 17          r 18          r 19          r 20     
--     0.96206       0.94682       0.92133       0.91671       0.87637       0.89303       0.87505       0.84256       0.86295       0.84125       0.86119       0.88205       0.89264       0.87715       0.83702       0.87305       0.87038       0.86806       0.87999  

---- Expected P_neut(i), 0 < i < n (neutral SFS per site) 
E[P_neut(1)] = 0.009314
E[P_neut(2)] = 0.004480
E[P_neut(3)] = 0.002940
E[P_neut(4)] = 0.002145
E[P_neut(5)] = 0.001708
E[P_neut(6)] = 0.001360
E[P_neut(7)] = 0.001188
E[P_neut(8)] = 0.001019
E[P_neut(9)] = 0.000872
E[P_neut(10)] = 0.000804
E[P_neut(11)] = 0.000712
E[P_neut(12)] = 0.000668
E[P_neut(13)] = 0.000632
E[P_neut(14)] = 0.000594
E[P_neut(15)] = 0.000545
E[P_neut(16)] = 0.000487
E[P_neut(17)] = 0.000478
E[P_neut(18)] = 0.000450
E[P_neut(19)] = 0.000426

---- Expected P_sel(i), 0 < i < n (selected SFS per site) 
E[P_sel(1)] = 0.003626
E[P_sel(2)] = 0.001441
E[P_sel(3)] = 0.000865
E[P_sel(4)] = 0.000597
E[P_sel(5)] = 0.000456
E[P_sel(6)] = 0.000352
E[P_sel(7)] = 0.000300
E[P_sel(8)] = 0.000252
E[P_sel(9)] = 0.000212
E[P_sel(10)] = 0.000192
E[P_sel(11)] = 0.000168
E[P_sel(12)] = 0.000156
E[P_sel(13)] = 0.000146
E[P_sel(14)] = 0.000137
E[P_sel(15)] = 0.000125
E[P_sel(16)] = 0.000112
E[P_sel(17)] = 0.000111
E[P_sel(18)] = 0.000106
E[P_sel(19)] = 0.000104

---- Expected D_neut and D_sel (neutral and selected divergence per site) 
E[D_neut] = 0.005321
E[D_sel] = 0.001588

---- Expected neutral and selected misattributed polymorphism per site
E[mis_neut] = 0.000410
E[mis_sel] = 0.000108

---- alpha_div = 0.314907
---- alpha_dfe = 0.309968



