---- Performing inference on analysis/Ns10_pa_0.005_polyDFE.txt using model B

---- Warning: mutation variability is not used when only one neutral and one selected fragment is available.
---- No mutation variability. Using Poisson likelihood.

---- Using provided initial values


-- Starting local optimization
 it       eps_an        eps_cont      lambda        theta_bar      S_d            b             p_b           S_b           r  2          r  3          r  4          r  5          r  6          r  7          r  8          r  9          r 10          r 11          r 12          r 13          r 14          r 15          r 16          r 17          r 18          r 19          r 20         ln lk             grad     status
  0      4.50e-06      9.00e-07       0.00500       0.00100     -400.00000       0.40000       0.02000       4.00000       1.00000       1.00000       1.00000       1.00000       1.00000       1.00000       1.00000       1.00000       1.00000       1.00000       1.00000       1.00000       1.00000       1.00000       1.00000       1.00000       1.00000       1.00000       1.00000  -244069.6961350665   1709.59113   -2
240      4.50e-06      9.00e-07       0.00485       0.00944     -982.28585       0.19838       0.00583      16.30720       0.99136       0.99167       0.99976       0.96524       0.97791       0.95734       0.94750       0.95505       0.95543       0.92492       0.95354       0.92176       0.93263       0.95256       0.92001       0.97169       0.95237       0.99192       0.86198  -201.6019333880      0.02989   -3
-- Local optimization: stuck in the same solution


---- Best joint likelihood found -201.60193 with gradient 0.02989
-- Model: B
--     eps_an        eps_cont      lambda        theta_bar     a        
--    4.50e-06      9.00e-07       0.00485       0.00944       -1.00000  
--      S_d            b             p_b           S_b      
--   -982.28585       0.19838       0.00583      16.30720  
--     r  2          r  3          r  4          r  5          r  6          r  7          r  8          r  9          r 10          r 11          r 12          r 13          r 14          r 15          r 16          r 17          r 18          r 19          r 20     
--     0.99136       0.99167       0.99976       0.96524       0.97791       0.95734       0.94750       0.95505       0.95543       0.92492       0.95354       0.92176       0.93263       0.95256       0.92001       0.97169       0.95237       0.99192       0.86198  

---- Expected P_neut(i), 0 < i < n (neutral SFS per site) 
E[P_neut(1)] = 0.009440
E[P_neut(2)] = 0.004679
E[P_neut(3)] = 0.003120
E[P_neut(4)] = 0.002359
E[P_neut(5)] = 0.001822
E[P_neut(6)] = 0.001539
E[P_neut(7)] = 0.001291
E[P_neut(8)] = 0.001118
E[P_neut(9)] = 0.001002
E[P_neut(10)] = 0.000902
E[P_neut(11)] = 0.000794
E[P_neut(12)] = 0.000750
E[P_neut(13)] = 0.000669
E[P_neut(14)] = 0.000629
E[P_neut(15)] = 0.000599
E[P_neut(16)] = 0.000543
E[P_neut(17)] = 0.000540
E[P_neut(18)] = 0.000499
E[P_neut(19)] = 0.000493

---- Expected P_sel(i), 0 < i < n (selected SFS per site) 
E[P_sel(1)] = 0.003749
E[P_sel(2)] = 0.001528
E[P_sel(3)] = 0.000931
E[P_sel(4)] = 0.000665
E[P_sel(5)] = 0.000493
E[P_sel(6)] = 0.000404
E[P_sel(7)] = 0.000331
E[P_sel(8)] = 0.000281
E[P_sel(9)] = 0.000248
E[P_sel(10)] = 0.000220
E[P_sel(11)] = 0.000192
E[P_sel(12)] = 0.000180
E[P_sel(13)] = 0.000160
E[P_sel(14)] = 0.000150
E[P_sel(15)] = 0.000144
E[P_sel(16)] = 0.000131
E[P_sel(17)] = 0.000132
E[P_sel(18)] = 0.000126
E[P_sel(19)] = 0.000129

---- Expected D_neut and D_sel (neutral and selected divergence per site) 
E[D_neut] = 0.005259
E[D_sel] = 0.001571

---- Expected neutral and selected misattributed polymorphism per site
E[mis_neut] = 0.000407
E[mis_sel] = 0.000113

---- alpha_div = 0.315947
---- alpha_dfe = 0.316347



