---- Performing inference on analysis/Ns200_pa_0.00025_polyDFE.txt using model B

---- Warning: mutation variability is not used when only one neutral and one selected fragment is available.
---- No mutation variability. Using Poisson likelihood.

---- Calculating initial values for neutral parameters
---- Calculating initial values for selection parameters


-- Starting local optimization
 it       eps_an        lambda        theta_bar      S_d            b             p_b           S_b           r  2          r  3          r  4          r  5          r  6          r  7          r  8          r  9          r 10          r 11          r 12          r 13          r 14          r 15          r 16          r 17          r 18          r 19          r 20         ln lk             grad     status
  0       0.10000       0.00472       0.01010   -80000.00000       0.20000       0.10000      20.00000       0.98251       0.96228       0.96449       0.95951       0.93478       0.91147       0.92610       0.94369       0.97847       1.02100       1.02806       1.04881       1.08306       1.20014       1.25362       1.42781       1.82903       1.00000       1.00000  -67164.6280069391   1101.26699   -2
401       0.00004       0.00481       0.00901     -756.15475       0.20735       0.00103      93.21489       0.97359       0.94943       0.93323       0.91911       0.89631       0.85532       0.87086       0.86281       0.87624       0.87440       0.86817       0.85146       0.86120       0.88501       0.84569       0.84055       0.86599       0.87099       0.93881  -199.0720432315      0.00507   -3
-- Local optimization: stuck in the same solution


---- Best joint likelihood found -199.07204 with gradient 0.00507
-- Model: B
--     eps_an        eps_cont      lambda        theta_bar     a        
--     0.00004      0.00e+00       0.00481       0.00901       -1.00000  
--      S_d            b             p_b           S_b      
--   -756.15475       0.20735       0.00103      93.21489  
--     r  2          r  3          r  4          r  5          r  6          r  7          r  8          r  9          r 10          r 11          r 12          r 13          r 14          r 15          r 16          r 17          r 18          r 19          r 20     
--     0.97359       0.94943       0.93323       0.91911       0.89631       0.85532       0.87086       0.86281       0.87624       0.87440       0.86817       0.85146       0.86120       0.88501       0.84569       0.84055       0.86599       0.87099       0.93881  

---- Expected P_neut(i), 0 < i < n (neutral SFS per site) 
E[P_neut(1)] = 0.009008
E[P_neut(2)] = 0.004385
E[P_neut(3)] = 0.002851
E[P_neut(4)] = 0.002102
E[P_neut(5)] = 0.001656
E[P_neut(6)] = 0.001346
E[P_neut(7)] = 0.001101
E[P_neut(8)] = 0.000981
E[P_neut(9)] = 0.000864
E[P_neut(10)] = 0.000789
E[P_neut(11)] = 0.000716
E[P_neut(12)] = 0.000652
E[P_neut(13)] = 0.000590
E[P_neut(14)] = 0.000554
E[P_neut(15)] = 0.000532
E[P_neut(16)] = 0.000476
E[P_neut(17)] = 0.000446
E[P_neut(18)] = 0.000434
E[P_neut(19)] = 0.000413

---- Expected P_sel(i), 0 < i < n (selected SFS per site) 
E[P_sel(1)] = 0.003621
E[P_sel(2)] = 0.001433
E[P_sel(3)] = 0.000845
E[P_sel(4)] = 0.000586
E[P_sel(5)] = 0.000441
E[P_sel(6)] = 0.000346
E[P_sel(7)] = 0.000275
E[P_sel(8)] = 0.000239
E[P_sel(9)] = 0.000207
E[P_sel(10)] = 0.000185
E[P_sel(11)] = 0.000166
E[P_sel(12)] = 0.000149
E[P_sel(13)] = 0.000133
E[P_sel(14)] = 0.000124
E[P_sel(15)] = 0.000117
E[P_sel(16)] = 0.000105
E[P_sel(17)] = 0.000098
E[P_sel(18)] = 0.000096
E[P_sel(19)] = 0.000095

---- Expected D_neut and D_sel (neutral and selected divergence per site) 
E[D_neut] = 0.005230
E[D_sel] = 0.001546

---- Expected neutral and selected misattributed polymorphism per site
E[mis_neut] = 0.000423
E[mis_sel] = 0.000102

---- alpha_div = 0.318671
---- alpha_dfe = 0.318392



