---- Performing inference on analysis/Ns200_pa_0.00025_polyDFE.txt using model B

---- Warning: mutation variability is not used when only one neutral and one selected fragment is available.
---- No mutation variability. Using Poisson likelihood.

---- Using provided initial values


-- Starting local optimization
 it       eps_an        theta_bar      S_d            b             r  2          r  3          r  4          r  5          r  6          r  7          r  8          r  9          r 10          r 11          r 12          r 13          r 14          r 15          r 16          r 17          r 18          r 19         ln lk             grad     status
  0      4.50e-06       0.00100     -400.00000       0.40000       1.00000       1.00000       1.00000       1.00000       1.00000       1.00000       1.00000       1.00000       1.00000       1.00000       1.00000       1.00000       1.00000       1.00000       1.00000       1.00000       1.00000       1.00000  -216727.1177724278   1589.77122   -2
141      4.50e-06       0.00902     -834.63426       0.20187       0.97131       0.94631       0.92974       0.91545       0.89263       0.85179       0.86732       0.85942       0.87299       0.87142       0.86559       0.84945       0.85990       0.88477       0.84702       0.84454       0.87566       0.89761  -188.8764266608      0.00054   -3
-- Local optimization: stuck in the same solution


---- Best joint likelihood found -188.87643 with gradient 0.00054
-- Model: B
--     eps_an        eps_cont      theta_bar     a        
--    4.50e-06      0.00e+00       0.00902       -1.00000  
--      S_d            b             p_b           S_b      
--   -834.63426       0.20187      0.00e+00      0.00e+00  
--     r  2          r  3          r  4          r  5          r  6          r  7          r  8          r  9          r 10          r 11          r 12          r 13          r 14          r 15          r 16          r 17          r 18          r 19     
--     0.97131       0.94631       0.92974       0.91545       0.89263       0.85179       0.86732       0.85942       0.87299       0.87142       0.86559       0.84945       0.85990       0.88477       0.84702       0.84454       0.87566       0.89761  

---- Expected P_neut(i), 0 < i < n (neutral SFS per site) 
E[P_neut(1)] = 0.009021
E[P_neut(2)] = 0.004381
E[P_neut(3)] = 0.002846
E[P_neut(4)] = 0.002097
E[P_neut(5)] = 0.001652
E[P_neut(6)] = 0.001342
E[P_neut(7)] = 0.001098
E[P_neut(8)] = 0.000978
E[P_neut(9)] = 0.000861
E[P_neut(10)] = 0.000788
E[P_neut(11)] = 0.000715
E[P_neut(12)] = 0.000651
E[P_neut(13)] = 0.000589
E[P_neut(14)] = 0.000554
E[P_neut(15)] = 0.000532
E[P_neut(16)] = 0.000478
E[P_neut(17)] = 0.000448
E[P_neut(18)] = 0.000439
E[P_neut(19)] = 0.000426

---- Expected P_sel(i), 0 < i < n (selected SFS per site) 
E[P_sel(1)] = 0.003617
E[P_sel(2)] = 0.001434
E[P_sel(3)] = 0.000847
E[P_sel(4)] = 0.000587
E[P_sel(5)] = 0.000443
E[P_sel(6)] = 0.000347
E[P_sel(7)] = 0.000276
E[P_sel(8)] = 0.000240
E[P_sel(9)] = 0.000207
E[P_sel(10)] = 0.000186
E[P_sel(11)] = 0.000166
E[P_sel(12)] = 0.000149
E[P_sel(13)] = 0.000133
E[P_sel(14)] = 0.000124
E[P_sel(15)] = 0.000117
E[P_sel(16)] = 0.000104
E[P_sel(17)] = 0.000097
E[P_sel(18)] = 0.000094
E[P_sel(19)] = 0.000090

---- Expected neutral and selected misattributed polymorphism per site
E[mis_neut] = 0.000451
E[mis_sel] = 0.000095

---- alpha_div = 0.314255
---- alpha_dfe = 0.000000



