---- Performing inference on analysis/Ns25_pa_0.002_polyDFE.txt using model B

---- Warning: mutation variability is not used when only one neutral and one selected fragment is available.
---- No mutation variability. Using Poisson likelihood.

---- Using provided initial values


-- Starting local optimization
 it       eps_an        lambda        theta_bar      S_d            b             r  2          r  3          r  4          r  5          r  6          r  7          r  8          r  9          r 10          r 11          r 12          r 13          r 14          r 15          r 16          r 17          r 18          r 19          r 20         ln lk             grad     status
  0      4.50e-06       0.00500       0.00100     -400.00000       0.40000       1.00000       1.00000       1.00000       1.00000       1.00000       1.00000       1.00000       1.00000       1.00000       1.00000       1.00000       1.00000       1.00000       1.00000       1.00000       1.00000       1.00000       1.00000       1.00000  -246606.2974401810   1820.28863   -2
480      4.47e-06       0.00089       0.00960    -7369.52534       0.13585       0.93912       0.92109       0.88277       0.86177       0.87053       0.85663       0.84908       0.87105       0.86884       0.83520       0.85691       0.84736       0.86952       0.86970       0.84758       0.89523       0.87925       0.91365      10.17732  -414.9454106094      0.05214   -3
-- Local optimization: stuck in the same solution


---- Best joint likelihood found -414.94541 with gradient 0.05214
-- Model: B
--     eps_an        eps_cont      lambda        theta_bar     a        
--    4.47e-06      0.00e+00       0.00089       0.00960       -1.00000  
--      S_d            b             p_b           S_b      
--  -7369.52534       0.13585      0.00e+00      0.00e+00  
--     r  2          r  3          r  4          r  5          r  6          r  7          r  8          r  9          r 10          r 11          r 12          r 13          r 14          r 15          r 16          r 17          r 18          r 19          r 20     
--     0.93912       0.92109       0.88277       0.86177       0.87053       0.85663       0.84908       0.87105       0.86884       0.83520       0.85691       0.84736       0.86952       0.86970       0.84758       0.89523       0.87925       0.91365      10.17732  

---- Expected P_neut(i), 0 < i < n (neutral SFS per site) 
E[P_neut(1)] = 0.009599
E[P_neut(2)] = 0.004507
E[P_neut(3)] = 0.002947
E[P_neut(4)] = 0.002118
E[P_neut(5)] = 0.001654
E[P_neut(6)] = 0.001393
E[P_neut(7)] = 0.001175
E[P_neut(8)] = 0.001019
E[P_neut(9)] = 0.000929
E[P_neut(10)] = 0.000834
E[P_neut(11)] = 0.000729
E[P_neut(12)] = 0.000685
E[P_neut(13)] = 0.000626
E[P_neut(14)] = 0.000596
E[P_neut(15)] = 0.000557
E[P_neut(16)] = 0.000509
E[P_neut(17)] = 0.000506
E[P_neut(18)] = 0.000469
E[P_neut(19)] = 0.000462

---- Expected P_sel(i), 0 < i < n (selected SFS per site) 
E[P_sel(1)] = 0.003654
E[P_sel(2)] = 0.001498
E[P_sel(3)] = 0.000919
E[P_sel(4)] = 0.000635
E[P_sel(5)] = 0.000481
E[P_sel(6)] = 0.000396
E[P_sel(7)] = 0.000328
E[P_sel(8)] = 0.000280
E[P_sel(9)] = 0.000251
E[P_sel(10)] = 0.000223
E[P_sel(11)] = 0.000193
E[P_sel(12)] = 0.000179
E[P_sel(13)] = 0.000162
E[P_sel(14)] = 0.000153
E[P_sel(15)] = 0.000142
E[P_sel(16)] = 0.000129
E[P_sel(17)] = 0.000127
E[P_sel(18)] = 0.000117
E[P_sel(19)] = 0.000115

---- Expected D_neut and D_sel (neutral and selected divergence per site) 
E[D_neut] = 0.005772
E[D_sel] = 0.001424

---- Expected neutral and selected misattributed polymorphism per site
E[mis_neut] = 0.004885
E[mis_sel] = 0.001206

---- alpha_div = 0.756376
---- alpha_dfe = 0.000000



