---- Performing inference on analysis/Ns25_pa_0.002_polyDFE.txt using model B

---- Warning: mutation variability is not used when only one neutral and one selected fragment is available.
---- No mutation variability. Using Poisson likelihood.

---- Using provided initial values


-- Starting local optimization
 it       eps_an        eps_cont      lambda        theta_bar      S_d            b             p_b           S_b           r  2          r  3          r  4          r  5          r  6          r  7          r  8          r  9          r 10          r 11          r 12          r 13          r 14          r 15          r 16          r 17          r 18          r 19          r 20         ln lk             grad     status
  0      4.50e-06      9.00e-07       0.00500       0.00100     -400.00000       0.40000       0.02000       4.00000       1.00000       1.00000       1.00000       1.00000       1.00000       1.00000       1.00000       1.00000       1.00000       1.00000       1.00000       1.00000       1.00000       1.00000       1.00000       1.00000       1.00000       1.00000       1.00000  -231099.1034145716   1644.95532   -2
170      4.50e-06      9.00e-07       0.00485       0.00941    -1045.68473       0.19528       0.00256      37.42527       0.96759       0.96212       0.92930       0.91075       0.92347       0.91117       0.90480       0.92923       0.92921       0.89170       0.91595       0.90524       0.92812       0.92742       0.90029       0.94367       0.91790       0.93865       0.93021  -200.3876383154      0.27022   -3
-- Local optimization: stuck in the same solution


---- Best joint likelihood found -200.38764 with gradient 0.27022
-- Model: B
--     eps_an        eps_cont      lambda        theta_bar     a        
--    4.50e-06      9.00e-07       0.00485       0.00941       -1.00000  
--      S_d            b             p_b           S_b      
--  -1045.68473       0.19528       0.00256      37.42527  
--     r  2          r  3          r  4          r  5          r  6          r  7          r  8          r  9          r 10          r 11          r 12          r 13          r 14          r 15          r 16          r 17          r 18          r 19          r 20     
--     0.96759       0.96212       0.92930       0.91075       0.92347       0.91117       0.90480       0.92923       0.92921       0.89170       0.91595       0.90524       0.92812       0.92742       0.90029       0.94367       0.91790       0.93865       0.93021  

---- Expected P_neut(i), 0 < i < n (neutral SFS per site) 
E[P_neut(1)] = 0.009415
E[P_neut(2)] = 0.004555
E[P_neut(3)] = 0.003019
E[P_neut(4)] = 0.002187
E[P_neut(5)] = 0.001715
E[P_neut(6)] = 0.001449
E[P_neut(7)] = 0.001225
E[P_neut(8)] = 0.001065
E[P_neut(9)] = 0.000972
E[P_neut(10)] = 0.000875
E[P_neut(11)] = 0.000763
E[P_neut(12)] = 0.000719
E[P_neut(13)] = 0.000656
E[P_neut(14)] = 0.000624
E[P_neut(15)] = 0.000582
E[P_neut(16)] = 0.000530
E[P_neut(17)] = 0.000523
E[P_neut(18)] = 0.000480
E[P_neut(19)] = 0.000465

---- Expected P_sel(i), 0 < i < n (selected SFS per site) 
E[P_sel(1)] = 0.003716
E[P_sel(2)] = 0.001480
E[P_sel(3)] = 0.000896
E[P_sel(4)] = 0.000613
E[P_sel(5)] = 0.000461
E[P_sel(6)] = 0.000377
E[P_sel(7)] = 0.000311
E[P_sel(8)] = 0.000264
E[P_sel(9)] = 0.000237
E[P_sel(10)] = 0.000210
E[P_sel(11)] = 0.000181
E[P_sel(12)] = 0.000168
E[P_sel(13)] = 0.000152
E[P_sel(14)] = 0.000144
E[P_sel(15)] = 0.000134
E[P_sel(16)] = 0.000122
E[P_sel(17)] = 0.000121
E[P_sel(18)] = 0.000113
E[P_sel(19)] = 0.000114

---- Expected D_neut and D_sel (neutral and selected divergence per site) 
E[D_neut] = 0.005285
E[D_sel] = 0.001588

---- Expected neutral and selected misattributed polymorphism per site
E[mis_neut] = 0.000438
E[mis_sel] = 0.000116

---- alpha_div = 0.319349
---- alpha_dfe = 0.315225



