---- Performing inference on analysis/Ns400_pa_0.000125_polyDFE.txt using model B

---- Warning: mutation variability is not used when only one neutral and one selected fragment is available.
---- No mutation variability. Using Poisson likelihood.

---- Using provided initial values


-- Starting local optimization
 it       eps_an        eps_cont      theta_bar      S_d            b             p_b           S_b           r  2          r  3          r  4          r  5          r  6          r  7          r  8          r  9          r 10          r 11          r 12          r 13          r 14          r 15          r 16          r 17          r 18          r 19         ln lk             grad     status
  0      4.50e-06      9.00e-07       0.00100     -400.00000       0.40000       0.02000       4.00000       1.00000       1.00000       1.00000       1.00000       1.00000       1.00000       1.00000       1.00000       1.00000       1.00000       1.00000       1.00000       1.00000       1.00000       1.00000       1.00000       1.00000       1.00000  -202770.2387809816   1481.75237   -2
859      4.50e-06      8.99e-07       0.00900     -805.03820       0.20369       0.00186       6.10469       0.96232       0.93237       0.92288       0.91019       0.86238       0.85125       0.83770       0.81823       0.79989       0.80684       0.80701       0.83191       0.79748       0.79066       0.83666       0.83414       0.84993       0.90363  -189.6430527519      0.00478   -3
-- Local optimization: stuck in the same solution


---- Best joint likelihood found -189.64305 with gradient 0.00478
-- Model: B
--     eps_an        eps_cont      theta_bar     a        
--    4.50e-06      8.99e-07       0.00900       -1.00000  
--      S_d            b             p_b           S_b      
--   -805.03820       0.20369       0.00186       6.10469  
--     r  2          r  3          r  4          r  5          r  6          r  7          r  8          r  9          r 10          r 11          r 12          r 13          r 14          r 15          r 16          r 17          r 18          r 19     
--     0.96232       0.93237       0.92288       0.91019       0.86238       0.85125       0.83770       0.81823       0.79989       0.80684       0.80701       0.83191       0.79748       0.79066       0.83666       0.83414       0.84993       0.90363  

---- Expected P_neut(i), 0 < i < n (neutral SFS per site) 
E[P_neut(1)] = 0.009004
E[P_neut(2)] = 0.004332
E[P_neut(3)] = 0.002798
E[P_neut(4)] = 0.002077
E[P_neut(5)] = 0.001639
E[P_neut(6)] = 0.001294
E[P_neut(7)] = 0.001095
E[P_neut(8)] = 0.000943
E[P_neut(9)] = 0.000819
E[P_neut(10)] = 0.000720
E[P_neut(11)] = 0.000660
E[P_neut(12)] = 0.000606
E[P_neut(13)] = 0.000576
E[P_neut(14)] = 0.000513
E[P_neut(15)] = 0.000475
E[P_neut(16)] = 0.000471
E[P_neut(17)] = 0.000442
E[P_neut(18)] = 0.000425
E[P_neut(19)] = 0.000428

---- Expected P_sel(i), 0 < i < n (selected SFS per site) 
E[P_sel(1)] = 0.003624
E[P_sel(2)] = 0.001423
E[P_sel(3)] = 0.000836
E[P_sel(4)] = 0.000584
E[P_sel(5)] = 0.000441
E[P_sel(6)] = 0.000337
E[P_sel(7)] = 0.000277
E[P_sel(8)] = 0.000233
E[P_sel(9)] = 0.000198
E[P_sel(10)] = 0.000172
E[P_sel(11)] = 0.000155
E[P_sel(12)] = 0.000140
E[P_sel(13)] = 0.000132
E[P_sel(14)] = 0.000116
E[P_sel(15)] = 0.000107
E[P_sel(16)] = 0.000105
E[P_sel(17)] = 0.000098
E[P_sel(18)] = 0.000094
E[P_sel(19)] = 0.000094

---- Expected neutral and selected misattributed polymorphism per site
E[mis_neut] = 0.000450
E[mis_sel] = 0.000098

---- alpha_div = 0.302203
---- alpha_dfe = 0.052136



