---- Performing inference on analysis/Ns400_pa_0.000125_polyDFE.txt using model B

---- Warning: mutation variability is not used when only one neutral and one selected fragment is available.
---- No mutation variability. Using Poisson likelihood.

---- Using provided initial values


-- Starting local optimization
 it       eps_an        eps_cont      lambda        theta_bar      S_d            b             p_b           S_b           r  2          r  3          r  4          r  5          r  6          r  7          r  8          r  9          r 10          r 11          r 12          r 13          r 14          r 15          r 16          r 17          r 18          r 19          r 20         ln lk             grad     status
  0      4.50e-06      9.00e-07       0.00500       0.00100     -400.00000       0.40000       0.02000       4.00000       1.00000       1.00000       1.00000       1.00000       1.00000       1.00000       1.00000       1.00000       1.00000       1.00000       1.00000       1.00000       1.00000       1.00000       1.00000       1.00000       1.00000       1.00000       1.00000  -204809.2686674686   1514.01334   -2
 75      4.49e-06      9.00e-07       0.00496       0.00905    -1017.53320       0.19475       0.00204      37.42801       0.96017       0.92808       0.91754       0.90388       0.85610       0.84444       0.83071       0.81141       0.79269       0.79905       0.80001       0.82526       0.79091       0.78288       0.82615       0.82090       0.82996       0.86840       0.86257  -207.4007668113      0.82402   -3
-- Local optimization: stuck in the same solution


---- Best joint likelihood found -207.40077 with gradient 0.82402
-- Model: B
--     eps_an        eps_cont      lambda        theta_bar     a        
--    4.49e-06      9.00e-07       0.00496       0.00905       -1.00000  
--      S_d            b             p_b           S_b      
--  -1017.53320       0.19475       0.00204      37.42801  
--     r  2          r  3          r  4          r  5          r  6          r  7          r  8          r  9          r 10          r 11          r 12          r 13          r 14          r 15          r 16          r 17          r 18          r 19          r 20     
--     0.96017       0.92808       0.91754       0.90388       0.85610       0.84444       0.83071       0.81141       0.79269       0.79905       0.80001       0.82526       0.79091       0.78288       0.82615       0.82090       0.82996       0.86840       0.86257  

---- Expected P_neut(i), 0 < i < n (neutral SFS per site) 
E[P_neut(1)] = 0.009054
E[P_neut(2)] = 0.004347
E[P_neut(3)] = 0.002801
E[P_neut(4)] = 0.002077
E[P_neut(5)] = 0.001637
E[P_neut(6)] = 0.001292
E[P_neut(7)] = 0.001092
E[P_neut(8)] = 0.000940
E[P_neut(9)] = 0.000816
E[P_neut(10)] = 0.000718
E[P_neut(11)] = 0.000658
E[P_neut(12)] = 0.000604
E[P_neut(13)] = 0.000575
E[P_neut(14)] = 0.000511
E[P_neut(15)] = 0.000473
E[P_neut(16)] = 0.000467
E[P_neut(17)] = 0.000437
E[P_neut(18)] = 0.000417
E[P_neut(19)] = 0.000414

---- Expected P_sel(i), 0 < i < n (selected SFS per site) 
E[P_sel(1)] = 0.003596
E[P_sel(2)] = 0.001421
E[P_sel(3)] = 0.000836
E[P_sel(4)] = 0.000586
E[P_sel(5)] = 0.000443
E[P_sel(6)] = 0.000338
E[P_sel(7)] = 0.000279
E[P_sel(8)] = 0.000235
E[P_sel(9)] = 0.000200
E[P_sel(10)] = 0.000173
E[P_sel(11)] = 0.000156
E[P_sel(12)] = 0.000142
E[P_sel(13)] = 0.000134
E[P_sel(14)] = 0.000118
E[P_sel(15)] = 0.000109
E[P_sel(16)] = 0.000107
E[P_sel(17)] = 0.000101
E[P_sel(18)] = 0.000097
E[P_sel(19)] = 0.000099

---- Expected D_neut and D_sel (neutral and selected divergence per site) 
E[D_neut] = 0.005351
E[D_sel] = 0.001519

---- Expected neutral and selected misattributed polymorphism per site
E[mis_neut] = 0.000390
E[mis_sel] = 0.000100

---- alpha_div = 0.282604
---- alpha_dfe = 0.266194



