---- Performing inference on analysis/Ns50_pa_0.001_polyDFE.txt using model B

---- Warning: mutation variability is not used when only one neutral and one selected fragment is available.
---- No mutation variability. Using Poisson likelihood.

---- Using provided initial values


-- Starting local optimization
 it       eps_an        eps_cont      theta_bar      S_d            b             p_b           S_b           r  2          r  3          r  4          r  5          r  6          r  7          r  8          r  9          r 10          r 11          r 12          r 13          r 14          r 15          r 16          r 17          r 18          r 19         ln lk             grad     status
  0      4.50e-06      9.00e-07       0.00100     -400.00000       0.40000       0.02000       4.00000       1.00000       1.00000       1.00000       1.00000       1.00000       1.00000       1.00000       1.00000       1.00000       1.00000       1.00000       1.00000       1.00000       1.00000       1.00000       1.00000       1.00000       1.00000  -226422.9130151570   1601.87632   -2
458      4.49e-06      9.00e-07       0.00921     -964.48418       0.19344       0.00394       0.50490       0.98419       0.96118       0.93805       0.95759       0.92816       0.92335       0.88708       0.89254       0.90638       0.91537       0.87973       0.87958       0.90232       0.95097       0.93177       0.90743       0.96228       1.00664  -190.2800866384      0.00231   -3
-- Local optimization: stuck in the same solution


---- Best joint likelihood found -190.28009 with gradient 0.00231
-- Model: B
--     eps_an        eps_cont      theta_bar     a        
--    4.49e-06      9.00e-07       0.00921       -1.00000  
--      S_d            b             p_b           S_b      
--   -964.48418       0.19344       0.00394       0.50490  
--     r  2          r  3          r  4          r  5          r  6          r  7          r  8          r  9          r 10          r 11          r 12          r 13          r 14          r 15          r 16          r 17          r 18          r 19     
--     0.98419       0.96118       0.93805       0.95759       0.92816       0.92335       0.88708       0.89254       0.90638       0.91537       0.87973       0.87958       0.90232       0.95097       0.93177       0.90743       0.96228       1.00664  

---- Expected P_neut(i), 0 < i < n (neutral SFS per site) 
E[P_neut(1)] = 0.009206
E[P_neut(2)] = 0.004530
E[P_neut(3)] = 0.002949
E[P_neut(4)] = 0.002159
E[P_neut(5)] = 0.001763
E[P_neut(6)] = 0.001424
E[P_neut(7)] = 0.001214
E[P_neut(8)] = 0.001021
E[P_neut(9)] = 0.000913
E[P_neut(10)] = 0.000834
E[P_neut(11)] = 0.000766
E[P_neut(12)] = 0.000675
E[P_neut(13)] = 0.000623
E[P_neut(14)] = 0.000593
E[P_neut(15)] = 0.000584
E[P_neut(16)] = 0.000536
E[P_neut(17)] = 0.000491
E[P_neut(18)] = 0.000492
E[P_neut(19)] = 0.000488

---- Expected P_sel(i), 0 < i < n (selected SFS per site) 
E[P_sel(1)] = 0.003720
E[P_sel(2)] = 0.001511
E[P_sel(3)] = 0.000899
E[P_sel(4)] = 0.000622
E[P_sel(5)] = 0.000487
E[P_sel(6)] = 0.000381
E[P_sel(7)] = 0.000316
E[P_sel(8)] = 0.000260
E[P_sel(9)] = 0.000228
E[P_sel(10)] = 0.000205
E[P_sel(11)] = 0.000185
E[P_sel(12)] = 0.000161
E[P_sel(13)] = 0.000147
E[P_sel(14)] = 0.000138
E[P_sel(15)] = 0.000134
E[P_sel(16)] = 0.000122
E[P_sel(17)] = 0.000111
E[P_sel(18)] = 0.000110
E[P_sel(19)] = 0.000108

---- Expected neutral and selected misattributed polymorphism per site
E[mis_neut] = 0.000460
E[mis_sel] = 0.000101

---- alpha_div = 0.325763
---- alpha_dfe = 0.022941



