---- Performing inference on analysis/Ns5_pa_0.01_polyDFE.txt using model B

---- Warning: mutation variability is not used when only one neutral and one selected fragment is available.
---- No mutation variability. Using Poisson likelihood.

---- Using provided initial values


-- Starting local optimization
 it       eps_an        eps_cont      theta_bar      S_d            b             p_b           S_b           r  2          r  3          r  4          r  5          r  6          r  7          r  8          r  9          r 10          r 11          r 12          r 13          r 14          r 15          r 16          r 17          r 18          r 19         ln lk             grad     status
  0      4.50e-06      9.00e-07       0.00100     -400.00000       0.40000       0.02000       4.00000       1.00000       1.00000       1.00000       1.00000       1.00000       1.00000       1.00000       1.00000       1.00000       1.00000       1.00000       1.00000       1.00000       1.00000       1.00000       1.00000       1.00000       1.00000  -252534.3886700050   1727.93974   -2
273      4.51e-06      9.00e-07       0.00953     -827.71952       0.20564       0.01019       7.99538       0.98873       1.00734       0.96937       0.97379       1.00554       0.98407       0.97599       0.98514       1.01138       0.94360       0.99600       0.97026       0.99980       0.96071       0.97428       1.00969       0.98414       0.96662  -193.3776590552      0.00667   -3
-- Local optimization: stuck in the same solution


---- Best joint likelihood found -193.37766 with gradient 0.00667
-- Model: B
--     eps_an        eps_cont      theta_bar     a        
--    4.51e-06      9.00e-07       0.00953       -1.00000  
--      S_d            b             p_b           S_b      
--   -827.71952       0.20564       0.01019       7.99538  
--     r  2          r  3          r  4          r  5          r  6          r  7          r  8          r  9          r 10          r 11          r 12          r 13          r 14          r 15          r 16          r 17          r 18          r 19     
--     0.98873       1.00734       0.96937       0.97379       1.00554       0.98407       0.97599       0.98514       1.01138       0.94360       0.99600       0.97026       0.99980       0.96071       0.97428       1.00969       0.98414       0.96662  

---- Expected P_neut(i), 0 < i < n (neutral SFS per site) 
E[P_neut(1)] = 0.009525
E[P_neut(2)] = 0.004709
E[P_neut(3)] = 0.003198
E[P_neut(4)] = 0.002308
E[P_neut(5)] = 0.001855
E[P_neut(6)] = 0.001596
E[P_neut(7)] = 0.001339
E[P_neut(8)] = 0.001162
E[P_neut(9)] = 0.001043
E[P_neut(10)] = 0.000963
E[P_neut(11)] = 0.000817
E[P_neut(12)] = 0.000791
E[P_neut(13)] = 0.000711
E[P_neut(14)] = 0.000680
E[P_neut(15)] = 0.000610
E[P_neut(16)] = 0.000580
E[P_neut(17)] = 0.000566
E[P_neut(18)] = 0.000521
E[P_neut(19)] = 0.000485

---- Expected P_sel(i), 0 < i < n (selected SFS per site) 
E[P_sel(1)] = 0.003840
E[P_sel(2)] = 0.001556
E[P_sel(3)] = 0.000965
E[P_sel(4)] = 0.000658
E[P_sel(5)] = 0.000508
E[P_sel(6)] = 0.000424
E[P_sel(7)] = 0.000348
E[P_sel(8)] = 0.000296
E[P_sel(9)] = 0.000262
E[P_sel(10)] = 0.000240
E[P_sel(11)] = 0.000202
E[P_sel(12)] = 0.000194
E[P_sel(13)] = 0.000174
E[P_sel(14)] = 0.000167
E[P_sel(15)] = 0.000151
E[P_sel(16)] = 0.000145
E[P_sel(17)] = 0.000143
E[P_sel(18)] = 0.000134
E[P_sel(19)] = 0.000128

---- Expected neutral and selected misattributed polymorphism per site
E[mis_neut] = 0.000476
E[mis_sel] = 0.000130

---- alpha_div = 0.330978
---- alpha_dfe = 0.287997



