---- Performing inference on Ns5_pa_0.01_polyDFE.txt using model B

---- Warning: mutation variability is not used when only one neutral and one selected fragment is available.
---- No mutation variability. Using Poisson likelihood.

---- Calculating initial values for neutral parameters
---- Calculating initial values for selection parameters


-- Starting local optimization
 it       eps_an        lambda        theta_bar      S_d            b             p_b           S_b           r  2          r  3          r  4          r  5          r  6          r  7          r  8          r  9          r 10          r 11          r 12          r 13          r 14          r 15          r 16          r 17          r 18          r 19          r 20         ln lk             grad     status
  0       0.10000       0.00480       0.01064   -80000.00000       0.20000       0.10000      20.00000       1.01463       1.02864       1.01345       1.01773       1.05684       1.04906       1.05214       1.06733       1.12849       1.06545       1.18656       1.18377       1.30049       1.29179       1.38626       1.65619       2.01029       1.00000       1.00000  -68345.5153562541   1132.21739   -2
383       0.00028       0.00484       0.00958    -1352.72392       0.17942       0.00088      92.78127       0.97895       0.99396       0.95519       0.95920       0.99076       0.97031       0.96355       0.97417       1.00218       0.93741       0.99259       0.97055       1.00460       0.97033       0.98993       1.03245       1.01158       0.98834       0.99855  -214.6280749640      0.01571   -3
-- Local optimization: stuck in the same solution


---- Best joint likelihood found -214.62807 with gradient 0.01571
-- Model: B
--     eps_an        eps_cont      lambda        theta_bar     a        
--     0.00028      0.00e+00       0.00484       0.00958       -1.00000  
--      S_d            b             p_b           S_b      
--  -1352.72392       0.17942       0.00088      92.78127  
--     r  2          r  3          r  4          r  5          r  6          r  7          r  8          r  9          r 10          r 11          r 12          r 13          r 14          r 15          r 16          r 17          r 18          r 19          r 20     
--     0.97895       0.99396       0.95519       0.95920       0.99076       0.97031       0.96355       0.97417       1.00218       0.93741       0.99259       0.97055       1.00460       0.97033       0.98993       1.03245       1.01158       0.98834       0.99855  

---- Expected P_neut(i), 0 < i < n (neutral SFS per site) 
E[P_neut(1)] = 0.009577
E[P_neut(2)] = 0.004688
E[P_neut(3)] = 0.003173
E[P_neut(4)] = 0.002287
E[P_neut(5)] = 0.001837
E[P_neut(6)] = 0.001582
E[P_neut(7)] = 0.001328
E[P_neut(8)] = 0.001154
E[P_neut(9)] = 0.001037
E[P_neut(10)] = 0.000960
E[P_neut(11)] = 0.000816
E[P_neut(12)] = 0.000792
E[P_neut(13)] = 0.000715
E[P_neut(14)] = 0.000688
E[P_neut(15)] = 0.000620
E[P_neut(16)] = 0.000593
E[P_neut(17)] = 0.000583
E[P_neut(18)] = 0.000540
E[P_neut(19)] = 0.000501

---- Expected P_sel(i), 0 < i < n (selected SFS per site) 
E[P_sel(1)] = 0.003823
E[P_sel(2)] = 0.001563
E[P_sel(3)] = 0.000973
E[P_sel(4)] = 0.000665
E[P_sel(5)] = 0.000514
E[P_sel(6)] = 0.000429
E[P_sel(7)] = 0.000351
E[P_sel(8)] = 0.000299
E[P_sel(9)] = 0.000264
E[P_sel(10)] = 0.000241
E[P_sel(11)] = 0.000202
E[P_sel(12)] = 0.000194
E[P_sel(13)] = 0.000173
E[P_sel(14)] = 0.000165
E[P_sel(15)] = 0.000147
E[P_sel(16)] = 0.000140
E[P_sel(17)] = 0.000137
E[P_sel(18)] = 0.000128
E[P_sel(19)] = 0.000122

---- Expected D_neut and D_sel (neutral and selected divergence per site) 
E[D_neut] = 0.005319
E[D_sel] = 0.001594

---- Expected neutral and selected misattributed polymorphism per site
E[mis_neut] = 0.000478
E[mis_sel] = 0.000122

---- alpha_div = 0.264590
---- alpha_dfe = 0.267626



