---- Performing inference on analysis/Ns5_pa_0.01_polyDFE.txt using model B

---- Warning: mutation variability is not used when only one neutral and one selected fragment is available.
---- No mutation variability. Using Poisson likelihood.

---- Using provided initial values


-- Starting local optimization
 it       eps_an        eps_cont      lambda        theta_bar      S_d            b             p_b           S_b           r  2          r  3          r  4          r  5          r  6          r  7          r  8          r  9          r 10          r 11          r 12          r 13          r 14          r 15          r 16          r 17          r 18          r 19          r 20         ln lk             grad     status
  0      4.50e-06      9.00e-07       0.00500       0.00100     -400.00000       0.40000       0.02000       4.00000       1.00000       1.00000       1.00000       1.00000       1.00000       1.00000       1.00000       1.00000       1.00000       1.00000       1.00000       1.00000       1.00000       1.00000       1.00000       1.00000       1.00000       1.00000       1.00000  -254840.7021406039   1762.89527   -2
257      4.50e-06      9.00e-07       0.00490       0.00953     -864.08561       0.20227       0.00801      11.85036       0.98790       1.00632       0.96845       0.97301       1.00497       0.98380       0.97602       0.98553       1.01217       0.94470       0.99752       0.97197       1.00168       0.96225       0.97508       1.00892       0.98057       0.95857       0.89630  -204.8556214776      0.00312   -3
-- Local optimization: stuck in the same solution


---- Best joint likelihood found -204.85562 with gradient 0.00312
-- Model: B
--     eps_an        eps_cont      lambda        theta_bar     a        
--    4.50e-06      9.00e-07       0.00490       0.00953       -1.00000  
--      S_d            b             p_b           S_b      
--   -864.08561       0.20227       0.00801      11.85036  
--     r  2          r  3          r  4          r  5          r  6          r  7          r  8          r  9          r 10          r 11          r 12          r 13          r 14          r 15          r 16          r 17          r 18          r 19          r 20     
--     0.98790       1.00632       0.96845       0.97301       1.00497       0.98380       0.97602       0.98553       1.01217       0.94470       0.99752       0.97197       1.00168       0.96225       0.97508       1.00892       0.98057       0.95857       0.89630  

---- Expected P_neut(i), 0 < i < n (neutral SFS per site) 
E[P_neut(1)] = 0.009528
E[P_neut(2)] = 0.004706
E[P_neut(3)] = 0.003196
E[P_neut(4)] = 0.002307
E[P_neut(5)] = 0.001854
E[P_neut(6)] = 0.001596
E[P_neut(7)] = 0.001339
E[P_neut(8)] = 0.001162
E[P_neut(9)] = 0.001043
E[P_neut(10)] = 0.000964
E[P_neut(11)] = 0.000818
E[P_neut(12)] = 0.000792
E[P_neut(13)] = 0.000712
E[P_neut(14)] = 0.000682
E[P_neut(15)] = 0.000611
E[P_neut(16)] = 0.000581
E[P_neut(17)] = 0.000565
E[P_neut(18)] = 0.000519
E[P_neut(19)] = 0.000481

---- Expected P_sel(i), 0 < i < n (selected SFS per site) 
E[P_sel(1)] = 0.003839
E[P_sel(2)] = 0.001557
E[P_sel(3)] = 0.000965
E[P_sel(4)] = 0.000658
E[P_sel(5)] = 0.000508
E[P_sel(6)] = 0.000424
E[P_sel(7)] = 0.000348
E[P_sel(8)] = 0.000296
E[P_sel(9)] = 0.000262
E[P_sel(10)] = 0.000239
E[P_sel(11)] = 0.000201
E[P_sel(12)] = 0.000194
E[P_sel(13)] = 0.000174
E[P_sel(14)] = 0.000167
E[P_sel(15)] = 0.000150
E[P_sel(16)] = 0.000144
E[P_sel(17)] = 0.000143
E[P_sel(18)] = 0.000135
E[P_sel(19)] = 0.000129

---- Expected D_neut and D_sel (neutral and selected divergence per site) 
E[D_neut] = 0.005330
E[D_sel] = 0.001590

---- Expected neutral and selected misattributed polymorphism per site
E[mis_neut] = 0.000427
E[mis_sel] = 0.000120

---- alpha_div = 0.317405
---- alpha_dfe = 0.316823



