---- Performing inference on analysis/Ns100_pa_0.005_polyDFE.txt using model B

---- Warning: mutation variability is not used when only one neutral and one selected fragment is available.
---- No mutation variability. Using Poisson likelihood.

---- Using provided initial values


-- Starting local optimization
 it       eps_an        eps_cont      theta_bar      S_d            b             p_b           S_b           r  2          r  3          r  4          r  5          r  6          r  7          r  8          r  9          r 10          r 11          r 12          r 13          r 14          r 15          r 16          r 17          r 18          r 19         ln lk             grad     status
  0      4.50e-06      9.00e-07       0.00100     -400.00000       0.40000       0.02000       4.00000       1.00000       1.00000       1.00000       1.00000       1.00000       1.00000       1.00000       1.00000       1.00000       1.00000       1.00000       1.00000       1.00000       1.00000       1.00000       1.00000       1.00000       1.00000  -114552.9419198916    997.35055   -2
257      4.50e-06      9.00e-07       0.00739     -669.05309       0.20896       0.02527      13.90266       0.84975       0.73597       0.65015       0.60990       0.55665       0.51416       0.47825       0.47101       0.44634       0.46847       0.43533       0.43539       0.45481       0.46390       0.48911       0.53877       0.59271       0.66608  -178.7144317804      0.00044   -3
-- Local optimization: stuck in the same solution


---- Best joint likelihood found -178.71443 with gradient 0.00044
-- Model: B
--     eps_an        eps_cont      theta_bar     a        
--    4.50e-06      9.00e-07       0.00739       -1.00000  
--      S_d            b             p_b           S_b      
--   -669.05309       0.20896       0.02527      13.90266  
--     r  2          r  3          r  4          r  5          r  6          r  7          r  8          r  9          r 10          r 11          r 12          r 13          r 14          r 15          r 16          r 17          r 18          r 19     
--     0.84975       0.73597       0.65015       0.60990       0.55665       0.51416       0.47825       0.47101       0.44634       0.46847       0.43533       0.43539       0.45481       0.46390       0.48911       0.53877       0.59271       0.66608  

---- Expected P_neut(i), 0 < i < n (neutral SFS per site) 
E[P_neut(1)] = 0.007389
E[P_neut(2)] = 0.003139
E[P_neut(3)] = 0.001813
E[P_neut(4)] = 0.001201
E[P_neut(5)] = 0.000901
E[P_neut(6)] = 0.000685
E[P_neut(7)] = 0.000543
E[P_neut(8)] = 0.000442
E[P_neut(9)] = 0.000387
E[P_neut(10)] = 0.000330
E[P_neut(11)] = 0.000315
E[P_neut(12)] = 0.000268
E[P_neut(13)] = 0.000247
E[P_neut(14)] = 0.000240
E[P_neut(15)] = 0.000229
E[P_neut(16)] = 0.000226
E[P_neut(17)] = 0.000234
E[P_neut(18)] = 0.000243
E[P_neut(19)] = 0.000259

---- Expected P_sel(i), 0 < i < n (selected SFS per site) 
E[P_sel(1)] = 0.003143
E[P_sel(2)] = 0.001104
E[P_sel(3)] = 0.000585
E[P_sel(4)] = 0.000369
E[P_sel(5)] = 0.000267
E[P_sel(6)] = 0.000199
E[P_sel(7)] = 0.000155
E[P_sel(8)] = 0.000125
E[P_sel(9)] = 0.000109
E[P_sel(10)] = 0.000093
E[P_sel(11)] = 0.000089
E[P_sel(12)] = 0.000077
E[P_sel(13)] = 0.000072
E[P_sel(14)] = 0.000072
E[P_sel(15)] = 0.000071
E[P_sel(16)] = 0.000073
E[P_sel(17)] = 0.000081
E[P_sel(18)] = 0.000091
E[P_sel(19)] = 0.000108

---- Expected neutral and selected misattributed polymorphism per site
E[mis_neut] = 0.000369
E[mis_sel] = 0.000175

---- alpha_div = 0.825596
---- alpha_dfe = 0.634024



