---- Performing inference on analysis/Ns10_pa_0.05_polyDFE.txt using model B

---- Warning: mutation variability is not used when only one neutral and one selected fragment is available.
---- No mutation variability. Using Poisson likelihood.

---- Using provided initial values


-- Starting local optimization
 it       eps_an        eps_cont      theta_bar      S_d            b             p_b           S_b           r  2          r  3          r  4          r  5          r  6          r  7          r  8          r  9          r 10          r 11          r 12          r 13          r 14          r 15          r 16          r 17          r 18          r 19         ln lk             grad     status
  0      4.50e-06      9.00e-07       0.00100     -400.00000       0.40000       0.02000       4.00000       1.00000       1.00000       1.00000       1.00000       1.00000       1.00000       1.00000       1.00000       1.00000       1.00000       1.00000       1.00000       1.00000       1.00000       1.00000       1.00000       1.00000       1.00000  -240233.8627594761   1692.60963   -2
216      4.50e-06      9.00e-07       0.00880     -878.17146       0.20844       0.08834      10.28171       0.94562       0.90318       0.84810       0.84504       0.81798       0.78677       0.75690       0.75346       0.73866       0.74393       0.72694       0.75087       0.74566       0.72450       0.72956       0.75156       0.78143       0.81408  -186.6323050905      0.00049   -3
-- Local optimization: stuck in the same solution


---- Best joint likelihood found -186.63231 with gradient 0.00049
-- Model: B
--     eps_an        eps_cont      theta_bar     a        
--    4.50e-06      9.00e-07       0.00880       -1.00000  
--      S_d            b             p_b           S_b      
--   -878.17146       0.20844       0.08834      10.28171  
--     r  2          r  3          r  4          r  5          r  6          r  7          r  8          r  9          r 10          r 11          r 12          r 13          r 14          r 15          r 16          r 17          r 18          r 19     
--     0.94562       0.90318       0.84810       0.84504       0.81798       0.78677       0.75690       0.75346       0.73866       0.74393       0.72694       0.75087       0.74566       0.72450       0.72956       0.75156       0.78143       0.81408  

---- Expected P_neut(i), 0 < i < n (neutral SFS per site) 
E[P_neut(1)] = 0.008798
E[P_neut(2)] = 0.004160
E[P_neut(3)] = 0.002649
E[P_neut(4)] = 0.001865
E[P_neut(5)] = 0.001487
E[P_neut(6)] = 0.001199
E[P_neut(7)] = 0.000989
E[P_neut(8)] = 0.000832
E[P_neut(9)] = 0.000737
E[P_neut(10)] = 0.000650
E[P_neut(11)] = 0.000595
E[P_neut(12)] = 0.000533
E[P_neut(13)] = 0.000508
E[P_neut(14)] = 0.000469
E[P_neut(15)] = 0.000425
E[P_neut(16)] = 0.000401
E[P_neut(17)] = 0.000389
E[P_neut(18)] = 0.000382
E[P_neut(19)] = 0.000377

---- Expected P_sel(i), 0 < i < n (selected SFS per site) 
E[P_sel(1)] = 0.003931
E[P_sel(2)] = 0.001601
E[P_sel(3)] = 0.000963
E[P_sel(4)] = 0.000661
E[P_sel(5)] = 0.000522
E[P_sel(6)] = 0.000421
E[P_sel(7)] = 0.000350
E[P_sel(8)] = 0.000299
E[P_sel(9)] = 0.000271
E[P_sel(10)] = 0.000247
E[P_sel(11)] = 0.000234
E[P_sel(12)] = 0.000220
E[P_sel(13)] = 0.000222
E[P_sel(14)] = 0.000218
E[P_sel(15)] = 0.000214
E[P_sel(16)] = 0.000221
E[P_sel(17)] = 0.000238
E[P_sel(18)] = 0.000263
E[P_sel(19)] = 0.000298

---- Expected neutral and selected misattributed polymorphism per site
E[mis_neut] = 0.000440
E[mis_sel] = 0.000404

---- alpha_div = 0.831607
---- alpha_dfe = 0.834748



