---- Performing inference on analysis/Ns10_pa_0.05_polyDFE.txt using model B

---- Warning: mutation variability is not used when only one neutral and one selected fragment is available.
---- No mutation variability. Using Poisson likelihood.

---- Using provided initial values


-- Starting local optimization
 it       eps_an        lambda        theta_bar      S_d            b             r  2          r  3          r  4          r  5          r  6          r  7          r  8          r  9          r 10          r 11          r 12          r 13          r 14          r 15          r 16          r 17          r 18          r 19          r 20         ln lk             grad     status
  0      4.50e-06       0.00500       0.00100     -400.00000       0.40000       1.00000       1.00000       1.00000       1.00000       1.00000       1.00000       1.00000       1.00000       1.00000       1.00000       1.00000       1.00000       1.00000       1.00000       1.00000       1.00000       1.00000       1.00000       1.00000  -326636.2356643463   2488.44558   -2
143      4.50e-06       0.00840       0.00745   -94507.22952       0.04961       0.89737       0.84347       0.78834       0.78643       0.76563       0.74267       0.72318       0.73103       0.72995       0.75227       0.75571       0.80682       0.83364       0.84955       0.90566       0.99853       1.12516       1.28856       1.13125  -5406.7397949202      0.15298   -3
-- Local optimization: stuck in the same solution


---- Best joint likelihood found -5406.73979 with gradient 0.15298
-- Model: B
--     eps_an        eps_cont      lambda        theta_bar     a        
--    4.50e-06      0.00e+00       0.00840       0.00745       -1.00000  
--      S_d            b             p_b           S_b      
-- -94507.22952       0.04961      0.00e+00      0.00e+00  
--     r  2          r  3          r  4          r  5          r  6          r  7          r  8          r  9          r 10          r 11          r 12          r 13          r 14          r 15          r 16          r 17          r 18          r 19          r 20     
--     0.89737       0.84347       0.78834       0.78643       0.76563       0.74267       0.72318       0.73103       0.72995       0.75227       0.75571       0.80682       0.83364       0.84955       0.90566       0.99853       1.12516       1.28856       1.13125  

---- Expected P_neut(i), 0 < i < n (neutral SFS per site) 
E[P_neut(1)] = 0.007453
E[P_neut(2)] = 0.003344
E[P_neut(3)] = 0.002096
E[P_neut(4)] = 0.001469
E[P_neut(5)] = 0.001172
E[P_neut(6)] = 0.000951
E[P_neut(7)] = 0.000791
E[P_neut(8)] = 0.000674
E[P_neut(9)] = 0.000605
E[P_neut(10)] = 0.000544
E[P_neut(11)] = 0.000510
E[P_neut(12)] = 0.000469
E[P_neut(13)] = 0.000463
E[P_neut(14)] = 0.000444
E[P_neut(15)] = 0.000422
E[P_neut(16)] = 0.000422
E[P_neut(17)] = 0.000438
E[P_neut(18)] = 0.000466
E[P_neut(19)] = 0.000506

---- Expected P_sel(i), 0 < i < n (selected SFS per site) 
E[P_sel(1)] = 0.004378
E[P_sel(2)] = 0.001874
E[P_sel(3)] = 0.001148
E[P_sel(4)] = 0.000793
E[P_sel(5)] = 0.000626
E[P_sel(6)] = 0.000504
E[P_sel(7)] = 0.000416
E[P_sel(8)] = 0.000352
E[P_sel(9)] = 0.000315
E[P_sel(10)] = 0.000282
E[P_sel(11)] = 0.000263
E[P_sel(12)] = 0.000241
E[P_sel(13)] = 0.000237
E[P_sel(14)] = 0.000227
E[P_sel(15)] = 0.000215
E[P_sel(16)] = 0.000214
E[P_sel(17)] = 0.000222
E[P_sel(18)] = 0.000235
E[P_sel(19)] = 0.000255

---- Expected D_neut and D_sel (neutral and selected divergence per site) 
E[D_neut] = 0.008824
E[D_sel] = 0.004431

---- Expected neutral and selected misattributed polymorphism per site
E[mis_neut] = 0.000422
E[mis_sel] = 0.000212

---- alpha_div = 0.544836
---- alpha_dfe = 0.000000



