---- Performing inference on analysis/Ns200_pa_0.0025_polyDFE.txt using model B

---- Warning: mutation variability is not used when only one neutral and one selected fragment is available.
---- No mutation variability. Using Poisson likelihood.

---- Using provided initial values


-- Starting local optimization
 it       eps_an        theta_bar      S_d            b             r  2          r  3          r  4          r  5          r  6          r  7          r  8          r  9          r 10          r 11          r 12          r 13          r 14          r 15          r 16          r 17          r 18          r 19         ln lk             grad     status
  0      4.50e-06       0.00100     -400.00000       0.40000       1.00000       1.00000       1.00000       1.00000       1.00000       1.00000       1.00000       1.00000       1.00000       1.00000       1.00000       1.00000       1.00000       1.00000       1.00000       1.00000       1.00000       1.00000  -100055.5678965795    920.53747   -2
271      4.51e-06       0.00708    -2668.65354       0.14344       0.78549       0.65783       0.55511       0.51386       0.45058       0.42365       0.37688       0.38693       0.37240       0.36206       0.35953       0.36809       0.38896       0.40348       0.44528       0.52756       0.56478       0.73047  -208.1328541810      0.00054   -3
-- Local optimization: stuck in the same solution


---- Best joint likelihood found -208.13285 with gradient 0.00054
-- Model: B
--     eps_an        eps_cont      theta_bar     a        
--    4.51e-06      0.00e+00       0.00708       -1.00000  
--      S_d            b             p_b           S_b      
--  -2668.65354       0.14344      0.00e+00      0.00e+00  
--     r  2          r  3          r  4          r  5          r  6          r  7          r  8          r  9          r 10          r 11          r 12          r 13          r 14          r 15          r 16          r 17          r 18          r 19     
--     0.78549       0.65783       0.55511       0.51386       0.45058       0.42365       0.37688       0.38693       0.37240       0.36206       0.35953       0.36809       0.38896       0.40348       0.44528       0.52756       0.56478       0.73047  

---- Expected P_neut(i), 0 < i < n (neutral SFS per site) 
E[P_neut(1)] = 0.007083
E[P_neut(2)] = 0.002782
E[P_neut(3)] = 0.001553
E[P_neut(4)] = 0.000983
E[P_neut(5)] = 0.000728
E[P_neut(6)] = 0.000532
E[P_neut(7)] = 0.000429
E[P_neut(8)] = 0.000334
E[P_neut(9)] = 0.000305
E[P_neut(10)] = 0.000264
E[P_neut(11)] = 0.000233
E[P_neut(12)] = 0.000212
E[P_neut(13)] = 0.000201
E[P_neut(14)] = 0.000197
E[P_neut(15)] = 0.000191
E[P_neut(16)] = 0.000197
E[P_neut(17)] = 0.000220
E[P_neut(18)] = 0.000222
E[P_neut(19)] = 0.000272

---- Expected P_sel(i), 0 < i < n (selected SFS per site) 
E[P_sel(1)] = 0.002978
E[P_sel(2)] = 0.001013
E[P_sel(3)] = 0.000529
E[P_sel(4)] = 0.000321
E[P_sel(5)] = 0.000230
E[P_sel(6)] = 0.000164
E[P_sel(7)] = 0.000130
E[P_sel(8)] = 0.000099
E[P_sel(9)] = 0.000089
E[P_sel(10)] = 0.000076
E[P_sel(11)] = 0.000067
E[P_sel(12)] = 0.000060
E[P_sel(13)] = 0.000056
E[P_sel(14)] = 0.000055
E[P_sel(15)] = 0.000052
E[P_sel(16)] = 0.000054
E[P_sel(17)] = 0.000060
E[P_sel(18)] = 0.000060
E[P_sel(19)] = 0.000073

---- Expected neutral and selected misattributed polymorphism per site
E[mis_neut] = 0.000354
E[mis_sel] = 0.000094

---- alpha_div = 0.765133
---- alpha_dfe = 0.000000



