---- Performing inference on analysis/Ns25_pa_0.02_polyDFE.txt using model B

---- Warning: mutation variability is not used when only one neutral and one selected fragment is available.
---- No mutation variability. Using Poisson likelihood.

---- Using provided initial values


-- Starting local optimization
 it       eps_an        eps_cont      lambda        theta_bar      S_d            b             p_b           S_b           r  2          r  3          r  4          r  5          r  6          r  7          r  8          r  9          r 10          r 11          r 12          r 13          r 14          r 15          r 16          r 17          r 18          r 19          r 20         ln lk             grad     status
  0      4.50e-06      9.00e-07       0.00500       0.00100     -400.00000       0.40000       0.02000       4.00000       1.00000       1.00000       1.00000       1.00000       1.00000       1.00000       1.00000       1.00000       1.00000       1.00000       1.00000       1.00000       1.00000       1.00000       1.00000       1.00000       1.00000       1.00000       1.00000  -227239.3352445982   1679.83965   -2
641      4.56e-06      9.00e-07       0.00520       0.00854    -1041.02145       0.19532       0.04438      19.99273       0.89821       0.82409       0.75730       0.73326       0.69980       0.64992       0.63834       0.62519       0.62644       0.63387       0.60631       0.59830       0.59838       0.63923       0.64148       0.62392       0.66773       0.74465       0.11709  -209.9183045378      0.00339   -3
-- Local optimization: stuck in the same solution


---- Best joint likelihood found -209.91830 with gradient 0.00339
-- Model: B
--     eps_an        eps_cont      lambda        theta_bar     a        
--    4.56e-06      9.00e-07       0.00520       0.00854       -1.00000  
--      S_d            b             p_b           S_b      
--  -1041.02145       0.19532       0.04438      19.99273  
--     r  2          r  3          r  4          r  5          r  6          r  7          r  8          r  9          r 10          r 11          r 12          r 13          r 14          r 15          r 16          r 17          r 18          r 19          r 20     
--     0.89821       0.82409       0.75730       0.73326       0.69980       0.64992       0.63834       0.62519       0.62644       0.63387       0.60631       0.59830       0.59838       0.63923       0.64148       0.62392       0.66773       0.74465       0.11709  

---- Expected P_neut(i), 0 < i < n (neutral SFS per site) 
E[P_neut(1)] = 0.008541
E[P_neut(2)] = 0.003836
E[P_neut(3)] = 0.002346
E[P_neut(4)] = 0.001617
E[P_neut(5)] = 0.001253
E[P_neut(6)] = 0.000996
E[P_neut(7)] = 0.000793
E[P_neut(8)] = 0.000681
E[P_neut(9)] = 0.000593
E[P_neut(10)] = 0.000535
E[P_neut(11)] = 0.000492
E[P_neut(12)] = 0.000432
E[P_neut(13)] = 0.000393
E[P_neut(14)] = 0.000365
E[P_neut(15)] = 0.000364
E[P_neut(16)] = 0.000342
E[P_neut(17)] = 0.000313
E[P_neut(18)] = 0.000317
E[P_neut(19)] = 0.000335

---- Expected P_sel(i), 0 < i < n (selected SFS per site) 
E[P_sel(1)] = 0.003609
E[P_sel(2)] = 0.001373
E[P_sel(3)] = 0.000783
E[P_sel(4)] = 0.000519
E[P_sel(5)] = 0.000393
E[P_sel(6)] = 0.000308
E[P_sel(7)] = 0.000244
E[P_sel(8)] = 0.000210
E[P_sel(9)] = 0.000184
E[P_sel(10)] = 0.000168
E[P_sel(11)] = 0.000158
E[P_sel(12)] = 0.000142
E[P_sel(13)] = 0.000134
E[P_sel(14)] = 0.000131
E[P_sel(15)] = 0.000140
E[P_sel(16)] = 0.000143
E[P_sel(17)] = 0.000147
E[P_sel(18)] = 0.000172
E[P_sel(19)] = 0.000218

---- Expected D_neut and D_sel (neutral and selected divergence per site) 
E[D_neut] = 0.005246
E[D_sel] = 0.005689

---- Expected neutral and selected misattributed polymorphism per site
E[mis_neut] = 0.000050
E[mis_sel] = 0.000041

---- alpha_div = 0.816837
---- alpha_dfe = 0.816484



