---- Performing inference on analysis/Ns50_pa_0.01_polyDFE.txt using model B

---- Warning: mutation variability is not used when only one neutral and one selected fragment is available.
---- No mutation variability. Using Poisson likelihood.

---- Using provided initial values


-- Starting local optimization
 it       eps_an        eps_cont      theta_bar      S_d            b             p_b           S_b           r  2          r  3          r  4          r  5          r  6          r  7          r  8          r  9          r 10          r 11          r 12          r 13          r 14          r 15          r 16          r 17          r 18          r 19         ln lk             grad     status
  0      4.50e-06      9.00e-07       0.00100     -400.00000       0.40000       0.02000       4.00000       1.00000       1.00000       1.00000       1.00000       1.00000       1.00000       1.00000       1.00000       1.00000       1.00000       1.00000       1.00000       1.00000       1.00000       1.00000       1.00000       1.00000       1.00000  -144708.1663207166   1179.26828   -2
 82      4.50e-06      9.00e-07       0.00793    -1182.27187       0.18011       0.02460      37.42975       0.87873       0.78118       0.70658       0.66791       0.61171       0.59296       0.58092       0.56214       0.56190       0.54879       0.53471       0.52918       0.56570       0.56806       0.54069       0.62814       0.65592       0.68354  -180.9598071695      0.10916   -3
-- Local optimization: stuck in the same solution


---- Best joint likelihood found -180.95981 with gradient 0.10916
-- Model: B
--     eps_an        eps_cont      theta_bar     a        
--    4.50e-06      9.00e-07       0.00793       -1.00000  
--      S_d            b             p_b           S_b      
--  -1182.27187       0.18011       0.02460      37.42975  
--     r  2          r  3          r  4          r  5          r  6          r  7          r  8          r  9          r 10          r 11          r 12          r 13          r 14          r 15          r 16          r 17          r 18          r 19     
--     0.87873       0.78118       0.70658       0.66791       0.61171       0.59296       0.58092       0.56214       0.56190       0.54879       0.53471       0.52918       0.56570       0.56806       0.54069       0.62814       0.65592       0.68354  

---- Expected P_neut(i), 0 < i < n (neutral SFS per site) 
E[P_neut(1)] = 0.007926
E[P_neut(2)] = 0.003482
E[P_neut(3)] = 0.002064
E[P_neut(4)] = 0.001400
E[P_neut(5)] = 0.001059
E[P_neut(6)] = 0.000808
E[P_neut(7)] = 0.000671
E[P_neut(8)] = 0.000576
E[P_neut(9)] = 0.000495
E[P_neut(10)] = 0.000445
E[P_neut(11)] = 0.000395
E[P_neut(12)] = 0.000353
E[P_neut(13)] = 0.000323
E[P_neut(14)] = 0.000320
E[P_neut(15)] = 0.000300
E[P_neut(16)] = 0.000268
E[P_neut(17)] = 0.000293
E[P_neut(18)] = 0.000289
E[P_neut(19)] = 0.000285

---- Expected P_sel(i), 0 < i < n (selected SFS per site) 
E[P_sel(1)] = 0.003352
E[P_sel(2)] = 0.001249
E[P_sel(3)] = 0.000688
E[P_sel(4)] = 0.000447
E[P_sel(5)] = 0.000328
E[P_sel(6)] = 0.000246
E[P_sel(7)] = 0.000201
E[P_sel(8)] = 0.000171
E[P_sel(9)] = 0.000147
E[P_sel(10)] = 0.000132
E[P_sel(11)] = 0.000118
E[P_sel(12)] = 0.000107
E[P_sel(13)] = 0.000099
E[P_sel(14)] = 0.000102
E[P_sel(15)] = 0.000099
E[P_sel(16)] = 0.000094
E[P_sel(17)] = 0.000113
E[P_sel(18)] = 0.000128
E[P_sel(19)] = 0.000157

---- Expected neutral and selected misattributed polymorphism per site
E[mis_neut] = 0.000396
E[mis_sel] = 0.000296

---- alpha_div = 0.801789
---- alpha_dfe = 0.806010



