---- Performing inference on analysis/Ns50_pa_0.01_polyDFE.txt using model B

---- Warning: mutation variability is not used when only one neutral and one selected fragment is available.
---- No mutation variability. Using Poisson likelihood.

---- Using provided initial values


-- Starting local optimization
 it       eps_an        lambda        theta_bar      S_d            b             r  2          r  3          r  4          r  5          r  6          r  7          r  8          r  9          r 10          r 11          r 12          r 13          r 14          r 15          r 16          r 17          r 18          r 19          r 20         ln lk             grad     status
  0      4.50e-06       0.00500       0.00100     -400.00000       0.40000       1.00000       1.00000       1.00000       1.00000       1.00000       1.00000       1.00000       1.00000       1.00000       1.00000       1.00000       1.00000       1.00000       1.00000       1.00000       1.00000       1.00000       1.00000       1.00000  -228198.3289954694   1945.65882   -2
156      4.50e-06       0.00863       0.00656   -98690.09157       0.05063       0.82878       0.72073       0.64333       0.60423       0.55053       0.53267       0.52231       0.50579       0.50733       0.49868       0.48918       0.48915       0.53116       0.54558       0.53732       0.65597       0.74186       0.87856       1.39805  -6240.2281864307      0.04294   -3
-- Local optimization: stuck in the same solution


---- Best joint likelihood found -6240.22819 with gradient 0.04294
-- Model: B
--     eps_an        eps_cont      lambda        theta_bar     a        
--    4.50e-06      0.00e+00       0.00863       0.00656       -1.00000  
--      S_d            b             p_b           S_b      
-- -98690.09157       0.05063      0.00e+00      0.00e+00  
--     r  2          r  3          r  4          r  5          r  6          r  7          r  8          r  9          r 10          r 11          r 12          r 13          r 14          r 15          r 16          r 17          r 18          r 19          r 20     
--     0.82878       0.72073       0.64333       0.60423       0.55053       0.53267       0.52231       0.50579       0.50733       0.49868       0.48918       0.48915       0.53116       0.54558       0.53732       0.65597       0.74186       0.87856       1.39805  

---- Expected P_neut(i), 0 < i < n (neutral SFS per site) 
E[P_neut(1)] = 0.006559
E[P_neut(2)] = 0.002718
E[P_neut(3)] = 0.001576
E[P_neut(4)] = 0.001055
E[P_neut(5)] = 0.000793
E[P_neut(6)] = 0.000602
E[P_neut(7)] = 0.000499
E[P_neut(8)] = 0.000428
E[P_neut(9)] = 0.000369
E[P_neut(10)] = 0.000333
E[P_neut(11)] = 0.000297
E[P_neut(12)] = 0.000267
E[P_neut(13)] = 0.000247
E[P_neut(14)] = 0.000249
E[P_neut(15)] = 0.000239
E[P_neut(16)] = 0.000220
E[P_neut(17)] = 0.000253
E[P_neut(18)] = 0.000270
E[P_neut(19)] = 0.000303

---- Expected P_sel(i), 0 < i < n (selected SFS per site) 
E[P_sel(1)] = 0.003806
E[P_sel(2)] = 0.001503
E[P_sel(3)] = 0.000852
E[P_sel(4)] = 0.000562
E[P_sel(5)] = 0.000418
E[P_sel(6)] = 0.000314
E[P_sel(7)] = 0.000259
E[P_sel(8)] = 0.000221
E[P_sel(9)] = 0.000189
E[P_sel(10)] = 0.000170
E[P_sel(11)] = 0.000151
E[P_sel(12)] = 0.000135
E[P_sel(13)] = 0.000125
E[P_sel(14)] = 0.000125
E[P_sel(15)] = 0.000120
E[P_sel(16)] = 0.000110
E[P_sel(17)] = 0.000126
E[P_sel(18)] = 0.000135
E[P_sel(19)] = 0.000151

---- Expected D_neut and D_sel (neutral and selected divergence per site) 
E[D_neut] = 0.009091
E[D_sel] = 0.004495

---- Expected neutral and selected misattributed polymorphism per site
E[mis_neut] = 0.000458
E[mis_sel] = 0.000227

---- alpha_div = 0.568770
---- alpha_dfe = 0.000000



