---- Performing inference on analysis/Ns5_pa_0.1_polyDFE.txt using model B

---- Warning: mutation variability is not used when only one neutral and one selected fragment is available.
---- No mutation variability. Using Poisson likelihood.

---- Using provided initial values


-- Starting local optimization
 it       eps_an        eps_cont      lambda        theta_bar      S_d            b             p_b           S_b           r  2          r  3          r  4          r  5          r  6          r  7          r  8          r  9          r 10          r 11          r 12          r 13          r 14          r 15          r 16          r 17          r 18          r 19          r 20         ln lk             grad     status
  0      4.50e-06      9.00e-07       0.00500       0.00100     -400.00000       0.40000       0.02000       4.00000       1.00000       1.00000       1.00000       1.00000       1.00000       1.00000       1.00000       1.00000       1.00000       1.00000       1.00000       1.00000       1.00000       1.00000       1.00000       1.00000       1.00000       1.00000       1.00000  -349280.2448716733   2299.52989   -2
266      4.50e-06      9.00e-07       0.00481       0.00924     -915.26394       0.24060       0.17545       5.13964       0.96584       0.90817       0.89687       0.85711       0.86186       0.83489       0.81466       0.79290       0.79128       0.78690       0.77601       0.77570       0.79274       0.76536       0.81194       0.80753       0.83302       0.88476       1.00314  -204.2023000109      0.01080   -3
-- Local optimization: stuck in the same solution


---- Best joint likelihood found -204.20230 with gradient 0.01080
-- Model: B
--     eps_an        eps_cont      lambda        theta_bar     a        
--    4.50e-06      9.00e-07       0.00481       0.00924       -1.00000  
--      S_d            b             p_b           S_b      
--   -915.26394       0.24060       0.17545       5.13964  
--     r  2          r  3          r  4          r  5          r  6          r  7          r  8          r  9          r 10          r 11          r 12          r 13          r 14          r 15          r 16          r 17          r 18          r 19          r 20     
--     0.96584       0.90817       0.89687       0.85711       0.86186       0.83489       0.81466       0.79290       0.79128       0.78690       0.77601       0.77570       0.79274       0.76536       0.81194       0.80753       0.83302       0.88476       1.00314  

---- Expected P_neut(i), 0 < i < n (neutral SFS per site) 
E[P_neut(1)] = 0.009235
E[P_neut(2)] = 0.004460
E[P_neut(3)] = 0.002796
E[P_neut(4)] = 0.002071
E[P_neut(5)] = 0.001583
E[P_neut(6)] = 0.001327
E[P_neut(7)] = 0.001101
E[P_neut(8)] = 0.000940
E[P_neut(9)] = 0.000814
E[P_neut(10)] = 0.000731
E[P_neut(11)] = 0.000661
E[P_neut(12)] = 0.000597
E[P_neut(13)] = 0.000551
E[P_neut(14)] = 0.000523
E[P_neut(15)] = 0.000471
E[P_neut(16)] = 0.000469
E[P_neut(17)] = 0.000439
E[P_neut(18)] = 0.000427
E[P_neut(19)] = 0.000430

---- Expected P_sel(i), 0 < i < n (selected SFS per site) 
E[P_sel(1)] = 0.004331
E[P_sel(2)] = 0.001858
E[P_sel(3)] = 0.001127
E[P_sel(4)] = 0.000830
E[P_sel(5)] = 0.000641
E[P_sel(6)] = 0.000547
E[P_sel(7)] = 0.000466
E[P_sel(8)] = 0.000410
E[P_sel(9)] = 0.000368
E[P_sel(10)] = 0.000345
E[P_sel(11)] = 0.000327
E[P_sel(12)] = 0.000311
E[P_sel(13)] = 0.000304
E[P_sel(14)] = 0.000307
E[P_sel(15)] = 0.000295
E[P_sel(16)] = 0.000316
E[P_sel(17)] = 0.000319
E[P_sel(18)] = 0.000337
E[P_sel(19)] = 0.000370

---- Expected D_neut and D_sel (neutral and selected divergence per site) 
E[D_neut] = 0.005270
E[D_sel] = 0.005419

---- Expected neutral and selected misattributed polymorphism per site
E[mis_neut] = 0.000463
E[mis_sel] = 0.000436

---- alpha_div = 0.875513
---- alpha_dfe = 0.874923



