---- Performing inference on analysis/Ns5_pa_0.1_polyDFE.txt using model B

---- Warning: mutation variability is not used when only one neutral and one selected fragment is available.
---- No mutation variability. Using Poisson likelihood.

---- Using provided initial values


-- Starting local optimization
 it       eps_an        theta_bar      S_d            b             r  2          r  3          r  4          r  5          r  6          r  7          r  8          r  9          r 10          r 11          r 12          r 13          r 14          r 15          r 16          r 17          r 18          r 19         ln lk             grad     status
  0      4.50e-06       0.00100     -400.00000       0.40000       1.00000       1.00000       1.00000       1.00000       1.00000       1.00000       1.00000       1.00000       1.00000       1.00000       1.00000       1.00000       1.00000       1.00000       1.00000       1.00000       1.00000       1.00000  -324239.5550516280   2206.82646   -2
397      6.13e-06       0.00874   -99971.19149       0.06307       0.93619       0.87927       0.87521       0.84712       0.86571       0.85482       0.85262       0.85065       0.87271       0.89495       0.91304       0.94747       1.00892       1.01895       1.13550       1.19155       1.30289       1.47393  -1094.2897006085      0.00055   -3
-- Local optimization: stuck in the same solution


---- Best joint likelihood found -1094.28970 with gradient 0.00055
-- Model: B
--     eps_an        eps_cont      theta_bar     a        
--    6.13e-06      0.00e+00       0.00874       -1.00000  
--      S_d            b             p_b           S_b      
-- -99971.19149       0.06307      0.00e+00      0.00e+00  
--     r  2          r  3          r  4          r  5          r  6          r  7          r  8          r  9          r 10          r 11          r 12          r 13          r 14          r 15          r 16          r 17          r 18          r 19     
--     0.93619       0.87927       0.87521       0.84712       0.86571       0.85482       0.85262       0.85065       0.87271       0.89495       0.91304       0.94747       1.00892       1.01895       1.13550       1.19155       1.30289       1.47393  

---- Expected P_neut(i), 0 < i < n (neutral SFS per site) 
E[P_neut(1)] = 0.008737
E[P_neut(2)] = 0.004090
E[P_neut(3)] = 0.002561
E[P_neut(4)] = 0.001912
E[P_neut(5)] = 0.001480
E[P_neut(6)] = 0.001261
E[P_neut(7)] = 0.001067
E[P_neut(8)] = 0.000931
E[P_neut(9)] = 0.000826
E[P_neut(10)] = 0.000763
E[P_neut(11)] = 0.000711
E[P_neut(12)] = 0.000665
E[P_neut(13)] = 0.000637
E[P_neut(14)] = 0.000630
E[P_neut(15)] = 0.000594
E[P_neut(16)] = 0.000620
E[P_neut(17)] = 0.000612
E[P_neut(18)] = 0.000632
E[P_neut(19)] = 0.000678

---- Expected P_sel(i), 0 < i < n (selected SFS per site) 
E[P_sel(1)] = 0.004497
E[P_sel(2)] = 0.001981
E[P_sel(3)] = 0.001205
E[P_sel(4)] = 0.000883
E[P_sel(5)] = 0.000675
E[P_sel(6)] = 0.000569
E[P_sel(7)] = 0.000477
E[P_sel(8)] = 0.000413
E[P_sel(9)] = 0.000364
E[P_sel(10)] = 0.000334
E[P_sel(11)] = 0.000310
E[P_sel(12)] = 0.000289
E[P_sel(13)] = 0.000275
E[P_sel(14)] = 0.000271
E[P_sel(15)] = 0.000255
E[P_sel(16)] = 0.000265
E[P_sel(17)] = 0.000261
E[P_sel(18)] = 0.000269
E[P_sel(19)] = 0.000287

---- Expected neutral and selected misattributed polymorphism per site
E[mis_neut] = 0.000437
E[mis_sel] = 0.000185

---- alpha_div = 0.612829
---- alpha_dfe = 0.000000



