---- Performing inference on analysis/Ns5_pa_0.1_polyDFE.txt using model B

---- Warning: mutation variability is not used when only one neutral and one selected fragment is available.
---- No mutation variability. Using Poisson likelihood.

---- Using provided initial values


-- Starting local optimization
 it       eps_an        eps_cont      theta_bar      S_d            b             p_b           S_b           r  2          r  3          r  4          r  5          r  6          r  7          r  8          r  9          r 10          r 11          r 12          r 13          r 14          r 15          r 16          r 17          r 18          r 19         ln lk             grad     status
  0      4.50e-06      9.00e-07       0.00100     -400.00000       0.40000       0.02000       4.00000       1.00000       1.00000       1.00000       1.00000       1.00000       1.00000       1.00000       1.00000       1.00000       1.00000       1.00000       1.00000       1.00000       1.00000       1.00000       1.00000       1.00000       1.00000  -306018.8199357829   2017.87870   -2
184      4.50e-06      9.00e-07       0.00923     -715.81046       0.28081       0.20027       4.28938       0.96834       0.90999       0.89756       0.85663       0.86028       0.83243       0.81155       0.78943       0.78768       0.78356       0.77338       0.77426       0.79309       0.76814       0.81830       0.81816       0.84946       0.90926  -190.9271541530      0.00114   -3
-- Local optimization: stuck in the same solution


---- Best joint likelihood found -190.92715 with gradient 0.00114
-- Model: B
--     eps_an        eps_cont      theta_bar     a        
--    4.50e-06      9.00e-07       0.00923       -1.00000  
--      S_d            b             p_b           S_b      
--   -715.81046       0.28081       0.20027       4.28938  
--     r  2          r  3          r  4          r  5          r  6          r  7          r  8          r  9          r 10          r 11          r 12          r 13          r 14          r 15          r 16          r 17          r 18          r 19     
--     0.96834       0.90999       0.89756       0.85663       0.86028       0.83243       0.81155       0.78943       0.78768       0.78356       0.77338       0.77426       0.79309       0.76814       0.81830       0.81816       0.84946       0.90926  

---- Expected P_neut(i), 0 < i < n (neutral SFS per site) 
E[P_neut(1)] = 0.009232
E[P_neut(2)] = 0.004470
E[P_neut(3)] = 0.002800
E[P_neut(4)] = 0.002072
E[P_neut(5)] = 0.001582
E[P_neut(6)] = 0.001324
E[P_neut(7)] = 0.001098
E[P_neut(8)] = 0.000937
E[P_neut(9)] = 0.000810
E[P_neut(10)] = 0.000727
E[P_neut(11)] = 0.000658
E[P_neut(12)] = 0.000595
E[P_neut(13)] = 0.000550
E[P_neut(14)] = 0.000523
E[P_neut(15)] = 0.000473
E[P_neut(16)] = 0.000472
E[P_neut(17)] = 0.000444
E[P_neut(18)] = 0.000436
E[P_neut(19)] = 0.000442

---- Expected P_sel(i), 0 < i < n (selected SFS per site) 
E[P_sel(1)] = 0.004332
E[P_sel(2)] = 0.001855
E[P_sel(3)] = 0.001126
E[P_sel(4)] = 0.000830
E[P_sel(5)] = 0.000641
E[P_sel(6)] = 0.000548
E[P_sel(7)] = 0.000467
E[P_sel(8)] = 0.000411
E[P_sel(9)] = 0.000369
E[P_sel(10)] = 0.000346
E[P_sel(11)] = 0.000328
E[P_sel(12)] = 0.000312
E[P_sel(13)] = 0.000304
E[P_sel(14)] = 0.000307
E[P_sel(15)] = 0.000295
E[P_sel(16)] = 0.000314
E[P_sel(17)] = 0.000317
E[P_sel(18)] = 0.000334
E[P_sel(19)] = 0.000366

---- Expected neutral and selected misattributed polymorphism per site
E[mis_neut] = 0.000462
E[mis_sel] = 0.000414

---- alpha_div = 0.901338
---- alpha_dfe = 0.894068



